[0.087s] Invoking command in '/home/lfvmu/kobuki/build/ament_cmake_nose': /usr/bin/cmake /home/lfvmu/kobuki/src/ament_cmake/ament_cmake_nose -DBUILD_TESTING=OFF --no-warn-unused-cli -DCMAKE_INSTALL_PREFIX=/home/lfvmu/kobuki/install
[0.124s] Not searching for unused variables given on the command line.
[0.124s] -- Found ament_cmake_core: 0.9.11 (/home/lfvmu/kobuki/install/share/ament_cmake_core/cmake)
[0.156s] -- Using PYTHON_EXECUTABLE: /usr/bin/python3
[0.626s] -- Configuring done
[0.630s] -- Generating done
[0.630s] -- Build files have been written to: /home/lfvmu/kobuki/build/ament_cmake_nose
[0.732s] Invoked command in '/home/lfvmu/kobuki/build/ament_cmake_nose' returned '0': /usr/bin/cmake /home/lfvmu/kobuki/src/ament_cmake/ament_cmake_nose -DBUILD_TESTING=OFF --no-warn-unused-cli -DCMAKE_INSTALL_PREFIX=/home/lfvmu/kobuki/install
[0.738s] Invoking command in '/home/lfvmu/kobuki/build/ament_cmake_nose': /usr/bin/cmake --build /home/lfvmu/kobuki/build/ament_cmake_nose -- -j4 -l4
[0.989s] Invoked command in '/home/lfvmu/kobuki/build/ament_cmake_nose' returned '0': /usr/bin/cmake --build /home/lfvmu/kobuki/build/ament_cmake_nose -- -j4 -l4
[1.045s] Invoking command in '/home/lfvmu/kobuki/build/ament_cmake_nose': /usr/bin/cmake --install /home/lfvmu/kobuki/build/ament_cmake_nose
[1.063s] -- Install configuration: "RelWithDebInfo"
[1.063s] -- Up-to-date: /home/lfvmu/kobuki/install/share/ament_index/resource_index/package_run_dependencies/ament_cmake_nose
[1.063s] -- Up-to-date: /home/lfvmu/kobuki/install/share/ament_index/resource_index/parent_prefix_path/ament_cmake_nose
[1.064s] -- Up-to-date: /home/lfvmu/kobuki/install/share/ament_cmake_nose/environment/ament_prefix_path.sh
[1.064s] -- Installing: /home/lfvmu/kobuki/install/share/ament_cmake_nose/environment/ament_prefix_path.dsv
[1.064s] -- Up-to-date: /home/lfvmu/kobuki/install/share/ament_cmake_nose/environment/path.sh
[1.065s] -- Installing: /home/lfvmu/kobuki/install/share/ament_cmake_nose/environment/path.dsv
[1.065s] -- Up-to-date: /home/lfvmu/kobuki/install/share/ament_cmake_nose/local_setup.bash
[1.065s] -- Up-to-date: /home/lfvmu/kobuki/install/share/ament_cmake_nose/local_setup.sh
[1.065s] -- Up-to-date: /home/lfvmu/kobuki/install/share/ament_cmake_nose/local_setup.zsh
[1.066s] -- Installing: /home/lfvmu/kobuki/install/share/ament_cmake_nose/local_setup.dsv
[1.066s] -- Installing: /home/lfvmu/kobuki/install/share/ament_cmake_nose/package.dsv
[1.066s] -- Up-to-date: /home/lfvmu/kobuki/install/share/ament_index/resource_index/packages/ament_cmake_nose
[1.067s] -- Up-to-date: /home/lfvmu/kobuki/install/share/ament_cmake_nose/cmake/ament_cmake_nose-extras.cmake
[1.067s] -- Up-to-date: /home/lfvmu/kobuki/install/share/ament_cmake_nose/cmake/ament_cmake_noseConfig.cmake
[1.067s] -- Up-to-date: /home/lfvmu/kobuki/install/share/ament_cmake_nose/cmake/ament_cmake_noseConfig-version.cmake
[1.067s] -- Up-to-date: /home/lfvmu/kobuki/install/share/ament_cmake_nose/package.xml
[1.068s] -- Up-to-date: /home/lfvmu/kobuki/install/share/ament_cmake_nose/cmake
[1.068s] -- Up-to-date: /home/lfvmu/kobuki/install/share/ament_cmake_nose/cmake/ament_add_nose_test.cmake
[1.068s] -- Up-to-date: /home/lfvmu/kobuki/install/share/ament_cmake_nose/cmake/ament_find_nosetests.cmake
[1.075s] Invoked command in '/home/lfvmu/kobuki/build/ament_cmake_nose' returned '0': /usr/bin/cmake --install /home/lfvmu/kobuki/build/ament_cmake_nose
