[1.748s] Invoking command in '/home/lfvmu/kobuki/src/ament_lint/ament_pycodestyle': PYTHONPATH=/home/lfvmu/kobuki/build/ament_pycodestyle/prefix_override:/home/lfvmu/kobuki/install/lib/python3.8/site-packages: /usr/bin/python3 setup.py egg_info --egg-base ../../../build/ament_pycodestyle build --build-base /home/lfvmu/kobuki/build/ament_pycodestyle/build install --record /home/lfvmu/kobuki/build/ament_pycodestyle/install.log --single-version-externally-managed
[2.179s] running egg_info
[2.180s] writing ../../../build/ament_pycodestyle/ament_pycodestyle.egg-info/PKG-INFO
[2.181s] writing dependency_links to ../../../build/ament_pycodestyle/ament_pycodestyle.egg-info/dependency_links.txt
[2.181s] writing entry points to ../../../build/ament_pycodestyle/ament_pycodestyle.egg-info/entry_points.txt
[2.181s] writing requirements to ../../../build/ament_pycodestyle/ament_pycodestyle.egg-info/requires.txt
[2.182s] writing top-level names to ../../../build/ament_pycodestyle/ament_pycodestyle.egg-info/top_level.txt
[2.296s] reading manifest file '../../../build/ament_pycodestyle/ament_pycodestyle.egg-info/SOURCES.txt'
[2.298s] writing manifest file '../../../build/ament_pycodestyle/ament_pycodestyle.egg-info/SOURCES.txt'
[2.298s] running build
[2.298s] running build_py
[2.299s] running install
[2.300s] running install_lib
[2.303s] running install_data
[2.304s] running install_egg_info
[2.309s] removing '/home/lfvmu/kobuki/install/lib/python3.8/site-packages/ament_pycodestyle-0.9.7-py3.8.egg-info' (and everything under it)
[2.309s] Copying ../../../build/ament_pycodestyle/ament_pycodestyle.egg-info to /home/lfvmu/kobuki/install/lib/python3.8/site-packages/ament_pycodestyle-0.9.7-py3.8.egg-info
[2.311s] running install_scripts
[2.358s] Installing ament_pycodestyle script to /home/lfvmu/kobuki/install/bin
[2.358s] writing list of installed files to '/home/lfvmu/kobuki/build/ament_pycodestyle/install.log'
[2.599s] Invoked command in '/home/lfvmu/kobuki/src/ament_lint/ament_pycodestyle' returned '0': PYTHONPATH=/home/lfvmu/kobuki/build/ament_pycodestyle/prefix_override:/home/lfvmu/kobuki/install/lib/python3.8/site-packages: /usr/bin/python3 setup.py egg_info --egg-base ../../../build/ament_pycodestyle build --build-base /home/lfvmu/kobuki/build/ament_pycodestyle/build install --record /home/lfvmu/kobuki/build/ament_pycodestyle/install.log --single-version-externally-managed
