[0.211s] Invoking command in '/home/lfvmu/kobuki/build/ecl_build': /usr/bin/cmake /home/lfvmu/kobuki/src/ecl_tools/ecl_build -DBUILD_TESTING=OFF -DCMAKE_INSTALL_PREFIX=/home/lfvmu/kobuki/install
[0.246s] Re-run cmake no build system arguments
[0.266s] -- Found ament_cmake: 0.9.11 (/home/lfvmu/kobuki/install/share/ament_cmake/cmake)
[0.326s] -- Using PYTHON_EXECUTABLE: /usr/bin/python3
[0.805s] -- Configuring done
[0.811s] -- Generating done
[0.814s] -- Build files have been written to: /home/lfvmu/kobuki/build/ecl_build
[1.084s] Invoked command in '/home/lfvmu/kobuki/build/ecl_build' returned '0': /usr/bin/cmake /home/lfvmu/kobuki/src/ecl_tools/ecl_build -DBUILD_TESTING=OFF -DCMAKE_INSTALL_PREFIX=/home/lfvmu/kobuki/install
[1.086s] Invoking command in '/home/lfvmu/kobuki/build/ecl_build': /usr/bin/cmake --build /home/lfvmu/kobuki/build/ecl_build -- -j4 -l4
[1.163s] /usr/bin/cmake -S/home/lfvmu/kobuki/src/ecl_tools/ecl_build -B/home/lfvmu/kobuki/build/ecl_build --check-build-system CMakeFiles/Makefile.cmake 0
[1.190s] /usr/bin/cmake -E cmake_progress_start /home/lfvmu/kobuki/build/ecl_build/CMakeFiles /home/lfvmu/kobuki/build/ecl_build/CMakeFiles/progress.marks
[1.214s] /usr/bin/make -f CMakeFiles/Makefile2 all
[1.215s] make[1]: Entering directory '/home/lfvmu/kobuki/build/ecl_build'
[1.215s] make[1]: Nothing to be done for 'all'.
[1.215s] make[1]: Leaving directory '/home/lfvmu/kobuki/build/ecl_build'
[1.216s] /usr/bin/cmake -E cmake_progress_start /home/lfvmu/kobuki/build/ecl_build/CMakeFiles 0
[1.573s] Invoked command in '/home/lfvmu/kobuki/build/ecl_build' returned '0': /usr/bin/cmake --build /home/lfvmu/kobuki/build/ecl_build -- -j4 -l4
[2.118s] Invoking command in '/home/lfvmu/kobuki/build/ecl_build': /usr/bin/cmake --install /home/lfvmu/kobuki/build/ecl_build
[2.144s] -- Install configuration: "RelWithDebInfo"
[2.144s] -- Up-to-date: /home/lfvmu/kobuki/install/share/ament_index/resource_index/package_run_dependencies/ecl_build
[2.144s] -- Up-to-date: /home/lfvmu/kobuki/install/share/ament_index/resource_index/parent_prefix_path/ecl_build
[2.145s] -- Up-to-date: /home/lfvmu/kobuki/install/share/ecl_build/environment/ament_prefix_path.sh
[2.145s] -- Installing: /home/lfvmu/kobuki/install/share/ecl_build/environment/ament_prefix_path.dsv
[2.145s] -- Up-to-date: /home/lfvmu/kobuki/install/share/ecl_build/environment/path.sh
[2.146s] -- Installing: /home/lfvmu/kobuki/install/share/ecl_build/environment/path.dsv
[2.146s] -- Up-to-date: /home/lfvmu/kobuki/install/share/ecl_build/local_setup.bash
[2.147s] -- Up-to-date: /home/lfvmu/kobuki/install/share/ecl_build/local_setup.sh
[2.150s] -- Up-to-date: /home/lfvmu/kobuki/install/share/ecl_build/local_setup.zsh
[2.152s] -- Installing: /home/lfvmu/kobuki/install/share/ecl_build/local_setup.dsv
[2.153s] -- Installing: /home/lfvmu/kobuki/install/share/ecl_build/package.dsv
[2.153s] -- Up-to-date: /home/lfvmu/kobuki/install/share/ament_index/resource_index/packages/ecl_build
[2.158s] -- Up-to-date: /home/lfvmu/kobuki/install/share/ecl_build/cmake/ecl_platform_detection.cmake
[2.159s] -- Up-to-date: /home/lfvmu/kobuki/install/share/ecl_build/cmake/ecl_package.cmake
[2.160s] -- Up-to-date: /home/lfvmu/kobuki/install/share/ecl_build/cmake/ecl_find_sse.cmake
[2.161s] -- Up-to-date: /home/lfvmu/kobuki/install/share/ecl_build/cmake/ecl_build_utilities.cmake
[2.172s] -- Up-to-date: /home/lfvmu/kobuki/install/share/ecl_build/cmake/ecl_cxx.cmake
[2.173s] -- Up-to-date: /home/lfvmu/kobuki/install/share/ecl_build/cmake/cotire.cmake
[2.180s] -- Up-to-date: /home/lfvmu/kobuki/install/share/ecl_build/cmake/ecl_buildConfig.cmake
[2.185s] -- Up-to-date: /home/lfvmu/kobuki/install/share/ecl_build/cmake/ecl_buildConfig-version.cmake
[2.191s] -- Up-to-date: /home/lfvmu/kobuki/install/share/ecl_build/package.xml
[2.206s] -- Up-to-date: /home/lfvmu/kobuki/install/share/cmake
[2.207s] -- Up-to-date: /home/lfvmu/kobuki/install/share/cmake/cotire.cmake
[2.207s] -- Up-to-date: /home/lfvmu/kobuki/install/share/cmake/ecl_build_utilities.cmake
[2.207s] -- Up-to-date: /home/lfvmu/kobuki/install/share/cmake/ecl_cxx.cmake
[2.208s] -- Up-to-date: /home/lfvmu/kobuki/install/share/cmake/ecl_package.cmake
[2.208s] -- Up-to-date: /home/lfvmu/kobuki/install/share/cmake/ecl_find_sse.cmake
[2.208s] -- Up-to-date: /home/lfvmu/kobuki/install/share/cmake/templates
[2.209s] -- Up-to-date: /home/lfvmu/kobuki/install/share/cmake/templates/uninstall.cmake.in
[2.209s] -- Up-to-date: /home/lfvmu/kobuki/install/share/cmake/ecl_platform_detection.cmake
[2.209s] -- Up-to-date: /home/lfvmu/kobuki/install/share/cmake/tests
[2.210s] -- Up-to-date: /home/lfvmu/kobuki/install/share/cmake/tests/is_char_signed.cpp
[2.211s] Invoked command in '/home/lfvmu/kobuki/build/ecl_build' returned '0': /usr/bin/cmake --install /home/lfvmu/kobuki/build/ecl_build
