[1.246s] Invoking command in '/home/lfvmu/kobuki/build/ecl_sigslots_lite': AMENT_PREFIX_PATH=/home/lfvmu/kobuki/install CMAKE_PREFIX_PATH=/home/lfvmu/kobuki/install LD_LIBRARY_PATH=/home/lfvmu/kobuki/install/lib PATH=/home/lfvmu/kobuki/install/bin:${PATH} PYTHONPATH=/home/lfvmu/kobuki/install/lib/python3.8/site-packages /usr/bin/cmake /home/lfvmu/kobuki/src/ecl_lite/ecl_sigslots_lite -DBUILD_TESTING=OFF -DCMAKE_BUILD_TYPE=RelWithDebInfo -DCMAKE_INSTALL_PREFIX=/home/lfvmu/kobuki/install
[1.323s] -- Found ament_cmake_ros: 0.9.2 (/home/lfvmu/kobuki/install/share/ament_cmake_ros/cmake)
[1.349s] -- Using PYTHON_EXECUTABLE: /usr/bin/python3
[1.707s] -- Found ecl_build: 1.0.3 (/home/lfvmu/kobuki/install/share/ecl_build/cmake)
[1.750s] -- Found ecl_config: 1.1.0 (/home/lfvmu/kobuki/install/share/ecl_config/cmake)
[1.759s] -- Found ecl_errors: 1.1.0 (/home/lfvmu/kobuki/install/share/ecl_errors/cmake)
[2.037s] -- Configuring done
[2.077s] -- Generating done
[2.084s] -- Build files have been written to: /home/lfvmu/kobuki/build/ecl_sigslots_lite
[2.092s] Invoked command in '/home/lfvmu/kobuki/build/ecl_sigslots_lite' returned '0': AMENT_PREFIX_PATH=/home/lfvmu/kobuki/install CMAKE_PREFIX_PATH=/home/lfvmu/kobuki/install LD_LIBRARY_PATH=/home/lfvmu/kobuki/install/lib PATH=/home/lfvmu/kobuki/install/bin:${PATH} PYTHONPATH=/home/lfvmu/kobuki/install/lib/python3.8/site-packages /usr/bin/cmake /home/lfvmu/kobuki/src/ecl_lite/ecl_sigslots_lite -DBUILD_TESTING=OFF -DCMAKE_BUILD_TYPE=RelWithDebInfo -DCMAKE_INSTALL_PREFIX=/home/lfvmu/kobuki/install
[2.100s] Invoking command in '/home/lfvmu/kobuki/build/ecl_sigslots_lite': AMENT_PREFIX_PATH=/home/lfvmu/kobuki/install CMAKE_PREFIX_PATH=/home/lfvmu/kobuki/install LD_LIBRARY_PATH=/home/lfvmu/kobuki/install/lib PATH=/home/lfvmu/kobuki/install/bin:${PATH} PYTHONPATH=/home/lfvmu/kobuki/install/lib/python3.8/site-packages /usr/bin/cmake --build /home/lfvmu/kobuki/build/ecl_sigslots_lite -- -j4 -l4
[2.271s] [ 50%] [32mBuilding CXX object src/examples/CMakeFiles/demo_sigslots_lite.dir/sigslots.cpp.o[0m
[4.073s] [100%] [32m[1mLinking CXX executable demo_sigslots_lite[0m
[4.320s] [100%] Built target demo_sigslots_lite
[4.366s] Invoked command in '/home/lfvmu/kobuki/build/ecl_sigslots_lite' returned '0': AMENT_PREFIX_PATH=/home/lfvmu/kobuki/install CMAKE_PREFIX_PATH=/home/lfvmu/kobuki/install LD_LIBRARY_PATH=/home/lfvmu/kobuki/install/lib PATH=/home/lfvmu/kobuki/install/bin:${PATH} PYTHONPATH=/home/lfvmu/kobuki/install/lib/python3.8/site-packages /usr/bin/cmake --build /home/lfvmu/kobuki/build/ecl_sigslots_lite -- -j4 -l4
[4.458s] Invoking command in '/home/lfvmu/kobuki/build/ecl_sigslots_lite': AMENT_PREFIX_PATH=/home/lfvmu/kobuki/install CMAKE_PREFIX_PATH=/home/lfvmu/kobuki/install LD_LIBRARY_PATH=/home/lfvmu/kobuki/install/lib PATH=/home/lfvmu/kobuki/install/bin:${PATH} PYTHONPATH=/home/lfvmu/kobuki/install/lib/python3.8/site-packages /usr/bin/cmake --install /home/lfvmu/kobuki/build/ecl_sigslots_lite
[4.481s] -- Install configuration: "RelWithDebInfo"
[4.482s] -- Up-to-date: /home/lfvmu/kobuki/install/share/ament_index/resource_index/package_run_dependencies/ecl_sigslots_lite
[4.482s] -- Up-to-date: /home/lfvmu/kobuki/install/share/ament_index/resource_index/parent_prefix_path/ecl_sigslots_lite
[4.482s] -- Up-to-date: /home/lfvmu/kobuki/install/share/ecl_sigslots_lite/environment/ament_prefix_path.sh
[4.483s] -- Installing: /home/lfvmu/kobuki/install/share/ecl_sigslots_lite/environment/ament_prefix_path.dsv
[4.484s] -- Up-to-date: /home/lfvmu/kobuki/install/share/ecl_sigslots_lite/environment/path.sh
[4.484s] -- Installing: /home/lfvmu/kobuki/install/share/ecl_sigslots_lite/environment/path.dsv
[4.485s] -- Up-to-date: /home/lfvmu/kobuki/install/share/ecl_sigslots_lite/local_setup.bash
[4.486s] -- Up-to-date: /home/lfvmu/kobuki/install/share/ecl_sigslots_lite/local_setup.sh
[4.486s] -- Up-to-date: /home/lfvmu/kobuki/install/share/ecl_sigslots_lite/local_setup.zsh
[4.486s] -- Installing: /home/lfvmu/kobuki/install/share/ecl_sigslots_lite/local_setup.dsv
[4.486s] -- Installing: /home/lfvmu/kobuki/install/share/ecl_sigslots_lite/package.dsv
[4.488s] -- Up-to-date: /home/lfvmu/kobuki/install/share/ament_index/resource_index/packages/ecl_sigslots_lite
[4.488s] -- Up-to-date: /home/lfvmu/kobuki/install/share/ecl_sigslots_lite/cmake/ecl_sigslots_liteExport.cmake
[4.488s] -- Up-to-date: /home/lfvmu/kobuki/install/share/ecl_sigslots_lite/cmake/ament_cmake_export_targets-extras.cmake
[4.488s] -- Up-to-date: /home/lfvmu/kobuki/install/share/ecl_sigslots_lite/cmake/ament_cmake_export_include_directories-extras.cmake
[4.490s] -- Up-to-date: /home/lfvmu/kobuki/install/share/ecl_sigslots_lite/cmake/ament_cmake_export_dependencies-extras.cmake
[4.490s] -- Up-to-date: /home/lfvmu/kobuki/install/share/ecl_sigslots_lite/cmake/ecl_sigslots_liteConfig.cmake
[4.490s] -- Up-to-date: /home/lfvmu/kobuki/install/share/ecl_sigslots_lite/cmake/ecl_sigslots_liteConfig-version.cmake
[4.491s] -- Up-to-date: /home/lfvmu/kobuki/install/share/ecl_sigslots_lite/package.xml
[4.491s] -- Up-to-date: /home/lfvmu/kobuki/install/include/ecl/sigslots_lite.hpp
[4.492s] -- Up-to-date: /home/lfvmu/kobuki/install/include/ecl/sigslots_lite/connect.hpp
[4.492s] -- Up-to-date: /home/lfvmu/kobuki/install/include/ecl/sigslots_lite/errors.hpp
[4.492s] -- Up-to-date: /home/lfvmu/kobuki/install/include/ecl/sigslots_lite/managers.hpp
[4.493s] -- Up-to-date: /home/lfvmu/kobuki/install/include/ecl/sigslots_lite/signal.hpp
[4.493s] -- Up-to-date: /home/lfvmu/kobuki/install/include/ecl/sigslots_lite/slot.hpp
[4.494s] -- Up-to-date: /home/lfvmu/kobuki/install/include/ecl/sigslots_lite/utilities.hpp
[4.495s] -- Installing: /home/lfvmu/kobuki/install/lib/ecl_sigslots_lite/demo_sigslots_lite
[4.497s] -- Set runtime path of "/home/lfvmu/kobuki/install/lib/ecl_sigslots_lite/demo_sigslots_lite" to ""
[4.515s] Invoked command in '/home/lfvmu/kobuki/build/ecl_sigslots_lite' returned '0': AMENT_PREFIX_PATH=/home/lfvmu/kobuki/install CMAKE_PREFIX_PATH=/home/lfvmu/kobuki/install LD_LIBRARY_PATH=/home/lfvmu/kobuki/install/lib PATH=/home/lfvmu/kobuki/install/bin:${PATH} PYTHONPATH=/home/lfvmu/kobuki/install/lib/python3.8/site-packages /usr/bin/cmake --install /home/lfvmu/kobuki/build/ecl_sigslots_lite
