[0.318s] Invoking command in '/home/lfvmu/kobuki/build/ecl_time': AMENT_PREFIX_PATH=/home/lfvmu/kobuki/install CMAKE_PREFIX_PATH=/home/lfvmu/kobuki/install LD_LIBRARY_PATH=/home/lfvmu/kobuki/install/lib PATH=/home/lfvmu/kobuki/install/bin:${PATH} PYTHONPATH=/home/lfvmu/kobuki/install/lib/python3.8/site-packages /usr/bin/cmake /home/lfvmu/kobuki/src/ecl_core/ecl_time -DBUILD_TESTING=OFF --no-warn-unused-cli -DCMAKE_INSTALL_PREFIX=/home/lfvmu/kobuki/install
[0.335s] Not searching for unused variables given on the command line.
[0.357s] -- Found ament_cmake_ros: 0.9.2 (/home/lfvmu/kobuki/install/share/ament_cmake_ros/cmake)
[0.409s] -- Using PYTHON_EXECUTABLE: /usr/bin/python3
[0.776s] -- Found ecl_build: 1.0.3 (/home/lfvmu/kobuki/install/share/ecl_build/cmake)
[0.789s] -- Found ecl_config: 1.1.0 (/home/lfvmu/kobuki/install/share/ecl_config/cmake)
[0.799s] -- Found ecl_errors: 1.1.0 (/home/lfvmu/kobuki/install/share/ecl_errors/cmake)
[0.802s] -- Found ecl_exceptions: 1.2.1 (/home/lfvmu/kobuki/install/share/ecl_exceptions/cmake)
[0.821s] -- Found ecl_time_lite: 1.1.0 (/home/lfvmu/kobuki/install/share/ecl_time_lite/cmake)
[1.014s] -- Configuring done
[1.056s] -- Generating done
[1.065s] -- Build files have been written to: /home/lfvmu/kobuki/build/ecl_time
[1.086s] Invoked command in '/home/lfvmu/kobuki/build/ecl_time' returned '0': AMENT_PREFIX_PATH=/home/lfvmu/kobuki/install CMAKE_PREFIX_PATH=/home/lfvmu/kobuki/install LD_LIBRARY_PATH=/home/lfvmu/kobuki/install/lib PATH=/home/lfvmu/kobuki/install/bin:${PATH} PYTHONPATH=/home/lfvmu/kobuki/install/lib/python3.8/site-packages /usr/bin/cmake /home/lfvmu/kobuki/src/ecl_core/ecl_time -DBUILD_TESTING=OFF --no-warn-unused-cli -DCMAKE_INSTALL_PREFIX=/home/lfvmu/kobuki/install
[1.096s] Invoking command in '/home/lfvmu/kobuki/build/ecl_time': AMENT_PREFIX_PATH=/home/lfvmu/kobuki/install CMAKE_PREFIX_PATH=/home/lfvmu/kobuki/install LD_LIBRARY_PATH=/home/lfvmu/kobuki/install/lib PATH=/home/lfvmu/kobuki/install/bin:${PATH} PYTHONPATH=/home/lfvmu/kobuki/install/lib/python3.8/site-packages /usr/bin/cmake --build /home/lfvmu/kobuki/build/ecl_time -- -j4 -l4
[1.272s] [ 75%] Built target ecl_time
[1.333s] [ 87%] Built target ecl_time_example_random_number_generator
[1.343s] [100%] Built target ecl_time_example_sleep
[1.385s] Invoked command in '/home/lfvmu/kobuki/build/ecl_time' returned '0': AMENT_PREFIX_PATH=/home/lfvmu/kobuki/install CMAKE_PREFIX_PATH=/home/lfvmu/kobuki/install LD_LIBRARY_PATH=/home/lfvmu/kobuki/install/lib PATH=/home/lfvmu/kobuki/install/bin:${PATH} PYTHONPATH=/home/lfvmu/kobuki/install/lib/python3.8/site-packages /usr/bin/cmake --build /home/lfvmu/kobuki/build/ecl_time -- -j4 -l4
[1.659s] Invoking command in '/home/lfvmu/kobuki/build/ecl_time': AMENT_PREFIX_PATH=/home/lfvmu/kobuki/install CMAKE_PREFIX_PATH=/home/lfvmu/kobuki/install LD_LIBRARY_PATH=/home/lfvmu/kobuki/install/lib PATH=/home/lfvmu/kobuki/install/bin:${PATH} PYTHONPATH=/home/lfvmu/kobuki/install/lib/python3.8/site-packages /usr/bin/cmake --install /home/lfvmu/kobuki/build/ecl_time
[1.677s] -- Install configuration: ""
[1.677s] -- Up-to-date: /home/lfvmu/kobuki/install/share/ecl_time/environment/library_path.sh
[1.677s] -- Installing: /home/lfvmu/kobuki/install/share/ecl_time/environment/library_path.dsv
[1.678s] -- Up-to-date: /home/lfvmu/kobuki/install/share/ament_index/resource_index/package_run_dependencies/ecl_time
[1.679s] -- Up-to-date: /home/lfvmu/kobuki/install/share/ament_index/resource_index/parent_prefix_path/ecl_time
[1.679s] -- Up-to-date: /home/lfvmu/kobuki/install/share/ecl_time/environment/ament_prefix_path.sh
[1.680s] -- Installing: /home/lfvmu/kobuki/install/share/ecl_time/environment/ament_prefix_path.dsv
[1.680s] -- Up-to-date: /home/lfvmu/kobuki/install/share/ecl_time/environment/path.sh
[1.681s] -- Installing: /home/lfvmu/kobuki/install/share/ecl_time/environment/path.dsv
[1.681s] -- Up-to-date: /home/lfvmu/kobuki/install/share/ecl_time/local_setup.bash
[1.681s] -- Up-to-date: /home/lfvmu/kobuki/install/share/ecl_time/local_setup.sh
[1.682s] -- Up-to-date: /home/lfvmu/kobuki/install/share/ecl_time/local_setup.zsh
[1.682s] -- Installing: /home/lfvmu/kobuki/install/share/ecl_time/local_setup.dsv
[1.682s] -- Installing: /home/lfvmu/kobuki/install/share/ecl_time/package.dsv
[1.682s] -- Up-to-date: /home/lfvmu/kobuki/install/share/ament_index/resource_index/packages/ecl_time
[1.683s] -- Up-to-date: /home/lfvmu/kobuki/install/share/ecl_time/cmake/ecl_timeExport.cmake
[1.683s] -- Installing: /home/lfvmu/kobuki/install/share/ecl_time/cmake/ecl_timeExport-noconfig.cmake
[1.684s] -- Up-to-date: /home/lfvmu/kobuki/install/share/ecl_time/cmake/ament_cmake_export_targets-extras.cmake
[1.684s] -- Up-to-date: /home/lfvmu/kobuki/install/share/ecl_time/cmake/ament_cmake_export_include_directories-extras.cmake
[1.684s] -- Up-to-date: /home/lfvmu/kobuki/install/share/ecl_time/cmake/ament_cmake_export_libraries-extras.cmake
[1.684s] -- Up-to-date: /home/lfvmu/kobuki/install/share/ecl_time/cmake/ament_cmake_export_dependencies-extras.cmake
[1.684s] -- Up-to-date: /home/lfvmu/kobuki/install/share/ecl_time/cmake/ecl_timeConfig.cmake
[1.685s] -- Up-to-date: /home/lfvmu/kobuki/install/share/ecl_time/cmake/ecl_timeConfig-version.cmake
[1.685s] -- Up-to-date: /home/lfvmu/kobuki/install/share/ecl_time/package.xml
[1.685s] -- Up-to-date: /home/lfvmu/kobuki/install/include/ecl/time.hpp
[1.685s] -- Up-to-date: /home/lfvmu/kobuki/install/include/ecl/time/cpuwatch.hpp
[1.686s] -- Up-to-date: /home/lfvmu/kobuki/install/include/ecl/time/cpuwatch_rt.hpp
[1.686s] -- Up-to-date: /home/lfvmu/kobuki/install/include/ecl/time/duration.hpp
[1.686s] -- Up-to-date: /home/lfvmu/kobuki/install/include/ecl/time/frequency.hpp
[1.686s] -- Up-to-date: /home/lfvmu/kobuki/install/include/ecl/time/macros.hpp
[1.687s] -- Up-to-date: /home/lfvmu/kobuki/install/include/ecl/time/random_number_generator.hpp
[1.687s] -- Up-to-date: /home/lfvmu/kobuki/install/include/ecl/time/sleep.hpp
[1.687s] -- Up-to-date: /home/lfvmu/kobuki/install/include/ecl/time/sleep_pos.hpp
[1.687s] -- Up-to-date: /home/lfvmu/kobuki/install/include/ecl/time/sleep_win.hpp
[1.688s] -- Up-to-date: /home/lfvmu/kobuki/install/include/ecl/time/snooze.hpp
[1.688s] -- Up-to-date: /home/lfvmu/kobuki/install/include/ecl/time/snooze_pos.hpp
[1.688s] -- Up-to-date: /home/lfvmu/kobuki/install/include/ecl/time/snooze_win.hpp
[1.688s] -- Up-to-date: /home/lfvmu/kobuki/install/include/ecl/time/stopwatch.hpp
[1.688s] -- Up-to-date: /home/lfvmu/kobuki/install/include/ecl/time/time_data.hpp
[1.689s] -- Up-to-date: /home/lfvmu/kobuki/install/include/ecl/time/timestamp.hpp
[1.689s] -- Up-to-date: /home/lfvmu/kobuki/install/include/ecl/time/timestamp_base.hpp
[1.689s] -- Up-to-date: /home/lfvmu/kobuki/install/include/ecl/time/timestamp_pos.hpp
[1.689s] -- Up-to-date: /home/lfvmu/kobuki/install/include/ecl/time/timestamp_win.hpp
[1.690s] -- Up-to-date: /home/lfvmu/kobuki/install/lib/libecl_time.so.1.2.1
[1.690s] -- Up-to-date: /home/lfvmu/kobuki/install/lib/libecl_time.so
[1.690s] -- Up-to-date: /home/lfvmu/kobuki/install/lib/ecl_time/demo_random_number_generator
[1.691s] -- Up-to-date: /home/lfvmu/kobuki/install/lib/ecl_time/demo_sleep
[1.701s] Invoked command in '/home/lfvmu/kobuki/build/ecl_time' returned '0': AMENT_PREFIX_PATH=/home/lfvmu/kobuki/install CMAKE_PREFIX_PATH=/home/lfvmu/kobuki/install LD_LIBRARY_PATH=/home/lfvmu/kobuki/install/lib PATH=/home/lfvmu/kobuki/install/bin:${PATH} PYTHONPATH=/home/lfvmu/kobuki/install/lib/python3.8/site-packages /usr/bin/cmake --install /home/lfvmu/kobuki/build/ecl_time
