[0.151s] Invoking command in '/home/lfvmu/kobuki/build/ecl_errors': AMENT_PREFIX_PATH=/home/lfvmu/kobuki/install CMAKE_PREFIX_PATH=/home/lfvmu/kobuki/install LD_LIBRARY_PATH=/home/lfvmu/kobuki/install/lib PATH=/home/lfvmu/kobuki/install/bin:${PATH} PYTHONPATH=/home/lfvmu/kobuki/install/lib/python3.8/site-packages /usr/bin/cmake /home/lfvmu/kobuki/src/ecl_lite/ecl_errors -DBUILD_TESTING=OFF -DCMAKE_INSTALL_PREFIX=/home/lfvmu/kobuki/install
[0.338s] -- The C compiler identification is GNU 9.4.0
[0.515s] -- The CXX compiler identification is GNU 9.4.0
[0.529s] -- Check for working C compiler: /usr/bin/cc
[0.718s] -- Check for working C compiler: /usr/bin/cc -- works
[0.720s] -- Detecting C compiler ABI info
[0.906s] -- Detecting C compiler ABI info - done
[0.960s] -- Detecting C compile features
[0.961s] -- Detecting C compile features - done
[0.969s] -- Check for working CXX compiler: /usr/bin/c++
[1.205s] -- Check for working CXX compiler: /usr/bin/c++ -- works
[1.209s] -- Detecting CXX compiler ABI info
[1.493s] -- Detecting CXX compiler ABI info - done
[1.547s] -- Detecting CXX compile features
[1.549s] -- Detecting CXX compile features - done
[1.552s] -- Found ament_cmake_ros: 0.9.2 (/home/lfvmu/kobuki/install/share/ament_cmake_ros/cmake)
[1.599s] -- Found PythonInterp: /usr/bin/python3 (found suitable version "3.8.10", minimum required is "3") 
[1.600s] -- Using PYTHON_EXECUTABLE: /usr/bin/python3
[1.979s] -- Found ecl_build: 1.0.3 (/home/lfvmu/kobuki/install/share/ecl_build/cmake)
[2.003s] -- Found ecl_config: 1.1.0 (/home/lfvmu/kobuki/install/share/ecl_config/cmake)
[2.170s] -- Configuring done
[2.198s] -- Generating done
[2.204s] -- Build files have been written to: /home/lfvmu/kobuki/build/ecl_errors
[2.219s] Invoked command in '/home/lfvmu/kobuki/build/ecl_errors' returned '0': AMENT_PREFIX_PATH=/home/lfvmu/kobuki/install CMAKE_PREFIX_PATH=/home/lfvmu/kobuki/install LD_LIBRARY_PATH=/home/lfvmu/kobuki/install/lib PATH=/home/lfvmu/kobuki/install/bin:${PATH} PYTHONPATH=/home/lfvmu/kobuki/install/lib/python3.8/site-packages /usr/bin/cmake /home/lfvmu/kobuki/src/ecl_lite/ecl_errors -DBUILD_TESTING=OFF -DCMAKE_INSTALL_PREFIX=/home/lfvmu/kobuki/install
[2.221s] Invoking command in '/home/lfvmu/kobuki/build/ecl_errors': AMENT_PREFIX_PATH=/home/lfvmu/kobuki/install CMAKE_PREFIX_PATH=/home/lfvmu/kobuki/install LD_LIBRARY_PATH=/home/lfvmu/kobuki/install/lib PATH=/home/lfvmu/kobuki/install/bin:${PATH} PYTHONPATH=/home/lfvmu/kobuki/install/lib/python3.8/site-packages /usr/bin/cmake --build /home/lfvmu/kobuki/build/ecl_errors -- -j4 -l4
[2.322s] [35m[1mScanning dependencies of target ecl_errors[0m
[2.362s] [ 25%] [32mBuilding CXX object src/lib/CMakeFiles/ecl_errors.dir/run_time_functions.cpp.o[0m
[2.557s] [ 50%] [32m[1mLinking CXX shared library libecl_errors.so[0m
[2.799s] [ 50%] Built target ecl_errors
[2.824s] [35m[1mScanning dependencies of target ecl_errors_example_errors[0m
[2.848s] [ 75%] [32mBuilding CXX object src/examples/CMakeFiles/ecl_errors_example_errors.dir/errors.cpp.o[0m
[3.636s] [100%] [32m[1mLinking CXX executable demo_errors[0m
[3.842s] [100%] Built target ecl_errors_example_errors
[3.871s] Invoked command in '/home/lfvmu/kobuki/build/ecl_errors' returned '0': AMENT_PREFIX_PATH=/home/lfvmu/kobuki/install CMAKE_PREFIX_PATH=/home/lfvmu/kobuki/install LD_LIBRARY_PATH=/home/lfvmu/kobuki/install/lib PATH=/home/lfvmu/kobuki/install/bin:${PATH} PYTHONPATH=/home/lfvmu/kobuki/install/lib/python3.8/site-packages /usr/bin/cmake --build /home/lfvmu/kobuki/build/ecl_errors -- -j4 -l4
[3.914s] Invoking command in '/home/lfvmu/kobuki/build/ecl_errors': AMENT_PREFIX_PATH=/home/lfvmu/kobuki/install CMAKE_PREFIX_PATH=/home/lfvmu/kobuki/install LD_LIBRARY_PATH=/home/lfvmu/kobuki/install/lib PATH=/home/lfvmu/kobuki/install/bin:${PATH} PYTHONPATH=/home/lfvmu/kobuki/install/lib/python3.8/site-packages /usr/bin/cmake --install /home/lfvmu/kobuki/build/ecl_errors
[3.936s] -- Install configuration: ""
[3.936s] -- Installing: /home/lfvmu/kobuki/install/share/ecl_errors/environment/library_path.sh
[3.937s] -- Installing: /home/lfvmu/kobuki/install/share/ecl_errors/environment/library_path.dsv
[3.938s] -- Installing: /home/lfvmu/kobuki/install/share/ament_index/resource_index/package_run_dependencies/ecl_errors
[3.939s] -- Installing: /home/lfvmu/kobuki/install/share/ament_index/resource_index/parent_prefix_path/ecl_errors
[3.939s] -- Installing: /home/lfvmu/kobuki/install/share/ecl_errors/environment/ament_prefix_path.sh
[3.940s] -- Installing: /home/lfvmu/kobuki/install/share/ecl_errors/environment/ament_prefix_path.dsv
[3.940s] -- Installing: /home/lfvmu/kobuki/install/share/ecl_errors/environment/path.sh
[3.941s] -- Installing: /home/lfvmu/kobuki/install/share/ecl_errors/environment/path.dsv
[3.941s] -- Installing: /home/lfvmu/kobuki/install/share/ecl_errors/local_setup.bash
[3.941s] -- Installing: /home/lfvmu/kobuki/install/share/ecl_errors/local_setup.sh
[3.942s] -- Installing: /home/lfvmu/kobuki/install/share/ecl_errors/local_setup.zsh
[3.942s] -- Installing: /home/lfvmu/kobuki/install/share/ecl_errors/local_setup.dsv
[3.942s] -- Installing: /home/lfvmu/kobuki/install/share/ecl_errors/package.dsv
[3.943s] -- Installing: /home/lfvmu/kobuki/install/share/ament_index/resource_index/packages/ecl_errors
[3.943s] -- Installing: /home/lfvmu/kobuki/install/share/ecl_errors/cmake/ecl_errorsExport.cmake
[3.944s] -- Installing: /home/lfvmu/kobuki/install/share/ecl_errors/cmake/ecl_errorsExport-noconfig.cmake
[3.944s] -- Installing: /home/lfvmu/kobuki/install/share/ecl_errors/cmake/ament_cmake_export_targets-extras.cmake
[3.945s] -- Installing: /home/lfvmu/kobuki/install/share/ecl_errors/cmake/ament_cmake_export_include_directories-extras.cmake
[3.945s] -- Installing: /home/lfvmu/kobuki/install/share/ecl_errors/cmake/ament_cmake_export_libraries-extras.cmake
[3.945s] -- Installing: /home/lfvmu/kobuki/install/share/ecl_errors/cmake/ament_cmake_export_dependencies-extras.cmake
[3.946s] -- Installing: /home/lfvmu/kobuki/install/share/ecl_errors/cmake/ecl_errorsConfig.cmake
[3.946s] -- Installing: /home/lfvmu/kobuki/install/share/ecl_errors/cmake/ecl_errorsConfig-version.cmake
[3.946s] -- Installing: /home/lfvmu/kobuki/install/share/ecl_errors/package.xml
[3.948s] -- Installing: /home/lfvmu/kobuki/install/include/ecl/errors.hpp
[3.949s] -- Installing: /home/lfvmu/kobuki/install/include/ecl/errors/compile_time_assert.hpp
[3.949s] -- Installing: /home/lfvmu/kobuki/install/include/ecl/errors/flags.hpp
[3.949s] -- Installing: /home/lfvmu/kobuki/install/include/ecl/errors/handlers.hpp
[3.949s] -- Installing: /home/lfvmu/kobuki/install/include/ecl/errors/macros.hpp
[3.950s] -- Installing: /home/lfvmu/kobuki/install/include/ecl/errors/run_time_functions.hpp
[3.951s] -- Installing: /home/lfvmu/kobuki/install/lib/libecl_errors.so.1.1.0
[3.951s] -- Installing: /home/lfvmu/kobuki/install/lib/libecl_errors.so
[3.952s] -- Installing: /home/lfvmu/kobuki/install/lib/ecl_errors/demo_errors
[3.953s] -- Set runtime path of "/home/lfvmu/kobuki/install/lib/ecl_errors/demo_errors" to ""
[3.965s] Invoked command in '/home/lfvmu/kobuki/build/ecl_errors' returned '0': AMENT_PREFIX_PATH=/home/lfvmu/kobuki/install CMAKE_PREFIX_PATH=/home/lfvmu/kobuki/install LD_LIBRARY_PATH=/home/lfvmu/kobuki/install/lib PATH=/home/lfvmu/kobuki/install/bin:${PATH} PYTHONPATH=/home/lfvmu/kobuki/install/lib/python3.8/site-packages /usr/bin/cmake --install /home/lfvmu/kobuki/build/ecl_errors
