[0.211s] Invoking command in '/home/lfvmu/kobuki/build/ament_cmake_export_include_directories': /usr/bin/cmake /home/lfvmu/kobuki/src/ament_cmake/ament_cmake_export_include_directories -DBUILD_TESTING=OFF -DCMAKE_INSTALL_PREFIX=/home/lfvmu/kobuki/install
[0.238s] Re-run cmake no build system arguments
[0.242s] -- Found ament_cmake_core: 0.9.11 (/home/lfvmu/kobuki/install/share/ament_cmake_core/cmake)
[0.292s] -- Using PYTHON_EXECUTABLE: /usr/bin/python3
[0.790s] -- Configuring done
[0.795s] -- Generating done
[0.799s] -- Build files have been written to: /home/lfvmu/kobuki/build/ament_cmake_export_include_directories
[0.805s] Invoked command in '/home/lfvmu/kobuki/build/ament_cmake_export_include_directories' returned '0': /usr/bin/cmake /home/lfvmu/kobuki/src/ament_cmake/ament_cmake_export_include_directories -DBUILD_TESTING=OFF -DCMAKE_INSTALL_PREFIX=/home/lfvmu/kobuki/install
[0.810s] Invoking command in '/home/lfvmu/kobuki/build/ament_cmake_export_include_directories': /usr/bin/cmake --build /home/lfvmu/kobuki/build/ament_cmake_export_include_directories -- -j4 -l4
[0.918s] /usr/bin/cmake -S/home/lfvmu/kobuki/src/ament_cmake/ament_cmake_export_include_directories -B/home/lfvmu/kobuki/build/ament_cmake_export_include_directories --check-build-system CMakeFiles/Makefile.cmake 0
[1.213s] /usr/bin/cmake -E cmake_progress_start /home/lfvmu/kobuki/build/ament_cmake_export_include_directories/CMakeFiles /home/lfvmu/kobuki/build/ament_cmake_export_include_directories/CMakeFiles/progress.marks
[1.215s] /usr/bin/make -f CMakeFiles/Makefile2 all
[1.221s] make[1]: Entering directory '/home/lfvmu/kobuki/build/ament_cmake_export_include_directories'
[1.222s] make[1]: Nothing to be done for 'all'.
[1.228s] make[1]: Leaving directory '/home/lfvmu/kobuki/build/ament_cmake_export_include_directories'
[1.228s] /usr/bin/cmake -E cmake_progress_start /home/lfvmu/kobuki/build/ament_cmake_export_include_directories/CMakeFiles 0
[1.402s] Invoked command in '/home/lfvmu/kobuki/build/ament_cmake_export_include_directories' returned '0': /usr/bin/cmake --build /home/lfvmu/kobuki/build/ament_cmake_export_include_directories -- -j4 -l4
[1.495s] Invoking command in '/home/lfvmu/kobuki/build/ament_cmake_export_include_directories': /usr/bin/cmake --install /home/lfvmu/kobuki/build/ament_cmake_export_include_directories
[1.524s] -- Install configuration: "RelWithDebInfo"
[1.524s] -- Up-to-date: /home/lfvmu/kobuki/install/share/ament_index/resource_index/package_run_dependencies/ament_cmake_export_include_directories
[1.525s] -- Up-to-date: /home/lfvmu/kobuki/install/share/ament_index/resource_index/parent_prefix_path/ament_cmake_export_include_directories
[1.525s] -- Up-to-date: /home/lfvmu/kobuki/install/share/ament_cmake_export_include_directories/environment/ament_prefix_path.sh
[1.526s] -- Installing: /home/lfvmu/kobuki/install/share/ament_cmake_export_include_directories/environment/ament_prefix_path.dsv
[1.527s] -- Up-to-date: /home/lfvmu/kobuki/install/share/ament_cmake_export_include_directories/environment/path.sh
[1.528s] -- Installing: /home/lfvmu/kobuki/install/share/ament_cmake_export_include_directories/environment/path.dsv
[1.528s] -- Up-to-date: /home/lfvmu/kobuki/install/share/ament_cmake_export_include_directories/local_setup.bash
[1.528s] -- Up-to-date: /home/lfvmu/kobuki/install/share/ament_cmake_export_include_directories/local_setup.sh
[1.529s] -- Up-to-date: /home/lfvmu/kobuki/install/share/ament_cmake_export_include_directories/local_setup.zsh
[1.529s] -- Installing: /home/lfvmu/kobuki/install/share/ament_cmake_export_include_directories/local_setup.dsv
[1.529s] -- Installing: /home/lfvmu/kobuki/install/share/ament_cmake_export_include_directories/package.dsv
[1.529s] -- Up-to-date: /home/lfvmu/kobuki/install/share/ament_index/resource_index/packages/ament_cmake_export_include_directories
[1.530s] -- Up-to-date: /home/lfvmu/kobuki/install/share/ament_cmake_export_include_directories/cmake/ament_cmake_export_include_directories-extras.cmake
[1.530s] -- Up-to-date: /home/lfvmu/kobuki/install/share/ament_cmake_export_include_directories/cmake/ament_cmake_export_include_directoriesConfig.cmake
[1.530s] -- Up-to-date: /home/lfvmu/kobuki/install/share/ament_cmake_export_include_directories/cmake/ament_cmake_export_include_directoriesConfig-version.cmake
[1.531s] -- Up-to-date: /home/lfvmu/kobuki/install/share/ament_cmake_export_include_directories/package.xml
[1.531s] -- Up-to-date: /home/lfvmu/kobuki/install/share/ament_cmake_export_include_directories/cmake
[1.531s] -- Up-to-date: /home/lfvmu/kobuki/install/share/ament_cmake_export_include_directories/cmake/ament_cmake_export_include_directories-extras.cmake.in
[1.532s] -- Up-to-date: /home/lfvmu/kobuki/install/share/ament_cmake_export_include_directories/cmake/ament_cmake_export_include_directories_package_hook.cmake
[1.532s] -- Up-to-date: /home/lfvmu/kobuki/install/share/ament_cmake_export_include_directories/cmake/ament_export_include_directories.cmake
[1.541s] Invoked command in '/home/lfvmu/kobuki/build/ament_cmake_export_include_directories' returned '0': /usr/bin/cmake --install /home/lfvmu/kobuki/build/ament_cmake_export_include_directories
