[0.286s] Invoking command in '/home/lfvmu/kobuki/build/ecl_config': AMENT_PREFIX_PATH=/home/lfvmu/kobuki/install CMAKE_PREFIX_PATH=/home/lfvmu/kobuki/install LD_LIBRARY_PATH=/home/lfvmu/kobuki/install/lib PATH=/home/lfvmu/kobuki/install/bin:${PATH} PYTHONPATH=/home/lfvmu/kobuki/install/lib/python3.8/site-packages /usr/bin/cmake /home/lfvmu/kobuki/src/ecl_lite/ecl_config -DBUILD_TESTING=OFF -DCMAKE_BUILD_TYPE=RelWithDebInfo -DCMAKE_INSTALL_PREFIX=/home/lfvmu/kobuki/install
[0.336s] -- Found ament_cmake_ros: 0.9.2 (/home/lfvmu/kobuki/install/share/ament_cmake_ros/cmake)
[0.377s] -- Using PYTHON_EXECUTABLE: /usr/bin/python3
[0.727s] -- Found ecl_build: 1.0.3 (/home/lfvmu/kobuki/install/share/ecl_build/cmake)
[0.901s] -- Configuring done
[0.928s] -- Generating done
[0.935s] -- Build files have been written to: /home/lfvmu/kobuki/build/ecl_config
[1.171s] Invoked command in '/home/lfvmu/kobuki/build/ecl_config' returned '0': AMENT_PREFIX_PATH=/home/lfvmu/kobuki/install CMAKE_PREFIX_PATH=/home/lfvmu/kobuki/install LD_LIBRARY_PATH=/home/lfvmu/kobuki/install/lib PATH=/home/lfvmu/kobuki/install/bin:${PATH} PYTHONPATH=/home/lfvmu/kobuki/install/lib/python3.8/site-packages /usr/bin/cmake /home/lfvmu/kobuki/src/ecl_lite/ecl_config -DBUILD_TESTING=OFF -DCMAKE_BUILD_TYPE=RelWithDebInfo -DCMAKE_INSTALL_PREFIX=/home/lfvmu/kobuki/install
[1.174s] Invoking command in '/home/lfvmu/kobuki/build/ecl_config': AMENT_PREFIX_PATH=/home/lfvmu/kobuki/install CMAKE_PREFIX_PATH=/home/lfvmu/kobuki/install LD_LIBRARY_PATH=/home/lfvmu/kobuki/install/lib PATH=/home/lfvmu/kobuki/install/bin:${PATH} PYTHONPATH=/home/lfvmu/kobuki/install/lib/python3.8/site-packages /usr/bin/cmake --build /home/lfvmu/kobuki/build/ecl_config -- -j4 -l4
[1.343s] [ 25%] [32mBuilding CXX object src/utilities/CMakeFiles/ecl_detect_posix.dir/detect_posix.cpp.o[0m
[1.355s] [ 50%] [32mBuilding CXX object src/utilities/CMakeFiles/ecl_detect_endian.dir/detect_endian.cpp.o[0m
[2.319s] [ 75%] [32m[1mLinking CXX executable bin/ecl_detect_endian[0m
[2.574s] [100%] [32m[1mLinking CXX executable bin/ecl_detect_posix[0m
[2.575s] [100%] Built target ecl_detect_endian
[2.821s] [100%] Built target ecl_detect_posix
[3.039s] Invoked command in '/home/lfvmu/kobuki/build/ecl_config' returned '0': AMENT_PREFIX_PATH=/home/lfvmu/kobuki/install CMAKE_PREFIX_PATH=/home/lfvmu/kobuki/install LD_LIBRARY_PATH=/home/lfvmu/kobuki/install/lib PATH=/home/lfvmu/kobuki/install/bin:${PATH} PYTHONPATH=/home/lfvmu/kobuki/install/lib/python3.8/site-packages /usr/bin/cmake --build /home/lfvmu/kobuki/build/ecl_config -- -j4 -l4
[3.093s] Invoking command in '/home/lfvmu/kobuki/build/ecl_config': AMENT_PREFIX_PATH=/home/lfvmu/kobuki/install CMAKE_PREFIX_PATH=/home/lfvmu/kobuki/install LD_LIBRARY_PATH=/home/lfvmu/kobuki/install/lib PATH=/home/lfvmu/kobuki/install/bin:${PATH} PYTHONPATH=/home/lfvmu/kobuki/install/lib/python3.8/site-packages /usr/bin/cmake --install /home/lfvmu/kobuki/build/ecl_config
[3.116s] -- Install configuration: "RelWithDebInfo"
[3.116s] -- Up-to-date: /home/lfvmu/kobuki/install/share/ament_index/resource_index/package_run_dependencies/ecl_config
[3.116s] -- Up-to-date: /home/lfvmu/kobuki/install/share/ament_index/resource_index/parent_prefix_path/ecl_config
[3.116s] -- Up-to-date: /home/lfvmu/kobuki/install/share/ecl_config/environment/ament_prefix_path.sh
[3.117s] -- Installing: /home/lfvmu/kobuki/install/share/ecl_config/environment/ament_prefix_path.dsv
[3.120s] -- Up-to-date: /home/lfvmu/kobuki/install/share/ecl_config/environment/path.sh
[3.121s] -- Installing: /home/lfvmu/kobuki/install/share/ecl_config/environment/path.dsv
[3.122s] -- Up-to-date: /home/lfvmu/kobuki/install/share/ecl_config/local_setup.bash
[3.122s] -- Up-to-date: /home/lfvmu/kobuki/install/share/ecl_config/local_setup.sh
[3.123s] -- Up-to-date: /home/lfvmu/kobuki/install/share/ecl_config/local_setup.zsh
[3.123s] -- Installing: /home/lfvmu/kobuki/install/share/ecl_config/local_setup.dsv
[3.123s] -- Installing: /home/lfvmu/kobuki/install/share/ecl_config/package.dsv
[3.124s] -- Up-to-date: /home/lfvmu/kobuki/install/share/ament_index/resource_index/packages/ecl_config
[3.124s] -- Up-to-date: /home/lfvmu/kobuki/install/share/ecl_config/cmake/ecl_configExport.cmake
[3.124s] -- Up-to-date: /home/lfvmu/kobuki/install/share/ecl_config/cmake/ament_cmake_export_targets-extras.cmake
[3.124s] -- Up-to-date: /home/lfvmu/kobuki/install/share/ecl_config/cmake/ament_cmake_export_include_directories-extras.cmake
[3.124s] -- Up-to-date: /home/lfvmu/kobuki/install/share/ecl_config/cmake/ecl_configConfig.cmake
[3.125s] -- Up-to-date: /home/lfvmu/kobuki/install/share/ecl_config/cmake/ecl_configConfig-version.cmake
[3.125s] -- Up-to-date: /home/lfvmu/kobuki/install/share/ecl_config/package.xml
[3.126s] -- Up-to-date: /home/lfvmu/kobuki/install/include/ecl/config.hpp
[3.135s] -- Up-to-date: /home/lfvmu/kobuki/install/include/ecl/config/ecl.hpp
[3.135s] -- Up-to-date: /home/lfvmu/kobuki/install/include/ecl/config/char_sign.hpp
[3.136s] -- Up-to-date: /home/lfvmu/kobuki/install/include/ecl/config/ecl_unknown.hpp
[3.136s] -- Up-to-date: /home/lfvmu/kobuki/install/include/ecl/config/endianness.hpp
[3.137s] -- Up-to-date: /home/lfvmu/kobuki/install/include/ecl/config/macros.hpp
[3.138s] -- Up-to-date: /home/lfvmu/kobuki/install/include/ecl/config/portable_types.hpp
[3.138s] -- Up-to-date: /home/lfvmu/kobuki/install/include/ecl/config/windows.hpp
[3.138s] -- Installing: /home/lfvmu/kobuki/install/bin/ecl_detect_endian
[3.139s] -- Installing: /home/lfvmu/kobuki/install/bin/ecl_detect_posix
[3.142s] Invoked command in '/home/lfvmu/kobuki/build/ecl_config' returned '0': AMENT_PREFIX_PATH=/home/lfvmu/kobuki/install CMAKE_PREFIX_PATH=/home/lfvmu/kobuki/install LD_LIBRARY_PATH=/home/lfvmu/kobuki/install/lib PATH=/home/lfvmu/kobuki/install/bin:${PATH} PYTHONPATH=/home/lfvmu/kobuki/install/lib/python3.8/site-packages /usr/bin/cmake --install /home/lfvmu/kobuki/build/ecl_config
