[0.312s] Invoking command in '/home/lfvmu/kobuki/build/ament_cmake_xmllint': /usr/bin/cmake /home/lfvmu/kobuki/src/ament_lint/ament_cmake_xmllint -DBUILD_TESTING=OFF --no-warn-unused-cli -DCMAKE_INSTALL_PREFIX=/home/lfvmu/kobuki/install
[0.359s] Not searching for unused variables given on the command line.
[0.359s] -- Found ament_cmake_core: 0.9.11 (/home/lfvmu/kobuki/install/share/ament_cmake_core/cmake)
[0.394s] -- Using PYTHON_EXECUTABLE: /usr/bin/python3
[0.710s] -- Found ament_cmake_test: 0.9.11 (/home/lfvmu/kobuki/install/share/ament_cmake_test/cmake)
[0.851s] -- Configuring done
[0.866s] -- Generating done
[0.885s] -- Build files have been written to: /home/lfvmu/kobuki/build/ament_cmake_xmllint
[0.980s] Invoked command in '/home/lfvmu/kobuki/build/ament_cmake_xmllint' returned '0': /usr/bin/cmake /home/lfvmu/kobuki/src/ament_lint/ament_cmake_xmllint -DBUILD_TESTING=OFF --no-warn-unused-cli -DCMAKE_INSTALL_PREFIX=/home/lfvmu/kobuki/install
[0.987s] Invoking command in '/home/lfvmu/kobuki/build/ament_cmake_xmllint': /usr/bin/cmake --build /home/lfvmu/kobuki/build/ament_cmake_xmllint -- -j4 -l4
[1.235s] Invoked command in '/home/lfvmu/kobuki/build/ament_cmake_xmllint' returned '0': /usr/bin/cmake --build /home/lfvmu/kobuki/build/ament_cmake_xmllint -- -j4 -l4
[1.490s] Invoking command in '/home/lfvmu/kobuki/build/ament_cmake_xmllint': /usr/bin/cmake --install /home/lfvmu/kobuki/build/ament_cmake_xmllint
[1.509s] -- Install configuration: "RelWithDebInfo"
[1.510s] -- Up-to-date: /home/lfvmu/kobuki/install/share/ament_index/resource_index/package_run_dependencies/ament_cmake_xmllint
[1.510s] -- Up-to-date: /home/lfvmu/kobuki/install/share/ament_index/resource_index/parent_prefix_path/ament_cmake_xmllint
[1.510s] -- Up-to-date: /home/lfvmu/kobuki/install/share/ament_cmake_xmllint/environment/ament_prefix_path.sh
[1.511s] -- Installing: /home/lfvmu/kobuki/install/share/ament_cmake_xmllint/environment/ament_prefix_path.dsv
[1.511s] -- Up-to-date: /home/lfvmu/kobuki/install/share/ament_cmake_xmllint/environment/path.sh
[1.512s] -- Installing: /home/lfvmu/kobuki/install/share/ament_cmake_xmllint/environment/path.dsv
[1.512s] -- Up-to-date: /home/lfvmu/kobuki/install/share/ament_cmake_xmllint/local_setup.bash
[1.513s] -- Up-to-date: /home/lfvmu/kobuki/install/share/ament_cmake_xmllint/local_setup.sh
[1.513s] -- Up-to-date: /home/lfvmu/kobuki/install/share/ament_cmake_xmllint/local_setup.zsh
[1.513s] -- Installing: /home/lfvmu/kobuki/install/share/ament_cmake_xmllint/local_setup.dsv
[1.520s] -- Installing: /home/lfvmu/kobuki/install/share/ament_cmake_xmllint/package.dsv
[1.532s] -- Up-to-date: /home/lfvmu/kobuki/install/share/ament_index/resource_index/packages/ament_cmake_xmllint
[1.543s] -- Up-to-date: /home/lfvmu/kobuki/install/share/ament_cmake_xmllint/cmake/ament_cmake_xmllint-extras.cmake
[1.552s] -- Up-to-date: /home/lfvmu/kobuki/install/share/ament_cmake_xmllint/cmake/ament_cmake_xmllintConfig.cmake
[1.552s] -- Up-to-date: /home/lfvmu/kobuki/install/share/ament_cmake_xmllint/cmake/ament_cmake_xmllintConfig-version.cmake
[1.552s] -- Up-to-date: /home/lfvmu/kobuki/install/share/ament_cmake_xmllint/package.xml
[1.552s] -- Up-to-date: /home/lfvmu/kobuki/install/share/ament_cmake_xmllint/cmake
[1.553s] -- Up-to-date: /home/lfvmu/kobuki/install/share/ament_cmake_xmllint/cmake/ament_xmllint.cmake
[1.553s] -- Up-to-date: /home/lfvmu/kobuki/install/share/ament_cmake_xmllint/cmake/ament_cmake_xmllint_lint_hook.cmake
[1.775s] Invoked command in '/home/lfvmu/kobuki/build/ament_cmake_xmllint' returned '0': /usr/bin/cmake --install /home/lfvmu/kobuki/build/ament_cmake_xmllint
