[0.277s] Invoking command in '/home/lfvmu/kobuki/build/ecl_converters_lite': AMENT_PREFIX_PATH=/home/lfvmu/kobuki/install CMAKE_PREFIX_PATH=/home/lfvmu/kobuki/install LD_LIBRARY_PATH=/home/lfvmu/kobuki/install/lib PATH=/home/lfvmu/kobuki/install/bin:${PATH} PYTHONPATH=/home/lfvmu/kobuki/install/lib/python3.8/site-packages /usr/bin/cmake /home/lfvmu/kobuki/src/ecl_lite/ecl_converters_lite -DBUILD_TESTING=OFF --no-warn-unused-cli -DCMAKE_INSTALL_PREFIX=/home/lfvmu/kobuki/install
[0.292s] Not searching for unused variables given on the command line.
[0.316s] -- Found ament_cmake_ros: 0.9.2 (/home/lfvmu/kobuki/install/share/ament_cmake_ros/cmake)
[0.362s] -- Using PYTHON_EXECUTABLE: /usr/bin/python3
[0.729s] -- Found ecl_build: 1.0.3 (/home/lfvmu/kobuki/install/share/ecl_build/cmake)
[0.747s] -- Found ecl_config: 1.1.0 (/home/lfvmu/kobuki/install/share/ecl_config/cmake)
[0.907s] -- Configuring done
[0.945s] -- Generating done
[0.945s] -- Build files have been written to: /home/lfvmu/kobuki/build/ecl_converters_lite
[1.231s] Invoked command in '/home/lfvmu/kobuki/build/ecl_converters_lite' returned '0': AMENT_PREFIX_PATH=/home/lfvmu/kobuki/install CMAKE_PREFIX_PATH=/home/lfvmu/kobuki/install LD_LIBRARY_PATH=/home/lfvmu/kobuki/install/lib PATH=/home/lfvmu/kobuki/install/bin:${PATH} PYTHONPATH=/home/lfvmu/kobuki/install/lib/python3.8/site-packages /usr/bin/cmake /home/lfvmu/kobuki/src/ecl_lite/ecl_converters_lite -DBUILD_TESTING=OFF --no-warn-unused-cli -DCMAKE_INSTALL_PREFIX=/home/lfvmu/kobuki/install
[1.238s] Invoking command in '/home/lfvmu/kobuki/build/ecl_converters_lite': AMENT_PREFIX_PATH=/home/lfvmu/kobuki/install CMAKE_PREFIX_PATH=/home/lfvmu/kobuki/install LD_LIBRARY_PATH=/home/lfvmu/kobuki/install/lib PATH=/home/lfvmu/kobuki/install/bin:${PATH} PYTHONPATH=/home/lfvmu/kobuki/install/lib/python3.8/site-packages /usr/bin/cmake --build /home/lfvmu/kobuki/build/ecl_converters_lite -- -j4 -l4
[1.507s] Invoked command in '/home/lfvmu/kobuki/build/ecl_converters_lite' returned '0': AMENT_PREFIX_PATH=/home/lfvmu/kobuki/install CMAKE_PREFIX_PATH=/home/lfvmu/kobuki/install LD_LIBRARY_PATH=/home/lfvmu/kobuki/install/lib PATH=/home/lfvmu/kobuki/install/bin:${PATH} PYTHONPATH=/home/lfvmu/kobuki/install/lib/python3.8/site-packages /usr/bin/cmake --build /home/lfvmu/kobuki/build/ecl_converters_lite -- -j4 -l4
[1.590s] Invoking command in '/home/lfvmu/kobuki/build/ecl_converters_lite': AMENT_PREFIX_PATH=/home/lfvmu/kobuki/install CMAKE_PREFIX_PATH=/home/lfvmu/kobuki/install LD_LIBRARY_PATH=/home/lfvmu/kobuki/install/lib PATH=/home/lfvmu/kobuki/install/bin:${PATH} PYTHONPATH=/home/lfvmu/kobuki/install/lib/python3.8/site-packages /usr/bin/cmake --install /home/lfvmu/kobuki/build/ecl_converters_lite
[1.621s] -- Install configuration: ""
[1.623s] -- Up-to-date: /home/lfvmu/kobuki/install/share/ament_index/resource_index/package_run_dependencies/ecl_converters_lite
[1.623s] -- Up-to-date: /home/lfvmu/kobuki/install/share/ament_index/resource_index/parent_prefix_path/ecl_converters_lite
[1.625s] -- Up-to-date: /home/lfvmu/kobuki/install/share/ecl_converters_lite/environment/ament_prefix_path.sh
[1.625s] -- Installing: /home/lfvmu/kobuki/install/share/ecl_converters_lite/environment/ament_prefix_path.dsv
[1.626s] -- Up-to-date: /home/lfvmu/kobuki/install/share/ecl_converters_lite/environment/path.sh
[1.626s] -- Installing: /home/lfvmu/kobuki/install/share/ecl_converters_lite/environment/path.dsv
[1.627s] -- Up-to-date: /home/lfvmu/kobuki/install/share/ecl_converters_lite/local_setup.bash
[1.628s] -- Up-to-date: /home/lfvmu/kobuki/install/share/ecl_converters_lite/local_setup.sh
[1.628s] -- Up-to-date: /home/lfvmu/kobuki/install/share/ecl_converters_lite/local_setup.zsh
[1.628s] -- Installing: /home/lfvmu/kobuki/install/share/ecl_converters_lite/local_setup.dsv
[1.630s] -- Installing: /home/lfvmu/kobuki/install/share/ecl_converters_lite/package.dsv
[1.632s] -- Up-to-date: /home/lfvmu/kobuki/install/share/ament_index/resource_index/packages/ecl_converters_lite
[1.634s] -- Up-to-date: /home/lfvmu/kobuki/install/share/ecl_converters_lite/cmake/ecl_converters_liteExport.cmake
[1.634s] -- Up-to-date: /home/lfvmu/kobuki/install/share/ecl_converters_lite/cmake/ament_cmake_export_targets-extras.cmake
[1.635s] -- Up-to-date: /home/lfvmu/kobuki/install/share/ecl_converters_lite/cmake/ament_cmake_export_include_directories-extras.cmake
[1.635s] -- Up-to-date: /home/lfvmu/kobuki/install/share/ecl_converters_lite/cmake/ament_cmake_export_dependencies-extras.cmake
[1.635s] -- Up-to-date: /home/lfvmu/kobuki/install/share/ecl_converters_lite/cmake/ecl_converters_liteConfig.cmake
[1.635s] -- Up-to-date: /home/lfvmu/kobuki/install/share/ecl_converters_lite/cmake/ecl_converters_liteConfig-version.cmake
[1.635s] -- Up-to-date: /home/lfvmu/kobuki/install/share/ecl_converters_lite/package.xml
[1.636s] -- Up-to-date: /home/lfvmu/kobuki/install/include/ecl/converters_lite.hpp
[1.636s] -- Up-to-date: /home/lfvmu/kobuki/install/include/ecl/converters_lite/byte_array.hpp
[1.649s] Invoked command in '/home/lfvmu/kobuki/build/ecl_converters_lite' returned '0': AMENT_PREFIX_PATH=/home/lfvmu/kobuki/install CMAKE_PREFIX_PATH=/home/lfvmu/kobuki/install LD_LIBRARY_PATH=/home/lfvmu/kobuki/install/lib PATH=/home/lfvmu/kobuki/install/bin:${PATH} PYTHONPATH=/home/lfvmu/kobuki/install/lib/python3.8/site-packages /usr/bin/cmake --install /home/lfvmu/kobuki/build/ecl_converters_lite
