[0.672s] Invoking command in '/home/lfvmu/kobuki/build/ecl_manipulators': AMENT_PREFIX_PATH=/home/lfvmu/kobuki/install CMAKE_PREFIX_PATH=/home/lfvmu/kobuki/install LD_LIBRARY_PATH=/home/lfvmu/kobuki/install/lib PATH=/home/lfvmu/kobuki/install/bin:${PATH} PKG_CONFIG_PATH=/home/lfvmu/kobuki/install/lib/x86_64-linux-gnu/pkgconfig:/home/lfvmu/kobuki/install/lib/pkgconfig PYTHONPATH=/home/lfvmu/kobuki/install/lib/python3.8/site-packages /usr/bin/cmake /home/lfvmu/kobuki/src/ecl_core/ecl_manipulators -DBUILD_TESTING=OFF --no-warn-unused-cli -DCMAKE_INSTALL_PREFIX=/home/lfvmu/kobuki/install
[0.697s] Not searching for unused variables given on the command line.
[0.711s] -- Found ament_cmake_ros: 0.9.2 (/home/lfvmu/kobuki/install/share/ament_cmake_ros/cmake)
[0.768s] -- Using PYTHON_EXECUTABLE: /usr/bin/python3
[1.103s] -- Found ecl_build: 1.0.3 (/home/lfvmu/kobuki/install/share/ecl_build/cmake)
[1.126s] -- Found ecl_exceptions: 1.2.1 (/home/lfvmu/kobuki/install/share/ecl_exceptions/cmake)
[1.153s] -- Found ecl_formatters: 1.2.1 (/home/lfvmu/kobuki/install/share/ecl_formatters/cmake)
[1.212s] -- Found ecl_geometry: 1.2.1 (/home/lfvmu/kobuki/install/share/ecl_geometry/cmake)
[1.486s] -- Configuring done
[1.512s] -- Generating done
[1.523s] -- Build files have been written to: /home/lfvmu/kobuki/build/ecl_manipulators
[1.571s] Invoked command in '/home/lfvmu/kobuki/build/ecl_manipulators' returned '0': AMENT_PREFIX_PATH=/home/lfvmu/kobuki/install CMAKE_PREFIX_PATH=/home/lfvmu/kobuki/install LD_LIBRARY_PATH=/home/lfvmu/kobuki/install/lib PATH=/home/lfvmu/kobuki/install/bin:${PATH} PKG_CONFIG_PATH=/home/lfvmu/kobuki/install/lib/x86_64-linux-gnu/pkgconfig:/home/lfvmu/kobuki/install/lib/pkgconfig PYTHONPATH=/home/lfvmu/kobuki/install/lib/python3.8/site-packages /usr/bin/cmake /home/lfvmu/kobuki/src/ecl_core/ecl_manipulators -DBUILD_TESTING=OFF --no-warn-unused-cli -DCMAKE_INSTALL_PREFIX=/home/lfvmu/kobuki/install
[1.572s] Invoking command in '/home/lfvmu/kobuki/build/ecl_manipulators': AMENT_PREFIX_PATH=/home/lfvmu/kobuki/install CMAKE_PREFIX_PATH=/home/lfvmu/kobuki/install LD_LIBRARY_PATH=/home/lfvmu/kobuki/install/lib PATH=/home/lfvmu/kobuki/install/bin:${PATH} PKG_CONFIG_PATH=/home/lfvmu/kobuki/install/lib/x86_64-linux-gnu/pkgconfig:/home/lfvmu/kobuki/install/lib/pkgconfig PYTHONPATH=/home/lfvmu/kobuki/install/lib/python3.8/site-packages /usr/bin/cmake --build /home/lfvmu/kobuki/build/ecl_manipulators -- -j4 -l4
[1.721s] [100%] Built target ecl_manipulators
[1.868s] Invoked command in '/home/lfvmu/kobuki/build/ecl_manipulators' returned '0': AMENT_PREFIX_PATH=/home/lfvmu/kobuki/install CMAKE_PREFIX_PATH=/home/lfvmu/kobuki/install LD_LIBRARY_PATH=/home/lfvmu/kobuki/install/lib PATH=/home/lfvmu/kobuki/install/bin:${PATH} PKG_CONFIG_PATH=/home/lfvmu/kobuki/install/lib/x86_64-linux-gnu/pkgconfig:/home/lfvmu/kobuki/install/lib/pkgconfig PYTHONPATH=/home/lfvmu/kobuki/install/lib/python3.8/site-packages /usr/bin/cmake --build /home/lfvmu/kobuki/build/ecl_manipulators -- -j4 -l4
[1.934s] Invoking command in '/home/lfvmu/kobuki/build/ecl_manipulators': AMENT_PREFIX_PATH=/home/lfvmu/kobuki/install CMAKE_PREFIX_PATH=/home/lfvmu/kobuki/install LD_LIBRARY_PATH=/home/lfvmu/kobuki/install/lib PATH=/home/lfvmu/kobuki/install/bin:${PATH} PKG_CONFIG_PATH=/home/lfvmu/kobuki/install/lib/x86_64-linux-gnu/pkgconfig:/home/lfvmu/kobuki/install/lib/pkgconfig PYTHONPATH=/home/lfvmu/kobuki/install/lib/python3.8/site-packages /usr/bin/cmake --install /home/lfvmu/kobuki/build/ecl_manipulators
[1.952s] -- Install configuration: ""
[1.953s] -- Up-to-date: /home/lfvmu/kobuki/install/share/ecl_manipulators/scripts
[1.953s] -- Up-to-date: /home/lfvmu/kobuki/install/share/ecl_manipulators/scripts/linear.x11
[1.953s] -- Up-to-date: /home/lfvmu/kobuki/install/share/ecl_manipulators/scripts/tension.x11
[1.953s] -- Up-to-date: /home/lfvmu/kobuki/install/share/ecl_manipulators/scripts/Makefile
[1.953s] -- Up-to-date: /home/lfvmu/kobuki/install/share/ecl_manipulators/environment/library_path.sh
[1.954s] -- Installing: /home/lfvmu/kobuki/install/share/ecl_manipulators/environment/library_path.dsv
[1.954s] -- Up-to-date: /home/lfvmu/kobuki/install/share/ament_index/resource_index/package_run_dependencies/ecl_manipulators
[1.954s] -- Up-to-date: /home/lfvmu/kobuki/install/share/ament_index/resource_index/parent_prefix_path/ecl_manipulators
[1.955s] -- Up-to-date: /home/lfvmu/kobuki/install/share/ecl_manipulators/environment/ament_prefix_path.sh
[1.955s] -- Installing: /home/lfvmu/kobuki/install/share/ecl_manipulators/environment/ament_prefix_path.dsv
[1.956s] -- Up-to-date: /home/lfvmu/kobuki/install/share/ecl_manipulators/environment/path.sh
[1.957s] -- Installing: /home/lfvmu/kobuki/install/share/ecl_manipulators/environment/path.dsv
[1.957s] -- Up-to-date: /home/lfvmu/kobuki/install/share/ecl_manipulators/local_setup.bash
[1.957s] -- Up-to-date: /home/lfvmu/kobuki/install/share/ecl_manipulators/local_setup.sh
[1.957s] -- Up-to-date: /home/lfvmu/kobuki/install/share/ecl_manipulators/local_setup.zsh
[1.958s] -- Installing: /home/lfvmu/kobuki/install/share/ecl_manipulators/local_setup.dsv
[1.958s] -- Installing: /home/lfvmu/kobuki/install/share/ecl_manipulators/package.dsv
[1.958s] -- Up-to-date: /home/lfvmu/kobuki/install/share/ament_index/resource_index/packages/ecl_manipulators
[1.958s] -- Up-to-date: /home/lfvmu/kobuki/install/share/ecl_manipulators/cmake/ecl_manipulatorsExport.cmake
[1.959s] -- Installing: /home/lfvmu/kobuki/install/share/ecl_manipulators/cmake/ecl_manipulatorsExport-noconfig.cmake
[1.959s] -- Up-to-date: /home/lfvmu/kobuki/install/share/ecl_manipulators/cmake/ament_cmake_export_targets-extras.cmake
[1.960s] -- Up-to-date: /home/lfvmu/kobuki/install/share/ecl_manipulators/cmake/ament_cmake_export_include_directories-extras.cmake
[1.960s] -- Up-to-date: /home/lfvmu/kobuki/install/share/ecl_manipulators/cmake/ament_cmake_export_libraries-extras.cmake
[1.962s] -- Up-to-date: /home/lfvmu/kobuki/install/share/ecl_manipulators/cmake/ament_cmake_export_dependencies-extras.cmake
[1.962s] -- Up-to-date: /home/lfvmu/kobuki/install/share/ecl_manipulators/cmake/ecl_manipulatorsConfig.cmake
[1.963s] -- Up-to-date: /home/lfvmu/kobuki/install/share/ecl_manipulators/cmake/ecl_manipulatorsConfig-version.cmake
[1.963s] -- Up-to-date: /home/lfvmu/kobuki/install/share/ecl_manipulators/package.xml
[1.964s] -- Up-to-date: /home/lfvmu/kobuki/install/include/ecl/manipulators.hpp
[1.965s] -- Up-to-date: /home/lfvmu/kobuki/install/include/ecl/manipulators/trajectory.hpp
[1.966s] -- Up-to-date: /home/lfvmu/kobuki/install/include/ecl/manipulators/types.hpp
[1.966s] -- Up-to-date: /home/lfvmu/kobuki/install/include/ecl/manipulators/waypoint.hpp
[1.967s] -- Up-to-date: /home/lfvmu/kobuki/install/lib/libecl_manipulators.so.1.2.1
[1.968s] -- Up-to-date: /home/lfvmu/kobuki/install/lib/libecl_manipulators.so
[1.989s] Invoked command in '/home/lfvmu/kobuki/build/ecl_manipulators' returned '0': AMENT_PREFIX_PATH=/home/lfvmu/kobuki/install CMAKE_PREFIX_PATH=/home/lfvmu/kobuki/install LD_LIBRARY_PATH=/home/lfvmu/kobuki/install/lib PATH=/home/lfvmu/kobuki/install/bin:${PATH} PKG_CONFIG_PATH=/home/lfvmu/kobuki/install/lib/x86_64-linux-gnu/pkgconfig:/home/lfvmu/kobuki/install/lib/pkgconfig PYTHONPATH=/home/lfvmu/kobuki/install/lib/python3.8/site-packages /usr/bin/cmake --install /home/lfvmu/kobuki/build/ecl_manipulators
