[0.144s] Invoking command in '/home/lfvmu/kobuki/build/ament_cmake_pycodestyle': AMENT_PREFIX_PATH=/home/lfvmu/kobuki/install CMAKE_PREFIX_PATH=/home/lfvmu/kobuki/install LD_LIBRARY_PATH=/home/lfvmu/kobuki/install/lib PATH=/home/lfvmu/kobuki/install/bin:${PATH} PYTHONPATH=/home/lfvmu/kobuki/install/lib/python3.8/site-packages /usr/bin/cmake /home/lfvmu/kobuki/src/ament_lint/ament_cmake_pycodestyle -DBUILD_TESTING=OFF -DCMAKE_INSTALL_PREFIX=/home/lfvmu/kobuki/install
[0.175s] Re-run cmake no build system arguments
[0.185s] -- Found ament_cmake_core: 0.9.11 (/home/lfvmu/kobuki/install/share/ament_cmake_core/cmake)
[0.231s] -- Using PYTHON_EXECUTABLE: /usr/bin/python3
[0.613s] -- Found ament_cmake_test: 0.9.11 (/home/lfvmu/kobuki/install/share/ament_cmake_test/cmake)
[0.753s] -- Configuring done
[0.771s] -- Generating done
[0.790s] -- Build files have been written to: /home/lfvmu/kobuki/build/ament_cmake_pycodestyle
[0.974s] Invoked command in '/home/lfvmu/kobuki/build/ament_cmake_pycodestyle' returned '0': AMENT_PREFIX_PATH=/home/lfvmu/kobuki/install CMAKE_PREFIX_PATH=/home/lfvmu/kobuki/install LD_LIBRARY_PATH=/home/lfvmu/kobuki/install/lib PATH=/home/lfvmu/kobuki/install/bin:${PATH} PYTHONPATH=/home/lfvmu/kobuki/install/lib/python3.8/site-packages /usr/bin/cmake /home/lfvmu/kobuki/src/ament_lint/ament_cmake_pycodestyle -DBUILD_TESTING=OFF -DCMAKE_INSTALL_PREFIX=/home/lfvmu/kobuki/install
[0.982s] Invoking command in '/home/lfvmu/kobuki/build/ament_cmake_pycodestyle': AMENT_PREFIX_PATH=/home/lfvmu/kobuki/install CMAKE_PREFIX_PATH=/home/lfvmu/kobuki/install LD_LIBRARY_PATH=/home/lfvmu/kobuki/install/lib PATH=/home/lfvmu/kobuki/install/bin:${PATH} PYTHONPATH=/home/lfvmu/kobuki/install/lib/python3.8/site-packages /usr/bin/cmake --build /home/lfvmu/kobuki/build/ament_cmake_pycodestyle -- -j4 -l4
[1.175s] /usr/bin/cmake -S/home/lfvmu/kobuki/src/ament_lint/ament_cmake_pycodestyle -B/home/lfvmu/kobuki/build/ament_cmake_pycodestyle --check-build-system CMakeFiles/Makefile.cmake 0
[1.188s] /usr/bin/cmake -E cmake_progress_start /home/lfvmu/kobuki/build/ament_cmake_pycodestyle/CMakeFiles /home/lfvmu/kobuki/build/ament_cmake_pycodestyle/CMakeFiles/progress.marks
[1.212s] /usr/bin/make -f CMakeFiles/Makefile2 all
[1.213s] make[1]: Entering directory '/home/lfvmu/kobuki/build/ament_cmake_pycodestyle'
[1.213s] make[1]: Nothing to be done for 'all'.
[1.213s] make[1]: Leaving directory '/home/lfvmu/kobuki/build/ament_cmake_pycodestyle'
[1.214s] /usr/bin/cmake -E cmake_progress_start /home/lfvmu/kobuki/build/ament_cmake_pycodestyle/CMakeFiles 0
[1.227s] Invoked command in '/home/lfvmu/kobuki/build/ament_cmake_pycodestyle' returned '0': AMENT_PREFIX_PATH=/home/lfvmu/kobuki/install CMAKE_PREFIX_PATH=/home/lfvmu/kobuki/install LD_LIBRARY_PATH=/home/lfvmu/kobuki/install/lib PATH=/home/lfvmu/kobuki/install/bin:${PATH} PYTHONPATH=/home/lfvmu/kobuki/install/lib/python3.8/site-packages /usr/bin/cmake --build /home/lfvmu/kobuki/build/ament_cmake_pycodestyle -- -j4 -l4
[1.430s] Invoking command in '/home/lfvmu/kobuki/build/ament_cmake_pycodestyle': AMENT_PREFIX_PATH=/home/lfvmu/kobuki/install CMAKE_PREFIX_PATH=/home/lfvmu/kobuki/install LD_LIBRARY_PATH=/home/lfvmu/kobuki/install/lib PATH=/home/lfvmu/kobuki/install/bin:${PATH} PYTHONPATH=/home/lfvmu/kobuki/install/lib/python3.8/site-packages /usr/bin/cmake --install /home/lfvmu/kobuki/build/ament_cmake_pycodestyle
[1.461s] -- Install configuration: ""
[1.462s] -- Up-to-date: /home/lfvmu/kobuki/install/share/ament_index/resource_index/package_run_dependencies/ament_cmake_pycodestyle
[1.463s] -- Up-to-date: /home/lfvmu/kobuki/install/share/ament_index/resource_index/parent_prefix_path/ament_cmake_pycodestyle
[1.463s] -- Up-to-date: /home/lfvmu/kobuki/install/share/ament_cmake_pycodestyle/environment/ament_prefix_path.sh
[1.464s] -- Installing: /home/lfvmu/kobuki/install/share/ament_cmake_pycodestyle/environment/ament_prefix_path.dsv
[1.464s] -- Up-to-date: /home/lfvmu/kobuki/install/share/ament_cmake_pycodestyle/environment/path.sh
[1.464s] -- Installing: /home/lfvmu/kobuki/install/share/ament_cmake_pycodestyle/environment/path.dsv
[1.465s] -- Up-to-date: /home/lfvmu/kobuki/install/share/ament_cmake_pycodestyle/local_setup.bash
[1.465s] -- Up-to-date: /home/lfvmu/kobuki/install/share/ament_cmake_pycodestyle/local_setup.sh
[1.465s] -- Up-to-date: /home/lfvmu/kobuki/install/share/ament_cmake_pycodestyle/local_setup.zsh
[1.466s] -- Installing: /home/lfvmu/kobuki/install/share/ament_cmake_pycodestyle/local_setup.dsv
[1.466s] -- Installing: /home/lfvmu/kobuki/install/share/ament_cmake_pycodestyle/package.dsv
[1.466s] -- Up-to-date: /home/lfvmu/kobuki/install/share/ament_index/resource_index/packages/ament_cmake_pycodestyle
[1.466s] -- Up-to-date: /home/lfvmu/kobuki/install/share/ament_cmake_pycodestyle/cmake/ament_cmake_pycodestyle-extras.cmake
[1.467s] -- Up-to-date: /home/lfvmu/kobuki/install/share/ament_cmake_pycodestyle/cmake/ament_cmake_pycodestyleConfig.cmake
[1.467s] -- Up-to-date: /home/lfvmu/kobuki/install/share/ament_cmake_pycodestyle/cmake/ament_cmake_pycodestyleConfig-version.cmake
[1.468s] -- Up-to-date: /home/lfvmu/kobuki/install/share/ament_cmake_pycodestyle/package.xml
[1.468s] -- Up-to-date: /home/lfvmu/kobuki/install/share/ament_cmake_pycodestyle/cmake
[1.469s] -- Up-to-date: /home/lfvmu/kobuki/install/share/ament_cmake_pycodestyle/cmake/ament_cmake_pycodestyle_lint_hook.cmake
[1.477s] -- Up-to-date: /home/lfvmu/kobuki/install/share/ament_cmake_pycodestyle/cmake/ament_pycodestyle.cmake
[1.482s] Invoked command in '/home/lfvmu/kobuki/build/ament_cmake_pycodestyle' returned '0': AMENT_PREFIX_PATH=/home/lfvmu/kobuki/install CMAKE_PREFIX_PATH=/home/lfvmu/kobuki/install LD_LIBRARY_PATH=/home/lfvmu/kobuki/install/lib PATH=/home/lfvmu/kobuki/install/bin:${PATH} PYTHONPATH=/home/lfvmu/kobuki/install/lib/python3.8/site-packages /usr/bin/cmake --install /home/lfvmu/kobuki/build/ament_cmake_pycodestyle
