[0.064s] Invoking command in '/home/lfvmu/kobuki/build/ament_cmake_gmock': /usr/bin/cmake /home/lfvmu/kobuki/src/ament_cmake/ament_cmake_gmock -DBUILD_TESTING=OFF -DCMAKE_INSTALL_PREFIX=/home/lfvmu/kobuki/install
[0.096s] Re-run cmake no build system arguments
[0.101s] -- Found ament_cmake_core: 0.9.11 (/home/lfvmu/kobuki/install/share/ament_cmake_core/cmake)
[0.155s] -- Using PYTHON_EXECUTABLE: /usr/bin/python3
[0.618s] -- Configuring done
[0.624s] -- Generating done
[0.626s] -- Build files have been written to: /home/lfvmu/kobuki/build/ament_cmake_gmock
[0.656s] Invoked command in '/home/lfvmu/kobuki/build/ament_cmake_gmock' returned '0': /usr/bin/cmake /home/lfvmu/kobuki/src/ament_cmake/ament_cmake_gmock -DBUILD_TESTING=OFF -DCMAKE_INSTALL_PREFIX=/home/lfvmu/kobuki/install
[0.658s] Invoking command in '/home/lfvmu/kobuki/build/ament_cmake_gmock': /usr/bin/cmake --build /home/lfvmu/kobuki/build/ament_cmake_gmock -- -j4 -l4
[0.722s] /usr/bin/cmake -S/home/lfvmu/kobuki/src/ament_cmake/ament_cmake_gmock -B/home/lfvmu/kobuki/build/ament_cmake_gmock --check-build-system CMakeFiles/Makefile.cmake 0
[0.751s] /usr/bin/cmake -E cmake_progress_start /home/lfvmu/kobuki/build/ament_cmake_gmock/CMakeFiles /home/lfvmu/kobuki/build/ament_cmake_gmock/CMakeFiles/progress.marks
[0.768s] /usr/bin/make -f CMakeFiles/Makefile2 all
[0.770s] make[1]: Entering directory '/home/lfvmu/kobuki/build/ament_cmake_gmock'
[0.770s] make[1]: Nothing to be done for 'all'.
[0.770s] make[1]: Leaving directory '/home/lfvmu/kobuki/build/ament_cmake_gmock'
[0.770s] /usr/bin/cmake -E cmake_progress_start /home/lfvmu/kobuki/build/ament_cmake_gmock/CMakeFiles 0
[0.980s] Invoked command in '/home/lfvmu/kobuki/build/ament_cmake_gmock' returned '0': /usr/bin/cmake --build /home/lfvmu/kobuki/build/ament_cmake_gmock -- -j4 -l4
[1.495s] Invoking command in '/home/lfvmu/kobuki/build/ament_cmake_gmock': /usr/bin/cmake --install /home/lfvmu/kobuki/build/ament_cmake_gmock
[1.544s] -- Install configuration: "RelWithDebInfo"
[1.546s] -- Up-to-date: /home/lfvmu/kobuki/install/share/ament_index/resource_index/package_run_dependencies/ament_cmake_gmock
[1.558s] -- Up-to-date: /home/lfvmu/kobuki/install/share/ament_index/resource_index/parent_prefix_path/ament_cmake_gmock
[1.559s] -- Up-to-date: /home/lfvmu/kobuki/install/share/ament_cmake_gmock/environment/ament_prefix_path.sh
[1.559s] -- Installing: /home/lfvmu/kobuki/install/share/ament_cmake_gmock/environment/ament_prefix_path.dsv
[1.559s] -- Up-to-date: /home/lfvmu/kobuki/install/share/ament_cmake_gmock/environment/path.sh
[1.560s] -- Installing: /home/lfvmu/kobuki/install/share/ament_cmake_gmock/environment/path.dsv
[1.560s] -- Up-to-date: /home/lfvmu/kobuki/install/share/ament_cmake_gmock/local_setup.bash
[1.565s] -- Up-to-date: /home/lfvmu/kobuki/install/share/ament_cmake_gmock/local_setup.sh
[1.574s] -- Up-to-date: /home/lfvmu/kobuki/install/share/ament_cmake_gmock/local_setup.zsh
[1.574s] -- Installing: /home/lfvmu/kobuki/install/share/ament_cmake_gmock/local_setup.dsv
[1.574s] -- Installing: /home/lfvmu/kobuki/install/share/ament_cmake_gmock/package.dsv
[1.574s] -- Up-to-date: /home/lfvmu/kobuki/install/share/ament_index/resource_index/packages/ament_cmake_gmock
[1.575s] -- Up-to-date: /home/lfvmu/kobuki/install/share/ament_cmake_gmock/cmake/ament_cmake_gmock-extras.cmake
[1.575s] -- Up-to-date: /home/lfvmu/kobuki/install/share/ament_cmake_gmock/cmake/ament_cmake_gmockConfig.cmake
[1.576s] -- Up-to-date: /home/lfvmu/kobuki/install/share/ament_cmake_gmock/cmake/ament_cmake_gmockConfig-version.cmake
[1.576s] -- Up-to-date: /home/lfvmu/kobuki/install/share/ament_cmake_gmock/package.xml
[1.576s] -- Up-to-date: /home/lfvmu/kobuki/install/share/ament_cmake_gmock/cmake
[1.576s] -- Up-to-date: /home/lfvmu/kobuki/install/share/ament_cmake_gmock/cmake/ament_add_gmock.cmake
[1.577s] -- Up-to-date: /home/lfvmu/kobuki/install/share/ament_cmake_gmock/cmake/ament_find_gmock.cmake
[1.712s] Invoked command in '/home/lfvmu/kobuki/build/ament_cmake_gmock' returned '0': /usr/bin/cmake --install /home/lfvmu/kobuki/build/ament_cmake_gmock
