Re-run cmake no build system arguments
-- Found ament_cmake_core: 0.9.11 (/home/lfvmu/kobuki/install/share/ament_cmake_core/cmake)
-- Using PYTHON_EXECUTABLE: /usr/bin/python3
-- Configuring done
-- Generating done
-- Build files have been written to: /home/lfvmu/kobuki/build/ament_cmake_export_targets
/usr/bin/cmake -S/home/lfvmu/kobuki/src/ament_cmake/ament_cmake_export_targets -B/home/lfvmu/kobuki/build/ament_cmake_export_targets --check-build-system CMakeFiles/Makefile.cmake 0
/usr/bin/cmake -E cmake_progress_start /home/lfvmu/kobuki/build/ament_cmake_export_targets/CMakeFiles /home/lfvmu/kobuki/build/ament_cmake_export_targets/CMakeFiles/progress.marks
/usr/bin/make -f CMakeFiles/Makefile2 all
make[1]: Entering directory '/home/lfvmu/kobuki/build/ament_cmake_export_targets'
make[1]: Nothing to be done for 'all'.
make[1]: Leaving directory '/home/lfvmu/kobuki/build/ament_cmake_export_targets'
/usr/bin/cmake -E cmake_progress_start /home/lfvmu/kobuki/build/ament_cmake_export_targets/CMakeFiles 0
-- Install configuration: "RelWithDebInfo"
-- Up-to-date: /home/lfvmu/kobuki/install/share/ament_index/resource_index/package_run_dependencies/ament_cmake_export_targets
-- Up-to-date: /home/lfvmu/kobuki/install/share/ament_index/resource_index/parent_prefix_path/ament_cmake_export_targets
-- Up-to-date: /home/lfvmu/kobuki/install/share/ament_cmake_export_targets/environment/ament_prefix_path.sh
-- Installing: /home/lfvmu/kobuki/install/share/ament_cmake_export_targets/environment/ament_prefix_path.dsv
-- Up-to-date: /home/lfvmu/kobuki/install/share/ament_cmake_export_targets/environment/path.sh
-- Installing: /home/lfvmu/kobuki/install/share/ament_cmake_export_targets/environment/path.dsv
-- Up-to-date: /home/lfvmu/kobuki/install/share/ament_cmake_export_targets/local_setup.bash
-- Up-to-date: /home/lfvmu/kobuki/install/share/ament_cmake_export_targets/local_setup.sh
-- Up-to-date: /home/lfvmu/kobuki/install/share/ament_cmake_export_targets/local_setup.zsh
-- Installing: /home/lfvmu/kobuki/install/share/ament_cmake_export_targets/local_setup.dsv
-- Installing: /home/lfvmu/kobuki/install/share/ament_cmake_export_targets/package.dsv
-- Up-to-date: /home/lfvmu/kobuki/install/share/ament_index/resource_index/packages/ament_cmake_export_targets
-- Up-to-date: /home/lfvmu/kobuki/install/share/ament_cmake_export_targets/cmake/ament_cmake_export_targets-extras.cmake
-- Up-to-date: /home/lfvmu/kobuki/install/share/ament_cmake_export_targets/cmake/ament_cmake_export_targetsConfig.cmake
-- Up-to-date: /home/lfvmu/kobuki/install/share/ament_cmake_export_targets/cmake/ament_cmake_export_targetsConfig-version.cmake
-- Up-to-date: /home/lfvmu/kobuki/install/share/ament_cmake_export_targets/package.xml
-- Up-to-date: /home/lfvmu/kobuki/install/share/ament_cmake_export_targets/cmake
-- Up-to-date: /home/lfvmu/kobuki/install/share/ament_cmake_export_targets/cmake/ament_export_targets.cmake
-- Up-to-date: /home/lfvmu/kobuki/install/share/ament_cmake_export_targets/cmake/ament_cmake_export_targets-extras.cmake.in
-- Up-to-date: /home/lfvmu/kobuki/install/share/ament_cmake_export_targets/cmake/ament_cmake_export_targets_package_hook.cmake
