[0.300s] Invoking command in '/home/lfvmu/kobuki/build/ament_cmake_export_targets': /usr/bin/cmake /home/lfvmu/kobuki/src/ament_cmake/ament_cmake_export_targets -DBUILD_TESTING=OFF -DCMAKE_INSTALL_PREFIX=/home/lfvmu/kobuki/install
[0.325s] Re-run cmake no build system arguments
[0.330s] -- Found ament_cmake_core: 0.9.11 (/home/lfvmu/kobuki/install/share/ament_cmake_core/cmake)
[0.387s] -- Using PYTHON_EXECUTABLE: /usr/bin/python3
[0.849s] -- Configuring done
[0.869s] -- Generating done
[0.869s] -- Build files have been written to: /home/lfvmu/kobuki/build/ament_cmake_export_targets
[0.965s] Invoked command in '/home/lfvmu/kobuki/build/ament_cmake_export_targets' returned '0': /usr/bin/cmake /home/lfvmu/kobuki/src/ament_cmake/ament_cmake_export_targets -DBUILD_TESTING=OFF -DCMAKE_INSTALL_PREFIX=/home/lfvmu/kobuki/install
[0.972s] Invoking command in '/home/lfvmu/kobuki/build/ament_cmake_export_targets': /usr/bin/cmake --build /home/lfvmu/kobuki/build/ament_cmake_export_targets -- -j4 -l4
[1.206s] /usr/bin/cmake -S/home/lfvmu/kobuki/src/ament_cmake/ament_cmake_export_targets -B/home/lfvmu/kobuki/build/ament_cmake_export_targets --check-build-system CMakeFiles/Makefile.cmake 0
[1.206s] /usr/bin/cmake -E cmake_progress_start /home/lfvmu/kobuki/build/ament_cmake_export_targets/CMakeFiles /home/lfvmu/kobuki/build/ament_cmake_export_targets/CMakeFiles/progress.marks
[1.207s] /usr/bin/make -f CMakeFiles/Makefile2 all
[1.207s] make[1]: Entering directory '/home/lfvmu/kobuki/build/ament_cmake_export_targets'
[1.207s] make[1]: Nothing to be done for 'all'.
[1.208s] make[1]: Leaving directory '/home/lfvmu/kobuki/build/ament_cmake_export_targets'
[1.208s] /usr/bin/cmake -E cmake_progress_start /home/lfvmu/kobuki/build/ament_cmake_export_targets/CMakeFiles 0
[1.221s] Invoked command in '/home/lfvmu/kobuki/build/ament_cmake_export_targets' returned '0': /usr/bin/cmake --build /home/lfvmu/kobuki/build/ament_cmake_export_targets -- -j4 -l4
[1.298s] Invoking command in '/home/lfvmu/kobuki/build/ament_cmake_export_targets': /usr/bin/cmake --install /home/lfvmu/kobuki/build/ament_cmake_export_targets
[1.324s] -- Install configuration: "RelWithDebInfo"
[1.325s] -- Up-to-date: /home/lfvmu/kobuki/install/share/ament_index/resource_index/package_run_dependencies/ament_cmake_export_targets
[1.325s] -- Up-to-date: /home/lfvmu/kobuki/install/share/ament_index/resource_index/parent_prefix_path/ament_cmake_export_targets
[1.325s] -- Up-to-date: /home/lfvmu/kobuki/install/share/ament_cmake_export_targets/environment/ament_prefix_path.sh
[1.325s] -- Installing: /home/lfvmu/kobuki/install/share/ament_cmake_export_targets/environment/ament_prefix_path.dsv
[1.326s] -- Up-to-date: /home/lfvmu/kobuki/install/share/ament_cmake_export_targets/environment/path.sh
[1.326s] -- Installing: /home/lfvmu/kobuki/install/share/ament_cmake_export_targets/environment/path.dsv
[1.326s] -- Up-to-date: /home/lfvmu/kobuki/install/share/ament_cmake_export_targets/local_setup.bash
[1.327s] -- Up-to-date: /home/lfvmu/kobuki/install/share/ament_cmake_export_targets/local_setup.sh
[1.327s] -- Up-to-date: /home/lfvmu/kobuki/install/share/ament_cmake_export_targets/local_setup.zsh
[1.327s] -- Installing: /home/lfvmu/kobuki/install/share/ament_cmake_export_targets/local_setup.dsv
[1.328s] -- Installing: /home/lfvmu/kobuki/install/share/ament_cmake_export_targets/package.dsv
[1.328s] -- Up-to-date: /home/lfvmu/kobuki/install/share/ament_index/resource_index/packages/ament_cmake_export_targets
[1.328s] -- Up-to-date: /home/lfvmu/kobuki/install/share/ament_cmake_export_targets/cmake/ament_cmake_export_targets-extras.cmake
[1.328s] -- Up-to-date: /home/lfvmu/kobuki/install/share/ament_cmake_export_targets/cmake/ament_cmake_export_targetsConfig.cmake
[1.329s] -- Up-to-date: /home/lfvmu/kobuki/install/share/ament_cmake_export_targets/cmake/ament_cmake_export_targetsConfig-version.cmake
[1.329s] -- Up-to-date: /home/lfvmu/kobuki/install/share/ament_cmake_export_targets/package.xml
[1.329s] -- Up-to-date: /home/lfvmu/kobuki/install/share/ament_cmake_export_targets/cmake
[1.329s] -- Up-to-date: /home/lfvmu/kobuki/install/share/ament_cmake_export_targets/cmake/ament_export_targets.cmake
[1.330s] -- Up-to-date: /home/lfvmu/kobuki/install/share/ament_cmake_export_targets/cmake/ament_cmake_export_targets-extras.cmake.in
[1.330s] -- Up-to-date: /home/lfvmu/kobuki/install/share/ament_cmake_export_targets/cmake/ament_cmake_export_targets_package_hook.cmake
[1.335s] Invoked command in '/home/lfvmu/kobuki/build/ament_cmake_export_targets' returned '0': /usr/bin/cmake --install /home/lfvmu/kobuki/build/ament_cmake_export_targets
