[0.326s] Invoking command in '/home/lfvmu/kobuki/build/ecl_config': /usr/bin/cmake /home/lfvmu/kobuki/src/ecl_lite/ecl_config -DBUILD_TESTING=OFF -DCMAKE_BUILD_TYPE=RelWithDebInfo -DCMAKE_INSTALL_PREFIX=/home/lfvmu/kobuki/install
[0.370s] -- Found ament_cmake_ros: 0.9.2 (/home/lfvmu/kobuki/install/share/ament_cmake_ros/cmake)
[0.421s] -- Using PYTHON_EXECUTABLE: /usr/bin/python3
[0.772s] -- Found ecl_build: 1.0.3 (/home/lfvmu/kobuki/install/share/ecl_build/cmake)
[0.949s] -- Configuring done
[0.979s] -- Generating done
[0.997s] -- Build files have been written to: /home/lfvmu/kobuki/build/ecl_config
[1.045s] Invoked command in '/home/lfvmu/kobuki/build/ecl_config' returned '0': /usr/bin/cmake /home/lfvmu/kobuki/src/ecl_lite/ecl_config -DBUILD_TESTING=OFF -DCMAKE_BUILD_TYPE=RelWithDebInfo -DCMAKE_INSTALL_PREFIX=/home/lfvmu/kobuki/install
[1.054s] Invoking command in '/home/lfvmu/kobuki/build/ecl_config': /usr/bin/cmake --build /home/lfvmu/kobuki/build/ecl_config -- -j4 -l4
[1.192s] [ 50%] Built target ecl_detect_posix
[1.209s] [100%] Built target ecl_detect_endian
[1.269s] Invoked command in '/home/lfvmu/kobuki/build/ecl_config' returned '0': /usr/bin/cmake --build /home/lfvmu/kobuki/build/ecl_config -- -j4 -l4
[1.547s] Invoking command in '/home/lfvmu/kobuki/build/ecl_config': /usr/bin/cmake --install /home/lfvmu/kobuki/build/ecl_config
[1.570s] -- Install configuration: "RelWithDebInfo"
[1.570s] -- Up-to-date: /home/lfvmu/kobuki/install/share/ament_index/resource_index/package_run_dependencies/ecl_config
[1.570s] -- Up-to-date: /home/lfvmu/kobuki/install/share/ament_index/resource_index/parent_prefix_path/ecl_config
[1.571s] -- Up-to-date: /home/lfvmu/kobuki/install/share/ecl_config/environment/ament_prefix_path.sh
[1.571s] -- Installing: /home/lfvmu/kobuki/install/share/ecl_config/environment/ament_prefix_path.dsv
[1.573s] -- Up-to-date: /home/lfvmu/kobuki/install/share/ecl_config/environment/path.sh
[1.573s] -- Installing: /home/lfvmu/kobuki/install/share/ecl_config/environment/path.dsv
[1.573s] -- Up-to-date: /home/lfvmu/kobuki/install/share/ecl_config/local_setup.bash
[1.574s] -- Up-to-date: /home/lfvmu/kobuki/install/share/ecl_config/local_setup.sh
[1.574s] -- Up-to-date: /home/lfvmu/kobuki/install/share/ecl_config/local_setup.zsh
[1.574s] -- Installing: /home/lfvmu/kobuki/install/share/ecl_config/local_setup.dsv
[1.574s] -- Installing: /home/lfvmu/kobuki/install/share/ecl_config/package.dsv
[1.574s] -- Up-to-date: /home/lfvmu/kobuki/install/share/ament_index/resource_index/packages/ecl_config
[1.575s] -- Up-to-date: /home/lfvmu/kobuki/install/share/ecl_config/cmake/ecl_configExport.cmake
[1.575s] -- Up-to-date: /home/lfvmu/kobuki/install/share/ecl_config/cmake/ament_cmake_export_targets-extras.cmake
[1.575s] -- Up-to-date: /home/lfvmu/kobuki/install/share/ecl_config/cmake/ament_cmake_export_include_directories-extras.cmake
[1.576s] -- Up-to-date: /home/lfvmu/kobuki/install/share/ecl_config/cmake/ecl_configConfig.cmake
[1.576s] -- Up-to-date: /home/lfvmu/kobuki/install/share/ecl_config/cmake/ecl_configConfig-version.cmake
[1.576s] -- Up-to-date: /home/lfvmu/kobuki/install/share/ecl_config/package.xml
[1.577s] -- Up-to-date: /home/lfvmu/kobuki/install/include/ecl/config.hpp
[1.577s] -- Up-to-date: /home/lfvmu/kobuki/install/include/ecl/config/ecl.hpp
[1.577s] -- Up-to-date: /home/lfvmu/kobuki/install/include/ecl/config/char_sign.hpp
[1.578s] -- Up-to-date: /home/lfvmu/kobuki/install/include/ecl/config/ecl_unknown.hpp
[1.578s] -- Up-to-date: /home/lfvmu/kobuki/install/include/ecl/config/endianness.hpp
[1.578s] -- Up-to-date: /home/lfvmu/kobuki/install/include/ecl/config/macros.hpp
[1.578s] -- Up-to-date: /home/lfvmu/kobuki/install/include/ecl/config/portable_types.hpp
[1.579s] -- Up-to-date: /home/lfvmu/kobuki/install/include/ecl/config/windows.hpp
[1.579s] -- Up-to-date: /home/lfvmu/kobuki/install/bin/ecl_detect_endian
[1.579s] -- Up-to-date: /home/lfvmu/kobuki/install/bin/ecl_detect_posix
[1.582s] Invoked command in '/home/lfvmu/kobuki/build/ecl_config' returned '0': /usr/bin/cmake --install /home/lfvmu/kobuki/build/ecl_config
