[0.113s] Invoking command in '/home/lfvmu/kobuki/build/ament_cmake_export_link_flags': /usr/bin/cmake /home/lfvmu/kobuki/src/ament_cmake/ament_cmake_export_link_flags -DBUILD_TESTING=OFF -DCMAKE_INSTALL_PREFIX=/home/lfvmu/kobuki/install
[0.141s] Re-run cmake no build system arguments
[0.144s] -- Found ament_cmake_core: 0.9.11 (/home/lfvmu/kobuki/install/share/ament_cmake_core/cmake)
[0.186s] -- Using PYTHON_EXECUTABLE: /usr/bin/python3
[0.674s] -- Configuring done
[0.676s] -- Generating done
[0.691s] -- Build files have been written to: /home/lfvmu/kobuki/build/ament_cmake_export_link_flags
[1.016s] Invoked command in '/home/lfvmu/kobuki/build/ament_cmake_export_link_flags' returned '0': /usr/bin/cmake /home/lfvmu/kobuki/src/ament_cmake/ament_cmake_export_link_flags -DBUILD_TESTING=OFF -DCMAKE_INSTALL_PREFIX=/home/lfvmu/kobuki/install
[1.022s] Invoking command in '/home/lfvmu/kobuki/build/ament_cmake_export_link_flags': /usr/bin/cmake --build /home/lfvmu/kobuki/build/ament_cmake_export_link_flags -- -j4 -l4
[1.097s] /usr/bin/cmake -S/home/lfvmu/kobuki/src/ament_cmake/ament_cmake_export_link_flags -B/home/lfvmu/kobuki/build/ament_cmake_export_link_flags --check-build-system CMakeFiles/Makefile.cmake 0
[1.105s] /usr/bin/cmake -E cmake_progress_start /home/lfvmu/kobuki/build/ament_cmake_export_link_flags/CMakeFiles /home/lfvmu/kobuki/build/ament_cmake_export_link_flags/CMakeFiles/progress.marks
[1.123s] /usr/bin/make -f CMakeFiles/Makefile2 all
[1.128s] make[1]: Entering directory '/home/lfvmu/kobuki/build/ament_cmake_export_link_flags'
[1.130s] make[1]: Nothing to be done for 'all'.
[1.131s] make[1]: Leaving directory '/home/lfvmu/kobuki/build/ament_cmake_export_link_flags'
[1.131s] /usr/bin/cmake -E cmake_progress_start /home/lfvmu/kobuki/build/ament_cmake_export_link_flags/CMakeFiles 0
[1.165s] Invoked command in '/home/lfvmu/kobuki/build/ament_cmake_export_link_flags' returned '0': /usr/bin/cmake --build /home/lfvmu/kobuki/build/ament_cmake_export_link_flags -- -j4 -l4
[1.250s] Invoking command in '/home/lfvmu/kobuki/build/ament_cmake_export_link_flags': /usr/bin/cmake --install /home/lfvmu/kobuki/build/ament_cmake_export_link_flags
[1.270s] -- Install configuration: "RelWithDebInfo"
[1.272s] -- Up-to-date: /home/lfvmu/kobuki/install/share/ament_index/resource_index/package_run_dependencies/ament_cmake_export_link_flags
[1.293s] -- Up-to-date: /home/lfvmu/kobuki/install/share/ament_index/resource_index/parent_prefix_path/ament_cmake_export_link_flags
[1.299s] -- Up-to-date: /home/lfvmu/kobuki/install/share/ament_cmake_export_link_flags/environment/ament_prefix_path.sh
[1.300s] -- Installing: /home/lfvmu/kobuki/install/share/ament_cmake_export_link_flags/environment/ament_prefix_path.dsv
[1.300s] -- Up-to-date: /home/lfvmu/kobuki/install/share/ament_cmake_export_link_flags/environment/path.sh
[1.300s] -- Installing: /home/lfvmu/kobuki/install/share/ament_cmake_export_link_flags/environment/path.dsv
[1.300s] -- Up-to-date: /home/lfvmu/kobuki/install/share/ament_cmake_export_link_flags/local_setup.bash
[1.301s] -- Up-to-date: /home/lfvmu/kobuki/install/share/ament_cmake_export_link_flags/local_setup.sh
[1.301s] -- Up-to-date: /home/lfvmu/kobuki/install/share/ament_cmake_export_link_flags/local_setup.zsh
[1.301s] -- Installing: /home/lfvmu/kobuki/install/share/ament_cmake_export_link_flags/local_setup.dsv
[1.301s] -- Installing: /home/lfvmu/kobuki/install/share/ament_cmake_export_link_flags/package.dsv
[1.301s] -- Up-to-date: /home/lfvmu/kobuki/install/share/ament_index/resource_index/packages/ament_cmake_export_link_flags
[1.302s] -- Up-to-date: /home/lfvmu/kobuki/install/share/ament_cmake_export_link_flags/cmake/ament_cmake_export_link_flags-extras.cmake
[1.302s] -- Up-to-date: /home/lfvmu/kobuki/install/share/ament_cmake_export_link_flags/cmake/ament_cmake_export_link_flagsConfig.cmake
[1.302s] -- Up-to-date: /home/lfvmu/kobuki/install/share/ament_cmake_export_link_flags/cmake/ament_cmake_export_link_flagsConfig-version.cmake
[1.302s] -- Up-to-date: /home/lfvmu/kobuki/install/share/ament_cmake_export_link_flags/package.xml
[1.303s] -- Up-to-date: /home/lfvmu/kobuki/install/share/ament_cmake_export_link_flags/cmake
[1.303s] -- Up-to-date: /home/lfvmu/kobuki/install/share/ament_cmake_export_link_flags/cmake/ament_cmake_export_link_flags-extras.cmake.in
[1.303s] -- Up-to-date: /home/lfvmu/kobuki/install/share/ament_cmake_export_link_flags/cmake/ament_cmake_export_link_flags_package_hook.cmake
[1.303s] -- Up-to-date: /home/lfvmu/kobuki/install/share/ament_cmake_export_link_flags/cmake/ament_export_link_flags.cmake
[1.457s] Invoked command in '/home/lfvmu/kobuki/build/ament_cmake_export_link_flags' returned '0': /usr/bin/cmake --install /home/lfvmu/kobuki/build/ament_cmake_export_link_flags
