[0.690s] Invoking command in '/home/lfvmu/kobuki/build/ecl_devices': /usr/bin/cmake /home/lfvmu/kobuki/src/ecl_core/ecl_devices -DBUILD_TESTING=OFF -DCMAKE_INSTALL_PREFIX=/home/lfvmu/kobuki/install
[0.715s] Re-run cmake no build system arguments
[0.739s] -- Found ament_cmake_ros: 0.9.2 (/home/lfvmu/kobuki/install/share/ament_cmake_ros/cmake)
[0.789s] -- Using PYTHON_EXECUTABLE: /usr/bin/python3
[1.214s] -- Found ecl_build: 1.0.3 (/home/lfvmu/kobuki/install/share/ecl_build/cmake)
[1.236s] -- Found ecl_config: 1.1.0 (/home/lfvmu/kobuki/install/share/ecl_config/cmake)
[1.237s] -- Found ecl_containers: 1.2.1 (/home/lfvmu/kobuki/install/share/ecl_containers/cmake)
[1.359s] -- Found ecl_threads: 1.2.1 (/home/lfvmu/kobuki/install/share/ecl_threads/cmake)
[1.584s] -- Configuring done
[1.624s] -- Generating done
[1.639s] -- Build files have been written to: /home/lfvmu/kobuki/build/ecl_devices
[1.861s] Invoked command in '/home/lfvmu/kobuki/build/ecl_devices' returned '0': /usr/bin/cmake /home/lfvmu/kobuki/src/ecl_core/ecl_devices -DBUILD_TESTING=OFF -DCMAKE_INSTALL_PREFIX=/home/lfvmu/kobuki/install
[1.864s] Invoking command in '/home/lfvmu/kobuki/build/ecl_devices': /usr/bin/cmake --build /home/lfvmu/kobuki/build/ecl_devices -- -j4 -l4
[1.943s] /usr/bin/cmake -S/home/lfvmu/kobuki/src/ecl_core/ecl_devices -B/home/lfvmu/kobuki/build/ecl_devices --check-build-system CMakeFiles/Makefile.cmake 0
[1.974s] /usr/bin/cmake -E cmake_progress_start /home/lfvmu/kobuki/build/ecl_devices/CMakeFiles /home/lfvmu/kobuki/build/ecl_devices/CMakeFiles/progress.marks
[1.994s] /usr/bin/make -f CMakeFiles/Makefile2 all
[1.997s] make[1]: Entering directory '/home/lfvmu/kobuki/build/ecl_devices'
[1.997s] /usr/bin/make -f src/lib/CMakeFiles/ecl_devices.dir/build.make src/lib/CMakeFiles/ecl_devices.dir/depend
[2.008s] make[2]: Entering directory '/home/lfvmu/kobuki/build/ecl_devices'
[2.008s] cd /home/lfvmu/kobuki/build/ecl_devices && /usr/bin/cmake -E cmake_depends "Unix Makefiles" /home/lfvmu/kobuki/src/ecl_core/ecl_devices /home/lfvmu/kobuki/src/ecl_core/ecl_devices/src/lib /home/lfvmu/kobuki/build/ecl_devices /home/lfvmu/kobuki/build/ecl_devices/src/lib /home/lfvmu/kobuki/build/ecl_devices/src/lib/CMakeFiles/ecl_devices.dir/DependInfo.cmake --color=
[2.028s] make[2]: Leaving directory '/home/lfvmu/kobuki/build/ecl_devices'
[2.028s] /usr/bin/make -f src/lib/CMakeFiles/ecl_devices.dir/build.make src/lib/CMakeFiles/ecl_devices.dir/build
[2.038s] make[2]: Entering directory '/home/lfvmu/kobuki/build/ecl_devices'
[2.038s] make[2]: Nothing to be done for 'src/lib/CMakeFiles/ecl_devices.dir/build'.
[2.039s] make[2]: Leaving directory '/home/lfvmu/kobuki/build/ecl_devices'
[2.057s] [ 87%] Built target ecl_devices
[2.059s] /usr/bin/make -f src/examples/CMakeFiles/ecl_demo_serial_timeouts.dir/build.make src/examples/CMakeFiles/ecl_demo_serial_timeouts.dir/depend
[2.063s] make[2]: Entering directory '/home/lfvmu/kobuki/build/ecl_devices'
[2.063s] cd /home/lfvmu/kobuki/build/ecl_devices && /usr/bin/cmake -E cmake_depends "Unix Makefiles" /home/lfvmu/kobuki/src/ecl_core/ecl_devices /home/lfvmu/kobuki/src/ecl_core/ecl_devices/src/examples /home/lfvmu/kobuki/build/ecl_devices /home/lfvmu/kobuki/build/ecl_devices/src/examples /home/lfvmu/kobuki/build/ecl_devices/src/examples/CMakeFiles/ecl_demo_serial_timeouts.dir/DependInfo.cmake --color=
[2.087s] make[2]: Leaving directory '/home/lfvmu/kobuki/build/ecl_devices'
[2.088s] /usr/bin/make -f src/examples/CMakeFiles/ecl_demo_serial_timeouts.dir/build.make src/examples/CMakeFiles/ecl_demo_serial_timeouts.dir/build
[2.094s] make[2]: Entering directory '/home/lfvmu/kobuki/build/ecl_devices'
[2.095s] make[2]: Nothing to be done for 'src/examples/CMakeFiles/ecl_demo_serial_timeouts.dir/build'.
[2.095s] make[2]: Leaving directory '/home/lfvmu/kobuki/build/ecl_devices'
[2.112s] [100%] Built target ecl_demo_serial_timeouts
[2.115s] make[1]: Leaving directory '/home/lfvmu/kobuki/build/ecl_devices'
[2.126s] /usr/bin/cmake -E cmake_progress_start /home/lfvmu/kobuki/build/ecl_devices/CMakeFiles 0
[2.167s] Invoked command in '/home/lfvmu/kobuki/build/ecl_devices' returned '0': /usr/bin/cmake --build /home/lfvmu/kobuki/build/ecl_devices -- -j4 -l4
[2.248s] Invoking command in '/home/lfvmu/kobuki/build/ecl_devices': /usr/bin/cmake --install /home/lfvmu/kobuki/build/ecl_devices
[2.271s] -- Install configuration: "RelWithDebInfo"
[2.271s] -- Up-to-date: /home/lfvmu/kobuki/install/share/ecl_devices/environment/library_path.sh
[2.272s] -- Installing: /home/lfvmu/kobuki/install/share/ecl_devices/environment/library_path.dsv
[2.273s] -- Up-to-date: /home/lfvmu/kobuki/install/share/ament_index/resource_index/package_run_dependencies/ecl_devices
[2.273s] -- Up-to-date: /home/lfvmu/kobuki/install/share/ament_index/resource_index/parent_prefix_path/ecl_devices
[2.273s] -- Up-to-date: /home/lfvmu/kobuki/install/share/ecl_devices/environment/ament_prefix_path.sh
[2.274s] -- Installing: /home/lfvmu/kobuki/install/share/ecl_devices/environment/ament_prefix_path.dsv
[2.275s] -- Up-to-date: /home/lfvmu/kobuki/install/share/ecl_devices/environment/path.sh
[2.275s] -- Installing: /home/lfvmu/kobuki/install/share/ecl_devices/environment/path.dsv
[2.276s] -- Up-to-date: /home/lfvmu/kobuki/install/share/ecl_devices/local_setup.bash
[2.276s] -- Up-to-date: /home/lfvmu/kobuki/install/share/ecl_devices/local_setup.sh
[2.277s] -- Up-to-date: /home/lfvmu/kobuki/install/share/ecl_devices/local_setup.zsh
[2.277s] -- Installing: /home/lfvmu/kobuki/install/share/ecl_devices/local_setup.dsv
[2.278s] -- Installing: /home/lfvmu/kobuki/install/share/ecl_devices/package.dsv
[2.279s] -- Up-to-date: /home/lfvmu/kobuki/install/share/ament_index/resource_index/packages/ecl_devices
[2.279s] -- Up-to-date: /home/lfvmu/kobuki/install/share/ecl_devices/cmake/ecl_devicesExport.cmake
[2.280s] -- Installing: /home/lfvmu/kobuki/install/share/ecl_devices/cmake/ecl_devicesExport-relwithdebinfo.cmake
[2.280s] -- Up-to-date: /home/lfvmu/kobuki/install/share/ecl_devices/cmake/ament_cmake_export_targets-extras.cmake
[2.281s] -- Up-to-date: /home/lfvmu/kobuki/install/share/ecl_devices/cmake/ament_cmake_export_include_directories-extras.cmake
[2.281s] -- Up-to-date: /home/lfvmu/kobuki/install/share/ecl_devices/cmake/ament_cmake_export_libraries-extras.cmake
[2.282s] -- Up-to-date: /home/lfvmu/kobuki/install/share/ecl_devices/cmake/ament_cmake_export_dependencies-extras.cmake
[2.282s] -- Up-to-date: /home/lfvmu/kobuki/install/share/ecl_devices/cmake/ecl_devicesConfig.cmake
[2.282s] -- Up-to-date: /home/lfvmu/kobuki/install/share/ecl_devices/cmake/ecl_devicesConfig-version.cmake
[2.283s] -- Up-to-date: /home/lfvmu/kobuki/install/share/ecl_devices/package.xml
[2.284s] -- Up-to-date: /home/lfvmu/kobuki/install/include/ecl/devices.hpp
[2.285s] -- Up-to-date: /home/lfvmu/kobuki/install/include/ecl/devices/console.hpp
[2.285s] -- Up-to-date: /home/lfvmu/kobuki/install/include/ecl/devices/macros.hpp
[2.286s] -- Up-to-date: /home/lfvmu/kobuki/install/include/ecl/devices/modes.hpp
[2.286s] -- Up-to-date: /home/lfvmu/kobuki/install/include/ecl/devices/ofile.hpp
[2.286s] -- Up-to-date: /home/lfvmu/kobuki/install/include/ecl/devices/ofile_pos.hpp
[2.287s] -- Up-to-date: /home/lfvmu/kobuki/install/include/ecl/devices/ofile_w32.hpp
[2.287s] -- Up-to-date: /home/lfvmu/kobuki/install/include/ecl/devices/serial.hpp
[2.287s] -- Up-to-date: /home/lfvmu/kobuki/install/include/ecl/devices/serial_parameters.hpp
[2.288s] -- Up-to-date: /home/lfvmu/kobuki/install/include/ecl/devices/serial_pos.hpp
[2.288s] -- Up-to-date: /home/lfvmu/kobuki/install/include/ecl/devices/serial_w32.hpp
[2.288s] -- Up-to-date: /home/lfvmu/kobuki/install/include/ecl/devices/shared_file.hpp
[2.289s] -- Up-to-date: /home/lfvmu/kobuki/install/include/ecl/devices/socket.hpp
[2.289s] -- Up-to-date: /home/lfvmu/kobuki/install/include/ecl/devices/socket_client_pos.hpp
[2.289s] -- Up-to-date: /home/lfvmu/kobuki/install/include/ecl/devices/socket_connection_status.hpp
[2.290s] -- Up-to-date: /home/lfvmu/kobuki/install/include/ecl/devices/socket_server_pos.hpp
[2.290s] -- Up-to-date: /home/lfvmu/kobuki/install/include/ecl/devices/string.hpp
[2.290s] -- Up-to-date: /home/lfvmu/kobuki/install/include/ecl/devices/traits.hpp
[2.291s] -- Up-to-date: /home/lfvmu/kobuki/install/include/ecl/devices/detail/character_buffer.hpp
[2.291s] -- Up-to-date: /home/lfvmu/kobuki/install/include/ecl/devices/detail/error_handler.hpp
[2.292s] -- Up-to-date: /home/lfvmu/kobuki/install/include/ecl/devices/detail/exception_handler_pos.hpp
[2.292s] -- Up-to-date: /home/lfvmu/kobuki/install/include/ecl/devices/detail/socket_error_handler_pos.hpp
[2.292s] -- Up-to-date: /home/lfvmu/kobuki/install/include/ecl/devices/detail/socket_exception_handler_pos.hpp
[2.294s] -- Up-to-date: /home/lfvmu/kobuki/install/lib/libecl_devices.so.1.2.1
[2.295s] -- Up-to-date: /home/lfvmu/kobuki/install/lib/libecl_devices.so
[2.296s] -- Up-to-date: /home/lfvmu/kobuki/install/lib/ecl_devices/demo_serial_timeouts
[2.301s] Invoked command in '/home/lfvmu/kobuki/build/ecl_devices' returned '0': /usr/bin/cmake --install /home/lfvmu/kobuki/build/ecl_devices
