[0.569s] Invoking command in '/home/lfvmu/kobuki/build/ecl_ipc': /usr/bin/cmake /home/lfvmu/kobuki/src/ecl_core/ecl_ipc -DBUILD_TESTING=OFF --no-warn-unused-cli -DCMAKE_INSTALL_PREFIX=/home/lfvmu/kobuki/install
[0.593s] Not searching for unused variables given on the command line.
[0.620s] -- Found ament_cmake_ros: 0.9.2 (/home/lfvmu/kobuki/install/share/ament_cmake_ros/cmake)
[0.679s] -- Using PYTHON_EXECUTABLE: /usr/bin/python3
[1.050s] -- Found ecl_build: 1.0.3 (/home/lfvmu/kobuki/install/share/ecl_build/cmake)
[1.070s] -- Found ecl_config: 1.1.0 (/home/lfvmu/kobuki/install/share/ecl_config/cmake)
[1.073s] -- Found ecl_errors: 1.1.0 (/home/lfvmu/kobuki/install/share/ecl_errors/cmake)
[1.130s] -- Found ecl_time_lite: 1.1.0 (/home/lfvmu/kobuki/install/share/ecl_time_lite/cmake)
[1.130s] -- Found ecl_exceptions: 1.2.1 (/home/lfvmu/kobuki/install/share/ecl_exceptions/cmake)
[1.130s] -- Found ecl_threads: 1.2.1 (/home/lfvmu/kobuki/install/share/ecl_threads/cmake)
[1.369s] -- Configuring done
[1.400s] -- Generating done
[1.408s] -- Build files have been written to: /home/lfvmu/kobuki/build/ecl_ipc
[1.416s] Invoked command in '/home/lfvmu/kobuki/build/ecl_ipc' returned '0': /usr/bin/cmake /home/lfvmu/kobuki/src/ecl_core/ecl_ipc -DBUILD_TESTING=OFF --no-warn-unused-cli -DCMAKE_INSTALL_PREFIX=/home/lfvmu/kobuki/install
[1.421s] Invoking command in '/home/lfvmu/kobuki/build/ecl_ipc': /usr/bin/cmake --build /home/lfvmu/kobuki/build/ecl_ipc -- -j4 -l4
[1.558s] [100%] Built target ecl_ipc
[1.692s] Invoked command in '/home/lfvmu/kobuki/build/ecl_ipc' returned '0': /usr/bin/cmake --build /home/lfvmu/kobuki/build/ecl_ipc -- -j4 -l4
[1.966s] Invoking command in '/home/lfvmu/kobuki/build/ecl_ipc': /usr/bin/cmake --install /home/lfvmu/kobuki/build/ecl_ipc
[1.995s] -- Install configuration: "RelWithDebInfo"
[1.997s] -- Up-to-date: /home/lfvmu/kobuki/install/share/ecl_ipc/environment/library_path.sh
[1.997s] -- Installing: /home/lfvmu/kobuki/install/share/ecl_ipc/environment/library_path.dsv
[1.998s] -- Up-to-date: /home/lfvmu/kobuki/install/share/ament_index/resource_index/package_run_dependencies/ecl_ipc
[1.998s] -- Up-to-date: /home/lfvmu/kobuki/install/share/ament_index/resource_index/parent_prefix_path/ecl_ipc
[1.998s] -- Up-to-date: /home/lfvmu/kobuki/install/share/ecl_ipc/environment/ament_prefix_path.sh
[1.998s] -- Installing: /home/lfvmu/kobuki/install/share/ecl_ipc/environment/ament_prefix_path.dsv
[2.000s] -- Up-to-date: /home/lfvmu/kobuki/install/share/ecl_ipc/environment/path.sh
[2.000s] -- Installing: /home/lfvmu/kobuki/install/share/ecl_ipc/environment/path.dsv
[2.000s] -- Up-to-date: /home/lfvmu/kobuki/install/share/ecl_ipc/local_setup.bash
[2.001s] -- Up-to-date: /home/lfvmu/kobuki/install/share/ecl_ipc/local_setup.sh
[2.001s] -- Up-to-date: /home/lfvmu/kobuki/install/share/ecl_ipc/local_setup.zsh
[2.001s] -- Installing: /home/lfvmu/kobuki/install/share/ecl_ipc/local_setup.dsv
[2.002s] -- Installing: /home/lfvmu/kobuki/install/share/ecl_ipc/package.dsv
[2.002s] -- Up-to-date: /home/lfvmu/kobuki/install/share/ament_index/resource_index/packages/ecl_ipc
[2.003s] -- Up-to-date: /home/lfvmu/kobuki/install/share/ecl_ipc/cmake/ecl_ipcExport.cmake
[2.003s] -- Installing: /home/lfvmu/kobuki/install/share/ecl_ipc/cmake/ecl_ipcExport-relwithdebinfo.cmake
[2.004s] -- Up-to-date: /home/lfvmu/kobuki/install/share/ecl_ipc/cmake/ament_cmake_export_targets-extras.cmake
[2.004s] -- Up-to-date: /home/lfvmu/kobuki/install/share/ecl_ipc/cmake/ament_cmake_export_include_directories-extras.cmake
[2.004s] -- Up-to-date: /home/lfvmu/kobuki/install/share/ecl_ipc/cmake/ament_cmake_export_libraries-extras.cmake
[2.005s] -- Up-to-date: /home/lfvmu/kobuki/install/share/ecl_ipc/cmake/ament_cmake_export_dependencies-extras.cmake
[2.005s] -- Up-to-date: /home/lfvmu/kobuki/install/share/ecl_ipc/cmake/ecl_ipcConfig.cmake
[2.005s] -- Up-to-date: /home/lfvmu/kobuki/install/share/ecl_ipc/cmake/ecl_ipcConfig-version.cmake
[2.006s] -- Up-to-date: /home/lfvmu/kobuki/install/share/ecl_ipc/package.xml
[2.006s] -- Up-to-date: /home/lfvmu/kobuki/install/include/ecl/ipc.hpp
[2.007s] -- Up-to-date: /home/lfvmu/kobuki/install/include/ecl/ipc/semaphore.hpp
[2.008s] -- Up-to-date: /home/lfvmu/kobuki/install/include/ecl/ipc/semaphore_pos.hpp
[2.008s] -- Up-to-date: /home/lfvmu/kobuki/install/include/ecl/ipc/shared_memory.hpp
[2.008s] -- Up-to-date: /home/lfvmu/kobuki/install/include/ecl/ipc/shared_memory_pos.hpp
[2.009s] -- Up-to-date: /home/lfvmu/kobuki/install/lib/libecl_ipc.so.1.2.1
[2.009s] -- Up-to-date: /home/lfvmu/kobuki/install/lib/libecl_ipc.so
[2.018s] Invoked command in '/home/lfvmu/kobuki/build/ecl_ipc' returned '0': /usr/bin/cmake --install /home/lfvmu/kobuki/build/ecl_ipc
