Re-run cmake no build system arguments
-- Found ament_cmake_core: 0.9.11 (/home/lfvmu/kobuki/install/share/ament_cmake_core/cmake)
-- Using PYTHON_EXECUTABLE: /usr/bin/python3
-- Found ament_cmake_test: 0.9.11 (/home/lfvmu/kobuki/install/share/ament_cmake_test/cmake)
-- Configuring done
-- Generating done
-- Build files have been written to: /home/lfvmu/kobuki/build/ament_cmake_clang_format
/usr/bin/cmake -S/home/lfvmu/kobuki/src/ament_lint/ament_cmake_clang_format -B/home/lfvmu/kobuki/build/ament_cmake_clang_format --check-build-system CMakeFiles/Makefile.cmake 0
/usr/bin/cmake -E cmake_progress_start /home/lfvmu/kobuki/build/ament_cmake_clang_format/CMakeFiles /home/lfvmu/kobuki/build/ament_cmake_clang_format/CMakeFiles/progress.marks
/usr/bin/make -f CMakeFiles/Makefile2 all
make[1]: Entering directory '/home/lfvmu/kobuki/build/ament_cmake_clang_format'
make[1]: Nothing to be done for 'all'.
make[1]: Leaving directory '/home/lfvmu/kobuki/build/ament_cmake_clang_format'
/usr/bin/cmake -E cmake_progress_start /home/lfvmu/kobuki/build/ament_cmake_clang_format/CMakeFiles 0
-- Install configuration: ""
-- Up-to-date: /home/lfvmu/kobuki/install/share/ament_index/resource_index/package_run_dependencies/ament_cmake_clang_format
-- Up-to-date: /home/lfvmu/kobuki/install/share/ament_index/resource_index/parent_prefix_path/ament_cmake_clang_format
-- Up-to-date: /home/lfvmu/kobuki/install/share/ament_cmake_clang_format/environment/ament_prefix_path.sh
-- Installing: /home/lfvmu/kobuki/install/share/ament_cmake_clang_format/environment/ament_prefix_path.dsv
-- Up-to-date: /home/lfvmu/kobuki/install/share/ament_cmake_clang_format/environment/path.sh
-- Installing: /home/lfvmu/kobuki/install/share/ament_cmake_clang_format/environment/path.dsv
-- Up-to-date: /home/lfvmu/kobuki/install/share/ament_cmake_clang_format/local_setup.bash
-- Up-to-date: /home/lfvmu/kobuki/install/share/ament_cmake_clang_format/local_setup.sh
-- Up-to-date: /home/lfvmu/kobuki/install/share/ament_cmake_clang_format/local_setup.zsh
-- Installing: /home/lfvmu/kobuki/install/share/ament_cmake_clang_format/local_setup.dsv
-- Installing: /home/lfvmu/kobuki/install/share/ament_cmake_clang_format/package.dsv
-- Up-to-date: /home/lfvmu/kobuki/install/share/ament_index/resource_index/packages/ament_cmake_clang_format
-- Up-to-date: /home/lfvmu/kobuki/install/share/ament_cmake_clang_format/cmake/ament_cmake_clang_format-extras.cmake
-- Up-to-date: /home/lfvmu/kobuki/install/share/ament_cmake_clang_format/cmake/ament_cmake_clang_formatConfig.cmake
-- Up-to-date: /home/lfvmu/kobuki/install/share/ament_cmake_clang_format/cmake/ament_cmake_clang_formatConfig-version.cmake
-- Up-to-date: /home/lfvmu/kobuki/install/share/ament_cmake_clang_format/package.xml
-- Up-to-date: /home/lfvmu/kobuki/install/share/ament_cmake_clang_format/cmake
-- Up-to-date: /home/lfvmu/kobuki/install/share/ament_cmake_clang_format/cmake/ament_cmake_clang_format_lint_hook.cmake
-- Up-to-date: /home/lfvmu/kobuki/install/share/ament_cmake_clang_format/cmake/ament_clang_format.cmake
