[0.085s] Invoking command in '/home/lfvmu/kobuki/build/ament_cmake_clang_format': AMENT_PREFIX_PATH=/home/lfvmu/kobuki/install CMAKE_PREFIX_PATH=/home/lfvmu/kobuki/install LD_LIBRARY_PATH=/home/lfvmu/kobuki/install/lib PATH=/home/lfvmu/kobuki/install/bin:${PATH} PYTHONPATH=/home/lfvmu/kobuki/install/lib/python3.8/site-packages /usr/bin/cmake /home/lfvmu/kobuki/src/ament_lint/ament_cmake_clang_format -DBUILD_TESTING=OFF -DCMAKE_INSTALL_PREFIX=/home/lfvmu/kobuki/install
[0.129s] Re-run cmake no build system arguments
[0.133s] -- Found ament_cmake_core: 0.9.11 (/home/lfvmu/kobuki/install/share/ament_cmake_core/cmake)
[0.184s] -- Using PYTHON_EXECUTABLE: /usr/bin/python3
[0.527s] -- Found ament_cmake_test: 0.9.11 (/home/lfvmu/kobuki/install/share/ament_cmake_test/cmake)
[0.720s] -- Configuring done
[0.730s] -- Generating done
[0.732s] -- Build files have been written to: /home/lfvmu/kobuki/build/ament_cmake_clang_format
[0.736s] Invoked command in '/home/lfvmu/kobuki/build/ament_cmake_clang_format' returned '0': AMENT_PREFIX_PATH=/home/lfvmu/kobuki/install CMAKE_PREFIX_PATH=/home/lfvmu/kobuki/install LD_LIBRARY_PATH=/home/lfvmu/kobuki/install/lib PATH=/home/lfvmu/kobuki/install/bin:${PATH} PYTHONPATH=/home/lfvmu/kobuki/install/lib/python3.8/site-packages /usr/bin/cmake /home/lfvmu/kobuki/src/ament_lint/ament_cmake_clang_format -DBUILD_TESTING=OFF -DCMAKE_INSTALL_PREFIX=/home/lfvmu/kobuki/install
[0.748s] Invoking command in '/home/lfvmu/kobuki/build/ament_cmake_clang_format': AMENT_PREFIX_PATH=/home/lfvmu/kobuki/install CMAKE_PREFIX_PATH=/home/lfvmu/kobuki/install LD_LIBRARY_PATH=/home/lfvmu/kobuki/install/lib PATH=/home/lfvmu/kobuki/install/bin:${PATH} PYTHONPATH=/home/lfvmu/kobuki/install/lib/python3.8/site-packages /usr/bin/cmake --build /home/lfvmu/kobuki/build/ament_cmake_clang_format -- -j4 -l4
[0.807s] /usr/bin/cmake -S/home/lfvmu/kobuki/src/ament_lint/ament_cmake_clang_format -B/home/lfvmu/kobuki/build/ament_cmake_clang_format --check-build-system CMakeFiles/Makefile.cmake 0
[0.838s] /usr/bin/cmake -E cmake_progress_start /home/lfvmu/kobuki/build/ament_cmake_clang_format/CMakeFiles /home/lfvmu/kobuki/build/ament_cmake_clang_format/CMakeFiles/progress.marks
[0.865s] /usr/bin/make -f CMakeFiles/Makefile2 all
[0.875s] make[1]: Entering directory '/home/lfvmu/kobuki/build/ament_cmake_clang_format'
[0.875s] make[1]: Nothing to be done for 'all'.
[0.875s] make[1]: Leaving directory '/home/lfvmu/kobuki/build/ament_cmake_clang_format'
[0.876s] /usr/bin/cmake -E cmake_progress_start /home/lfvmu/kobuki/build/ament_cmake_clang_format/CMakeFiles 0
[0.898s] Invoked command in '/home/lfvmu/kobuki/build/ament_cmake_clang_format' returned '0': AMENT_PREFIX_PATH=/home/lfvmu/kobuki/install CMAKE_PREFIX_PATH=/home/lfvmu/kobuki/install LD_LIBRARY_PATH=/home/lfvmu/kobuki/install/lib PATH=/home/lfvmu/kobuki/install/bin:${PATH} PYTHONPATH=/home/lfvmu/kobuki/install/lib/python3.8/site-packages /usr/bin/cmake --build /home/lfvmu/kobuki/build/ament_cmake_clang_format -- -j4 -l4
[1.113s] Invoking command in '/home/lfvmu/kobuki/build/ament_cmake_clang_format': AMENT_PREFIX_PATH=/home/lfvmu/kobuki/install CMAKE_PREFIX_PATH=/home/lfvmu/kobuki/install LD_LIBRARY_PATH=/home/lfvmu/kobuki/install/lib PATH=/home/lfvmu/kobuki/install/bin:${PATH} PYTHONPATH=/home/lfvmu/kobuki/install/lib/python3.8/site-packages /usr/bin/cmake --install /home/lfvmu/kobuki/build/ament_cmake_clang_format
[1.142s] -- Install configuration: ""
[1.145s] -- Up-to-date: /home/lfvmu/kobuki/install/share/ament_index/resource_index/package_run_dependencies/ament_cmake_clang_format
[1.146s] -- Up-to-date: /home/lfvmu/kobuki/install/share/ament_index/resource_index/parent_prefix_path/ament_cmake_clang_format
[1.146s] -- Up-to-date: /home/lfvmu/kobuki/install/share/ament_cmake_clang_format/environment/ament_prefix_path.sh
[1.146s] -- Installing: /home/lfvmu/kobuki/install/share/ament_cmake_clang_format/environment/ament_prefix_path.dsv
[1.147s] -- Up-to-date: /home/lfvmu/kobuki/install/share/ament_cmake_clang_format/environment/path.sh
[1.147s] -- Installing: /home/lfvmu/kobuki/install/share/ament_cmake_clang_format/environment/path.dsv
[1.148s] -- Up-to-date: /home/lfvmu/kobuki/install/share/ament_cmake_clang_format/local_setup.bash
[1.148s] -- Up-to-date: /home/lfvmu/kobuki/install/share/ament_cmake_clang_format/local_setup.sh
[1.148s] -- Up-to-date: /home/lfvmu/kobuki/install/share/ament_cmake_clang_format/local_setup.zsh
[1.149s] -- Installing: /home/lfvmu/kobuki/install/share/ament_cmake_clang_format/local_setup.dsv
[1.149s] -- Installing: /home/lfvmu/kobuki/install/share/ament_cmake_clang_format/package.dsv
[1.150s] -- Up-to-date: /home/lfvmu/kobuki/install/share/ament_index/resource_index/packages/ament_cmake_clang_format
[1.150s] -- Up-to-date: /home/lfvmu/kobuki/install/share/ament_cmake_clang_format/cmake/ament_cmake_clang_format-extras.cmake
[1.151s] -- Up-to-date: /home/lfvmu/kobuki/install/share/ament_cmake_clang_format/cmake/ament_cmake_clang_formatConfig.cmake
[1.151s] -- Up-to-date: /home/lfvmu/kobuki/install/share/ament_cmake_clang_format/cmake/ament_cmake_clang_formatConfig-version.cmake
[1.151s] -- Up-to-date: /home/lfvmu/kobuki/install/share/ament_cmake_clang_format/package.xml
[1.152s] -- Up-to-date: /home/lfvmu/kobuki/install/share/ament_cmake_clang_format/cmake
[1.152s] -- Up-to-date: /home/lfvmu/kobuki/install/share/ament_cmake_clang_format/cmake/ament_cmake_clang_format_lint_hook.cmake
[1.153s] -- Up-to-date: /home/lfvmu/kobuki/install/share/ament_cmake_clang_format/cmake/ament_clang_format.cmake
[1.528s] Invoked command in '/home/lfvmu/kobuki/build/ament_cmake_clang_format' returned '0': AMENT_PREFIX_PATH=/home/lfvmu/kobuki/install CMAKE_PREFIX_PATH=/home/lfvmu/kobuki/install LD_LIBRARY_PATH=/home/lfvmu/kobuki/install/lib PATH=/home/lfvmu/kobuki/install/bin:${PATH} PYTHONPATH=/home/lfvmu/kobuki/install/lib/python3.8/site-packages /usr/bin/cmake --install /home/lfvmu/kobuki/build/ament_cmake_clang_format
