[0.253s] Invoking command in '/home/lfvmu/kobuki/build/kobuki_core': /usr/bin/cmake /home/lfvmu/kobuki/src/kobuki_core -DBUILD_TESTING=OFF -DCMAKE_INSTALL_PREFIX=/home/lfvmu/kobuki/install
[0.294s] -- Found ament_cmake_ros: 0.9.2 (/home/lfvmu/kobuki/install/share/ament_cmake_ros/cmake)
[0.334s] -- Using PYTHON_EXECUTABLE: /usr/bin/python3
[0.654s] -- Found ecl_build: 1.0.3 (/home/lfvmu/kobuki/install/share/ecl_build/cmake)
[0.676s] -- Found ecl_command_line: 1.2.1 (/home/lfvmu/kobuki/install/share/ecl_command_line/cmake)
[0.682s] -- Found ecl_config: 1.1.0 (/home/lfvmu/kobuki/install/share/ecl_config/cmake)
[0.688s] -- Found ecl_console: 1.1.0 (/home/lfvmu/kobuki/install/share/ecl_console/cmake)
[0.696s] -- Found ecl_converters: 1.2.1 (/home/lfvmu/kobuki/install/share/ecl_converters/cmake)
[0.758s] -- Found ecl_devices: 1.2.1 (/home/lfvmu/kobuki/install/share/ecl_devices/cmake)
[0.875s] -- Found ecl_geometry: 1.2.1 (/home/lfvmu/kobuki/install/share/ecl_geometry/cmake)
[0.935s] -- Found ecl_mobile_robot: 1.2.1 (/home/lfvmu/kobuki/install/share/ecl_mobile_robot/cmake)
[0.956s] -- Found ecl_sigslots: 1.2.1 (/home/lfvmu/kobuki/install/share/ecl_sigslots/cmake)
[1.126s] -- Configuring done
[1.232s] -- Generating done
[1.246s] -- Build files have been written to: /home/lfvmu/kobuki/build/kobuki_core
[1.257s] Invoked command in '/home/lfvmu/kobuki/build/kobuki_core' returned '0': /usr/bin/cmake /home/lfvmu/kobuki/src/kobuki_core -DBUILD_TESTING=OFF -DCMAKE_INSTALL_PREFIX=/home/lfvmu/kobuki/install
[1.264s] Invoking command in '/home/lfvmu/kobuki/build/kobuki_core': /usr/bin/cmake --build /home/lfvmu/kobuki/build/kobuki_core -- -j4 -l4
[1.520s] [ 43%] Built target kobuki_core
[1.603s] [ 53%] Built target kobuki_core_demo_buttons
[1.603s] [ 56%] Built target kobuki_core_demo_data_stream
[1.604s] [ 62%] Built target kobuki_core_demo_custom_logging
[1.607s] [ 68%] Built target kobuki_core_demo_raw_data_stream
[1.650s] [ 75%] Built target kobuki_core_demo_velocity_commands
[1.686s] [ 84%] Built target kobuki_core_demo_chirp
[1.686s] [ 87%] Built target kobuki_core_demo_simple_loop
[1.699s] [ 93%] Built target kobuki_core_tool_simple_keyop
[1.735s] [100%] Built target kobuki_core_tool_version_info
[1.763s] Invoked command in '/home/lfvmu/kobuki/build/kobuki_core' returned '0': /usr/bin/cmake --build /home/lfvmu/kobuki/build/kobuki_core -- -j4 -l4
[1.844s] Invoking command in '/home/lfvmu/kobuki/build/kobuki_core': /usr/bin/cmake --install /home/lfvmu/kobuki/build/kobuki_core
[1.860s] -- Install configuration: "RelWithDebInfo"
[1.861s] -- Up-to-date: /home/lfvmu/kobuki/install/include
[1.861s] -- Up-to-date: /home/lfvmu/kobuki/install/include/kobuki_core
[1.861s] -- Up-to-date: /home/lfvmu/kobuki/install/include/kobuki_core/macros.hpp
[1.861s] -- Up-to-date: /home/lfvmu/kobuki/install/include/kobuki_core/dock_drive.hpp
[1.862s] -- Up-to-date: /home/lfvmu/kobuki/install/include/kobuki_core/version_info.hpp
[1.862s] -- Up-to-date: /home/lfvmu/kobuki/install/include/kobuki_core/command.hpp
[1.862s] -- Up-to-date: /home/lfvmu/kobuki/install/include/kobuki_core/modules.hpp
[1.863s] -- Up-to-date: /home/lfvmu/kobuki/install/include/kobuki_core/event_manager.hpp
[1.863s] -- Up-to-date: /home/lfvmu/kobuki/install/include/kobuki_core/packets.hpp
[1.864s] -- Up-to-date: /home/lfvmu/kobuki/install/include/kobuki_core/packets
[1.864s] -- Up-to-date: /home/lfvmu/kobuki/install/include/kobuki_core/packets/controller_info.hpp
[1.864s] -- Up-to-date: /home/lfvmu/kobuki/install/include/kobuki_core/packets/gp_input.hpp
[1.865s] -- Up-to-date: /home/lfvmu/kobuki/install/include/kobuki_core/packets/current.hpp
[1.865s] -- Up-to-date: /home/lfvmu/kobuki/install/include/kobuki_core/packets/three_axis_gyro.hpp
[1.865s] -- Up-to-date: /home/lfvmu/kobuki/install/include/kobuki_core/packets/cliff.hpp
[1.865s] -- Up-to-date: /home/lfvmu/kobuki/install/include/kobuki_core/packets/firmware.hpp
[1.865s] -- Up-to-date: /home/lfvmu/kobuki/install/include/kobuki_core/packets/eeprom.hpp
[1.866s] -- Up-to-date: /home/lfvmu/kobuki/install/include/kobuki_core/packets/dock_ir.hpp
[1.866s] -- Up-to-date: /home/lfvmu/kobuki/install/include/kobuki_core/packets/core_sensors.hpp
[1.866s] -- Up-to-date: /home/lfvmu/kobuki/install/include/kobuki_core/packets/inertia.hpp
[1.867s] -- Up-to-date: /home/lfvmu/kobuki/install/include/kobuki_core/packets/unique_device_id.hpp
[1.867s] -- Up-to-date: /home/lfvmu/kobuki/install/include/kobuki_core/packets/hardware.hpp
[1.867s] -- Up-to-date: /home/lfvmu/kobuki/install/include/kobuki_core/packet_handler
[1.867s] -- Up-to-date: /home/lfvmu/kobuki/install/include/kobuki_core/packet_handler/payload_headers.hpp
[1.868s] -- Up-to-date: /home/lfvmu/kobuki/install/include/kobuki_core/packet_handler/packet_finder.hpp
[1.868s] -- Up-to-date: /home/lfvmu/kobuki/install/include/kobuki_core/packet_handler/payload_base.hpp
[1.868s] -- Up-to-date: /home/lfvmu/kobuki/install/include/kobuki_core/parameters.hpp
[1.868s] -- Up-to-date: /home/lfvmu/kobuki/install/include/kobuki_core/kobuki.hpp
[1.869s] -- Up-to-date: /home/lfvmu/kobuki/install/include/kobuki_core/logging.hpp
[1.869s] -- Up-to-date: /home/lfvmu/kobuki/install/include/kobuki_core/modules
[1.869s] -- Up-to-date: /home/lfvmu/kobuki/install/include/kobuki_core/modules/acceleration_limiter.hpp
[1.869s] -- Up-to-date: /home/lfvmu/kobuki/install/include/kobuki_core/modules/battery.hpp
[1.870s] -- Up-to-date: /home/lfvmu/kobuki/install/include/kobuki_core/modules/digital_output.hpp
[1.870s] -- Up-to-date: /home/lfvmu/kobuki/install/include/kobuki_core/modules/led_array.hpp
[1.870s] -- Up-to-date: /home/lfvmu/kobuki/install/include/kobuki_core/modules/diff_drive.hpp
[1.870s] -- Up-to-date: /home/lfvmu/kobuki/install/include/kobuki_core/modules/sound.hpp
[1.870s] -- Up-to-date: /home/lfvmu/kobuki/install/include/CMakeLists.txt
[1.871s] -- Up-to-date: /home/lfvmu/kobuki/install/share/kobuki_core/environment/library_path.sh
[1.871s] -- Installing: /home/lfvmu/kobuki/install/share/kobuki_core/environment/library_path.dsv
[1.871s] -- Up-to-date: /home/lfvmu/kobuki/install/share/ament_index/resource_index/package_run_dependencies/kobuki_core
[1.871s] -- Up-to-date: /home/lfvmu/kobuki/install/share/ament_index/resource_index/parent_prefix_path/kobuki_core
[1.872s] -- Up-to-date: /home/lfvmu/kobuki/install/share/kobuki_core/environment/ament_prefix_path.sh
[1.872s] -- Installing: /home/lfvmu/kobuki/install/share/kobuki_core/environment/ament_prefix_path.dsv
[1.872s] -- Up-to-date: /home/lfvmu/kobuki/install/share/kobuki_core/environment/path.sh
[1.872s] -- Installing: /home/lfvmu/kobuki/install/share/kobuki_core/environment/path.dsv
[1.873s] -- Up-to-date: /home/lfvmu/kobuki/install/share/kobuki_core/local_setup.bash
[1.873s] -- Up-to-date: /home/lfvmu/kobuki/install/share/kobuki_core/local_setup.sh
[1.873s] -- Up-to-date: /home/lfvmu/kobuki/install/share/kobuki_core/local_setup.zsh
[1.873s] -- Installing: /home/lfvmu/kobuki/install/share/kobuki_core/local_setup.dsv
[1.874s] -- Installing: /home/lfvmu/kobuki/install/share/kobuki_core/package.dsv
[1.874s] -- Up-to-date: /home/lfvmu/kobuki/install/share/ament_index/resource_index/packages/kobuki_core
[1.874s] -- Up-to-date: /home/lfvmu/kobuki/install/share/kobuki_core/cmake/kobuki_coreExport.cmake
[1.875s] -- Installing: /home/lfvmu/kobuki/install/share/kobuki_core/cmake/kobuki_coreExport-relwithdebinfo.cmake
[1.875s] -- Up-to-date: /home/lfvmu/kobuki/install/share/kobuki_core/cmake/ament_cmake_export_targets-extras.cmake
[1.875s] -- Up-to-date: /home/lfvmu/kobuki/install/share/kobuki_core/cmake/ament_cmake_export_dependencies-extras.cmake
[1.875s] -- Up-to-date: /home/lfvmu/kobuki/install/share/kobuki_core/cmake/ament_cmake_export_include_directories-extras.cmake
[1.876s] -- Up-to-date: /home/lfvmu/kobuki/install/share/kobuki_core/cmake/ament_cmake_export_libraries-extras.cmake
[1.876s] -- Up-to-date: /home/lfvmu/kobuki/install/share/kobuki_core/cmake/kobuki_coreConfig.cmake
[1.876s] -- Up-to-date: /home/lfvmu/kobuki/install/share/kobuki_core/cmake/kobuki_coreConfig-version.cmake
[1.876s] -- Up-to-date: /home/lfvmu/kobuki/install/share/kobuki_core/package.xml
[1.877s] -- Up-to-date: /home/lfvmu/kobuki/install/include/kobuki_core
[1.877s] -- Up-to-date: /home/lfvmu/kobuki/install/include/kobuki_core/macros.hpp
[1.877s] -- Up-to-date: /home/lfvmu/kobuki/install/include/kobuki_core/dock_drive.hpp
[1.878s] -- Up-to-date: /home/lfvmu/kobuki/install/include/kobuki_core/version_info.hpp
[1.878s] -- Up-to-date: /home/lfvmu/kobuki/install/include/kobuki_core/command.hpp
[1.878s] -- Up-to-date: /home/lfvmu/kobuki/install/include/kobuki_core/modules.hpp
[1.878s] -- Up-to-date: /home/lfvmu/kobuki/install/include/kobuki_core/event_manager.hpp
[1.879s] -- Up-to-date: /home/lfvmu/kobuki/install/include/kobuki_core/packets.hpp
[1.879s] -- Up-to-date: /home/lfvmu/kobuki/install/include/kobuki_core/packets
[1.879s] -- Up-to-date: /home/lfvmu/kobuki/install/include/kobuki_core/packets/controller_info.hpp
[1.880s] -- Up-to-date: /home/lfvmu/kobuki/install/include/kobuki_core/packets/gp_input.hpp
[1.880s] -- Up-to-date: /home/lfvmu/kobuki/install/include/kobuki_core/packets/current.hpp
[1.881s] -- Up-to-date: /home/lfvmu/kobuki/install/include/kobuki_core/packets/three_axis_gyro.hpp
[1.881s] -- Up-to-date: /home/lfvmu/kobuki/install/include/kobuki_core/packets/cliff.hpp
[1.881s] -- Up-to-date: /home/lfvmu/kobuki/install/include/kobuki_core/packets/firmware.hpp
[1.881s] -- Up-to-date: /home/lfvmu/kobuki/install/include/kobuki_core/packets/eeprom.hpp
[1.882s] -- Up-to-date: /home/lfvmu/kobuki/install/include/kobuki_core/packets/dock_ir.hpp
[1.882s] -- Up-to-date: /home/lfvmu/kobuki/install/include/kobuki_core/packets/core_sensors.hpp
[1.882s] -- Up-to-date: /home/lfvmu/kobuki/install/include/kobuki_core/packets/inertia.hpp
[1.882s] -- Up-to-date: /home/lfvmu/kobuki/install/include/kobuki_core/packets/unique_device_id.hpp
[1.882s] -- Up-to-date: /home/lfvmu/kobuki/install/include/kobuki_core/packets/hardware.hpp
[1.883s] -- Up-to-date: /home/lfvmu/kobuki/install/include/kobuki_core/packet_handler
[1.883s] -- Up-to-date: /home/lfvmu/kobuki/install/include/kobuki_core/packet_handler/payload_headers.hpp
[1.883s] -- Up-to-date: /home/lfvmu/kobuki/install/include/kobuki_core/packet_handler/packet_finder.hpp
[1.883s] -- Up-to-date: /home/lfvmu/kobuki/install/include/kobuki_core/packet_handler/payload_base.hpp
[1.884s] -- Up-to-date: /home/lfvmu/kobuki/install/include/kobuki_core/parameters.hpp
[1.884s] -- Up-to-date: /home/lfvmu/kobuki/install/include/kobuki_core/kobuki.hpp
[1.884s] -- Up-to-date: /home/lfvmu/kobuki/install/include/kobuki_core/logging.hpp
[1.884s] -- Up-to-date: /home/lfvmu/kobuki/install/include/kobuki_core/modules
[1.884s] -- Up-to-date: /home/lfvmu/kobuki/install/include/kobuki_core/modules/acceleration_limiter.hpp
[1.884s] -- Up-to-date: /home/lfvmu/kobuki/install/include/kobuki_core/modules/battery.hpp
[1.885s] -- Up-to-date: /home/lfvmu/kobuki/install/include/kobuki_core/modules/digital_output.hpp
[1.885s] -- Up-to-date: /home/lfvmu/kobuki/install/include/kobuki_core/modules/led_array.hpp
[1.885s] -- Up-to-date: /home/lfvmu/kobuki/install/include/kobuki_core/modules/diff_drive.hpp
[1.885s] -- Up-to-date: /home/lfvmu/kobuki/install/include/kobuki_core/modules/sound.hpp
[1.885s] -- Up-to-date: /home/lfvmu/kobuki/install/lib/libkobuki_core.so.1.3.1
[1.886s] -- Up-to-date: /home/lfvmu/kobuki/install/lib/libkobuki_core.so
[1.887s] -- Up-to-date: /home/lfvmu/kobuki/install/lib/kobuki_core/demo_chirp
[1.888s] -- Up-to-date: /home/lfvmu/kobuki/install/lib/kobuki_core/demo_custom_logging
[1.889s] -- Up-to-date: /home/lfvmu/kobuki/install/lib/kobuki_core/demo_buttons
[1.890s] -- Up-to-date: /home/lfvmu/kobuki/install/lib/kobuki_core/demo_raw_data_stream
[1.891s] -- Up-to-date: /home/lfvmu/kobuki/install/lib/kobuki_core/demo_data_stream
[1.892s] -- Up-to-date: /home/lfvmu/kobuki/install/lib/kobuki_core/demo_velocity_commands
[1.893s] -- Up-to-date: /home/lfvmu/kobuki/install/lib/kobuki_core/demo_simple_loop
[1.894s] -- Up-to-date: /home/lfvmu/kobuki/install/bin/kobuki-version-info
[1.895s] -- Up-to-date: /home/lfvmu/kobuki/install/bin/kobuki-simple-keyop
[1.904s] Invoked command in '/home/lfvmu/kobuki/build/kobuki_core' returned '0': /usr/bin/cmake --install /home/lfvmu/kobuki/build/kobuki_core
