[2.140s] Invoking command in '/home/lfvmu/kobuki/src/ament_lint/ament_cpplint': PYTHONPATH=/home/lfvmu/kobuki/build/ament_cpplint/prefix_override:/home/lfvmu/kobuki/install/lib/python3.8/site-packages:${PYTHONPATH} /usr/bin/python3 setup.py egg_info --egg-base ../../../build/ament_cpplint build --build-base /home/lfvmu/kobuki/build/ament_cpplint/build install --record /home/lfvmu/kobuki/build/ament_cpplint/install.log --single-version-externally-managed
[2.508s] running egg_info
[2.508s] writing ../../../build/ament_cpplint/ament_cpplint.egg-info/PKG-INFO
[2.509s] writing dependency_links to ../../../build/ament_cpplint/ament_cpplint.egg-info/dependency_links.txt
[2.509s] writing entry points to ../../../build/ament_cpplint/ament_cpplint.egg-info/entry_points.txt
[2.510s] writing requirements to ../../../build/ament_cpplint/ament_cpplint.egg-info/requires.txt
[2.510s] writing top-level names to ../../../build/ament_cpplint/ament_cpplint.egg-info/top_level.txt
[2.619s] reading manifest file '../../../build/ament_cpplint/ament_cpplint.egg-info/SOURCES.txt'
[2.619s] writing manifest file '../../../build/ament_cpplint/ament_cpplint.egg-info/SOURCES.txt'
[2.619s] running build
[2.620s] running build_py
[2.620s] running install
[2.620s] running install_lib
[2.621s] running install_data
[2.621s] running install_egg_info
[2.621s] removing '/home/lfvmu/kobuki/install/lib/python3.8/site-packages/ament_cpplint-0.9.7-py3.8.egg-info' (and everything under it)
[2.622s] Copying ../../../build/ament_cpplint/ament_cpplint.egg-info to /home/lfvmu/kobuki/install/lib/python3.8/site-packages/ament_cpplint-0.9.7-py3.8.egg-info
[2.622s] running install_scripts
[2.670s] Installing ament_cpplint script to /home/lfvmu/kobuki/install/bin
[2.671s] writing list of installed files to '/home/lfvmu/kobuki/build/ament_cpplint/install.log'
[2.718s] Invoked command in '/home/lfvmu/kobuki/src/ament_lint/ament_cpplint' returned '0': PYTHONPATH=/home/lfvmu/kobuki/build/ament_cpplint/prefix_override:/home/lfvmu/kobuki/install/lib/python3.8/site-packages:${PYTHONPATH} /usr/bin/python3 setup.py egg_info --egg-base ../../../build/ament_cpplint build --build-base /home/lfvmu/kobuki/build/ament_cpplint/build install --record /home/lfvmu/kobuki/build/ament_cpplint/install.log --single-version-externally-managed
