[2.100s] Invoking command in '/home/lfvmu/kobuki/src/ament_lint/ament_clang_tidy': PYTHONPATH=/home/lfvmu/kobuki/build/ament_clang_tidy/prefix_override:/home/lfvmu/kobuki/install/lib/python3.8/site-packages:${PYTHONPATH} /usr/bin/python3 setup.py egg_info --egg-base ../../../build/ament_clang_tidy build --build-base /home/lfvmu/kobuki/build/ament_clang_tidy/build install --record /home/lfvmu/kobuki/build/ament_clang_tidy/install.log --single-version-externally-managed
[2.518s] running egg_info
[2.520s] writing ../../../build/ament_clang_tidy/ament_clang_tidy.egg-info/PKG-INFO
[2.520s] writing dependency_links to ../../../build/ament_clang_tidy/ament_clang_tidy.egg-info/dependency_links.txt
[2.521s] writing entry points to ../../../build/ament_clang_tidy/ament_clang_tidy.egg-info/entry_points.txt
[2.521s] writing requirements to ../../../build/ament_clang_tidy/ament_clang_tidy.egg-info/requires.txt
[2.521s] writing top-level names to ../../../build/ament_clang_tidy/ament_clang_tidy.egg-info/top_level.txt
[2.630s] reading manifest file '../../../build/ament_clang_tidy/ament_clang_tidy.egg-info/SOURCES.txt'
[2.630s] writing manifest file '../../../build/ament_clang_tidy/ament_clang_tidy.egg-info/SOURCES.txt'
[2.630s] running build
[2.631s] running build_py
[2.631s] running install
[2.636s] running install_lib
[2.637s] running install_data
[2.637s] running install_egg_info
[2.647s] removing '/home/lfvmu/kobuki/install/lib/python3.8/site-packages/ament_clang_tidy-0.9.7-py3.8.egg-info' (and everything under it)
[2.647s] Copying ../../../build/ament_clang_tidy/ament_clang_tidy.egg-info to /home/lfvmu/kobuki/install/lib/python3.8/site-packages/ament_clang_tidy-0.9.7-py3.8.egg-info
[2.647s] running install_scripts
[2.687s] Installing ament_clang_tidy script to /home/lfvmu/kobuki/install/bin
[2.688s] writing list of installed files to '/home/lfvmu/kobuki/build/ament_clang_tidy/install.log'
[2.792s] Invoked command in '/home/lfvmu/kobuki/src/ament_lint/ament_clang_tidy' returned '0': PYTHONPATH=/home/lfvmu/kobuki/build/ament_clang_tidy/prefix_override:/home/lfvmu/kobuki/install/lib/python3.8/site-packages:${PYTHONPATH} /usr/bin/python3 setup.py egg_info --egg-base ../../../build/ament_clang_tidy build --build-base /home/lfvmu/kobuki/build/ament_clang_tidy/build install --record /home/lfvmu/kobuki/build/ament_clang_tidy/install.log --single-version-externally-managed
