[0.314s] Invoking command in '/home/lfvmu/kobuki/build/ament_lint_auto': /usr/bin/cmake /home/lfvmu/kobuki/src/ament_lint/ament_lint_auto -DBUILD_TESTING=OFF --no-warn-unused-cli -DCMAKE_INSTALL_PREFIX=/home/lfvmu/kobuki/install
[0.332s] Not searching for unused variables given on the command line.
[0.333s] -- Found ament_cmake_core: 0.9.11 (/home/lfvmu/kobuki/install/share/ament_cmake_core/cmake)
[0.377s] -- Using PYTHON_EXECUTABLE: /usr/bin/python3
[0.914s] -- Configuring done
[0.919s] -- Generating done
[0.922s] -- Build files have been written to: /home/lfvmu/kobuki/build/ament_lint_auto
[0.926s] Invoked command in '/home/lfvmu/kobuki/build/ament_lint_auto' returned '0': /usr/bin/cmake /home/lfvmu/kobuki/src/ament_lint/ament_lint_auto -DBUILD_TESTING=OFF --no-warn-unused-cli -DCMAKE_INSTALL_PREFIX=/home/lfvmu/kobuki/install
[0.934s] Invoking command in '/home/lfvmu/kobuki/build/ament_lint_auto': /usr/bin/cmake --build /home/lfvmu/kobuki/build/ament_lint_auto -- -j4 -l4
[1.052s] Invoked command in '/home/lfvmu/kobuki/build/ament_lint_auto' returned '0': /usr/bin/cmake --build /home/lfvmu/kobuki/build/ament_lint_auto -- -j4 -l4
[1.311s] Invoking command in '/home/lfvmu/kobuki/build/ament_lint_auto': /usr/bin/cmake --install /home/lfvmu/kobuki/build/ament_lint_auto
[1.347s] -- Install configuration: "RelWithDebInfo"
[1.348s] -- Up-to-date: /home/lfvmu/kobuki/install/share/ament_index/resource_index/package_run_dependencies/ament_lint_auto
[1.348s] -- Up-to-date: /home/lfvmu/kobuki/install/share/ament_index/resource_index/parent_prefix_path/ament_lint_auto
[1.350s] -- Up-to-date: /home/lfvmu/kobuki/install/share/ament_lint_auto/environment/ament_prefix_path.sh
[1.350s] -- Installing: /home/lfvmu/kobuki/install/share/ament_lint_auto/environment/ament_prefix_path.dsv
[1.351s] -- Up-to-date: /home/lfvmu/kobuki/install/share/ament_lint_auto/environment/path.sh
[1.351s] -- Installing: /home/lfvmu/kobuki/install/share/ament_lint_auto/environment/path.dsv
[1.352s] -- Up-to-date: /home/lfvmu/kobuki/install/share/ament_lint_auto/local_setup.bash
[1.352s] -- Up-to-date: /home/lfvmu/kobuki/install/share/ament_lint_auto/local_setup.sh
[1.352s] -- Up-to-date: /home/lfvmu/kobuki/install/share/ament_lint_auto/local_setup.zsh
[1.353s] -- Installing: /home/lfvmu/kobuki/install/share/ament_lint_auto/local_setup.dsv
[1.353s] -- Installing: /home/lfvmu/kobuki/install/share/ament_lint_auto/package.dsv
[1.354s] -- Up-to-date: /home/lfvmu/kobuki/install/share/ament_index/resource_index/packages/ament_lint_auto
[1.355s] -- Up-to-date: /home/lfvmu/kobuki/install/share/ament_lint_auto/cmake/ament_lint_auto-extras.cmake
[1.355s] -- Up-to-date: /home/lfvmu/kobuki/install/share/ament_lint_auto/cmake/ament_lint_autoConfig.cmake
[1.355s] -- Up-to-date: /home/lfvmu/kobuki/install/share/ament_lint_auto/cmake/ament_lint_autoConfig-version.cmake
[1.356s] -- Up-to-date: /home/lfvmu/kobuki/install/share/ament_lint_auto/package.xml
[1.356s] -- Up-to-date: /home/lfvmu/kobuki/install/share/ament_lint_auto/cmake
[1.356s] -- Up-to-date: /home/lfvmu/kobuki/install/share/ament_lint_auto/cmake/ament_lint_auto_package_hook.cmake
[1.356s] -- Up-to-date: /home/lfvmu/kobuki/install/share/ament_lint_auto/cmake/ament_lint_auto_find_test_dependencies.cmake
[1.834s] Invoked command in '/home/lfvmu/kobuki/build/ament_lint_auto' returned '0': /usr/bin/cmake --install /home/lfvmu/kobuki/build/ament_lint_auto
