[0.255s] Invoking command in '/home/lfvmu/kobuki/build/ecl_statistics': /usr/bin/cmake /home/lfvmu/kobuki/src/ecl_core/ecl_statistics -DBUILD_TESTING=OFF -DCMAKE_INSTALL_PREFIX=/home/lfvmu/kobuki/install
[0.288s] Re-run cmake no build system arguments
[0.303s] -- Found ament_cmake_ros: 0.9.2 (/home/lfvmu/kobuki/install/share/ament_cmake_ros/cmake)
[0.352s] -- Using PYTHON_EXECUTABLE: /usr/bin/python3
[0.729s] -- Found ecl_build: 1.0.3 (/home/lfvmu/kobuki/install/share/ecl_build/cmake)
[0.757s] -- Found ecl_config: 1.1.0 (/home/lfvmu/kobuki/install/share/ecl_config/cmake)
[0.759s] -- Found ecl_linear_algebra: 1.2.1 (/home/lfvmu/kobuki/install/share/ecl_linear_algebra/cmake)
[1.082s] -- Configuring done
[1.100s] -- Generating done
[1.101s] -- Build files have been written to: /home/lfvmu/kobuki/build/ecl_statistics
[1.307s] Invoked command in '/home/lfvmu/kobuki/build/ecl_statistics' returned '0': /usr/bin/cmake /home/lfvmu/kobuki/src/ecl_core/ecl_statistics -DBUILD_TESTING=OFF -DCMAKE_INSTALL_PREFIX=/home/lfvmu/kobuki/install
[1.309s] Invoking command in '/home/lfvmu/kobuki/build/ecl_statistics': /usr/bin/cmake --build /home/lfvmu/kobuki/build/ecl_statistics -- -j4 -l4
[1.520s] /usr/bin/cmake -S/home/lfvmu/kobuki/src/ecl_core/ecl_statistics -B/home/lfvmu/kobuki/build/ecl_statistics --check-build-system CMakeFiles/Makefile.cmake 0
[1.521s] /usr/bin/cmake -E cmake_progress_start /home/lfvmu/kobuki/build/ecl_statistics/CMakeFiles /home/lfvmu/kobuki/build/ecl_statistics/CMakeFiles/progress.marks
[1.527s] /usr/bin/make -f CMakeFiles/Makefile2 all
[1.531s] make[1]: Entering directory '/home/lfvmu/kobuki/build/ecl_statistics'
[1.531s] /usr/bin/make -f src/lib/CMakeFiles/ecl_statistics.dir/build.make src/lib/CMakeFiles/ecl_statistics.dir/depend
[1.532s] make[2]: Entering directory '/home/lfvmu/kobuki/build/ecl_statistics'
[1.532s] cd /home/lfvmu/kobuki/build/ecl_statistics && /usr/bin/cmake -E cmake_depends "Unix Makefiles" /home/lfvmu/kobuki/src/ecl_core/ecl_statistics /home/lfvmu/kobuki/src/ecl_core/ecl_statistics/src/lib /home/lfvmu/kobuki/build/ecl_statistics /home/lfvmu/kobuki/build/ecl_statistics/src/lib /home/lfvmu/kobuki/build/ecl_statistics/src/lib/CMakeFiles/ecl_statistics.dir/DependInfo.cmake --color=
[1.533s] make[2]: Leaving directory '/home/lfvmu/kobuki/build/ecl_statistics'
[1.533s] /usr/bin/make -f src/lib/CMakeFiles/ecl_statistics.dir/build.make src/lib/CMakeFiles/ecl_statistics.dir/build
[1.533s] make[2]: Entering directory '/home/lfvmu/kobuki/build/ecl_statistics'
[1.534s] make[2]: Nothing to be done for 'src/lib/CMakeFiles/ecl_statistics.dir/build'.
[1.534s] make[2]: Leaving directory '/home/lfvmu/kobuki/build/ecl_statistics'
[1.537s] [100%] Built target ecl_statistics
[1.544s] make[1]: Leaving directory '/home/lfvmu/kobuki/build/ecl_statistics'
[1.547s] /usr/bin/cmake -E cmake_progress_start /home/lfvmu/kobuki/build/ecl_statistics/CMakeFiles 0
[1.647s] Invoked command in '/home/lfvmu/kobuki/build/ecl_statistics' returned '0': /usr/bin/cmake --build /home/lfvmu/kobuki/build/ecl_statistics -- -j4 -l4
[1.765s] Invoking command in '/home/lfvmu/kobuki/build/ecl_statistics': /usr/bin/cmake --install /home/lfvmu/kobuki/build/ecl_statistics
[1.802s] -- Install configuration: "RelWithDebInfo"
[1.802s] -- Up-to-date: /home/lfvmu/kobuki/install/share/ecl_statistics/environment/library_path.sh
[1.803s] -- Installing: /home/lfvmu/kobuki/install/share/ecl_statistics/environment/library_path.dsv
[1.803s] -- Up-to-date: /home/lfvmu/kobuki/install/share/ament_index/resource_index/package_run_dependencies/ecl_statistics
[1.805s] -- Up-to-date: /home/lfvmu/kobuki/install/share/ament_index/resource_index/parent_prefix_path/ecl_statistics
[1.805s] -- Up-to-date: /home/lfvmu/kobuki/install/share/ecl_statistics/environment/ament_prefix_path.sh
[1.806s] -- Installing: /home/lfvmu/kobuki/install/share/ecl_statistics/environment/ament_prefix_path.dsv
[1.807s] -- Up-to-date: /home/lfvmu/kobuki/install/share/ecl_statistics/environment/path.sh
[1.807s] -- Installing: /home/lfvmu/kobuki/install/share/ecl_statistics/environment/path.dsv
[1.809s] -- Up-to-date: /home/lfvmu/kobuki/install/share/ecl_statistics/local_setup.bash
[1.810s] -- Up-to-date: /home/lfvmu/kobuki/install/share/ecl_statistics/local_setup.sh
[1.811s] -- Up-to-date: /home/lfvmu/kobuki/install/share/ecl_statistics/local_setup.zsh
[1.812s] -- Installing: /home/lfvmu/kobuki/install/share/ecl_statistics/local_setup.dsv
[1.812s] -- Installing: /home/lfvmu/kobuki/install/share/ecl_statistics/package.dsv
[1.813s] -- Up-to-date: /home/lfvmu/kobuki/install/share/ament_index/resource_index/packages/ecl_statistics
[1.813s] -- Up-to-date: /home/lfvmu/kobuki/install/share/ecl_statistics/cmake/ecl_statisticsExport.cmake
[1.818s] -- Installing: /home/lfvmu/kobuki/install/share/ecl_statistics/cmake/ecl_statisticsExport-relwithdebinfo.cmake
[1.819s] -- Up-to-date: /home/lfvmu/kobuki/install/share/ecl_statistics/cmake/ament_cmake_export_targets-extras.cmake
[1.819s] -- Up-to-date: /home/lfvmu/kobuki/install/share/ecl_statistics/cmake/ament_cmake_export_include_directories-extras.cmake
[1.819s] -- Up-to-date: /home/lfvmu/kobuki/install/share/ecl_statistics/cmake/ament_cmake_export_libraries-extras.cmake
[1.819s] -- Up-to-date: /home/lfvmu/kobuki/install/share/ecl_statistics/cmake/ament_cmake_export_dependencies-extras.cmake
[1.820s] -- Up-to-date: /home/lfvmu/kobuki/install/share/ecl_statistics/cmake/ecl_statisticsConfig.cmake
[1.820s] -- Up-to-date: /home/lfvmu/kobuki/install/share/ecl_statistics/cmake/ecl_statisticsConfig-version.cmake
[1.820s] -- Up-to-date: /home/lfvmu/kobuki/install/share/ecl_statistics/package.xml
[1.821s] -- Up-to-date: /home/lfvmu/kobuki/install/include/ecl/statistics.hpp
[1.823s] -- Up-to-date: /home/lfvmu/kobuki/install/include/ecl/statistics/covariance_ellipsoid.hpp
[1.824s] -- Up-to-date: /home/lfvmu/kobuki/install/include/ecl/statistics/cumulative_statistics.hpp
[1.827s] -- Up-to-date: /home/lfvmu/kobuki/install/lib/libecl_statistics.so.1.2.1
[1.829s] -- Up-to-date: /home/lfvmu/kobuki/install/lib/libecl_statistics.so
[1.840s] Invoked command in '/home/lfvmu/kobuki/build/ecl_statistics' returned '0': /usr/bin/cmake --install /home/lfvmu/kobuki/build/ecl_statistics
