[0.563s] Invoking command in '/home/lfvmu/kobuki/build/ament_cmake_libraries': /usr/bin/cmake /home/lfvmu/kobuki/src/ament_cmake/ament_cmake_libraries -DBUILD_TESTING=OFF -DCMAKE_INSTALL_PREFIX=/home/lfvmu/kobuki/install
[0.629s] -- Found ament_cmake_core: 0.9.11 (/home/lfvmu/kobuki/install/share/ament_cmake_core/cmake)
[0.688s] -- Using PYTHON_EXECUTABLE: /usr/bin/python3
[1.184s] -- Configuring done
[1.191s] -- Generating done
[1.194s] -- Build files have been written to: /home/lfvmu/kobuki/build/ament_cmake_libraries
[1.204s] Invoked command in '/home/lfvmu/kobuki/build/ament_cmake_libraries' returned '0': /usr/bin/cmake /home/lfvmu/kobuki/src/ament_cmake/ament_cmake_libraries -DBUILD_TESTING=OFF -DCMAKE_INSTALL_PREFIX=/home/lfvmu/kobuki/install
[1.206s] Invoking command in '/home/lfvmu/kobuki/build/ament_cmake_libraries': /usr/bin/cmake --build /home/lfvmu/kobuki/build/ament_cmake_libraries -- -j4 -l4
[1.329s] Invoked command in '/home/lfvmu/kobuki/build/ament_cmake_libraries' returned '0': /usr/bin/cmake --build /home/lfvmu/kobuki/build/ament_cmake_libraries -- -j4 -l4
[1.392s] Invoking command in '/home/lfvmu/kobuki/build/ament_cmake_libraries': /usr/bin/cmake --install /home/lfvmu/kobuki/build/ament_cmake_libraries
[1.426s] -- Install configuration: "RelWithDebInfo"
[1.426s] -- Up-to-date: /home/lfvmu/kobuki/install/share/ament_index/resource_index/package_run_dependencies/ament_cmake_libraries
[1.427s] -- Up-to-date: /home/lfvmu/kobuki/install/share/ament_index/resource_index/parent_prefix_path/ament_cmake_libraries
[1.427s] -- Up-to-date: /home/lfvmu/kobuki/install/share/ament_cmake_libraries/environment/ament_prefix_path.sh
[1.427s] -- Installing: /home/lfvmu/kobuki/install/share/ament_cmake_libraries/environment/ament_prefix_path.dsv
[1.427s] -- Up-to-date: /home/lfvmu/kobuki/install/share/ament_cmake_libraries/environment/path.sh
[1.428s] -- Installing: /home/lfvmu/kobuki/install/share/ament_cmake_libraries/environment/path.dsv
[1.429s] -- Up-to-date: /home/lfvmu/kobuki/install/share/ament_cmake_libraries/local_setup.bash
[1.429s] -- Up-to-date: /home/lfvmu/kobuki/install/share/ament_cmake_libraries/local_setup.sh
[1.430s] -- Up-to-date: /home/lfvmu/kobuki/install/share/ament_cmake_libraries/local_setup.zsh
[1.430s] -- Installing: /home/lfvmu/kobuki/install/share/ament_cmake_libraries/local_setup.dsv
[1.430s] -- Installing: /home/lfvmu/kobuki/install/share/ament_cmake_libraries/package.dsv
[1.431s] -- Up-to-date: /home/lfvmu/kobuki/install/share/ament_index/resource_index/packages/ament_cmake_libraries
[1.431s] -- Up-to-date: /home/lfvmu/kobuki/install/share/ament_cmake_libraries/cmake/ament_cmake_libraries-extras.cmake
[1.432s] -- Up-to-date: /home/lfvmu/kobuki/install/share/ament_cmake_libraries/cmake/ament_cmake_librariesConfig.cmake
[1.432s] -- Up-to-date: /home/lfvmu/kobuki/install/share/ament_cmake_libraries/cmake/ament_cmake_librariesConfig-version.cmake
[1.432s] -- Up-to-date: /home/lfvmu/kobuki/install/share/ament_cmake_libraries/package.xml
[1.432s] -- Up-to-date: /home/lfvmu/kobuki/install/share/ament_cmake_libraries/cmake
[1.432s] -- Up-to-date: /home/lfvmu/kobuki/install/share/ament_cmake_libraries/cmake/ament_libraries_deduplicate.cmake
[1.433s] -- Up-to-date: /home/lfvmu/kobuki/install/share/ament_cmake_libraries/cmake/ament_libraries_pack_build_configuration.cmake
[1.433s] -- Up-to-date: /home/lfvmu/kobuki/install/share/ament_cmake_libraries/cmake/ament_libraries_unpack_build_configuration.cmake
[1.450s] Invoked command in '/home/lfvmu/kobuki/build/ament_cmake_libraries' returned '0': /usr/bin/cmake --install /home/lfvmu/kobuki/build/ament_cmake_libraries
