[2.986s] Invoking command in '/home/lfvmu/kobuki/src/ament_lint/ament_cppcheck': PYTHONPATH=/home/lfvmu/kobuki/build/ament_cppcheck/prefix_override:/home/lfvmu/kobuki/install/lib/python3.8/site-packages:${PYTHONPATH} /usr/bin/python3 setup.py egg_info --egg-base ../../../build/ament_cppcheck build --build-base /home/lfvmu/kobuki/build/ament_cppcheck/build install --record /home/lfvmu/kobuki/build/ament_cppcheck/install.log --single-version-externally-managed
[3.550s] running egg_info
[3.553s] writing ../../../build/ament_cppcheck/ament_cppcheck.egg-info/PKG-INFO
[3.554s] writing dependency_links to ../../../build/ament_cppcheck/ament_cppcheck.egg-info/dependency_links.txt
[3.571s] writing entry points to ../../../build/ament_cppcheck/ament_cppcheck.egg-info/entry_points.txt
[3.573s] writing requirements to ../../../build/ament_cppcheck/ament_cppcheck.egg-info/requires.txt
[3.574s] writing top-level names to ../../../build/ament_cppcheck/ament_cppcheck.egg-info/top_level.txt
[3.681s] reading manifest file '../../../build/ament_cppcheck/ament_cppcheck.egg-info/SOURCES.txt'
[3.682s] writing manifest file '../../../build/ament_cppcheck/ament_cppcheck.egg-info/SOURCES.txt'
[3.682s] running build
[3.682s] running build_py
[3.682s] running install
[3.682s] running install_lib
[3.683s] running install_data
[3.683s] running install_egg_info
[3.683s] removing '/home/lfvmu/kobuki/install/lib/python3.8/site-packages/ament_cppcheck-0.9.7-py3.8.egg-info' (and everything under it)
[3.684s] Copying ../../../build/ament_cppcheck/ament_cppcheck.egg-info to /home/lfvmu/kobuki/install/lib/python3.8/site-packages/ament_cppcheck-0.9.7-py3.8.egg-info
[3.685s] running install_scripts
[3.724s] Installing ament_cppcheck script to /home/lfvmu/kobuki/install/bin
[3.724s] writing list of installed files to '/home/lfvmu/kobuki/build/ament_cppcheck/install.log'
[4.046s] Invoked command in '/home/lfvmu/kobuki/src/ament_lint/ament_cppcheck' returned '0': PYTHONPATH=/home/lfvmu/kobuki/build/ament_cppcheck/prefix_override:/home/lfvmu/kobuki/install/lib/python3.8/site-packages:${PYTHONPATH} /usr/bin/python3 setup.py egg_info --egg-base ../../../build/ament_cppcheck build --build-base /home/lfvmu/kobuki/build/ament_cppcheck/build install --record /home/lfvmu/kobuki/build/ament_cppcheck/install.log --single-version-externally-managed
