[0.289s] Invoking command in '/home/lfvmu/kobuki/build/ament_cmake_gmock': /usr/bin/cmake /home/lfvmu/kobuki/src/ament_cmake/ament_cmake_gmock -DBUILD_TESTING=OFF -DCMAKE_INSTALL_PREFIX=/home/lfvmu/kobuki/install
[0.326s] Re-run cmake no build system arguments
[0.331s] -- Found ament_cmake_core: 0.9.11 (/home/lfvmu/kobuki/install/share/ament_cmake_core/cmake)
[0.399s] -- Using PYTHON_EXECUTABLE: /usr/bin/python3
[0.887s] -- Configuring done
[0.893s] -- Generating done
[0.895s] -- Build files have been written to: /home/lfvmu/kobuki/build/ament_cmake_gmock
[1.507s] Invoked command in '/home/lfvmu/kobuki/build/ament_cmake_gmock' returned '0': /usr/bin/cmake /home/lfvmu/kobuki/src/ament_cmake/ament_cmake_gmock -DBUILD_TESTING=OFF -DCMAKE_INSTALL_PREFIX=/home/lfvmu/kobuki/install
[1.514s] Invoking command in '/home/lfvmu/kobuki/build/ament_cmake_gmock': /usr/bin/cmake --build /home/lfvmu/kobuki/build/ament_cmake_gmock -- -j4 -l4
[1.571s] /usr/bin/cmake -S/home/lfvmu/kobuki/src/ament_cmake/ament_cmake_gmock -B/home/lfvmu/kobuki/build/ament_cmake_gmock --check-build-system CMakeFiles/Makefile.cmake 0
[1.600s] /usr/bin/cmake -E cmake_progress_start /home/lfvmu/kobuki/build/ament_cmake_gmock/CMakeFiles /home/lfvmu/kobuki/build/ament_cmake_gmock/CMakeFiles/progress.marks
[1.620s] /usr/bin/make -f CMakeFiles/Makefile2 all
[1.627s] make[1]: Entering directory '/home/lfvmu/kobuki/build/ament_cmake_gmock'
[1.631s] make[1]: Nothing to be done for 'all'.
[1.631s] make[1]: Leaving directory '/home/lfvmu/kobuki/build/ament_cmake_gmock'
[1.634s] /usr/bin/cmake -E cmake_progress_start /home/lfvmu/kobuki/build/ament_cmake_gmock/CMakeFiles 0
[1.663s] Invoked command in '/home/lfvmu/kobuki/build/ament_cmake_gmock' returned '0': /usr/bin/cmake --build /home/lfvmu/kobuki/build/ament_cmake_gmock -- -j4 -l4
[1.738s] Invoking command in '/home/lfvmu/kobuki/build/ament_cmake_gmock': /usr/bin/cmake --install /home/lfvmu/kobuki/build/ament_cmake_gmock
[1.757s] -- Install configuration: "RelWithDebInfo"
[1.757s] -- Up-to-date: /home/lfvmu/kobuki/install/share/ament_index/resource_index/package_run_dependencies/ament_cmake_gmock
[1.758s] -- Up-to-date: /home/lfvmu/kobuki/install/share/ament_index/resource_index/parent_prefix_path/ament_cmake_gmock
[1.758s] -- Up-to-date: /home/lfvmu/kobuki/install/share/ament_cmake_gmock/environment/ament_prefix_path.sh
[1.758s] -- Installing: /home/lfvmu/kobuki/install/share/ament_cmake_gmock/environment/ament_prefix_path.dsv
[1.763s] -- Up-to-date: /home/lfvmu/kobuki/install/share/ament_cmake_gmock/environment/path.sh
[1.764s] -- Installing: /home/lfvmu/kobuki/install/share/ament_cmake_gmock/environment/path.dsv
[1.764s] -- Up-to-date: /home/lfvmu/kobuki/install/share/ament_cmake_gmock/local_setup.bash
[1.765s] -- Up-to-date: /home/lfvmu/kobuki/install/share/ament_cmake_gmock/local_setup.sh
[1.765s] -- Up-to-date: /home/lfvmu/kobuki/install/share/ament_cmake_gmock/local_setup.zsh
[1.765s] -- Installing: /home/lfvmu/kobuki/install/share/ament_cmake_gmock/local_setup.dsv
[1.765s] -- Installing: /home/lfvmu/kobuki/install/share/ament_cmake_gmock/package.dsv
[1.766s] -- Up-to-date: /home/lfvmu/kobuki/install/share/ament_index/resource_index/packages/ament_cmake_gmock
[1.766s] -- Up-to-date: /home/lfvmu/kobuki/install/share/ament_cmake_gmock/cmake/ament_cmake_gmock-extras.cmake
[1.766s] -- Up-to-date: /home/lfvmu/kobuki/install/share/ament_cmake_gmock/cmake/ament_cmake_gmockConfig.cmake
[1.767s] -- Up-to-date: /home/lfvmu/kobuki/install/share/ament_cmake_gmock/cmake/ament_cmake_gmockConfig-version.cmake
[1.767s] -- Up-to-date: /home/lfvmu/kobuki/install/share/ament_cmake_gmock/package.xml
[1.767s] -- Up-to-date: /home/lfvmu/kobuki/install/share/ament_cmake_gmock/cmake
[1.768s] -- Up-to-date: /home/lfvmu/kobuki/install/share/ament_cmake_gmock/cmake/ament_add_gmock.cmake
[1.768s] -- Up-to-date: /home/lfvmu/kobuki/install/share/ament_cmake_gmock/cmake/ament_find_gmock.cmake
[1.776s] Invoked command in '/home/lfvmu/kobuki/build/ament_cmake_gmock' returned '0': /usr/bin/cmake --install /home/lfvmu/kobuki/build/ament_cmake_gmock
