[0.341s] Invoking command in '/home/lfvmu/kobuki/build/kobuki_core': AMENT_PREFIX_PATH=/home/lfvmu/kobuki/install CMAKE_PREFIX_PATH=/home/lfvmu/kobuki/install LD_LIBRARY_PATH=/home/lfvmu/kobuki/install/lib PATH=/home/lfvmu/kobuki/install/bin:${PATH} PKG_CONFIG_PATH=/home/lfvmu/kobuki/install/lib/x86_64-linux-gnu/pkgconfig:/home/lfvmu/kobuki/install/lib/pkgconfig PYTHONPATH=/home/lfvmu/kobuki/install/lib/python3.8/site-packages /usr/bin/cmake /home/lfvmu/kobuki/src/kobuki_core -DBUILD_TESTING=OFF -DCMAKE_BUILD_TYPE=RelWithDebInfo -DCMAKE_INSTALL_PREFIX=/home/lfvmu/kobuki/install
[0.434s] -- Found ament_cmake_ros: 0.9.2 (/home/lfvmu/kobuki/install/share/ament_cmake_ros/cmake)
[0.523s] -- Using PYTHON_EXECUTABLE: /usr/bin/python3
[30.894s] -- Found ecl_build: 1.0.3 (/home/lfvmu/kobuki/install/share/ecl_build/cmake)
[30.947s] -- Found ecl_command_line: 1.2.1 (/home/lfvmu/kobuki/install/share/ecl_command_line/cmake)
[30.964s] -- Found ecl_config: 1.1.0 (/home/lfvmu/kobuki/install/share/ecl_config/cmake)
[30.978s] -- Found ecl_console: 1.1.0 (/home/lfvmu/kobuki/install/share/ecl_console/cmake)
[31.000s] -- Found ecl_converters: 1.2.1 (/home/lfvmu/kobuki/install/share/ecl_converters/cmake)
[31.084s] -- Found ecl_devices: 1.2.1 (/home/lfvmu/kobuki/install/share/ecl_devices/cmake)
[34.136s] -- Found ecl_geometry: 1.2.1 (/home/lfvmu/kobuki/install/share/ecl_geometry/cmake)
[34.289s] -- Found ecl_mobile_robot: 1.2.1 (/home/lfvmu/kobuki/install/share/ecl_mobile_robot/cmake)
[34.317s] -- Found ecl_sigslots: 1.2.1 (/home/lfvmu/kobuki/install/share/ecl_sigslots/cmake)
[34.596s] -- Configuring done
[34.889s] -- Generating done
[34.915s] -- Build files have been written to: /home/lfvmu/kobuki/build/kobuki_core
[34.954s] Invoked command in '/home/lfvmu/kobuki/build/kobuki_core' returned '0': AMENT_PREFIX_PATH=/home/lfvmu/kobuki/install CMAKE_PREFIX_PATH=/home/lfvmu/kobuki/install LD_LIBRARY_PATH=/home/lfvmu/kobuki/install/lib PATH=/home/lfvmu/kobuki/install/bin:${PATH} PKG_CONFIG_PATH=/home/lfvmu/kobuki/install/lib/x86_64-linux-gnu/pkgconfig:/home/lfvmu/kobuki/install/lib/pkgconfig PYTHONPATH=/home/lfvmu/kobuki/install/lib/python3.8/site-packages /usr/bin/cmake /home/lfvmu/kobuki/src/kobuki_core -DBUILD_TESTING=OFF -DCMAKE_BUILD_TYPE=RelWithDebInfo -DCMAKE_INSTALL_PREFIX=/home/lfvmu/kobuki/install
[34.957s] Invoking command in '/home/lfvmu/kobuki/build/kobuki_core': AMENT_PREFIX_PATH=/home/lfvmu/kobuki/install CMAKE_PREFIX_PATH=/home/lfvmu/kobuki/install LD_LIBRARY_PATH=/home/lfvmu/kobuki/install/lib PATH=/home/lfvmu/kobuki/install/bin:${PATH} PKG_CONFIG_PATH=/home/lfvmu/kobuki/install/lib/x86_64-linux-gnu/pkgconfig:/home/lfvmu/kobuki/install/lib/pkgconfig PYTHONPATH=/home/lfvmu/kobuki/install/lib/python3.8/site-packages /usr/bin/cmake --build /home/lfvmu/kobuki/build/kobuki_core -- -j4 -l4
[35.522s] [  3%] [32mBuilding CXX object src/driver/CMakeFiles/kobuki_core.dir/battery.cpp.o[0m
[37.640s] [  6%] [32mBuilding CXX object src/driver/CMakeFiles/kobuki_core.dir/diff_drive.cpp.o[0m
[62.907s] [  9%] [32mBuilding CXX object src/driver/CMakeFiles/kobuki_core.dir/dock_drive.cpp.o[0m
[72.681s] [ 12%] [32mBuilding CXX object src/driver/CMakeFiles/kobuki_core.dir/dock_drive_debug.cpp.o[0m
[80.146s] [ 15%] [32mBuilding CXX object src/driver/CMakeFiles/kobuki_core.dir/dock_drive_states.cpp.o[0m
[86.515s] [ 18%] [32mBuilding CXX object src/driver/CMakeFiles/kobuki_core.dir/event_manager.cpp.o[0m
[99.813s] [ 21%] [32mBuilding CXX object src/driver/CMakeFiles/kobuki_core.dir/firmware.cpp.o[0m
[101.806s] [ 25%] [32mBuilding CXX object src/driver/CMakeFiles/kobuki_core.dir/kobuki.cpp.o[0m
[131.136s] [ 28%] [32mBuilding CXX object src/driver/CMakeFiles/kobuki_core.dir/logging.cpp.o[0m
[132.072s] [ 31%] [32mBuilding CXX object src/driver/CMakeFiles/kobuki_core.dir/packet_finder.cpp.o[0m
[138.796s] [ 34%] [32mBuilding CXX object src/driver/CMakeFiles/kobuki_core.dir/__/__/version_info.cpp.o[0m
[139.859s] [ 37%] [32mBuilding CXX object src/driver/CMakeFiles/kobuki_core.dir/core_sensors.cpp.o[0m
[141.763s] [ 40%] [32mBuilding CXX object src/driver/CMakeFiles/kobuki_core.dir/command.cpp.o[0m
[148.240s] [ 43%] [32m[1mLinking CXX shared library libkobuki_core.so[0m
[149.013s] [ 43%] Built target kobuki_core
[149.100s] [ 46%] [32mBuilding CXX object src/demos/CMakeFiles/kobuki_core_demo_raw_data_stream.dir/raw_data_stream.cpp.o[0m
[149.104s] [ 50%] [32mBuilding CXX object src/demos/CMakeFiles/kobuki_core_demo_custom_logging.dir/custom_logging.cpp.o[0m
[161.165s] [ 53%] [32mBuilding CXX object src/demos/CMakeFiles/kobuki_core_demo_data_stream.dir/data_stream.cpp.o[0m
[163.357s] [ 56%] [32mBuilding CXX object src/demos/CMakeFiles/kobuki_core_demo_buttons.dir/buttons.cpp.o[0m
[176.850s] [ 59%] [32m[1mLinking CXX executable demo_custom_logging[0m
[177.107s] [ 62%] [32m[1mLinking CXX executable demo_raw_data_stream[0m
[177.425s] [ 62%] Built target kobuki_core_demo_custom_logging
[177.739s] [ 62%] Built target kobuki_core_demo_raw_data_stream
[187.818s] [ 65%] [32m[1mLinking CXX executable demo_data_stream[0m
[188.182s] [ 65%] Built target kobuki_core_demo_data_stream
[189.150s] [ 68%] [32m[1mLinking CXX executable demo_buttons[0m
[189.511s] [ 68%] Built target kobuki_core_demo_buttons
[189.561s] [ 71%] [32mBuilding CXX object src/demos/CMakeFiles/kobuki_core_demo_velocity_commands.dir/velocity_commands.cpp.o[0m
[190.689s] [ 75%] [32m[1mLinking CXX executable demo_velocity_commands[0m
[190.911s] [ 75%] Built target kobuki_core_demo_velocity_commands
[191.001s] [ 78%] [32mBuilding CXX object src/tools/CMakeFiles/kobuki_core_tool_simple_keyop.dir/simple_keyop.cpp.o[0m
[211.468s] [ 81%] [32m[1mLinking CXX executable kobuki-simple-keyop[0m
[211.840s] [ 81%] Built target kobuki_core_tool_simple_keyop
[211.935s] [ 84%] [32mBuilding CXX object src/demos/CMakeFiles/kobuki_core_demo_chirp.dir/chirp.cpp.o[0m
[211.936s] [ 90%] [32mBuilding CXX object src/demos/CMakeFiles/kobuki_core_demo_simple_loop.dir/simple_loop.cpp.o[0m
[211.936s] [ 90%] [32mBuilding CXX object src/tools/CMakeFiles/kobuki_core_tool_version_info.dir/version_info.cpp.o[0m
[231.533s] [ 93%] [32m[1mLinking CXX executable demo_chirp[0m
[231.968s] [ 93%] Built target kobuki_core_demo_chirp
[233.514s] [ 96%] [32m[1mLinking CXX executable kobuki-version-info[0m
[233.830s] [100%] [32m[1mLinking CXX executable demo_simple_loop[0m
[233.984s] [100%] Built target kobuki_core_tool_version_info
[234.261s] [100%] Built target kobuki_core_demo_simple_loop
[234.292s] Invoked command in '/home/lfvmu/kobuki/build/kobuki_core' returned '0': AMENT_PREFIX_PATH=/home/lfvmu/kobuki/install CMAKE_PREFIX_PATH=/home/lfvmu/kobuki/install LD_LIBRARY_PATH=/home/lfvmu/kobuki/install/lib PATH=/home/lfvmu/kobuki/install/bin:${PATH} PKG_CONFIG_PATH=/home/lfvmu/kobuki/install/lib/x86_64-linux-gnu/pkgconfig:/home/lfvmu/kobuki/install/lib/pkgconfig PYTHONPATH=/home/lfvmu/kobuki/install/lib/python3.8/site-packages /usr/bin/cmake --build /home/lfvmu/kobuki/build/kobuki_core -- -j4 -l4
[234.344s] Invoking command in '/home/lfvmu/kobuki/build/kobuki_core': AMENT_PREFIX_PATH=/home/lfvmu/kobuki/install CMAKE_PREFIX_PATH=/home/lfvmu/kobuki/install LD_LIBRARY_PATH=/home/lfvmu/kobuki/install/lib PATH=/home/lfvmu/kobuki/install/bin:${PATH} PKG_CONFIG_PATH=/home/lfvmu/kobuki/install/lib/x86_64-linux-gnu/pkgconfig:/home/lfvmu/kobuki/install/lib/pkgconfig PYTHONPATH=/home/lfvmu/kobuki/install/lib/python3.8/site-packages /usr/bin/cmake --install /home/lfvmu/kobuki/build/kobuki_core
[234.363s] -- Install configuration: "RelWithDebInfo"
[234.364s] -- Up-to-date: /home/lfvmu/kobuki/install/include
[234.365s] -- Up-to-date: /home/lfvmu/kobuki/install/include/kobuki_core
[234.365s] -- Up-to-date: /home/lfvmu/kobuki/install/include/kobuki_core/macros.hpp
[234.365s] -- Up-to-date: /home/lfvmu/kobuki/install/include/kobuki_core/dock_drive.hpp
[234.366s] -- Up-to-date: /home/lfvmu/kobuki/install/include/kobuki_core/version_info.hpp
[234.366s] -- Up-to-date: /home/lfvmu/kobuki/install/include/kobuki_core/command.hpp
[234.366s] -- Up-to-date: /home/lfvmu/kobuki/install/include/kobuki_core/modules.hpp
[234.366s] -- Up-to-date: /home/lfvmu/kobuki/install/include/kobuki_core/event_manager.hpp
[234.367s] -- Up-to-date: /home/lfvmu/kobuki/install/include/kobuki_core/packets.hpp
[234.367s] -- Up-to-date: /home/lfvmu/kobuki/install/include/kobuki_core/packets
[234.367s] -- Up-to-date: /home/lfvmu/kobuki/install/include/kobuki_core/packets/controller_info.hpp
[234.367s] -- Up-to-date: /home/lfvmu/kobuki/install/include/kobuki_core/packets/gp_input.hpp
[234.367s] -- Up-to-date: /home/lfvmu/kobuki/install/include/kobuki_core/packets/current.hpp
[234.368s] -- Up-to-date: /home/lfvmu/kobuki/install/include/kobuki_core/packets/three_axis_gyro.hpp
[234.368s] -- Up-to-date: /home/lfvmu/kobuki/install/include/kobuki_core/packets/cliff.hpp
[234.368s] -- Up-to-date: /home/lfvmu/kobuki/install/include/kobuki_core/packets/firmware.hpp
[234.368s] -- Up-to-date: /home/lfvmu/kobuki/install/include/kobuki_core/packets/eeprom.hpp
[234.369s] -- Up-to-date: /home/lfvmu/kobuki/install/include/kobuki_core/packets/dock_ir.hpp
[234.369s] -- Up-to-date: /home/lfvmu/kobuki/install/include/kobuki_core/packets/core_sensors.hpp
[234.369s] -- Up-to-date: /home/lfvmu/kobuki/install/include/kobuki_core/packets/inertia.hpp
[234.369s] -- Up-to-date: /home/lfvmu/kobuki/install/include/kobuki_core/packets/unique_device_id.hpp
[234.369s] -- Up-to-date: /home/lfvmu/kobuki/install/include/kobuki_core/packets/hardware.hpp
[234.370s] -- Up-to-date: /home/lfvmu/kobuki/install/include/kobuki_core/packet_handler
[234.370s] -- Up-to-date: /home/lfvmu/kobuki/install/include/kobuki_core/packet_handler/payload_headers.hpp
[234.370s] -- Up-to-date: /home/lfvmu/kobuki/install/include/kobuki_core/packet_handler/packet_finder.hpp
[234.370s] -- Up-to-date: /home/lfvmu/kobuki/install/include/kobuki_core/packet_handler/payload_base.hpp
[234.371s] -- Up-to-date: /home/lfvmu/kobuki/install/include/kobuki_core/parameters.hpp
[234.371s] -- Up-to-date: /home/lfvmu/kobuki/install/include/kobuki_core/kobuki.hpp
[234.371s] -- Up-to-date: /home/lfvmu/kobuki/install/include/kobuki_core/logging.hpp
[234.371s] -- Up-to-date: /home/lfvmu/kobuki/install/include/kobuki_core/modules
[234.371s] -- Up-to-date: /home/lfvmu/kobuki/install/include/kobuki_core/modules/acceleration_limiter.hpp
[234.372s] -- Up-to-date: /home/lfvmu/kobuki/install/include/kobuki_core/modules/battery.hpp
[234.372s] -- Up-to-date: /home/lfvmu/kobuki/install/include/kobuki_core/modules/digital_output.hpp
[234.372s] -- Up-to-date: /home/lfvmu/kobuki/install/include/kobuki_core/modules/led_array.hpp
[234.372s] -- Up-to-date: /home/lfvmu/kobuki/install/include/kobuki_core/modules/diff_drive.hpp
[234.372s] -- Up-to-date: /home/lfvmu/kobuki/install/include/kobuki_core/modules/sound.hpp
[234.373s] -- Up-to-date: /home/lfvmu/kobuki/install/include/CMakeLists.txt
[234.373s] -- Up-to-date: /home/lfvmu/kobuki/install/share/kobuki_core/environment/library_path.sh
[234.373s] -- Installing: /home/lfvmu/kobuki/install/share/kobuki_core/environment/library_path.dsv
[234.374s] -- Up-to-date: /home/lfvmu/kobuki/install/share/ament_index/resource_index/package_run_dependencies/kobuki_core
[234.374s] -- Up-to-date: /home/lfvmu/kobuki/install/share/ament_index/resource_index/parent_prefix_path/kobuki_core
[234.374s] -- Up-to-date: /home/lfvmu/kobuki/install/share/kobuki_core/environment/ament_prefix_path.sh
[234.374s] -- Installing: /home/lfvmu/kobuki/install/share/kobuki_core/environment/ament_prefix_path.dsv
[234.374s] -- Up-to-date: /home/lfvmu/kobuki/install/share/kobuki_core/environment/path.sh
[234.374s] -- Installing: /home/lfvmu/kobuki/install/share/kobuki_core/environment/path.dsv
[234.375s] -- Up-to-date: /home/lfvmu/kobuki/install/share/kobuki_core/local_setup.bash
[234.375s] -- Up-to-date: /home/lfvmu/kobuki/install/share/kobuki_core/local_setup.sh
[234.375s] -- Up-to-date: /home/lfvmu/kobuki/install/share/kobuki_core/local_setup.zsh
[234.375s] -- Installing: /home/lfvmu/kobuki/install/share/kobuki_core/local_setup.dsv
[234.375s] -- Installing: /home/lfvmu/kobuki/install/share/kobuki_core/package.dsv
[234.376s] -- Up-to-date: /home/lfvmu/kobuki/install/share/ament_index/resource_index/packages/kobuki_core
[234.376s] -- Up-to-date: /home/lfvmu/kobuki/install/share/kobuki_core/cmake/kobuki_coreExport.cmake
[234.376s] -- Installing: /home/lfvmu/kobuki/install/share/kobuki_core/cmake/kobuki_coreExport-relwithdebinfo.cmake
[234.377s] -- Up-to-date: /home/lfvmu/kobuki/install/share/kobuki_core/cmake/ament_cmake_export_targets-extras.cmake
[234.377s] -- Up-to-date: /home/lfvmu/kobuki/install/share/kobuki_core/cmake/ament_cmake_export_dependencies-extras.cmake
[234.378s] -- Up-to-date: /home/lfvmu/kobuki/install/share/kobuki_core/cmake/ament_cmake_export_include_directories-extras.cmake
[234.379s] -- Up-to-date: /home/lfvmu/kobuki/install/share/kobuki_core/cmake/ament_cmake_export_libraries-extras.cmake
[234.379s] -- Up-to-date: /home/lfvmu/kobuki/install/share/kobuki_core/cmake/kobuki_coreConfig.cmake
[234.379s] -- Up-to-date: /home/lfvmu/kobuki/install/share/kobuki_core/cmake/kobuki_coreConfig-version.cmake
[234.379s] -- Up-to-date: /home/lfvmu/kobuki/install/share/kobuki_core/package.xml
[234.380s] -- Up-to-date: /home/lfvmu/kobuki/install/include/kobuki_core
[234.381s] -- Up-to-date: /home/lfvmu/kobuki/install/include/kobuki_core/macros.hpp
[234.381s] -- Up-to-date: /home/lfvmu/kobuki/install/include/kobuki_core/dock_drive.hpp
[234.381s] -- Up-to-date: /home/lfvmu/kobuki/install/include/kobuki_core/version_info.hpp
[234.381s] -- Up-to-date: /home/lfvmu/kobuki/install/include/kobuki_core/command.hpp
[234.382s] -- Up-to-date: /home/lfvmu/kobuki/install/include/kobuki_core/modules.hpp
[234.382s] -- Up-to-date: /home/lfvmu/kobuki/install/include/kobuki_core/event_manager.hpp
[234.382s] -- Up-to-date: /home/lfvmu/kobuki/install/include/kobuki_core/packets.hpp
[234.382s] -- Up-to-date: /home/lfvmu/kobuki/install/include/kobuki_core/packets
[234.383s] -- Up-to-date: /home/lfvmu/kobuki/install/include/kobuki_core/packets/controller_info.hpp
[234.383s] -- Up-to-date: /home/lfvmu/kobuki/install/include/kobuki_core/packets/gp_input.hpp
[234.383s] -- Up-to-date: /home/lfvmu/kobuki/install/include/kobuki_core/packets/current.hpp
[234.383s] -- Up-to-date: /home/lfvmu/kobuki/install/include/kobuki_core/packets/three_axis_gyro.hpp
[234.383s] -- Up-to-date: /home/lfvmu/kobuki/install/include/kobuki_core/packets/cliff.hpp
[234.383s] -- Up-to-date: /home/lfvmu/kobuki/install/include/kobuki_core/packets/firmware.hpp
[234.384s] -- Up-to-date: /home/lfvmu/kobuki/install/include/kobuki_core/packets/eeprom.hpp
[234.384s] -- Up-to-date: /home/lfvmu/kobuki/install/include/kobuki_core/packets/dock_ir.hpp
[234.384s] -- Up-to-date: /home/lfvmu/kobuki/install/include/kobuki_core/packets/core_sensors.hpp
[234.384s] -- Up-to-date: /home/lfvmu/kobuki/install/include/kobuki_core/packets/inertia.hpp
[234.384s] -- Up-to-date: /home/lfvmu/kobuki/install/include/kobuki_core/packets/unique_device_id.hpp
[234.385s] -- Up-to-date: /home/lfvmu/kobuki/install/include/kobuki_core/packets/hardware.hpp
[234.385s] -- Up-to-date: /home/lfvmu/kobuki/install/include/kobuki_core/packet_handler
[234.385s] -- Up-to-date: /home/lfvmu/kobuki/install/include/kobuki_core/packet_handler/payload_headers.hpp
[234.385s] -- Up-to-date: /home/lfvmu/kobuki/install/include/kobuki_core/packet_handler/packet_finder.hpp
[234.385s] -- Up-to-date: /home/lfvmu/kobuki/install/include/kobuki_core/packet_handler/payload_base.hpp
[234.385s] -- Up-to-date: /home/lfvmu/kobuki/install/include/kobuki_core/parameters.hpp
[234.386s] -- Up-to-date: /home/lfvmu/kobuki/install/include/kobuki_core/kobuki.hpp
[234.386s] -- Up-to-date: /home/lfvmu/kobuki/install/include/kobuki_core/logging.hpp
[234.386s] -- Up-to-date: /home/lfvmu/kobuki/install/include/kobuki_core/modules
[234.386s] -- Up-to-date: /home/lfvmu/kobuki/install/include/kobuki_core/modules/acceleration_limiter.hpp
[234.386s] -- Up-to-date: /home/lfvmu/kobuki/install/include/kobuki_core/modules/battery.hpp
[234.387s] -- Up-to-date: /home/lfvmu/kobuki/install/include/kobuki_core/modules/digital_output.hpp
[234.387s] -- Up-to-date: /home/lfvmu/kobuki/install/include/kobuki_core/modules/led_array.hpp
[234.387s] -- Up-to-date: /home/lfvmu/kobuki/install/include/kobuki_core/modules/diff_drive.hpp
[234.387s] -- Up-to-date: /home/lfvmu/kobuki/install/include/kobuki_core/modules/sound.hpp
[234.387s] -- Installing: /home/lfvmu/kobuki/install/lib/libkobuki_core.so.1.3.1
[234.417s] -- Set runtime path of "/home/lfvmu/kobuki/install/lib/libkobuki_core.so.1.3.1" to ""
[234.418s] -- Up-to-date: /home/lfvmu/kobuki/install/lib/libkobuki_core.so
[234.422s] -- Installing: /home/lfvmu/kobuki/install/lib/kobuki_core/demo_chirp
[234.433s] -- Set runtime path of "/home/lfvmu/kobuki/install/lib/kobuki_core/demo_chirp" to ""
[234.435s] -- Installing: /home/lfvmu/kobuki/install/lib/kobuki_core/demo_custom_logging
[234.447s] -- Set runtime path of "/home/lfvmu/kobuki/install/lib/kobuki_core/demo_custom_logging" to ""
[234.450s] -- Installing: /home/lfvmu/kobuki/install/lib/kobuki_core/demo_buttons
[234.461s] -- Set runtime path of "/home/lfvmu/kobuki/install/lib/kobuki_core/demo_buttons" to ""
[234.464s] -- Installing: /home/lfvmu/kobuki/install/lib/kobuki_core/demo_raw_data_stream
[234.475s] -- Set runtime path of "/home/lfvmu/kobuki/install/lib/kobuki_core/demo_raw_data_stream" to ""
[234.478s] -- Installing: /home/lfvmu/kobuki/install/lib/kobuki_core/demo_data_stream
[234.489s] -- Set runtime path of "/home/lfvmu/kobuki/install/lib/kobuki_core/demo_data_stream" to ""
[234.490s] -- Installing: /home/lfvmu/kobuki/install/lib/kobuki_core/demo_velocity_commands
[234.492s] -- Set runtime path of "/home/lfvmu/kobuki/install/lib/kobuki_core/demo_velocity_commands" to ""
[234.494s] -- Installing: /home/lfvmu/kobuki/install/lib/kobuki_core/demo_simple_loop
[234.506s] -- Set runtime path of "/home/lfvmu/kobuki/install/lib/kobuki_core/demo_simple_loop" to ""
[234.510s] -- Installing: /home/lfvmu/kobuki/install/bin/kobuki-version-info
[234.523s] -- Set runtime path of "/home/lfvmu/kobuki/install/bin/kobuki-version-info" to ""
[234.525s] -- Installing: /home/lfvmu/kobuki/install/bin/kobuki-simple-keyop
[234.537s] -- Set runtime path of "/home/lfvmu/kobuki/install/bin/kobuki-simple-keyop" to ""
[234.547s] Invoked command in '/home/lfvmu/kobuki/build/kobuki_core' returned '0': AMENT_PREFIX_PATH=/home/lfvmu/kobuki/install CMAKE_PREFIX_PATH=/home/lfvmu/kobuki/install LD_LIBRARY_PATH=/home/lfvmu/kobuki/install/lib PATH=/home/lfvmu/kobuki/install/bin:${PATH} PKG_CONFIG_PATH=/home/lfvmu/kobuki/install/lib/x86_64-linux-gnu/pkgconfig:/home/lfvmu/kobuki/install/lib/pkgconfig PYTHONPATH=/home/lfvmu/kobuki/install/lib/python3.8/site-packages /usr/bin/cmake --install /home/lfvmu/kobuki/build/kobuki_core
