[0.343s] Invoking command in '/home/lfvmu/kobuki/build/ecl_core_apps': /usr/bin/cmake /home/lfvmu/kobuki/src/ecl_core/ecl_core_apps -DBUILD_TESTING=OFF --no-warn-unused-cli -DCMAKE_INSTALL_PREFIX=/home/lfvmu/kobuki/install
[0.382s] Not searching for unused variables given on the command line.
[0.400s] -- Found ament_cmake_ros: 0.9.2 (/home/lfvmu/kobuki/install/share/ament_cmake_ros/cmake)
[0.459s] -- Using PYTHON_EXECUTABLE: /usr/bin/python3
[0.873s] -- Found ecl_build: 1.0.3 (/home/lfvmu/kobuki/install/share/ecl_build/cmake)
[0.906s] -- Found ecl_config: 1.1.0 (/home/lfvmu/kobuki/install/share/ecl_config/cmake)
[0.913s] -- Found ecl_linear_algebra: 1.2.1 (/home/lfvmu/kobuki/install/share/ecl_linear_algebra/cmake)
[1.052s] -- Found ecl_command_line: 1.2.1 (/home/lfvmu/kobuki/install/share/ecl_command_line/cmake)
[1.059s] -- Found ecl_containers: 1.2.1 (/home/lfvmu/kobuki/install/share/ecl_containers/cmake)
[1.086s] -- Found ecl_devices: 1.2.1 (/home/lfvmu/kobuki/install/share/ecl_devices/cmake)
[1.173s] -- Found ecl_geometry: 1.2.1 (/home/lfvmu/kobuki/install/share/ecl_geometry/cmake)
[1.209s] -- Found ecl_ipc: 1.2.1 (/home/lfvmu/kobuki/install/share/ecl_ipc/cmake)
[1.231s] -- Found ecl_sigslots: 1.2.1 (/home/lfvmu/kobuki/install/share/ecl_sigslots/cmake)
[1.231s] -- Found ecl_streams: 1.2.1 (/home/lfvmu/kobuki/install/share/ecl_streams/cmake)
[1.431s] -- Configuring done
[1.572s] -- Generating done
[1.586s] -- Build files have been written to: /home/lfvmu/kobuki/build/ecl_core_apps
[1.597s] Invoked command in '/home/lfvmu/kobuki/build/ecl_core_apps' returned '0': /usr/bin/cmake /home/lfvmu/kobuki/src/ecl_core/ecl_core_apps -DBUILD_TESTING=OFF --no-warn-unused-cli -DCMAKE_INSTALL_PREFIX=/home/lfvmu/kobuki/install
[1.603s] Invoking command in '/home/lfvmu/kobuki/build/ecl_core_apps': /usr/bin/cmake --build /home/lfvmu/kobuki/build/ecl_core_apps -- -j4 -l4
[1.742s] [  5%] Built target ecl_bench_exceptions
[1.748s] [ 11%] Built target ecl_bench_snooze
[1.749s] [ 17%] Built target ecl_bench_files
[1.755s] [ 23%] Built target ecl_bench_string_conversions
[1.816s] [ 29%] Built target ecl_bench_streams
[1.837s] [ 35%] Built target ecl_bench_eigen3_inverse
[1.852s] [ 41%] Built target ecl_bench_eigen3_decompositions
[1.876s] [ 47%] Built target ecl_bench_eigen3_transforms
[1.897s] [ 52%] Built target ecl_bench_containers
[1.900s] [ 58%] Built target ecl_bench_flops
[1.915s] [ 64%] Built target ecl_hex
[1.951s] [ 70%] Built target ecl_socket_server
[1.967s] [ 76%] Built target ecl_serial
[1.972s] [ 82%] Built target ecl_process_statistics
[2.011s] [ 88%] Built target ecl_quaternion2yaw
[2.022s] [ 94%] Built target ecl_socket_client
[2.033s] [100%] Built target ecl_yaw2quaternion
[2.056s] Invoked command in '/home/lfvmu/kobuki/build/ecl_core_apps' returned '0': /usr/bin/cmake --build /home/lfvmu/kobuki/build/ecl_core_apps -- -j4 -l4
[2.126s] Invoking command in '/home/lfvmu/kobuki/build/ecl_core_apps': /usr/bin/cmake --install /home/lfvmu/kobuki/build/ecl_core_apps
[2.143s] -- Install configuration: "RelWithDebInfo"
[2.144s] -- Up-to-date: /home/lfvmu/kobuki/install/share/ament_index/resource_index/package_run_dependencies/ecl_core_apps
[2.144s] -- Up-to-date: /home/lfvmu/kobuki/install/share/ament_index/resource_index/parent_prefix_path/ecl_core_apps
[2.144s] -- Up-to-date: /home/lfvmu/kobuki/install/share/ecl_core_apps/environment/ament_prefix_path.sh
[2.145s] -- Installing: /home/lfvmu/kobuki/install/share/ecl_core_apps/environment/ament_prefix_path.dsv
[2.145s] -- Up-to-date: /home/lfvmu/kobuki/install/share/ecl_core_apps/environment/path.sh
[2.145s] -- Installing: /home/lfvmu/kobuki/install/share/ecl_core_apps/environment/path.dsv
[2.145s] -- Up-to-date: /home/lfvmu/kobuki/install/share/ecl_core_apps/local_setup.bash
[2.146s] -- Up-to-date: /home/lfvmu/kobuki/install/share/ecl_core_apps/local_setup.sh
[2.146s] -- Up-to-date: /home/lfvmu/kobuki/install/share/ecl_core_apps/local_setup.zsh
[2.146s] -- Installing: /home/lfvmu/kobuki/install/share/ecl_core_apps/local_setup.dsv
[2.146s] -- Installing: /home/lfvmu/kobuki/install/share/ecl_core_apps/package.dsv
[2.147s] -- Up-to-date: /home/lfvmu/kobuki/install/share/ament_index/resource_index/packages/ecl_core_apps
[2.147s] -- Up-to-date: /home/lfvmu/kobuki/install/share/ecl_core_apps/cmake/ecl_core_appsConfig.cmake
[2.147s] -- Up-to-date: /home/lfvmu/kobuki/install/share/ecl_core_apps/cmake/ecl_core_appsConfig-version.cmake
[2.147s] -- Up-to-date: /home/lfvmu/kobuki/install/share/ecl_core_apps/package.xml
[2.148s] -- Up-to-date: /home/lfvmu/kobuki/install/bin/ecl_bench_containers
[2.149s] -- Up-to-date: /home/lfvmu/kobuki/install/bin/ecl_bench_files
[2.150s] -- Up-to-date: /home/lfvmu/kobuki/install/bin/ecl_bench_flops
[2.151s] -- Up-to-date: /home/lfvmu/kobuki/install/bin/ecl_bench_exceptions
[2.151s] -- Up-to-date: /home/lfvmu/kobuki/install/bin/ecl_bench_snooze
[2.152s] -- Up-to-date: /home/lfvmu/kobuki/install/bin/ecl_bench_streams
[2.153s] -- Up-to-date: /home/lfvmu/kobuki/install/bin/ecl_bench_string_conversions
[2.154s] -- Up-to-date: /home/lfvmu/kobuki/install/bin/ecl_bench_eigen3_inverse
[2.155s] -- Up-to-date: /home/lfvmu/kobuki/install/bin/ecl_bench_eigen3_decompositions
[2.156s] -- Up-to-date: /home/lfvmu/kobuki/install/bin/ecl_bench_eigen3_transforms
[2.158s] -- Up-to-date: /home/lfvmu/kobuki/install/lib/ecl_core_apps/ecl_hex
[2.159s] -- Up-to-date: /home/lfvmu/kobuki/install/lib/ecl_core_apps/ecl_serial
[2.159s] -- Up-to-date: /home/lfvmu/kobuki/install/lib/ecl_core_apps/ecl_socket_client
[2.161s] -- Up-to-date: /home/lfvmu/kobuki/install/lib/ecl_core_apps/ecl_socket_server
[2.161s] -- Up-to-date: /home/lfvmu/kobuki/install/bin/ecl_process_statistics
[2.162s] -- Up-to-date: /home/lfvmu/kobuki/install/bin/ecl_quaternion2yaw
[2.163s] -- Up-to-date: /home/lfvmu/kobuki/install/bin/ecl_yaw2quaternion
[2.172s] Invoked command in '/home/lfvmu/kobuki/build/ecl_core_apps' returned '0': /usr/bin/cmake --install /home/lfvmu/kobuki/build/ecl_core_apps
