[0.317s] Invoking command in '/home/lfvmu/kobuki/build/ament_cmake_ros': /usr/bin/cmake /home/lfvmu/kobuki/src/ament_cmake_ros/ament_cmake_ros -DBUILD_TESTING=OFF -DCMAKE_INSTALL_PREFIX=/home/lfvmu/kobuki/install
[0.366s] Re-run cmake no build system arguments
[0.368s] -- Found ament_cmake: 0.9.11 (/home/lfvmu/kobuki/install/share/ament_cmake/cmake)
[0.417s] -- Using PYTHON_EXECUTABLE: /usr/bin/python3
[0.924s] -- Configuring done
[0.944s] -- Generating done
[0.944s] -- Build files have been written to: /home/lfvmu/kobuki/build/ament_cmake_ros
[1.176s] Invoked command in '/home/lfvmu/kobuki/build/ament_cmake_ros' returned '0': /usr/bin/cmake /home/lfvmu/kobuki/src/ament_cmake_ros/ament_cmake_ros -DBUILD_TESTING=OFF -DCMAKE_INSTALL_PREFIX=/home/lfvmu/kobuki/install
[1.177s] Invoking command in '/home/lfvmu/kobuki/build/ament_cmake_ros': /usr/bin/cmake --build /home/lfvmu/kobuki/build/ament_cmake_ros -- -j4 -l4
[1.234s] /usr/bin/cmake -S/home/lfvmu/kobuki/src/ament_cmake_ros/ament_cmake_ros -B/home/lfvmu/kobuki/build/ament_cmake_ros --check-build-system CMakeFiles/Makefile.cmake 0
[1.270s] /usr/bin/cmake -E cmake_progress_start /home/lfvmu/kobuki/build/ament_cmake_ros/CMakeFiles /home/lfvmu/kobuki/build/ament_cmake_ros/CMakeFiles/progress.marks
[1.297s] /usr/bin/make -f CMakeFiles/Makefile2 all
[1.297s] make[1]: Entering directory '/home/lfvmu/kobuki/build/ament_cmake_ros'
[1.297s] make[1]: Nothing to be done for 'all'.
[1.298s] make[1]: Leaving directory '/home/lfvmu/kobuki/build/ament_cmake_ros'
[1.298s] /usr/bin/cmake -E cmake_progress_start /home/lfvmu/kobuki/build/ament_cmake_ros/CMakeFiles 0
[1.469s] Invoked command in '/home/lfvmu/kobuki/build/ament_cmake_ros' returned '0': /usr/bin/cmake --build /home/lfvmu/kobuki/build/ament_cmake_ros -- -j4 -l4
[1.546s] Invoking command in '/home/lfvmu/kobuki/build/ament_cmake_ros': /usr/bin/cmake --install /home/lfvmu/kobuki/build/ament_cmake_ros
[1.569s] -- Install configuration: "RelWithDebInfo"
[1.570s] -- Up-to-date: /home/lfvmu/kobuki/install/share/ament_index/resource_index/package_run_dependencies/ament_cmake_ros
[1.570s] -- Up-to-date: /home/lfvmu/kobuki/install/share/ament_index/resource_index/parent_prefix_path/ament_cmake_ros
[1.570s] -- Up-to-date: /home/lfvmu/kobuki/install/share/ament_cmake_ros/environment/ament_prefix_path.sh
[1.571s] -- Installing: /home/lfvmu/kobuki/install/share/ament_cmake_ros/environment/ament_prefix_path.dsv
[1.571s] -- Up-to-date: /home/lfvmu/kobuki/install/share/ament_cmake_ros/environment/path.sh
[1.571s] -- Installing: /home/lfvmu/kobuki/install/share/ament_cmake_ros/environment/path.dsv
[1.572s] -- Up-to-date: /home/lfvmu/kobuki/install/share/ament_cmake_ros/local_setup.bash
[1.572s] -- Up-to-date: /home/lfvmu/kobuki/install/share/ament_cmake_ros/local_setup.sh
[1.572s] -- Up-to-date: /home/lfvmu/kobuki/install/share/ament_cmake_ros/local_setup.zsh
[1.572s] -- Installing: /home/lfvmu/kobuki/install/share/ament_cmake_ros/local_setup.dsv
[1.573s] -- Installing: /home/lfvmu/kobuki/install/share/ament_cmake_ros/package.dsv
[1.573s] -- Up-to-date: /home/lfvmu/kobuki/install/share/ament_index/resource_index/packages/ament_cmake_ros
[1.574s] -- Up-to-date: /home/lfvmu/kobuki/install/share/ament_cmake_ros/cmake/ament_cmake_ros-extras.cmake
[1.574s] -- Up-to-date: /home/lfvmu/kobuki/install/share/ament_cmake_ros/cmake/ament_cmake_export_dependencies-extras.cmake
[1.574s] -- Up-to-date: /home/lfvmu/kobuki/install/share/ament_cmake_ros/cmake/ament_cmake_rosConfig.cmake
[1.575s] -- Up-to-date: /home/lfvmu/kobuki/install/share/ament_cmake_ros/cmake/ament_cmake_rosConfig-version.cmake
[1.575s] -- Up-to-date: /home/lfvmu/kobuki/install/share/ament_cmake_ros/package.xml
[1.575s] -- Up-to-date: /home/lfvmu/kobuki/install/share/ament_cmake_ros/cmake
[1.576s] -- Up-to-date: /home/lfvmu/kobuki/install/share/ament_cmake_ros/cmake/run_test_isolated.py
[1.576s] -- Up-to-date: /home/lfvmu/kobuki/install/share/ament_cmake_ros/cmake/ament_add_ros_isolated_pytest.cmake
[1.576s] -- Up-to-date: /home/lfvmu/kobuki/install/share/ament_cmake_ros/cmake/build_shared_libs.cmake
[1.577s] -- Up-to-date: /home/lfvmu/kobuki/install/share/ament_cmake_ros/cmake/ament_add_ros_isolated_gtest.cmake
[1.577s] -- Up-to-date: /home/lfvmu/kobuki/install/share/ament_cmake_ros/cmake/ament_add_ros_isolated_gmock.cmake
[1.591s] Invoked command in '/home/lfvmu/kobuki/build/ament_cmake_ros' returned '0': /usr/bin/cmake --install /home/lfvmu/kobuki/build/ament_cmake_ros
