[0.246s] Invoking command in '/home/lfvmu/kobuki/build/ament_cmake_auto': AMENT_PREFIX_PATH=/home/lfvmu/kobuki/install CMAKE_PREFIX_PATH=/home/lfvmu/kobuki/install LD_LIBRARY_PATH=/home/lfvmu/kobuki/install/lib PATH=/home/lfvmu/kobuki/install/bin:${PATH} PYTHONPATH=/home/lfvmu/kobuki/install/lib/python3.8/site-packages /usr/bin/cmake /home/lfvmu/kobuki/src/ament_cmake/ament_cmake_auto -DBUILD_TESTING=OFF -DCMAKE_BUILD_TYPE=RelWithDebInfo -DCMAKE_INSTALL_PREFIX=/home/lfvmu/kobuki/install
[0.260s] -- Found ament_cmake: 0.9.11 (/home/lfvmu/kobuki/install/share/ament_cmake/cmake)
[0.310s] -- Using PYTHON_EXECUTABLE: /usr/bin/python3
[0.813s] -- Configuring done
[0.819s] -- Generating done
[0.822s] -- Build files have been written to: /home/lfvmu/kobuki/build/ament_cmake_auto
[0.828s] Invoked command in '/home/lfvmu/kobuki/build/ament_cmake_auto' returned '0': AMENT_PREFIX_PATH=/home/lfvmu/kobuki/install CMAKE_PREFIX_PATH=/home/lfvmu/kobuki/install LD_LIBRARY_PATH=/home/lfvmu/kobuki/install/lib PATH=/home/lfvmu/kobuki/install/bin:${PATH} PYTHONPATH=/home/lfvmu/kobuki/install/lib/python3.8/site-packages /usr/bin/cmake /home/lfvmu/kobuki/src/ament_cmake/ament_cmake_auto -DBUILD_TESTING=OFF -DCMAKE_BUILD_TYPE=RelWithDebInfo -DCMAKE_INSTALL_PREFIX=/home/lfvmu/kobuki/install
[0.834s] Invoking command in '/home/lfvmu/kobuki/build/ament_cmake_auto': AMENT_PREFIX_PATH=/home/lfvmu/kobuki/install CMAKE_PREFIX_PATH=/home/lfvmu/kobuki/install LD_LIBRARY_PATH=/home/lfvmu/kobuki/install/lib PATH=/home/lfvmu/kobuki/install/bin:${PATH} PYTHONPATH=/home/lfvmu/kobuki/install/lib/python3.8/site-packages /usr/bin/cmake --build /home/lfvmu/kobuki/build/ament_cmake_auto -- -j4 -l4
[1.035s] Invoked command in '/home/lfvmu/kobuki/build/ament_cmake_auto' returned '0': AMENT_PREFIX_PATH=/home/lfvmu/kobuki/install CMAKE_PREFIX_PATH=/home/lfvmu/kobuki/install LD_LIBRARY_PATH=/home/lfvmu/kobuki/install/lib PATH=/home/lfvmu/kobuki/install/bin:${PATH} PYTHONPATH=/home/lfvmu/kobuki/install/lib/python3.8/site-packages /usr/bin/cmake --build /home/lfvmu/kobuki/build/ament_cmake_auto -- -j4 -l4
[1.295s] Invoking command in '/home/lfvmu/kobuki/build/ament_cmake_auto': AMENT_PREFIX_PATH=/home/lfvmu/kobuki/install CMAKE_PREFIX_PATH=/home/lfvmu/kobuki/install LD_LIBRARY_PATH=/home/lfvmu/kobuki/install/lib PATH=/home/lfvmu/kobuki/install/bin:${PATH} PYTHONPATH=/home/lfvmu/kobuki/install/lib/python3.8/site-packages /usr/bin/cmake --install /home/lfvmu/kobuki/build/ament_cmake_auto
[1.332s] -- Install configuration: "RelWithDebInfo"
[1.332s] -- Up-to-date: /home/lfvmu/kobuki/install/share/ament_index/resource_index/package_run_dependencies/ament_cmake_auto
[1.333s] -- Up-to-date: /home/lfvmu/kobuki/install/share/ament_index/resource_index/parent_prefix_path/ament_cmake_auto
[1.333s] -- Up-to-date: /home/lfvmu/kobuki/install/share/ament_cmake_auto/environment/ament_prefix_path.sh
[1.333s] -- Installing: /home/lfvmu/kobuki/install/share/ament_cmake_auto/environment/ament_prefix_path.dsv
[1.333s] -- Up-to-date: /home/lfvmu/kobuki/install/share/ament_cmake_auto/environment/path.sh
[1.334s] -- Installing: /home/lfvmu/kobuki/install/share/ament_cmake_auto/environment/path.dsv
[1.334s] -- Up-to-date: /home/lfvmu/kobuki/install/share/ament_cmake_auto/local_setup.bash
[1.335s] -- Up-to-date: /home/lfvmu/kobuki/install/share/ament_cmake_auto/local_setup.sh
[1.335s] -- Up-to-date: /home/lfvmu/kobuki/install/share/ament_cmake_auto/local_setup.zsh
[1.335s] -- Installing: /home/lfvmu/kobuki/install/share/ament_cmake_auto/local_setup.dsv
[1.335s] -- Installing: /home/lfvmu/kobuki/install/share/ament_cmake_auto/package.dsv
[1.336s] -- Up-to-date: /home/lfvmu/kobuki/install/share/ament_index/resource_index/packages/ament_cmake_auto
[1.336s] -- Up-to-date: /home/lfvmu/kobuki/install/share/ament_cmake_auto/cmake/ament_cmake_auto-extras.cmake
[1.336s] -- Up-to-date: /home/lfvmu/kobuki/install/share/ament_cmake_auto/cmake/ament_cmake_autoConfig.cmake
[1.337s] -- Up-to-date: /home/lfvmu/kobuki/install/share/ament_cmake_auto/cmake/ament_cmake_autoConfig-version.cmake
[1.337s] -- Up-to-date: /home/lfvmu/kobuki/install/share/ament_cmake_auto/package.xml
[1.337s] -- Up-to-date: /home/lfvmu/kobuki/install/share/ament_cmake_auto/cmake
[1.337s] -- Up-to-date: /home/lfvmu/kobuki/install/share/ament_cmake_auto/cmake/ament_auto_package.cmake
[1.337s] -- Up-to-date: /home/lfvmu/kobuki/install/share/ament_cmake_auto/cmake/ament_auto_find_build_dependencies.cmake
[1.337s] -- Up-to-date: /home/lfvmu/kobuki/install/share/ament_cmake_auto/cmake/ament_auto_add_executable.cmake
[1.338s] -- Up-to-date: /home/lfvmu/kobuki/install/share/ament_cmake_auto/cmake/ament_auto_generate_code.cmake
[1.338s] -- Up-to-date: /home/lfvmu/kobuki/install/share/ament_cmake_auto/cmake/ament_auto_add_library.cmake
[1.352s] Invoked command in '/home/lfvmu/kobuki/build/ament_cmake_auto' returned '0': AMENT_PREFIX_PATH=/home/lfvmu/kobuki/install CMAKE_PREFIX_PATH=/home/lfvmu/kobuki/install LD_LIBRARY_PATH=/home/lfvmu/kobuki/install/lib PATH=/home/lfvmu/kobuki/install/bin:${PATH} PYTHONPATH=/home/lfvmu/kobuki/install/lib/python3.8/site-packages /usr/bin/cmake --install /home/lfvmu/kobuki/build/ament_cmake_auto
