[1.872s] Invoking command in '/home/lfvmu/kobuki/src/ament_lint/ament_mypy': AMENT_PREFIX_PATH=/home/lfvmu/kobuki/install CMAKE_PREFIX_PATH=/home/lfvmu/kobuki/install LD_LIBRARY_PATH=/home/lfvmu/kobuki/install/lib PATH=/home/lfvmu/kobuki/install/bin:${PATH} PYTHONPATH=/home/lfvmu/kobuki/build/ament_mypy/prefix_override:/home/lfvmu/kobuki/install/lib/python3.8/site-packages:/home/lfvmu/kobuki/install/lib/python3.8/site-packages /usr/bin/python3 setup.py egg_info --egg-base ../../../build/ament_mypy build --build-base /home/lfvmu/kobuki/build/ament_mypy/build install --record /home/lfvmu/kobuki/build/ament_mypy/install.log --single-version-externally-managed
[2.300s] running egg_info
[2.301s] writing ../../../build/ament_mypy/ament_mypy.egg-info/PKG-INFO
[2.301s] writing dependency_links to ../../../build/ament_mypy/ament_mypy.egg-info/dependency_links.txt
[2.302s] writing entry points to ../../../build/ament_mypy/ament_mypy.egg-info/entry_points.txt
[2.302s] writing requirements to ../../../build/ament_mypy/ament_mypy.egg-info/requires.txt
[2.304s] writing top-level names to ../../../build/ament_mypy/ament_mypy.egg-info/top_level.txt
[2.404s] reading manifest file '../../../build/ament_mypy/ament_mypy.egg-info/SOURCES.txt'
[2.405s] writing manifest file '../../../build/ament_mypy/ament_mypy.egg-info/SOURCES.txt'
[2.405s] running build
[2.406s] running build_py
[2.406s] running install
[2.407s] running install_lib
[2.411s] running install_data
[2.411s] running install_egg_info
[2.415s] removing '/home/lfvmu/kobuki/install/lib/python3.8/site-packages/ament_mypy-0.9.7-py3.8.egg-info' (and everything under it)
[2.416s] Copying ../../../build/ament_mypy/ament_mypy.egg-info to /home/lfvmu/kobuki/install/lib/python3.8/site-packages/ament_mypy-0.9.7-py3.8.egg-info
[2.419s] running install_scripts
[2.460s] Installing ament_mypy script to /home/lfvmu/kobuki/install/bin
[2.461s] writing list of installed files to '/home/lfvmu/kobuki/build/ament_mypy/install.log'
[2.523s] Invoked command in '/home/lfvmu/kobuki/src/ament_lint/ament_mypy' returned '0': AMENT_PREFIX_PATH=/home/lfvmu/kobuki/install CMAKE_PREFIX_PATH=/home/lfvmu/kobuki/install LD_LIBRARY_PATH=/home/lfvmu/kobuki/install/lib PATH=/home/lfvmu/kobuki/install/bin:${PATH} PYTHONPATH=/home/lfvmu/kobuki/build/ament_mypy/prefix_override:/home/lfvmu/kobuki/install/lib/python3.8/site-packages:/home/lfvmu/kobuki/install/lib/python3.8/site-packages /usr/bin/python3 setup.py egg_info --egg-base ../../../build/ament_mypy build --build-base /home/lfvmu/kobuki/build/ament_mypy/build install --record /home/lfvmu/kobuki/build/ament_mypy/install.log --single-version-externally-managed
