[0.069s] Invoking command in '/home/lfvmu/kobuki/build/ament_cmake_export_link_flags': AMENT_PREFIX_PATH=/home/lfvmu/kobuki/install CMAKE_PREFIX_PATH=/home/lfvmu/kobuki/install PATH=/home/lfvmu/kobuki/install/bin:${PATH} PYTHONPATH=/home/lfvmu/kobuki/install/lib/python3.8/site-packages /usr/bin/cmake /home/lfvmu/kobuki/src/ament_cmake/ament_cmake_export_link_flags -DBUILD_TESTING=OFF -DCMAKE_INSTALL_PREFIX=/home/lfvmu/kobuki/install
[0.107s] -- Found ament_cmake_core: 0.9.11 (/home/lfvmu/kobuki/install/share/ament_cmake_core/cmake)
[0.150s] -- Found PythonInterp: /usr/bin/python3 (found suitable version "3.8.10", minimum required is "3") 
[0.150s] -- Using PYTHON_EXECUTABLE: /usr/bin/python3
[0.599s] -- Configuring done
[0.620s] -- Generating done
[0.620s] -- Build files have been written to: /home/lfvmu/kobuki/build/ament_cmake_export_link_flags
[0.719s] Invoked command in '/home/lfvmu/kobuki/build/ament_cmake_export_link_flags' returned '0': AMENT_PREFIX_PATH=/home/lfvmu/kobuki/install CMAKE_PREFIX_PATH=/home/lfvmu/kobuki/install PATH=/home/lfvmu/kobuki/install/bin:${PATH} PYTHONPATH=/home/lfvmu/kobuki/install/lib/python3.8/site-packages /usr/bin/cmake /home/lfvmu/kobuki/src/ament_cmake/ament_cmake_export_link_flags -DBUILD_TESTING=OFF -DCMAKE_INSTALL_PREFIX=/home/lfvmu/kobuki/install
[0.725s] Invoking command in '/home/lfvmu/kobuki/build/ament_cmake_export_link_flags': AMENT_PREFIX_PATH=/home/lfvmu/kobuki/install CMAKE_PREFIX_PATH=/home/lfvmu/kobuki/install PATH=/home/lfvmu/kobuki/install/bin:${PATH} PYTHONPATH=/home/lfvmu/kobuki/install/lib/python3.8/site-packages /usr/bin/cmake --build /home/lfvmu/kobuki/build/ament_cmake_export_link_flags -- -j4 -l4
[0.942s] Invoked command in '/home/lfvmu/kobuki/build/ament_cmake_export_link_flags' returned '0': AMENT_PREFIX_PATH=/home/lfvmu/kobuki/install CMAKE_PREFIX_PATH=/home/lfvmu/kobuki/install PATH=/home/lfvmu/kobuki/install/bin:${PATH} PYTHONPATH=/home/lfvmu/kobuki/install/lib/python3.8/site-packages /usr/bin/cmake --build /home/lfvmu/kobuki/build/ament_cmake_export_link_flags -- -j4 -l4
[1.013s] Invoking command in '/home/lfvmu/kobuki/build/ament_cmake_export_link_flags': AMENT_PREFIX_PATH=/home/lfvmu/kobuki/install CMAKE_PREFIX_PATH=/home/lfvmu/kobuki/install PATH=/home/lfvmu/kobuki/install/bin:${PATH} PYTHONPATH=/home/lfvmu/kobuki/install/lib/python3.8/site-packages /usr/bin/cmake --install /home/lfvmu/kobuki/build/ament_cmake_export_link_flags
[1.041s] -- Install configuration: ""
[1.042s] -- Installing: /home/lfvmu/kobuki/install/share/ament_index/resource_index/package_run_dependencies/ament_cmake_export_link_flags
[1.042s] -- Installing: /home/lfvmu/kobuki/install/share/ament_index/resource_index/parent_prefix_path/ament_cmake_export_link_flags
[1.042s] -- Installing: /home/lfvmu/kobuki/install/share/ament_cmake_export_link_flags/environment/ament_prefix_path.sh
[1.043s] -- Installing: /home/lfvmu/kobuki/install/share/ament_cmake_export_link_flags/environment/ament_prefix_path.dsv
[1.043s] -- Installing: /home/lfvmu/kobuki/install/share/ament_cmake_export_link_flags/environment/path.sh
[1.044s] -- Installing: /home/lfvmu/kobuki/install/share/ament_cmake_export_link_flags/environment/path.dsv
[1.044s] -- Installing: /home/lfvmu/kobuki/install/share/ament_cmake_export_link_flags/local_setup.bash
[1.044s] -- Installing: /home/lfvmu/kobuki/install/share/ament_cmake_export_link_flags/local_setup.sh
[1.045s] -- Installing: /home/lfvmu/kobuki/install/share/ament_cmake_export_link_flags/local_setup.zsh
[1.045s] -- Installing: /home/lfvmu/kobuki/install/share/ament_cmake_export_link_flags/local_setup.dsv
[1.048s] -- Installing: /home/lfvmu/kobuki/install/share/ament_cmake_export_link_flags/package.dsv
[1.049s] -- Installing: /home/lfvmu/kobuki/install/share/ament_index/resource_index/packages/ament_cmake_export_link_flags
[1.057s] -- Installing: /home/lfvmu/kobuki/install/share/ament_cmake_export_link_flags/cmake/ament_cmake_export_link_flags-extras.cmake
[1.057s] -- Installing: /home/lfvmu/kobuki/install/share/ament_cmake_export_link_flags/cmake/ament_cmake_export_link_flagsConfig.cmake
[1.057s] -- Installing: /home/lfvmu/kobuki/install/share/ament_cmake_export_link_flags/cmake/ament_cmake_export_link_flagsConfig-version.cmake
[1.057s] -- Installing: /home/lfvmu/kobuki/install/share/ament_cmake_export_link_flags/package.xml
[1.066s] -- Up-to-date: /home/lfvmu/kobuki/install/share/ament_cmake_export_link_flags/cmake
[1.066s] -- Installing: /home/lfvmu/kobuki/install/share/ament_cmake_export_link_flags/cmake/ament_cmake_export_link_flags-extras.cmake.in
[1.066s] -- Installing: /home/lfvmu/kobuki/install/share/ament_cmake_export_link_flags/cmake/ament_cmake_export_link_flags_package_hook.cmake
[1.067s] -- Installing: /home/lfvmu/kobuki/install/share/ament_cmake_export_link_flags/cmake/ament_export_link_flags.cmake
[1.067s] Invoked command in '/home/lfvmu/kobuki/build/ament_cmake_export_link_flags' returned '0': AMENT_PREFIX_PATH=/home/lfvmu/kobuki/install CMAKE_PREFIX_PATH=/home/lfvmu/kobuki/install PATH=/home/lfvmu/kobuki/install/bin:${PATH} PYTHONPATH=/home/lfvmu/kobuki/install/lib/python3.8/site-packages /usr/bin/cmake --install /home/lfvmu/kobuki/build/ament_cmake_export_link_flags
