[0.284s] Invoking command in '/home/lfvmu/kobuki/build/ament_cmake_ros': /usr/bin/cmake /home/lfvmu/kobuki/src/ament_cmake_ros/ament_cmake_ros -DBUILD_TESTING=OFF -DCMAKE_INSTALL_PREFIX=/home/lfvmu/kobuki/install
[0.316s] -- Found ament_cmake: 0.9.11 (/home/lfvmu/kobuki/install/share/ament_cmake/cmake)
[0.362s] -- Using PYTHON_EXECUTABLE: /usr/bin/python3
[0.914s] -- Configuring done
[0.917s] -- Generating done
[0.917s] -- Build files have been written to: /home/lfvmu/kobuki/build/ament_cmake_ros
[0.958s] Invoked command in '/home/lfvmu/kobuki/build/ament_cmake_ros' returned '0': /usr/bin/cmake /home/lfvmu/kobuki/src/ament_cmake_ros/ament_cmake_ros -DBUILD_TESTING=OFF -DCMAKE_INSTALL_PREFIX=/home/lfvmu/kobuki/install
[0.963s] Invoking command in '/home/lfvmu/kobuki/build/ament_cmake_ros': /usr/bin/cmake --build /home/lfvmu/kobuki/build/ament_cmake_ros -- -j4 -l4
[1.234s] Invoked command in '/home/lfvmu/kobuki/build/ament_cmake_ros' returned '0': /usr/bin/cmake --build /home/lfvmu/kobuki/build/ament_cmake_ros -- -j4 -l4
[1.501s] Invoking command in '/home/lfvmu/kobuki/build/ament_cmake_ros': /usr/bin/cmake --install /home/lfvmu/kobuki/build/ament_cmake_ros
[1.523s] -- Install configuration: "RelWithDebInfo"
[1.523s] -- Up-to-date: /home/lfvmu/kobuki/install/share/ament_index/resource_index/package_run_dependencies/ament_cmake_ros
[1.524s] -- Up-to-date: /home/lfvmu/kobuki/install/share/ament_index/resource_index/parent_prefix_path/ament_cmake_ros
[1.524s] -- Up-to-date: /home/lfvmu/kobuki/install/share/ament_cmake_ros/environment/ament_prefix_path.sh
[1.524s] -- Installing: /home/lfvmu/kobuki/install/share/ament_cmake_ros/environment/ament_prefix_path.dsv
[1.525s] -- Up-to-date: /home/lfvmu/kobuki/install/share/ament_cmake_ros/environment/path.sh
[1.525s] -- Installing: /home/lfvmu/kobuki/install/share/ament_cmake_ros/environment/path.dsv
[1.525s] -- Up-to-date: /home/lfvmu/kobuki/install/share/ament_cmake_ros/local_setup.bash
[1.526s] -- Up-to-date: /home/lfvmu/kobuki/install/share/ament_cmake_ros/local_setup.sh
[1.526s] -- Up-to-date: /home/lfvmu/kobuki/install/share/ament_cmake_ros/local_setup.zsh
[1.526s] -- Installing: /home/lfvmu/kobuki/install/share/ament_cmake_ros/local_setup.dsv
[1.526s] -- Installing: /home/lfvmu/kobuki/install/share/ament_cmake_ros/package.dsv
[1.526s] -- Up-to-date: /home/lfvmu/kobuki/install/share/ament_index/resource_index/packages/ament_cmake_ros
[1.527s] -- Up-to-date: /home/lfvmu/kobuki/install/share/ament_cmake_ros/cmake/ament_cmake_ros-extras.cmake
[1.527s] -- Up-to-date: /home/lfvmu/kobuki/install/share/ament_cmake_ros/cmake/ament_cmake_export_dependencies-extras.cmake
[1.529s] -- Up-to-date: /home/lfvmu/kobuki/install/share/ament_cmake_ros/cmake/ament_cmake_rosConfig.cmake
[1.529s] -- Up-to-date: /home/lfvmu/kobuki/install/share/ament_cmake_ros/cmake/ament_cmake_rosConfig-version.cmake
[1.529s] -- Up-to-date: /home/lfvmu/kobuki/install/share/ament_cmake_ros/package.xml
[1.529s] -- Up-to-date: /home/lfvmu/kobuki/install/share/ament_cmake_ros/cmake
[1.529s] -- Up-to-date: /home/lfvmu/kobuki/install/share/ament_cmake_ros/cmake/run_test_isolated.py
[1.530s] -- Up-to-date: /home/lfvmu/kobuki/install/share/ament_cmake_ros/cmake/ament_add_ros_isolated_pytest.cmake
[1.530s] -- Up-to-date: /home/lfvmu/kobuki/install/share/ament_cmake_ros/cmake/build_shared_libs.cmake
[1.530s] -- Up-to-date: /home/lfvmu/kobuki/install/share/ament_cmake_ros/cmake/ament_add_ros_isolated_gtest.cmake
[1.530s] -- Up-to-date: /home/lfvmu/kobuki/install/share/ament_cmake_ros/cmake/ament_add_ros_isolated_gmock.cmake
[1.543s] Invoked command in '/home/lfvmu/kobuki/build/ament_cmake_ros' returned '0': /usr/bin/cmake --install /home/lfvmu/kobuki/build/ament_cmake_ros
