[0.271s] Invoking command in '/home/lfvmu/kobuki/build/ament_cmake_export_libraries': /usr/bin/cmake /home/lfvmu/kobuki/src/ament_cmake/ament_cmake_export_libraries -DBUILD_TESTING=OFF -DCMAKE_BUILD_TYPE=RelWithDebInfo -DCMAKE_INSTALL_PREFIX=/home/lfvmu/kobuki/install
[0.303s] -- Found ament_cmake_core: 0.9.11 (/home/lfvmu/kobuki/install/share/ament_cmake_core/cmake)
[0.360s] -- Using PYTHON_EXECUTABLE: /usr/bin/python3
[0.885s] -- Configuring done
[0.894s] -- Generating done
[0.894s] -- Build files have been written to: /home/lfvmu/kobuki/build/ament_cmake_export_libraries
[0.898s] Invoked command in '/home/lfvmu/kobuki/build/ament_cmake_export_libraries' returned '0': /usr/bin/cmake /home/lfvmu/kobuki/src/ament_cmake/ament_cmake_export_libraries -DBUILD_TESTING=OFF -DCMAKE_BUILD_TYPE=RelWithDebInfo -DCMAKE_INSTALL_PREFIX=/home/lfvmu/kobuki/install
[0.911s] Invoking command in '/home/lfvmu/kobuki/build/ament_cmake_export_libraries': /usr/bin/cmake --build /home/lfvmu/kobuki/build/ament_cmake_export_libraries -- -j4 -l4
[0.998s] Invoked command in '/home/lfvmu/kobuki/build/ament_cmake_export_libraries' returned '0': /usr/bin/cmake --build /home/lfvmu/kobuki/build/ament_cmake_export_libraries -- -j4 -l4
[1.045s] Invoking command in '/home/lfvmu/kobuki/build/ament_cmake_export_libraries': /usr/bin/cmake --install /home/lfvmu/kobuki/build/ament_cmake_export_libraries
[1.062s] -- Install configuration: "RelWithDebInfo"
[1.063s] -- Up-to-date: /home/lfvmu/kobuki/install/share/ament_index/resource_index/package_run_dependencies/ament_cmake_export_libraries
[1.063s] -- Up-to-date: /home/lfvmu/kobuki/install/share/ament_index/resource_index/parent_prefix_path/ament_cmake_export_libraries
[1.063s] -- Up-to-date: /home/lfvmu/kobuki/install/share/ament_cmake_export_libraries/environment/ament_prefix_path.sh
[1.064s] -- Installing: /home/lfvmu/kobuki/install/share/ament_cmake_export_libraries/environment/ament_prefix_path.dsv
[1.064s] -- Up-to-date: /home/lfvmu/kobuki/install/share/ament_cmake_export_libraries/environment/path.sh
[1.064s] -- Installing: /home/lfvmu/kobuki/install/share/ament_cmake_export_libraries/environment/path.dsv
[1.064s] -- Up-to-date: /home/lfvmu/kobuki/install/share/ament_cmake_export_libraries/local_setup.bash
[1.065s] -- Up-to-date: /home/lfvmu/kobuki/install/share/ament_cmake_export_libraries/local_setup.sh
[1.065s] -- Up-to-date: /home/lfvmu/kobuki/install/share/ament_cmake_export_libraries/local_setup.zsh
[1.065s] -- Installing: /home/lfvmu/kobuki/install/share/ament_cmake_export_libraries/local_setup.dsv
[1.066s] -- Installing: /home/lfvmu/kobuki/install/share/ament_cmake_export_libraries/package.dsv
[1.066s] -- Up-to-date: /home/lfvmu/kobuki/install/share/ament_index/resource_index/packages/ament_cmake_export_libraries
[1.067s] -- Up-to-date: /home/lfvmu/kobuki/install/share/ament_cmake_export_libraries/cmake/ament_cmake_export_libraries-extras.cmake
[1.067s] -- Up-to-date: /home/lfvmu/kobuki/install/share/ament_cmake_export_libraries/cmake/ament_cmake_export_librariesConfig.cmake
[1.067s] -- Up-to-date: /home/lfvmu/kobuki/install/share/ament_cmake_export_libraries/cmake/ament_cmake_export_librariesConfig-version.cmake
[1.068s] -- Up-to-date: /home/lfvmu/kobuki/install/share/ament_cmake_export_libraries/package.xml
[1.068s] -- Up-to-date: /home/lfvmu/kobuki/install/share/ament_cmake_export_libraries/cmake
[1.068s] -- Up-to-date: /home/lfvmu/kobuki/install/share/ament_cmake_export_libraries/cmake/ament_export_libraries.cmake
[1.069s] -- Up-to-date: /home/lfvmu/kobuki/install/share/ament_cmake_export_libraries/cmake/ament_cmake_export_libraries_package_hook.cmake
[1.069s] -- Up-to-date: /home/lfvmu/kobuki/install/share/ament_cmake_export_libraries/cmake/ament_export_library_names.cmake
[1.069s] -- Up-to-date: /home/lfvmu/kobuki/install/share/ament_cmake_export_libraries/cmake/ament_cmake_export_libraries-extras.cmake.in
[1.076s] Invoked command in '/home/lfvmu/kobuki/build/ament_cmake_export_libraries' returned '0': /usr/bin/cmake --install /home/lfvmu/kobuki/build/ament_cmake_export_libraries
