[0.105s] Invoking command in '/home/lfvmu/kobuki/build/ament_cmake_cppcheck': AMENT_PREFIX_PATH=/home/lfvmu/kobuki/install CMAKE_PREFIX_PATH=/home/lfvmu/kobuki/install PATH=/home/lfvmu/kobuki/install/bin:${PATH} PYTHONPATH=/home/lfvmu/kobuki/install/lib/python3.8/site-packages /usr/bin/cmake /home/lfvmu/kobuki/src/ament_lint/ament_cmake_cppcheck -DBUILD_TESTING=OFF -DCMAKE_INSTALL_PREFIX=/home/lfvmu/kobuki/install
[0.142s] -- Found ament_cmake_core: 0.9.11 (/home/lfvmu/kobuki/install/share/ament_cmake_core/cmake)
[0.189s] -- Found PythonInterp: /usr/bin/python3 (found suitable version "3.8.10", minimum required is "3") 
[0.190s] -- Using PYTHON_EXECUTABLE: /usr/bin/python3
[0.525s] -- Found ament_cmake_test: 0.9.11 (/home/lfvmu/kobuki/install/share/ament_cmake_test/cmake)
[0.666s] -- Configuring done
[0.672s] -- Generating done
[0.674s] -- Build files have been written to: /home/lfvmu/kobuki/build/ament_cmake_cppcheck
[0.679s] Invoked command in '/home/lfvmu/kobuki/build/ament_cmake_cppcheck' returned '0': AMENT_PREFIX_PATH=/home/lfvmu/kobuki/install CMAKE_PREFIX_PATH=/home/lfvmu/kobuki/install PATH=/home/lfvmu/kobuki/install/bin:${PATH} PYTHONPATH=/home/lfvmu/kobuki/install/lib/python3.8/site-packages /usr/bin/cmake /home/lfvmu/kobuki/src/ament_lint/ament_cmake_cppcheck -DBUILD_TESTING=OFF -DCMAKE_INSTALL_PREFIX=/home/lfvmu/kobuki/install
[0.686s] Invoking command in '/home/lfvmu/kobuki/build/ament_cmake_cppcheck': AMENT_PREFIX_PATH=/home/lfvmu/kobuki/install CMAKE_PREFIX_PATH=/home/lfvmu/kobuki/install PATH=/home/lfvmu/kobuki/install/bin:${PATH} PYTHONPATH=/home/lfvmu/kobuki/install/lib/python3.8/site-packages /usr/bin/cmake --build /home/lfvmu/kobuki/build/ament_cmake_cppcheck -- -j4 -l4
[0.777s] Invoked command in '/home/lfvmu/kobuki/build/ament_cmake_cppcheck' returned '0': AMENT_PREFIX_PATH=/home/lfvmu/kobuki/install CMAKE_PREFIX_PATH=/home/lfvmu/kobuki/install PATH=/home/lfvmu/kobuki/install/bin:${PATH} PYTHONPATH=/home/lfvmu/kobuki/install/lib/python3.8/site-packages /usr/bin/cmake --build /home/lfvmu/kobuki/build/ament_cmake_cppcheck -- -j4 -l4
[0.834s] Invoking command in '/home/lfvmu/kobuki/build/ament_cmake_cppcheck': AMENT_PREFIX_PATH=/home/lfvmu/kobuki/install CMAKE_PREFIX_PATH=/home/lfvmu/kobuki/install PATH=/home/lfvmu/kobuki/install/bin:${PATH} PYTHONPATH=/home/lfvmu/kobuki/install/lib/python3.8/site-packages /usr/bin/cmake --install /home/lfvmu/kobuki/build/ament_cmake_cppcheck
[0.857s] -- Install configuration: ""
[0.858s] -- Installing: /home/lfvmu/kobuki/install/share/ament_index/resource_index/package_run_dependencies/ament_cmake_cppcheck
[0.858s] -- Installing: /home/lfvmu/kobuki/install/share/ament_index/resource_index/parent_prefix_path/ament_cmake_cppcheck
[0.859s] -- Installing: /home/lfvmu/kobuki/install/share/ament_cmake_cppcheck/environment/ament_prefix_path.sh
[0.860s] -- Installing: /home/lfvmu/kobuki/install/share/ament_cmake_cppcheck/environment/ament_prefix_path.dsv
[0.860s] -- Installing: /home/lfvmu/kobuki/install/share/ament_cmake_cppcheck/environment/path.sh
[0.861s] -- Installing: /home/lfvmu/kobuki/install/share/ament_cmake_cppcheck/environment/path.dsv
[0.862s] -- Installing: /home/lfvmu/kobuki/install/share/ament_cmake_cppcheck/local_setup.bash
[0.862s] -- Installing: /home/lfvmu/kobuki/install/share/ament_cmake_cppcheck/local_setup.sh
[0.863s] -- Installing: /home/lfvmu/kobuki/install/share/ament_cmake_cppcheck/local_setup.zsh
[0.863s] -- Installing: /home/lfvmu/kobuki/install/share/ament_cmake_cppcheck/local_setup.dsv
[0.864s] -- Installing: /home/lfvmu/kobuki/install/share/ament_cmake_cppcheck/package.dsv
[0.865s] -- Installing: /home/lfvmu/kobuki/install/share/ament_index/resource_index/packages/ament_cmake_cppcheck
[0.865s] -- Installing: /home/lfvmu/kobuki/install/share/ament_cmake_cppcheck/cmake/ament_cmake_cppcheck-extras.cmake
[0.866s] -- Installing: /home/lfvmu/kobuki/install/share/ament_cmake_cppcheck/cmake/ament_cmake_cppcheckConfig.cmake
[0.867s] -- Installing: /home/lfvmu/kobuki/install/share/ament_cmake_cppcheck/cmake/ament_cmake_cppcheckConfig-version.cmake
[0.867s] -- Installing: /home/lfvmu/kobuki/install/share/ament_cmake_cppcheck/package.xml
[0.868s] -- Up-to-date: /home/lfvmu/kobuki/install/share/ament_cmake_cppcheck/cmake
[0.868s] -- Installing: /home/lfvmu/kobuki/install/share/ament_cmake_cppcheck/cmake/ament_cmake_cppcheck_lint_hook.cmake
[0.869s] -- Installing: /home/lfvmu/kobuki/install/share/ament_cmake_cppcheck/cmake/ament_cppcheck.cmake
[0.879s] Invoked command in '/home/lfvmu/kobuki/build/ament_cmake_cppcheck' returned '0': AMENT_PREFIX_PATH=/home/lfvmu/kobuki/install CMAKE_PREFIX_PATH=/home/lfvmu/kobuki/install PATH=/home/lfvmu/kobuki/install/bin:${PATH} PYTHONPATH=/home/lfvmu/kobuki/install/lib/python3.8/site-packages /usr/bin/cmake --install /home/lfvmu/kobuki/build/ament_cmake_cppcheck
