[0.772s] Invoking command in '/home/lfvmu/kobuki/build/ecl_containers': /usr/bin/cmake /home/lfvmu/kobuki/src/ecl_core/ecl_containers -DBUILD_TESTING=OFF --no-warn-unused-cli -DCMAKE_INSTALL_PREFIX=/home/lfvmu/kobuki/install
[0.840s] Not searching for unused variables given on the command line.
[0.853s] -- Found ament_cmake_ros: 0.9.2 (/home/lfvmu/kobuki/install/share/ament_cmake_ros/cmake)
[0.946s] -- Using PYTHON_EXECUTABLE: /usr/bin/python3
[1.474s] -- Found ecl_build: 1.0.3 (/home/lfvmu/kobuki/install/share/ecl_build/cmake)
[1.475s] -- Found ecl_config: 1.1.0 (/home/lfvmu/kobuki/install/share/ecl_config/cmake)
[1.479s] -- Found ecl_converters: 1.2.1 (/home/lfvmu/kobuki/install/share/ecl_converters/cmake)
[1.560s] -- Found ecl_formatters: 1.2.1 (/home/lfvmu/kobuki/install/share/ecl_formatters/cmake)
[1.572s] -- Found ecl_utilities: 1.2.1 (/home/lfvmu/kobuki/install/share/ecl_utilities/cmake)
[1.812s] -- Configuring done
[1.857s] -- Generating done
[1.857s] -- Build files have been written to: /home/lfvmu/kobuki/build/ecl_containers
[1.969s] Invoked command in '/home/lfvmu/kobuki/build/ecl_containers' returned '0': /usr/bin/cmake /home/lfvmu/kobuki/src/ecl_core/ecl_containers -DBUILD_TESTING=OFF --no-warn-unused-cli -DCMAKE_INSTALL_PREFIX=/home/lfvmu/kobuki/install
[1.977s] Invoking command in '/home/lfvmu/kobuki/build/ecl_containers': /usr/bin/cmake --build /home/lfvmu/kobuki/build/ecl_containers -- -j4 -l4
[2.108s] [100%] Built target ecl_demo_formatters
[2.160s] Invoked command in '/home/lfvmu/kobuki/build/ecl_containers' returned '0': /usr/bin/cmake --build /home/lfvmu/kobuki/build/ecl_containers -- -j4 -l4
[2.254s] Invoking command in '/home/lfvmu/kobuki/build/ecl_containers': /usr/bin/cmake --install /home/lfvmu/kobuki/build/ecl_containers
[2.306s] -- Install configuration: "RelWithDebInfo"
[2.310s] -- Up-to-date: /home/lfvmu/kobuki/install/share/ament_index/resource_index/package_run_dependencies/ecl_containers
[2.311s] -- Up-to-date: /home/lfvmu/kobuki/install/share/ament_index/resource_index/parent_prefix_path/ecl_containers
[2.311s] -- Up-to-date: /home/lfvmu/kobuki/install/share/ecl_containers/environment/ament_prefix_path.sh
[2.311s] -- Installing: /home/lfvmu/kobuki/install/share/ecl_containers/environment/ament_prefix_path.dsv
[2.312s] -- Up-to-date: /home/lfvmu/kobuki/install/share/ecl_containers/environment/path.sh
[2.312s] -- Installing: /home/lfvmu/kobuki/install/share/ecl_containers/environment/path.dsv
[2.312s] -- Up-to-date: /home/lfvmu/kobuki/install/share/ecl_containers/local_setup.bash
[2.312s] -- Up-to-date: /home/lfvmu/kobuki/install/share/ecl_containers/local_setup.sh
[2.313s] -- Up-to-date: /home/lfvmu/kobuki/install/share/ecl_containers/local_setup.zsh
[2.313s] -- Installing: /home/lfvmu/kobuki/install/share/ecl_containers/local_setup.dsv
[2.313s] -- Installing: /home/lfvmu/kobuki/install/share/ecl_containers/package.dsv
[2.314s] -- Up-to-date: /home/lfvmu/kobuki/install/share/ament_index/resource_index/packages/ecl_containers
[2.314s] -- Up-to-date: /home/lfvmu/kobuki/install/share/ecl_containers/cmake/ecl_containersExport.cmake
[2.314s] -- Up-to-date: /home/lfvmu/kobuki/install/share/ecl_containers/cmake/ament_cmake_export_targets-extras.cmake
[2.315s] -- Up-to-date: /home/lfvmu/kobuki/install/share/ecl_containers/cmake/ament_cmake_export_include_directories-extras.cmake
[2.315s] -- Up-to-date: /home/lfvmu/kobuki/install/share/ecl_containers/cmake/ament_cmake_export_dependencies-extras.cmake
[2.315s] -- Up-to-date: /home/lfvmu/kobuki/install/share/ecl_containers/cmake/ecl_containersConfig.cmake
[2.317s] -- Up-to-date: /home/lfvmu/kobuki/install/share/ecl_containers/cmake/ecl_containersConfig-version.cmake
[2.318s] -- Up-to-date: /home/lfvmu/kobuki/install/share/ecl_containers/package.xml
[2.318s] -- Up-to-date: /home/lfvmu/kobuki/install/include/ecl/containers.hpp
[2.319s] -- Up-to-date: /home/lfvmu/kobuki/install/include/ecl/containers/array.hpp
[2.319s] -- Up-to-date: /home/lfvmu/kobuki/install/include/ecl/containers/converters.hpp
[2.320s] -- Up-to-date: /home/lfvmu/kobuki/install/include/ecl/containers/definitions.hpp
[2.320s] -- Up-to-date: /home/lfvmu/kobuki/install/include/ecl/containers/fifo.hpp
[2.321s] -- Up-to-date: /home/lfvmu/kobuki/install/include/ecl/containers/initialiser.hpp
[2.322s] -- Up-to-date: /home/lfvmu/kobuki/install/include/ecl/containers/push_and_pop.hpp
[2.322s] -- Up-to-date: /home/lfvmu/kobuki/install/include/ecl/containers/stencil.hpp
[2.322s] -- Up-to-date: /home/lfvmu/kobuki/install/include/ecl/containers/common/formatters.hpp
[2.322s] -- Up-to-date: /home/lfvmu/kobuki/install/include/ecl/containers/array/array_dynamic_mem_check.hpp
[2.323s] -- Up-to-date: /home/lfvmu/kobuki/install/include/ecl/containers/array/array_dynamic_no_mem_check.hpp
[2.323s] -- Up-to-date: /home/lfvmu/kobuki/install/include/ecl/containers/array/array_mem_check.hpp
[2.323s] -- Up-to-date: /home/lfvmu/kobuki/install/include/ecl/containers/array/array_no_mem_check.hpp
[2.323s] -- Up-to-date: /home/lfvmu/kobuki/install/include/ecl/containers/array/converters.hpp
[2.328s] -- Up-to-date: /home/lfvmu/kobuki/install/include/ecl/containers/array/formatters.hpp
[2.332s] -- Up-to-date: /home/lfvmu/kobuki/install/include/ecl/containers/push_and_pop/formatters.hpp
[2.350s] -- Up-to-date: /home/lfvmu/kobuki/install/include/ecl/containers/push_and_pop/push_and_pop_dynamic.hpp
[2.360s] -- Up-to-date: /home/lfvmu/kobuki/install/include/ecl/containers/push_and_pop/push_and_pop_fixed.hpp
[2.361s] -- Up-to-date: /home/lfvmu/kobuki/install/include/ecl/containers/stencil/converters.hpp
[2.361s] -- Up-to-date: /home/lfvmu/kobuki/install/include/ecl/containers/stencil/formatters.hpp
[2.362s] -- Up-to-date: /home/lfvmu/kobuki/install/include/ecl/containers/stencil/specialisations.hpp
[2.362s] -- Up-to-date: /home/lfvmu/kobuki/install/include/ecl/containers/stencil/stencil.hpp
[2.362s] -- Up-to-date: /home/lfvmu/kobuki/install/lib/ecl_containers/demo_formatters
[2.363s] Invoked command in '/home/lfvmu/kobuki/build/ecl_containers' returned '0': /usr/bin/cmake --install /home/lfvmu/kobuki/build/ecl_containers
