[0.551s] Invoking command in '/home/lfvmu/kobuki/build/ecl_errors': /usr/bin/cmake /home/lfvmu/kobuki/src/ecl_lite/ecl_errors -DBUILD_TESTING=OFF -DCMAKE_INSTALL_PREFIX=/home/lfvmu/kobuki/install
[0.568s] Re-run cmake no build system arguments
[0.583s] -- Found ament_cmake_ros: 0.9.2 (/home/lfvmu/kobuki/install/share/ament_cmake_ros/cmake)
[0.653s] -- Using PYTHON_EXECUTABLE: /usr/bin/python3
[1.018s] -- Found ecl_build: 1.0.3 (/home/lfvmu/kobuki/install/share/ecl_build/cmake)
[1.050s] -- Found ecl_config: 1.1.0 (/home/lfvmu/kobuki/install/share/ecl_config/cmake)
[1.234s] -- Configuring done
[1.258s] -- Generating done
[1.280s] -- Build files have been written to: /home/lfvmu/kobuki/build/ecl_errors
[1.353s] Invoked command in '/home/lfvmu/kobuki/build/ecl_errors' returned '0': /usr/bin/cmake /home/lfvmu/kobuki/src/ecl_lite/ecl_errors -DBUILD_TESTING=OFF -DCMAKE_INSTALL_PREFIX=/home/lfvmu/kobuki/install
[1.359s] Invoking command in '/home/lfvmu/kobuki/build/ecl_errors': /usr/bin/cmake --build /home/lfvmu/kobuki/build/ecl_errors -- -j4 -l4
[1.436s] /usr/bin/cmake -S/home/lfvmu/kobuki/src/ecl_lite/ecl_errors -B/home/lfvmu/kobuki/build/ecl_errors --check-build-system CMakeFiles/Makefile.cmake 0
[1.462s] /usr/bin/cmake -E cmake_progress_start /home/lfvmu/kobuki/build/ecl_errors/CMakeFiles /home/lfvmu/kobuki/build/ecl_errors/CMakeFiles/progress.marks
[1.480s] /usr/bin/make -f CMakeFiles/Makefile2 all
[1.495s] make[1]: Entering directory '/home/lfvmu/kobuki/build/ecl_errors'
[1.495s] /usr/bin/make -f src/lib/CMakeFiles/ecl_errors.dir/build.make src/lib/CMakeFiles/ecl_errors.dir/depend
[1.496s] make[2]: Entering directory '/home/lfvmu/kobuki/build/ecl_errors'
[1.496s] cd /home/lfvmu/kobuki/build/ecl_errors && /usr/bin/cmake -E cmake_depends "Unix Makefiles" /home/lfvmu/kobuki/src/ecl_lite/ecl_errors /home/lfvmu/kobuki/src/ecl_lite/ecl_errors/src/lib /home/lfvmu/kobuki/build/ecl_errors /home/lfvmu/kobuki/build/ecl_errors/src/lib /home/lfvmu/kobuki/build/ecl_errors/src/lib/CMakeFiles/ecl_errors.dir/DependInfo.cmake --color=
[1.531s] make[2]: Leaving directory '/home/lfvmu/kobuki/build/ecl_errors'
[1.532s] /usr/bin/make -f src/lib/CMakeFiles/ecl_errors.dir/build.make src/lib/CMakeFiles/ecl_errors.dir/build
[1.532s] make[2]: Entering directory '/home/lfvmu/kobuki/build/ecl_errors'
[1.532s] make[2]: Nothing to be done for 'src/lib/CMakeFiles/ecl_errors.dir/build'.
[1.532s] make[2]: Leaving directory '/home/lfvmu/kobuki/build/ecl_errors'
[1.552s] [ 50%] Built target ecl_errors
[1.553s] /usr/bin/make -f src/examples/CMakeFiles/ecl_errors_example_errors.dir/build.make src/examples/CMakeFiles/ecl_errors_example_errors.dir/depend
[1.554s] make[2]: Entering directory '/home/lfvmu/kobuki/build/ecl_errors'
[1.562s] cd /home/lfvmu/kobuki/build/ecl_errors && /usr/bin/cmake -E cmake_depends "Unix Makefiles" /home/lfvmu/kobuki/src/ecl_lite/ecl_errors /home/lfvmu/kobuki/src/ecl_lite/ecl_errors/src/examples /home/lfvmu/kobuki/build/ecl_errors /home/lfvmu/kobuki/build/ecl_errors/src/examples /home/lfvmu/kobuki/build/ecl_errors/src/examples/CMakeFiles/ecl_errors_example_errors.dir/DependInfo.cmake --color=
[1.582s] make[2]: Leaving directory '/home/lfvmu/kobuki/build/ecl_errors'
[1.583s] /usr/bin/make -f src/examples/CMakeFiles/ecl_errors_example_errors.dir/build.make src/examples/CMakeFiles/ecl_errors_example_errors.dir/build
[1.583s] make[2]: Entering directory '/home/lfvmu/kobuki/build/ecl_errors'
[1.584s] make[2]: Nothing to be done for 'src/examples/CMakeFiles/ecl_errors_example_errors.dir/build'.
[1.584s] make[2]: Leaving directory '/home/lfvmu/kobuki/build/ecl_errors'
[1.610s] [100%] Built target ecl_errors_example_errors
[1.610s] make[1]: Leaving directory '/home/lfvmu/kobuki/build/ecl_errors'
[1.610s] /usr/bin/cmake -E cmake_progress_start /home/lfvmu/kobuki/build/ecl_errors/CMakeFiles 0
[1.748s] Invoked command in '/home/lfvmu/kobuki/build/ecl_errors' returned '0': /usr/bin/cmake --build /home/lfvmu/kobuki/build/ecl_errors -- -j4 -l4
[1.843s] Invoking command in '/home/lfvmu/kobuki/build/ecl_errors': /usr/bin/cmake --install /home/lfvmu/kobuki/build/ecl_errors
[1.883s] -- Install configuration: "RelWithDebInfo"
[1.884s] -- Up-to-date: /home/lfvmu/kobuki/install/share/ecl_errors/environment/library_path.sh
[1.884s] -- Installing: /home/lfvmu/kobuki/install/share/ecl_errors/environment/library_path.dsv
[1.884s] -- Up-to-date: /home/lfvmu/kobuki/install/share/ament_index/resource_index/package_run_dependencies/ecl_errors
[1.885s] -- Up-to-date: /home/lfvmu/kobuki/install/share/ament_index/resource_index/parent_prefix_path/ecl_errors
[1.885s] -- Up-to-date: /home/lfvmu/kobuki/install/share/ecl_errors/environment/ament_prefix_path.sh
[1.885s] -- Installing: /home/lfvmu/kobuki/install/share/ecl_errors/environment/ament_prefix_path.dsv
[1.885s] -- Up-to-date: /home/lfvmu/kobuki/install/share/ecl_errors/environment/path.sh
[1.886s] -- Installing: /home/lfvmu/kobuki/install/share/ecl_errors/environment/path.dsv
[1.886s] -- Up-to-date: /home/lfvmu/kobuki/install/share/ecl_errors/local_setup.bash
[1.886s] -- Up-to-date: /home/lfvmu/kobuki/install/share/ecl_errors/local_setup.sh
[1.887s] -- Up-to-date: /home/lfvmu/kobuki/install/share/ecl_errors/local_setup.zsh
[1.887s] -- Installing: /home/lfvmu/kobuki/install/share/ecl_errors/local_setup.dsv
[1.887s] -- Installing: /home/lfvmu/kobuki/install/share/ecl_errors/package.dsv
[1.889s] -- Up-to-date: /home/lfvmu/kobuki/install/share/ament_index/resource_index/packages/ecl_errors
[1.890s] -- Up-to-date: /home/lfvmu/kobuki/install/share/ecl_errors/cmake/ecl_errorsExport.cmake
[1.891s] -- Installing: /home/lfvmu/kobuki/install/share/ecl_errors/cmake/ecl_errorsExport-relwithdebinfo.cmake
[1.892s] -- Up-to-date: /home/lfvmu/kobuki/install/share/ecl_errors/cmake/ament_cmake_export_targets-extras.cmake
[1.892s] -- Up-to-date: /home/lfvmu/kobuki/install/share/ecl_errors/cmake/ament_cmake_export_include_directories-extras.cmake
[1.892s] -- Up-to-date: /home/lfvmu/kobuki/install/share/ecl_errors/cmake/ament_cmake_export_libraries-extras.cmake
[1.893s] -- Up-to-date: /home/lfvmu/kobuki/install/share/ecl_errors/cmake/ament_cmake_export_dependencies-extras.cmake
[1.894s] -- Up-to-date: /home/lfvmu/kobuki/install/share/ecl_errors/cmake/ecl_errorsConfig.cmake
[1.895s] -- Up-to-date: /home/lfvmu/kobuki/install/share/ecl_errors/cmake/ecl_errorsConfig-version.cmake
[1.895s] -- Up-to-date: /home/lfvmu/kobuki/install/share/ecl_errors/package.xml
[1.898s] -- Up-to-date: /home/lfvmu/kobuki/install/include/ecl/errors.hpp
[1.898s] -- Up-to-date: /home/lfvmu/kobuki/install/include/ecl/errors/compile_time_assert.hpp
[1.899s] -- Up-to-date: /home/lfvmu/kobuki/install/include/ecl/errors/flags.hpp
[1.899s] -- Up-to-date: /home/lfvmu/kobuki/install/include/ecl/errors/handlers.hpp
[1.900s] -- Up-to-date: /home/lfvmu/kobuki/install/include/ecl/errors/macros.hpp
[1.913s] -- Up-to-date: /home/lfvmu/kobuki/install/include/ecl/errors/run_time_functions.hpp
[1.921s] -- Up-to-date: /home/lfvmu/kobuki/install/lib/libecl_errors.so.1.1.0
[1.921s] -- Up-to-date: /home/lfvmu/kobuki/install/lib/libecl_errors.so
[1.922s] -- Up-to-date: /home/lfvmu/kobuki/install/lib/ecl_errors/demo_errors
[1.936s] Invoked command in '/home/lfvmu/kobuki/build/ecl_errors' returned '0': /usr/bin/cmake --install /home/lfvmu/kobuki/build/ecl_errors
