[0.067s] Invoking command in '/home/lfvmu/kobuki/build/ament_cmake_export_definitions': /usr/bin/cmake /home/lfvmu/kobuki/src/ament_cmake/ament_cmake_export_definitions -DBUILD_TESTING=OFF -DCMAKE_INSTALL_PREFIX=/home/lfvmu/kobuki/install
[0.098s] Re-run cmake no build system arguments
[0.101s] -- Found ament_cmake_core: 0.9.11 (/home/lfvmu/kobuki/install/share/ament_cmake_core/cmake)
[0.145s] -- Using PYTHON_EXECUTABLE: /usr/bin/python3
[0.690s] -- Configuring done
[0.690s] -- Generating done
[0.691s] -- Build files have been written to: /home/lfvmu/kobuki/build/ament_cmake_export_definitions
[0.911s] Invoked command in '/home/lfvmu/kobuki/build/ament_cmake_export_definitions' returned '0': /usr/bin/cmake /home/lfvmu/kobuki/src/ament_cmake/ament_cmake_export_definitions -DBUILD_TESTING=OFF -DCMAKE_INSTALL_PREFIX=/home/lfvmu/kobuki/install
[0.916s] Invoking command in '/home/lfvmu/kobuki/build/ament_cmake_export_definitions': /usr/bin/cmake --build /home/lfvmu/kobuki/build/ament_cmake_export_definitions -- -j4 -l4
[1.078s] /usr/bin/cmake -S/home/lfvmu/kobuki/src/ament_cmake/ament_cmake_export_definitions -B/home/lfvmu/kobuki/build/ament_cmake_export_definitions --check-build-system CMakeFiles/Makefile.cmake 0
[1.079s] /usr/bin/cmake -E cmake_progress_start /home/lfvmu/kobuki/build/ament_cmake_export_definitions/CMakeFiles /home/lfvmu/kobuki/build/ament_cmake_export_definitions/CMakeFiles/progress.marks
[1.079s] /usr/bin/make -f CMakeFiles/Makefile2 all
[1.080s] make[1]: Entering directory '/home/lfvmu/kobuki/build/ament_cmake_export_definitions'
[1.081s] make[1]: Nothing to be done for 'all'.
[1.081s] make[1]: Leaving directory '/home/lfvmu/kobuki/build/ament_cmake_export_definitions'
[1.086s] /usr/bin/cmake -E cmake_progress_start /home/lfvmu/kobuki/build/ament_cmake_export_definitions/CMakeFiles 0
[1.097s] Invoked command in '/home/lfvmu/kobuki/build/ament_cmake_export_definitions' returned '0': /usr/bin/cmake --build /home/lfvmu/kobuki/build/ament_cmake_export_definitions -- -j4 -l4
[1.410s] Invoking command in '/home/lfvmu/kobuki/build/ament_cmake_export_definitions': /usr/bin/cmake --install /home/lfvmu/kobuki/build/ament_cmake_export_definitions
[1.435s] -- Install configuration: "RelWithDebInfo"
[1.435s] -- Up-to-date: /home/lfvmu/kobuki/install/share/ament_index/resource_index/package_run_dependencies/ament_cmake_export_definitions
[1.436s] -- Up-to-date: /home/lfvmu/kobuki/install/share/ament_index/resource_index/parent_prefix_path/ament_cmake_export_definitions
[1.436s] -- Up-to-date: /home/lfvmu/kobuki/install/share/ament_cmake_export_definitions/environment/ament_prefix_path.sh
[1.436s] -- Installing: /home/lfvmu/kobuki/install/share/ament_cmake_export_definitions/environment/ament_prefix_path.dsv
[1.436s] -- Up-to-date: /home/lfvmu/kobuki/install/share/ament_cmake_export_definitions/environment/path.sh
[1.436s] -- Installing: /home/lfvmu/kobuki/install/share/ament_cmake_export_definitions/environment/path.dsv
[1.437s] -- Up-to-date: /home/lfvmu/kobuki/install/share/ament_cmake_export_definitions/local_setup.bash
[1.437s] -- Up-to-date: /home/lfvmu/kobuki/install/share/ament_cmake_export_definitions/local_setup.sh
[1.437s] -- Up-to-date: /home/lfvmu/kobuki/install/share/ament_cmake_export_definitions/local_setup.zsh
[1.437s] -- Installing: /home/lfvmu/kobuki/install/share/ament_cmake_export_definitions/local_setup.dsv
[1.437s] -- Installing: /home/lfvmu/kobuki/install/share/ament_cmake_export_definitions/package.dsv
[1.438s] -- Up-to-date: /home/lfvmu/kobuki/install/share/ament_index/resource_index/packages/ament_cmake_export_definitions
[1.438s] -- Up-to-date: /home/lfvmu/kobuki/install/share/ament_cmake_export_definitions/cmake/ament_cmake_export_definitions-extras.cmake
[1.438s] -- Up-to-date: /home/lfvmu/kobuki/install/share/ament_cmake_export_definitions/cmake/ament_cmake_export_definitionsConfig.cmake
[1.438s] -- Up-to-date: /home/lfvmu/kobuki/install/share/ament_cmake_export_definitions/cmake/ament_cmake_export_definitionsConfig-version.cmake
[1.438s] -- Up-to-date: /home/lfvmu/kobuki/install/share/ament_cmake_export_definitions/package.xml
[1.439s] -- Up-to-date: /home/lfvmu/kobuki/install/share/ament_cmake_export_definitions/cmake
[1.441s] -- Up-to-date: /home/lfvmu/kobuki/install/share/ament_cmake_export_definitions/cmake/ament_cmake_export_definitions_package_hook.cmake
[1.457s] -- Up-to-date: /home/lfvmu/kobuki/install/share/ament_cmake_export_definitions/cmake/ament_cmake_export_definitions-extras.cmake.in
[1.462s] -- Up-to-date: /home/lfvmu/kobuki/install/share/ament_cmake_export_definitions/cmake/ament_export_definitions.cmake
[1.462s] Invoked command in '/home/lfvmu/kobuki/build/ament_cmake_export_definitions' returned '0': /usr/bin/cmake --install /home/lfvmu/kobuki/build/ament_cmake_export_definitions
