[0.426s] Invoking command in '/home/lfvmu/kobuki/build/ament_cmake_cpplint': AMENT_PREFIX_PATH=/home/lfvmu/kobuki/install CMAKE_PREFIX_PATH=/home/lfvmu/kobuki/install LD_LIBRARY_PATH=/home/lfvmu/kobuki/install/lib PATH=/home/lfvmu/kobuki/install/bin:${PATH} PYTHONPATH=/home/lfvmu/kobuki/install/lib/python3.8/site-packages /usr/bin/cmake /home/lfvmu/kobuki/src/ament_lint/ament_cmake_cpplint -DBUILD_TESTING=OFF -DCMAKE_INSTALL_PREFIX=/home/lfvmu/kobuki/install
[0.452s] Re-run cmake no build system arguments
[0.466s] -- Found ament_cmake_core: 0.9.11 (/home/lfvmu/kobuki/install/share/ament_cmake_core/cmake)
[0.513s] -- Using PYTHON_EXECUTABLE: /usr/bin/python3
[0.864s] -- Found ament_cmake_test: 0.9.11 (/home/lfvmu/kobuki/install/share/ament_cmake_test/cmake)
[1.013s] -- Configuring done
[1.015s] -- Generating done
[1.018s] -- Build files have been written to: /home/lfvmu/kobuki/build/ament_cmake_cpplint
[1.070s] Invoked command in '/home/lfvmu/kobuki/build/ament_cmake_cpplint' returned '0': AMENT_PREFIX_PATH=/home/lfvmu/kobuki/install CMAKE_PREFIX_PATH=/home/lfvmu/kobuki/install LD_LIBRARY_PATH=/home/lfvmu/kobuki/install/lib PATH=/home/lfvmu/kobuki/install/bin:${PATH} PYTHONPATH=/home/lfvmu/kobuki/install/lib/python3.8/site-packages /usr/bin/cmake /home/lfvmu/kobuki/src/ament_lint/ament_cmake_cpplint -DBUILD_TESTING=OFF -DCMAKE_INSTALL_PREFIX=/home/lfvmu/kobuki/install
[1.073s] Invoking command in '/home/lfvmu/kobuki/build/ament_cmake_cpplint': AMENT_PREFIX_PATH=/home/lfvmu/kobuki/install CMAKE_PREFIX_PATH=/home/lfvmu/kobuki/install LD_LIBRARY_PATH=/home/lfvmu/kobuki/install/lib PATH=/home/lfvmu/kobuki/install/bin:${PATH} PYTHONPATH=/home/lfvmu/kobuki/install/lib/python3.8/site-packages /usr/bin/cmake --build /home/lfvmu/kobuki/build/ament_cmake_cpplint -- -j4 -l4
[1.138s] /usr/bin/cmake -S/home/lfvmu/kobuki/src/ament_lint/ament_cmake_cpplint -B/home/lfvmu/kobuki/build/ament_cmake_cpplint --check-build-system CMakeFiles/Makefile.cmake 0
[1.158s] /usr/bin/cmake -E cmake_progress_start /home/lfvmu/kobuki/build/ament_cmake_cpplint/CMakeFiles /home/lfvmu/kobuki/build/ament_cmake_cpplint/CMakeFiles/progress.marks
[1.187s] /usr/bin/make -f CMakeFiles/Makefile2 all
[1.188s] make[1]: Entering directory '/home/lfvmu/kobuki/build/ament_cmake_cpplint'
[1.188s] make[1]: Nothing to be done for 'all'.
[1.189s] make[1]: Leaving directory '/home/lfvmu/kobuki/build/ament_cmake_cpplint'
[1.189s] /usr/bin/cmake -E cmake_progress_start /home/lfvmu/kobuki/build/ament_cmake_cpplint/CMakeFiles 0
[1.216s] Invoked command in '/home/lfvmu/kobuki/build/ament_cmake_cpplint' returned '0': AMENT_PREFIX_PATH=/home/lfvmu/kobuki/install CMAKE_PREFIX_PATH=/home/lfvmu/kobuki/install LD_LIBRARY_PATH=/home/lfvmu/kobuki/install/lib PATH=/home/lfvmu/kobuki/install/bin:${PATH} PYTHONPATH=/home/lfvmu/kobuki/install/lib/python3.8/site-packages /usr/bin/cmake --build /home/lfvmu/kobuki/build/ament_cmake_cpplint -- -j4 -l4
[1.308s] Invoking command in '/home/lfvmu/kobuki/build/ament_cmake_cpplint': AMENT_PREFIX_PATH=/home/lfvmu/kobuki/install CMAKE_PREFIX_PATH=/home/lfvmu/kobuki/install LD_LIBRARY_PATH=/home/lfvmu/kobuki/install/lib PATH=/home/lfvmu/kobuki/install/bin:${PATH} PYTHONPATH=/home/lfvmu/kobuki/install/lib/python3.8/site-packages /usr/bin/cmake --install /home/lfvmu/kobuki/build/ament_cmake_cpplint
[1.330s] -- Install configuration: ""
[1.330s] -- Up-to-date: /home/lfvmu/kobuki/install/share/ament_index/resource_index/package_run_dependencies/ament_cmake_cpplint
[1.341s] -- Up-to-date: /home/lfvmu/kobuki/install/share/ament_index/resource_index/parent_prefix_path/ament_cmake_cpplint
[1.342s] -- Up-to-date: /home/lfvmu/kobuki/install/share/ament_cmake_cpplint/environment/ament_prefix_path.sh
[1.342s] -- Installing: /home/lfvmu/kobuki/install/share/ament_cmake_cpplint/environment/ament_prefix_path.dsv
[1.342s] -- Up-to-date: /home/lfvmu/kobuki/install/share/ament_cmake_cpplint/environment/path.sh
[1.342s] -- Installing: /home/lfvmu/kobuki/install/share/ament_cmake_cpplint/environment/path.dsv
[1.342s] -- Up-to-date: /home/lfvmu/kobuki/install/share/ament_cmake_cpplint/local_setup.bash
[1.343s] -- Up-to-date: /home/lfvmu/kobuki/install/share/ament_cmake_cpplint/local_setup.sh
[1.343s] -- Up-to-date: /home/lfvmu/kobuki/install/share/ament_cmake_cpplint/local_setup.zsh
[1.343s] -- Installing: /home/lfvmu/kobuki/install/share/ament_cmake_cpplint/local_setup.dsv
[1.344s] -- Installing: /home/lfvmu/kobuki/install/share/ament_cmake_cpplint/package.dsv
[1.344s] -- Up-to-date: /home/lfvmu/kobuki/install/share/ament_index/resource_index/packages/ament_cmake_cpplint
[1.345s] -- Up-to-date: /home/lfvmu/kobuki/install/share/ament_cmake_cpplint/cmake/ament_cmake_cpplint-extras.cmake
[1.346s] -- Up-to-date: /home/lfvmu/kobuki/install/share/ament_cmake_cpplint/cmake/ament_cmake_cpplintConfig.cmake
[1.346s] -- Up-to-date: /home/lfvmu/kobuki/install/share/ament_cmake_cpplint/cmake/ament_cmake_cpplintConfig-version.cmake
[1.348s] -- Up-to-date: /home/lfvmu/kobuki/install/share/ament_cmake_cpplint/package.xml
[1.348s] -- Up-to-date: /home/lfvmu/kobuki/install/share/ament_cmake_cpplint/cmake
[1.348s] -- Up-to-date: /home/lfvmu/kobuki/install/share/ament_cmake_cpplint/cmake/ament_cpplint.cmake
[1.354s] -- Up-to-date: /home/lfvmu/kobuki/install/share/ament_cmake_cpplint/cmake/ament_cmake_cpplint_lint_hook.cmake
[1.366s] Invoked command in '/home/lfvmu/kobuki/build/ament_cmake_cpplint' returned '0': AMENT_PREFIX_PATH=/home/lfvmu/kobuki/install CMAKE_PREFIX_PATH=/home/lfvmu/kobuki/install LD_LIBRARY_PATH=/home/lfvmu/kobuki/install/lib PATH=/home/lfvmu/kobuki/install/bin:${PATH} PYTHONPATH=/home/lfvmu/kobuki/install/lib/python3.8/site-packages /usr/bin/cmake --install /home/lfvmu/kobuki/build/ament_cmake_cpplint
