[1.399s] Invoking command in '/home/lfvmu/kobuki/src/ament_lint/ament_pyflakes': AMENT_PREFIX_PATH=/home/lfvmu/kobuki/install CMAKE_PREFIX_PATH=/home/lfvmu/kobuki/install PATH=/home/lfvmu/kobuki/install/bin:${PATH} PYTHONPATH=/home/lfvmu/kobuki/build/ament_pyflakes/prefix_override:/home/lfvmu/kobuki/install/lib/python3.8/site-packages:/home/lfvmu/kobuki/install/lib/python3.8/site-packages /usr/bin/python3 setup.py egg_info --egg-base ../../../build/ament_pyflakes build --build-base /home/lfvmu/kobuki/build/ament_pyflakes/build install --record /home/lfvmu/kobuki/build/ament_pyflakes/install.log --single-version-externally-managed
[1.795s] running egg_info
[1.797s] creating ../../../build/ament_pyflakes/ament_pyflakes.egg-info
[1.797s] writing ../../../build/ament_pyflakes/ament_pyflakes.egg-info/PKG-INFO
[1.798s] writing dependency_links to ../../../build/ament_pyflakes/ament_pyflakes.egg-info/dependency_links.txt
[1.799s] writing entry points to ../../../build/ament_pyflakes/ament_pyflakes.egg-info/entry_points.txt
[1.799s] writing requirements to ../../../build/ament_pyflakes/ament_pyflakes.egg-info/requires.txt
[1.799s] writing top-level names to ../../../build/ament_pyflakes/ament_pyflakes.egg-info/top_level.txt
[1.800s] writing manifest file '../../../build/ament_pyflakes/ament_pyflakes.egg-info/SOURCES.txt'
[1.909s] reading manifest file '../../../build/ament_pyflakes/ament_pyflakes.egg-info/SOURCES.txt'
[1.910s] writing manifest file '../../../build/ament_pyflakes/ament_pyflakes.egg-info/SOURCES.txt'
[1.910s] running build
[1.910s] running build_py
[1.911s] creating /home/lfvmu/kobuki/build/ament_pyflakes/build
[1.911s] creating /home/lfvmu/kobuki/build/ament_pyflakes/build/lib
[1.912s] creating /home/lfvmu/kobuki/build/ament_pyflakes/build/lib/ament_pyflakes
[1.912s] copying ament_pyflakes/main.py -> /home/lfvmu/kobuki/build/ament_pyflakes/build/lib/ament_pyflakes
[1.913s] copying ament_pyflakes/__init__.py -> /home/lfvmu/kobuki/build/ament_pyflakes/build/lib/ament_pyflakes
[1.913s] running install
[1.915s] running install_lib
[1.917s] creating /home/lfvmu/kobuki/install/lib/python3.8/site-packages/ament_pyflakes
[1.919s] copying /home/lfvmu/kobuki/build/ament_pyflakes/build/lib/ament_pyflakes/main.py -> /home/lfvmu/kobuki/install/lib/python3.8/site-packages/ament_pyflakes
[1.919s] copying /home/lfvmu/kobuki/build/ament_pyflakes/build/lib/ament_pyflakes/__init__.py -> /home/lfvmu/kobuki/install/lib/python3.8/site-packages/ament_pyflakes
[1.920s] byte-compiling /home/lfvmu/kobuki/install/lib/python3.8/site-packages/ament_pyflakes/main.py to main.cpython-38.pyc
[1.927s] byte-compiling /home/lfvmu/kobuki/install/lib/python3.8/site-packages/ament_pyflakes/__init__.py to __init__.cpython-38.pyc
[1.928s] running install_data
[1.929s] copying package.xml -> /home/lfvmu/kobuki/install/share/ament_pyflakes
[1.929s] copying resource/ament_pyflakes -> /home/lfvmu/kobuki/install/share/ament_index/resource_index/packages
[1.930s] running install_egg_info
[1.933s] Copying ../../../build/ament_pyflakes/ament_pyflakes.egg-info to /home/lfvmu/kobuki/install/lib/python3.8/site-packages/ament_pyflakes-0.9.7-py3.8.egg-info
[1.935s] running install_scripts
[1.975s] Installing ament_pyflakes script to /home/lfvmu/kobuki/install/bin
[1.976s] writing list of installed files to '/home/lfvmu/kobuki/build/ament_pyflakes/install.log'
[2.022s] Invoked command in '/home/lfvmu/kobuki/src/ament_lint/ament_pyflakes' returned '0': AMENT_PREFIX_PATH=/home/lfvmu/kobuki/install CMAKE_PREFIX_PATH=/home/lfvmu/kobuki/install PATH=/home/lfvmu/kobuki/install/bin:${PATH} PYTHONPATH=/home/lfvmu/kobuki/build/ament_pyflakes/prefix_override:/home/lfvmu/kobuki/install/lib/python3.8/site-packages:/home/lfvmu/kobuki/install/lib/python3.8/site-packages /usr/bin/python3 setup.py egg_info --egg-base ../../../build/ament_pyflakes build --build-base /home/lfvmu/kobuki/build/ament_pyflakes/build install --record /home/lfvmu/kobuki/build/ament_pyflakes/install.log --single-version-externally-managed
