[0.198s] Invoking command in '/home/lfvmu/kobuki/build/ecl_console': AMENT_PREFIX_PATH=/home/lfvmu/kobuki/install CMAKE_PREFIX_PATH=/home/lfvmu/kobuki/install LD_LIBRARY_PATH=/home/lfvmu/kobuki/install/lib PATH=/home/lfvmu/kobuki/install/bin:${PATH} PYTHONPATH=/home/lfvmu/kobuki/install/lib/python3.8/site-packages /usr/bin/cmake /home/lfvmu/kobuki/src/ecl_lite/ecl_console -DBUILD_TESTING=OFF -DCMAKE_BUILD_TYPE=RelWithDebInfo -DCMAKE_INSTALL_PREFIX=/home/lfvmu/kobuki/install
[0.258s] -- Found ament_cmake_ros: 0.9.2 (/home/lfvmu/kobuki/install/share/ament_cmake_ros/cmake)
[0.315s] -- Using PYTHON_EXECUTABLE: /usr/bin/python3
[0.727s] -- Found ecl_build: 1.0.3 (/home/lfvmu/kobuki/install/share/ecl_build/cmake)
[0.753s] -- Found ecl_config: 1.1.0 (/home/lfvmu/kobuki/install/share/ecl_config/cmake)
[0.930s] -- Configuring done
[0.937s] -- Generating done
[0.941s] -- Build files have been written to: /home/lfvmu/kobuki/build/ecl_console
[0.948s] Invoked command in '/home/lfvmu/kobuki/build/ecl_console' returned '0': AMENT_PREFIX_PATH=/home/lfvmu/kobuki/install CMAKE_PREFIX_PATH=/home/lfvmu/kobuki/install LD_LIBRARY_PATH=/home/lfvmu/kobuki/install/lib PATH=/home/lfvmu/kobuki/install/bin:${PATH} PYTHONPATH=/home/lfvmu/kobuki/install/lib/python3.8/site-packages /usr/bin/cmake /home/lfvmu/kobuki/src/ecl_lite/ecl_console -DBUILD_TESTING=OFF -DCMAKE_BUILD_TYPE=RelWithDebInfo -DCMAKE_INSTALL_PREFIX=/home/lfvmu/kobuki/install
[0.954s] Invoking command in '/home/lfvmu/kobuki/build/ecl_console': AMENT_PREFIX_PATH=/home/lfvmu/kobuki/install CMAKE_PREFIX_PATH=/home/lfvmu/kobuki/install LD_LIBRARY_PATH=/home/lfvmu/kobuki/install/lib PATH=/home/lfvmu/kobuki/install/bin:${PATH} PYTHONPATH=/home/lfvmu/kobuki/install/lib/python3.8/site-packages /usr/bin/cmake --build /home/lfvmu/kobuki/build/ecl_console -- -j4 -l4
[1.056s] Invoked command in '/home/lfvmu/kobuki/build/ecl_console' returned '0': AMENT_PREFIX_PATH=/home/lfvmu/kobuki/install CMAKE_PREFIX_PATH=/home/lfvmu/kobuki/install LD_LIBRARY_PATH=/home/lfvmu/kobuki/install/lib PATH=/home/lfvmu/kobuki/install/bin:${PATH} PYTHONPATH=/home/lfvmu/kobuki/install/lib/python3.8/site-packages /usr/bin/cmake --build /home/lfvmu/kobuki/build/ecl_console -- -j4 -l4
[1.110s] Invoking command in '/home/lfvmu/kobuki/build/ecl_console': AMENT_PREFIX_PATH=/home/lfvmu/kobuki/install CMAKE_PREFIX_PATH=/home/lfvmu/kobuki/install LD_LIBRARY_PATH=/home/lfvmu/kobuki/install/lib PATH=/home/lfvmu/kobuki/install/bin:${PATH} PYTHONPATH=/home/lfvmu/kobuki/install/lib/python3.8/site-packages /usr/bin/cmake --install /home/lfvmu/kobuki/build/ecl_console
[1.130s] -- Install configuration: "RelWithDebInfo"
[1.130s] -- Up-to-date: /home/lfvmu/kobuki/install/include/ecl
[1.130s] -- Up-to-date: /home/lfvmu/kobuki/install/include/ecl/console.hpp
[1.131s] -- Up-to-date: /home/lfvmu/kobuki/install/share/ament_index/resource_index/package_run_dependencies/ecl_console
[1.131s] -- Up-to-date: /home/lfvmu/kobuki/install/share/ament_index/resource_index/parent_prefix_path/ecl_console
[1.131s] -- Up-to-date: /home/lfvmu/kobuki/install/share/ecl_console/environment/ament_prefix_path.sh
[1.131s] -- Installing: /home/lfvmu/kobuki/install/share/ecl_console/environment/ament_prefix_path.dsv
[1.132s] -- Up-to-date: /home/lfvmu/kobuki/install/share/ecl_console/environment/path.sh
[1.132s] -- Installing: /home/lfvmu/kobuki/install/share/ecl_console/environment/path.dsv
[1.133s] -- Up-to-date: /home/lfvmu/kobuki/install/share/ecl_console/local_setup.bash
[1.133s] -- Up-to-date: /home/lfvmu/kobuki/install/share/ecl_console/local_setup.sh
[1.133s] -- Up-to-date: /home/lfvmu/kobuki/install/share/ecl_console/local_setup.zsh
[1.134s] -- Installing: /home/lfvmu/kobuki/install/share/ecl_console/local_setup.dsv
[1.134s] -- Installing: /home/lfvmu/kobuki/install/share/ecl_console/package.dsv
[1.135s] -- Up-to-date: /home/lfvmu/kobuki/install/share/ament_index/resource_index/packages/ecl_console
[1.135s] -- Up-to-date: /home/lfvmu/kobuki/install/share/ecl_console/cmake/ecl_consoleExport.cmake
[1.135s] -- Up-to-date: /home/lfvmu/kobuki/install/share/ecl_console/cmake/ament_cmake_export_targets-extras.cmake
[1.136s] -- Up-to-date: /home/lfvmu/kobuki/install/share/ecl_console/cmake/ament_cmake_export_include_directories-extras.cmake
[1.136s] -- Up-to-date: /home/lfvmu/kobuki/install/share/ecl_console/cmake/ament_cmake_export_dependencies-extras.cmake
[1.136s] -- Up-to-date: /home/lfvmu/kobuki/install/share/ecl_console/cmake/ecl_consoleConfig.cmake
[1.136s] -- Up-to-date: /home/lfvmu/kobuki/install/share/ecl_console/cmake/ecl_consoleConfig-version.cmake
[1.137s] -- Up-to-date: /home/lfvmu/kobuki/install/share/ecl_console/package.xml
[1.146s] Invoked command in '/home/lfvmu/kobuki/build/ecl_console' returned '0': AMENT_PREFIX_PATH=/home/lfvmu/kobuki/install CMAKE_PREFIX_PATH=/home/lfvmu/kobuki/install LD_LIBRARY_PATH=/home/lfvmu/kobuki/install/lib PATH=/home/lfvmu/kobuki/install/bin:${PATH} PYTHONPATH=/home/lfvmu/kobuki/install/lib/python3.8/site-packages /usr/bin/cmake --install /home/lfvmu/kobuki/build/ecl_console
