[0.078s] Invoking command in '/home/lfvmu/kobuki/build/ament_cmake_libraries': AMENT_PREFIX_PATH=/home/lfvmu/kobuki/install CMAKE_PREFIX_PATH=/home/lfvmu/kobuki/install LD_LIBRARY_PATH=/home/lfvmu/kobuki/install/lib PATH=/home/lfvmu/kobuki/install/bin:${PATH} PYTHONPATH=/home/lfvmu/kobuki/install/lib/python3.8/site-packages /usr/bin/cmake /home/lfvmu/kobuki/src/ament_cmake/ament_cmake_libraries -DBUILD_TESTING=OFF -DCMAKE_INSTALL_PREFIX=/home/lfvmu/kobuki/install
[0.098s] Re-run cmake no build system arguments
[0.103s] -- Found ament_cmake_core: 0.9.11 (/home/lfvmu/kobuki/install/share/ament_cmake_core/cmake)
[0.154s] -- Using PYTHON_EXECUTABLE: /usr/bin/python3
[0.683s] -- Configuring done
[0.683s] -- Generating done
[0.683s] -- Build files have been written to: /home/lfvmu/kobuki/build/ament_cmake_libraries
[1.035s] Invoked command in '/home/lfvmu/kobuki/build/ament_cmake_libraries' returned '0': AMENT_PREFIX_PATH=/home/lfvmu/kobuki/install CMAKE_PREFIX_PATH=/home/lfvmu/kobuki/install LD_LIBRARY_PATH=/home/lfvmu/kobuki/install/lib PATH=/home/lfvmu/kobuki/install/bin:${PATH} PYTHONPATH=/home/lfvmu/kobuki/install/lib/python3.8/site-packages /usr/bin/cmake /home/lfvmu/kobuki/src/ament_cmake/ament_cmake_libraries -DBUILD_TESTING=OFF -DCMAKE_INSTALL_PREFIX=/home/lfvmu/kobuki/install
[1.037s] Invoking command in '/home/lfvmu/kobuki/build/ament_cmake_libraries': AMENT_PREFIX_PATH=/home/lfvmu/kobuki/install CMAKE_PREFIX_PATH=/home/lfvmu/kobuki/install LD_LIBRARY_PATH=/home/lfvmu/kobuki/install/lib PATH=/home/lfvmu/kobuki/install/bin:${PATH} PYTHONPATH=/home/lfvmu/kobuki/install/lib/python3.8/site-packages /usr/bin/cmake --build /home/lfvmu/kobuki/build/ament_cmake_libraries -- -j4 -l4
[1.087s] /usr/bin/cmake -S/home/lfvmu/kobuki/src/ament_cmake/ament_cmake_libraries -B/home/lfvmu/kobuki/build/ament_cmake_libraries --check-build-system CMakeFiles/Makefile.cmake 0
[1.127s] /usr/bin/cmake -E cmake_progress_start /home/lfvmu/kobuki/build/ament_cmake_libraries/CMakeFiles /home/lfvmu/kobuki/build/ament_cmake_libraries/CMakeFiles/progress.marks
[1.157s] /usr/bin/make -f CMakeFiles/Makefile2 all
[1.159s] make[1]: Entering directory '/home/lfvmu/kobuki/build/ament_cmake_libraries'
[1.160s] make[1]: Nothing to be done for 'all'.
[1.160s] make[1]: Leaving directory '/home/lfvmu/kobuki/build/ament_cmake_libraries'
[1.160s] /usr/bin/cmake -E cmake_progress_start /home/lfvmu/kobuki/build/ament_cmake_libraries/CMakeFiles 0
[1.195s] Invoked command in '/home/lfvmu/kobuki/build/ament_cmake_libraries' returned '0': AMENT_PREFIX_PATH=/home/lfvmu/kobuki/install CMAKE_PREFIX_PATH=/home/lfvmu/kobuki/install LD_LIBRARY_PATH=/home/lfvmu/kobuki/install/lib PATH=/home/lfvmu/kobuki/install/bin:${PATH} PYTHONPATH=/home/lfvmu/kobuki/install/lib/python3.8/site-packages /usr/bin/cmake --build /home/lfvmu/kobuki/build/ament_cmake_libraries -- -j4 -l4
[1.281s] Invoking command in '/home/lfvmu/kobuki/build/ament_cmake_libraries': AMENT_PREFIX_PATH=/home/lfvmu/kobuki/install CMAKE_PREFIX_PATH=/home/lfvmu/kobuki/install LD_LIBRARY_PATH=/home/lfvmu/kobuki/install/lib PATH=/home/lfvmu/kobuki/install/bin:${PATH} PYTHONPATH=/home/lfvmu/kobuki/install/lib/python3.8/site-packages /usr/bin/cmake --install /home/lfvmu/kobuki/build/ament_cmake_libraries
[1.303s] -- Install configuration: ""
[1.303s] -- Up-to-date: /home/lfvmu/kobuki/install/share/ament_index/resource_index/package_run_dependencies/ament_cmake_libraries
[1.304s] -- Up-to-date: /home/lfvmu/kobuki/install/share/ament_index/resource_index/parent_prefix_path/ament_cmake_libraries
[1.307s] -- Up-to-date: /home/lfvmu/kobuki/install/share/ament_cmake_libraries/environment/ament_prefix_path.sh
[1.308s] -- Installing: /home/lfvmu/kobuki/install/share/ament_cmake_libraries/environment/ament_prefix_path.dsv
[1.308s] -- Up-to-date: /home/lfvmu/kobuki/install/share/ament_cmake_libraries/environment/path.sh
[1.308s] -- Installing: /home/lfvmu/kobuki/install/share/ament_cmake_libraries/environment/path.dsv
[1.309s] -- Up-to-date: /home/lfvmu/kobuki/install/share/ament_cmake_libraries/local_setup.bash
[1.309s] -- Up-to-date: /home/lfvmu/kobuki/install/share/ament_cmake_libraries/local_setup.sh
[1.309s] -- Up-to-date: /home/lfvmu/kobuki/install/share/ament_cmake_libraries/local_setup.zsh
[1.310s] -- Installing: /home/lfvmu/kobuki/install/share/ament_cmake_libraries/local_setup.dsv
[1.310s] -- Installing: /home/lfvmu/kobuki/install/share/ament_cmake_libraries/package.dsv
[1.310s] -- Up-to-date: /home/lfvmu/kobuki/install/share/ament_index/resource_index/packages/ament_cmake_libraries
[1.310s] -- Up-to-date: /home/lfvmu/kobuki/install/share/ament_cmake_libraries/cmake/ament_cmake_libraries-extras.cmake
[1.311s] -- Up-to-date: /home/lfvmu/kobuki/install/share/ament_cmake_libraries/cmake/ament_cmake_librariesConfig.cmake
[1.311s] -- Up-to-date: /home/lfvmu/kobuki/install/share/ament_cmake_libraries/cmake/ament_cmake_librariesConfig-version.cmake
[1.311s] -- Up-to-date: /home/lfvmu/kobuki/install/share/ament_cmake_libraries/package.xml
[1.311s] -- Up-to-date: /home/lfvmu/kobuki/install/share/ament_cmake_libraries/cmake
[1.312s] -- Up-to-date: /home/lfvmu/kobuki/install/share/ament_cmake_libraries/cmake/ament_libraries_deduplicate.cmake
[1.312s] -- Up-to-date: /home/lfvmu/kobuki/install/share/ament_cmake_libraries/cmake/ament_libraries_pack_build_configuration.cmake
[1.312s] -- Up-to-date: /home/lfvmu/kobuki/install/share/ament_cmake_libraries/cmake/ament_libraries_unpack_build_configuration.cmake
[1.329s] Invoked command in '/home/lfvmu/kobuki/build/ament_cmake_libraries' returned '0': AMENT_PREFIX_PATH=/home/lfvmu/kobuki/install CMAKE_PREFIX_PATH=/home/lfvmu/kobuki/install LD_LIBRARY_PATH=/home/lfvmu/kobuki/install/lib PATH=/home/lfvmu/kobuki/install/bin:${PATH} PYTHONPATH=/home/lfvmu/kobuki/install/lib/python3.8/site-packages /usr/bin/cmake --install /home/lfvmu/kobuki/build/ament_cmake_libraries
