[0.243s] Invoking command in '/home/lfvmu/kobuki/build/ecl_license': /usr/bin/cmake /home/lfvmu/kobuki/src/ecl_tools/ecl_license -DBUILD_TESTING=OFF -DCMAKE_INSTALL_PREFIX=/home/lfvmu/kobuki/install
[0.403s] -- Found ament_cmake: 0.9.11 (/home/lfvmu/kobuki/install/share/ament_cmake/cmake)
[0.403s] -- Using PYTHON_EXECUTABLE: /usr/bin/python3
[0.854s] -- Configuring done
[0.862s] -- Generating done
[0.865s] -- Build files have been written to: /home/lfvmu/kobuki/build/ecl_license
[1.218s] Invoked command in '/home/lfvmu/kobuki/build/ecl_license' returned '0': /usr/bin/cmake /home/lfvmu/kobuki/src/ecl_tools/ecl_license -DBUILD_TESTING=OFF -DCMAKE_INSTALL_PREFIX=/home/lfvmu/kobuki/install
[1.221s] Invoking command in '/home/lfvmu/kobuki/build/ecl_license': /usr/bin/cmake --build /home/lfvmu/kobuki/build/ecl_license -- -j4 -l4
[1.431s] Invoked command in '/home/lfvmu/kobuki/build/ecl_license' returned '0': /usr/bin/cmake --build /home/lfvmu/kobuki/build/ecl_license -- -j4 -l4
[1.732s] Invoking command in '/home/lfvmu/kobuki/build/ecl_license': /usr/bin/cmake --install /home/lfvmu/kobuki/build/ecl_license
[1.773s] -- Install configuration: "RelWithDebInfo"
[1.773s] -- Up-to-date: /home/lfvmu/kobuki/install/share/licenses
[1.774s] -- Up-to-date: /home/lfvmu/kobuki/install/share/licenses/COPYING
[1.774s] -- Up-to-date: /home/lfvmu/kobuki/install/share/licenses/AUTHORS
[1.774s] -- Up-to-date: /home/lfvmu/kobuki/install/share/licenses/COPYING-PLAIN
[1.775s] -- Up-to-date: /home/lfvmu/kobuki/install/share/ecl_license/environment/library_path.sh
[1.775s] -- Installing: /home/lfvmu/kobuki/install/share/ecl_license/environment/library_path.dsv
[1.776s] -- Up-to-date: /home/lfvmu/kobuki/install/share/ament_index/resource_index/package_run_dependencies/ecl_license
[1.776s] -- Up-to-date: /home/lfvmu/kobuki/install/share/ament_index/resource_index/parent_prefix_path/ecl_license
[1.777s] -- Up-to-date: /home/lfvmu/kobuki/install/share/ecl_license/environment/ament_prefix_path.sh
[1.777s] -- Installing: /home/lfvmu/kobuki/install/share/ecl_license/environment/ament_prefix_path.dsv
[1.778s] -- Up-to-date: /home/lfvmu/kobuki/install/share/ecl_license/environment/path.sh
[1.778s] -- Installing: /home/lfvmu/kobuki/install/share/ecl_license/environment/path.dsv
[1.779s] -- Up-to-date: /home/lfvmu/kobuki/install/share/ecl_license/local_setup.bash
[1.780s] -- Up-to-date: /home/lfvmu/kobuki/install/share/ecl_license/local_setup.sh
[1.780s] -- Up-to-date: /home/lfvmu/kobuki/install/share/ecl_license/local_setup.zsh
[1.781s] -- Installing: /home/lfvmu/kobuki/install/share/ecl_license/local_setup.dsv
[1.781s] -- Installing: /home/lfvmu/kobuki/install/share/ecl_license/package.dsv
[1.782s] -- Up-to-date: /home/lfvmu/kobuki/install/share/ament_index/resource_index/packages/ecl_license
[1.783s] -- Up-to-date: /home/lfvmu/kobuki/install/share/ecl_license/cmake/ament_cmake_export_libraries-extras.cmake
[1.783s] -- Up-to-date: /home/lfvmu/kobuki/install/share/ecl_license/cmake/ecl_licenseConfig.cmake
[1.783s] -- Up-to-date: /home/lfvmu/kobuki/install/share/ecl_license/cmake/ecl_licenseConfig-version.cmake
[1.784s] -- Up-to-date: /home/lfvmu/kobuki/install/share/ecl_license/package.xml
[2.271s] Invoked command in '/home/lfvmu/kobuki/build/ecl_license' returned '0': /usr/bin/cmake --install /home/lfvmu/kobuki/build/ecl_license
