[0.350s] Invoking command in '/home/lfvmu/kobuki/build/ament_cmake_export_libraries': /usr/bin/cmake /home/lfvmu/kobuki/src/ament_cmake/ament_cmake_export_libraries -DBUILD_TESTING=OFF -DCMAKE_INSTALL_PREFIX=/home/lfvmu/kobuki/install
[0.371s] Re-run cmake no build system arguments
[0.372s] -- Found ament_cmake_core: 0.9.11 (/home/lfvmu/kobuki/install/share/ament_cmake_core/cmake)
[0.421s] -- Using PYTHON_EXECUTABLE: /usr/bin/python3
[0.906s] -- Configuring done
[0.907s] -- Generating done
[0.907s] -- Build files have been written to: /home/lfvmu/kobuki/build/ament_cmake_export_libraries
[0.947s] Invoked command in '/home/lfvmu/kobuki/build/ament_cmake_export_libraries' returned '0': /usr/bin/cmake /home/lfvmu/kobuki/src/ament_cmake/ament_cmake_export_libraries -DBUILD_TESTING=OFF -DCMAKE_INSTALL_PREFIX=/home/lfvmu/kobuki/install
[0.955s] Invoking command in '/home/lfvmu/kobuki/build/ament_cmake_export_libraries': /usr/bin/cmake --build /home/lfvmu/kobuki/build/ament_cmake_export_libraries -- -j4 -l4
[1.008s] /usr/bin/cmake -S/home/lfvmu/kobuki/src/ament_cmake/ament_cmake_export_libraries -B/home/lfvmu/kobuki/build/ament_cmake_export_libraries --check-build-system CMakeFiles/Makefile.cmake 0
[1.027s] /usr/bin/cmake -E cmake_progress_start /home/lfvmu/kobuki/build/ament_cmake_export_libraries/CMakeFiles /home/lfvmu/kobuki/build/ament_cmake_export_libraries/CMakeFiles/progress.marks
[1.049s] /usr/bin/make -f CMakeFiles/Makefile2 all
[1.051s] make[1]: Entering directory '/home/lfvmu/kobuki/build/ament_cmake_export_libraries'
[1.051s] make[1]: Nothing to be done for 'all'.
[1.051s] make[1]: Leaving directory '/home/lfvmu/kobuki/build/ament_cmake_export_libraries'
[1.053s] /usr/bin/cmake -E cmake_progress_start /home/lfvmu/kobuki/build/ament_cmake_export_libraries/CMakeFiles 0
[1.079s] Invoked command in '/home/lfvmu/kobuki/build/ament_cmake_export_libraries' returned '0': /usr/bin/cmake --build /home/lfvmu/kobuki/build/ament_cmake_export_libraries -- -j4 -l4
[1.167s] Invoking command in '/home/lfvmu/kobuki/build/ament_cmake_export_libraries': /usr/bin/cmake --install /home/lfvmu/kobuki/build/ament_cmake_export_libraries
[1.191s] -- Install configuration: "RelWithDebInfo"
[1.192s] -- Up-to-date: /home/lfvmu/kobuki/install/share/ament_index/resource_index/package_run_dependencies/ament_cmake_export_libraries
[1.193s] -- Up-to-date: /home/lfvmu/kobuki/install/share/ament_index/resource_index/parent_prefix_path/ament_cmake_export_libraries
[1.193s] -- Up-to-date: /home/lfvmu/kobuki/install/share/ament_cmake_export_libraries/environment/ament_prefix_path.sh
[1.194s] -- Installing: /home/lfvmu/kobuki/install/share/ament_cmake_export_libraries/environment/ament_prefix_path.dsv
[1.195s] -- Up-to-date: /home/lfvmu/kobuki/install/share/ament_cmake_export_libraries/environment/path.sh
[1.195s] -- Installing: /home/lfvmu/kobuki/install/share/ament_cmake_export_libraries/environment/path.dsv
[1.196s] -- Up-to-date: /home/lfvmu/kobuki/install/share/ament_cmake_export_libraries/local_setup.bash
[1.197s] -- Up-to-date: /home/lfvmu/kobuki/install/share/ament_cmake_export_libraries/local_setup.sh
[1.197s] -- Up-to-date: /home/lfvmu/kobuki/install/share/ament_cmake_export_libraries/local_setup.zsh
[1.198s] -- Installing: /home/lfvmu/kobuki/install/share/ament_cmake_export_libraries/local_setup.dsv
[1.199s] -- Installing: /home/lfvmu/kobuki/install/share/ament_cmake_export_libraries/package.dsv
[1.200s] -- Up-to-date: /home/lfvmu/kobuki/install/share/ament_index/resource_index/packages/ament_cmake_export_libraries
[1.201s] -- Up-to-date: /home/lfvmu/kobuki/install/share/ament_cmake_export_libraries/cmake/ament_cmake_export_libraries-extras.cmake
[1.201s] -- Up-to-date: /home/lfvmu/kobuki/install/share/ament_cmake_export_libraries/cmake/ament_cmake_export_librariesConfig.cmake
[1.202s] -- Up-to-date: /home/lfvmu/kobuki/install/share/ament_cmake_export_libraries/cmake/ament_cmake_export_librariesConfig-version.cmake
[1.211s] -- Up-to-date: /home/lfvmu/kobuki/install/share/ament_cmake_export_libraries/package.xml
[1.212s] -- Up-to-date: /home/lfvmu/kobuki/install/share/ament_cmake_export_libraries/cmake
[1.212s] -- Up-to-date: /home/lfvmu/kobuki/install/share/ament_cmake_export_libraries/cmake/ament_export_libraries.cmake
[1.213s] -- Up-to-date: /home/lfvmu/kobuki/install/share/ament_cmake_export_libraries/cmake/ament_cmake_export_libraries_package_hook.cmake
[1.213s] -- Up-to-date: /home/lfvmu/kobuki/install/share/ament_cmake_export_libraries/cmake/ament_export_library_names.cmake
[1.213s] -- Up-to-date: /home/lfvmu/kobuki/install/share/ament_cmake_export_libraries/cmake/ament_cmake_export_libraries-extras.cmake.in
[1.215s] Invoked command in '/home/lfvmu/kobuki/build/ament_cmake_export_libraries' returned '0': /usr/bin/cmake --install /home/lfvmu/kobuki/build/ament_cmake_export_libraries
