[0.314s] Invoking command in '/home/lfvmu/kobuki/build/ecl_filesystem': /usr/bin/cmake /home/lfvmu/kobuki/src/ecl_core/ecl_filesystem -DBUILD_TESTING=OFF -DCMAKE_BUILD_TYPE=RelWithDebInfo -DCMAKE_INSTALL_PREFIX=/home/lfvmu/kobuki/install
[0.374s] -- Found ament_cmake_ros: 0.9.2 (/home/lfvmu/kobuki/install/share/ament_cmake_ros/cmake)
[0.394s] -- Using PYTHON_EXECUTABLE: /usr/bin/python3
[0.784s] -- Found ecl_build: 1.0.3 (/home/lfvmu/kobuki/install/share/ecl_build/cmake)
[0.809s] -- Found ecl_config: 1.1.0 (/home/lfvmu/kobuki/install/share/ecl_config/cmake)
[0.811s] -- Found ecl_errors: 1.1.0 (/home/lfvmu/kobuki/install/share/ecl_errors/cmake)
[0.981s] -- Configuring done
[1.000s] -- Generating done
[1.004s] -- Build files have been written to: /home/lfvmu/kobuki/build/ecl_filesystem
[1.133s] Invoked command in '/home/lfvmu/kobuki/build/ecl_filesystem' returned '0': /usr/bin/cmake /home/lfvmu/kobuki/src/ecl_core/ecl_filesystem -DBUILD_TESTING=OFF -DCMAKE_BUILD_TYPE=RelWithDebInfo -DCMAKE_INSTALL_PREFIX=/home/lfvmu/kobuki/install
[1.134s] Invoking command in '/home/lfvmu/kobuki/build/ecl_filesystem': /usr/bin/cmake --build /home/lfvmu/kobuki/build/ecl_filesystem -- -j4 -l4
[1.274s] [100%] Built target ecl_filesystem
[1.386s] Invoked command in '/home/lfvmu/kobuki/build/ecl_filesystem' returned '0': /usr/bin/cmake --build /home/lfvmu/kobuki/build/ecl_filesystem -- -j4 -l4
[1.679s] Invoking command in '/home/lfvmu/kobuki/build/ecl_filesystem': /usr/bin/cmake --install /home/lfvmu/kobuki/build/ecl_filesystem
[1.717s] -- Install configuration: "RelWithDebInfo"
[1.717s] -- Up-to-date: /home/lfvmu/kobuki/install/share/ecl_filesystem/environment/library_path.sh
[1.718s] -- Installing: /home/lfvmu/kobuki/install/share/ecl_filesystem/environment/library_path.dsv
[1.718s] -- Up-to-date: /home/lfvmu/kobuki/install/share/ament_index/resource_index/package_run_dependencies/ecl_filesystem
[1.719s] -- Up-to-date: /home/lfvmu/kobuki/install/share/ament_index/resource_index/parent_prefix_path/ecl_filesystem
[1.719s] -- Up-to-date: /home/lfvmu/kobuki/install/share/ecl_filesystem/environment/ament_prefix_path.sh
[1.719s] -- Installing: /home/lfvmu/kobuki/install/share/ecl_filesystem/environment/ament_prefix_path.dsv
[1.720s] -- Up-to-date: /home/lfvmu/kobuki/install/share/ecl_filesystem/environment/path.sh
[1.721s] -- Installing: /home/lfvmu/kobuki/install/share/ecl_filesystem/environment/path.dsv
[1.721s] -- Up-to-date: /home/lfvmu/kobuki/install/share/ecl_filesystem/local_setup.bash
[1.722s] -- Up-to-date: /home/lfvmu/kobuki/install/share/ecl_filesystem/local_setup.sh
[1.722s] -- Up-to-date: /home/lfvmu/kobuki/install/share/ecl_filesystem/local_setup.zsh
[1.722s] -- Installing: /home/lfvmu/kobuki/install/share/ecl_filesystem/local_setup.dsv
[1.723s] -- Installing: /home/lfvmu/kobuki/install/share/ecl_filesystem/package.dsv
[1.723s] -- Up-to-date: /home/lfvmu/kobuki/install/share/ament_index/resource_index/packages/ecl_filesystem
[1.723s] -- Up-to-date: /home/lfvmu/kobuki/install/share/ecl_filesystem/cmake/ecl_filesystemExport.cmake
[1.723s] -- Installing: /home/lfvmu/kobuki/install/share/ecl_filesystem/cmake/ecl_filesystemExport-relwithdebinfo.cmake
[1.724s] -- Up-to-date: /home/lfvmu/kobuki/install/share/ecl_filesystem/cmake/ament_cmake_export_targets-extras.cmake
[1.730s] -- Up-to-date: /home/lfvmu/kobuki/install/share/ecl_filesystem/cmake/ament_cmake_export_include_directories-extras.cmake
[1.730s] -- Up-to-date: /home/lfvmu/kobuki/install/share/ecl_filesystem/cmake/ament_cmake_export_libraries-extras.cmake
[1.731s] -- Up-to-date: /home/lfvmu/kobuki/install/share/ecl_filesystem/cmake/ament_cmake_export_dependencies-extras.cmake
[1.731s] -- Up-to-date: /home/lfvmu/kobuki/install/share/ecl_filesystem/cmake/ecl_filesystemConfig.cmake
[1.732s] -- Up-to-date: /home/lfvmu/kobuki/install/share/ecl_filesystem/cmake/ecl_filesystemConfig-version.cmake
[1.732s] -- Up-to-date: /home/lfvmu/kobuki/install/share/ecl_filesystem/package.xml
[1.732s] -- Up-to-date: /home/lfvmu/kobuki/install/include/ecl/filesystem.hpp
[1.732s] -- Up-to-date: /home/lfvmu/kobuki/install/include/ecl/filesystem/errors.hpp
[1.732s] -- Up-to-date: /home/lfvmu/kobuki/install/include/ecl/filesystem/macros.hpp
[1.733s] -- Up-to-date: /home/lfvmu/kobuki/install/include/ecl/filesystem/realpath.hpp
[1.733s] -- Up-to-date: /home/lfvmu/kobuki/install/include/ecl/filesystem/config.hpp
[1.733s] -- Up-to-date: /home/lfvmu/kobuki/install/lib/libecl_filesystem.so.1.2.1
[1.733s] -- Up-to-date: /home/lfvmu/kobuki/install/lib/libecl_filesystem.so
[1.743s] Invoked command in '/home/lfvmu/kobuki/build/ecl_filesystem' returned '0': /usr/bin/cmake --install /home/lfvmu/kobuki/build/ecl_filesystem
