[0.375s] Invoking command in '/home/lfvmu/kobuki/build/ecl_devices': /usr/bin/cmake /home/lfvmu/kobuki/src/ecl_core/ecl_devices -DBUILD_TESTING=OFF -DCMAKE_INSTALL_PREFIX=/home/lfvmu/kobuki/install
[0.423s] -- Found ament_cmake_ros: 0.9.2 (/home/lfvmu/kobuki/install/share/ament_cmake_ros/cmake)
[0.471s] -- Using PYTHON_EXECUTABLE: /usr/bin/python3
[0.851s] -- Found ecl_build: 1.0.3 (/home/lfvmu/kobuki/install/share/ecl_build/cmake)
[0.877s] -- Found ecl_config: 1.1.0 (/home/lfvmu/kobuki/install/share/ecl_config/cmake)
[0.886s] -- Found ecl_containers: 1.2.1 (/home/lfvmu/kobuki/install/share/ecl_containers/cmake)
[1.008s] -- Found ecl_threads: 1.2.1 (/home/lfvmu/kobuki/install/share/ecl_threads/cmake)
[1.264s] -- Configuring done
[1.386s] -- Generating done
[1.386s] -- Build files have been written to: /home/lfvmu/kobuki/build/ecl_devices
[1.764s] Invoked command in '/home/lfvmu/kobuki/build/ecl_devices' returned '0': /usr/bin/cmake /home/lfvmu/kobuki/src/ecl_core/ecl_devices -DBUILD_TESTING=OFF -DCMAKE_INSTALL_PREFIX=/home/lfvmu/kobuki/install
[1.767s] Invoking command in '/home/lfvmu/kobuki/build/ecl_devices': /usr/bin/cmake --build /home/lfvmu/kobuki/build/ecl_devices -- -j4 -l4
[1.950s] [ 87%] Built target ecl_devices
[2.006s] [100%] Built target ecl_demo_serial_timeouts
[2.046s] Invoked command in '/home/lfvmu/kobuki/build/ecl_devices' returned '0': /usr/bin/cmake --build /home/lfvmu/kobuki/build/ecl_devices -- -j4 -l4
[2.109s] Invoking command in '/home/lfvmu/kobuki/build/ecl_devices': /usr/bin/cmake --install /home/lfvmu/kobuki/build/ecl_devices
[2.128s] -- Install configuration: "RelWithDebInfo"
[2.128s] -- Up-to-date: /home/lfvmu/kobuki/install/share/ecl_devices/environment/library_path.sh
[2.128s] -- Installing: /home/lfvmu/kobuki/install/share/ecl_devices/environment/library_path.dsv
[2.129s] -- Up-to-date: /home/lfvmu/kobuki/install/share/ament_index/resource_index/package_run_dependencies/ecl_devices
[2.129s] -- Up-to-date: /home/lfvmu/kobuki/install/share/ament_index/resource_index/parent_prefix_path/ecl_devices
[2.129s] -- Up-to-date: /home/lfvmu/kobuki/install/share/ecl_devices/environment/ament_prefix_path.sh
[2.131s] -- Installing: /home/lfvmu/kobuki/install/share/ecl_devices/environment/ament_prefix_path.dsv
[2.131s] -- Up-to-date: /home/lfvmu/kobuki/install/share/ecl_devices/environment/path.sh
[2.131s] -- Installing: /home/lfvmu/kobuki/install/share/ecl_devices/environment/path.dsv
[2.132s] -- Up-to-date: /home/lfvmu/kobuki/install/share/ecl_devices/local_setup.bash
[2.133s] -- Up-to-date: /home/lfvmu/kobuki/install/share/ecl_devices/local_setup.sh
[2.133s] -- Up-to-date: /home/lfvmu/kobuki/install/share/ecl_devices/local_setup.zsh
[2.135s] -- Installing: /home/lfvmu/kobuki/install/share/ecl_devices/local_setup.dsv
[2.136s] -- Installing: /home/lfvmu/kobuki/install/share/ecl_devices/package.dsv
[2.136s] -- Up-to-date: /home/lfvmu/kobuki/install/share/ament_index/resource_index/packages/ecl_devices
[2.136s] -- Up-to-date: /home/lfvmu/kobuki/install/share/ecl_devices/cmake/ecl_devicesExport.cmake
[2.137s] -- Installing: /home/lfvmu/kobuki/install/share/ecl_devices/cmake/ecl_devicesExport-relwithdebinfo.cmake
[2.138s] -- Up-to-date: /home/lfvmu/kobuki/install/share/ecl_devices/cmake/ament_cmake_export_targets-extras.cmake
[2.138s] -- Up-to-date: /home/lfvmu/kobuki/install/share/ecl_devices/cmake/ament_cmake_export_include_directories-extras.cmake
[2.138s] -- Up-to-date: /home/lfvmu/kobuki/install/share/ecl_devices/cmake/ament_cmake_export_libraries-extras.cmake
[2.140s] -- Up-to-date: /home/lfvmu/kobuki/install/share/ecl_devices/cmake/ament_cmake_export_dependencies-extras.cmake
[2.140s] -- Up-to-date: /home/lfvmu/kobuki/install/share/ecl_devices/cmake/ecl_devicesConfig.cmake
[2.140s] -- Up-to-date: /home/lfvmu/kobuki/install/share/ecl_devices/cmake/ecl_devicesConfig-version.cmake
[2.141s] -- Up-to-date: /home/lfvmu/kobuki/install/share/ecl_devices/package.xml
[2.142s] -- Up-to-date: /home/lfvmu/kobuki/install/include/ecl/devices.hpp
[2.142s] -- Up-to-date: /home/lfvmu/kobuki/install/include/ecl/devices/console.hpp
[2.143s] -- Up-to-date: /home/lfvmu/kobuki/install/include/ecl/devices/macros.hpp
[2.144s] -- Up-to-date: /home/lfvmu/kobuki/install/include/ecl/devices/modes.hpp
[2.144s] -- Up-to-date: /home/lfvmu/kobuki/install/include/ecl/devices/ofile.hpp
[2.145s] -- Up-to-date: /home/lfvmu/kobuki/install/include/ecl/devices/ofile_pos.hpp
[2.145s] -- Up-to-date: /home/lfvmu/kobuki/install/include/ecl/devices/ofile_w32.hpp
[2.145s] -- Up-to-date: /home/lfvmu/kobuki/install/include/ecl/devices/serial.hpp
[2.146s] -- Up-to-date: /home/lfvmu/kobuki/install/include/ecl/devices/serial_parameters.hpp
[2.146s] -- Up-to-date: /home/lfvmu/kobuki/install/include/ecl/devices/serial_pos.hpp
[2.147s] -- Up-to-date: /home/lfvmu/kobuki/install/include/ecl/devices/serial_w32.hpp
[2.147s] -- Up-to-date: /home/lfvmu/kobuki/install/include/ecl/devices/shared_file.hpp
[2.147s] -- Up-to-date: /home/lfvmu/kobuki/install/include/ecl/devices/socket.hpp
[2.148s] -- Up-to-date: /home/lfvmu/kobuki/install/include/ecl/devices/socket_client_pos.hpp
[2.148s] -- Up-to-date: /home/lfvmu/kobuki/install/include/ecl/devices/socket_connection_status.hpp
[2.148s] -- Up-to-date: /home/lfvmu/kobuki/install/include/ecl/devices/socket_server_pos.hpp
[2.149s] -- Up-to-date: /home/lfvmu/kobuki/install/include/ecl/devices/string.hpp
[2.150s] -- Up-to-date: /home/lfvmu/kobuki/install/include/ecl/devices/traits.hpp
[2.150s] -- Up-to-date: /home/lfvmu/kobuki/install/include/ecl/devices/detail/character_buffer.hpp
[2.150s] -- Up-to-date: /home/lfvmu/kobuki/install/include/ecl/devices/detail/error_handler.hpp
[2.150s] -- Up-to-date: /home/lfvmu/kobuki/install/include/ecl/devices/detail/exception_handler_pos.hpp
[2.151s] -- Up-to-date: /home/lfvmu/kobuki/install/include/ecl/devices/detail/socket_error_handler_pos.hpp
[2.151s] -- Up-to-date: /home/lfvmu/kobuki/install/include/ecl/devices/detail/socket_exception_handler_pos.hpp
[2.151s] -- Up-to-date: /home/lfvmu/kobuki/install/lib/libecl_devices.so.1.2.1
[2.151s] -- Up-to-date: /home/lfvmu/kobuki/install/lib/libecl_devices.so
[2.152s] -- Up-to-date: /home/lfvmu/kobuki/install/lib/ecl_devices/demo_serial_timeouts
[2.158s] Invoked command in '/home/lfvmu/kobuki/build/ecl_devices' returned '0': /usr/bin/cmake --install /home/lfvmu/kobuki/build/ecl_devices
