[0.106s] Invoking command in '/home/lfvmu/kobuki/build/sophus': /usr/bin/cmake /home/lfvmu/kobuki/src/sophus -DBUILD_TESTING=OFF --no-warn-unused-cli -DBUILD_TESTS=OFF -DCMAKE_INSTALL_PREFIX=/home/lfvmu/kobuki/install
[0.108s] Not searching for unused variables given on the command line.
[0.156s] -- Configuring done
[0.176s] -- Generating done
[0.176s] -- Build files have been written to: /home/lfvmu/kobuki/build/sophus
[0.253s] Invoked command in '/home/lfvmu/kobuki/build/sophus' returned '0': /usr/bin/cmake /home/lfvmu/kobuki/src/sophus -DBUILD_TESTING=OFF --no-warn-unused-cli -DBUILD_TESTS=OFF -DCMAKE_INSTALL_PREFIX=/home/lfvmu/kobuki/install
[0.259s] Invoking command in '/home/lfvmu/kobuki/build/sophus': /usr/bin/cmake --build /home/lfvmu/kobuki/build/sophus -- -j4 -l4
[0.392s] [100%] Built target HelloSO3
[0.518s] Invoked command in '/home/lfvmu/kobuki/build/sophus' returned '0': /usr/bin/cmake --build /home/lfvmu/kobuki/build/sophus -- -j4 -l4
[0.996s] Invoking command in '/home/lfvmu/kobuki/build/sophus': /usr/bin/cmake --install /home/lfvmu/kobuki/build/sophus
[1.015s] -- Install configuration: "RelWithDebInfo"
[1.015s] -- Up-to-date: /home/lfvmu/kobuki/install/share/sophus/cmake/SophusTargets.cmake
[1.015s] -- Up-to-date: /home/lfvmu/kobuki/install/share/sophus/cmake/SophusConfig.cmake
[1.015s] -- Up-to-date: /home/lfvmu/kobuki/install/share/sophus/cmake/SophusConfigVersion.cmake
[1.026s] -- Up-to-date: /home/lfvmu/kobuki/install/include/sophus/average.hpp
[1.027s] -- Up-to-date: /home/lfvmu/kobuki/install/include/sophus/common.hpp
[1.027s] -- Up-to-date: /home/lfvmu/kobuki/install/include/sophus/geometry.hpp
[1.028s] -- Up-to-date: /home/lfvmu/kobuki/install/include/sophus/interpolate.hpp
[1.028s] -- Up-to-date: /home/lfvmu/kobuki/install/include/sophus/interpolate_details.hpp
[1.028s] -- Up-to-date: /home/lfvmu/kobuki/install/include/sophus/num_diff.hpp
[1.028s] -- Up-to-date: /home/lfvmu/kobuki/install/include/sophus/rotation_matrix.hpp
[1.028s] -- Up-to-date: /home/lfvmu/kobuki/install/include/sophus/rxso2.hpp
[1.028s] -- Up-to-date: /home/lfvmu/kobuki/install/include/sophus/rxso3.hpp
[1.029s] -- Up-to-date: /home/lfvmu/kobuki/install/include/sophus/se2.hpp
[1.029s] -- Up-to-date: /home/lfvmu/kobuki/install/include/sophus/se3.hpp
[1.029s] -- Up-to-date: /home/lfvmu/kobuki/install/include/sophus/sim2.hpp
[1.029s] -- Up-to-date: /home/lfvmu/kobuki/install/include/sophus/sim3.hpp
[1.029s] -- Up-to-date: /home/lfvmu/kobuki/install/include/sophus/sim_details.hpp
[1.030s] -- Up-to-date: /home/lfvmu/kobuki/install/include/sophus/so2.hpp
[1.030s] -- Up-to-date: /home/lfvmu/kobuki/install/include/sophus/so3.hpp
[1.030s] -- Up-to-date: /home/lfvmu/kobuki/install/include/sophus/types.hpp
[1.030s] -- Up-to-date: /home/lfvmu/kobuki/install/include/sophus/velocities.hpp
[1.030s] -- Up-to-date: /home/lfvmu/kobuki/install/include/sophus/formatstring.hpp
[1.037s] Invoked command in '/home/lfvmu/kobuki/build/sophus' returned '0': /usr/bin/cmake --install /home/lfvmu/kobuki/build/sophus
