[0.246s] Invoking command in '/home/lfvmu/kobuki/build/ament_cmake_clang_tidy': /usr/bin/cmake /home/lfvmu/kobuki/src/ament_lint/ament_cmake_clang_tidy -DBUILD_TESTING=OFF --no-warn-unused-cli -DCMAKE_INSTALL_PREFIX=/home/lfvmu/kobuki/install
[0.262s] Not searching for unused variables given on the command line.
[0.269s] -- Found ament_cmake_core: 0.9.11 (/home/lfvmu/kobuki/install/share/ament_cmake_core/cmake)
[0.316s] -- Using PYTHON_EXECUTABLE: /usr/bin/python3
[0.629s] -- Found ament_cmake_test: 0.9.11 (/home/lfvmu/kobuki/install/share/ament_cmake_test/cmake)
[0.757s] -- Configuring done
[0.764s] -- Generating done
[0.772s] -- Build files have been written to: /home/lfvmu/kobuki/build/ament_cmake_clang_tidy
[1.173s] Invoked command in '/home/lfvmu/kobuki/build/ament_cmake_clang_tidy' returned '0': /usr/bin/cmake /home/lfvmu/kobuki/src/ament_lint/ament_cmake_clang_tidy -DBUILD_TESTING=OFF --no-warn-unused-cli -DCMAKE_INSTALL_PREFIX=/home/lfvmu/kobuki/install
[1.175s] Invoking command in '/home/lfvmu/kobuki/build/ament_cmake_clang_tidy': /usr/bin/cmake --build /home/lfvmu/kobuki/build/ament_cmake_clang_tidy -- -j4 -l4
[1.460s] Invoked command in '/home/lfvmu/kobuki/build/ament_cmake_clang_tidy' returned '0': /usr/bin/cmake --build /home/lfvmu/kobuki/build/ament_cmake_clang_tidy -- -j4 -l4
[1.520s] Invoking command in '/home/lfvmu/kobuki/build/ament_cmake_clang_tidy': /usr/bin/cmake --install /home/lfvmu/kobuki/build/ament_cmake_clang_tidy
[1.542s] -- Install configuration: "RelWithDebInfo"
[1.543s] -- Up-to-date: /home/lfvmu/kobuki/install/share/ament_index/resource_index/package_run_dependencies/ament_cmake_clang_tidy
[1.543s] -- Up-to-date: /home/lfvmu/kobuki/install/share/ament_index/resource_index/parent_prefix_path/ament_cmake_clang_tidy
[1.543s] -- Up-to-date: /home/lfvmu/kobuki/install/share/ament_cmake_clang_tidy/environment/ament_prefix_path.sh
[1.544s] -- Installing: /home/lfvmu/kobuki/install/share/ament_cmake_clang_tidy/environment/ament_prefix_path.dsv
[1.544s] -- Up-to-date: /home/lfvmu/kobuki/install/share/ament_cmake_clang_tidy/environment/path.sh
[1.544s] -- Installing: /home/lfvmu/kobuki/install/share/ament_cmake_clang_tidy/environment/path.dsv
[1.545s] -- Up-to-date: /home/lfvmu/kobuki/install/share/ament_cmake_clang_tidy/local_setup.bash
[1.545s] -- Up-to-date: /home/lfvmu/kobuki/install/share/ament_cmake_clang_tidy/local_setup.sh
[1.545s] -- Up-to-date: /home/lfvmu/kobuki/install/share/ament_cmake_clang_tidy/local_setup.zsh
[1.546s] -- Installing: /home/lfvmu/kobuki/install/share/ament_cmake_clang_tidy/local_setup.dsv
[1.546s] -- Installing: /home/lfvmu/kobuki/install/share/ament_cmake_clang_tidy/package.dsv
[1.547s] -- Up-to-date: /home/lfvmu/kobuki/install/share/ament_index/resource_index/packages/ament_cmake_clang_tidy
[1.547s] -- Up-to-date: /home/lfvmu/kobuki/install/share/ament_cmake_clang_tidy/cmake/ament_cmake_clang_tidy-extras.cmake
[1.547s] -- Up-to-date: /home/lfvmu/kobuki/install/share/ament_cmake_clang_tidy/cmake/ament_cmake_clang_tidyConfig.cmake
[1.548s] -- Up-to-date: /home/lfvmu/kobuki/install/share/ament_cmake_clang_tidy/cmake/ament_cmake_clang_tidyConfig-version.cmake
[1.549s] -- Up-to-date: /home/lfvmu/kobuki/install/share/ament_cmake_clang_tidy/package.xml
[1.549s] -- Up-to-date: /home/lfvmu/kobuki/install/share/ament_cmake_clang_tidy/cmake
[1.550s] -- Up-to-date: /home/lfvmu/kobuki/install/share/ament_cmake_clang_tidy/cmake/ament_clang_tidy.cmake
[1.550s] -- Up-to-date: /home/lfvmu/kobuki/install/share/ament_cmake_clang_tidy/cmake/ament_cmake_clang_tidy_lint_hook.cmake
[1.568s] Invoked command in '/home/lfvmu/kobuki/build/ament_cmake_clang_tidy' returned '0': /usr/bin/cmake --install /home/lfvmu/kobuki/build/ament_cmake_clang_tidy
