[0.123s] Invoking command in '/home/lfvmu/kobuki/build/ament_cmake_python': AMENT_PREFIX_PATH=/home/lfvmu/kobuki/install CMAKE_PREFIX_PATH=/home/lfvmu/kobuki/install LD_LIBRARY_PATH=/home/lfvmu/kobuki/install/lib PATH=/home/lfvmu/kobuki/install/bin:${PATH} PYTHONPATH=/home/lfvmu/kobuki/install/lib/python3.8/site-packages /usr/bin/cmake /home/lfvmu/kobuki/src/ament_cmake/ament_cmake_python -DBUILD_TESTING=OFF --no-warn-unused-cli -DCMAKE_INSTALL_PREFIX=/home/lfvmu/kobuki/install
[0.155s] Not searching for unused variables given on the command line.
[0.165s] -- Found ament_cmake_core: 0.9.11 (/home/lfvmu/kobuki/install/share/ament_cmake_core/cmake)
[0.219s] -- Using PYTHON_EXECUTABLE: /usr/bin/python3
[0.731s] -- Configuring done
[0.752s] -- Generating done
[0.753s] -- Build files have been written to: /home/lfvmu/kobuki/build/ament_cmake_python
[0.765s] Invoked command in '/home/lfvmu/kobuki/build/ament_cmake_python' returned '0': AMENT_PREFIX_PATH=/home/lfvmu/kobuki/install CMAKE_PREFIX_PATH=/home/lfvmu/kobuki/install LD_LIBRARY_PATH=/home/lfvmu/kobuki/install/lib PATH=/home/lfvmu/kobuki/install/bin:${PATH} PYTHONPATH=/home/lfvmu/kobuki/install/lib/python3.8/site-packages /usr/bin/cmake /home/lfvmu/kobuki/src/ament_cmake/ament_cmake_python -DBUILD_TESTING=OFF --no-warn-unused-cli -DCMAKE_INSTALL_PREFIX=/home/lfvmu/kobuki/install
[0.772s] Invoking command in '/home/lfvmu/kobuki/build/ament_cmake_python': AMENT_PREFIX_PATH=/home/lfvmu/kobuki/install CMAKE_PREFIX_PATH=/home/lfvmu/kobuki/install LD_LIBRARY_PATH=/home/lfvmu/kobuki/install/lib PATH=/home/lfvmu/kobuki/install/bin:${PATH} PYTHONPATH=/home/lfvmu/kobuki/install/lib/python3.8/site-packages /usr/bin/cmake --build /home/lfvmu/kobuki/build/ament_cmake_python -- -j4 -l4
[1.073s] Invoked command in '/home/lfvmu/kobuki/build/ament_cmake_python' returned '0': AMENT_PREFIX_PATH=/home/lfvmu/kobuki/install CMAKE_PREFIX_PATH=/home/lfvmu/kobuki/install LD_LIBRARY_PATH=/home/lfvmu/kobuki/install/lib PATH=/home/lfvmu/kobuki/install/bin:${PATH} PYTHONPATH=/home/lfvmu/kobuki/install/lib/python3.8/site-packages /usr/bin/cmake --build /home/lfvmu/kobuki/build/ament_cmake_python -- -j4 -l4
[1.149s] Invoking command in '/home/lfvmu/kobuki/build/ament_cmake_python': AMENT_PREFIX_PATH=/home/lfvmu/kobuki/install CMAKE_PREFIX_PATH=/home/lfvmu/kobuki/install LD_LIBRARY_PATH=/home/lfvmu/kobuki/install/lib PATH=/home/lfvmu/kobuki/install/bin:${PATH} PYTHONPATH=/home/lfvmu/kobuki/install/lib/python3.8/site-packages /usr/bin/cmake --install /home/lfvmu/kobuki/build/ament_cmake_python
[1.172s] -- Install configuration: ""
[1.173s] -- Up-to-date: /home/lfvmu/kobuki/install/share/ament_index/resource_index/package_run_dependencies/ament_cmake_python
[1.173s] -- Up-to-date: /home/lfvmu/kobuki/install/share/ament_index/resource_index/parent_prefix_path/ament_cmake_python
[1.174s] -- Up-to-date: /home/lfvmu/kobuki/install/share/ament_cmake_python/environment/ament_prefix_path.sh
[1.174s] -- Installing: /home/lfvmu/kobuki/install/share/ament_cmake_python/environment/ament_prefix_path.dsv
[1.175s] -- Up-to-date: /home/lfvmu/kobuki/install/share/ament_cmake_python/environment/path.sh
[1.175s] -- Installing: /home/lfvmu/kobuki/install/share/ament_cmake_python/environment/path.dsv
[1.176s] -- Up-to-date: /home/lfvmu/kobuki/install/share/ament_cmake_python/local_setup.bash
[1.176s] -- Up-to-date: /home/lfvmu/kobuki/install/share/ament_cmake_python/local_setup.sh
[1.176s] -- Up-to-date: /home/lfvmu/kobuki/install/share/ament_cmake_python/local_setup.zsh
[1.177s] -- Installing: /home/lfvmu/kobuki/install/share/ament_cmake_python/local_setup.dsv
[1.177s] -- Installing: /home/lfvmu/kobuki/install/share/ament_cmake_python/package.dsv
[1.178s] -- Up-to-date: /home/lfvmu/kobuki/install/share/ament_index/resource_index/packages/ament_cmake_python
[1.178s] -- Up-to-date: /home/lfvmu/kobuki/install/share/ament_cmake_python/cmake/ament_cmake_python-extras.cmake
[1.178s] -- Up-to-date: /home/lfvmu/kobuki/install/share/ament_cmake_python/cmake/ament_cmake_pythonConfig.cmake
[1.179s] -- Up-to-date: /home/lfvmu/kobuki/install/share/ament_cmake_python/cmake/ament_cmake_pythonConfig-version.cmake
[1.179s] -- Up-to-date: /home/lfvmu/kobuki/install/share/ament_cmake_python/package.xml
[1.179s] -- Up-to-date: /home/lfvmu/kobuki/install/share/ament_cmake_python/cmake
[1.179s] -- Up-to-date: /home/lfvmu/kobuki/install/share/ament_cmake_python/cmake/ament_python_install_package.cmake
[1.180s] -- Up-to-date: /home/lfvmu/kobuki/install/share/ament_cmake_python/cmake/ament_python_install_module.cmake
[1.199s] Invoked command in '/home/lfvmu/kobuki/build/ament_cmake_python' returned '0': AMENT_PREFIX_PATH=/home/lfvmu/kobuki/install CMAKE_PREFIX_PATH=/home/lfvmu/kobuki/install LD_LIBRARY_PATH=/home/lfvmu/kobuki/install/lib PATH=/home/lfvmu/kobuki/install/bin:${PATH} PYTHONPATH=/home/lfvmu/kobuki/install/lib/python3.8/site-packages /usr/bin/cmake --install /home/lfvmu/kobuki/build/ament_cmake_python
