[0.067s] Invoking command in '/home/lfvmu/kobuki/build/ament_cmake_nose': AMENT_PREFIX_PATH=/home/lfvmu/kobuki/install CMAKE_PREFIX_PATH=/home/lfvmu/kobuki/install LD_LIBRARY_PATH=/home/lfvmu/kobuki/install/lib PATH=/home/lfvmu/kobuki/install/bin:${PATH} PYTHONPATH=/home/lfvmu/kobuki/install/lib/python3.8/site-packages /usr/bin/cmake /home/lfvmu/kobuki/src/ament_cmake/ament_cmake_nose -DBUILD_TESTING=OFF -DCMAKE_BUILD_TYPE=RelWithDebInfo -DCMAKE_INSTALL_PREFIX=/home/lfvmu/kobuki/install
[0.104s] -- Found ament_cmake_core: 0.9.11 (/home/lfvmu/kobuki/install/share/ament_cmake_core/cmake)
[0.182s] -- Using PYTHON_EXECUTABLE: /usr/bin/python3
[0.669s] -- Configuring done
[0.682s] -- Generating done
[0.682s] -- Build files have been written to: /home/lfvmu/kobuki/build/ament_cmake_nose
[0.735s] Invoked command in '/home/lfvmu/kobuki/build/ament_cmake_nose' returned '0': AMENT_PREFIX_PATH=/home/lfvmu/kobuki/install CMAKE_PREFIX_PATH=/home/lfvmu/kobuki/install LD_LIBRARY_PATH=/home/lfvmu/kobuki/install/lib PATH=/home/lfvmu/kobuki/install/bin:${PATH} PYTHONPATH=/home/lfvmu/kobuki/install/lib/python3.8/site-packages /usr/bin/cmake /home/lfvmu/kobuki/src/ament_cmake/ament_cmake_nose -DBUILD_TESTING=OFF -DCMAKE_BUILD_TYPE=RelWithDebInfo -DCMAKE_INSTALL_PREFIX=/home/lfvmu/kobuki/install
[0.743s] Invoking command in '/home/lfvmu/kobuki/build/ament_cmake_nose': AMENT_PREFIX_PATH=/home/lfvmu/kobuki/install CMAKE_PREFIX_PATH=/home/lfvmu/kobuki/install LD_LIBRARY_PATH=/home/lfvmu/kobuki/install/lib PATH=/home/lfvmu/kobuki/install/bin:${PATH} PYTHONPATH=/home/lfvmu/kobuki/install/lib/python3.8/site-packages /usr/bin/cmake --build /home/lfvmu/kobuki/build/ament_cmake_nose -- -j4 -l4
[1.002s] Invoked command in '/home/lfvmu/kobuki/build/ament_cmake_nose' returned '0': AMENT_PREFIX_PATH=/home/lfvmu/kobuki/install CMAKE_PREFIX_PATH=/home/lfvmu/kobuki/install LD_LIBRARY_PATH=/home/lfvmu/kobuki/install/lib PATH=/home/lfvmu/kobuki/install/bin:${PATH} PYTHONPATH=/home/lfvmu/kobuki/install/lib/python3.8/site-packages /usr/bin/cmake --build /home/lfvmu/kobuki/build/ament_cmake_nose -- -j4 -l4
[1.090s] Invoking command in '/home/lfvmu/kobuki/build/ament_cmake_nose': AMENT_PREFIX_PATH=/home/lfvmu/kobuki/install CMAKE_PREFIX_PATH=/home/lfvmu/kobuki/install LD_LIBRARY_PATH=/home/lfvmu/kobuki/install/lib PATH=/home/lfvmu/kobuki/install/bin:${PATH} PYTHONPATH=/home/lfvmu/kobuki/install/lib/python3.8/site-packages /usr/bin/cmake --install /home/lfvmu/kobuki/build/ament_cmake_nose
[1.116s] -- Install configuration: "RelWithDebInfo"
[1.116s] -- Up-to-date: /home/lfvmu/kobuki/install/share/ament_index/resource_index/package_run_dependencies/ament_cmake_nose
[1.117s] -- Up-to-date: /home/lfvmu/kobuki/install/share/ament_index/resource_index/parent_prefix_path/ament_cmake_nose
[1.117s] -- Up-to-date: /home/lfvmu/kobuki/install/share/ament_cmake_nose/environment/ament_prefix_path.sh
[1.117s] -- Installing: /home/lfvmu/kobuki/install/share/ament_cmake_nose/environment/ament_prefix_path.dsv
[1.119s] -- Up-to-date: /home/lfvmu/kobuki/install/share/ament_cmake_nose/environment/path.sh
[1.120s] -- Installing: /home/lfvmu/kobuki/install/share/ament_cmake_nose/environment/path.dsv
[1.120s] -- Up-to-date: /home/lfvmu/kobuki/install/share/ament_cmake_nose/local_setup.bash
[1.120s] -- Up-to-date: /home/lfvmu/kobuki/install/share/ament_cmake_nose/local_setup.sh
[1.120s] -- Up-to-date: /home/lfvmu/kobuki/install/share/ament_cmake_nose/local_setup.zsh
[1.120s] -- Installing: /home/lfvmu/kobuki/install/share/ament_cmake_nose/local_setup.dsv
[1.121s] -- Installing: /home/lfvmu/kobuki/install/share/ament_cmake_nose/package.dsv
[1.121s] -- Up-to-date: /home/lfvmu/kobuki/install/share/ament_index/resource_index/packages/ament_cmake_nose
[1.122s] -- Up-to-date: /home/lfvmu/kobuki/install/share/ament_cmake_nose/cmake/ament_cmake_nose-extras.cmake
[1.125s] -- Up-to-date: /home/lfvmu/kobuki/install/share/ament_cmake_nose/cmake/ament_cmake_noseConfig.cmake
[1.126s] -- Up-to-date: /home/lfvmu/kobuki/install/share/ament_cmake_nose/cmake/ament_cmake_noseConfig-version.cmake
[1.126s] -- Up-to-date: /home/lfvmu/kobuki/install/share/ament_cmake_nose/package.xml
[1.127s] -- Up-to-date: /home/lfvmu/kobuki/install/share/ament_cmake_nose/cmake
[1.128s] -- Up-to-date: /home/lfvmu/kobuki/install/share/ament_cmake_nose/cmake/ament_add_nose_test.cmake
[1.128s] -- Up-to-date: /home/lfvmu/kobuki/install/share/ament_cmake_nose/cmake/ament_find_nosetests.cmake
[1.136s] Invoked command in '/home/lfvmu/kobuki/build/ament_cmake_nose' returned '0': AMENT_PREFIX_PATH=/home/lfvmu/kobuki/install CMAKE_PREFIX_PATH=/home/lfvmu/kobuki/install LD_LIBRARY_PATH=/home/lfvmu/kobuki/install/lib PATH=/home/lfvmu/kobuki/install/bin:${PATH} PYTHONPATH=/home/lfvmu/kobuki/install/lib/python3.8/site-packages /usr/bin/cmake --install /home/lfvmu/kobuki/build/ament_cmake_nose
