[0.305s] Invoking command in '/home/lfvmu/kobuki/build/ecl_core_apps': /usr/bin/cmake /home/lfvmu/kobuki/src/ecl_core/ecl_core_apps -DBUILD_TESTING=OFF -DCMAKE_INSTALL_PREFIX=/home/lfvmu/kobuki/install
[0.369s] -- Found ament_cmake_ros: 0.9.2 (/home/lfvmu/kobuki/install/share/ament_cmake_ros/cmake)
[0.398s] -- Using PYTHON_EXECUTABLE: /usr/bin/python3
[0.736s] -- Found ecl_build: 1.0.3 (/home/lfvmu/kobuki/install/share/ecl_build/cmake)
[0.753s] -- Found ecl_config: 1.1.0 (/home/lfvmu/kobuki/install/share/ecl_config/cmake)
[0.772s] -- Found ecl_linear_algebra: 1.2.1 (/home/lfvmu/kobuki/install/share/ecl_linear_algebra/cmake)
[0.893s] -- Found ecl_command_line: 1.2.1 (/home/lfvmu/kobuki/install/share/ecl_command_line/cmake)
[0.893s] -- Found ecl_containers: 1.2.1 (/home/lfvmu/kobuki/install/share/ecl_containers/cmake)
[0.929s] -- Found ecl_devices: 1.2.1 (/home/lfvmu/kobuki/install/share/ecl_devices/cmake)
[0.999s] -- Found ecl_geometry: 1.2.1 (/home/lfvmu/kobuki/install/share/ecl_geometry/cmake)
[1.038s] -- Found ecl_ipc: 1.2.1 (/home/lfvmu/kobuki/install/share/ecl_ipc/cmake)
[1.061s] -- Found ecl_sigslots: 1.2.1 (/home/lfvmu/kobuki/install/share/ecl_sigslots/cmake)
[1.069s] -- Found ecl_streams: 1.2.1 (/home/lfvmu/kobuki/install/share/ecl_streams/cmake)
[1.243s] -- Configuring done
[1.395s] -- Generating done
[1.408s] -- Build files have been written to: /home/lfvmu/kobuki/build/ecl_core_apps
[1.422s] Invoked command in '/home/lfvmu/kobuki/build/ecl_core_apps' returned '0': /usr/bin/cmake /home/lfvmu/kobuki/src/ecl_core/ecl_core_apps -DBUILD_TESTING=OFF -DCMAKE_INSTALL_PREFIX=/home/lfvmu/kobuki/install
[1.423s] Invoking command in '/home/lfvmu/kobuki/build/ecl_core_apps': /usr/bin/cmake --build /home/lfvmu/kobuki/build/ecl_core_apps -- -j4 -l4
[1.541s] [  8%] Built target ecl_bench_exceptions
[1.542s] [ 11%] Built target ecl_bench_string_conversions
[1.552s] [ 17%] Built target ecl_bench_snooze
[1.562s] [ 23%] Built target ecl_bench_files
[1.625s] [ 29%] Built target ecl_bench_streams
[1.638s] [ 35%] Built target ecl_bench_eigen3_inverse
[1.650s] [ 41%] Built target ecl_bench_eigen3_transforms
[1.668s] [ 47%] Built target ecl_bench_eigen3_decompositions
[1.680s] [ 52%] Built target ecl_bench_containers
[1.713s] [ 58%] Built target ecl_hex
[1.713s] [ 64%] Built target ecl_bench_flops
[1.751s] [ 70%] Built target ecl_socket_server
[1.773s] [ 76%] Built target ecl_process_statistics
[1.778s] [ 82%] Built target ecl_serial
[1.807s] [ 88%] Built target ecl_quaternion2yaw
[1.840s] [ 94%] Built target ecl_socket_client
[1.849s] [100%] Built target ecl_yaw2quaternion
[1.874s] Invoked command in '/home/lfvmu/kobuki/build/ecl_core_apps' returned '0': /usr/bin/cmake --build /home/lfvmu/kobuki/build/ecl_core_apps -- -j4 -l4
[1.940s] Invoking command in '/home/lfvmu/kobuki/build/ecl_core_apps': /usr/bin/cmake --install /home/lfvmu/kobuki/build/ecl_core_apps
[1.960s] -- Install configuration: "RelWithDebInfo"
[1.960s] -- Up-to-date: /home/lfvmu/kobuki/install/share/ament_index/resource_index/package_run_dependencies/ecl_core_apps
[1.961s] -- Up-to-date: /home/lfvmu/kobuki/install/share/ament_index/resource_index/parent_prefix_path/ecl_core_apps
[1.961s] -- Up-to-date: /home/lfvmu/kobuki/install/share/ecl_core_apps/environment/ament_prefix_path.sh
[1.962s] -- Installing: /home/lfvmu/kobuki/install/share/ecl_core_apps/environment/ament_prefix_path.dsv
[1.962s] -- Up-to-date: /home/lfvmu/kobuki/install/share/ecl_core_apps/environment/path.sh
[1.962s] -- Installing: /home/lfvmu/kobuki/install/share/ecl_core_apps/environment/path.dsv
[1.963s] -- Up-to-date: /home/lfvmu/kobuki/install/share/ecl_core_apps/local_setup.bash
[1.963s] -- Up-to-date: /home/lfvmu/kobuki/install/share/ecl_core_apps/local_setup.sh
[1.963s] -- Up-to-date: /home/lfvmu/kobuki/install/share/ecl_core_apps/local_setup.zsh
[1.963s] -- Installing: /home/lfvmu/kobuki/install/share/ecl_core_apps/local_setup.dsv
[1.964s] -- Installing: /home/lfvmu/kobuki/install/share/ecl_core_apps/package.dsv
[1.964s] -- Up-to-date: /home/lfvmu/kobuki/install/share/ament_index/resource_index/packages/ecl_core_apps
[1.964s] -- Up-to-date: /home/lfvmu/kobuki/install/share/ecl_core_apps/cmake/ecl_core_appsConfig.cmake
[1.965s] -- Up-to-date: /home/lfvmu/kobuki/install/share/ecl_core_apps/cmake/ecl_core_appsConfig-version.cmake
[1.965s] -- Up-to-date: /home/lfvmu/kobuki/install/share/ecl_core_apps/package.xml
[1.966s] -- Up-to-date: /home/lfvmu/kobuki/install/bin/ecl_bench_containers
[1.969s] -- Up-to-date: /home/lfvmu/kobuki/install/bin/ecl_bench_files
[1.973s] -- Up-to-date: /home/lfvmu/kobuki/install/bin/ecl_bench_flops
[1.975s] -- Up-to-date: /home/lfvmu/kobuki/install/bin/ecl_bench_exceptions
[1.977s] -- Up-to-date: /home/lfvmu/kobuki/install/bin/ecl_bench_snooze
[1.980s] -- Up-to-date: /home/lfvmu/kobuki/install/bin/ecl_bench_streams
[1.983s] -- Up-to-date: /home/lfvmu/kobuki/install/bin/ecl_bench_string_conversions
[1.986s] -- Up-to-date: /home/lfvmu/kobuki/install/bin/ecl_bench_eigen3_inverse
[1.989s] -- Up-to-date: /home/lfvmu/kobuki/install/bin/ecl_bench_eigen3_decompositions
[1.992s] -- Up-to-date: /home/lfvmu/kobuki/install/bin/ecl_bench_eigen3_transforms
[1.996s] -- Up-to-date: /home/lfvmu/kobuki/install/lib/ecl_core_apps/ecl_hex
[1.999s] -- Up-to-date: /home/lfvmu/kobuki/install/lib/ecl_core_apps/ecl_serial
[2.001s] -- Up-to-date: /home/lfvmu/kobuki/install/lib/ecl_core_apps/ecl_socket_client
[2.004s] -- Up-to-date: /home/lfvmu/kobuki/install/lib/ecl_core_apps/ecl_socket_server
[2.007s] -- Up-to-date: /home/lfvmu/kobuki/install/bin/ecl_process_statistics
[2.009s] -- Up-to-date: /home/lfvmu/kobuki/install/bin/ecl_quaternion2yaw
[2.012s] -- Up-to-date: /home/lfvmu/kobuki/install/bin/ecl_yaw2quaternion
[2.016s] Invoked command in '/home/lfvmu/kobuki/build/ecl_core_apps' returned '0': /usr/bin/cmake --install /home/lfvmu/kobuki/build/ecl_core_apps
