[0.265s] Invoking command in '/home/lfvmu/kobuki/build/ecl_concepts': /usr/bin/cmake /home/lfvmu/kobuki/src/ecl_core/ecl_concepts -DBUILD_TESTING=OFF -DCMAKE_BUILD_TYPE=RelWithDebInfo -DCMAKE_INSTALL_PREFIX=/home/lfvmu/kobuki/install
[0.327s] -- Found ament_cmake_ros: 0.9.2 (/home/lfvmu/kobuki/install/share/ament_cmake_ros/cmake)
[0.357s] -- Using PYTHON_EXECUTABLE: /usr/bin/python3
[0.697s] -- Found ecl_build: 1.0.3 (/home/lfvmu/kobuki/install/share/ecl_build/cmake)
[0.721s] -- Found ecl_config: 1.1.0 (/home/lfvmu/kobuki/install/share/ecl_config/cmake)
[0.733s] -- Found ecl_type_traits: 1.2.1 (/home/lfvmu/kobuki/install/share/ecl_type_traits/cmake)
[0.922s] -- Configuring done
[0.941s] -- Generating done
[0.941s] -- Build files have been written to: /home/lfvmu/kobuki/build/ecl_concepts
[1.020s] Invoked command in '/home/lfvmu/kobuki/build/ecl_concepts' returned '0': /usr/bin/cmake /home/lfvmu/kobuki/src/ecl_core/ecl_concepts -DBUILD_TESTING=OFF -DCMAKE_BUILD_TYPE=RelWithDebInfo -DCMAKE_INSTALL_PREFIX=/home/lfvmu/kobuki/install
[1.024s] Invoking command in '/home/lfvmu/kobuki/build/ecl_concepts': /usr/bin/cmake --build /home/lfvmu/kobuki/build/ecl_concepts -- -j4 -l4
[1.348s] Invoked command in '/home/lfvmu/kobuki/build/ecl_concepts' returned '0': /usr/bin/cmake --build /home/lfvmu/kobuki/build/ecl_concepts -- -j4 -l4
[1.635s] Invoking command in '/home/lfvmu/kobuki/build/ecl_concepts': /usr/bin/cmake --install /home/lfvmu/kobuki/build/ecl_concepts
[1.662s] -- Install configuration: "RelWithDebInfo"
[1.663s] -- Up-to-date: /home/lfvmu/kobuki/install/share/ament_index/resource_index/package_run_dependencies/ecl_concepts
[1.663s] -- Up-to-date: /home/lfvmu/kobuki/install/share/ament_index/resource_index/parent_prefix_path/ecl_concepts
[1.663s] -- Up-to-date: /home/lfvmu/kobuki/install/share/ecl_concepts/environment/ament_prefix_path.sh
[1.663s] -- Installing: /home/lfvmu/kobuki/install/share/ecl_concepts/environment/ament_prefix_path.dsv
[1.664s] -- Up-to-date: /home/lfvmu/kobuki/install/share/ecl_concepts/environment/path.sh
[1.664s] -- Installing: /home/lfvmu/kobuki/install/share/ecl_concepts/environment/path.dsv
[1.664s] -- Up-to-date: /home/lfvmu/kobuki/install/share/ecl_concepts/local_setup.bash
[1.664s] -- Up-to-date: /home/lfvmu/kobuki/install/share/ecl_concepts/local_setup.sh
[1.665s] -- Up-to-date: /home/lfvmu/kobuki/install/share/ecl_concepts/local_setup.zsh
[1.665s] -- Installing: /home/lfvmu/kobuki/install/share/ecl_concepts/local_setup.dsv
[1.665s] -- Installing: /home/lfvmu/kobuki/install/share/ecl_concepts/package.dsv
[1.666s] -- Up-to-date: /home/lfvmu/kobuki/install/share/ament_index/resource_index/packages/ecl_concepts
[1.666s] -- Up-to-date: /home/lfvmu/kobuki/install/share/ecl_concepts/cmake/ecl_conceptsExport.cmake
[1.666s] -- Up-to-date: /home/lfvmu/kobuki/install/share/ecl_concepts/cmake/ament_cmake_export_targets-extras.cmake
[1.666s] -- Up-to-date: /home/lfvmu/kobuki/install/share/ecl_concepts/cmake/ament_cmake_export_include_directories-extras.cmake
[1.666s] -- Up-to-date: /home/lfvmu/kobuki/install/share/ecl_concepts/cmake/ament_cmake_export_dependencies-extras.cmake
[1.667s] -- Up-to-date: /home/lfvmu/kobuki/install/share/ecl_concepts/cmake/ecl_conceptsConfig.cmake
[1.667s] -- Up-to-date: /home/lfvmu/kobuki/install/share/ecl_concepts/cmake/ecl_conceptsConfig-version.cmake
[1.667s] -- Up-to-date: /home/lfvmu/kobuki/install/share/ecl_concepts/package.xml
[1.668s] -- Up-to-date: /home/lfvmu/kobuki/install/include/ecl/concepts.hpp
[1.668s] -- Up-to-date: /home/lfvmu/kobuki/install/include/ecl/concepts/blueprints.hpp
[1.668s] -- Up-to-date: /home/lfvmu/kobuki/install/include/ecl/concepts/containers.hpp
[1.668s] -- Up-to-date: /home/lfvmu/kobuki/install/include/ecl/concepts/devices.hpp
[1.669s] -- Up-to-date: /home/lfvmu/kobuki/install/include/ecl/concepts/macros.hpp
[1.669s] -- Up-to-date: /home/lfvmu/kobuki/install/include/ecl/concepts/nullary_function.hpp
[1.669s] -- Up-to-date: /home/lfvmu/kobuki/install/include/ecl/concepts/streams.hpp
[1.678s] Invoked command in '/home/lfvmu/kobuki/build/ecl_concepts' returned '0': /usr/bin/cmake --install /home/lfvmu/kobuki/build/ecl_concepts
