[0.085s] Invoking command in '/home/lfvmu/kobuki/build/ament_cmake_pclint': AMENT_PREFIX_PATH=/home/lfvmu/kobuki/install CMAKE_PREFIX_PATH=/home/lfvmu/kobuki/install LD_LIBRARY_PATH=/home/lfvmu/kobuki/install/lib PATH=/home/lfvmu/kobuki/install/bin:${PATH} PYTHONPATH=/home/lfvmu/kobuki/install/lib/python3.8/site-packages /usr/bin/cmake /home/lfvmu/kobuki/src/ament_lint/ament_cmake_pclint -DBUILD_TESTING=OFF -DCMAKE_BUILD_TYPE=RelWithDebInfo -DCMAKE_INSTALL_PREFIX=/home/lfvmu/kobuki/install
[0.119s] -- Found ament_cmake_core: 0.9.11 (/home/lfvmu/kobuki/install/share/ament_cmake_core/cmake)
[0.155s] -- Using PYTHON_EXECUTABLE: /usr/bin/python3
[0.491s] -- Found ament_cmake_test: 0.9.11 (/home/lfvmu/kobuki/install/share/ament_cmake_test/cmake)
[0.640s] -- Configuring done
[0.640s] -- Generating done
[0.641s] -- Build files have been written to: /home/lfvmu/kobuki/build/ament_cmake_pclint
[0.802s] Invoked command in '/home/lfvmu/kobuki/build/ament_cmake_pclint' returned '0': AMENT_PREFIX_PATH=/home/lfvmu/kobuki/install CMAKE_PREFIX_PATH=/home/lfvmu/kobuki/install LD_LIBRARY_PATH=/home/lfvmu/kobuki/install/lib PATH=/home/lfvmu/kobuki/install/bin:${PATH} PYTHONPATH=/home/lfvmu/kobuki/install/lib/python3.8/site-packages /usr/bin/cmake /home/lfvmu/kobuki/src/ament_lint/ament_cmake_pclint -DBUILD_TESTING=OFF -DCMAKE_BUILD_TYPE=RelWithDebInfo -DCMAKE_INSTALL_PREFIX=/home/lfvmu/kobuki/install
[0.804s] Invoking command in '/home/lfvmu/kobuki/build/ament_cmake_pclint': AMENT_PREFIX_PATH=/home/lfvmu/kobuki/install CMAKE_PREFIX_PATH=/home/lfvmu/kobuki/install LD_LIBRARY_PATH=/home/lfvmu/kobuki/install/lib PATH=/home/lfvmu/kobuki/install/bin:${PATH} PYTHONPATH=/home/lfvmu/kobuki/install/lib/python3.8/site-packages /usr/bin/cmake --build /home/lfvmu/kobuki/build/ament_cmake_pclint -- -j4 -l4
[1.036s] Invoked command in '/home/lfvmu/kobuki/build/ament_cmake_pclint' returned '0': AMENT_PREFIX_PATH=/home/lfvmu/kobuki/install CMAKE_PREFIX_PATH=/home/lfvmu/kobuki/install LD_LIBRARY_PATH=/home/lfvmu/kobuki/install/lib PATH=/home/lfvmu/kobuki/install/bin:${PATH} PYTHONPATH=/home/lfvmu/kobuki/install/lib/python3.8/site-packages /usr/bin/cmake --build /home/lfvmu/kobuki/build/ament_cmake_pclint -- -j4 -l4
[1.117s] Invoking command in '/home/lfvmu/kobuki/build/ament_cmake_pclint': AMENT_PREFIX_PATH=/home/lfvmu/kobuki/install CMAKE_PREFIX_PATH=/home/lfvmu/kobuki/install LD_LIBRARY_PATH=/home/lfvmu/kobuki/install/lib PATH=/home/lfvmu/kobuki/install/bin:${PATH} PYTHONPATH=/home/lfvmu/kobuki/install/lib/python3.8/site-packages /usr/bin/cmake --install /home/lfvmu/kobuki/build/ament_cmake_pclint
[1.133s] -- Install configuration: "RelWithDebInfo"
[1.134s] -- Up-to-date: /home/lfvmu/kobuki/install/share/ament_index/resource_index/package_run_dependencies/ament_cmake_pclint
[1.134s] -- Up-to-date: /home/lfvmu/kobuki/install/share/ament_index/resource_index/parent_prefix_path/ament_cmake_pclint
[1.134s] -- Up-to-date: /home/lfvmu/kobuki/install/share/ament_cmake_pclint/environment/ament_prefix_path.sh
[1.134s] -- Installing: /home/lfvmu/kobuki/install/share/ament_cmake_pclint/environment/ament_prefix_path.dsv
[1.135s] -- Up-to-date: /home/lfvmu/kobuki/install/share/ament_cmake_pclint/environment/path.sh
[1.135s] -- Installing: /home/lfvmu/kobuki/install/share/ament_cmake_pclint/environment/path.dsv
[1.135s] -- Up-to-date: /home/lfvmu/kobuki/install/share/ament_cmake_pclint/local_setup.bash
[1.136s] -- Up-to-date: /home/lfvmu/kobuki/install/share/ament_cmake_pclint/local_setup.sh
[1.136s] -- Up-to-date: /home/lfvmu/kobuki/install/share/ament_cmake_pclint/local_setup.zsh
[1.136s] -- Installing: /home/lfvmu/kobuki/install/share/ament_cmake_pclint/local_setup.dsv
[1.136s] -- Installing: /home/lfvmu/kobuki/install/share/ament_cmake_pclint/package.dsv
[1.136s] -- Up-to-date: /home/lfvmu/kobuki/install/share/ament_index/resource_index/packages/ament_cmake_pclint
[1.137s] -- Up-to-date: /home/lfvmu/kobuki/install/share/ament_cmake_pclint/cmake/ament_cmake_pclint-extras.cmake
[1.137s] -- Up-to-date: /home/lfvmu/kobuki/install/share/ament_cmake_pclint/cmake/ament_cmake_pclintConfig.cmake
[1.137s] -- Up-to-date: /home/lfvmu/kobuki/install/share/ament_cmake_pclint/cmake/ament_cmake_pclintConfig-version.cmake
[1.137s] -- Up-to-date: /home/lfvmu/kobuki/install/share/ament_cmake_pclint/package.xml
[1.138s] -- Up-to-date: /home/lfvmu/kobuki/install/share/ament_cmake_pclint/cmake
[1.138s] -- Up-to-date: /home/lfvmu/kobuki/install/share/ament_cmake_pclint/cmake/ament_cmake_pclint_lint_hook.cmake
[1.138s] -- Up-to-date: /home/lfvmu/kobuki/install/share/ament_cmake_pclint/cmake/ament_pclint.cmake
[1.147s] Invoked command in '/home/lfvmu/kobuki/build/ament_cmake_pclint' returned '0': AMENT_PREFIX_PATH=/home/lfvmu/kobuki/install CMAKE_PREFIX_PATH=/home/lfvmu/kobuki/install LD_LIBRARY_PATH=/home/lfvmu/kobuki/install/lib PATH=/home/lfvmu/kobuki/install/bin:${PATH} PYTHONPATH=/home/lfvmu/kobuki/install/lib/python3.8/site-packages /usr/bin/cmake --install /home/lfvmu/kobuki/build/ament_cmake_pclint
