[1.852s] Invoking command in '/home/lfvmu/kobuki/src/ament_lint/ament_flake8': AMENT_PREFIX_PATH=/home/lfvmu/kobuki/install CMAKE_PREFIX_PATH=/home/lfvmu/kobuki/install LD_LIBRARY_PATH=/home/lfvmu/kobuki/install/lib PATH=/home/lfvmu/kobuki/install/bin:${PATH} PYTHONPATH=/home/lfvmu/kobuki/build/ament_flake8/prefix_override:/home/lfvmu/kobuki/install/lib/python3.8/site-packages:/home/lfvmu/kobuki/install/lib/python3.8/site-packages /usr/bin/python3 setup.py egg_info --egg-base ../../../build/ament_flake8 build --build-base /home/lfvmu/kobuki/build/ament_flake8/build install --record /home/lfvmu/kobuki/build/ament_flake8/install.log --single-version-externally-managed
[2.263s] running egg_info
[2.264s] writing ../../../build/ament_flake8/ament_flake8.egg-info/PKG-INFO
[2.264s] writing dependency_links to ../../../build/ament_flake8/ament_flake8.egg-info/dependency_links.txt
[2.265s] writing entry points to ../../../build/ament_flake8/ament_flake8.egg-info/entry_points.txt
[2.265s] writing requirements to ../../../build/ament_flake8/ament_flake8.egg-info/requires.txt
[2.267s] writing top-level names to ../../../build/ament_flake8/ament_flake8.egg-info/top_level.txt
[2.371s] reading manifest file '../../../build/ament_flake8/ament_flake8.egg-info/SOURCES.txt'
[2.373s] writing manifest file '../../../build/ament_flake8/ament_flake8.egg-info/SOURCES.txt'
[2.374s] running build
[2.374s] running build_py
[2.375s] running install
[2.376s] running install_lib
[2.380s] running install_data
[2.380s] running install_egg_info
[2.384s] removing '/home/lfvmu/kobuki/install/lib/python3.8/site-packages/ament_flake8-0.9.7-py3.8.egg-info' (and everything under it)
[2.384s] Copying ../../../build/ament_flake8/ament_flake8.egg-info to /home/lfvmu/kobuki/install/lib/python3.8/site-packages/ament_flake8-0.9.7-py3.8.egg-info
[2.386s] running install_scripts
[2.426s] Installing ament_flake8 script to /home/lfvmu/kobuki/install/bin
[2.426s] writing list of installed files to '/home/lfvmu/kobuki/build/ament_flake8/install.log'
[2.481s] Invoked command in '/home/lfvmu/kobuki/src/ament_lint/ament_flake8' returned '0': AMENT_PREFIX_PATH=/home/lfvmu/kobuki/install CMAKE_PREFIX_PATH=/home/lfvmu/kobuki/install LD_LIBRARY_PATH=/home/lfvmu/kobuki/install/lib PATH=/home/lfvmu/kobuki/install/bin:${PATH} PYTHONPATH=/home/lfvmu/kobuki/build/ament_flake8/prefix_override:/home/lfvmu/kobuki/install/lib/python3.8/site-packages:/home/lfvmu/kobuki/install/lib/python3.8/site-packages /usr/bin/python3 setup.py egg_info --egg-base ../../../build/ament_flake8 build --build-base /home/lfvmu/kobuki/build/ament_flake8/build install --record /home/lfvmu/kobuki/build/ament_flake8/install.log --single-version-externally-managed
