running egg_info
creating ../../../build/ament_flake8/ament_flake8.egg-info
writing ../../../build/ament_flake8/ament_flake8.egg-info/PKG-INFO
writing dependency_links to ../../../build/ament_flake8/ament_flake8.egg-info/dependency_links.txt
writing entry points to ../../../build/ament_flake8/ament_flake8.egg-info/entry_points.txt
writing requirements to ../../../build/ament_flake8/ament_flake8.egg-info/requires.txt
writing top-level names to ../../../build/ament_flake8/ament_flake8.egg-info/top_level.txt
writing manifest file '../../../build/ament_flake8/ament_flake8.egg-info/SOURCES.txt'
reading manifest file '../../../build/ament_flake8/ament_flake8.egg-info/SOURCES.txt'
writing manifest file '../../../build/ament_flake8/ament_flake8.egg-info/SOURCES.txt'
running build
running build_py
creating /home/lfvmu/kobuki/build/ament_flake8/build
creating /home/lfvmu/kobuki/build/ament_flake8/build/lib
creating /home/lfvmu/kobuki/build/ament_flake8/build/lib/ament_flake8
copying ament_flake8/main.py -> /home/lfvmu/kobuki/build/ament_flake8/build/lib/ament_flake8
copying ament_flake8/pytest_marker.py -> /home/lfvmu/kobuki/build/ament_flake8/build/lib/ament_flake8
copying ament_flake8/legacy.py -> /home/lfvmu/kobuki/build/ament_flake8/build/lib/ament_flake8
copying ament_flake8/__init__.py -> /home/lfvmu/kobuki/build/ament_flake8/build/lib/ament_flake8
creating /home/lfvmu/kobuki/build/ament_flake8/build/lib/ament_flake8/configuration
copying ament_flake8/configuration/ament_flake8.ini -> /home/lfvmu/kobuki/build/ament_flake8/build/lib/ament_flake8/configuration
running install
running install_lib
creating /home/lfvmu/kobuki/install/lib/python3.8/site-packages/ament_flake8
copying /home/lfvmu/kobuki/build/ament_flake8/build/lib/ament_flake8/main.py -> /home/lfvmu/kobuki/install/lib/python3.8/site-packages/ament_flake8
copying /home/lfvmu/kobuki/build/ament_flake8/build/lib/ament_flake8/pytest_marker.py -> /home/lfvmu/kobuki/install/lib/python3.8/site-packages/ament_flake8
copying /home/lfvmu/kobuki/build/ament_flake8/build/lib/ament_flake8/legacy.py -> /home/lfvmu/kobuki/install/lib/python3.8/site-packages/ament_flake8
copying /home/lfvmu/kobuki/build/ament_flake8/build/lib/ament_flake8/__init__.py -> /home/lfvmu/kobuki/install/lib/python3.8/site-packages/ament_flake8
creating /home/lfvmu/kobuki/install/lib/python3.8/site-packages/ament_flake8/configuration
copying /home/lfvmu/kobuki/build/ament_flake8/build/lib/ament_flake8/configuration/ament_flake8.ini -> /home/lfvmu/kobuki/install/lib/python3.8/site-packages/ament_flake8/configuration
byte-compiling /home/lfvmu/kobuki/install/lib/python3.8/site-packages/ament_flake8/main.py to main.cpython-38.pyc
byte-compiling /home/lfvmu/kobuki/install/lib/python3.8/site-packages/ament_flake8/pytest_marker.py to pytest_marker.cpython-38.pyc
byte-compiling /home/lfvmu/kobuki/install/lib/python3.8/site-packages/ament_flake8/legacy.py to legacy.cpython-38.pyc
byte-compiling /home/lfvmu/kobuki/install/lib/python3.8/site-packages/ament_flake8/__init__.py to __init__.cpython-38.pyc
running install_data
copying package.xml -> /home/lfvmu/kobuki/install/share/ament_flake8
copying resource/ament_flake8 -> /home/lfvmu/kobuki/install/share/ament_index/resource_index/packages
running install_egg_info
Copying ../../../build/ament_flake8/ament_flake8.egg-info to /home/lfvmu/kobuki/install/lib/python3.8/site-packages/ament_flake8-0.9.7-py3.8.egg-info
running install_scripts
Installing ament_flake8 script to /home/lfvmu/kobuki/install/bin
writing list of installed files to '/home/lfvmu/kobuki/build/ament_flake8/install.log'
