[0.309s] Invoking command in '/home/lfvmu/kobuki/build/ament_cmake_pycodestyle': /usr/bin/cmake /home/lfvmu/kobuki/src/ament_lint/ament_cmake_pycodestyle -DBUILD_TESTING=OFF --no-warn-unused-cli -DCMAKE_INSTALL_PREFIX=/home/lfvmu/kobuki/install
[0.336s] Not searching for unused variables given on the command line.
[0.342s] -- Found ament_cmake_core: 0.9.11 (/home/lfvmu/kobuki/install/share/ament_cmake_core/cmake)
[0.385s] -- Using PYTHON_EXECUTABLE: /usr/bin/python3
[0.721s] -- Found ament_cmake_test: 0.9.11 (/home/lfvmu/kobuki/install/share/ament_cmake_test/cmake)
[0.855s] -- Configuring done
[0.873s] -- Generating done
[0.874s] -- Build files have been written to: /home/lfvmu/kobuki/build/ament_cmake_pycodestyle
[0.892s] Invoked command in '/home/lfvmu/kobuki/build/ament_cmake_pycodestyle' returned '0': /usr/bin/cmake /home/lfvmu/kobuki/src/ament_lint/ament_cmake_pycodestyle -DBUILD_TESTING=OFF --no-warn-unused-cli -DCMAKE_INSTALL_PREFIX=/home/lfvmu/kobuki/install
[0.898s] Invoking command in '/home/lfvmu/kobuki/build/ament_cmake_pycodestyle': /usr/bin/cmake --build /home/lfvmu/kobuki/build/ament_cmake_pycodestyle -- -j4 -l4
[1.135s] Invoked command in '/home/lfvmu/kobuki/build/ament_cmake_pycodestyle' returned '0': /usr/bin/cmake --build /home/lfvmu/kobuki/build/ament_cmake_pycodestyle -- -j4 -l4
[1.466s] Invoking command in '/home/lfvmu/kobuki/build/ament_cmake_pycodestyle': /usr/bin/cmake --install /home/lfvmu/kobuki/build/ament_cmake_pycodestyle
[1.509s] -- Install configuration: "RelWithDebInfo"
[1.509s] -- Up-to-date: /home/lfvmu/kobuki/install/share/ament_index/resource_index/package_run_dependencies/ament_cmake_pycodestyle
[1.509s] -- Up-to-date: /home/lfvmu/kobuki/install/share/ament_index/resource_index/parent_prefix_path/ament_cmake_pycodestyle
[1.509s] -- Up-to-date: /home/lfvmu/kobuki/install/share/ament_cmake_pycodestyle/environment/ament_prefix_path.sh
[1.510s] -- Installing: /home/lfvmu/kobuki/install/share/ament_cmake_pycodestyle/environment/ament_prefix_path.dsv
[1.510s] -- Up-to-date: /home/lfvmu/kobuki/install/share/ament_cmake_pycodestyle/environment/path.sh
[1.511s] -- Installing: /home/lfvmu/kobuki/install/share/ament_cmake_pycodestyle/environment/path.dsv
[1.511s] -- Up-to-date: /home/lfvmu/kobuki/install/share/ament_cmake_pycodestyle/local_setup.bash
[1.512s] -- Up-to-date: /home/lfvmu/kobuki/install/share/ament_cmake_pycodestyle/local_setup.sh
[1.512s] -- Up-to-date: /home/lfvmu/kobuki/install/share/ament_cmake_pycodestyle/local_setup.zsh
[1.512s] -- Installing: /home/lfvmu/kobuki/install/share/ament_cmake_pycodestyle/local_setup.dsv
[1.512s] -- Installing: /home/lfvmu/kobuki/install/share/ament_cmake_pycodestyle/package.dsv
[1.526s] -- Up-to-date: /home/lfvmu/kobuki/install/share/ament_index/resource_index/packages/ament_cmake_pycodestyle
[1.526s] -- Up-to-date: /home/lfvmu/kobuki/install/share/ament_cmake_pycodestyle/cmake/ament_cmake_pycodestyle-extras.cmake
[1.527s] -- Up-to-date: /home/lfvmu/kobuki/install/share/ament_cmake_pycodestyle/cmake/ament_cmake_pycodestyleConfig.cmake
[1.527s] -- Up-to-date: /home/lfvmu/kobuki/install/share/ament_cmake_pycodestyle/cmake/ament_cmake_pycodestyleConfig-version.cmake
[1.527s] -- Up-to-date: /home/lfvmu/kobuki/install/share/ament_cmake_pycodestyle/package.xml
[1.527s] -- Up-to-date: /home/lfvmu/kobuki/install/share/ament_cmake_pycodestyle/cmake
[1.527s] -- Up-to-date: /home/lfvmu/kobuki/install/share/ament_cmake_pycodestyle/cmake/ament_cmake_pycodestyle_lint_hook.cmake
[1.528s] -- Up-to-date: /home/lfvmu/kobuki/install/share/ament_cmake_pycodestyle/cmake/ament_pycodestyle.cmake
[1.713s] Invoked command in '/home/lfvmu/kobuki/build/ament_cmake_pycodestyle' returned '0': /usr/bin/cmake --install /home/lfvmu/kobuki/build/ament_cmake_pycodestyle
