[0.266s] Invoking command in '/home/lfvmu/kobuki/build/ecl_console': /usr/bin/cmake /home/lfvmu/kobuki/src/ecl_lite/ecl_console -DBUILD_TESTING=OFF --no-warn-unused-cli -DCMAKE_INSTALL_PREFIX=/home/lfvmu/kobuki/install
[0.315s] Not searching for unused variables given on the command line.
[0.315s] -- Found ament_cmake_ros: 0.9.2 (/home/lfvmu/kobuki/install/share/ament_cmake_ros/cmake)
[0.362s] -- Using PYTHON_EXECUTABLE: /usr/bin/python3
[0.725s] -- Found ecl_build: 1.0.3 (/home/lfvmu/kobuki/install/share/ecl_build/cmake)
[0.747s] -- Found ecl_config: 1.1.0 (/home/lfvmu/kobuki/install/share/ecl_config/cmake)
[0.923s] -- Configuring done
[0.923s] -- Generating done
[0.923s] -- Build files have been written to: /home/lfvmu/kobuki/build/ecl_console
[1.235s] Invoked command in '/home/lfvmu/kobuki/build/ecl_console' returned '0': /usr/bin/cmake /home/lfvmu/kobuki/src/ecl_lite/ecl_console -DBUILD_TESTING=OFF --no-warn-unused-cli -DCMAKE_INSTALL_PREFIX=/home/lfvmu/kobuki/install
[1.241s] Invoking command in '/home/lfvmu/kobuki/build/ecl_console': /usr/bin/cmake --build /home/lfvmu/kobuki/build/ecl_console -- -j4 -l4
[1.466s] Invoked command in '/home/lfvmu/kobuki/build/ecl_console' returned '0': /usr/bin/cmake --build /home/lfvmu/kobuki/build/ecl_console -- -j4 -l4
[1.730s] Invoking command in '/home/lfvmu/kobuki/build/ecl_console': /usr/bin/cmake --install /home/lfvmu/kobuki/build/ecl_console
[1.754s] -- Install configuration: "RelWithDebInfo"
[1.754s] -- Up-to-date: /home/lfvmu/kobuki/install/include/ecl
[1.755s] -- Up-to-date: /home/lfvmu/kobuki/install/include/ecl/console.hpp
[1.755s] -- Up-to-date: /home/lfvmu/kobuki/install/share/ament_index/resource_index/package_run_dependencies/ecl_console
[1.756s] -- Up-to-date: /home/lfvmu/kobuki/install/share/ament_index/resource_index/parent_prefix_path/ecl_console
[1.756s] -- Up-to-date: /home/lfvmu/kobuki/install/share/ecl_console/environment/ament_prefix_path.sh
[1.757s] -- Installing: /home/lfvmu/kobuki/install/share/ecl_console/environment/ament_prefix_path.dsv
[1.757s] -- Up-to-date: /home/lfvmu/kobuki/install/share/ecl_console/environment/path.sh
[1.758s] -- Installing: /home/lfvmu/kobuki/install/share/ecl_console/environment/path.dsv
[1.758s] -- Up-to-date: /home/lfvmu/kobuki/install/share/ecl_console/local_setup.bash
[1.759s] -- Up-to-date: /home/lfvmu/kobuki/install/share/ecl_console/local_setup.sh
[1.759s] -- Up-to-date: /home/lfvmu/kobuki/install/share/ecl_console/local_setup.zsh
[1.760s] -- Installing: /home/lfvmu/kobuki/install/share/ecl_console/local_setup.dsv
[1.760s] -- Installing: /home/lfvmu/kobuki/install/share/ecl_console/package.dsv
[1.761s] -- Up-to-date: /home/lfvmu/kobuki/install/share/ament_index/resource_index/packages/ecl_console
[1.761s] -- Up-to-date: /home/lfvmu/kobuki/install/share/ecl_console/cmake/ecl_consoleExport.cmake
[1.762s] -- Up-to-date: /home/lfvmu/kobuki/install/share/ecl_console/cmake/ament_cmake_export_targets-extras.cmake
[1.762s] -- Up-to-date: /home/lfvmu/kobuki/install/share/ecl_console/cmake/ament_cmake_export_include_directories-extras.cmake
[1.763s] -- Up-to-date: /home/lfvmu/kobuki/install/share/ecl_console/cmake/ament_cmake_export_dependencies-extras.cmake
[1.763s] -- Up-to-date: /home/lfvmu/kobuki/install/share/ecl_console/cmake/ecl_consoleConfig.cmake
[1.763s] -- Up-to-date: /home/lfvmu/kobuki/install/share/ecl_console/cmake/ecl_consoleConfig-version.cmake
[1.764s] -- Up-to-date: /home/lfvmu/kobuki/install/share/ecl_console/package.xml
[1.773s] Invoked command in '/home/lfvmu/kobuki/build/ecl_console' returned '0': /usr/bin/cmake --install /home/lfvmu/kobuki/build/ecl_console
