[0.404s] Invoking command in '/home/lfvmu/kobuki/build/ecl_io': /usr/bin/cmake /home/lfvmu/kobuki/src/ecl_lite/ecl_io -DBUILD_TESTING=OFF -DCMAKE_INSTALL_PREFIX=/home/lfvmu/kobuki/install
[0.442s] Re-run cmake no build system arguments
[0.491s] -- Found ament_cmake_ros: 0.9.2 (/home/lfvmu/kobuki/install/share/ament_cmake_ros/cmake)
[0.549s] -- Using PYTHON_EXECUTABLE: /usr/bin/python3
[0.962s] -- Found ecl_build: 1.0.3 (/home/lfvmu/kobuki/install/share/ecl_build/cmake)
[0.981s] -- Found ecl_config: 1.1.0 (/home/lfvmu/kobuki/install/share/ecl_config/cmake)
[0.981s] -- Found ecl_errors: 1.1.0 (/home/lfvmu/kobuki/install/share/ecl_errors/cmake)
[1.152s] -- Configuring done
[1.193s] -- Generating done
[1.213s] -- Build files have been written to: /home/lfvmu/kobuki/build/ecl_io
[1.317s] Invoked command in '/home/lfvmu/kobuki/build/ecl_io' returned '0': /usr/bin/cmake /home/lfvmu/kobuki/src/ecl_lite/ecl_io -DBUILD_TESTING=OFF -DCMAKE_INSTALL_PREFIX=/home/lfvmu/kobuki/install
[1.322s] Invoking command in '/home/lfvmu/kobuki/build/ecl_io': /usr/bin/cmake --build /home/lfvmu/kobuki/build/ecl_io -- -j4 -l4
[1.415s] /usr/bin/cmake -S/home/lfvmu/kobuki/src/ecl_lite/ecl_io -B/home/lfvmu/kobuki/build/ecl_io --check-build-system CMakeFiles/Makefile.cmake 0
[1.432s] /usr/bin/cmake -E cmake_progress_start /home/lfvmu/kobuki/build/ecl_io/CMakeFiles /home/lfvmu/kobuki/build/ecl_io/CMakeFiles/progress.marks
[1.463s] /usr/bin/make -f CMakeFiles/Makefile2 all
[1.481s] make[1]: Entering directory '/home/lfvmu/kobuki/build/ecl_io'
[1.481s] /usr/bin/make -f src/lib/CMakeFiles/ecl_io.dir/build.make src/lib/CMakeFiles/ecl_io.dir/depend
[1.482s] make[2]: Entering directory '/home/lfvmu/kobuki/build/ecl_io'
[1.482s] cd /home/lfvmu/kobuki/build/ecl_io && /usr/bin/cmake -E cmake_depends "Unix Makefiles" /home/lfvmu/kobuki/src/ecl_lite/ecl_io /home/lfvmu/kobuki/src/ecl_lite/ecl_io/src/lib /home/lfvmu/kobuki/build/ecl_io /home/lfvmu/kobuki/build/ecl_io/src/lib /home/lfvmu/kobuki/build/ecl_io/src/lib/CMakeFiles/ecl_io.dir/DependInfo.cmake --color=
[1.509s] make[2]: Leaving directory '/home/lfvmu/kobuki/build/ecl_io'
[1.510s] /usr/bin/make -f src/lib/CMakeFiles/ecl_io.dir/build.make src/lib/CMakeFiles/ecl_io.dir/build
[1.524s] make[2]: Entering directory '/home/lfvmu/kobuki/build/ecl_io'
[1.531s] make[2]: Nothing to be done for 'src/lib/CMakeFiles/ecl_io.dir/build'.
[1.539s] make[2]: Leaving directory '/home/lfvmu/kobuki/build/ecl_io'
[1.540s] [ 40%] Built target ecl_io
[1.541s] /usr/bin/make -f src/examples/CMakeFiles/ecl_io_example_poll.dir/build.make src/examples/CMakeFiles/ecl_io_example_poll.dir/depend
[1.542s] /usr/bin/make -f src/examples/CMakeFiles/ecl_io_example_socketpair.dir/build.make src/examples/CMakeFiles/ecl_io_example_socketpair.dir/depend
[1.542s] /usr/bin/make -f src/examples/CMakeFiles/ecl_io_example_sockets.dir/build.make src/examples/CMakeFiles/ecl_io_example_sockets.dir/depend
[1.543s] make[2]: Entering directory '/home/lfvmu/kobuki/build/ecl_io'
[1.545s] cd /home/lfvmu/kobuki/build/ecl_io && /usr/bin/cmake -E cmake_depends "Unix Makefiles" /home/lfvmu/kobuki/src/ecl_lite/ecl_io /home/lfvmu/kobuki/src/ecl_lite/ecl_io/src/examples /home/lfvmu/kobuki/build/ecl_io /home/lfvmu/kobuki/build/ecl_io/src/examples /home/lfvmu/kobuki/build/ecl_io/src/examples/CMakeFiles/ecl_io_example_socketpair.dir/DependInfo.cmake --color=
[1.546s] make[2]: Entering directory '/home/lfvmu/kobuki/build/ecl_io'
[1.546s] cd /home/lfvmu/kobuki/build/ecl_io && /usr/bin/cmake -E cmake_depends "Unix Makefiles" /home/lfvmu/kobuki/src/ecl_lite/ecl_io /home/lfvmu/kobuki/src/ecl_lite/ecl_io/src/examples /home/lfvmu/kobuki/build/ecl_io /home/lfvmu/kobuki/build/ecl_io/src/examples /home/lfvmu/kobuki/build/ecl_io/src/examples/CMakeFiles/ecl_io_example_poll.dir/DependInfo.cmake --color=
[1.548s] make[2]: Entering directory '/home/lfvmu/kobuki/build/ecl_io'
[1.548s] cd /home/lfvmu/kobuki/build/ecl_io && /usr/bin/cmake -E cmake_depends "Unix Makefiles" /home/lfvmu/kobuki/src/ecl_lite/ecl_io /home/lfvmu/kobuki/src/ecl_lite/ecl_io/src/examples /home/lfvmu/kobuki/build/ecl_io /home/lfvmu/kobuki/build/ecl_io/src/examples /home/lfvmu/kobuki/build/ecl_io/src/examples/CMakeFiles/ecl_io_example_sockets.dir/DependInfo.cmake --color=
[1.585s] make[2]: Leaving directory '/home/lfvmu/kobuki/build/ecl_io'
[1.585s] /usr/bin/make -f src/examples/CMakeFiles/ecl_io_example_poll.dir/build.make src/examples/CMakeFiles/ecl_io_example_poll.dir/build
[1.586s] make[2]: Leaving directory '/home/lfvmu/kobuki/build/ecl_io'
[1.587s] /usr/bin/make -f src/examples/CMakeFiles/ecl_io_example_sockets.dir/build.make src/examples/CMakeFiles/ecl_io_example_sockets.dir/build
[1.610s] make[2]: Entering directory '/home/lfvmu/kobuki/build/ecl_io'
[1.616s] make[2]: Nothing to be done for 'src/examples/CMakeFiles/ecl_io_example_poll.dir/build'.
[1.622s] make[2]: Leaving directory '/home/lfvmu/kobuki/build/ecl_io'
[1.626s] make[2]: Entering directory '/home/lfvmu/kobuki/build/ecl_io'
[1.634s] make[2]: Nothing to be done for 'src/examples/CMakeFiles/ecl_io_example_sockets.dir/build'.
[1.634s] make[2]: Leaving directory '/home/lfvmu/kobuki/build/ecl_io'
[1.635s] make[2]: Leaving directory '/home/lfvmu/kobuki/build/ecl_io'
[1.636s] /usr/bin/make -f src/examples/CMakeFiles/ecl_io_example_socketpair.dir/build.make src/examples/CMakeFiles/ecl_io_example_socketpair.dir/build
[1.636s] [ 60%] Built target ecl_io_example_poll
[1.637s] make[2]: Entering directory '/home/lfvmu/kobuki/build/ecl_io'
[1.638s] make[2]: Nothing to be done for 'src/examples/CMakeFiles/ecl_io_example_socketpair.dir/build'.
[1.639s] make[2]: Leaving directory '/home/lfvmu/kobuki/build/ecl_io'
[1.639s] [ 80%] Built target ecl_io_example_sockets
[1.647s] [100%] Built target ecl_io_example_socketpair
[1.650s] make[1]: Leaving directory '/home/lfvmu/kobuki/build/ecl_io'
[1.653s] /usr/bin/cmake -E cmake_progress_start /home/lfvmu/kobuki/build/ecl_io/CMakeFiles 0
[1.688s] Invoked command in '/home/lfvmu/kobuki/build/ecl_io' returned '0': /usr/bin/cmake --build /home/lfvmu/kobuki/build/ecl_io -- -j4 -l4
[2.016s] Invoking command in '/home/lfvmu/kobuki/build/ecl_io': /usr/bin/cmake --install /home/lfvmu/kobuki/build/ecl_io
[2.044s] -- Install configuration: "RelWithDebInfo"
[2.046s] -- Up-to-date: /home/lfvmu/kobuki/install/share/ecl_io/environment/library_path.sh
[2.046s] -- Installing: /home/lfvmu/kobuki/install/share/ecl_io/environment/library_path.dsv
[2.046s] -- Up-to-date: /home/lfvmu/kobuki/install/share/ament_index/resource_index/package_run_dependencies/ecl_io
[2.047s] -- Up-to-date: /home/lfvmu/kobuki/install/share/ament_index/resource_index/parent_prefix_path/ecl_io
[2.047s] -- Up-to-date: /home/lfvmu/kobuki/install/share/ecl_io/environment/ament_prefix_path.sh
[2.048s] -- Installing: /home/lfvmu/kobuki/install/share/ecl_io/environment/ament_prefix_path.dsv
[2.048s] -- Up-to-date: /home/lfvmu/kobuki/install/share/ecl_io/environment/path.sh
[2.048s] -- Installing: /home/lfvmu/kobuki/install/share/ecl_io/environment/path.dsv
[2.049s] -- Up-to-date: /home/lfvmu/kobuki/install/share/ecl_io/local_setup.bash
[2.049s] -- Up-to-date: /home/lfvmu/kobuki/install/share/ecl_io/local_setup.sh
[2.049s] -- Up-to-date: /home/lfvmu/kobuki/install/share/ecl_io/local_setup.zsh
[2.050s] -- Installing: /home/lfvmu/kobuki/install/share/ecl_io/local_setup.dsv
[2.050s] -- Installing: /home/lfvmu/kobuki/install/share/ecl_io/package.dsv
[2.050s] -- Up-to-date: /home/lfvmu/kobuki/install/share/ament_index/resource_index/packages/ecl_io
[2.051s] -- Up-to-date: /home/lfvmu/kobuki/install/share/ecl_io/cmake/ecl_ioExport.cmake
[2.051s] -- Installing: /home/lfvmu/kobuki/install/share/ecl_io/cmake/ecl_ioExport-relwithdebinfo.cmake
[2.051s] -- Up-to-date: /home/lfvmu/kobuki/install/share/ecl_io/cmake/ament_cmake_export_targets-extras.cmake
[2.052s] -- Up-to-date: /home/lfvmu/kobuki/install/share/ecl_io/cmake/ament_cmake_export_include_directories-extras.cmake
[2.052s] -- Up-to-date: /home/lfvmu/kobuki/install/share/ecl_io/cmake/ament_cmake_export_libraries-extras.cmake
[2.053s] -- Up-to-date: /home/lfvmu/kobuki/install/share/ecl_io/cmake/ament_cmake_export_dependencies-extras.cmake
[2.053s] -- Up-to-date: /home/lfvmu/kobuki/install/share/ecl_io/cmake/ecl_ioConfig.cmake
[2.054s] -- Up-to-date: /home/lfvmu/kobuki/install/share/ecl_io/cmake/ecl_ioConfig-version.cmake
[2.054s] -- Up-to-date: /home/lfvmu/kobuki/install/share/ecl_io/package.xml
[2.055s] -- Up-to-date: /home/lfvmu/kobuki/install/include/ecl/io.hpp
[2.056s] -- Up-to-date: /home/lfvmu/kobuki/install/include/ecl/sockets/macros.hpp
[2.060s] -- Up-to-date: /home/lfvmu/kobuki/install/include/ecl/sockets/poll.hpp
[2.060s] -- Up-to-date: /home/lfvmu/kobuki/install/include/ecl/sockets/socketpair.hpp
[2.061s] -- Up-to-date: /home/lfvmu/kobuki/install/include/ecl/sockets/sockets.hpp
[2.061s] -- Up-to-date: /home/lfvmu/kobuki/install/lib/libecl_io.so.1.1.0
[2.062s] -- Up-to-date: /home/lfvmu/kobuki/install/lib/libecl_io.so
[2.062s] -- Up-to-date: /home/lfvmu/kobuki/install/lib/ecl_io/demo_sockets
[2.062s] -- Up-to-date: /home/lfvmu/kobuki/install/lib/ecl_io/demo_socketpair
[2.063s] -- Up-to-date: /home/lfvmu/kobuki/install/lib/ecl_io/demo_poll
[2.080s] Invoked command in '/home/lfvmu/kobuki/build/ecl_io' returned '0': /usr/bin/cmake --install /home/lfvmu/kobuki/build/ecl_io
