[0.096s] Invoking command in '/home/lfvmu/kobuki/build/ament_cmake_libraries': /usr/bin/cmake /home/lfvmu/kobuki/src/ament_cmake/ament_cmake_libraries -DBUILD_TESTING=OFF -DCMAKE_INSTALL_PREFIX=/home/lfvmu/kobuki/install
[0.130s] Re-run cmake no build system arguments
[0.133s] -- Found ament_cmake_core: 0.9.11 (/home/lfvmu/kobuki/install/share/ament_cmake_core/cmake)
[0.201s] -- Using PYTHON_EXECUTABLE: /usr/bin/python3
[0.728s] -- Configuring done
[0.734s] -- Generating done
[0.735s] -- Build files have been written to: /home/lfvmu/kobuki/build/ament_cmake_libraries
[0.957s] Invoked command in '/home/lfvmu/kobuki/build/ament_cmake_libraries' returned '0': /usr/bin/cmake /home/lfvmu/kobuki/src/ament_cmake/ament_cmake_libraries -DBUILD_TESTING=OFF -DCMAKE_INSTALL_PREFIX=/home/lfvmu/kobuki/install
[0.964s] Invoking command in '/home/lfvmu/kobuki/build/ament_cmake_libraries': /usr/bin/cmake --build /home/lfvmu/kobuki/build/ament_cmake_libraries -- -j4 -l4
[1.141s] /usr/bin/cmake -S/home/lfvmu/kobuki/src/ament_cmake/ament_cmake_libraries -B/home/lfvmu/kobuki/build/ament_cmake_libraries --check-build-system CMakeFiles/Makefile.cmake 0
[1.158s] /usr/bin/cmake -E cmake_progress_start /home/lfvmu/kobuki/build/ament_cmake_libraries/CMakeFiles /home/lfvmu/kobuki/build/ament_cmake_libraries/CMakeFiles/progress.marks
[1.164s] /usr/bin/make -f CMakeFiles/Makefile2 all
[1.170s] make[1]: Entering directory '/home/lfvmu/kobuki/build/ament_cmake_libraries'
[1.172s] make[1]: Nothing to be done for 'all'.
[1.173s] make[1]: Leaving directory '/home/lfvmu/kobuki/build/ament_cmake_libraries'
[1.180s] /usr/bin/cmake -E cmake_progress_start /home/lfvmu/kobuki/build/ament_cmake_libraries/CMakeFiles 0
[1.198s] Invoked command in '/home/lfvmu/kobuki/build/ament_cmake_libraries' returned '0': /usr/bin/cmake --build /home/lfvmu/kobuki/build/ament_cmake_libraries -- -j4 -l4
[1.303s] Invoking command in '/home/lfvmu/kobuki/build/ament_cmake_libraries': /usr/bin/cmake --install /home/lfvmu/kobuki/build/ament_cmake_libraries
[1.330s] -- Install configuration: "RelWithDebInfo"
[1.330s] -- Up-to-date: /home/lfvmu/kobuki/install/share/ament_index/resource_index/package_run_dependencies/ament_cmake_libraries
[1.330s] -- Up-to-date: /home/lfvmu/kobuki/install/share/ament_index/resource_index/parent_prefix_path/ament_cmake_libraries
[1.330s] -- Up-to-date: /home/lfvmu/kobuki/install/share/ament_cmake_libraries/environment/ament_prefix_path.sh
[1.332s] -- Installing: /home/lfvmu/kobuki/install/share/ament_cmake_libraries/environment/ament_prefix_path.dsv
[1.332s] -- Up-to-date: /home/lfvmu/kobuki/install/share/ament_cmake_libraries/environment/path.sh
[1.336s] -- Installing: /home/lfvmu/kobuki/install/share/ament_cmake_libraries/environment/path.dsv
[1.336s] -- Up-to-date: /home/lfvmu/kobuki/install/share/ament_cmake_libraries/local_setup.bash
[1.336s] -- Up-to-date: /home/lfvmu/kobuki/install/share/ament_cmake_libraries/local_setup.sh
[1.337s] -- Up-to-date: /home/lfvmu/kobuki/install/share/ament_cmake_libraries/local_setup.zsh
[1.337s] -- Installing: /home/lfvmu/kobuki/install/share/ament_cmake_libraries/local_setup.dsv
[1.337s] -- Installing: /home/lfvmu/kobuki/install/share/ament_cmake_libraries/package.dsv
[1.337s] -- Up-to-date: /home/lfvmu/kobuki/install/share/ament_index/resource_index/packages/ament_cmake_libraries
[1.337s] -- Up-to-date: /home/lfvmu/kobuki/install/share/ament_cmake_libraries/cmake/ament_cmake_libraries-extras.cmake
[1.338s] -- Up-to-date: /home/lfvmu/kobuki/install/share/ament_cmake_libraries/cmake/ament_cmake_librariesConfig.cmake
[1.338s] -- Up-to-date: /home/lfvmu/kobuki/install/share/ament_cmake_libraries/cmake/ament_cmake_librariesConfig-version.cmake
[1.338s] -- Up-to-date: /home/lfvmu/kobuki/install/share/ament_cmake_libraries/package.xml
[1.338s] -- Up-to-date: /home/lfvmu/kobuki/install/share/ament_cmake_libraries/cmake
[1.338s] -- Up-to-date: /home/lfvmu/kobuki/install/share/ament_cmake_libraries/cmake/ament_libraries_deduplicate.cmake
[1.339s] -- Up-to-date: /home/lfvmu/kobuki/install/share/ament_cmake_libraries/cmake/ament_libraries_pack_build_configuration.cmake
[1.339s] -- Up-to-date: /home/lfvmu/kobuki/install/share/ament_cmake_libraries/cmake/ament_libraries_unpack_build_configuration.cmake
[1.344s] Invoked command in '/home/lfvmu/kobuki/build/ament_cmake_libraries' returned '0': /usr/bin/cmake --install /home/lfvmu/kobuki/build/ament_cmake_libraries
