[0.493s] Invoking command in '/home/lfvmu/kobuki/build/ecl_math': /usr/bin/cmake /home/lfvmu/kobuki/src/ecl_core/ecl_math -DBUILD_TESTING=OFF -DCMAKE_INSTALL_PREFIX=/home/lfvmu/kobuki/install
[0.532s] Re-run cmake no build system arguments
[0.562s] -- Found ament_cmake_ros: 0.9.2 (/home/lfvmu/kobuki/install/share/ament_cmake_ros/cmake)
[0.606s] -- Using PYTHON_EXECUTABLE: /usr/bin/python3
[0.968s] -- Found ecl_build: 1.0.3 (/home/lfvmu/kobuki/install/share/ecl_build/cmake)
[1.007s] -- Found ecl_type_traits: 1.2.1 (/home/lfvmu/kobuki/install/share/ecl_type_traits/cmake)
[1.215s] -- Configuring done
[1.255s] -- Generating done
[1.256s] -- Build files have been written to: /home/lfvmu/kobuki/build/ecl_math
[1.495s] Invoked command in '/home/lfvmu/kobuki/build/ecl_math' returned '0': /usr/bin/cmake /home/lfvmu/kobuki/src/ecl_core/ecl_math -DBUILD_TESTING=OFF -DCMAKE_INSTALL_PREFIX=/home/lfvmu/kobuki/install
[1.503s] Invoking command in '/home/lfvmu/kobuki/build/ecl_math': /usr/bin/cmake --build /home/lfvmu/kobuki/build/ecl_math -- -j4 -l4
[1.594s] /usr/bin/cmake -S/home/lfvmu/kobuki/src/ecl_core/ecl_math -B/home/lfvmu/kobuki/build/ecl_math --check-build-system CMakeFiles/Makefile.cmake 0
[1.627s] /usr/bin/cmake -E cmake_progress_start /home/lfvmu/kobuki/build/ecl_math/CMakeFiles /home/lfvmu/kobuki/build/ecl_math/CMakeFiles/progress.marks
[1.653s] /usr/bin/make -f CMakeFiles/Makefile2 all
[1.653s] make[1]: Entering directory '/home/lfvmu/kobuki/build/ecl_math'
[1.653s] make[1]: Nothing to be done for 'all'.
[1.654s] make[1]: Leaving directory '/home/lfvmu/kobuki/build/ecl_math'
[1.654s] /usr/bin/cmake -E cmake_progress_start /home/lfvmu/kobuki/build/ecl_math/CMakeFiles 0
[1.785s] Invoked command in '/home/lfvmu/kobuki/build/ecl_math' returned '0': /usr/bin/cmake --build /home/lfvmu/kobuki/build/ecl_math -- -j4 -l4
[2.119s] Invoking command in '/home/lfvmu/kobuki/build/ecl_math': /usr/bin/cmake --install /home/lfvmu/kobuki/build/ecl_math
[2.136s] -- Install configuration: "RelWithDebInfo"
[2.136s] -- Up-to-date: /home/lfvmu/kobuki/install/share/ament_index/resource_index/package_run_dependencies/ecl_math
[2.136s] -- Up-to-date: /home/lfvmu/kobuki/install/share/ament_index/resource_index/parent_prefix_path/ecl_math
[2.137s] -- Up-to-date: /home/lfvmu/kobuki/install/share/ecl_math/environment/ament_prefix_path.sh
[2.137s] -- Installing: /home/lfvmu/kobuki/install/share/ecl_math/environment/ament_prefix_path.dsv
[2.138s] -- Up-to-date: /home/lfvmu/kobuki/install/share/ecl_math/environment/path.sh
[2.138s] -- Installing: /home/lfvmu/kobuki/install/share/ecl_math/environment/path.dsv
[2.138s] -- Up-to-date: /home/lfvmu/kobuki/install/share/ecl_math/local_setup.bash
[2.139s] -- Up-to-date: /home/lfvmu/kobuki/install/share/ecl_math/local_setup.sh
[2.139s] -- Up-to-date: /home/lfvmu/kobuki/install/share/ecl_math/local_setup.zsh
[2.139s] -- Installing: /home/lfvmu/kobuki/install/share/ecl_math/local_setup.dsv
[2.140s] -- Installing: /home/lfvmu/kobuki/install/share/ecl_math/package.dsv
[2.144s] -- Up-to-date: /home/lfvmu/kobuki/install/share/ament_index/resource_index/packages/ecl_math
[2.145s] -- Up-to-date: /home/lfvmu/kobuki/install/share/ecl_math/cmake/ecl_mathExport.cmake
[2.145s] -- Up-to-date: /home/lfvmu/kobuki/install/share/ecl_math/cmake/ament_cmake_export_targets-extras.cmake
[2.145s] -- Up-to-date: /home/lfvmu/kobuki/install/share/ecl_math/cmake/ament_cmake_export_include_directories-extras.cmake
[2.146s] -- Up-to-date: /home/lfvmu/kobuki/install/share/ecl_math/cmake/ament_cmake_export_dependencies-extras.cmake
[2.146s] -- Up-to-date: /home/lfvmu/kobuki/install/share/ecl_math/cmake/ecl_mathConfig.cmake
[2.146s] -- Up-to-date: /home/lfvmu/kobuki/install/share/ecl_math/cmake/ecl_mathConfig-version.cmake
[2.146s] -- Up-to-date: /home/lfvmu/kobuki/install/share/ecl_math/package.xml
[2.147s] -- Up-to-date: /home/lfvmu/kobuki/install/include/ecl/math.hpp
[2.147s] -- Up-to-date: /home/lfvmu/kobuki/install/include/ecl/math/constants.hpp
[2.180s] -- Up-to-date: /home/lfvmu/kobuki/install/include/ecl/math/fuzzy.hpp
[2.180s] -- Up-to-date: /home/lfvmu/kobuki/install/include/ecl/math/norms.hpp
[2.180s] -- Up-to-date: /home/lfvmu/kobuki/install/include/ecl/math/simple.hpp
[2.181s] Invoked command in '/home/lfvmu/kobuki/build/ecl_math' returned '0': /usr/bin/cmake --install /home/lfvmu/kobuki/build/ecl_math
