[0.195s] Invoking command in '/home/lfvmu/kobuki/build/ecl_build': /usr/bin/cmake /home/lfvmu/kobuki/src/ecl_tools/ecl_build -DBUILD_TESTING=OFF --no-warn-unused-cli -DCMAKE_INSTALL_PREFIX=/home/lfvmu/kobuki/install
[0.224s] Not searching for unused variables given on the command line.
[0.250s] -- Found ament_cmake: 0.9.11 (/home/lfvmu/kobuki/install/share/ament_cmake/cmake)
[0.307s] -- Using PYTHON_EXECUTABLE: /usr/bin/python3
[0.833s] -- Configuring done
[0.840s] -- Generating done
[0.844s] -- Build files have been written to: /home/lfvmu/kobuki/build/ecl_build
[1.755s] Invoked command in '/home/lfvmu/kobuki/build/ecl_build' returned '0': /usr/bin/cmake /home/lfvmu/kobuki/src/ecl_tools/ecl_build -DBUILD_TESTING=OFF --no-warn-unused-cli -DCMAKE_INSTALL_PREFIX=/home/lfvmu/kobuki/install
[1.762s] Invoking command in '/home/lfvmu/kobuki/build/ecl_build': /usr/bin/cmake --build /home/lfvmu/kobuki/build/ecl_build -- -j4 -l4
[2.082s] Invoked command in '/home/lfvmu/kobuki/build/ecl_build' returned '0': /usr/bin/cmake --build /home/lfvmu/kobuki/build/ecl_build -- -j4 -l4
[2.604s] Invoking command in '/home/lfvmu/kobuki/build/ecl_build': /usr/bin/cmake --install /home/lfvmu/kobuki/build/ecl_build
[2.627s] -- Install configuration: "RelWithDebInfo"
[2.628s] -- Up-to-date: /home/lfvmu/kobuki/install/share/ament_index/resource_index/package_run_dependencies/ecl_build
[2.628s] -- Up-to-date: /home/lfvmu/kobuki/install/share/ament_index/resource_index/parent_prefix_path/ecl_build
[2.628s] -- Up-to-date: /home/lfvmu/kobuki/install/share/ecl_build/environment/ament_prefix_path.sh
[2.628s] -- Installing: /home/lfvmu/kobuki/install/share/ecl_build/environment/ament_prefix_path.dsv
[2.629s] -- Up-to-date: /home/lfvmu/kobuki/install/share/ecl_build/environment/path.sh
[2.629s] -- Installing: /home/lfvmu/kobuki/install/share/ecl_build/environment/path.dsv
[2.629s] -- Up-to-date: /home/lfvmu/kobuki/install/share/ecl_build/local_setup.bash
[2.629s] -- Up-to-date: /home/lfvmu/kobuki/install/share/ecl_build/local_setup.sh
[2.629s] -- Up-to-date: /home/lfvmu/kobuki/install/share/ecl_build/local_setup.zsh
[2.630s] -- Installing: /home/lfvmu/kobuki/install/share/ecl_build/local_setup.dsv
[2.630s] -- Installing: /home/lfvmu/kobuki/install/share/ecl_build/package.dsv
[2.630s] -- Up-to-date: /home/lfvmu/kobuki/install/share/ament_index/resource_index/packages/ecl_build
[2.631s] -- Up-to-date: /home/lfvmu/kobuki/install/share/ecl_build/cmake/ecl_platform_detection.cmake
[2.631s] -- Up-to-date: /home/lfvmu/kobuki/install/share/ecl_build/cmake/ecl_package.cmake
[2.631s] -- Up-to-date: /home/lfvmu/kobuki/install/share/ecl_build/cmake/ecl_find_sse.cmake
[2.632s] -- Up-to-date: /home/lfvmu/kobuki/install/share/ecl_build/cmake/ecl_build_utilities.cmake
[2.632s] -- Up-to-date: /home/lfvmu/kobuki/install/share/ecl_build/cmake/ecl_cxx.cmake
[2.632s] -- Up-to-date: /home/lfvmu/kobuki/install/share/ecl_build/cmake/cotire.cmake
[2.632s] -- Up-to-date: /home/lfvmu/kobuki/install/share/ecl_build/cmake/ecl_buildConfig.cmake
[2.632s] -- Up-to-date: /home/lfvmu/kobuki/install/share/ecl_build/cmake/ecl_buildConfig-version.cmake
[2.633s] -- Up-to-date: /home/lfvmu/kobuki/install/share/ecl_build/package.xml
[2.633s] -- Up-to-date: /home/lfvmu/kobuki/install/share/cmake
[2.633s] -- Up-to-date: /home/lfvmu/kobuki/install/share/cmake/cotire.cmake
[2.634s] -- Up-to-date: /home/lfvmu/kobuki/install/share/cmake/ecl_build_utilities.cmake
[2.634s] -- Up-to-date: /home/lfvmu/kobuki/install/share/cmake/ecl_cxx.cmake
[2.634s] -- Up-to-date: /home/lfvmu/kobuki/install/share/cmake/ecl_package.cmake
[2.634s] -- Up-to-date: /home/lfvmu/kobuki/install/share/cmake/ecl_find_sse.cmake
[2.634s] -- Up-to-date: /home/lfvmu/kobuki/install/share/cmake/templates
[2.635s] -- Up-to-date: /home/lfvmu/kobuki/install/share/cmake/templates/uninstall.cmake.in
[2.635s] -- Up-to-date: /home/lfvmu/kobuki/install/share/cmake/ecl_platform_detection.cmake
[2.635s] -- Up-to-date: /home/lfvmu/kobuki/install/share/cmake/tests
[2.635s] -- Up-to-date: /home/lfvmu/kobuki/install/share/cmake/tests/is_char_signed.cpp
[2.651s] Invoked command in '/home/lfvmu/kobuki/build/ecl_build' returned '0': /usr/bin/cmake --install /home/lfvmu/kobuki/build/ecl_build
