[0.568s] Invoking command in '/home/lfvmu/kobuki/build/eigen': /usr/bin/cmake /home/lfvmu/kobuki/src/eigen -DBUILD_TESTING=OFF -DBUILD_TESTING=OFF -DEIGEN_TEST_NOQT=ON -DCMAKE_INSTALL_PREFIX=/home/lfvmu/kobuki/install
[1.061s] -- The C compiler identification is GNU 9.4.0
[1.408s] -- The CXX compiler identification is GNU 9.4.0
[1.432s] -- Check for working C compiler: /usr/bin/cc
[1.644s] -- Check for working C compiler: /usr/bin/cc -- works
[1.645s] -- Detecting C compiler ABI info
[1.866s] -- Detecting C compiler ABI info - done
[1.921s] -- Detecting C compile features
[1.924s] -- Detecting C compile features - done
[1.940s] -- Check for working CXX compiler: /usr/bin/c++
[2.186s] -- Check for working CXX compiler: /usr/bin/c++ -- works
[2.186s] -- Detecting CXX compiler ABI info
[2.446s] -- Detecting CXX compiler ABI info - done
[2.512s] -- Detecting CXX compile features
[2.530s] -- Detecting CXX compile features - done
[2.547s] -- Performing Test EIGEN_COMPILER_SUPPORT_CPP11
[2.785s] -- Performing Test EIGEN_COMPILER_SUPPORT_CPP11 - Success
[2.798s] -- Performing Test COMPILER_SUPPORT_std=cpp03
[3.055s] -- Performing Test COMPILER_SUPPORT_std=cpp03 - Success
[3.055s] -- Performing Test standard_math_library_linked_to_automatically
[3.477s] -- Performing Test standard_math_library_linked_to_automatically - Success
[3.477s] -- Standard libraries to link to explicitly: none
[3.491s] -- Performing Test COMPILER_SUPPORT_WERROR
[3.742s] -- Performing Test COMPILER_SUPPORT_WERROR - Success
[3.743s] -- Performing Test COMPILER_SUPPORT_pedantic
[3.982s] -- Performing Test COMPILER_SUPPORT_pedantic - Success
[4.005s] -- Performing Test COMPILER_SUPPORT_Wall
[4.252s] -- Performing Test COMPILER_SUPPORT_Wall - Success
[4.259s] -- Performing Test COMPILER_SUPPORT_Wextra
[4.525s] -- Performing Test COMPILER_SUPPORT_Wextra - Success
[4.536s] -- Performing Test COMPILER_SUPPORT_Wundef
[4.795s] -- Performing Test COMPILER_SUPPORT_Wundef - Success
[4.811s] -- Performing Test COMPILER_SUPPORT_Wcastalign
[5.064s] -- Performing Test COMPILER_SUPPORT_Wcastalign - Success
[5.070s] -- Performing Test COMPILER_SUPPORT_Wcharsubscripts
[5.283s] -- Performing Test COMPILER_SUPPORT_Wcharsubscripts - Success
[5.287s] -- Performing Test COMPILER_SUPPORT_Wnonvirtualdtor
[5.543s] -- Performing Test COMPILER_SUPPORT_Wnonvirtualdtor - Success
[5.563s] -- Performing Test COMPILER_SUPPORT_Wunusedlocaltypedefs
[5.789s] -- Performing Test COMPILER_SUPPORT_Wunusedlocaltypedefs - Success
[5.789s] -- Performing Test COMPILER_SUPPORT_Wpointerarith
[6.041s] -- Performing Test COMPILER_SUPPORT_Wpointerarith - Success
[6.052s] -- Performing Test COMPILER_SUPPORT_Wwritestrings
[6.314s] -- Performing Test COMPILER_SUPPORT_Wwritestrings - Success
[6.328s] -- Performing Test COMPILER_SUPPORT_Wformatsecurity
[6.589s] -- Performing Test COMPILER_SUPPORT_Wformatsecurity - Success
[6.620s] -- Performing Test COMPILER_SUPPORT_Wshorten64to32
[6.699s] -- Performing Test COMPILER_SUPPORT_Wshorten64to32 - Failed
[6.737s] -- Performing Test COMPILER_SUPPORT_Wlogicalop
[6.950s] -- Performing Test COMPILER_SUPPORT_Wlogicalop - Success
[6.957s] -- Performing Test COMPILER_SUPPORT_Wenumconversion
[7.018s] -- Performing Test COMPILER_SUPPORT_Wenumconversion - Failed
[7.026s] -- Performing Test COMPILER_SUPPORT_Wcpp11extensions
[7.116s] -- Performing Test COMPILER_SUPPORT_Wcpp11extensions - Failed
[7.124s] -- Performing Test COMPILER_SUPPORT_Wdoublepromotion
[7.331s] -- Performing Test COMPILER_SUPPORT_Wdoublepromotion - Success
[7.345s] -- Performing Test COMPILER_SUPPORT_Wnopsabi
[7.601s] -- Performing Test COMPILER_SUPPORT_Wnopsabi - Success
[7.601s] -- Performing Test COMPILER_SUPPORT_Wnovariadicmacros
[7.832s] -- Performing Test COMPILER_SUPPORT_Wnovariadicmacros - Success
[7.843s] -- Performing Test COMPILER_SUPPORT_Wnolonglong
[8.073s] -- Performing Test COMPILER_SUPPORT_Wnolonglong - Success
[8.086s] -- Performing Test COMPILER_SUPPORT_fnochecknew
[8.310s] -- Performing Test COMPILER_SUPPORT_fnochecknew - Success
[8.322s] -- Performing Test COMPILER_SUPPORT_fnocommon
[8.588s] -- Performing Test COMPILER_SUPPORT_fnocommon - Success
[8.591s] -- Performing Test COMPILER_SUPPORT_fstrictaliasing
[8.874s] -- Performing Test COMPILER_SUPPORT_fstrictaliasing - Success
[8.876s] -- Performing Test COMPILER_SUPPORT_wd981
[8.931s] -- Performing Test COMPILER_SUPPORT_wd981 - Failed
[8.952s] -- Performing Test COMPILER_SUPPORT_wd2304
[9.020s] -- Performing Test COMPILER_SUPPORT_wd2304 - Failed
[9.037s] -- Performing Test COMPILER_SUPPORT_STRICTANSI
[9.097s] -- Performing Test COMPILER_SUPPORT_STRICTANSI - Failed
[9.103s] -- Performing Test COMPILER_SUPPORT_Qunusedarguments
[9.181s] -- Performing Test COMPILER_SUPPORT_Qunusedarguments - Failed
[9.190s] -- Performing Test COMPILER_SUPPORT_ansi
[9.432s] -- Performing Test COMPILER_SUPPORT_ansi - Success
[9.441s] -- Performing Test COMPILER_SUPPORT_OPENMP
[9.666s] -- Performing Test COMPILER_SUPPORT_OPENMP - Success
[11.857s] -- The Fortran compiler identification is GNU 9.4.0
[11.889s] -- Check for working Fortran compiler: /usr/bin/gfortran
[12.162s] -- Check for working Fortran compiler: /usr/bin/gfortran  -- works
[12.163s] -- Detecting Fortran compiler ABI info
[12.426s] -- Detecting Fortran compiler ABI info - done
[12.487s] -- Checking whether /usr/bin/gfortran supports Fortran 90
[12.741s] -- Checking whether /usr/bin/gfortran supports Fortran 90 -- yes
[14.016s] -- Could NOT find CHOLMOD (missing: CHOLMOD_INCLUDES CHOLMOD_LIBRARIES) 
[14.024s] -- Could NOT find UMFPACK (missing: UMFPACK_INCLUDES UMFPACK_LIBRARIES) 
[14.069s] -- Performing Test SUPERLU_HAS_GLOBAL_MEM_USAGE_T
[14.408s] -- Performing Test SUPERLU_HAS_GLOBAL_MEM_USAGE_T - Success
[14.408s] -- Performing Test SUPERLU_HAS_CLEAN_ENUMS
[14.670s] -- Performing Test SUPERLU_HAS_CLEAN_ENUMS - Success
[14.671s] -- Performing Test SUPERLU_HAS_GLOBALLU_T
[14.974s] -- Performing Test SUPERLU_HAS_GLOBALLU_T - Success
[14.978s] -- Found SUPERLU: /usr/include/superlu (found version "5.0") 
[15.001s] -- A version of Pastix has been found but pastix_nompi.h does not exist in the include directory. Because Eigen tests require a version without MPI, we disable the Pastix backend.
[15.005s] -- 
[15.006s] -- Configured Eigen 3.3.9
[15.006s] -- 
[15.006s] -- Some things you can do now:
[15.006s] -- --------------+--------------------------------------------------------------
[15.007s] -- Command       |   Description
[15.007s] -- --------------+--------------------------------------------------------------
[15.007s] -- make install  | Install Eigen. Headers will be installed to:
[15.007s] --               |     <CMAKE_INSTALL_PREFIX>/<INCLUDE_INSTALL_DIR>
[15.007s] --               |   Using the following values:
[15.008s] --               |     CMAKE_INSTALL_PREFIX: /home/lfvmu/kobuki/install
[15.008s] --               |     INCLUDE_INSTALL_DIR:  include/eigen3
[15.008s] --               |   Change the install location of Eigen headers using:
[15.008s] --               |     cmake . -DCMAKE_INSTALL_PREFIX=yourprefix
[15.008s] --               |   Or:
[15.008s] --               |     cmake . -DINCLUDE_INSTALL_DIR=yourdir
[15.009s] -- make doc      | Generate the API documentation, requires Doxygen & LaTeX
[15.009s] -- make check    | Build and run the unit-tests. Read this page:
[15.009s] --               |   http://eigen.tuxfamily.org/index.php?title=Tests
[15.009s] -- make blas     | Build BLAS library (not the same thing as Eigen)
[15.009s] -- make uninstall| Removes files installed by make install
[15.010s] -- --------------+--------------------------------------------------------------
[15.010s] -- 
[15.048s] -- Configuring done
[16.567s] -- Generating done
[16.717s] -- Build files have been written to: /home/lfvmu/kobuki/build/eigen
[16.803s] Invoked command in '/home/lfvmu/kobuki/build/eigen' returned '0': /usr/bin/cmake /home/lfvmu/kobuki/src/eigen -DBUILD_TESTING=OFF -DBUILD_TESTING=OFF -DEIGEN_TEST_NOQT=ON -DCMAKE_INSTALL_PREFIX=/home/lfvmu/kobuki/install
[16.816s] Invoking command in '/home/lfvmu/kobuki/build/eigen': /usr/bin/cmake --build /home/lfvmu/kobuki/build/eigen -- -j4 -l4
[17.074s] Invoked command in '/home/lfvmu/kobuki/build/eigen' returned '0': /usr/bin/cmake --build /home/lfvmu/kobuki/build/eigen -- -j4 -l4
[17.645s] Invoking command in '/home/lfvmu/kobuki/build/eigen': /usr/bin/cmake --install /home/lfvmu/kobuki/build/eigen
[17.667s] -- Install configuration: "Release"
[17.674s] -- Installing: /home/lfvmu/kobuki/install/include/eigen3/signature_of_eigen3_matrix_library
[17.675s] -- Installing: /home/lfvmu/kobuki/install/share/pkgconfig/eigen3.pc
[17.675s] -- Installing: /home/lfvmu/kobuki/install/share/eigen3/cmake/Eigen3Targets.cmake
[17.675s] -- Installing: /home/lfvmu/kobuki/install/share/eigen3/cmake/UseEigen3.cmake
[17.676s] -- Installing: /home/lfvmu/kobuki/install/share/eigen3/cmake/Eigen3Config.cmake
[17.676s] -- Installing: /home/lfvmu/kobuki/install/share/eigen3/cmake/Eigen3ConfigVersion.cmake
[17.676s] -- Installing: /home/lfvmu/kobuki/install/include/eigen3/Eigen/Cholesky
[17.676s] -- Installing: /home/lfvmu/kobuki/install/include/eigen3/Eigen/CholmodSupport
[17.677s] -- Installing: /home/lfvmu/kobuki/install/include/eigen3/Eigen/Core
[17.677s] -- Installing: /home/lfvmu/kobuki/install/include/eigen3/Eigen/Dense
[17.677s] -- Installing: /home/lfvmu/kobuki/install/include/eigen3/Eigen/Eigen
[17.677s] -- Installing: /home/lfvmu/kobuki/install/include/eigen3/Eigen/Eigenvalues
[17.678s] -- Installing: /home/lfvmu/kobuki/install/include/eigen3/Eigen/Geometry
[17.678s] -- Installing: /home/lfvmu/kobuki/install/include/eigen3/Eigen/Householder
[17.678s] -- Installing: /home/lfvmu/kobuki/install/include/eigen3/Eigen/IterativeLinearSolvers
[17.679s] -- Installing: /home/lfvmu/kobuki/install/include/eigen3/Eigen/Jacobi
[17.679s] -- Installing: /home/lfvmu/kobuki/install/include/eigen3/Eigen/LU
[17.680s] -- Installing: /home/lfvmu/kobuki/install/include/eigen3/Eigen/MetisSupport
[17.680s] -- Installing: /home/lfvmu/kobuki/install/include/eigen3/Eigen/OrderingMethods
[17.680s] -- Installing: /home/lfvmu/kobuki/install/include/eigen3/Eigen/PaStiXSupport
[17.681s] -- Installing: /home/lfvmu/kobuki/install/include/eigen3/Eigen/PardisoSupport
[17.681s] -- Installing: /home/lfvmu/kobuki/install/include/eigen3/Eigen/QR
[17.681s] -- Installing: /home/lfvmu/kobuki/install/include/eigen3/Eigen/QtAlignedMalloc
[17.682s] -- Installing: /home/lfvmu/kobuki/install/include/eigen3/Eigen/SPQRSupport
[17.682s] -- Installing: /home/lfvmu/kobuki/install/include/eigen3/Eigen/SVD
[17.683s] -- Installing: /home/lfvmu/kobuki/install/include/eigen3/Eigen/Sparse
[17.683s] -- Installing: /home/lfvmu/kobuki/install/include/eigen3/Eigen/SparseCholesky
[17.683s] -- Installing: /home/lfvmu/kobuki/install/include/eigen3/Eigen/SparseCore
[17.683s] -- Installing: /home/lfvmu/kobuki/install/include/eigen3/Eigen/SparseLU
[17.684s] -- Installing: /home/lfvmu/kobuki/install/include/eigen3/Eigen/SparseQR
[17.684s] -- Installing: /home/lfvmu/kobuki/install/include/eigen3/Eigen/StdDeque
[17.684s] -- Installing: /home/lfvmu/kobuki/install/include/eigen3/Eigen/StdList
[17.685s] -- Installing: /home/lfvmu/kobuki/install/include/eigen3/Eigen/StdVector
[17.685s] -- Installing: /home/lfvmu/kobuki/install/include/eigen3/Eigen/SuperLUSupport
[17.685s] -- Installing: /home/lfvmu/kobuki/install/include/eigen3/Eigen/UmfPackSupport
[17.686s] -- Installing: /home/lfvmu/kobuki/install/include/eigen3/Eigen/src
[17.686s] -- Installing: /home/lfvmu/kobuki/install/include/eigen3/Eigen/src/OrderingMethods
[17.687s] -- Installing: /home/lfvmu/kobuki/install/include/eigen3/Eigen/src/OrderingMethods/Eigen_Colamd.h
[17.687s] -- Installing: /home/lfvmu/kobuki/install/include/eigen3/Eigen/src/OrderingMethods/Ordering.h
[17.688s] -- Installing: /home/lfvmu/kobuki/install/include/eigen3/Eigen/src/OrderingMethods/Amd.h
[17.688s] -- Installing: /home/lfvmu/kobuki/install/include/eigen3/Eigen/src/UmfPackSupport
[17.689s] -- Installing: /home/lfvmu/kobuki/install/include/eigen3/Eigen/src/UmfPackSupport/UmfPackSupport.h
[17.689s] -- Installing: /home/lfvmu/kobuki/install/include/eigen3/Eigen/src/LU
[17.689s] -- Installing: /home/lfvmu/kobuki/install/include/eigen3/Eigen/src/LU/PartialPivLU.h
[17.690s] -- Installing: /home/lfvmu/kobuki/install/include/eigen3/Eigen/src/LU/InverseImpl.h
[17.690s] -- Installing: /home/lfvmu/kobuki/install/include/eigen3/Eigen/src/LU/Determinant.h
[17.690s] -- Installing: /home/lfvmu/kobuki/install/include/eigen3/Eigen/src/LU/FullPivLU.h
[17.691s] -- Installing: /home/lfvmu/kobuki/install/include/eigen3/Eigen/src/LU/arch
[17.691s] -- Installing: /home/lfvmu/kobuki/install/include/eigen3/Eigen/src/LU/arch/Inverse_SSE.h
[17.691s] -- Installing: /home/lfvmu/kobuki/install/include/eigen3/Eigen/src/LU/PartialPivLU_LAPACKE.h
[17.691s] -- Installing: /home/lfvmu/kobuki/install/include/eigen3/Eigen/src/SparseCholesky
[17.692s] -- Installing: /home/lfvmu/kobuki/install/include/eigen3/Eigen/src/SparseCholesky/SimplicialCholesky_impl.h
[17.692s] -- Installing: /home/lfvmu/kobuki/install/include/eigen3/Eigen/src/SparseCholesky/SimplicialCholesky.h
[17.692s] -- Installing: /home/lfvmu/kobuki/install/include/eigen3/Eigen/src/Householder
[17.693s] -- Installing: /home/lfvmu/kobuki/install/include/eigen3/Eigen/src/Householder/HouseholderSequence.h
[17.693s] -- Installing: /home/lfvmu/kobuki/install/include/eigen3/Eigen/src/Householder/Householder.h
[17.693s] -- Installing: /home/lfvmu/kobuki/install/include/eigen3/Eigen/src/Householder/BlockHouseholder.h
[17.694s] -- Installing: /home/lfvmu/kobuki/install/include/eigen3/Eigen/src/SparseQR
[17.694s] -- Installing: /home/lfvmu/kobuki/install/include/eigen3/Eigen/src/SparseQR/SparseQR.h
[17.694s] -- Installing: /home/lfvmu/kobuki/install/include/eigen3/Eigen/src/SparseCore
[17.695s] -- Installing: /home/lfvmu/kobuki/install/include/eigen3/Eigen/src/SparseCore/SparseSelfAdjointView.h
[17.695s] -- Installing: /home/lfvmu/kobuki/install/include/eigen3/Eigen/src/SparseCore/SparseAssign.h
[17.695s] -- Installing: /home/lfvmu/kobuki/install/include/eigen3/Eigen/src/SparseCore/SparseView.h
[17.696s] -- Installing: /home/lfvmu/kobuki/install/include/eigen3/Eigen/src/SparseCore/SparseBlock.h
[17.696s] -- Installing: /home/lfvmu/kobuki/install/include/eigen3/Eigen/src/SparseCore/MappedSparseMatrix.h
[17.697s] -- Installing: /home/lfvmu/kobuki/install/include/eigen3/Eigen/src/SparseCore/AmbiVector.h
[17.702s] -- Installing: /home/lfvmu/kobuki/install/include/eigen3/Eigen/src/SparseCore/ConservativeSparseSparseProduct.h
[17.708s] -- Installing: /home/lfvmu/kobuki/install/include/eigen3/Eigen/src/SparseCore/SparseTranspose.h
[17.709s] -- Installing: /home/lfvmu/kobuki/install/include/eigen3/Eigen/src/SparseCore/SparseUtil.h
[17.709s] -- Installing: /home/lfvmu/kobuki/install/include/eigen3/Eigen/src/SparseCore/SparseFuzzy.h
[17.715s] -- Installing: /home/lfvmu/kobuki/install/include/eigen3/Eigen/src/SparseCore/SparseDiagonalProduct.h
[17.715s] -- Installing: /home/lfvmu/kobuki/install/include/eigen3/Eigen/src/SparseCore/SparseCompressedBase.h
[17.715s] -- Installing: /home/lfvmu/kobuki/install/include/eigen3/Eigen/src/SparseCore/SparseMatrixBase.h
[17.716s] -- Installing: /home/lfvmu/kobuki/install/include/eigen3/Eigen/src/SparseCore/SparseMatrix.h
[17.716s] -- Installing: /home/lfvmu/kobuki/install/include/eigen3/Eigen/src/SparseCore/SparseRef.h
[17.716s] -- Installing: /home/lfvmu/kobuki/install/include/eigen3/Eigen/src/SparseCore/SparseDenseProduct.h
[17.716s] -- Installing: /home/lfvmu/kobuki/install/include/eigen3/Eigen/src/SparseCore/SparseCwiseBinaryOp.h
[17.717s] -- Installing: /home/lfvmu/kobuki/install/include/eigen3/Eigen/src/SparseCore/SparseTriangularView.h
[17.717s] -- Installing: /home/lfvmu/kobuki/install/include/eigen3/Eigen/src/SparseCore/SparseVector.h
[17.717s] -- Installing: /home/lfvmu/kobuki/install/include/eigen3/Eigen/src/SparseCore/SparseSolverBase.h
[17.717s] -- Installing: /home/lfvmu/kobuki/install/include/eigen3/Eigen/src/SparseCore/SparseRedux.h
[17.717s] -- Installing: /home/lfvmu/kobuki/install/include/eigen3/Eigen/src/SparseCore/SparseColEtree.h
[17.718s] -- Installing: /home/lfvmu/kobuki/install/include/eigen3/Eigen/src/SparseCore/SparseDot.h
[17.718s] -- Installing: /home/lfvmu/kobuki/install/include/eigen3/Eigen/src/SparseCore/CompressedStorage.h
[17.719s] -- Installing: /home/lfvmu/kobuki/install/include/eigen3/Eigen/src/SparseCore/SparsePermutation.h
[17.719s] -- Installing: /home/lfvmu/kobuki/install/include/eigen3/Eigen/src/SparseCore/SparseMap.h
[17.720s] -- Installing: /home/lfvmu/kobuki/install/include/eigen3/Eigen/src/SparseCore/TriangularSolver.h
[17.720s] -- Installing: /home/lfvmu/kobuki/install/include/eigen3/Eigen/src/SparseCore/SparseSparseProductWithPruning.h
[17.720s] -- Installing: /home/lfvmu/kobuki/install/include/eigen3/Eigen/src/SparseCore/SparseProduct.h
[17.720s] -- Installing: /home/lfvmu/kobuki/install/include/eigen3/Eigen/src/SparseCore/SparseCwiseUnaryOp.h
[17.720s] -- Installing: /home/lfvmu/kobuki/install/include/eigen3/Eigen/src/Geometry
[17.721s] -- Installing: /home/lfvmu/kobuki/install/include/eigen3/Eigen/src/Geometry/EulerAngles.h
[17.722s] -- Installing: /home/lfvmu/kobuki/install/include/eigen3/Eigen/src/Geometry/Rotation2D.h
[17.722s] -- Installing: /home/lfvmu/kobuki/install/include/eigen3/Eigen/src/Geometry/ParametrizedLine.h
[17.722s] -- Installing: /home/lfvmu/kobuki/install/include/eigen3/Eigen/src/Geometry/Quaternion.h
[17.722s] -- Installing: /home/lfvmu/kobuki/install/include/eigen3/Eigen/src/Geometry/Translation.h
[17.723s] -- Installing: /home/lfvmu/kobuki/install/include/eigen3/Eigen/src/Geometry/AngleAxis.h
[17.723s] -- Installing: /home/lfvmu/kobuki/install/include/eigen3/Eigen/src/Geometry/Homogeneous.h
[17.723s] -- Installing: /home/lfvmu/kobuki/install/include/eigen3/Eigen/src/Geometry/AlignedBox.h
[17.723s] -- Installing: /home/lfvmu/kobuki/install/include/eigen3/Eigen/src/Geometry/Hyperplane.h
[17.723s] -- Installing: /home/lfvmu/kobuki/install/include/eigen3/Eigen/src/Geometry/arch
[17.724s] -- Installing: /home/lfvmu/kobuki/install/include/eigen3/Eigen/src/Geometry/arch/Geometry_SSE.h
[17.724s] -- Installing: /home/lfvmu/kobuki/install/include/eigen3/Eigen/src/Geometry/OrthoMethods.h
[17.724s] -- Installing: /home/lfvmu/kobuki/install/include/eigen3/Eigen/src/Geometry/Scaling.h
[17.724s] -- Installing: /home/lfvmu/kobuki/install/include/eigen3/Eigen/src/Geometry/Umeyama.h
[17.725s] -- Installing: /home/lfvmu/kobuki/install/include/eigen3/Eigen/src/Geometry/RotationBase.h
[17.725s] -- Installing: /home/lfvmu/kobuki/install/include/eigen3/Eigen/src/Geometry/Transform.h
[17.725s] -- Installing: /home/lfvmu/kobuki/install/include/eigen3/Eigen/src/SuperLUSupport
[17.725s] -- Installing: /home/lfvmu/kobuki/install/include/eigen3/Eigen/src/SuperLUSupport/SuperLUSupport.h
[17.725s] -- Installing: /home/lfvmu/kobuki/install/include/eigen3/Eigen/src/plugins
[17.726s] -- Installing: /home/lfvmu/kobuki/install/include/eigen3/Eigen/src/plugins/MatrixCwiseBinaryOps.h
[17.726s] -- Installing: /home/lfvmu/kobuki/install/include/eigen3/Eigen/src/plugins/ArrayCwiseBinaryOps.h
[17.726s] -- Installing: /home/lfvmu/kobuki/install/include/eigen3/Eigen/src/plugins/CommonCwiseUnaryOps.h
[17.727s] -- Installing: /home/lfvmu/kobuki/install/include/eigen3/Eigen/src/plugins/CommonCwiseBinaryOps.h
[17.727s] -- Installing: /home/lfvmu/kobuki/install/include/eigen3/Eigen/src/plugins/MatrixCwiseUnaryOps.h
[17.727s] -- Installing: /home/lfvmu/kobuki/install/include/eigen3/Eigen/src/plugins/BlockMethods.h
[17.727s] -- Installing: /home/lfvmu/kobuki/install/include/eigen3/Eigen/src/plugins/ArrayCwiseUnaryOps.h
[17.727s] -- Installing: /home/lfvmu/kobuki/install/include/eigen3/Eigen/src/IterativeLinearSolvers
[17.728s] -- Installing: /home/lfvmu/kobuki/install/include/eigen3/Eigen/src/IterativeLinearSolvers/IncompleteLUT.h
[17.728s] -- Installing: /home/lfvmu/kobuki/install/include/eigen3/Eigen/src/IterativeLinearSolvers/BiCGSTAB.h
[17.728s] -- Installing: /home/lfvmu/kobuki/install/include/eigen3/Eigen/src/IterativeLinearSolvers/BasicPreconditioners.h
[17.728s] -- Installing: /home/lfvmu/kobuki/install/include/eigen3/Eigen/src/IterativeLinearSolvers/IterativeSolverBase.h
[17.728s] -- Installing: /home/lfvmu/kobuki/install/include/eigen3/Eigen/src/IterativeLinearSolvers/LeastSquareConjugateGradient.h
[17.729s] -- Installing: /home/lfvmu/kobuki/install/include/eigen3/Eigen/src/IterativeLinearSolvers/IncompleteCholesky.h
[17.729s] -- Installing: /home/lfvmu/kobuki/install/include/eigen3/Eigen/src/IterativeLinearSolvers/SolveWithGuess.h
[17.729s] -- Installing: /home/lfvmu/kobuki/install/include/eigen3/Eigen/src/IterativeLinearSolvers/ConjugateGradient.h
[17.730s] -- Installing: /home/lfvmu/kobuki/install/include/eigen3/Eigen/src/Jacobi
[17.730s] -- Installing: /home/lfvmu/kobuki/install/include/eigen3/Eigen/src/Jacobi/Jacobi.h
[17.730s] -- Installing: /home/lfvmu/kobuki/install/include/eigen3/Eigen/src/SparseLU
[17.731s] -- Installing: /home/lfvmu/kobuki/install/include/eigen3/Eigen/src/SparseLU/SparseLU_copy_to_ucol.h
[17.731s] -- Installing: /home/lfvmu/kobuki/install/include/eigen3/Eigen/src/SparseLU/SparseLU_gemm_kernel.h
[17.731s] -- Installing: /home/lfvmu/kobuki/install/include/eigen3/Eigen/src/SparseLU/SparseLU_column_dfs.h
[17.731s] -- Installing: /home/lfvmu/kobuki/install/include/eigen3/Eigen/src/SparseLU/SparseLU_SupernodalMatrix.h
[17.731s] -- Installing: /home/lfvmu/kobuki/install/include/eigen3/Eigen/src/SparseLU/SparseLU_Memory.h
[17.732s] -- Installing: /home/lfvmu/kobuki/install/include/eigen3/Eigen/src/SparseLU/SparseLU_Structs.h
[17.732s] -- Installing: /home/lfvmu/kobuki/install/include/eigen3/Eigen/src/SparseLU/SparseLU_panel_bmod.h
[17.732s] -- Installing: /home/lfvmu/kobuki/install/include/eigen3/Eigen/src/SparseLU/SparseLU_relax_snode.h
[17.732s] -- Installing: /home/lfvmu/kobuki/install/include/eigen3/Eigen/src/SparseLU/SparseLU_pruneL.h
[17.732s] -- Installing: /home/lfvmu/kobuki/install/include/eigen3/Eigen/src/SparseLU/SparseLU_heap_relax_snode.h
[17.733s] -- Installing: /home/lfvmu/kobuki/install/include/eigen3/Eigen/src/SparseLU/SparseLU.h
[17.733s] -- Installing: /home/lfvmu/kobuki/install/include/eigen3/Eigen/src/SparseLU/SparseLUImpl.h
[17.734s] -- Installing: /home/lfvmu/kobuki/install/include/eigen3/Eigen/src/SparseLU/SparseLU_pivotL.h
[17.734s] -- Installing: /home/lfvmu/kobuki/install/include/eigen3/Eigen/src/SparseLU/SparseLU_kernel_bmod.h
[17.734s] -- Installing: /home/lfvmu/kobuki/install/include/eigen3/Eigen/src/SparseLU/SparseLU_Utils.h
[17.734s] -- Installing: /home/lfvmu/kobuki/install/include/eigen3/Eigen/src/SparseLU/SparseLU_column_bmod.h
[17.734s] -- Installing: /home/lfvmu/kobuki/install/include/eigen3/Eigen/src/SparseLU/SparseLU_panel_dfs.h
[17.735s] -- Installing: /home/lfvmu/kobuki/install/include/eigen3/Eigen/src/Eigenvalues
[17.735s] -- Installing: /home/lfvmu/kobuki/install/include/eigen3/Eigen/src/Eigenvalues/SelfAdjointEigenSolver_LAPACKE.h
[17.735s] -- Installing: /home/lfvmu/kobuki/install/include/eigen3/Eigen/src/Eigenvalues/ComplexSchur.h
[17.735s] -- Installing: /home/lfvmu/kobuki/install/include/eigen3/Eigen/src/Eigenvalues/RealQZ.h
[17.735s] -- Installing: /home/lfvmu/kobuki/install/include/eigen3/Eigen/src/Eigenvalues/Tridiagonalization.h
[17.736s] -- Installing: /home/lfvmu/kobuki/install/include/eigen3/Eigen/src/Eigenvalues/RealSchur.h
[17.736s] -- Installing: /home/lfvmu/kobuki/install/include/eigen3/Eigen/src/Eigenvalues/ComplexSchur_LAPACKE.h
[17.736s] -- Installing: /home/lfvmu/kobuki/install/include/eigen3/Eigen/src/Eigenvalues/EigenSolver.h
[17.736s] -- Installing: /home/lfvmu/kobuki/install/include/eigen3/Eigen/src/Eigenvalues/GeneralizedEigenSolver.h
[17.737s] -- Installing: /home/lfvmu/kobuki/install/include/eigen3/Eigen/src/Eigenvalues/GeneralizedSelfAdjointEigenSolver.h
[17.737s] -- Installing: /home/lfvmu/kobuki/install/include/eigen3/Eigen/src/Eigenvalues/MatrixBaseEigenvalues.h
[17.738s] -- Installing: /home/lfvmu/kobuki/install/include/eigen3/Eigen/src/Eigenvalues/ComplexEigenSolver.h
[17.738s] -- Installing: /home/lfvmu/kobuki/install/include/eigen3/Eigen/src/Eigenvalues/HessenbergDecomposition.h
[17.738s] -- Installing: /home/lfvmu/kobuki/install/include/eigen3/Eigen/src/Eigenvalues/RealSchur_LAPACKE.h
[17.738s] -- Installing: /home/lfvmu/kobuki/install/include/eigen3/Eigen/src/Eigenvalues/SelfAdjointEigenSolver.h
[17.738s] -- Installing: /home/lfvmu/kobuki/install/include/eigen3/Eigen/src/Cholesky
[17.739s] -- Installing: /home/lfvmu/kobuki/install/include/eigen3/Eigen/src/Cholesky/LLT.h
[17.739s] -- Installing: /home/lfvmu/kobuki/install/include/eigen3/Eigen/src/Cholesky/LLT_LAPACKE.h
[17.739s] -- Installing: /home/lfvmu/kobuki/install/include/eigen3/Eigen/src/Cholesky/LDLT.h
[17.739s] -- Installing: /home/lfvmu/kobuki/install/include/eigen3/Eigen/src/MetisSupport
[17.739s] -- Installing: /home/lfvmu/kobuki/install/include/eigen3/Eigen/src/MetisSupport/MetisSupport.h
[17.740s] -- Installing: /home/lfvmu/kobuki/install/include/eigen3/Eigen/src/StlSupport
[17.740s] -- Installing: /home/lfvmu/kobuki/install/include/eigen3/Eigen/src/StlSupport/StdDeque.h
[17.740s] -- Installing: /home/lfvmu/kobuki/install/include/eigen3/Eigen/src/StlSupport/StdList.h
[17.740s] -- Installing: /home/lfvmu/kobuki/install/include/eigen3/Eigen/src/StlSupport/StdVector.h
[17.741s] -- Installing: /home/lfvmu/kobuki/install/include/eigen3/Eigen/src/StlSupport/details.h
[17.741s] -- Installing: /home/lfvmu/kobuki/install/include/eigen3/Eigen/src/PardisoSupport
[17.741s] -- Installing: /home/lfvmu/kobuki/install/include/eigen3/Eigen/src/PardisoSupport/PardisoSupport.h
[17.747s] -- Installing: /home/lfvmu/kobuki/install/include/eigen3/Eigen/src/CholmodSupport
[17.760s] -- Installing: /home/lfvmu/kobuki/install/include/eigen3/Eigen/src/CholmodSupport/CholmodSupport.h
[17.761s] -- Installing: /home/lfvmu/kobuki/install/include/eigen3/Eigen/src/misc
[17.761s] -- Installing: /home/lfvmu/kobuki/install/include/eigen3/Eigen/src/misc/lapack.h
[17.761s] -- Installing: /home/lfvmu/kobuki/install/include/eigen3/Eigen/src/misc/RealSvd2x2.h
[17.761s] -- Installing: /home/lfvmu/kobuki/install/include/eigen3/Eigen/src/misc/lapacke_mangling.h
[17.761s] -- Installing: /home/lfvmu/kobuki/install/include/eigen3/Eigen/src/misc/lapacke.h
[17.762s] -- Installing: /home/lfvmu/kobuki/install/include/eigen3/Eigen/src/misc/Image.h
[17.762s] -- Installing: /home/lfvmu/kobuki/install/include/eigen3/Eigen/src/misc/blas.h
[17.762s] -- Installing: /home/lfvmu/kobuki/install/include/eigen3/Eigen/src/misc/Kernel.h
[17.762s] -- Installing: /home/lfvmu/kobuki/install/include/eigen3/Eigen/src/Core
[17.762s] -- Installing: /home/lfvmu/kobuki/install/include/eigen3/Eigen/src/Core/NoAlias.h
[17.763s] -- Installing: /home/lfvmu/kobuki/install/include/eigen3/Eigen/src/Core/ArrayWrapper.h
[17.763s] -- Installing: /home/lfvmu/kobuki/install/include/eigen3/Eigen/src/Core/Random.h
[17.763s] -- Installing: /home/lfvmu/kobuki/install/include/eigen3/Eigen/src/Core/IO.h
[17.763s] -- Installing: /home/lfvmu/kobuki/install/include/eigen3/Eigen/src/Core/Transpose.h
[17.763s] -- Installing: /home/lfvmu/kobuki/install/include/eigen3/Eigen/src/Core/EigenBase.h
[17.764s] -- Installing: /home/lfvmu/kobuki/install/include/eigen3/Eigen/src/Core/StableNorm.h
[17.764s] -- Installing: /home/lfvmu/kobuki/install/include/eigen3/Eigen/src/Core/CwiseTernaryOp.h
[17.764s] -- Installing: /home/lfvmu/kobuki/install/include/eigen3/Eigen/src/Core/Stride.h
[17.764s] -- Installing: /home/lfvmu/kobuki/install/include/eigen3/Eigen/src/Core/Visitor.h
[17.765s] -- Installing: /home/lfvmu/kobuki/install/include/eigen3/Eigen/src/Core/ForceAlignedAccess.h
[17.765s] -- Installing: /home/lfvmu/kobuki/install/include/eigen3/Eigen/src/Core/MathFunctionsImpl.h
[17.765s] -- Installing: /home/lfvmu/kobuki/install/include/eigen3/Eigen/src/Core/Product.h
[17.765s] -- Installing: /home/lfvmu/kobuki/install/include/eigen3/Eigen/src/Core/Inverse.h
[17.765s] -- Installing: /home/lfvmu/kobuki/install/include/eigen3/Eigen/src/Core/Redux.h
[17.766s] -- Installing: /home/lfvmu/kobuki/install/include/eigen3/Eigen/src/Core/CwiseNullaryOp.h
[17.766s] -- Installing: /home/lfvmu/kobuki/install/include/eigen3/Eigen/src/Core/Replicate.h
[17.766s] -- Installing: /home/lfvmu/kobuki/install/include/eigen3/Eigen/src/Core/PermutationMatrix.h
[17.767s] -- Installing: /home/lfvmu/kobuki/install/include/eigen3/Eigen/src/Core/Transpositions.h
[17.767s] -- Installing: /home/lfvmu/kobuki/install/include/eigen3/Eigen/src/Core/TriangularMatrix.h
[17.768s] -- Installing: /home/lfvmu/kobuki/install/include/eigen3/Eigen/src/Core/DenseBase.h
[17.768s] -- Installing: /home/lfvmu/kobuki/install/include/eigen3/Eigen/src/Core/GenericPacketMath.h
[17.768s] -- Installing: /home/lfvmu/kobuki/install/include/eigen3/Eigen/src/Core/Map.h
[17.768s] -- Installing: /home/lfvmu/kobuki/install/include/eigen3/Eigen/src/Core/CwiseUnaryView.h
[17.768s] -- Installing: /home/lfvmu/kobuki/install/include/eigen3/Eigen/src/Core/Solve.h
[17.768s] -- Installing: /home/lfvmu/kobuki/install/include/eigen3/Eigen/src/Core/functors
[17.769s] -- Installing: /home/lfvmu/kobuki/install/include/eigen3/Eigen/src/Core/functors/TernaryFunctors.h
[17.769s] -- Installing: /home/lfvmu/kobuki/install/include/eigen3/Eigen/src/Core/functors/BinaryFunctors.h
[17.769s] -- Installing: /home/lfvmu/kobuki/install/include/eigen3/Eigen/src/Core/functors/AssignmentFunctors.h
[17.769s] -- Installing: /home/lfvmu/kobuki/install/include/eigen3/Eigen/src/Core/functors/UnaryFunctors.h
[17.769s] -- Installing: /home/lfvmu/kobuki/install/include/eigen3/Eigen/src/Core/functors/NullaryFunctors.h
[17.770s] -- Installing: /home/lfvmu/kobuki/install/include/eigen3/Eigen/src/Core/functors/StlFunctors.h
[17.770s] -- Installing: /home/lfvmu/kobuki/install/include/eigen3/Eigen/src/Core/Swap.h
[17.770s] -- Installing: /home/lfvmu/kobuki/install/include/eigen3/Eigen/src/Core/Block.h
[17.771s] -- Installing: /home/lfvmu/kobuki/install/include/eigen3/Eigen/src/Core/Select.h
[17.771s] -- Installing: /home/lfvmu/kobuki/install/include/eigen3/Eigen/src/Core/Reverse.h
[17.771s] -- Installing: /home/lfvmu/kobuki/install/include/eigen3/Eigen/src/Core/NestByValue.h
[17.771s] -- Installing: /home/lfvmu/kobuki/install/include/eigen3/Eigen/src/Core/SelfAdjointView.h
[17.772s] -- Installing: /home/lfvmu/kobuki/install/include/eigen3/Eigen/src/Core/CommaInitializer.h
[17.772s] -- Installing: /home/lfvmu/kobuki/install/include/eigen3/Eigen/src/Core/SelfCwiseBinaryOp.h
[17.772s] -- Installing: /home/lfvmu/kobuki/install/include/eigen3/Eigen/src/Core/DiagonalMatrix.h
[17.772s] -- Installing: /home/lfvmu/kobuki/install/include/eigen3/Eigen/src/Core/GeneralProduct.h
[17.772s] -- Installing: /home/lfvmu/kobuki/install/include/eigen3/Eigen/src/Core/products
[17.773s] -- Installing: /home/lfvmu/kobuki/install/include/eigen3/Eigen/src/Core/products/TriangularMatrixVector.h
[17.773s] -- Installing: /home/lfvmu/kobuki/install/include/eigen3/Eigen/src/Core/products/GeneralMatrixVector_BLAS.h
[17.774s] -- Installing: /home/lfvmu/kobuki/install/include/eigen3/Eigen/src/Core/products/SelfadjointMatrixVector_BLAS.h
[17.777s] -- Installing: /home/lfvmu/kobuki/install/include/eigen3/Eigen/src/Core/products/GeneralBlockPanelKernel.h
[17.777s] -- Installing: /home/lfvmu/kobuki/install/include/eigen3/Eigen/src/Core/products/TriangularSolverMatrix.h
[17.777s] -- Installing: /home/lfvmu/kobuki/install/include/eigen3/Eigen/src/Core/products/TriangularMatrixVector_BLAS.h
[17.778s] -- Installing: /home/lfvmu/kobuki/install/include/eigen3/Eigen/src/Core/products/Parallelizer.h
[17.778s] -- Installing: /home/lfvmu/kobuki/install/include/eigen3/Eigen/src/Core/products/TriangularMatrixMatrix_BLAS.h
[17.779s] -- Installing: /home/lfvmu/kobuki/install/include/eigen3/Eigen/src/Core/products/GeneralMatrixMatrixTriangular.h
[17.779s] -- Installing: /home/lfvmu/kobuki/install/include/eigen3/Eigen/src/Core/products/SelfadjointRank2Update.h
[17.779s] -- Installing: /home/lfvmu/kobuki/install/include/eigen3/Eigen/src/Core/products/GeneralMatrixMatrixTriangular_BLAS.h
[17.779s] -- Installing: /home/lfvmu/kobuki/install/include/eigen3/Eigen/src/Core/products/SelfadjointMatrixMatrix.h
[17.779s] -- Installing: /home/lfvmu/kobuki/install/include/eigen3/Eigen/src/Core/products/TriangularSolverMatrix_BLAS.h
[17.780s] -- Installing: /home/lfvmu/kobuki/install/include/eigen3/Eigen/src/Core/products/SelfadjointMatrixVector.h
[17.780s] -- Installing: /home/lfvmu/kobuki/install/include/eigen3/Eigen/src/Core/products/GeneralMatrixMatrix_BLAS.h
[17.780s] -- Installing: /home/lfvmu/kobuki/install/include/eigen3/Eigen/src/Core/products/SelfadjointMatrixMatrix_BLAS.h
[17.781s] -- Installing: /home/lfvmu/kobuki/install/include/eigen3/Eigen/src/Core/products/SelfadjointProduct.h
[17.781s] -- Installing: /home/lfvmu/kobuki/install/include/eigen3/Eigen/src/Core/products/GeneralMatrixVector.h
[17.781s] -- Installing: /home/lfvmu/kobuki/install/include/eigen3/Eigen/src/Core/products/GeneralMatrixMatrix.h
[17.781s] -- Installing: /home/lfvmu/kobuki/install/include/eigen3/Eigen/src/Core/products/TriangularSolverVector.h
[17.781s] -- Installing: /home/lfvmu/kobuki/install/include/eigen3/Eigen/src/Core/products/TriangularMatrixMatrix.h
[17.782s] -- Installing: /home/lfvmu/kobuki/install/include/eigen3/Eigen/src/Core/ReturnByValue.h
[17.782s] -- Installing: /home/lfvmu/kobuki/install/include/eigen3/Eigen/src/Core/Assign_MKL.h
[17.782s] -- Installing: /home/lfvmu/kobuki/install/include/eigen3/Eigen/src/Core/PlainObjectBase.h
[17.782s] -- Installing: /home/lfvmu/kobuki/install/include/eigen3/Eigen/src/Core/SolverBase.h
[17.783s] -- Installing: /home/lfvmu/kobuki/install/include/eigen3/Eigen/src/Core/DenseStorage.h
[17.783s] -- Installing: /home/lfvmu/kobuki/install/include/eigen3/Eigen/src/Core/arch
[17.783s] -- Installing: /home/lfvmu/kobuki/install/include/eigen3/Eigen/src/Core/arch/AVX
[17.783s] -- Installing: /home/lfvmu/kobuki/install/include/eigen3/Eigen/src/Core/arch/AVX/PacketMath.h
[17.784s] -- Installing: /home/lfvmu/kobuki/install/include/eigen3/Eigen/src/Core/arch/AVX/TypeCasting.h
[17.785s] -- Installing: /home/lfvmu/kobuki/install/include/eigen3/Eigen/src/Core/arch/AVX/MathFunctions.h
[17.785s] -- Installing: /home/lfvmu/kobuki/install/include/eigen3/Eigen/src/Core/arch/AVX/Complex.h
[17.785s] -- Installing: /home/lfvmu/kobuki/install/include/eigen3/Eigen/src/Core/arch/AltiVec
[17.785s] -- Installing: /home/lfvmu/kobuki/install/include/eigen3/Eigen/src/Core/arch/AltiVec/PacketMath.h
[17.785s] -- Installing: /home/lfvmu/kobuki/install/include/eigen3/Eigen/src/Core/arch/AltiVec/MathFunctions.h
[17.786s] -- Installing: /home/lfvmu/kobuki/install/include/eigen3/Eigen/src/Core/arch/AltiVec/Complex.h
[17.786s] -- Installing: /home/lfvmu/kobuki/install/include/eigen3/Eigen/src/Core/arch/ZVector
[17.786s] -- Installing: /home/lfvmu/kobuki/install/include/eigen3/Eigen/src/Core/arch/ZVector/PacketMath.h
[17.786s] -- Installing: /home/lfvmu/kobuki/install/include/eigen3/Eigen/src/Core/arch/ZVector/MathFunctions.h
[17.786s] -- Installing: /home/lfvmu/kobuki/install/include/eigen3/Eigen/src/Core/arch/ZVector/Complex.h
[17.787s] -- Installing: /home/lfvmu/kobuki/install/include/eigen3/Eigen/src/Core/arch/NEON
[17.787s] -- Installing: /home/lfvmu/kobuki/install/include/eigen3/Eigen/src/Core/arch/NEON/PacketMath.h
[17.788s] -- Installing: /home/lfvmu/kobuki/install/include/eigen3/Eigen/src/Core/arch/NEON/MathFunctions.h
[17.788s] -- Installing: /home/lfvmu/kobuki/install/include/eigen3/Eigen/src/Core/arch/NEON/Complex.h
[17.788s] -- Installing: /home/lfvmu/kobuki/install/include/eigen3/Eigen/src/Core/arch/CUDA
[17.788s] -- Installing: /home/lfvmu/kobuki/install/include/eigen3/Eigen/src/Core/arch/CUDA/PacketMath.h
[17.789s] -- Installing: /home/lfvmu/kobuki/install/include/eigen3/Eigen/src/Core/arch/CUDA/TypeCasting.h
[17.789s] -- Installing: /home/lfvmu/kobuki/install/include/eigen3/Eigen/src/Core/arch/CUDA/PacketMathHalf.h
[17.789s] -- Installing: /home/lfvmu/kobuki/install/include/eigen3/Eigen/src/Core/arch/CUDA/Half.h
[17.789s] -- Installing: /home/lfvmu/kobuki/install/include/eigen3/Eigen/src/Core/arch/CUDA/MathFunctions.h
[17.789s] -- Installing: /home/lfvmu/kobuki/install/include/eigen3/Eigen/src/Core/arch/CUDA/Complex.h
[17.790s] -- Installing: /home/lfvmu/kobuki/install/include/eigen3/Eigen/src/Core/arch/Default
[17.790s] -- Installing: /home/lfvmu/kobuki/install/include/eigen3/Eigen/src/Core/arch/Default/Settings.h
[17.790s] -- Installing: /home/lfvmu/kobuki/install/include/eigen3/Eigen/src/Core/arch/Default/ConjHelper.h
[17.790s] -- Installing: /home/lfvmu/kobuki/install/include/eigen3/Eigen/src/Core/arch/SSE
[17.791s] -- Installing: /home/lfvmu/kobuki/install/include/eigen3/Eigen/src/Core/arch/SSE/PacketMath.h
[17.791s] -- Installing: /home/lfvmu/kobuki/install/include/eigen3/Eigen/src/Core/arch/SSE/TypeCasting.h
[17.791s] -- Installing: /home/lfvmu/kobuki/install/include/eigen3/Eigen/src/Core/arch/SSE/MathFunctions.h
[17.791s] -- Installing: /home/lfvmu/kobuki/install/include/eigen3/Eigen/src/Core/arch/SSE/Complex.h
[17.791s] -- Installing: /home/lfvmu/kobuki/install/include/eigen3/Eigen/src/Core/arch/AVX512
[17.792s] -- Installing: /home/lfvmu/kobuki/install/include/eigen3/Eigen/src/Core/arch/AVX512/PacketMath.h
[17.792s] -- Installing: /home/lfvmu/kobuki/install/include/eigen3/Eigen/src/Core/arch/AVX512/MathFunctions.h
[17.792s] -- Installing: /home/lfvmu/kobuki/install/include/eigen3/Eigen/src/Core/Fuzzy.h
[17.793s] -- Installing: /home/lfvmu/kobuki/install/include/eigen3/Eigen/src/Core/GlobalFunctions.h
[17.793s] -- Installing: /home/lfvmu/kobuki/install/include/eigen3/Eigen/src/Core/Matrix.h
[17.793s] -- Installing: /home/lfvmu/kobuki/install/include/eigen3/Eigen/src/Core/CoreIterators.h
[17.793s] -- Installing: /home/lfvmu/kobuki/install/include/eigen3/Eigen/src/Core/ProductEvaluators.h
[17.794s] -- Installing: /home/lfvmu/kobuki/install/include/eigen3/Eigen/src/Core/VectorwiseOp.h
[17.794s] -- Installing: /home/lfvmu/kobuki/install/include/eigen3/Eigen/src/Core/MatrixBase.h
[17.794s] -- Installing: /home/lfvmu/kobuki/install/include/eigen3/Eigen/src/Core/Diagonal.h
[17.794s] -- Installing: /home/lfvmu/kobuki/install/include/eigen3/Eigen/src/Core/Dot.h
[17.794s] -- Installing: /home/lfvmu/kobuki/install/include/eigen3/Eigen/src/Core/CwiseUnaryOp.h
[17.795s] -- Installing: /home/lfvmu/kobuki/install/include/eigen3/Eigen/src/Core/CwiseBinaryOp.h
[17.795s] -- Installing: /home/lfvmu/kobuki/install/include/eigen3/Eigen/src/Core/BandMatrix.h
[17.795s] -- Installing: /home/lfvmu/kobuki/install/include/eigen3/Eigen/src/Core/util
[17.795s] -- Installing: /home/lfvmu/kobuki/install/include/eigen3/Eigen/src/Core/util/Meta.h
[17.796s] -- Installing: /home/lfvmu/kobuki/install/include/eigen3/Eigen/src/Core/util/ForwardDeclarations.h
[17.796s] -- Installing: /home/lfvmu/kobuki/install/include/eigen3/Eigen/src/Core/util/StaticAssert.h
[17.796s] -- Installing: /home/lfvmu/kobuki/install/include/eigen3/Eigen/src/Core/util/NonMPL2.h
[17.796s] -- Installing: /home/lfvmu/kobuki/install/include/eigen3/Eigen/src/Core/util/DisableStupidWarnings.h
[17.796s] -- Installing: /home/lfvmu/kobuki/install/include/eigen3/Eigen/src/Core/util/XprHelper.h
[17.797s] -- Installing: /home/lfvmu/kobuki/install/include/eigen3/Eigen/src/Core/util/MKL_support.h
[17.797s] -- Installing: /home/lfvmu/kobuki/install/include/eigen3/Eigen/src/Core/util/BlasUtil.h
[17.797s] -- Installing: /home/lfvmu/kobuki/install/include/eigen3/Eigen/src/Core/util/Macros.h
[17.797s] -- Installing: /home/lfvmu/kobuki/install/include/eigen3/Eigen/src/Core/util/ReenableStupidWarnings.h
[17.797s] -- Installing: /home/lfvmu/kobuki/install/include/eigen3/Eigen/src/Core/util/Memory.h
[17.798s] -- Installing: /home/lfvmu/kobuki/install/include/eigen3/Eigen/src/Core/util/Constants.h
[17.798s] -- Installing: /home/lfvmu/kobuki/install/include/eigen3/Eigen/src/Core/AssignEvaluator.h
[17.798s] -- Installing: /home/lfvmu/kobuki/install/include/eigen3/Eigen/src/Core/DiagonalProduct.h
[17.798s] -- Installing: /home/lfvmu/kobuki/install/include/eigen3/Eigen/src/Core/Array.h
[17.799s] -- Installing: /home/lfvmu/kobuki/install/include/eigen3/Eigen/src/Core/NumTraits.h
[17.799s] -- Installing: /home/lfvmu/kobuki/install/include/eigen3/Eigen/src/Core/CoreEvaluators.h
[17.799s] -- Installing: /home/lfvmu/kobuki/install/include/eigen3/Eigen/src/Core/SolveTriangular.h
[17.800s] -- Installing: /home/lfvmu/kobuki/install/include/eigen3/Eigen/src/Core/MapBase.h
[17.800s] -- Installing: /home/lfvmu/kobuki/install/include/eigen3/Eigen/src/Core/ConditionEstimator.h
[17.800s] -- Installing: /home/lfvmu/kobuki/install/include/eigen3/Eigen/src/Core/BooleanRedux.h
[17.800s] -- Installing: /home/lfvmu/kobuki/install/include/eigen3/Eigen/src/Core/Assign.h
[17.808s] -- Installing: /home/lfvmu/kobuki/install/include/eigen3/Eigen/src/Core/MathFunctions.h
[17.819s] -- Installing: /home/lfvmu/kobuki/install/include/eigen3/Eigen/src/Core/VectorBlock.h
[17.819s] -- Installing: /home/lfvmu/kobuki/install/include/eigen3/Eigen/src/Core/Ref.h
[17.819s] -- Installing: /home/lfvmu/kobuki/install/include/eigen3/Eigen/src/Core/DenseCoeffsBase.h
[17.819s] -- Installing: /home/lfvmu/kobuki/install/include/eigen3/Eigen/src/Core/ArrayBase.h
[17.820s] -- Installing: /home/lfvmu/kobuki/install/include/eigen3/Eigen/src/SPQRSupport
[17.820s] -- Installing: /home/lfvmu/kobuki/install/include/eigen3/Eigen/src/SPQRSupport/SuiteSparseQRSupport.h
[17.820s] -- Installing: /home/lfvmu/kobuki/install/include/eigen3/Eigen/src/QR
[17.823s] -- Installing: /home/lfvmu/kobuki/install/include/eigen3/Eigen/src/QR/HouseholderQR_LAPACKE.h
[17.823s] -- Installing: /home/lfvmu/kobuki/install/include/eigen3/Eigen/src/QR/CompleteOrthogonalDecomposition.h
[17.824s] -- Installing: /home/lfvmu/kobuki/install/include/eigen3/Eigen/src/QR/FullPivHouseholderQR.h
[17.824s] -- Installing: /home/lfvmu/kobuki/install/include/eigen3/Eigen/src/QR/HouseholderQR.h
[17.824s] -- Installing: /home/lfvmu/kobuki/install/include/eigen3/Eigen/src/QR/ColPivHouseholderQR_LAPACKE.h
[17.825s] -- Installing: /home/lfvmu/kobuki/install/include/eigen3/Eigen/src/QR/ColPivHouseholderQR.h
[17.825s] -- Installing: /home/lfvmu/kobuki/install/include/eigen3/Eigen/src/PaStiXSupport
[17.825s] -- Installing: /home/lfvmu/kobuki/install/include/eigen3/Eigen/src/PaStiXSupport/PaStiXSupport.h
[17.825s] -- Installing: /home/lfvmu/kobuki/install/include/eigen3/Eigen/src/SVD
[17.826s] -- Installing: /home/lfvmu/kobuki/install/include/eigen3/Eigen/src/SVD/JacobiSVD_LAPACKE.h
[17.826s] -- Installing: /home/lfvmu/kobuki/install/include/eigen3/Eigen/src/SVD/JacobiSVD.h
[17.826s] -- Installing: /home/lfvmu/kobuki/install/include/eigen3/Eigen/src/SVD/SVDBase.h
[17.826s] -- Installing: /home/lfvmu/kobuki/install/include/eigen3/Eigen/src/SVD/UpperBidiagonalization.h
[17.827s] -- Installing: /home/lfvmu/kobuki/install/include/eigen3/Eigen/src/SVD/BDCSVD.h
[17.827s] -- Installing: /home/lfvmu/kobuki/install/include/eigen3/unsupported/Eigen/AdolcForward
[17.827s] -- Installing: /home/lfvmu/kobuki/install/include/eigen3/unsupported/Eigen/AlignedVector3
[17.827s] -- Installing: /home/lfvmu/kobuki/install/include/eigen3/unsupported/Eigen/ArpackSupport
[17.828s] -- Installing: /home/lfvmu/kobuki/install/include/eigen3/unsupported/Eigen/AutoDiff
[17.828s] -- Installing: /home/lfvmu/kobuki/install/include/eigen3/unsupported/Eigen/BVH
[17.828s] -- Installing: /home/lfvmu/kobuki/install/include/eigen3/unsupported/Eigen/EulerAngles
[17.828s] -- Installing: /home/lfvmu/kobuki/install/include/eigen3/unsupported/Eigen/FFT
[17.828s] -- Installing: /home/lfvmu/kobuki/install/include/eigen3/unsupported/Eigen/IterativeSolvers
[17.829s] -- Installing: /home/lfvmu/kobuki/install/include/eigen3/unsupported/Eigen/KroneckerProduct
[17.829s] -- Installing: /home/lfvmu/kobuki/install/include/eigen3/unsupported/Eigen/LevenbergMarquardt
[17.829s] -- Installing: /home/lfvmu/kobuki/install/include/eigen3/unsupported/Eigen/MatrixFunctions
[17.829s] -- Installing: /home/lfvmu/kobuki/install/include/eigen3/unsupported/Eigen/MoreVectorization
[17.829s] -- Installing: /home/lfvmu/kobuki/install/include/eigen3/unsupported/Eigen/MPRealSupport
[17.830s] -- Installing: /home/lfvmu/kobuki/install/include/eigen3/unsupported/Eigen/NonLinearOptimization
[17.831s] -- Installing: /home/lfvmu/kobuki/install/include/eigen3/unsupported/Eigen/NumericalDiff
[17.831s] -- Installing: /home/lfvmu/kobuki/install/include/eigen3/unsupported/Eigen/OpenGLSupport
[17.831s] -- Installing: /home/lfvmu/kobuki/install/include/eigen3/unsupported/Eigen/Polynomials
[17.831s] -- Installing: /home/lfvmu/kobuki/install/include/eigen3/unsupported/Eigen/Skyline
[17.831s] -- Installing: /home/lfvmu/kobuki/install/include/eigen3/unsupported/Eigen/SparseExtra
[17.832s] -- Installing: /home/lfvmu/kobuki/install/include/eigen3/unsupported/Eigen/SpecialFunctions
[17.832s] -- Installing: /home/lfvmu/kobuki/install/include/eigen3/unsupported/Eigen/Splines
[17.832s] -- Installing: /home/lfvmu/kobuki/install/include/eigen3/unsupported/Eigen/src
[17.833s] -- Installing: /home/lfvmu/kobuki/install/include/eigen3/unsupported/Eigen/src/NonLinearOptimization
[17.833s] -- Installing: /home/lfvmu/kobuki/install/include/eigen3/unsupported/Eigen/src/NonLinearOptimization/LevenbergMarquardt.h
[17.833s] -- Installing: /home/lfvmu/kobuki/install/include/eigen3/unsupported/Eigen/src/NonLinearOptimization/covar.h
[17.833s] -- Installing: /home/lfvmu/kobuki/install/include/eigen3/unsupported/Eigen/src/NonLinearOptimization/qrsolv.h
[17.834s] -- Installing: /home/lfvmu/kobuki/install/include/eigen3/unsupported/Eigen/src/NonLinearOptimization/r1updt.h
[17.834s] -- Installing: /home/lfvmu/kobuki/install/include/eigen3/unsupported/Eigen/src/NonLinearOptimization/dogleg.h
[17.834s] -- Installing: /home/lfvmu/kobuki/install/include/eigen3/unsupported/Eigen/src/NonLinearOptimization/rwupdt.h
[17.834s] -- Installing: /home/lfvmu/kobuki/install/include/eigen3/unsupported/Eigen/src/NonLinearOptimization/lmpar.h
[17.835s] -- Installing: /home/lfvmu/kobuki/install/include/eigen3/unsupported/Eigen/src/NonLinearOptimization/HybridNonLinearSolver.h
[17.835s] -- Installing: /home/lfvmu/kobuki/install/include/eigen3/unsupported/Eigen/src/NonLinearOptimization/fdjac1.h
[17.835s] -- Installing: /home/lfvmu/kobuki/install/include/eigen3/unsupported/Eigen/src/NonLinearOptimization/r1mpyq.h
[17.836s] -- Installing: /home/lfvmu/kobuki/install/include/eigen3/unsupported/Eigen/src/NonLinearOptimization/chkder.h
[17.836s] -- Installing: /home/lfvmu/kobuki/install/include/eigen3/unsupported/Eigen/src/SpecialFunctions
[17.837s] -- Installing: /home/lfvmu/kobuki/install/include/eigen3/unsupported/Eigen/src/SpecialFunctions/SpecialFunctionsFunctors.h
[17.837s] -- Installing: /home/lfvmu/kobuki/install/include/eigen3/unsupported/Eigen/src/SpecialFunctions/SpecialFunctionsArrayAPI.h
[17.837s] -- Installing: /home/lfvmu/kobuki/install/include/eigen3/unsupported/Eigen/src/SpecialFunctions/SpecialFunctionsPacketMath.h
[17.837s] -- Installing: /home/lfvmu/kobuki/install/include/eigen3/unsupported/Eigen/src/SpecialFunctions/arch
[17.837s] -- Installing: /home/lfvmu/kobuki/install/include/eigen3/unsupported/Eigen/src/SpecialFunctions/arch/CUDA
[17.837s] -- Installing: /home/lfvmu/kobuki/install/include/eigen3/unsupported/Eigen/src/SpecialFunctions/arch/CUDA/CudaSpecialFunctions.h
[17.838s] -- Installing: /home/lfvmu/kobuki/install/include/eigen3/unsupported/Eigen/src/SpecialFunctions/SpecialFunctionsHalf.h
[17.838s] -- Installing: /home/lfvmu/kobuki/install/include/eigen3/unsupported/Eigen/src/SpecialFunctions/SpecialFunctionsImpl.h
[17.839s] -- Installing: /home/lfvmu/kobuki/install/include/eigen3/unsupported/Eigen/src/MatrixFunctions
[17.839s] -- Installing: /home/lfvmu/kobuki/install/include/eigen3/unsupported/Eigen/src/MatrixFunctions/MatrixPower.h
[17.839s] -- Installing: /home/lfvmu/kobuki/install/include/eigen3/unsupported/Eigen/src/MatrixFunctions/MatrixExponential.h
[17.839s] -- Installing: /home/lfvmu/kobuki/install/include/eigen3/unsupported/Eigen/src/MatrixFunctions/MatrixLogarithm.h
[17.839s] -- Installing: /home/lfvmu/kobuki/install/include/eigen3/unsupported/Eigen/src/MatrixFunctions/MatrixFunction.h
[17.840s] -- Installing: /home/lfvmu/kobuki/install/include/eigen3/unsupported/Eigen/src/MatrixFunctions/MatrixSquareRoot.h
[17.840s] -- Installing: /home/lfvmu/kobuki/install/include/eigen3/unsupported/Eigen/src/MatrixFunctions/StemFunction.h
[17.840s] -- Installing: /home/lfvmu/kobuki/install/include/eigen3/unsupported/Eigen/src/MoreVectorization
[17.840s] -- Installing: /home/lfvmu/kobuki/install/include/eigen3/unsupported/Eigen/src/MoreVectorization/MathFunctions.h
[17.840s] -- Installing: /home/lfvmu/kobuki/install/include/eigen3/unsupported/Eigen/src/EulerAngles
[17.841s] -- Installing: /home/lfvmu/kobuki/install/include/eigen3/unsupported/Eigen/src/EulerAngles/EulerAngles.h
[17.847s] -- Installing: /home/lfvmu/kobuki/install/include/eigen3/unsupported/Eigen/src/EulerAngles/EulerSystem.h
[17.847s] -- Installing: /home/lfvmu/kobuki/install/include/eigen3/unsupported/Eigen/src/LevenbergMarquardt
[17.858s] -- Installing: /home/lfvmu/kobuki/install/include/eigen3/unsupported/Eigen/src/LevenbergMarquardt/LevenbergMarquardt.h
[17.858s] -- Installing: /home/lfvmu/kobuki/install/include/eigen3/unsupported/Eigen/src/LevenbergMarquardt/LMonestep.h
[17.861s] -- Installing: /home/lfvmu/kobuki/install/include/eigen3/unsupported/Eigen/src/LevenbergMarquardt/LMpar.h
[17.861s] -- Installing: /home/lfvmu/kobuki/install/include/eigen3/unsupported/Eigen/src/LevenbergMarquardt/LMcovar.h
[17.862s] -- Installing: /home/lfvmu/kobuki/install/include/eigen3/unsupported/Eigen/src/LevenbergMarquardt/LMqrsolv.h
[17.862s] -- Installing: /home/lfvmu/kobuki/install/include/eigen3/unsupported/Eigen/src/BVH
[17.862s] -- Installing: /home/lfvmu/kobuki/install/include/eigen3/unsupported/Eigen/src/BVH/BVAlgorithms.h
[17.862s] -- Installing: /home/lfvmu/kobuki/install/include/eigen3/unsupported/Eigen/src/BVH/KdBVH.h
[17.863s] -- Installing: /home/lfvmu/kobuki/install/include/eigen3/unsupported/Eigen/src/Eigenvalues
[17.863s] -- Installing: /home/lfvmu/kobuki/install/include/eigen3/unsupported/Eigen/src/Eigenvalues/ArpackSelfAdjointEigenSolver.h
[17.863s] -- Installing: /home/lfvmu/kobuki/install/include/eigen3/unsupported/Eigen/src/IterativeSolvers
[17.863s] -- Installing: /home/lfvmu/kobuki/install/include/eigen3/unsupported/Eigen/src/IterativeSolvers/IncompleteLU.h
[17.863s] -- Installing: /home/lfvmu/kobuki/install/include/eigen3/unsupported/Eigen/src/IterativeSolvers/GMRES.h
[17.864s] -- Installing: /home/lfvmu/kobuki/install/include/eigen3/unsupported/Eigen/src/IterativeSolvers/MINRES.h
[17.864s] -- Installing: /home/lfvmu/kobuki/install/include/eigen3/unsupported/Eigen/src/IterativeSolvers/DGMRES.h
[17.864s] -- Installing: /home/lfvmu/kobuki/install/include/eigen3/unsupported/Eigen/src/IterativeSolvers/Scaling.h
[17.865s] -- Installing: /home/lfvmu/kobuki/install/include/eigen3/unsupported/Eigen/src/IterativeSolvers/IterationController.h
[17.865s] -- Installing: /home/lfvmu/kobuki/install/include/eigen3/unsupported/Eigen/src/IterativeSolvers/ConstrainedConjGrad.h
[17.865s] -- Installing: /home/lfvmu/kobuki/install/include/eigen3/unsupported/Eigen/src/FFT
[17.865s] -- Installing: /home/lfvmu/kobuki/install/include/eigen3/unsupported/Eigen/src/FFT/ei_fftw_impl.h
[17.865s] -- Installing: /home/lfvmu/kobuki/install/include/eigen3/unsupported/Eigen/src/FFT/ei_kissfft_impl.h
[17.866s] -- Installing: /home/lfvmu/kobuki/install/include/eigen3/unsupported/Eigen/src/Splines
[17.866s] -- Installing: /home/lfvmu/kobuki/install/include/eigen3/unsupported/Eigen/src/Splines/SplineFitting.h
[17.866s] -- Installing: /home/lfvmu/kobuki/install/include/eigen3/unsupported/Eigen/src/Splines/SplineFwd.h
[17.866s] -- Installing: /home/lfvmu/kobuki/install/include/eigen3/unsupported/Eigen/src/Splines/Spline.h
[17.866s] -- Installing: /home/lfvmu/kobuki/install/include/eigen3/unsupported/Eigen/src/Skyline
[17.867s] -- Installing: /home/lfvmu/kobuki/install/include/eigen3/unsupported/Eigen/src/Skyline/SkylineMatrixBase.h
[17.867s] -- Installing: /home/lfvmu/kobuki/install/include/eigen3/unsupported/Eigen/src/Skyline/SkylineProduct.h
[17.867s] -- Installing: /home/lfvmu/kobuki/install/include/eigen3/unsupported/Eigen/src/Skyline/SkylineInplaceLU.h
[17.867s] -- Installing: /home/lfvmu/kobuki/install/include/eigen3/unsupported/Eigen/src/Skyline/SkylineUtil.h
[17.868s] -- Installing: /home/lfvmu/kobuki/install/include/eigen3/unsupported/Eigen/src/Skyline/SkylineStorage.h
[17.868s] -- Installing: /home/lfvmu/kobuki/install/include/eigen3/unsupported/Eigen/src/Skyline/SkylineMatrix.h
[17.868s] -- Installing: /home/lfvmu/kobuki/install/include/eigen3/unsupported/Eigen/src/KroneckerProduct
[17.868s] -- Installing: /home/lfvmu/kobuki/install/include/eigen3/unsupported/Eigen/src/KroneckerProduct/KroneckerTensorProduct.h
[17.868s] -- Installing: /home/lfvmu/kobuki/install/include/eigen3/unsupported/Eigen/src/SparseExtra
[17.869s] -- Installing: /home/lfvmu/kobuki/install/include/eigen3/unsupported/Eigen/src/SparseExtra/DynamicSparseMatrix.h
[17.869s] -- Installing: /home/lfvmu/kobuki/install/include/eigen3/unsupported/Eigen/src/SparseExtra/MarketIO.h
[17.869s] -- Installing: /home/lfvmu/kobuki/install/include/eigen3/unsupported/Eigen/src/SparseExtra/BlockSparseMatrix.h
[17.869s] -- Installing: /home/lfvmu/kobuki/install/include/eigen3/unsupported/Eigen/src/SparseExtra/MatrixMarketIterator.h
[17.870s] -- Installing: /home/lfvmu/kobuki/install/include/eigen3/unsupported/Eigen/src/SparseExtra/RandomSetter.h
[17.870s] -- Installing: /home/lfvmu/kobuki/install/include/eigen3/unsupported/Eigen/src/SparseExtra/BlockOfDynamicSparseMatrix.h
[17.870s] -- Installing: /home/lfvmu/kobuki/install/include/eigen3/unsupported/Eigen/src/NumericalDiff
[17.870s] -- Installing: /home/lfvmu/kobuki/install/include/eigen3/unsupported/Eigen/src/NumericalDiff/NumericalDiff.h
[17.871s] -- Installing: /home/lfvmu/kobuki/install/include/eigen3/unsupported/Eigen/src/AutoDiff
[17.871s] -- Installing: /home/lfvmu/kobuki/install/include/eigen3/unsupported/Eigen/src/AutoDiff/AutoDiffJacobian.h
[17.871s] -- Installing: /home/lfvmu/kobuki/install/include/eigen3/unsupported/Eigen/src/AutoDiff/AutoDiffVector.h
[17.872s] -- Installing: /home/lfvmu/kobuki/install/include/eigen3/unsupported/Eigen/src/AutoDiff/AutoDiffScalar.h
[17.872s] -- Installing: /home/lfvmu/kobuki/install/include/eigen3/unsupported/Eigen/src/Polynomials
[17.872s] -- Installing: /home/lfvmu/kobuki/install/include/eigen3/unsupported/Eigen/src/Polynomials/PolynomialUtils.h
[17.872s] -- Installing: /home/lfvmu/kobuki/install/include/eigen3/unsupported/Eigen/src/Polynomials/Companion.h
[17.872s] -- Installing: /home/lfvmu/kobuki/install/include/eigen3/unsupported/Eigen/src/Polynomials/PolynomialSolver.h
[17.873s] -- Installing: /home/lfvmu/kobuki/install/include/eigen3/unsupported/Eigen/CXX11/Tensor
[17.874s] -- Installing: /home/lfvmu/kobuki/install/include/eigen3/unsupported/Eigen/CXX11/TensorSymmetry
[17.874s] -- Installing: /home/lfvmu/kobuki/install/include/eigen3/unsupported/Eigen/CXX11/ThreadPool
[17.874s] -- Installing: /home/lfvmu/kobuki/install/include/eigen3/unsupported/Eigen/CXX11/src
[17.875s] -- Installing: /home/lfvmu/kobuki/install/include/eigen3/unsupported/Eigen/CXX11/src/ThreadPool
[17.875s] -- Installing: /home/lfvmu/kobuki/install/include/eigen3/unsupported/Eigen/CXX11/src/ThreadPool/ThreadEnvironment.h
[17.875s] -- Installing: /home/lfvmu/kobuki/install/include/eigen3/unsupported/Eigen/CXX11/src/ThreadPool/NonBlockingThreadPool.h
[17.876s] -- Installing: /home/lfvmu/kobuki/install/include/eigen3/unsupported/Eigen/CXX11/src/ThreadPool/ThreadLocal.h
[17.876s] -- Installing: /home/lfvmu/kobuki/install/include/eigen3/unsupported/Eigen/CXX11/src/ThreadPool/ThreadYield.h
[17.876s] -- Installing: /home/lfvmu/kobuki/install/include/eigen3/unsupported/Eigen/CXX11/src/ThreadPool/RunQueue.h
[17.876s] -- Installing: /home/lfvmu/kobuki/install/include/eigen3/unsupported/Eigen/CXX11/src/ThreadPool/SimpleThreadPool.h
[17.876s] -- Installing: /home/lfvmu/kobuki/install/include/eigen3/unsupported/Eigen/CXX11/src/ThreadPool/ThreadPoolInterface.h
[17.877s] -- Installing: /home/lfvmu/kobuki/install/include/eigen3/unsupported/Eigen/CXX11/src/ThreadPool/EventCount.h
[17.877s] -- Installing: /home/lfvmu/kobuki/install/include/eigen3/unsupported/Eigen/CXX11/src/Tensor
[17.877s] -- Installing: /home/lfvmu/kobuki/install/include/eigen3/unsupported/Eigen/CXX11/src/Tensor/TensorRef.h
[17.877s] -- Installing: /home/lfvmu/kobuki/install/include/eigen3/unsupported/Eigen/CXX11/src/Tensor/TensorForcedEval.h
[17.878s] -- Installing: /home/lfvmu/kobuki/install/include/eigen3/unsupported/Eigen/CXX11/src/Tensor/TensorIntDiv.h
[17.878s] -- Installing: /home/lfvmu/kobuki/install/include/eigen3/unsupported/Eigen/CXX11/src/Tensor/TensorMeta.h
[17.878s] -- Installing: /home/lfvmu/kobuki/install/include/eigen3/unsupported/Eigen/CXX11/src/Tensor/TensorForwardDeclarations.h
[17.878s] -- Installing: /home/lfvmu/kobuki/install/include/eigen3/unsupported/Eigen/CXX11/src/Tensor/TensorConversion.h
[17.878s] -- Installing: /home/lfvmu/kobuki/install/include/eigen3/unsupported/Eigen/CXX11/src/Tensor/TensorFunctors.h
[17.879s] -- Installing: /home/lfvmu/kobuki/install/include/eigen3/unsupported/Eigen/CXX11/src/Tensor/TensorEvaluator.h
[17.879s] -- Installing: /home/lfvmu/kobuki/install/include/eigen3/unsupported/Eigen/CXX11/src/Tensor/TensorRandom.h
[17.879s] -- Installing: /home/lfvmu/kobuki/install/include/eigen3/unsupported/Eigen/CXX11/src/Tensor/TensorShuffling.h
[17.879s] -- Installing: /home/lfvmu/kobuki/install/include/eigen3/unsupported/Eigen/CXX11/src/Tensor/TensorExpr.h
[17.880s] -- Installing: /home/lfvmu/kobuki/install/include/eigen3/unsupported/Eigen/CXX11/src/Tensor/TensorBroadcasting.h
[17.880s] -- Installing: /home/lfvmu/kobuki/install/include/eigen3/unsupported/Eigen/CXX11/src/Tensor/TensorFFT.h
[17.880s] -- Installing: /home/lfvmu/kobuki/install/include/eigen3/unsupported/Eigen/CXX11/src/Tensor/TensorInitializer.h
[17.880s] -- Installing: /home/lfvmu/kobuki/install/include/eigen3/unsupported/Eigen/CXX11/src/Tensor/TensorPatch.h
[17.880s] -- Installing: /home/lfvmu/kobuki/install/include/eigen3/unsupported/Eigen/CXX11/src/Tensor/TensorMacros.h
[17.881s] -- Installing: /home/lfvmu/kobuki/install/include/eigen3/unsupported/Eigen/CXX11/src/Tensor/TensorContractionThreadPool.h
[17.881s] -- Installing: /home/lfvmu/kobuki/install/include/eigen3/unsupported/Eigen/CXX11/src/Tensor/TensorGenerator.h
[17.881s] -- Installing: /home/lfvmu/kobuki/install/include/eigen3/unsupported/Eigen/CXX11/src/Tensor/TensorSyclConvertToDeviceExpression.h
[17.882s] -- Installing: /home/lfvmu/kobuki/install/include/eigen3/unsupported/Eigen/CXX11/src/Tensor/TensorSycl.h
[17.882s] -- Installing: /home/lfvmu/kobuki/install/include/eigen3/unsupported/Eigen/CXX11/src/Tensor/TensorContractionBlocking.h
[17.882s] -- Installing: /home/lfvmu/kobuki/install/include/eigen3/unsupported/Eigen/CXX11/src/Tensor/TensorSyclExtractAccessor.h
[17.882s] -- Installing: /home/lfvmu/kobuki/install/include/eigen3/unsupported/Eigen/CXX11/src/Tensor/TensorSyclTuple.h
[17.882s] -- Installing: /home/lfvmu/kobuki/install/include/eigen3/unsupported/Eigen/CXX11/src/Tensor/TensorDimensionList.h
[17.883s] -- Installing: /home/lfvmu/kobuki/install/include/eigen3/unsupported/Eigen/CXX11/src/Tensor/TensorDeviceDefault.h
[17.883s] -- Installing: /home/lfvmu/kobuki/install/include/eigen3/unsupported/Eigen/CXX11/src/Tensor/TensorExecutor.h
[17.883s] -- Installing: /home/lfvmu/kobuki/install/include/eigen3/unsupported/Eigen/CXX11/src/Tensor/TensorDeviceThreadPool.h
[17.883s] -- Installing: /home/lfvmu/kobuki/install/include/eigen3/unsupported/Eigen/CXX11/src/Tensor/TensorDeviceCuda.h
[17.884s] -- Installing: /home/lfvmu/kobuki/install/include/eigen3/unsupported/Eigen/CXX11/src/Tensor/TensorSyclPlaceHolderExpr.h
[17.884s] -- Installing: /home/lfvmu/kobuki/install/include/eigen3/unsupported/Eigen/CXX11/src/Tensor/TensorChipping.h
[17.884s] -- Installing: /home/lfvmu/kobuki/install/include/eigen3/unsupported/Eigen/CXX11/src/Tensor/TensorBase.h
[17.884s] -- Installing: /home/lfvmu/kobuki/install/include/eigen3/unsupported/Eigen/CXX11/src/Tensor/TensorGlobalFunctions.h
[17.884s] -- Installing: /home/lfvmu/kobuki/install/include/eigen3/unsupported/Eigen/CXX11/src/Tensor/TensorStriding.h
[17.885s] -- Installing: /home/lfvmu/kobuki/install/include/eigen3/unsupported/Eigen/CXX11/src/Tensor/TensorContraction.h
[17.885s] -- Installing: /home/lfvmu/kobuki/install/include/eigen3/unsupported/Eigen/CXX11/src/Tensor/TensorContractionMapper.h
[17.885s] -- Installing: /home/lfvmu/kobuki/install/include/eigen3/unsupported/Eigen/CXX11/src/Tensor/TensorArgMax.h
[17.885s] -- Installing: /home/lfvmu/kobuki/install/include/eigen3/unsupported/Eigen/CXX11/src/Tensor/TensorReduction.h
[17.886s] -- Installing: /home/lfvmu/kobuki/install/include/eigen3/unsupported/Eigen/CXX11/src/Tensor/TensorEvalTo.h
[17.886s] -- Installing: /home/lfvmu/kobuki/install/include/eigen3/unsupported/Eigen/CXX11/src/Tensor/Tensor.h
[17.891s] -- Installing: /home/lfvmu/kobuki/install/include/eigen3/unsupported/Eigen/CXX11/src/Tensor/TensorPadding.h
[17.892s] -- Installing: /home/lfvmu/kobuki/install/include/eigen3/unsupported/Eigen/CXX11/src/Tensor/TensorReverse.h
[17.892s] -- Installing: /home/lfvmu/kobuki/install/include/eigen3/unsupported/Eigen/CXX11/src/Tensor/TensorCostModel.h
[17.892s] -- Installing: /home/lfvmu/kobuki/install/include/eigen3/unsupported/Eigen/CXX11/src/Tensor/TensorSyclLeafCount.h
[17.892s] -- Installing: /home/lfvmu/kobuki/install/include/eigen3/unsupported/Eigen/CXX11/src/Tensor/TensorSyclExprConstructor.h
[17.893s] -- Installing: /home/lfvmu/kobuki/install/include/eigen3/unsupported/Eigen/CXX11/src/Tensor/TensorImagePatch.h
[17.893s] -- Installing: /home/lfvmu/kobuki/install/include/eigen3/unsupported/Eigen/CXX11/src/Tensor/TensorAssign.h
[17.893s] -- Installing: /home/lfvmu/kobuki/install/include/eigen3/unsupported/Eigen/CXX11/src/Tensor/TensorScan.h
[17.893s] -- Installing: /home/lfvmu/kobuki/install/include/eigen3/unsupported/Eigen/CXX11/src/Tensor/TensorStorage.h
[17.893s] -- Installing: /home/lfvmu/kobuki/install/include/eigen3/unsupported/Eigen/CXX11/src/Tensor/TensorDeviceSycl.h
[17.894s] -- Installing: /home/lfvmu/kobuki/install/include/eigen3/unsupported/Eigen/CXX11/src/Tensor/TensorReductionCuda.h
[17.894s] -- Installing: /home/lfvmu/kobuki/install/include/eigen3/unsupported/Eigen/CXX11/src/Tensor/TensorVolumePatch.h
[17.894s] -- Installing: /home/lfvmu/kobuki/install/include/eigen3/unsupported/Eigen/CXX11/src/Tensor/TensorIO.h
[17.894s] -- Installing: /home/lfvmu/kobuki/install/include/eigen3/unsupported/Eigen/CXX11/src/Tensor/TensorConcatenation.h
[17.895s] -- Installing: /home/lfvmu/kobuki/install/include/eigen3/unsupported/Eigen/CXX11/src/Tensor/TensorContractionCuda.h
[17.895s] -- Installing: /home/lfvmu/kobuki/install/include/eigen3/unsupported/Eigen/CXX11/src/Tensor/TensorCustomOp.h
[17.895s] -- Installing: /home/lfvmu/kobuki/install/include/eigen3/unsupported/Eigen/CXX11/src/Tensor/TensorReductionSycl.h
[17.895s] -- Installing: /home/lfvmu/kobuki/install/include/eigen3/unsupported/Eigen/CXX11/src/Tensor/TensorIndexList.h
[17.895s] -- Installing: /home/lfvmu/kobuki/install/include/eigen3/unsupported/Eigen/CXX11/src/Tensor/TensorLayoutSwap.h
[17.896s] -- Installing: /home/lfvmu/kobuki/install/include/eigen3/unsupported/Eigen/CXX11/src/Tensor/TensorDimensions.h
[17.896s] -- Installing: /home/lfvmu/kobuki/install/include/eigen3/unsupported/Eigen/CXX11/src/Tensor/TensorDevice.h
[17.896s] -- Installing: /home/lfvmu/kobuki/install/include/eigen3/unsupported/Eigen/CXX11/src/Tensor/TensorUInt128.h
[17.896s] -- Installing: /home/lfvmu/kobuki/install/include/eigen3/unsupported/Eigen/CXX11/src/Tensor/TensorSyclRun.h
[17.897s] -- Installing: /home/lfvmu/kobuki/install/include/eigen3/unsupported/Eigen/CXX11/src/Tensor/TensorSyclExtractFunctors.h
[17.897s] -- Installing: /home/lfvmu/kobuki/install/include/eigen3/unsupported/Eigen/CXX11/src/Tensor/TensorInflation.h
[17.907s] -- Installing: /home/lfvmu/kobuki/install/include/eigen3/unsupported/Eigen/CXX11/src/Tensor/TensorTraits.h
[17.908s] -- Installing: /home/lfvmu/kobuki/install/include/eigen3/unsupported/Eigen/CXX11/src/Tensor/TensorMorphing.h
[17.908s] -- Installing: /home/lfvmu/kobuki/install/include/eigen3/unsupported/Eigen/CXX11/src/Tensor/TensorConvolution.h
[17.908s] -- Installing: /home/lfvmu/kobuki/install/include/eigen3/unsupported/Eigen/CXX11/src/Tensor/TensorFixedSize.h
[17.909s] -- Installing: /home/lfvmu/kobuki/install/include/eigen3/unsupported/Eigen/CXX11/src/Tensor/TensorMap.h
[17.909s] -- Installing: /home/lfvmu/kobuki/install/include/eigen3/unsupported/Eigen/CXX11/src/util
[17.909s] -- Installing: /home/lfvmu/kobuki/install/include/eigen3/unsupported/Eigen/CXX11/src/util/MaxSizeVector.h
[17.909s] -- Installing: /home/lfvmu/kobuki/install/include/eigen3/unsupported/Eigen/CXX11/src/util/CXX11Meta.h
[17.910s] -- Installing: /home/lfvmu/kobuki/install/include/eigen3/unsupported/Eigen/CXX11/src/util/EmulateArray.h
[17.910s] -- Installing: /home/lfvmu/kobuki/install/include/eigen3/unsupported/Eigen/CXX11/src/util/EmulateCXX11Meta.h
[17.911s] -- Installing: /home/lfvmu/kobuki/install/include/eigen3/unsupported/Eigen/CXX11/src/util/CXX11Workarounds.h
[17.911s] -- Installing: /home/lfvmu/kobuki/install/include/eigen3/unsupported/Eigen/CXX11/src/TensorSymmetry
[17.911s] -- Installing: /home/lfvmu/kobuki/install/include/eigen3/unsupported/Eigen/CXX11/src/TensorSymmetry/StaticSymmetry.h
[17.912s] -- Installing: /home/lfvmu/kobuki/install/include/eigen3/unsupported/Eigen/CXX11/src/TensorSymmetry/Symmetry.h
[17.912s] -- Installing: /home/lfvmu/kobuki/install/include/eigen3/unsupported/Eigen/CXX11/src/TensorSymmetry/DynamicSymmetry.h
[17.912s] -- Installing: /home/lfvmu/kobuki/install/include/eigen3/unsupported/Eigen/CXX11/src/TensorSymmetry/util
[17.912s] -- Installing: /home/lfvmu/kobuki/install/include/eigen3/unsupported/Eigen/CXX11/src/TensorSymmetry/util/TemplateGroupTheory.h
[17.993s] Invoked command in '/home/lfvmu/kobuki/build/eigen' returned '0': /usr/bin/cmake --install /home/lfvmu/kobuki/build/eigen
