[0.197s] Invoking command in '/home/lfvmu/kobuki/build/ecl_core': AMENT_PREFIX_PATH=/home/lfvmu/kobuki/install CMAKE_PREFIX_PATH=/home/lfvmu/kobuki/install LD_LIBRARY_PATH=/home/lfvmu/kobuki/install/lib PATH=/home/lfvmu/kobuki/install/bin:${PATH} PKG_CONFIG_PATH=/home/lfvmu/kobuki/install/lib/x86_64-linux-gnu/pkgconfig:/home/lfvmu/kobuki/install/lib/pkgconfig PYTHONPATH=/home/lfvmu/kobuki/install/lib/python3.8/site-packages /usr/bin/cmake /home/lfvmu/kobuki/src/ecl_core/ecl_core -DBUILD_TESTING=OFF -DCMAKE_INSTALL_PREFIX=/home/lfvmu/kobuki/install
[0.345s] -- The C compiler identification is GNU 9.4.0
[0.515s] -- The CXX compiler identification is GNU 9.4.0
[0.530s] -- Check for working C compiler: /usr/bin/cc
[0.709s] -- Check for working C compiler: /usr/bin/cc -- works
[0.711s] -- Detecting C compiler ABI info
[0.882s] -- Detecting C compiler ABI info - done
[0.933s] -- Detecting C compile features
[0.934s] -- Detecting C compile features - done
[0.943s] -- Check for working CXX compiler: /usr/bin/c++
[1.150s] -- Check for working CXX compiler: /usr/bin/c++ -- works
[1.154s] -- Detecting CXX compiler ABI info
[1.365s] -- Detecting CXX compiler ABI info - done
[1.418s] -- Detecting CXX compile features
[1.420s] -- Detecting CXX compile features - done
[1.423s] -- Found ament_cmake_ros: 0.9.2 (/home/lfvmu/kobuki/install/share/ament_cmake_ros/cmake)
[1.483s] -- Found PythonInterp: /usr/bin/python3 (found suitable version "3.8.10", minimum required is "3") 
[1.483s] -- Using PYTHON_EXECUTABLE: /usr/bin/python3
[1.979s] -- Configuring done
[1.984s] -- Generating done
[1.988s] -- Build files have been written to: /home/lfvmu/kobuki/build/ecl_core
[1.995s] Invoked command in '/home/lfvmu/kobuki/build/ecl_core' returned '0': AMENT_PREFIX_PATH=/home/lfvmu/kobuki/install CMAKE_PREFIX_PATH=/home/lfvmu/kobuki/install LD_LIBRARY_PATH=/home/lfvmu/kobuki/install/lib PATH=/home/lfvmu/kobuki/install/bin:${PATH} PKG_CONFIG_PATH=/home/lfvmu/kobuki/install/lib/x86_64-linux-gnu/pkgconfig:/home/lfvmu/kobuki/install/lib/pkgconfig PYTHONPATH=/home/lfvmu/kobuki/install/lib/python3.8/site-packages /usr/bin/cmake /home/lfvmu/kobuki/src/ecl_core/ecl_core -DBUILD_TESTING=OFF -DCMAKE_INSTALL_PREFIX=/home/lfvmu/kobuki/install
[2.002s] Invoking command in '/home/lfvmu/kobuki/build/ecl_core': AMENT_PREFIX_PATH=/home/lfvmu/kobuki/install CMAKE_PREFIX_PATH=/home/lfvmu/kobuki/install LD_LIBRARY_PATH=/home/lfvmu/kobuki/install/lib PATH=/home/lfvmu/kobuki/install/bin:${PATH} PKG_CONFIG_PATH=/home/lfvmu/kobuki/install/lib/x86_64-linux-gnu/pkgconfig:/home/lfvmu/kobuki/install/lib/pkgconfig PYTHONPATH=/home/lfvmu/kobuki/install/lib/python3.8/site-packages /usr/bin/cmake --build /home/lfvmu/kobuki/build/ecl_core -- -j4 -l4
[2.088s] Invoked command in '/home/lfvmu/kobuki/build/ecl_core' returned '0': AMENT_PREFIX_PATH=/home/lfvmu/kobuki/install CMAKE_PREFIX_PATH=/home/lfvmu/kobuki/install LD_LIBRARY_PATH=/home/lfvmu/kobuki/install/lib PATH=/home/lfvmu/kobuki/install/bin:${PATH} PKG_CONFIG_PATH=/home/lfvmu/kobuki/install/lib/x86_64-linux-gnu/pkgconfig:/home/lfvmu/kobuki/install/lib/pkgconfig PYTHONPATH=/home/lfvmu/kobuki/install/lib/python3.8/site-packages /usr/bin/cmake --build /home/lfvmu/kobuki/build/ecl_core -- -j4 -l4
[2.134s] Invoking command in '/home/lfvmu/kobuki/build/ecl_core': AMENT_PREFIX_PATH=/home/lfvmu/kobuki/install CMAKE_PREFIX_PATH=/home/lfvmu/kobuki/install LD_LIBRARY_PATH=/home/lfvmu/kobuki/install/lib PATH=/home/lfvmu/kobuki/install/bin:${PATH} PKG_CONFIG_PATH=/home/lfvmu/kobuki/install/lib/x86_64-linux-gnu/pkgconfig:/home/lfvmu/kobuki/install/lib/pkgconfig PYTHONPATH=/home/lfvmu/kobuki/install/lib/python3.8/site-packages /usr/bin/cmake --install /home/lfvmu/kobuki/build/ecl_core
[2.151s] -- Install configuration: ""
[2.152s] -- Installing: /home/lfvmu/kobuki/install/share/ament_index/resource_index/package_run_dependencies/ecl_core
[2.152s] -- Installing: /home/lfvmu/kobuki/install/share/ament_index/resource_index/parent_prefix_path/ecl_core
[2.152s] -- Installing: /home/lfvmu/kobuki/install/share/ecl_core/environment/ament_prefix_path.sh
[2.153s] -- Installing: /home/lfvmu/kobuki/install/share/ecl_core/environment/ament_prefix_path.dsv
[2.153s] -- Installing: /home/lfvmu/kobuki/install/share/ecl_core/environment/path.sh
[2.153s] -- Installing: /home/lfvmu/kobuki/install/share/ecl_core/environment/path.dsv
[2.154s] -- Installing: /home/lfvmu/kobuki/install/share/ecl_core/local_setup.bash
[2.154s] -- Installing: /home/lfvmu/kobuki/install/share/ecl_core/local_setup.sh
[2.154s] -- Installing: /home/lfvmu/kobuki/install/share/ecl_core/local_setup.zsh
[2.155s] -- Installing: /home/lfvmu/kobuki/install/share/ecl_core/local_setup.dsv
[2.155s] -- Installing: /home/lfvmu/kobuki/install/share/ecl_core/package.dsv
[2.155s] -- Installing: /home/lfvmu/kobuki/install/share/ament_index/resource_index/packages/ecl_core
[2.156s] -- Installing: /home/lfvmu/kobuki/install/share/ecl_core/cmake/ecl_coreConfig.cmake
[2.156s] -- Installing: /home/lfvmu/kobuki/install/share/ecl_core/cmake/ecl_coreConfig-version.cmake
[2.156s] -- Installing: /home/lfvmu/kobuki/install/share/ecl_core/package.xml
[2.165s] Invoked command in '/home/lfvmu/kobuki/build/ecl_core' returned '0': AMENT_PREFIX_PATH=/home/lfvmu/kobuki/install CMAKE_PREFIX_PATH=/home/lfvmu/kobuki/install LD_LIBRARY_PATH=/home/lfvmu/kobuki/install/lib PATH=/home/lfvmu/kobuki/install/bin:${PATH} PKG_CONFIG_PATH=/home/lfvmu/kobuki/install/lib/x86_64-linux-gnu/pkgconfig:/home/lfvmu/kobuki/install/lib/pkgconfig PYTHONPATH=/home/lfvmu/kobuki/install/lib/python3.8/site-packages /usr/bin/cmake --install /home/lfvmu/kobuki/build/ecl_core
