[0.250s] Invoking command in '/home/lfvmu/kobuki/build/ament_cmake_pep257': /usr/bin/cmake /home/lfvmu/kobuki/src/ament_lint/ament_cmake_pep257 -DBUILD_TESTING=OFF -DCMAKE_INSTALL_PREFIX=/home/lfvmu/kobuki/install
[0.270s] -- Found ament_cmake_core: 0.9.11 (/home/lfvmu/kobuki/install/share/ament_cmake_core/cmake)
[0.321s] -- Using PYTHON_EXECUTABLE: /usr/bin/python3
[0.675s] -- Found ament_cmake_test: 0.9.11 (/home/lfvmu/kobuki/install/share/ament_cmake_test/cmake)
[0.807s] -- Configuring done
[0.816s] -- Generating done
[0.828s] -- Build files have been written to: /home/lfvmu/kobuki/build/ament_cmake_pep257
[1.069s] Invoked command in '/home/lfvmu/kobuki/build/ament_cmake_pep257' returned '0': /usr/bin/cmake /home/lfvmu/kobuki/src/ament_lint/ament_cmake_pep257 -DBUILD_TESTING=OFF -DCMAKE_INSTALL_PREFIX=/home/lfvmu/kobuki/install
[1.075s] Invoking command in '/home/lfvmu/kobuki/build/ament_cmake_pep257': /usr/bin/cmake --build /home/lfvmu/kobuki/build/ament_cmake_pep257 -- -j4 -l4
[1.351s] Invoked command in '/home/lfvmu/kobuki/build/ament_cmake_pep257' returned '0': /usr/bin/cmake --build /home/lfvmu/kobuki/build/ament_cmake_pep257 -- -j4 -l4
[1.647s] Invoking command in '/home/lfvmu/kobuki/build/ament_cmake_pep257': /usr/bin/cmake --install /home/lfvmu/kobuki/build/ament_cmake_pep257
[1.707s] -- Install configuration: "RelWithDebInfo"
[1.707s] -- Up-to-date: /home/lfvmu/kobuki/install/share/ament_index/resource_index/package_run_dependencies/ament_cmake_pep257
[1.708s] -- Up-to-date: /home/lfvmu/kobuki/install/share/ament_index/resource_index/parent_prefix_path/ament_cmake_pep257
[1.710s] -- Up-to-date: /home/lfvmu/kobuki/install/share/ament_cmake_pep257/environment/ament_prefix_path.sh
[1.710s] -- Installing: /home/lfvmu/kobuki/install/share/ament_cmake_pep257/environment/ament_prefix_path.dsv
[1.710s] -- Up-to-date: /home/lfvmu/kobuki/install/share/ament_cmake_pep257/environment/path.sh
[1.710s] -- Installing: /home/lfvmu/kobuki/install/share/ament_cmake_pep257/environment/path.dsv
[1.710s] -- Up-to-date: /home/lfvmu/kobuki/install/share/ament_cmake_pep257/local_setup.bash
[1.711s] -- Up-to-date: /home/lfvmu/kobuki/install/share/ament_cmake_pep257/local_setup.sh
[1.711s] -- Up-to-date: /home/lfvmu/kobuki/install/share/ament_cmake_pep257/local_setup.zsh
[1.711s] -- Installing: /home/lfvmu/kobuki/install/share/ament_cmake_pep257/local_setup.dsv
[1.711s] -- Installing: /home/lfvmu/kobuki/install/share/ament_cmake_pep257/package.dsv
[1.712s] -- Up-to-date: /home/lfvmu/kobuki/install/share/ament_index/resource_index/packages/ament_cmake_pep257
[1.712s] -- Up-to-date: /home/lfvmu/kobuki/install/share/ament_cmake_pep257/cmake/ament_cmake_pep257-extras.cmake
[1.712s] -- Up-to-date: /home/lfvmu/kobuki/install/share/ament_cmake_pep257/cmake/ament_cmake_pep257Config.cmake
[1.713s] -- Up-to-date: /home/lfvmu/kobuki/install/share/ament_cmake_pep257/cmake/ament_cmake_pep257Config-version.cmake
[1.713s] -- Up-to-date: /home/lfvmu/kobuki/install/share/ament_cmake_pep257/package.xml
[1.713s] -- Up-to-date: /home/lfvmu/kobuki/install/share/ament_cmake_pep257/cmake
[1.713s] -- Up-to-date: /home/lfvmu/kobuki/install/share/ament_cmake_pep257/cmake/ament_cmake_pep257_lint_hook.cmake
[1.713s] -- Up-to-date: /home/lfvmu/kobuki/install/share/ament_cmake_pep257/cmake/ament_pep257.cmake
[1.876s] Invoked command in '/home/lfvmu/kobuki/build/ament_cmake_pep257' returned '0': /usr/bin/cmake --install /home/lfvmu/kobuki/build/ament_cmake_pep257
