[0.342s] Invoking command in '/home/lfvmu/kobuki/build/ecl_eigen': /usr/bin/cmake /home/lfvmu/kobuki/src/ecl_core/ecl_eigen -DBUILD_TESTING=OFF -DCMAKE_INSTALL_PREFIX=/home/lfvmu/kobuki/install
[0.382s] Re-run cmake no build system arguments
[0.432s] -- Found ament_cmake_ros: 0.9.2 (/home/lfvmu/kobuki/install/share/ament_cmake_ros/cmake)
[0.511s] -- Using PYTHON_EXECUTABLE: /usr/bin/python3
[1.067s] -- Configuring done
[1.075s] -- Generating done
[1.075s] -- Build files have been written to: /home/lfvmu/kobuki/build/ecl_eigen
[1.260s] Invoked command in '/home/lfvmu/kobuki/build/ecl_eigen' returned '0': /usr/bin/cmake /home/lfvmu/kobuki/src/ecl_core/ecl_eigen -DBUILD_TESTING=OFF -DCMAKE_INSTALL_PREFIX=/home/lfvmu/kobuki/install
[1.266s] Invoking command in '/home/lfvmu/kobuki/build/ecl_eigen': /usr/bin/cmake --build /home/lfvmu/kobuki/build/ecl_eigen -- -j4 -l4
[1.315s] /usr/bin/cmake -S/home/lfvmu/kobuki/src/ecl_core/ecl_eigen -B/home/lfvmu/kobuki/build/ecl_eigen --check-build-system CMakeFiles/Makefile.cmake 0
[1.355s] /usr/bin/cmake -E cmake_progress_start /home/lfvmu/kobuki/build/ecl_eigen/CMakeFiles /home/lfvmu/kobuki/build/ecl_eigen/CMakeFiles/progress.marks
[1.376s] /usr/bin/make -f CMakeFiles/Makefile2 all
[1.376s] make[1]: Entering directory '/home/lfvmu/kobuki/build/ecl_eigen'
[1.376s] make[1]: Nothing to be done for 'all'.
[1.376s] make[1]: Leaving directory '/home/lfvmu/kobuki/build/ecl_eigen'
[1.377s] /usr/bin/cmake -E cmake_progress_start /home/lfvmu/kobuki/build/ecl_eigen/CMakeFiles 0
[1.669s] Invoked command in '/home/lfvmu/kobuki/build/ecl_eigen' returned '0': /usr/bin/cmake --build /home/lfvmu/kobuki/build/ecl_eigen -- -j4 -l4
[1.772s] Invoking command in '/home/lfvmu/kobuki/build/ecl_eigen': /usr/bin/cmake --install /home/lfvmu/kobuki/build/ecl_eigen
[1.793s] -- Install configuration: "RelWithDebInfo"
[1.793s] -- Up-to-date: /home/lfvmu/kobuki/install/include/ecl/eigen.hpp
[1.793s] -- Up-to-date: /home/lfvmu/kobuki/install/share/ament_index/resource_index/package_run_dependencies/ecl_eigen
[1.794s] -- Up-to-date: /home/lfvmu/kobuki/install/share/ament_index/resource_index/parent_prefix_path/ecl_eigen
[1.794s] -- Up-to-date: /home/lfvmu/kobuki/install/share/ecl_eigen/environment/ament_prefix_path.sh
[1.794s] -- Installing: /home/lfvmu/kobuki/install/share/ecl_eigen/environment/ament_prefix_path.dsv
[1.796s] -- Up-to-date: /home/lfvmu/kobuki/install/share/ecl_eigen/environment/path.sh
[1.797s] -- Installing: /home/lfvmu/kobuki/install/share/ecl_eigen/environment/path.dsv
[1.798s] -- Up-to-date: /home/lfvmu/kobuki/install/share/ecl_eigen/local_setup.bash
[1.798s] -- Up-to-date: /home/lfvmu/kobuki/install/share/ecl_eigen/local_setup.sh
[1.799s] -- Up-to-date: /home/lfvmu/kobuki/install/share/ecl_eigen/local_setup.zsh
[1.799s] -- Installing: /home/lfvmu/kobuki/install/share/ecl_eigen/local_setup.dsv
[1.799s] -- Installing: /home/lfvmu/kobuki/install/share/ecl_eigen/package.dsv
[1.799s] -- Up-to-date: /home/lfvmu/kobuki/install/share/ament_index/resource_index/packages/ecl_eigen
[1.800s] -- Up-to-date: /home/lfvmu/kobuki/install/share/ecl_eigen/cmake/ecl_eigenExport.cmake
[1.800s] -- Up-to-date: /home/lfvmu/kobuki/install/share/ecl_eigen/cmake/ament_cmake_export_targets-extras.cmake
[1.801s] -- Up-to-date: /home/lfvmu/kobuki/install/share/ecl_eigen/cmake/ament_cmake_export_include_directories-extras.cmake
[1.801s] -- Up-to-date: /home/lfvmu/kobuki/install/share/ecl_eigen/cmake/ament_cmake_export_dependencies-extras.cmake
[1.801s] -- Up-to-date: /home/lfvmu/kobuki/install/share/ecl_eigen/cmake/ecl_eigenConfig.cmake
[1.801s] -- Up-to-date: /home/lfvmu/kobuki/install/share/ecl_eigen/cmake/ecl_eigenConfig-version.cmake
[1.802s] -- Up-to-date: /home/lfvmu/kobuki/install/share/ecl_eigen/package.xml
[1.802s] -- Up-to-date: /home/lfvmu/kobuki/install/share/licenses/eigen/COPYING.LESSER
[1.813s] Invoked command in '/home/lfvmu/kobuki/build/ecl_eigen' returned '0': /usr/bin/cmake --install /home/lfvmu/kobuki/build/ecl_eigen
