[0.566s] Invoking command in '/home/lfvmu/kobuki/build/ament_cmake': /usr/bin/cmake /home/lfvmu/kobuki/src/ament_cmake/ament_cmake -DBUILD_TESTING=OFF --no-warn-unused-cli -DCMAKE_INSTALL_PREFIX=/home/lfvmu/kobuki/install
[0.586s] Not searching for unused variables given on the command line.
[0.588s] -- Found ament_cmake_core: 0.9.11 (/home/lfvmu/kobuki/install/share/ament_cmake_core/cmake)
[0.632s] -- Using PYTHON_EXECUTABLE: /usr/bin/python3
[0.959s] -- Found ament_cmake_export_dependencies: 0.9.11 (/home/lfvmu/kobuki/install/share/ament_cmake_export_dependencies/cmake)
[1.098s] -- Configuring done
[1.098s] -- Generating done
[1.113s] -- Build files have been written to: /home/lfvmu/kobuki/build/ament_cmake
[1.186s] Invoked command in '/home/lfvmu/kobuki/build/ament_cmake' returned '0': /usr/bin/cmake /home/lfvmu/kobuki/src/ament_cmake/ament_cmake -DBUILD_TESTING=OFF --no-warn-unused-cli -DCMAKE_INSTALL_PREFIX=/home/lfvmu/kobuki/install
[1.194s] Invoking command in '/home/lfvmu/kobuki/build/ament_cmake': /usr/bin/cmake --build /home/lfvmu/kobuki/build/ament_cmake -- -j4 -l4
[1.437s] Invoked command in '/home/lfvmu/kobuki/build/ament_cmake' returned '0': /usr/bin/cmake --build /home/lfvmu/kobuki/build/ament_cmake -- -j4 -l4
[1.515s] Invoking command in '/home/lfvmu/kobuki/build/ament_cmake': /usr/bin/cmake --install /home/lfvmu/kobuki/build/ament_cmake
[1.535s] -- Install configuration: "RelWithDebInfo"
[1.535s] -- Up-to-date: /home/lfvmu/kobuki/install/share/ament_index/resource_index/package_run_dependencies/ament_cmake
[1.535s] -- Up-to-date: /home/lfvmu/kobuki/install/share/ament_index/resource_index/parent_prefix_path/ament_cmake
[1.536s] -- Up-to-date: /home/lfvmu/kobuki/install/share/ament_cmake/environment/ament_prefix_path.sh
[1.536s] -- Installing: /home/lfvmu/kobuki/install/share/ament_cmake/environment/ament_prefix_path.dsv
[1.537s] -- Up-to-date: /home/lfvmu/kobuki/install/share/ament_cmake/environment/path.sh
[1.537s] -- Installing: /home/lfvmu/kobuki/install/share/ament_cmake/environment/path.dsv
[1.537s] -- Up-to-date: /home/lfvmu/kobuki/install/share/ament_cmake/local_setup.bash
[1.538s] -- Up-to-date: /home/lfvmu/kobuki/install/share/ament_cmake/local_setup.sh
[1.538s] -- Up-to-date: /home/lfvmu/kobuki/install/share/ament_cmake/local_setup.zsh
[1.538s] -- Installing: /home/lfvmu/kobuki/install/share/ament_cmake/local_setup.dsv
[1.539s] -- Installing: /home/lfvmu/kobuki/install/share/ament_cmake/package.dsv
[1.539s] -- Up-to-date: /home/lfvmu/kobuki/install/share/ament_index/resource_index/packages/ament_cmake
[1.540s] -- Up-to-date: /home/lfvmu/kobuki/install/share/ament_cmake/cmake/ament_cmake_export_dependencies-extras.cmake
[1.542s] -- Up-to-date: /home/lfvmu/kobuki/install/share/ament_cmake/cmake/ament_cmakeConfig.cmake
[1.543s] -- Up-to-date: /home/lfvmu/kobuki/install/share/ament_cmake/cmake/ament_cmakeConfig-version.cmake
[1.543s] -- Up-to-date: /home/lfvmu/kobuki/install/share/ament_cmake/package.xml
[1.550s] Invoked command in '/home/lfvmu/kobuki/build/ament_cmake' returned '0': /usr/bin/cmake --install /home/lfvmu/kobuki/build/ament_cmake
