[0.460s] Invoking command in '/home/lfvmu/kobuki/build/ecl_geometry': /usr/bin/cmake /home/lfvmu/kobuki/src/ecl_core/ecl_geometry -DBUILD_TESTING=OFF -DCMAKE_INSTALL_PREFIX=/home/lfvmu/kobuki/install
[0.529s] -- Found ament_cmake_ros: 0.9.2 (/home/lfvmu/kobuki/install/share/ament_cmake_ros/cmake)
[0.566s] -- Using PYTHON_EXECUTABLE: /usr/bin/python3
[0.964s] -- Found ecl_build: 1.0.3 (/home/lfvmu/kobuki/install/share/ecl_build/cmake)
[0.996s] -- Found ecl_config: 1.1.0 (/home/lfvmu/kobuki/install/share/ecl_config/cmake)
[1.001s] -- Found ecl_containers: 1.2.1 (/home/lfvmu/kobuki/install/share/ecl_containers/cmake)
[1.126s] -- Found ecl_linear_algebra: 1.2.1 (/home/lfvmu/kobuki/install/share/ecl_linear_algebra/cmake)
[1.336s] -- Configuring done
[1.386s] -- Generating done
[1.392s] -- Build files have been written to: /home/lfvmu/kobuki/build/ecl_geometry
[1.409s] Invoked command in '/home/lfvmu/kobuki/build/ecl_geometry' returned '0': /usr/bin/cmake /home/lfvmu/kobuki/src/ecl_core/ecl_geometry -DBUILD_TESTING=OFF -DCMAKE_INSTALL_PREFIX=/home/lfvmu/kobuki/install
[1.414s] Invoking command in '/home/lfvmu/kobuki/build/ecl_geometry': /usr/bin/cmake --build /home/lfvmu/kobuki/build/ecl_geometry -- -j4 -l4
[1.687s] [100%] Built target ecl_geometry
[1.720s] Invoked command in '/home/lfvmu/kobuki/build/ecl_geometry' returned '0': /usr/bin/cmake --build /home/lfvmu/kobuki/build/ecl_geometry -- -j4 -l4
[1.994s] Invoking command in '/home/lfvmu/kobuki/build/ecl_geometry': /usr/bin/cmake --install /home/lfvmu/kobuki/build/ecl_geometry
[2.033s] -- Install configuration: "RelWithDebInfo"
[2.034s] -- Up-to-date: /home/lfvmu/kobuki/install/share/ecl_geometry/environment/library_path.sh
[2.035s] -- Installing: /home/lfvmu/kobuki/install/share/ecl_geometry/environment/library_path.dsv
[2.036s] -- Up-to-date: /home/lfvmu/kobuki/install/share/ament_index/resource_index/package_run_dependencies/ecl_geometry
[2.036s] -- Up-to-date: /home/lfvmu/kobuki/install/share/ament_index/resource_index/parent_prefix_path/ecl_geometry
[2.037s] -- Up-to-date: /home/lfvmu/kobuki/install/share/ecl_geometry/environment/ament_prefix_path.sh
[2.037s] -- Installing: /home/lfvmu/kobuki/install/share/ecl_geometry/environment/ament_prefix_path.dsv
[2.038s] -- Up-to-date: /home/lfvmu/kobuki/install/share/ecl_geometry/environment/path.sh
[2.038s] -- Installing: /home/lfvmu/kobuki/install/share/ecl_geometry/environment/path.dsv
[2.039s] -- Up-to-date: /home/lfvmu/kobuki/install/share/ecl_geometry/local_setup.bash
[2.040s] -- Up-to-date: /home/lfvmu/kobuki/install/share/ecl_geometry/local_setup.sh
[2.040s] -- Up-to-date: /home/lfvmu/kobuki/install/share/ecl_geometry/local_setup.zsh
[2.041s] -- Installing: /home/lfvmu/kobuki/install/share/ecl_geometry/local_setup.dsv
[2.041s] -- Installing: /home/lfvmu/kobuki/install/share/ecl_geometry/package.dsv
[2.042s] -- Up-to-date: /home/lfvmu/kobuki/install/share/ament_index/resource_index/packages/ecl_geometry
[2.044s] -- Up-to-date: /home/lfvmu/kobuki/install/share/ecl_geometry/cmake/ecl_geometryExport.cmake
[2.044s] -- Installing: /home/lfvmu/kobuki/install/share/ecl_geometry/cmake/ecl_geometryExport-relwithdebinfo.cmake
[2.045s] -- Up-to-date: /home/lfvmu/kobuki/install/share/ecl_geometry/cmake/ament_cmake_export_targets-extras.cmake
[2.046s] -- Up-to-date: /home/lfvmu/kobuki/install/share/ecl_geometry/cmake/ament_cmake_export_include_directories-extras.cmake
[2.046s] -- Up-to-date: /home/lfvmu/kobuki/install/share/ecl_geometry/cmake/ament_cmake_export_libraries-extras.cmake
[2.047s] -- Up-to-date: /home/lfvmu/kobuki/install/share/ecl_geometry/cmake/ament_cmake_export_dependencies-extras.cmake
[2.047s] -- Up-to-date: /home/lfvmu/kobuki/install/share/ecl_geometry/cmake/ecl_geometryConfig.cmake
[2.048s] -- Up-to-date: /home/lfvmu/kobuki/install/share/ecl_geometry/cmake/ecl_geometryConfig-version.cmake
[2.048s] -- Up-to-date: /home/lfvmu/kobuki/install/share/ecl_geometry/package.xml
[2.049s] -- Up-to-date: /home/lfvmu/kobuki/install/include/ecl/geometry.hpp
[2.051s] -- Up-to-date: /home/lfvmu/kobuki/install/include/ecl/geometry/angle.hpp
[2.051s] -- Up-to-date: /home/lfvmu/kobuki/install/include/ecl/geometry/cartesian_point.hpp
[2.052s] -- Up-to-date: /home/lfvmu/kobuki/install/include/ecl/geometry/cubic_spline.hpp
[2.052s] -- Up-to-date: /home/lfvmu/kobuki/install/include/ecl/geometry/function_math.hpp
[2.052s] -- Up-to-date: /home/lfvmu/kobuki/install/include/ecl/geometry/homogeneous_point.hpp
[2.053s] -- Up-to-date: /home/lfvmu/kobuki/install/include/ecl/geometry/legacy_pose2d.hpp
[2.053s] -- Up-to-date: /home/lfvmu/kobuki/install/include/ecl/geometry/legacy_pose3d.hpp
[2.054s] -- Up-to-date: /home/lfvmu/kobuki/install/include/ecl/geometry/linear_segment.hpp
[2.054s] -- Up-to-date: /home/lfvmu/kobuki/install/include/ecl/geometry/macros.hpp
[2.054s] -- Up-to-date: /home/lfvmu/kobuki/install/include/ecl/geometry/odometry.hpp
[2.055s] -- Up-to-date: /home/lfvmu/kobuki/install/include/ecl/geometry/odometry_helper.hpp
[2.055s] -- Up-to-date: /home/lfvmu/kobuki/install/include/ecl/geometry/odometry_typedefs.hpp
[2.055s] -- Up-to-date: /home/lfvmu/kobuki/install/include/ecl/geometry/pascals_triangle.hpp
[2.056s] -- Up-to-date: /home/lfvmu/kobuki/install/include/ecl/geometry/polynomial.hpp
[2.056s] -- Up-to-date: /home/lfvmu/kobuki/install/include/ecl/geometry/pose2d.hpp
[2.057s] -- Up-to-date: /home/lfvmu/kobuki/install/include/ecl/geometry/smooth_linear_spline.hpp
[2.057s] -- Up-to-date: /home/lfvmu/kobuki/install/include/ecl/geometry/spline_function.hpp
[2.057s] -- Up-to-date: /home/lfvmu/kobuki/install/include/ecl/geometry/tension_function.hpp
[2.058s] -- Up-to-date: /home/lfvmu/kobuki/install/include/ecl/geometry/tension_spline.hpp
[2.060s] -- Up-to-date: /home/lfvmu/kobuki/install/lib/libecl_geometry.so.1.2.1
[2.061s] -- Up-to-date: /home/lfvmu/kobuki/install/lib/libecl_geometry.so
[2.085s] Invoked command in '/home/lfvmu/kobuki/build/ecl_geometry' returned '0': /usr/bin/cmake --install /home/lfvmu/kobuki/build/ecl_geometry
