[1.886s] Invoking command in '/home/lfvmu/kobuki/src/ament_lint/ament_xmllint': AMENT_PREFIX_PATH=/home/lfvmu/kobuki/install CMAKE_PREFIX_PATH=/home/lfvmu/kobuki/install LD_LIBRARY_PATH=/home/lfvmu/kobuki/install/lib PATH=/home/lfvmu/kobuki/install/bin:${PATH} PYTHONPATH=/home/lfvmu/kobuki/build/ament_xmllint/prefix_override:/home/lfvmu/kobuki/install/lib/python3.8/site-packages:/home/lfvmu/kobuki/install/lib/python3.8/site-packages /usr/bin/python3 setup.py egg_info --egg-base ../../../build/ament_xmllint build --build-base /home/lfvmu/kobuki/build/ament_xmllint/build install --record /home/lfvmu/kobuki/build/ament_xmllint/install.log --single-version-externally-managed
[2.402s] running egg_info
[2.402s] writing ../../../build/ament_xmllint/ament_xmllint.egg-info/PKG-INFO
[2.403s] writing dependency_links to ../../../build/ament_xmllint/ament_xmllint.egg-info/dependency_links.txt
[2.408s] writing entry points to ../../../build/ament_xmllint/ament_xmllint.egg-info/entry_points.txt
[2.408s] writing requirements to ../../../build/ament_xmllint/ament_xmllint.egg-info/requires.txt
[2.409s] writing top-level names to ../../../build/ament_xmllint/ament_xmllint.egg-info/top_level.txt
[2.409s] reading manifest file '../../../build/ament_xmllint/ament_xmllint.egg-info/SOURCES.txt'
[2.409s] writing manifest file '../../../build/ament_xmllint/ament_xmllint.egg-info/SOURCES.txt'
[2.409s] running build
[2.410s] running build_py
[2.410s] running install
[2.410s] running install_lib
[2.410s] running install_data
[2.411s] running install_egg_info
[2.411s] removing '/home/lfvmu/kobuki/install/lib/python3.8/site-packages/ament_xmllint-0.9.7-py3.8.egg-info' (and everything under it)
[2.411s] Copying ../../../build/ament_xmllint/ament_xmllint.egg-info to /home/lfvmu/kobuki/install/lib/python3.8/site-packages/ament_xmllint-0.9.7-py3.8.egg-info
[2.411s] running install_scripts
[2.412s] Installing ament_xmllint script to /home/lfvmu/kobuki/install/bin
[2.412s] writing list of installed files to '/home/lfvmu/kobuki/build/ament_xmllint/install.log'
[2.588s] Invoked command in '/home/lfvmu/kobuki/src/ament_lint/ament_xmllint' returned '0': AMENT_PREFIX_PATH=/home/lfvmu/kobuki/install CMAKE_PREFIX_PATH=/home/lfvmu/kobuki/install LD_LIBRARY_PATH=/home/lfvmu/kobuki/install/lib PATH=/home/lfvmu/kobuki/install/bin:${PATH} PYTHONPATH=/home/lfvmu/kobuki/build/ament_xmllint/prefix_override:/home/lfvmu/kobuki/install/lib/python3.8/site-packages:/home/lfvmu/kobuki/install/lib/python3.8/site-packages /usr/bin/python3 setup.py egg_info --egg-base ../../../build/ament_xmllint build --build-base /home/lfvmu/kobuki/build/ament_xmllint/build install --record /home/lfvmu/kobuki/build/ament_xmllint/install.log --single-version-externally-managed
