[0.734s] Invoking command in '/home/lfvmu/kobuki/build/ecl_utilities': /usr/bin/cmake /home/lfvmu/kobuki/src/ecl_core/ecl_utilities -DBUILD_TESTING=OFF -DCMAKE_INSTALL_PREFIX=/home/lfvmu/kobuki/install
[0.774s] Re-run cmake no build system arguments
[0.806s] -- Found ament_cmake_ros: 0.9.2 (/home/lfvmu/kobuki/install/share/ament_cmake_ros/cmake)
[0.936s] -- Using PYTHON_EXECUTABLE: /usr/bin/python3
[1.247s] -- Found ecl_build: 1.0.3 (/home/lfvmu/kobuki/install/share/ecl_build/cmake)
[1.275s] -- Found ecl_concepts: 1.2.1 (/home/lfvmu/kobuki/install/share/ecl_concepts/cmake)
[1.470s] -- Configuring done
[1.497s] -- Generating done
[1.502s] -- Build files have been written to: /home/lfvmu/kobuki/build/ecl_utilities
[1.515s] Invoked command in '/home/lfvmu/kobuki/build/ecl_utilities' returned '0': /usr/bin/cmake /home/lfvmu/kobuki/src/ecl_core/ecl_utilities -DBUILD_TESTING=OFF -DCMAKE_INSTALL_PREFIX=/home/lfvmu/kobuki/install
[1.517s] Invoking command in '/home/lfvmu/kobuki/build/ecl_utilities': /usr/bin/cmake --build /home/lfvmu/kobuki/build/ecl_utilities -- -j4 -l4
[1.574s] /usr/bin/cmake -S/home/lfvmu/kobuki/src/ecl_core/ecl_utilities -B/home/lfvmu/kobuki/build/ecl_utilities --check-build-system CMakeFiles/Makefile.cmake 0
[1.617s] /usr/bin/cmake -E cmake_progress_start /home/lfvmu/kobuki/build/ecl_utilities/CMakeFiles /home/lfvmu/kobuki/build/ecl_utilities/CMakeFiles/progress.marks
[1.649s] /usr/bin/make -f CMakeFiles/Makefile2 all
[1.658s] make[1]: Entering directory '/home/lfvmu/kobuki/build/ecl_utilities'
[1.659s] /usr/bin/make -f src/examples/CMakeFiles/ecl_demo_constructors.dir/build.make src/examples/CMakeFiles/ecl_demo_constructors.dir/depend
[1.659s] make[2]: Entering directory '/home/lfvmu/kobuki/build/ecl_utilities'
[1.659s] cd /home/lfvmu/kobuki/build/ecl_utilities && /usr/bin/cmake -E cmake_depends "Unix Makefiles" /home/lfvmu/kobuki/src/ecl_core/ecl_utilities /home/lfvmu/kobuki/src/ecl_core/ecl_utilities/src/examples /home/lfvmu/kobuki/build/ecl_utilities /home/lfvmu/kobuki/build/ecl_utilities/src/examples /home/lfvmu/kobuki/build/ecl_utilities/src/examples/CMakeFiles/ecl_demo_constructors.dir/DependInfo.cmake --color=
[1.689s] make[2]: Leaving directory '/home/lfvmu/kobuki/build/ecl_utilities'
[1.689s] /usr/bin/make -f src/examples/CMakeFiles/ecl_demo_constructors.dir/build.make src/examples/CMakeFiles/ecl_demo_constructors.dir/build
[1.690s] make[2]: Entering directory '/home/lfvmu/kobuki/build/ecl_utilities'
[1.690s] make[2]: Nothing to be done for 'src/examples/CMakeFiles/ecl_demo_constructors.dir/build'.
[1.690s] make[2]: Leaving directory '/home/lfvmu/kobuki/build/ecl_utilities'
[1.714s] [100%] Built target ecl_demo_constructors
[1.719s] make[1]: Leaving directory '/home/lfvmu/kobuki/build/ecl_utilities'
[1.719s] /usr/bin/cmake -E cmake_progress_start /home/lfvmu/kobuki/build/ecl_utilities/CMakeFiles 0
[1.754s] Invoked command in '/home/lfvmu/kobuki/build/ecl_utilities' returned '0': /usr/bin/cmake --build /home/lfvmu/kobuki/build/ecl_utilities -- -j4 -l4
[2.063s] Invoking command in '/home/lfvmu/kobuki/build/ecl_utilities': /usr/bin/cmake --install /home/lfvmu/kobuki/build/ecl_utilities
[2.083s] -- Install configuration: "RelWithDebInfo"
[2.083s] -- Up-to-date: /home/lfvmu/kobuki/install/share/ament_index/resource_index/package_run_dependencies/ecl_utilities
[2.086s] -- Up-to-date: /home/lfvmu/kobuki/install/share/ament_index/resource_index/parent_prefix_path/ecl_utilities
[2.087s] -- Up-to-date: /home/lfvmu/kobuki/install/share/ecl_utilities/environment/ament_prefix_path.sh
[2.087s] -- Installing: /home/lfvmu/kobuki/install/share/ecl_utilities/environment/ament_prefix_path.dsv
[2.088s] -- Up-to-date: /home/lfvmu/kobuki/install/share/ecl_utilities/environment/path.sh
[2.088s] -- Installing: /home/lfvmu/kobuki/install/share/ecl_utilities/environment/path.dsv
[2.088s] -- Up-to-date: /home/lfvmu/kobuki/install/share/ecl_utilities/local_setup.bash
[2.089s] -- Up-to-date: /home/lfvmu/kobuki/install/share/ecl_utilities/local_setup.sh
[2.089s] -- Up-to-date: /home/lfvmu/kobuki/install/share/ecl_utilities/local_setup.zsh
[2.089s] -- Installing: /home/lfvmu/kobuki/install/share/ecl_utilities/local_setup.dsv
[2.089s] -- Installing: /home/lfvmu/kobuki/install/share/ecl_utilities/package.dsv
[2.089s] -- Up-to-date: /home/lfvmu/kobuki/install/share/ament_index/resource_index/packages/ecl_utilities
[2.090s] -- Up-to-date: /home/lfvmu/kobuki/install/share/ecl_utilities/cmake/ecl_utilitiesExport.cmake
[2.091s] -- Up-to-date: /home/lfvmu/kobuki/install/share/ecl_utilities/cmake/ament_cmake_export_targets-extras.cmake
[2.092s] -- Up-to-date: /home/lfvmu/kobuki/install/share/ecl_utilities/cmake/ament_cmake_export_include_directories-extras.cmake
[2.092s] -- Up-to-date: /home/lfvmu/kobuki/install/share/ecl_utilities/cmake/ament_cmake_export_dependencies-extras.cmake
[2.092s] -- Up-to-date: /home/lfvmu/kobuki/install/share/ecl_utilities/cmake/ecl_utilitiesConfig.cmake
[2.092s] -- Up-to-date: /home/lfvmu/kobuki/install/share/ecl_utilities/cmake/ecl_utilitiesConfig-version.cmake
[2.092s] -- Up-to-date: /home/lfvmu/kobuki/install/share/ecl_utilities/package.xml
[2.093s] -- Up-to-date: /home/lfvmu/kobuki/install/include/ecl/utilities.hpp
[2.093s] -- Up-to-date: /home/lfvmu/kobuki/install/include/ecl/utilities/blueprints.hpp
[2.093s] -- Up-to-date: /home/lfvmu/kobuki/install/include/ecl/utilities/flags.hpp
[2.093s] -- Up-to-date: /home/lfvmu/kobuki/install/include/ecl/utilities/function_objects.hpp
[2.094s] -- Up-to-date: /home/lfvmu/kobuki/install/include/ecl/utilities/parameter.hpp
[2.094s] -- Up-to-date: /home/lfvmu/kobuki/install/include/ecl/utilities/references.hpp
[2.095s] -- Up-to-date: /home/lfvmu/kobuki/install/include/ecl/utilities/singleton.hpp
[2.096s] -- Up-to-date: /home/lfvmu/kobuki/install/include/ecl/utilities/void.hpp
[2.102s] -- Up-to-date: /home/lfvmu/kobuki/install/lib/ecl_utilities/demo_constructors
[2.108s] Invoked command in '/home/lfvmu/kobuki/build/ecl_utilities' returned '0': /usr/bin/cmake --install /home/lfvmu/kobuki/build/ecl_utilities
