[1.523s] Invoking command in '/home/lfvmu/kobuki/src/ament_cmake_ros/domain_coordinator': AMENT_PREFIX_PATH=/home/lfvmu/kobuki/install CMAKE_PREFIX_PATH=/home/lfvmu/kobuki/install PATH=/home/lfvmu/kobuki/install/bin:${PATH} PYTHONPATH=/home/lfvmu/kobuki/build/domain_coordinator/prefix_override:/home/lfvmu/kobuki/install/lib/python3.8/site-packages:/home/lfvmu/kobuki/install/lib/python3.8/site-packages /usr/bin/python3 setup.py egg_info --egg-base ../../../build/domain_coordinator build --build-base /home/lfvmu/kobuki/build/domain_coordinator/build install --record /home/lfvmu/kobuki/build/domain_coordinator/install.log --single-version-externally-managed
[1.952s] running egg_info
[1.953s] creating ../../../build/domain_coordinator/domain_coordinator.egg-info
[1.954s] writing ../../../build/domain_coordinator/domain_coordinator.egg-info/PKG-INFO
[1.955s] writing dependency_links to ../../../build/domain_coordinator/domain_coordinator.egg-info/dependency_links.txt
[1.955s] writing requirements to ../../../build/domain_coordinator/domain_coordinator.egg-info/requires.txt
[1.955s] writing top-level names to ../../../build/domain_coordinator/domain_coordinator.egg-info/top_level.txt
[1.956s] writing manifest file '../../../build/domain_coordinator/domain_coordinator.egg-info/SOURCES.txt'
[2.070s] reading manifest file '../../../build/domain_coordinator/domain_coordinator.egg-info/SOURCES.txt'
[2.072s] writing manifest file '../../../build/domain_coordinator/domain_coordinator.egg-info/SOURCES.txt'
[2.072s] running build
[2.072s] running build_py
[2.072s] creating /home/lfvmu/kobuki/build/domain_coordinator/build
[2.073s] creating /home/lfvmu/kobuki/build/domain_coordinator/build/lib
[2.073s] creating /home/lfvmu/kobuki/build/domain_coordinator/build/lib/domain_coordinator
[2.073s] copying domain_coordinator/__init__.py -> /home/lfvmu/kobuki/build/domain_coordinator/build/lib/domain_coordinator
[2.074s] running install
[2.075s] running install_lib
[2.077s] creating /home/lfvmu/kobuki/install/lib/python3.8/site-packages/domain_coordinator
[2.078s] copying /home/lfvmu/kobuki/build/domain_coordinator/build/lib/domain_coordinator/__init__.py -> /home/lfvmu/kobuki/install/lib/python3.8/site-packages/domain_coordinator
[2.079s] byte-compiling /home/lfvmu/kobuki/install/lib/python3.8/site-packages/domain_coordinator/__init__.py to __init__.cpython-38.pyc
[2.083s] running install_data
[2.094s] copying package.xml -> /home/lfvmu/kobuki/install/share/domain_coordinator
[2.099s] copying resource/domain_coordinator -> /home/lfvmu/kobuki/install/share/ament_index/resource_index/packages
[2.100s] running install_egg_info
[2.100s] Copying ../../../build/domain_coordinator/domain_coordinator.egg-info to /home/lfvmu/kobuki/install/lib/python3.8/site-packages/domain_coordinator-0.9.2-py3.8.egg-info
[2.104s] running install_scripts
[2.149s] writing list of installed files to '/home/lfvmu/kobuki/build/domain_coordinator/install.log'
[2.323s] Invoked command in '/home/lfvmu/kobuki/src/ament_cmake_ros/domain_coordinator' returned '0': AMENT_PREFIX_PATH=/home/lfvmu/kobuki/install CMAKE_PREFIX_PATH=/home/lfvmu/kobuki/install PATH=/home/lfvmu/kobuki/install/bin:${PATH} PYTHONPATH=/home/lfvmu/kobuki/build/domain_coordinator/prefix_override:/home/lfvmu/kobuki/install/lib/python3.8/site-packages:/home/lfvmu/kobuki/install/lib/python3.8/site-packages /usr/bin/python3 setup.py egg_info --egg-base ../../../build/domain_coordinator build --build-base /home/lfvmu/kobuki/build/domain_coordinator/build install --record /home/lfvmu/kobuki/build/domain_coordinator/install.log --single-version-externally-managed
