[0.554s] Invoking command in '/home/lfvmu/kobuki/build/sophus': /usr/bin/cmake /home/lfvmu/kobuki/src/sophus -DBUILD_TESTING=OFF -DBUILD_TESTS=OFF -DCMAKE_INSTALL_PREFIX=/home/lfvmu/kobuki/install
[0.636s] -- Configuring done
[0.667s] -- Generating done
[0.667s] -- Build files have been written to: /home/lfvmu/kobuki/build/sophus
[0.792s] Invoked command in '/home/lfvmu/kobuki/build/sophus' returned '0': /usr/bin/cmake /home/lfvmu/kobuki/src/sophus -DBUILD_TESTING=OFF -DBUILD_TESTS=OFF -DCMAKE_INSTALL_PREFIX=/home/lfvmu/kobuki/install
[0.799s] Invoking command in '/home/lfvmu/kobuki/build/sophus': /usr/bin/cmake --build /home/lfvmu/kobuki/build/sophus -- -j4 -l4
[0.928s] [100%] Built target HelloSO3
[1.066s] Invoked command in '/home/lfvmu/kobuki/build/sophus' returned '0': /usr/bin/cmake --build /home/lfvmu/kobuki/build/sophus -- -j4 -l4
[1.597s] Invoking command in '/home/lfvmu/kobuki/build/sophus': /usr/bin/cmake --install /home/lfvmu/kobuki/build/sophus
[1.617s] -- Install configuration: "RelWithDebInfo"
[1.617s] -- Up-to-date: /home/lfvmu/kobuki/install/share/sophus/cmake/SophusTargets.cmake
[1.618s] -- Up-to-date: /home/lfvmu/kobuki/install/share/sophus/cmake/SophusConfig.cmake
[1.618s] -- Up-to-date: /home/lfvmu/kobuki/install/share/sophus/cmake/SophusConfigVersion.cmake
[1.618s] -- Up-to-date: /home/lfvmu/kobuki/install/include/sophus/average.hpp
[1.636s] -- Up-to-date: /home/lfvmu/kobuki/install/include/sophus/common.hpp
[1.636s] -- Up-to-date: /home/lfvmu/kobuki/install/include/sophus/geometry.hpp
[1.636s] -- Up-to-date: /home/lfvmu/kobuki/install/include/sophus/interpolate.hpp
[1.636s] -- Up-to-date: /home/lfvmu/kobuki/install/include/sophus/interpolate_details.hpp
[1.636s] -- Up-to-date: /home/lfvmu/kobuki/install/include/sophus/num_diff.hpp
[1.636s] -- Up-to-date: /home/lfvmu/kobuki/install/include/sophus/rotation_matrix.hpp
[1.636s] -- Up-to-date: /home/lfvmu/kobuki/install/include/sophus/rxso2.hpp
[1.637s] -- Up-to-date: /home/lfvmu/kobuki/install/include/sophus/rxso3.hpp
[1.637s] -- Up-to-date: /home/lfvmu/kobuki/install/include/sophus/se2.hpp
[1.637s] -- Up-to-date: /home/lfvmu/kobuki/install/include/sophus/se3.hpp
[1.637s] -- Up-to-date: /home/lfvmu/kobuki/install/include/sophus/sim2.hpp
[1.637s] -- Up-to-date: /home/lfvmu/kobuki/install/include/sophus/sim3.hpp
[1.638s] -- Up-to-date: /home/lfvmu/kobuki/install/include/sophus/sim_details.hpp
[1.638s] -- Up-to-date: /home/lfvmu/kobuki/install/include/sophus/so2.hpp
[1.638s] -- Up-to-date: /home/lfvmu/kobuki/install/include/sophus/so3.hpp
[1.638s] -- Up-to-date: /home/lfvmu/kobuki/install/include/sophus/types.hpp
[1.639s] -- Up-to-date: /home/lfvmu/kobuki/install/include/sophus/velocities.hpp
[1.639s] -- Up-to-date: /home/lfvmu/kobuki/install/include/sophus/formatstring.hpp
[1.797s] Invoked command in '/home/lfvmu/kobuki/build/sophus' returned '0': /usr/bin/cmake --install /home/lfvmu/kobuki/build/sophus
