[0.262s] Invoking command in '/home/lfvmu/kobuki/build/ament_cmake_clang_format': AMENT_PREFIX_PATH=/home/lfvmu/kobuki/install CMAKE_PREFIX_PATH=/home/lfvmu/kobuki/install LD_LIBRARY_PATH=/home/lfvmu/kobuki/install/lib PATH=/home/lfvmu/kobuki/install/bin:${PATH} PYTHONPATH=/home/lfvmu/kobuki/install/lib/python3.8/site-packages /usr/bin/cmake /home/lfvmu/kobuki/src/ament_lint/ament_cmake_clang_format -DBUILD_TESTING=OFF --no-warn-unused-cli -DCMAKE_INSTALL_PREFIX=/home/lfvmu/kobuki/install
[0.298s] Not searching for unused variables given on the command line.
[0.309s] -- Found ament_cmake_core: 0.9.11 (/home/lfvmu/kobuki/install/share/ament_cmake_core/cmake)
[0.337s] -- Using PYTHON_EXECUTABLE: /usr/bin/python3
[0.685s] -- Found ament_cmake_test: 0.9.11 (/home/lfvmu/kobuki/install/share/ament_cmake_test/cmake)
[0.818s] -- Configuring done
[0.825s] -- Generating done
[0.826s] -- Build files have been written to: /home/lfvmu/kobuki/build/ament_cmake_clang_format
[1.143s] Invoked command in '/home/lfvmu/kobuki/build/ament_cmake_clang_format' returned '0': AMENT_PREFIX_PATH=/home/lfvmu/kobuki/install CMAKE_PREFIX_PATH=/home/lfvmu/kobuki/install LD_LIBRARY_PATH=/home/lfvmu/kobuki/install/lib PATH=/home/lfvmu/kobuki/install/bin:${PATH} PYTHONPATH=/home/lfvmu/kobuki/install/lib/python3.8/site-packages /usr/bin/cmake /home/lfvmu/kobuki/src/ament_lint/ament_cmake_clang_format -DBUILD_TESTING=OFF --no-warn-unused-cli -DCMAKE_INSTALL_PREFIX=/home/lfvmu/kobuki/install
[1.146s] Invoking command in '/home/lfvmu/kobuki/build/ament_cmake_clang_format': AMENT_PREFIX_PATH=/home/lfvmu/kobuki/install CMAKE_PREFIX_PATH=/home/lfvmu/kobuki/install LD_LIBRARY_PATH=/home/lfvmu/kobuki/install/lib PATH=/home/lfvmu/kobuki/install/bin:${PATH} PYTHONPATH=/home/lfvmu/kobuki/install/lib/python3.8/site-packages /usr/bin/cmake --build /home/lfvmu/kobuki/build/ament_cmake_clang_format -- -j4 -l4
[1.353s] Invoked command in '/home/lfvmu/kobuki/build/ament_cmake_clang_format' returned '0': AMENT_PREFIX_PATH=/home/lfvmu/kobuki/install CMAKE_PREFIX_PATH=/home/lfvmu/kobuki/install LD_LIBRARY_PATH=/home/lfvmu/kobuki/install/lib PATH=/home/lfvmu/kobuki/install/bin:${PATH} PYTHONPATH=/home/lfvmu/kobuki/install/lib/python3.8/site-packages /usr/bin/cmake --build /home/lfvmu/kobuki/build/ament_cmake_clang_format -- -j4 -l4
[1.451s] Invoking command in '/home/lfvmu/kobuki/build/ament_cmake_clang_format': AMENT_PREFIX_PATH=/home/lfvmu/kobuki/install CMAKE_PREFIX_PATH=/home/lfvmu/kobuki/install LD_LIBRARY_PATH=/home/lfvmu/kobuki/install/lib PATH=/home/lfvmu/kobuki/install/bin:${PATH} PYTHONPATH=/home/lfvmu/kobuki/install/lib/python3.8/site-packages /usr/bin/cmake --install /home/lfvmu/kobuki/build/ament_cmake_clang_format
[1.477s] -- Install configuration: ""
[1.477s] -- Up-to-date: /home/lfvmu/kobuki/install/share/ament_index/resource_index/package_run_dependencies/ament_cmake_clang_format
[1.477s] -- Up-to-date: /home/lfvmu/kobuki/install/share/ament_index/resource_index/parent_prefix_path/ament_cmake_clang_format
[1.478s] -- Up-to-date: /home/lfvmu/kobuki/install/share/ament_cmake_clang_format/environment/ament_prefix_path.sh
[1.478s] -- Installing: /home/lfvmu/kobuki/install/share/ament_cmake_clang_format/environment/ament_prefix_path.dsv
[1.478s] -- Up-to-date: /home/lfvmu/kobuki/install/share/ament_cmake_clang_format/environment/path.sh
[1.479s] -- Installing: /home/lfvmu/kobuki/install/share/ament_cmake_clang_format/environment/path.dsv
[1.479s] -- Up-to-date: /home/lfvmu/kobuki/install/share/ament_cmake_clang_format/local_setup.bash
[1.479s] -- Up-to-date: /home/lfvmu/kobuki/install/share/ament_cmake_clang_format/local_setup.sh
[1.479s] -- Up-to-date: /home/lfvmu/kobuki/install/share/ament_cmake_clang_format/local_setup.zsh
[1.481s] -- Installing: /home/lfvmu/kobuki/install/share/ament_cmake_clang_format/local_setup.dsv
[1.482s] -- Installing: /home/lfvmu/kobuki/install/share/ament_cmake_clang_format/package.dsv
[1.482s] -- Up-to-date: /home/lfvmu/kobuki/install/share/ament_index/resource_index/packages/ament_cmake_clang_format
[1.482s] -- Up-to-date: /home/lfvmu/kobuki/install/share/ament_cmake_clang_format/cmake/ament_cmake_clang_format-extras.cmake
[1.482s] -- Up-to-date: /home/lfvmu/kobuki/install/share/ament_cmake_clang_format/cmake/ament_cmake_clang_formatConfig.cmake
[1.483s] -- Up-to-date: /home/lfvmu/kobuki/install/share/ament_cmake_clang_format/cmake/ament_cmake_clang_formatConfig-version.cmake
[1.483s] -- Up-to-date: /home/lfvmu/kobuki/install/share/ament_cmake_clang_format/package.xml
[1.483s] -- Up-to-date: /home/lfvmu/kobuki/install/share/ament_cmake_clang_format/cmake
[1.484s] -- Up-to-date: /home/lfvmu/kobuki/install/share/ament_cmake_clang_format/cmake/ament_cmake_clang_format_lint_hook.cmake
[1.484s] -- Up-to-date: /home/lfvmu/kobuki/install/share/ament_cmake_clang_format/cmake/ament_clang_format.cmake
[1.491s] Invoked command in '/home/lfvmu/kobuki/build/ament_cmake_clang_format' returned '0': AMENT_PREFIX_PATH=/home/lfvmu/kobuki/install CMAKE_PREFIX_PATH=/home/lfvmu/kobuki/install LD_LIBRARY_PATH=/home/lfvmu/kobuki/install/lib PATH=/home/lfvmu/kobuki/install/bin:${PATH} PYTHONPATH=/home/lfvmu/kobuki/install/lib/python3.8/site-packages /usr/bin/cmake --install /home/lfvmu/kobuki/build/ament_cmake_clang_format
