[0.347s] Invoking command in '/home/lfvmu/kobuki/build/ament_cmake_clang_tidy': /usr/bin/cmake /home/lfvmu/kobuki/src/ament_lint/ament_cmake_clang_tidy -DBUILD_TESTING=OFF -DCMAKE_INSTALL_PREFIX=/home/lfvmu/kobuki/install
[0.366s] Re-run cmake no build system arguments
[0.370s] -- Found ament_cmake_core: 0.9.11 (/home/lfvmu/kobuki/install/share/ament_cmake_core/cmake)
[0.417s] -- Using PYTHON_EXECUTABLE: /usr/bin/python3
[0.748s] -- Found ament_cmake_test: 0.9.11 (/home/lfvmu/kobuki/install/share/ament_cmake_test/cmake)
[0.892s] -- Configuring done
[0.898s] -- Generating done
[0.898s] -- Build files have been written to: /home/lfvmu/kobuki/build/ament_cmake_clang_tidy
[0.993s] Invoked command in '/home/lfvmu/kobuki/build/ament_cmake_clang_tidy' returned '0': /usr/bin/cmake /home/lfvmu/kobuki/src/ament_lint/ament_cmake_clang_tidy -DBUILD_TESTING=OFF -DCMAKE_INSTALL_PREFIX=/home/lfvmu/kobuki/install
[0.996s] Invoking command in '/home/lfvmu/kobuki/build/ament_cmake_clang_tidy': /usr/bin/cmake --build /home/lfvmu/kobuki/build/ament_cmake_clang_tidy -- -j4 -l4
[1.062s] /usr/bin/cmake -S/home/lfvmu/kobuki/src/ament_lint/ament_cmake_clang_tidy -B/home/lfvmu/kobuki/build/ament_cmake_clang_tidy --check-build-system CMakeFiles/Makefile.cmake 0
[1.095s] /usr/bin/cmake -E cmake_progress_start /home/lfvmu/kobuki/build/ament_cmake_clang_tidy/CMakeFiles /home/lfvmu/kobuki/build/ament_cmake_clang_tidy/CMakeFiles/progress.marks
[1.137s] /usr/bin/make -f CMakeFiles/Makefile2 all
[1.137s] make[1]: Entering directory '/home/lfvmu/kobuki/build/ament_cmake_clang_tidy'
[1.138s] make[1]: Nothing to be done for 'all'.
[1.138s] make[1]: Leaving directory '/home/lfvmu/kobuki/build/ament_cmake_clang_tidy'
[1.138s] /usr/bin/cmake -E cmake_progress_start /home/lfvmu/kobuki/build/ament_cmake_clang_tidy/CMakeFiles 0
[1.226s] Invoked command in '/home/lfvmu/kobuki/build/ament_cmake_clang_tidy' returned '0': /usr/bin/cmake --build /home/lfvmu/kobuki/build/ament_cmake_clang_tidy -- -j4 -l4
[1.513s] Invoking command in '/home/lfvmu/kobuki/build/ament_cmake_clang_tidy': /usr/bin/cmake --install /home/lfvmu/kobuki/build/ament_cmake_clang_tidy
[1.536s] -- Install configuration: "RelWithDebInfo"
[1.536s] -- Up-to-date: /home/lfvmu/kobuki/install/share/ament_index/resource_index/package_run_dependencies/ament_cmake_clang_tidy
[1.537s] -- Up-to-date: /home/lfvmu/kobuki/install/share/ament_index/resource_index/parent_prefix_path/ament_cmake_clang_tidy
[1.537s] -- Up-to-date: /home/lfvmu/kobuki/install/share/ament_cmake_clang_tidy/environment/ament_prefix_path.sh
[1.537s] -- Installing: /home/lfvmu/kobuki/install/share/ament_cmake_clang_tidy/environment/ament_prefix_path.dsv
[1.537s] -- Up-to-date: /home/lfvmu/kobuki/install/share/ament_cmake_clang_tidy/environment/path.sh
[1.538s] -- Installing: /home/lfvmu/kobuki/install/share/ament_cmake_clang_tidy/environment/path.dsv
[1.538s] -- Up-to-date: /home/lfvmu/kobuki/install/share/ament_cmake_clang_tidy/local_setup.bash
[1.538s] -- Up-to-date: /home/lfvmu/kobuki/install/share/ament_cmake_clang_tidy/local_setup.sh
[1.538s] -- Up-to-date: /home/lfvmu/kobuki/install/share/ament_cmake_clang_tidy/local_setup.zsh
[1.538s] -- Installing: /home/lfvmu/kobuki/install/share/ament_cmake_clang_tidy/local_setup.dsv
[1.539s] -- Installing: /home/lfvmu/kobuki/install/share/ament_cmake_clang_tidy/package.dsv
[1.539s] -- Up-to-date: /home/lfvmu/kobuki/install/share/ament_index/resource_index/packages/ament_cmake_clang_tidy
[1.539s] -- Up-to-date: /home/lfvmu/kobuki/install/share/ament_cmake_clang_tidy/cmake/ament_cmake_clang_tidy-extras.cmake
[1.539s] -- Up-to-date: /home/lfvmu/kobuki/install/share/ament_cmake_clang_tidy/cmake/ament_cmake_clang_tidyConfig.cmake
[1.539s] -- Up-to-date: /home/lfvmu/kobuki/install/share/ament_cmake_clang_tidy/cmake/ament_cmake_clang_tidyConfig-version.cmake
[1.540s] -- Up-to-date: /home/lfvmu/kobuki/install/share/ament_cmake_clang_tidy/package.xml
[1.540s] -- Up-to-date: /home/lfvmu/kobuki/install/share/ament_cmake_clang_tidy/cmake
[1.541s] -- Up-to-date: /home/lfvmu/kobuki/install/share/ament_cmake_clang_tidy/cmake/ament_clang_tidy.cmake
[1.541s] -- Up-to-date: /home/lfvmu/kobuki/install/share/ament_cmake_clang_tidy/cmake/ament_cmake_clang_tidy_lint_hook.cmake
[1.547s] Invoked command in '/home/lfvmu/kobuki/build/ament_cmake_clang_tidy' returned '0': /usr/bin/cmake --install /home/lfvmu/kobuki/build/ament_cmake_clang_tidy
