[0.261s] Invoking command in '/home/lfvmu/kobuki/build/ecl_tools': /usr/bin/cmake /home/lfvmu/kobuki/src/ecl_tools/ecl_tools -DBUILD_TESTING=OFF -DCMAKE_INSTALL_PREFIX=/home/lfvmu/kobuki/install
[0.314s] -- Found ament_cmake: 0.9.11 (/home/lfvmu/kobuki/install/share/ament_cmake/cmake)
[0.346s] -- Using PYTHON_EXECUTABLE: /usr/bin/python3
[0.852s] -- Configuring done
[0.865s] -- Generating done
[0.865s] -- Build files have been written to: /home/lfvmu/kobuki/build/ecl_tools
[1.190s] Invoked command in '/home/lfvmu/kobuki/build/ecl_tools' returned '0': /usr/bin/cmake /home/lfvmu/kobuki/src/ecl_tools/ecl_tools -DBUILD_TESTING=OFF -DCMAKE_INSTALL_PREFIX=/home/lfvmu/kobuki/install
[1.196s] Invoking command in '/home/lfvmu/kobuki/build/ecl_tools': /usr/bin/cmake --build /home/lfvmu/kobuki/build/ecl_tools -- -j4 -l4
[1.461s] Invoked command in '/home/lfvmu/kobuki/build/ecl_tools' returned '0': /usr/bin/cmake --build /home/lfvmu/kobuki/build/ecl_tools -- -j4 -l4
[1.528s] Invoking command in '/home/lfvmu/kobuki/build/ecl_tools': /usr/bin/cmake --install /home/lfvmu/kobuki/build/ecl_tools
[1.560s] -- Install configuration: "RelWithDebInfo"
[1.561s] -- Up-to-date: /home/lfvmu/kobuki/install/share/ament_index/resource_index/package_run_dependencies/ecl_tools
[1.561s] -- Up-to-date: /home/lfvmu/kobuki/install/share/ament_index/resource_index/parent_prefix_path/ecl_tools
[1.562s] -- Up-to-date: /home/lfvmu/kobuki/install/share/ecl_tools/environment/ament_prefix_path.sh
[1.563s] -- Installing: /home/lfvmu/kobuki/install/share/ecl_tools/environment/ament_prefix_path.dsv
[1.565s] -- Up-to-date: /home/lfvmu/kobuki/install/share/ecl_tools/environment/path.sh
[1.565s] -- Installing: /home/lfvmu/kobuki/install/share/ecl_tools/environment/path.dsv
[1.566s] -- Up-to-date: /home/lfvmu/kobuki/install/share/ecl_tools/local_setup.bash
[1.566s] -- Up-to-date: /home/lfvmu/kobuki/install/share/ecl_tools/local_setup.sh
[1.566s] -- Up-to-date: /home/lfvmu/kobuki/install/share/ecl_tools/local_setup.zsh
[1.566s] -- Installing: /home/lfvmu/kobuki/install/share/ecl_tools/local_setup.dsv
[1.567s] -- Installing: /home/lfvmu/kobuki/install/share/ecl_tools/package.dsv
[1.569s] -- Up-to-date: /home/lfvmu/kobuki/install/share/ament_index/resource_index/packages/ecl_tools
[1.569s] -- Up-to-date: /home/lfvmu/kobuki/install/share/ecl_tools/cmake/ecl_toolsConfig.cmake
[1.569s] -- Up-to-date: /home/lfvmu/kobuki/install/share/ecl_tools/cmake/ecl_toolsConfig-version.cmake
[1.570s] -- Up-to-date: /home/lfvmu/kobuki/install/share/ecl_tools/package.xml
[1.587s] Invoked command in '/home/lfvmu/kobuki/build/ecl_tools' returned '0': /usr/bin/cmake --install /home/lfvmu/kobuki/build/ecl_tools
