[0.026s] Invoking command in '/home/lfvmu/kobuki/build/ament_cmake_export_include_directories': AMENT_PREFIX_PATH=/home/lfvmu/kobuki/install CMAKE_PREFIX_PATH=/home/lfvmu/kobuki/install PATH=/home/lfvmu/kobuki/install/bin:${PATH} PYTHONPATH=/home/lfvmu/kobuki/install/lib/python3.8/site-packages /usr/bin/cmake /home/lfvmu/kobuki/src/ament_cmake/ament_cmake_export_include_directories -DBUILD_TESTING=OFF -DCMAKE_INSTALL_PREFIX=/home/lfvmu/kobuki/install
[0.085s] -- Found ament_cmake_core: 0.9.11 (/home/lfvmu/kobuki/install/share/ament_cmake_core/cmake)
[0.130s] -- Found PythonInterp: /usr/bin/python3 (found suitable version "3.8.10", minimum required is "3") 
[0.131s] -- Using PYTHON_EXECUTABLE: /usr/bin/python3
[0.587s] -- Configuring done
[0.589s] -- Generating done
[0.592s] -- Build files have been written to: /home/lfvmu/kobuki/build/ament_cmake_export_include_directories
[0.704s] Invoked command in '/home/lfvmu/kobuki/build/ament_cmake_export_include_directories' returned '0': AMENT_PREFIX_PATH=/home/lfvmu/kobuki/install CMAKE_PREFIX_PATH=/home/lfvmu/kobuki/install PATH=/home/lfvmu/kobuki/install/bin:${PATH} PYTHONPATH=/home/lfvmu/kobuki/install/lib/python3.8/site-packages /usr/bin/cmake /home/lfvmu/kobuki/src/ament_cmake/ament_cmake_export_include_directories -DBUILD_TESTING=OFF -DCMAKE_INSTALL_PREFIX=/home/lfvmu/kobuki/install
[0.710s] Invoking command in '/home/lfvmu/kobuki/build/ament_cmake_export_include_directories': AMENT_PREFIX_PATH=/home/lfvmu/kobuki/install CMAKE_PREFIX_PATH=/home/lfvmu/kobuki/install PATH=/home/lfvmu/kobuki/install/bin:${PATH} PYTHONPATH=/home/lfvmu/kobuki/install/lib/python3.8/site-packages /usr/bin/cmake --build /home/lfvmu/kobuki/build/ament_cmake_export_include_directories -- -j4 -l4
[0.952s] Invoked command in '/home/lfvmu/kobuki/build/ament_cmake_export_include_directories' returned '0': AMENT_PREFIX_PATH=/home/lfvmu/kobuki/install CMAKE_PREFIX_PATH=/home/lfvmu/kobuki/install PATH=/home/lfvmu/kobuki/install/bin:${PATH} PYTHONPATH=/home/lfvmu/kobuki/install/lib/python3.8/site-packages /usr/bin/cmake --build /home/lfvmu/kobuki/build/ament_cmake_export_include_directories -- -j4 -l4
[1.016s] Invoking command in '/home/lfvmu/kobuki/build/ament_cmake_export_include_directories': AMENT_PREFIX_PATH=/home/lfvmu/kobuki/install CMAKE_PREFIX_PATH=/home/lfvmu/kobuki/install PATH=/home/lfvmu/kobuki/install/bin:${PATH} PYTHONPATH=/home/lfvmu/kobuki/install/lib/python3.8/site-packages /usr/bin/cmake --install /home/lfvmu/kobuki/build/ament_cmake_export_include_directories
[1.036s] -- Install configuration: ""
[1.037s] -- Installing: /home/lfvmu/kobuki/install/share/ament_index/resource_index/package_run_dependencies/ament_cmake_export_include_directories
[1.038s] -- Installing: /home/lfvmu/kobuki/install/share/ament_index/resource_index/parent_prefix_path/ament_cmake_export_include_directories
[1.039s] -- Installing: /home/lfvmu/kobuki/install/share/ament_cmake_export_include_directories/environment/ament_prefix_path.sh
[1.039s] -- Installing: /home/lfvmu/kobuki/install/share/ament_cmake_export_include_directories/environment/ament_prefix_path.dsv
[1.040s] -- Installing: /home/lfvmu/kobuki/install/share/ament_cmake_export_include_directories/environment/path.sh
[1.040s] -- Installing: /home/lfvmu/kobuki/install/share/ament_cmake_export_include_directories/environment/path.dsv
[1.041s] -- Installing: /home/lfvmu/kobuki/install/share/ament_cmake_export_include_directories/local_setup.bash
[1.042s] -- Installing: /home/lfvmu/kobuki/install/share/ament_cmake_export_include_directories/local_setup.sh
[1.042s] -- Installing: /home/lfvmu/kobuki/install/share/ament_cmake_export_include_directories/local_setup.zsh
[1.043s] -- Installing: /home/lfvmu/kobuki/install/share/ament_cmake_export_include_directories/local_setup.dsv
[1.044s] -- Installing: /home/lfvmu/kobuki/install/share/ament_cmake_export_include_directories/package.dsv
[1.045s] -- Installing: /home/lfvmu/kobuki/install/share/ament_index/resource_index/packages/ament_cmake_export_include_directories
[1.045s] -- Installing: /home/lfvmu/kobuki/install/share/ament_cmake_export_include_directories/cmake/ament_cmake_export_include_directories-extras.cmake
[1.046s] -- Installing: /home/lfvmu/kobuki/install/share/ament_cmake_export_include_directories/cmake/ament_cmake_export_include_directoriesConfig.cmake
[1.047s] -- Installing: /home/lfvmu/kobuki/install/share/ament_cmake_export_include_directories/cmake/ament_cmake_export_include_directoriesConfig-version.cmake
[1.047s] -- Installing: /home/lfvmu/kobuki/install/share/ament_cmake_export_include_directories/package.xml
[1.048s] -- Up-to-date: /home/lfvmu/kobuki/install/share/ament_cmake_export_include_directories/cmake
[1.048s] -- Installing: /home/lfvmu/kobuki/install/share/ament_cmake_export_include_directories/cmake/ament_cmake_export_include_directories-extras.cmake.in
[1.049s] -- Installing: /home/lfvmu/kobuki/install/share/ament_cmake_export_include_directories/cmake/ament_cmake_export_include_directories_package_hook.cmake
[1.049s] -- Installing: /home/lfvmu/kobuki/install/share/ament_cmake_export_include_directories/cmake/ament_export_include_directories.cmake
[1.071s] Invoked command in '/home/lfvmu/kobuki/build/ament_cmake_export_include_directories' returned '0': AMENT_PREFIX_PATH=/home/lfvmu/kobuki/install CMAKE_PREFIX_PATH=/home/lfvmu/kobuki/install PATH=/home/lfvmu/kobuki/install/bin:${PATH} PYTHONPATH=/home/lfvmu/kobuki/install/lib/python3.8/site-packages /usr/bin/cmake --install /home/lfvmu/kobuki/build/ament_cmake_export_include_directories
