[0.318s] Invoking command in '/home/lfvmu/kobuki/build/ecl_config': AMENT_PREFIX_PATH=/home/lfvmu/kobuki/install CMAKE_PREFIX_PATH=/home/lfvmu/kobuki/install LD_LIBRARY_PATH=/home/lfvmu/kobuki/install/lib PATH=/home/lfvmu/kobuki/install/bin:${PATH} PYTHONPATH=/home/lfvmu/kobuki/install/lib/python3.8/site-packages /usr/bin/cmake /home/lfvmu/kobuki/src/ecl_lite/ecl_config -DBUILD_TESTING=OFF --no-warn-unused-cli -DCMAKE_INSTALL_PREFIX=/home/lfvmu/kobuki/install
[0.340s] Not searching for unused variables given on the command line.
[0.373s] -- Found ament_cmake_ros: 0.9.2 (/home/lfvmu/kobuki/install/share/ament_cmake_ros/cmake)
[0.414s] -- Using PYTHON_EXECUTABLE: /usr/bin/python3
[0.789s] -- Found ecl_build: 1.0.3 (/home/lfvmu/kobuki/install/share/ecl_build/cmake)
[0.984s] -- Configuring done
[1.056s] -- Generating done
[1.056s] -- Build files have been written to: /home/lfvmu/kobuki/build/ecl_config
[1.068s] Invoked command in '/home/lfvmu/kobuki/build/ecl_config' returned '0': AMENT_PREFIX_PATH=/home/lfvmu/kobuki/install CMAKE_PREFIX_PATH=/home/lfvmu/kobuki/install LD_LIBRARY_PATH=/home/lfvmu/kobuki/install/lib PATH=/home/lfvmu/kobuki/install/bin:${PATH} PYTHONPATH=/home/lfvmu/kobuki/install/lib/python3.8/site-packages /usr/bin/cmake /home/lfvmu/kobuki/src/ecl_lite/ecl_config -DBUILD_TESTING=OFF --no-warn-unused-cli -DCMAKE_INSTALL_PREFIX=/home/lfvmu/kobuki/install
[1.079s] Invoking command in '/home/lfvmu/kobuki/build/ecl_config': AMENT_PREFIX_PATH=/home/lfvmu/kobuki/install CMAKE_PREFIX_PATH=/home/lfvmu/kobuki/install LD_LIBRARY_PATH=/home/lfvmu/kobuki/install/lib PATH=/home/lfvmu/kobuki/install/bin:${PATH} PYTHONPATH=/home/lfvmu/kobuki/install/lib/python3.8/site-packages /usr/bin/cmake --build /home/lfvmu/kobuki/build/ecl_config -- -j4 -l4
[1.244s] [ 50%] Built target ecl_detect_posix
[1.250s] [100%] Built target ecl_detect_endian
[1.322s] Invoked command in '/home/lfvmu/kobuki/build/ecl_config' returned '0': AMENT_PREFIX_PATH=/home/lfvmu/kobuki/install CMAKE_PREFIX_PATH=/home/lfvmu/kobuki/install LD_LIBRARY_PATH=/home/lfvmu/kobuki/install/lib PATH=/home/lfvmu/kobuki/install/bin:${PATH} PYTHONPATH=/home/lfvmu/kobuki/install/lib/python3.8/site-packages /usr/bin/cmake --build /home/lfvmu/kobuki/build/ecl_config -- -j4 -l4
[1.596s] Invoking command in '/home/lfvmu/kobuki/build/ecl_config': AMENT_PREFIX_PATH=/home/lfvmu/kobuki/install CMAKE_PREFIX_PATH=/home/lfvmu/kobuki/install LD_LIBRARY_PATH=/home/lfvmu/kobuki/install/lib PATH=/home/lfvmu/kobuki/install/bin:${PATH} PYTHONPATH=/home/lfvmu/kobuki/install/lib/python3.8/site-packages /usr/bin/cmake --install /home/lfvmu/kobuki/build/ecl_config
[1.621s] -- Install configuration: ""
[1.621s] -- Up-to-date: /home/lfvmu/kobuki/install/share/ament_index/resource_index/package_run_dependencies/ecl_config
[1.622s] -- Up-to-date: /home/lfvmu/kobuki/install/share/ament_index/resource_index/parent_prefix_path/ecl_config
[1.622s] -- Up-to-date: /home/lfvmu/kobuki/install/share/ecl_config/environment/ament_prefix_path.sh
[1.622s] -- Installing: /home/lfvmu/kobuki/install/share/ecl_config/environment/ament_prefix_path.dsv
[1.622s] -- Up-to-date: /home/lfvmu/kobuki/install/share/ecl_config/environment/path.sh
[1.623s] -- Installing: /home/lfvmu/kobuki/install/share/ecl_config/environment/path.dsv
[1.623s] -- Up-to-date: /home/lfvmu/kobuki/install/share/ecl_config/local_setup.bash
[1.623s] -- Up-to-date: /home/lfvmu/kobuki/install/share/ecl_config/local_setup.sh
[1.623s] -- Up-to-date: /home/lfvmu/kobuki/install/share/ecl_config/local_setup.zsh
[1.624s] -- Installing: /home/lfvmu/kobuki/install/share/ecl_config/local_setup.dsv
[1.624s] -- Installing: /home/lfvmu/kobuki/install/share/ecl_config/package.dsv
[1.624s] -- Up-to-date: /home/lfvmu/kobuki/install/share/ament_index/resource_index/packages/ecl_config
[1.625s] -- Up-to-date: /home/lfvmu/kobuki/install/share/ecl_config/cmake/ecl_configExport.cmake
[1.625s] -- Up-to-date: /home/lfvmu/kobuki/install/share/ecl_config/cmake/ament_cmake_export_targets-extras.cmake
[1.626s] -- Up-to-date: /home/lfvmu/kobuki/install/share/ecl_config/cmake/ament_cmake_export_include_directories-extras.cmake
[1.626s] -- Up-to-date: /home/lfvmu/kobuki/install/share/ecl_config/cmake/ecl_configConfig.cmake
[1.626s] -- Up-to-date: /home/lfvmu/kobuki/install/share/ecl_config/cmake/ecl_configConfig-version.cmake
[1.626s] -- Up-to-date: /home/lfvmu/kobuki/install/share/ecl_config/package.xml
[1.626s] -- Up-to-date: /home/lfvmu/kobuki/install/include/ecl/config.hpp
[1.627s] -- Up-to-date: /home/lfvmu/kobuki/install/include/ecl/config/ecl.hpp
[1.627s] -- Up-to-date: /home/lfvmu/kobuki/install/include/ecl/config/char_sign.hpp
[1.627s] -- Up-to-date: /home/lfvmu/kobuki/install/include/ecl/config/ecl_unknown.hpp
[1.628s] -- Up-to-date: /home/lfvmu/kobuki/install/include/ecl/config/endianness.hpp
[1.628s] -- Up-to-date: /home/lfvmu/kobuki/install/include/ecl/config/macros.hpp
[1.628s] -- Up-to-date: /home/lfvmu/kobuki/install/include/ecl/config/portable_types.hpp
[1.628s] -- Up-to-date: /home/lfvmu/kobuki/install/include/ecl/config/windows.hpp
[1.629s] -- Up-to-date: /home/lfvmu/kobuki/install/bin/ecl_detect_endian
[1.630s] -- Up-to-date: /home/lfvmu/kobuki/install/bin/ecl_detect_posix
[1.641s] Invoked command in '/home/lfvmu/kobuki/build/ecl_config' returned '0': AMENT_PREFIX_PATH=/home/lfvmu/kobuki/install CMAKE_PREFIX_PATH=/home/lfvmu/kobuki/install LD_LIBRARY_PATH=/home/lfvmu/kobuki/install/lib PATH=/home/lfvmu/kobuki/install/bin:${PATH} PYTHONPATH=/home/lfvmu/kobuki/install/lib/python3.8/site-packages /usr/bin/cmake --install /home/lfvmu/kobuki/build/ecl_config
