[0.402s] Invoking command in '/home/lfvmu/kobuki/build/ecl_mobile_robot': AMENT_PREFIX_PATH=/home/lfvmu/kobuki/install CMAKE_PREFIX_PATH=/home/lfvmu/kobuki/install LD_LIBRARY_PATH=/home/lfvmu/kobuki/install/lib PATH=/home/lfvmu/kobuki/install/bin:${PATH} PKG_CONFIG_PATH=/home/lfvmu/kobuki/install/lib/x86_64-linux-gnu/pkgconfig:/home/lfvmu/kobuki/install/lib/pkgconfig PYTHONPATH=/home/lfvmu/kobuki/install/lib/python3.8/site-packages /usr/bin/cmake /home/lfvmu/kobuki/src/ecl_core/ecl_mobile_robot -DBUILD_TESTING=OFF -DCMAKE_INSTALL_PREFIX=/home/lfvmu/kobuki/install
[0.421s] Re-run cmake no build system arguments
[0.447s] -- Found ament_cmake_ros: 0.9.2 (/home/lfvmu/kobuki/install/share/ament_cmake_ros/cmake)
[0.506s] -- Using PYTHON_EXECUTABLE: /usr/bin/python3
[0.819s] -- Found ecl_build: 1.0.3 (/home/lfvmu/kobuki/install/share/ecl_build/cmake)
[0.844s] -- Found ecl_errors: 1.1.0 (/home/lfvmu/kobuki/install/share/ecl_errors/cmake)
[0.863s] -- Found ecl_formatters: 1.2.1 (/home/lfvmu/kobuki/install/share/ecl_formatters/cmake)
[0.936s] -- Found ecl_geometry: 1.2.1 (/home/lfvmu/kobuki/install/share/ecl_geometry/cmake)
[1.205s] -- Configuring done
[1.230s] -- Generating done
[1.237s] -- Build files have been written to: /home/lfvmu/kobuki/build/ecl_mobile_robot
[1.252s] Invoked command in '/home/lfvmu/kobuki/build/ecl_mobile_robot' returned '0': AMENT_PREFIX_PATH=/home/lfvmu/kobuki/install CMAKE_PREFIX_PATH=/home/lfvmu/kobuki/install LD_LIBRARY_PATH=/home/lfvmu/kobuki/install/lib PATH=/home/lfvmu/kobuki/install/bin:${PATH} PKG_CONFIG_PATH=/home/lfvmu/kobuki/install/lib/x86_64-linux-gnu/pkgconfig:/home/lfvmu/kobuki/install/lib/pkgconfig PYTHONPATH=/home/lfvmu/kobuki/install/lib/python3.8/site-packages /usr/bin/cmake /home/lfvmu/kobuki/src/ecl_core/ecl_mobile_robot -DBUILD_TESTING=OFF -DCMAKE_INSTALL_PREFIX=/home/lfvmu/kobuki/install
[1.255s] Invoking command in '/home/lfvmu/kobuki/build/ecl_mobile_robot': AMENT_PREFIX_PATH=/home/lfvmu/kobuki/install CMAKE_PREFIX_PATH=/home/lfvmu/kobuki/install LD_LIBRARY_PATH=/home/lfvmu/kobuki/install/lib PATH=/home/lfvmu/kobuki/install/bin:${PATH} PKG_CONFIG_PATH=/home/lfvmu/kobuki/install/lib/x86_64-linux-gnu/pkgconfig:/home/lfvmu/kobuki/install/lib/pkgconfig PYTHONPATH=/home/lfvmu/kobuki/install/lib/python3.8/site-packages /usr/bin/cmake --build /home/lfvmu/kobuki/build/ecl_mobile_robot -- -j4 -l4
[1.309s] /usr/bin/cmake -S/home/lfvmu/kobuki/src/ecl_core/ecl_mobile_robot -B/home/lfvmu/kobuki/build/ecl_mobile_robot --check-build-system CMakeFiles/Makefile.cmake 0
[1.347s] /usr/bin/cmake -E cmake_progress_start /home/lfvmu/kobuki/build/ecl_mobile_robot/CMakeFiles /home/lfvmu/kobuki/build/ecl_mobile_robot/CMakeFiles/progress.marks
[1.373s] /usr/bin/make -f CMakeFiles/Makefile2 all
[1.377s] make[1]: Entering directory '/home/lfvmu/kobuki/build/ecl_mobile_robot'
[1.377s] /usr/bin/make -f src/lib/CMakeFiles/ecl_mobile_robot.dir/build.make src/lib/CMakeFiles/ecl_mobile_robot.dir/depend
[1.385s] make[2]: Entering directory '/home/lfvmu/kobuki/build/ecl_mobile_robot'
[1.385s] cd /home/lfvmu/kobuki/build/ecl_mobile_robot && /usr/bin/cmake -E cmake_depends "Unix Makefiles" /home/lfvmu/kobuki/src/ecl_core/ecl_mobile_robot /home/lfvmu/kobuki/src/ecl_core/ecl_mobile_robot/src/lib /home/lfvmu/kobuki/build/ecl_mobile_robot /home/lfvmu/kobuki/build/ecl_mobile_robot/src/lib /home/lfvmu/kobuki/build/ecl_mobile_robot/src/lib/CMakeFiles/ecl_mobile_robot.dir/DependInfo.cmake --color=
[1.415s] make[2]: Leaving directory '/home/lfvmu/kobuki/build/ecl_mobile_robot'
[1.415s] /usr/bin/make -f src/lib/CMakeFiles/ecl_mobile_robot.dir/build.make src/lib/CMakeFiles/ecl_mobile_robot.dir/build
[1.433s] make[2]: Entering directory '/home/lfvmu/kobuki/build/ecl_mobile_robot'
[1.434s] make[2]: Nothing to be done for 'src/lib/CMakeFiles/ecl_mobile_robot.dir/build'.
[1.434s] make[2]: Leaving directory '/home/lfvmu/kobuki/build/ecl_mobile_robot'
[1.458s] [100%] Built target ecl_mobile_robot
[1.459s] make[1]: Leaving directory '/home/lfvmu/kobuki/build/ecl_mobile_robot'
[1.460s] /usr/bin/cmake -E cmake_progress_start /home/lfvmu/kobuki/build/ecl_mobile_robot/CMakeFiles 0
[1.495s] Invoked command in '/home/lfvmu/kobuki/build/ecl_mobile_robot' returned '0': AMENT_PREFIX_PATH=/home/lfvmu/kobuki/install CMAKE_PREFIX_PATH=/home/lfvmu/kobuki/install LD_LIBRARY_PATH=/home/lfvmu/kobuki/install/lib PATH=/home/lfvmu/kobuki/install/bin:${PATH} PKG_CONFIG_PATH=/home/lfvmu/kobuki/install/lib/x86_64-linux-gnu/pkgconfig:/home/lfvmu/kobuki/install/lib/pkgconfig PYTHONPATH=/home/lfvmu/kobuki/install/lib/python3.8/site-packages /usr/bin/cmake --build /home/lfvmu/kobuki/build/ecl_mobile_robot -- -j4 -l4
[1.598s] Invoking command in '/home/lfvmu/kobuki/build/ecl_mobile_robot': AMENT_PREFIX_PATH=/home/lfvmu/kobuki/install CMAKE_PREFIX_PATH=/home/lfvmu/kobuki/install LD_LIBRARY_PATH=/home/lfvmu/kobuki/install/lib PATH=/home/lfvmu/kobuki/install/bin:${PATH} PKG_CONFIG_PATH=/home/lfvmu/kobuki/install/lib/x86_64-linux-gnu/pkgconfig:/home/lfvmu/kobuki/install/lib/pkgconfig PYTHONPATH=/home/lfvmu/kobuki/install/lib/python3.8/site-packages /usr/bin/cmake --install /home/lfvmu/kobuki/build/ecl_mobile_robot
[1.616s] -- Install configuration: ""
[1.618s] -- Up-to-date: /home/lfvmu/kobuki/install/share/ecl_mobile_robot/environment/library_path.sh
[1.618s] -- Installing: /home/lfvmu/kobuki/install/share/ecl_mobile_robot/environment/library_path.dsv
[1.618s] -- Up-to-date: /home/lfvmu/kobuki/install/share/ament_index/resource_index/package_run_dependencies/ecl_mobile_robot
[1.619s] -- Up-to-date: /home/lfvmu/kobuki/install/share/ament_index/resource_index/parent_prefix_path/ecl_mobile_robot
[1.619s] -- Up-to-date: /home/lfvmu/kobuki/install/share/ecl_mobile_robot/environment/ament_prefix_path.sh
[1.620s] -- Installing: /home/lfvmu/kobuki/install/share/ecl_mobile_robot/environment/ament_prefix_path.dsv
[1.620s] -- Up-to-date: /home/lfvmu/kobuki/install/share/ecl_mobile_robot/environment/path.sh
[1.620s] -- Installing: /home/lfvmu/kobuki/install/share/ecl_mobile_robot/environment/path.dsv
[1.621s] -- Up-to-date: /home/lfvmu/kobuki/install/share/ecl_mobile_robot/local_setup.bash
[1.621s] -- Up-to-date: /home/lfvmu/kobuki/install/share/ecl_mobile_robot/local_setup.sh
[1.622s] -- Up-to-date: /home/lfvmu/kobuki/install/share/ecl_mobile_robot/local_setup.zsh
[1.622s] -- Installing: /home/lfvmu/kobuki/install/share/ecl_mobile_robot/local_setup.dsv
[1.622s] -- Installing: /home/lfvmu/kobuki/install/share/ecl_mobile_robot/package.dsv
[1.623s] -- Up-to-date: /home/lfvmu/kobuki/install/share/ament_index/resource_index/packages/ecl_mobile_robot
[1.623s] -- Up-to-date: /home/lfvmu/kobuki/install/share/ecl_mobile_robot/cmake/ecl_mobile_robotExport.cmake
[1.623s] -- Installing: /home/lfvmu/kobuki/install/share/ecl_mobile_robot/cmake/ecl_mobile_robotExport-noconfig.cmake
[1.623s] -- Up-to-date: /home/lfvmu/kobuki/install/share/ecl_mobile_robot/cmake/ament_cmake_export_targets-extras.cmake
[1.624s] -- Up-to-date: /home/lfvmu/kobuki/install/share/ecl_mobile_robot/cmake/ament_cmake_export_include_directories-extras.cmake
[1.624s] -- Up-to-date: /home/lfvmu/kobuki/install/share/ecl_mobile_robot/cmake/ament_cmake_export_libraries-extras.cmake
[1.624s] -- Up-to-date: /home/lfvmu/kobuki/install/share/ecl_mobile_robot/cmake/ament_cmake_export_dependencies-extras.cmake
[1.625s] -- Up-to-date: /home/lfvmu/kobuki/install/share/ecl_mobile_robot/cmake/ecl_mobile_robotConfig.cmake
[1.625s] -- Up-to-date: /home/lfvmu/kobuki/install/share/ecl_mobile_robot/cmake/ecl_mobile_robotConfig-version.cmake
[1.625s] -- Up-to-date: /home/lfvmu/kobuki/install/share/ecl_mobile_robot/package.xml
[1.626s] -- Up-to-date: /home/lfvmu/kobuki/install/include/ecl/mobile_robot.hpp
[1.626s] -- Up-to-date: /home/lfvmu/kobuki/install/include/ecl/mobile_robot/differential_drive.hpp
[1.626s] -- Up-to-date: /home/lfvmu/kobuki/install/include/ecl/mobile_robot/macros.hpp
[1.627s] -- Up-to-date: /home/lfvmu/kobuki/install/include/ecl/mobile_robot/kinematics/differential_drive.hpp
[1.636s] -- Up-to-date: /home/lfvmu/kobuki/install/lib/libecl_mobile_robot.so.1.2.1
[1.641s] -- Up-to-date: /home/lfvmu/kobuki/install/lib/libecl_mobile_robot.so
[1.654s] Invoked command in '/home/lfvmu/kobuki/build/ecl_mobile_robot' returned '0': AMENT_PREFIX_PATH=/home/lfvmu/kobuki/install CMAKE_PREFIX_PATH=/home/lfvmu/kobuki/install LD_LIBRARY_PATH=/home/lfvmu/kobuki/install/lib PATH=/home/lfvmu/kobuki/install/bin:${PATH} PKG_CONFIG_PATH=/home/lfvmu/kobuki/install/lib/x86_64-linux-gnu/pkgconfig:/home/lfvmu/kobuki/install/lib/pkgconfig PYTHONPATH=/home/lfvmu/kobuki/install/lib/python3.8/site-packages /usr/bin/cmake --install /home/lfvmu/kobuki/build/ecl_mobile_robot
