[0.548s] Invoking command in '/home/lfvmu/kobuki/build/ecl_sigslots': AMENT_PREFIX_PATH=/home/lfvmu/kobuki/install CMAKE_PREFIX_PATH=/home/lfvmu/kobuki/install LD_LIBRARY_PATH=/home/lfvmu/kobuki/install/lib PATH=/home/lfvmu/kobuki/install/bin:${PATH} PYTHONPATH=/home/lfvmu/kobuki/install/lib/python3.8/site-packages /usr/bin/cmake /home/lfvmu/kobuki/src/ecl_core/ecl_sigslots -DBUILD_TESTING=OFF -DCMAKE_BUILD_TYPE=RelWithDebInfo -DCMAKE_INSTALL_PREFIX=/home/lfvmu/kobuki/install
[0.593s] -- Found ament_cmake_ros: 0.9.2 (/home/lfvmu/kobuki/install/share/ament_cmake_ros/cmake)
[0.641s] -- Using PYTHON_EXECUTABLE: /usr/bin/python3
[1.044s] -- Found ecl_build: 1.0.3 (/home/lfvmu/kobuki/install/share/ecl_build/cmake)
[1.070s] -- Found ecl_config: 1.1.0 (/home/lfvmu/kobuki/install/share/ecl_config/cmake)
[1.078s] -- Found ecl_threads: 1.2.1 (/home/lfvmu/kobuki/install/share/ecl_threads/cmake)
[1.471s] -- Configuring done
[1.534s] -- Generating done
[1.544s] -- Build files have been written to: /home/lfvmu/kobuki/build/ecl_sigslots
[1.561s] Invoked command in '/home/lfvmu/kobuki/build/ecl_sigslots' returned '0': AMENT_PREFIX_PATH=/home/lfvmu/kobuki/install CMAKE_PREFIX_PATH=/home/lfvmu/kobuki/install LD_LIBRARY_PATH=/home/lfvmu/kobuki/install/lib PATH=/home/lfvmu/kobuki/install/bin:${PATH} PYTHONPATH=/home/lfvmu/kobuki/install/lib/python3.8/site-packages /usr/bin/cmake /home/lfvmu/kobuki/src/ecl_core/ecl_sigslots -DBUILD_TESTING=OFF -DCMAKE_BUILD_TYPE=RelWithDebInfo -DCMAKE_INSTALL_PREFIX=/home/lfvmu/kobuki/install
[1.568s] Invoking command in '/home/lfvmu/kobuki/build/ecl_sigslots': AMENT_PREFIX_PATH=/home/lfvmu/kobuki/install CMAKE_PREFIX_PATH=/home/lfvmu/kobuki/install LD_LIBRARY_PATH=/home/lfvmu/kobuki/install/lib PATH=/home/lfvmu/kobuki/install/bin:${PATH} PYTHONPATH=/home/lfvmu/kobuki/install/lib/python3.8/site-packages /usr/bin/cmake --build /home/lfvmu/kobuki/build/ecl_sigslots -- -j4 -l4
[1.908s] [ 25%] [32mBuilding CXX object src/examples/CMakeFiles/ecl_demo_sigslots_manager.dir/sigslots_manager.cpp.o[0m
[1.928s] [ 50%] [32mBuilding CXX object src/examples/CMakeFiles/ecl_demo_sigslots.dir/sigslots.cpp.o[0m
[10.191s] [ 75%] [32m[1mLinking CXX executable demo_sigslots_manager[0m
[10.596s] [ 75%] Built target ecl_demo_sigslots_manager
[10.999s] [100%] [32m[1mLinking CXX executable demo_sigslots[0m
[11.270s] [100%] Built target ecl_demo_sigslots
[11.299s] Invoked command in '/home/lfvmu/kobuki/build/ecl_sigslots' returned '0': AMENT_PREFIX_PATH=/home/lfvmu/kobuki/install CMAKE_PREFIX_PATH=/home/lfvmu/kobuki/install LD_LIBRARY_PATH=/home/lfvmu/kobuki/install/lib PATH=/home/lfvmu/kobuki/install/bin:${PATH} PYTHONPATH=/home/lfvmu/kobuki/install/lib/python3.8/site-packages /usr/bin/cmake --build /home/lfvmu/kobuki/build/ecl_sigslots -- -j4 -l4
[11.348s] Invoking command in '/home/lfvmu/kobuki/build/ecl_sigslots': AMENT_PREFIX_PATH=/home/lfvmu/kobuki/install CMAKE_PREFIX_PATH=/home/lfvmu/kobuki/install LD_LIBRARY_PATH=/home/lfvmu/kobuki/install/lib PATH=/home/lfvmu/kobuki/install/bin:${PATH} PYTHONPATH=/home/lfvmu/kobuki/install/lib/python3.8/site-packages /usr/bin/cmake --install /home/lfvmu/kobuki/build/ecl_sigslots
[11.368s] -- Install configuration: "RelWithDebInfo"
[11.368s] -- Up-to-date: /home/lfvmu/kobuki/install/share/ament_index/resource_index/package_run_dependencies/ecl_sigslots
[11.369s] -- Up-to-date: /home/lfvmu/kobuki/install/share/ament_index/resource_index/parent_prefix_path/ecl_sigslots
[11.369s] -- Up-to-date: /home/lfvmu/kobuki/install/share/ecl_sigslots/environment/ament_prefix_path.sh
[11.370s] -- Installing: /home/lfvmu/kobuki/install/share/ecl_sigslots/environment/ament_prefix_path.dsv
[11.370s] -- Up-to-date: /home/lfvmu/kobuki/install/share/ecl_sigslots/environment/path.sh
[11.370s] -- Installing: /home/lfvmu/kobuki/install/share/ecl_sigslots/environment/path.dsv
[11.371s] -- Up-to-date: /home/lfvmu/kobuki/install/share/ecl_sigslots/local_setup.bash
[11.371s] -- Up-to-date: /home/lfvmu/kobuki/install/share/ecl_sigslots/local_setup.sh
[11.371s] -- Up-to-date: /home/lfvmu/kobuki/install/share/ecl_sigslots/local_setup.zsh
[11.372s] -- Installing: /home/lfvmu/kobuki/install/share/ecl_sigslots/local_setup.dsv
[11.372s] -- Installing: /home/lfvmu/kobuki/install/share/ecl_sigslots/package.dsv
[11.373s] -- Up-to-date: /home/lfvmu/kobuki/install/share/ament_index/resource_index/packages/ecl_sigslots
[11.373s] -- Up-to-date: /home/lfvmu/kobuki/install/share/ecl_sigslots/cmake/ecl_sigslotsExport.cmake
[11.373s] -- Up-to-date: /home/lfvmu/kobuki/install/share/ecl_sigslots/cmake/ament_cmake_export_targets-extras.cmake
[11.374s] -- Up-to-date: /home/lfvmu/kobuki/install/share/ecl_sigslots/cmake/ament_cmake_export_include_directories-extras.cmake
[11.374s] -- Up-to-date: /home/lfvmu/kobuki/install/share/ecl_sigslots/cmake/ament_cmake_export_dependencies-extras.cmake
[11.374s] -- Up-to-date: /home/lfvmu/kobuki/install/share/ecl_sigslots/cmake/ecl_sigslotsConfig.cmake
[11.375s] -- Up-to-date: /home/lfvmu/kobuki/install/share/ecl_sigslots/cmake/ecl_sigslotsConfig-version.cmake
[11.375s] -- Up-to-date: /home/lfvmu/kobuki/install/share/ecl_sigslots/package.xml
[11.376s] -- Up-to-date: /home/lfvmu/kobuki/install/include/ecl/sigslots.hpp
[11.376s] -- Up-to-date: /home/lfvmu/kobuki/install/include/ecl/sigslots/macros.hpp
[11.377s] -- Up-to-date: /home/lfvmu/kobuki/install/include/ecl/sigslots/manager.hpp
[11.377s] -- Up-to-date: /home/lfvmu/kobuki/install/include/ecl/sigslots/signal.hpp
[11.377s] -- Up-to-date: /home/lfvmu/kobuki/install/include/ecl/sigslots/sigslot.hpp
[11.378s] -- Up-to-date: /home/lfvmu/kobuki/install/include/ecl/sigslots/slot.hpp
[11.378s] -- Up-to-date: /home/lfvmu/kobuki/install/include/ecl/sigslots/topic.hpp
[11.379s] -- Installing: /home/lfvmu/kobuki/install/lib/ecl_sigslots/demo_sigslots
[11.383s] -- Set runtime path of "/home/lfvmu/kobuki/install/lib/ecl_sigslots/demo_sigslots" to ""
[11.384s] -- Installing: /home/lfvmu/kobuki/install/lib/ecl_sigslots/demo_sigslots_manager
[11.389s] -- Set runtime path of "/home/lfvmu/kobuki/install/lib/ecl_sigslots/demo_sigslots_manager" to ""
[11.410s] Invoked command in '/home/lfvmu/kobuki/build/ecl_sigslots' returned '0': AMENT_PREFIX_PATH=/home/lfvmu/kobuki/install CMAKE_PREFIX_PATH=/home/lfvmu/kobuki/install LD_LIBRARY_PATH=/home/lfvmu/kobuki/install/lib PATH=/home/lfvmu/kobuki/install/bin:${PATH} PYTHONPATH=/home/lfvmu/kobuki/install/lib/python3.8/site-packages /usr/bin/cmake --install /home/lfvmu/kobuki/build/ecl_sigslots
