[0.264s] Invoking command in '/home/lfvmu/kobuki/build/ecl_threads': /usr/bin/cmake /home/lfvmu/kobuki/src/ecl_core/ecl_threads -DBUILD_TESTING=OFF -DCMAKE_BUILD_TYPE=RelWithDebInfo -DCMAKE_INSTALL_PREFIX=/home/lfvmu/kobuki/install
[0.316s] -- Found ament_cmake_ros: 0.9.2 (/home/lfvmu/kobuki/install/share/ament_cmake_ros/cmake)
[0.365s] -- Using PYTHON_EXECUTABLE: /usr/bin/python3
[0.774s] -- Found ecl_build: 1.0.3 (/home/lfvmu/kobuki/install/share/ecl_build/cmake)
[0.795s] -- Found ecl_config: 1.1.0 (/home/lfvmu/kobuki/install/share/ecl_config/cmake)
[0.807s] -- Found ecl_errors: 1.1.0 (/home/lfvmu/kobuki/install/share/ecl_errors/cmake)
[0.816s] -- Found ecl_concepts: 1.2.1 (/home/lfvmu/kobuki/install/share/ecl_concepts/cmake)
[0.848s] -- Found ecl_exceptions: 1.2.1 (/home/lfvmu/kobuki/install/share/ecl_exceptions/cmake)
[0.849s] -- Found ecl_time: 1.2.1 (/home/lfvmu/kobuki/install/share/ecl_time/cmake)
[0.875s] -- Found ecl_utilities: 1.2.1 (/home/lfvmu/kobuki/install/share/ecl_utilities/cmake)
[1.062s] -- Configuring done
[1.102s] -- Generating done
[1.124s] -- Build files have been written to: /home/lfvmu/kobuki/build/ecl_threads
[1.170s] Invoked command in '/home/lfvmu/kobuki/build/ecl_threads' returned '0': /usr/bin/cmake /home/lfvmu/kobuki/src/ecl_core/ecl_threads -DBUILD_TESTING=OFF -DCMAKE_BUILD_TYPE=RelWithDebInfo -DCMAKE_INSTALL_PREFIX=/home/lfvmu/kobuki/install
[1.171s] Invoking command in '/home/lfvmu/kobuki/build/ecl_threads': /usr/bin/cmake --build /home/lfvmu/kobuki/build/ecl_threads -- -j4 -l4
[1.343s] [ 63%] Built target ecl_threads
[1.389s] [ 81%] Built target ecl_demo_mutex
[1.414s] [100%] Built target ecl_demo_thread
[1.669s] Invoked command in '/home/lfvmu/kobuki/build/ecl_threads' returned '0': /usr/bin/cmake --build /home/lfvmu/kobuki/build/ecl_threads -- -j4 -l4
[1.763s] Invoking command in '/home/lfvmu/kobuki/build/ecl_threads': /usr/bin/cmake --install /home/lfvmu/kobuki/build/ecl_threads
[1.782s] -- Install configuration: "RelWithDebInfo"
[1.782s] -- Up-to-date: /home/lfvmu/kobuki/install/share/ecl_threads/environment/library_path.sh
[1.783s] -- Installing: /home/lfvmu/kobuki/install/share/ecl_threads/environment/library_path.dsv
[1.783s] -- Up-to-date: /home/lfvmu/kobuki/install/share/ament_index/resource_index/package_run_dependencies/ecl_threads
[1.783s] -- Up-to-date: /home/lfvmu/kobuki/install/share/ament_index/resource_index/parent_prefix_path/ecl_threads
[1.784s] -- Up-to-date: /home/lfvmu/kobuki/install/share/ecl_threads/environment/ament_prefix_path.sh
[1.784s] -- Installing: /home/lfvmu/kobuki/install/share/ecl_threads/environment/ament_prefix_path.dsv
[1.785s] -- Up-to-date: /home/lfvmu/kobuki/install/share/ecl_threads/environment/path.sh
[1.785s] -- Installing: /home/lfvmu/kobuki/install/share/ecl_threads/environment/path.dsv
[1.785s] -- Up-to-date: /home/lfvmu/kobuki/install/share/ecl_threads/local_setup.bash
[1.785s] -- Up-to-date: /home/lfvmu/kobuki/install/share/ecl_threads/local_setup.sh
[1.786s] -- Up-to-date: /home/lfvmu/kobuki/install/share/ecl_threads/local_setup.zsh
[1.786s] -- Installing: /home/lfvmu/kobuki/install/share/ecl_threads/local_setup.dsv
[1.787s] -- Installing: /home/lfvmu/kobuki/install/share/ecl_threads/package.dsv
[1.788s] -- Up-to-date: /home/lfvmu/kobuki/install/share/ament_index/resource_index/packages/ecl_threads
[1.790s] -- Up-to-date: /home/lfvmu/kobuki/install/share/ecl_threads/cmake/ecl_threadsExport.cmake
[1.790s] -- Installing: /home/lfvmu/kobuki/install/share/ecl_threads/cmake/ecl_threadsExport-relwithdebinfo.cmake
[1.791s] -- Up-to-date: /home/lfvmu/kobuki/install/share/ecl_threads/cmake/ecl_threads-extras.cmake
[1.792s] -- Up-to-date: /home/lfvmu/kobuki/install/share/ecl_threads/cmake/ament_cmake_export_targets-extras.cmake
[1.796s] -- Up-to-date: /home/lfvmu/kobuki/install/share/ecl_threads/cmake/ament_cmake_export_include_directories-extras.cmake
[1.797s] -- Up-to-date: /home/lfvmu/kobuki/install/share/ecl_threads/cmake/ament_cmake_export_libraries-extras.cmake
[1.798s] -- Up-to-date: /home/lfvmu/kobuki/install/share/ecl_threads/cmake/ament_cmake_export_dependencies-extras.cmake
[1.798s] -- Up-to-date: /home/lfvmu/kobuki/install/share/ecl_threads/cmake/ecl_threadsConfig.cmake
[1.798s] -- Up-to-date: /home/lfvmu/kobuki/install/share/ecl_threads/cmake/ecl_threadsConfig-version.cmake
[1.799s] -- Up-to-date: /home/lfvmu/kobuki/install/share/ecl_threads/package.xml
[1.799s] -- Up-to-date: /home/lfvmu/kobuki/install/include/ecl/threads.hpp
[1.799s] -- Up-to-date: /home/lfvmu/kobuki/install/include/ecl/threads/macros.hpp
[1.799s] -- Up-to-date: /home/lfvmu/kobuki/install/include/ecl/threads/mutex.hpp
[1.799s] -- Up-to-date: /home/lfvmu/kobuki/install/include/ecl/threads/mutex_pos.hpp
[1.800s] -- Up-to-date: /home/lfvmu/kobuki/install/include/ecl/threads/mutex_w32.hpp
[1.800s] -- Up-to-date: /home/lfvmu/kobuki/install/include/ecl/threads/priority.hpp
[1.800s] -- Up-to-date: /home/lfvmu/kobuki/install/include/ecl/threads/priority_common.hpp
[1.800s] -- Up-to-date: /home/lfvmu/kobuki/install/include/ecl/threads/priority_pos.hpp
[1.800s] -- Up-to-date: /home/lfvmu/kobuki/install/include/ecl/threads/priority_win.hpp
[1.801s] -- Up-to-date: /home/lfvmu/kobuki/install/include/ecl/threads/thread.hpp
[1.801s] -- Up-to-date: /home/lfvmu/kobuki/install/include/ecl/threads/thread_exceptions_pos.hpp
[1.801s] -- Up-to-date: /home/lfvmu/kobuki/install/include/ecl/threads/thread_pos.hpp
[1.801s] -- Up-to-date: /home/lfvmu/kobuki/install/include/ecl/threads/thread_win.hpp
[1.801s] -- Up-to-date: /home/lfvmu/kobuki/install/include/ecl/threads/threadable.hpp
[1.802s] -- Up-to-date: /home/lfvmu/kobuki/install/lib/libecl_threads.so.1.2.1
[1.802s] -- Up-to-date: /home/lfvmu/kobuki/install/lib/libecl_threads.so
[1.802s] -- Up-to-date: /home/lfvmu/kobuki/install/lib/ecl_threads/demo_thread
[1.802s] -- Up-to-date: /home/lfvmu/kobuki/install/lib/ecl_threads/demo_mutex
[1.817s] Invoked command in '/home/lfvmu/kobuki/build/ecl_threads' returned '0': /usr/bin/cmake --install /home/lfvmu/kobuki/build/ecl_threads
