[0.371s] Invoking command in '/home/lfvmu/kobuki/build/ecl_sigslots': /usr/bin/cmake /home/lfvmu/kobuki/src/ecl_core/ecl_sigslots -DBUILD_TESTING=OFF --no-warn-unused-cli -DCMAKE_INSTALL_PREFIX=/home/lfvmu/kobuki/install
[0.412s] Not searching for unused variables given on the command line.
[0.417s] -- Found ament_cmake_ros: 0.9.2 (/home/lfvmu/kobuki/install/share/ament_cmake_ros/cmake)
[0.457s] -- Using PYTHON_EXECUTABLE: /usr/bin/python3
[0.827s] -- Found ecl_build: 1.0.3 (/home/lfvmu/kobuki/install/share/ecl_build/cmake)
[0.848s] -- Found ecl_config: 1.1.0 (/home/lfvmu/kobuki/install/share/ecl_config/cmake)
[0.863s] -- Found ecl_threads: 1.2.1 (/home/lfvmu/kobuki/install/share/ecl_threads/cmake)
[1.130s] -- Configuring done
[1.154s] -- Generating done
[1.209s] -- Build files have been written to: /home/lfvmu/kobuki/build/ecl_sigslots
[1.265s] Invoked command in '/home/lfvmu/kobuki/build/ecl_sigslots' returned '0': /usr/bin/cmake /home/lfvmu/kobuki/src/ecl_core/ecl_sigslots -DBUILD_TESTING=OFF --no-warn-unused-cli -DCMAKE_INSTALL_PREFIX=/home/lfvmu/kobuki/install
[1.274s] Invoking command in '/home/lfvmu/kobuki/build/ecl_sigslots': /usr/bin/cmake --build /home/lfvmu/kobuki/build/ecl_sigslots -- -j4 -l4
[1.393s] [ 50%] Built target ecl_demo_sigslots
[1.429s] [100%] Built target ecl_demo_sigslots_manager
[1.463s] Invoked command in '/home/lfvmu/kobuki/build/ecl_sigslots' returned '0': /usr/bin/cmake --build /home/lfvmu/kobuki/build/ecl_sigslots -- -j4 -l4
[1.541s] Invoking command in '/home/lfvmu/kobuki/build/ecl_sigslots': /usr/bin/cmake --install /home/lfvmu/kobuki/build/ecl_sigslots
[1.560s] -- Install configuration: "RelWithDebInfo"
[1.560s] -- Up-to-date: /home/lfvmu/kobuki/install/share/ament_index/resource_index/package_run_dependencies/ecl_sigslots
[1.561s] -- Up-to-date: /home/lfvmu/kobuki/install/share/ament_index/resource_index/parent_prefix_path/ecl_sigslots
[1.562s] -- Up-to-date: /home/lfvmu/kobuki/install/share/ecl_sigslots/environment/ament_prefix_path.sh
[1.563s] -- Installing: /home/lfvmu/kobuki/install/share/ecl_sigslots/environment/ament_prefix_path.dsv
[1.563s] -- Up-to-date: /home/lfvmu/kobuki/install/share/ecl_sigslots/environment/path.sh
[1.563s] -- Installing: /home/lfvmu/kobuki/install/share/ecl_sigslots/environment/path.dsv
[1.564s] -- Up-to-date: /home/lfvmu/kobuki/install/share/ecl_sigslots/local_setup.bash
[1.564s] -- Up-to-date: /home/lfvmu/kobuki/install/share/ecl_sigslots/local_setup.sh
[1.565s] -- Up-to-date: /home/lfvmu/kobuki/install/share/ecl_sigslots/local_setup.zsh
[1.565s] -- Installing: /home/lfvmu/kobuki/install/share/ecl_sigslots/local_setup.dsv
[1.565s] -- Installing: /home/lfvmu/kobuki/install/share/ecl_sigslots/package.dsv
[1.566s] -- Up-to-date: /home/lfvmu/kobuki/install/share/ament_index/resource_index/packages/ecl_sigslots
[1.567s] -- Up-to-date: /home/lfvmu/kobuki/install/share/ecl_sigslots/cmake/ecl_sigslotsExport.cmake
[1.567s] -- Up-to-date: /home/lfvmu/kobuki/install/share/ecl_sigslots/cmake/ament_cmake_export_targets-extras.cmake
[1.567s] -- Up-to-date: /home/lfvmu/kobuki/install/share/ecl_sigslots/cmake/ament_cmake_export_include_directories-extras.cmake
[1.568s] -- Up-to-date: /home/lfvmu/kobuki/install/share/ecl_sigslots/cmake/ament_cmake_export_dependencies-extras.cmake
[1.568s] -- Up-to-date: /home/lfvmu/kobuki/install/share/ecl_sigslots/cmake/ecl_sigslotsConfig.cmake
[1.569s] -- Up-to-date: /home/lfvmu/kobuki/install/share/ecl_sigslots/cmake/ecl_sigslotsConfig-version.cmake
[1.569s] -- Up-to-date: /home/lfvmu/kobuki/install/share/ecl_sigslots/package.xml
[1.570s] -- Up-to-date: /home/lfvmu/kobuki/install/include/ecl/sigslots.hpp
[1.571s] -- Up-to-date: /home/lfvmu/kobuki/install/include/ecl/sigslots/macros.hpp
[1.571s] -- Up-to-date: /home/lfvmu/kobuki/install/include/ecl/sigslots/manager.hpp
[1.572s] -- Up-to-date: /home/lfvmu/kobuki/install/include/ecl/sigslots/signal.hpp
[1.572s] -- Up-to-date: /home/lfvmu/kobuki/install/include/ecl/sigslots/sigslot.hpp
[1.572s] -- Up-to-date: /home/lfvmu/kobuki/install/include/ecl/sigslots/slot.hpp
[1.572s] -- Up-to-date: /home/lfvmu/kobuki/install/include/ecl/sigslots/topic.hpp
[1.574s] -- Up-to-date: /home/lfvmu/kobuki/install/lib/ecl_sigslots/demo_sigslots
[1.575s] -- Up-to-date: /home/lfvmu/kobuki/install/lib/ecl_sigslots/demo_sigslots_manager
[1.586s] Invoked command in '/home/lfvmu/kobuki/build/ecl_sigslots' returned '0': /usr/bin/cmake --install /home/lfvmu/kobuki/build/ecl_sigslots
