[0.574s] Invoking command in '/home/lfvmu/kobuki/build/ament_cmake': /usr/bin/cmake /home/lfvmu/kobuki/src/ament_cmake/ament_cmake -DBUILD_TESTING=OFF -DCMAKE_INSTALL_PREFIX=/home/lfvmu/kobuki/install
[0.581s] -- Found ament_cmake_core: 0.9.11 (/home/lfvmu/kobuki/install/share/ament_cmake_core/cmake)
[0.614s] -- Using PYTHON_EXECUTABLE: /usr/bin/python3
[0.961s] -- Found ament_cmake_export_dependencies: 0.9.11 (/home/lfvmu/kobuki/install/share/ament_cmake_export_dependencies/cmake)
[1.121s] -- Configuring done
[1.121s] -- Generating done
[1.123s] -- Build files have been written to: /home/lfvmu/kobuki/build/ament_cmake
[1.313s] Invoked command in '/home/lfvmu/kobuki/build/ament_cmake' returned '0': /usr/bin/cmake /home/lfvmu/kobuki/src/ament_cmake/ament_cmake -DBUILD_TESTING=OFF -DCMAKE_INSTALL_PREFIX=/home/lfvmu/kobuki/install
[1.320s] Invoking command in '/home/lfvmu/kobuki/build/ament_cmake': /usr/bin/cmake --build /home/lfvmu/kobuki/build/ament_cmake -- -j4 -l4
[1.595s] Invoked command in '/home/lfvmu/kobuki/build/ament_cmake' returned '0': /usr/bin/cmake --build /home/lfvmu/kobuki/build/ament_cmake -- -j4 -l4
[1.654s] Invoking command in '/home/lfvmu/kobuki/build/ament_cmake': /usr/bin/cmake --install /home/lfvmu/kobuki/build/ament_cmake
[1.681s] -- Install configuration: "RelWithDebInfo"
[1.681s] -- Up-to-date: /home/lfvmu/kobuki/install/share/ament_index/resource_index/package_run_dependencies/ament_cmake
[1.682s] -- Up-to-date: /home/lfvmu/kobuki/install/share/ament_index/resource_index/parent_prefix_path/ament_cmake
[1.682s] -- Up-to-date: /home/lfvmu/kobuki/install/share/ament_cmake/environment/ament_prefix_path.sh
[1.683s] -- Installing: /home/lfvmu/kobuki/install/share/ament_cmake/environment/ament_prefix_path.dsv
[1.683s] -- Up-to-date: /home/lfvmu/kobuki/install/share/ament_cmake/environment/path.sh
[1.683s] -- Installing: /home/lfvmu/kobuki/install/share/ament_cmake/environment/path.dsv
[1.684s] -- Up-to-date: /home/lfvmu/kobuki/install/share/ament_cmake/local_setup.bash
[1.684s] -- Up-to-date: /home/lfvmu/kobuki/install/share/ament_cmake/local_setup.sh
[1.685s] -- Up-to-date: /home/lfvmu/kobuki/install/share/ament_cmake/local_setup.zsh
[1.685s] -- Installing: /home/lfvmu/kobuki/install/share/ament_cmake/local_setup.dsv
[1.685s] -- Installing: /home/lfvmu/kobuki/install/share/ament_cmake/package.dsv
[1.686s] -- Up-to-date: /home/lfvmu/kobuki/install/share/ament_index/resource_index/packages/ament_cmake
[1.686s] -- Up-to-date: /home/lfvmu/kobuki/install/share/ament_cmake/cmake/ament_cmake_export_dependencies-extras.cmake
[1.687s] -- Up-to-date: /home/lfvmu/kobuki/install/share/ament_cmake/cmake/ament_cmakeConfig.cmake
[1.687s] -- Up-to-date: /home/lfvmu/kobuki/install/share/ament_cmake/cmake/ament_cmakeConfig-version.cmake
[1.687s] -- Up-to-date: /home/lfvmu/kobuki/install/share/ament_cmake/package.xml
[1.707s] Invoked command in '/home/lfvmu/kobuki/build/ament_cmake' returned '0': /usr/bin/cmake --install /home/lfvmu/kobuki/build/ament_cmake
