[0.359s] Invoking command in '/home/lfvmu/kobuki/build/ecl_time_lite': /usr/bin/cmake /home/lfvmu/kobuki/src/ecl_lite/ecl_time_lite -DBUILD_TESTING=OFF -DCMAKE_INSTALL_PREFIX=/home/lfvmu/kobuki/install
[0.378s] Re-run cmake no build system arguments
[0.394s] -- Found ament_cmake_ros: 0.9.2 (/home/lfvmu/kobuki/install/share/ament_cmake_ros/cmake)
[0.461s] -- Using PYTHON_EXECUTABLE: /usr/bin/python3
[0.860s] -- Found ecl_build: 1.0.3 (/home/lfvmu/kobuki/install/share/ecl_build/cmake)
[0.897s] -- Found ecl_config: 1.1.0 (/home/lfvmu/kobuki/install/share/ecl_config/cmake)
[0.908s] -- Found ecl_errors: 1.1.0 (/home/lfvmu/kobuki/install/share/ecl_errors/cmake)
[1.104s] -- Configuring done
[1.144s] -- Generating done
[1.151s] -- Build files have been written to: /home/lfvmu/kobuki/build/ecl_time_lite
[1.174s] Invoked command in '/home/lfvmu/kobuki/build/ecl_time_lite' returned '0': /usr/bin/cmake /home/lfvmu/kobuki/src/ecl_lite/ecl_time_lite -DBUILD_TESTING=OFF -DCMAKE_INSTALL_PREFIX=/home/lfvmu/kobuki/install
[1.176s] Invoking command in '/home/lfvmu/kobuki/build/ecl_time_lite': /usr/bin/cmake --build /home/lfvmu/kobuki/build/ecl_time_lite -- -j4 -l4
[1.234s] /usr/bin/cmake -S/home/lfvmu/kobuki/src/ecl_lite/ecl_time_lite -B/home/lfvmu/kobuki/build/ecl_time_lite --check-build-system CMakeFiles/Makefile.cmake 0
[1.263s] /usr/bin/cmake -E cmake_progress_start /home/lfvmu/kobuki/build/ecl_time_lite/CMakeFiles /home/lfvmu/kobuki/build/ecl_time_lite/CMakeFiles/progress.marks
[1.286s] /usr/bin/make -f CMakeFiles/Makefile2 all
[1.287s] make[1]: Entering directory '/home/lfvmu/kobuki/build/ecl_time_lite'
[1.287s] /usr/bin/make -f src/lib/CMakeFiles/ecl_time_lite.dir/build.make src/lib/CMakeFiles/ecl_time_lite.dir/depend
[1.296s] make[2]: Entering directory '/home/lfvmu/kobuki/build/ecl_time_lite'
[1.296s] cd /home/lfvmu/kobuki/build/ecl_time_lite && /usr/bin/cmake -E cmake_depends "Unix Makefiles" /home/lfvmu/kobuki/src/ecl_lite/ecl_time_lite /home/lfvmu/kobuki/src/ecl_lite/ecl_time_lite/src/lib /home/lfvmu/kobuki/build/ecl_time_lite /home/lfvmu/kobuki/build/ecl_time_lite/src/lib /home/lfvmu/kobuki/build/ecl_time_lite/src/lib/CMakeFiles/ecl_time_lite.dir/DependInfo.cmake --color=
[1.343s] make[2]: Leaving directory '/home/lfvmu/kobuki/build/ecl_time_lite'
[1.343s] /usr/bin/make -f src/lib/CMakeFiles/ecl_time_lite.dir/build.make src/lib/CMakeFiles/ecl_time_lite.dir/build
[1.351s] make[2]: Entering directory '/home/lfvmu/kobuki/build/ecl_time_lite'
[1.352s] make[2]: Nothing to be done for 'src/lib/CMakeFiles/ecl_time_lite.dir/build'.
[1.352s] make[2]: Leaving directory '/home/lfvmu/kobuki/build/ecl_time_lite'
[1.377s] [ 77%] Built target ecl_time_lite
[1.379s] /usr/bin/make -f src/examples/CMakeFiles/demo_time_functions.dir/build.make src/examples/CMakeFiles/demo_time_functions.dir/depend
[1.399s] make[2]: Entering directory '/home/lfvmu/kobuki/build/ecl_time_lite'
[1.399s] cd /home/lfvmu/kobuki/build/ecl_time_lite && /usr/bin/cmake -E cmake_depends "Unix Makefiles" /home/lfvmu/kobuki/src/ecl_lite/ecl_time_lite /home/lfvmu/kobuki/src/ecl_lite/ecl_time_lite/src/examples /home/lfvmu/kobuki/build/ecl_time_lite /home/lfvmu/kobuki/build/ecl_time_lite/src/examples /home/lfvmu/kobuki/build/ecl_time_lite/src/examples/CMakeFiles/demo_time_functions.dir/DependInfo.cmake --color=
[1.412s] make[2]: Leaving directory '/home/lfvmu/kobuki/build/ecl_time_lite'
[1.413s] /usr/bin/make -f src/examples/CMakeFiles/demo_time_functions.dir/build.make src/examples/CMakeFiles/demo_time_functions.dir/build
[1.418s] make[2]: Entering directory '/home/lfvmu/kobuki/build/ecl_time_lite'
[1.418s] make[2]: Nothing to be done for 'src/examples/CMakeFiles/demo_time_functions.dir/build'.
[1.419s] make[2]: Leaving directory '/home/lfvmu/kobuki/build/ecl_time_lite'
[1.435s] [100%] Built target demo_time_functions
[1.442s] make[1]: Leaving directory '/home/lfvmu/kobuki/build/ecl_time_lite'
[1.443s] /usr/bin/cmake -E cmake_progress_start /home/lfvmu/kobuki/build/ecl_time_lite/CMakeFiles 0
[1.735s] Invoked command in '/home/lfvmu/kobuki/build/ecl_time_lite' returned '0': /usr/bin/cmake --build /home/lfvmu/kobuki/build/ecl_time_lite -- -j4 -l4
[1.835s] Invoking command in '/home/lfvmu/kobuki/build/ecl_time_lite': /usr/bin/cmake --install /home/lfvmu/kobuki/build/ecl_time_lite
[1.853s] -- Install configuration: "RelWithDebInfo"
[1.853s] -- Up-to-date: /home/lfvmu/kobuki/install/share/ecl_time_lite/environment/library_path.sh
[1.853s] -- Installing: /home/lfvmu/kobuki/install/share/ecl_time_lite/environment/library_path.dsv
[1.854s] -- Up-to-date: /home/lfvmu/kobuki/install/share/ament_index/resource_index/package_run_dependencies/ecl_time_lite
[1.854s] -- Up-to-date: /home/lfvmu/kobuki/install/share/ament_index/resource_index/parent_prefix_path/ecl_time_lite
[1.854s] -- Up-to-date: /home/lfvmu/kobuki/install/share/ecl_time_lite/environment/ament_prefix_path.sh
[1.855s] -- Installing: /home/lfvmu/kobuki/install/share/ecl_time_lite/environment/ament_prefix_path.dsv
[1.855s] -- Up-to-date: /home/lfvmu/kobuki/install/share/ecl_time_lite/environment/path.sh
[1.855s] -- Installing: /home/lfvmu/kobuki/install/share/ecl_time_lite/environment/path.dsv
[1.856s] -- Up-to-date: /home/lfvmu/kobuki/install/share/ecl_time_lite/local_setup.bash
[1.856s] -- Up-to-date: /home/lfvmu/kobuki/install/share/ecl_time_lite/local_setup.sh
[1.856s] -- Up-to-date: /home/lfvmu/kobuki/install/share/ecl_time_lite/local_setup.zsh
[1.857s] -- Installing: /home/lfvmu/kobuki/install/share/ecl_time_lite/local_setup.dsv
[1.857s] -- Installing: /home/lfvmu/kobuki/install/share/ecl_time_lite/package.dsv
[1.857s] -- Up-to-date: /home/lfvmu/kobuki/install/share/ament_index/resource_index/packages/ecl_time_lite
[1.858s] -- Up-to-date: /home/lfvmu/kobuki/install/share/ecl_time_lite/cmake/ecl_time_liteExport.cmake
[1.858s] -- Installing: /home/lfvmu/kobuki/install/share/ecl_time_lite/cmake/ecl_time_liteExport-relwithdebinfo.cmake
[1.859s] -- Up-to-date: /home/lfvmu/kobuki/install/share/ecl_time_lite/cmake/ament_cmake_export_targets-extras.cmake
[1.859s] -- Up-to-date: /home/lfvmu/kobuki/install/share/ecl_time_lite/cmake/ament_cmake_export_include_directories-extras.cmake
[1.859s] -- Up-to-date: /home/lfvmu/kobuki/install/share/ecl_time_lite/cmake/ament_cmake_export_libraries-extras.cmake
[1.859s] -- Up-to-date: /home/lfvmu/kobuki/install/share/ecl_time_lite/cmake/ament_cmake_export_dependencies-extras.cmake
[1.860s] -- Up-to-date: /home/lfvmu/kobuki/install/share/ecl_time_lite/cmake/ecl_time_liteConfig.cmake
[1.860s] -- Up-to-date: /home/lfvmu/kobuki/install/share/ecl_time_lite/cmake/ecl_time_liteConfig-version.cmake
[1.860s] -- Up-to-date: /home/lfvmu/kobuki/install/share/ecl_time_lite/package.xml
[1.861s] -- Up-to-date: /home/lfvmu/kobuki/install/include/ecl/time_lite.hpp
[1.862s] -- Up-to-date: /home/lfvmu/kobuki/install/include/ecl/time_lite/cpu_time.hpp
[1.862s] -- Up-to-date: /home/lfvmu/kobuki/install/include/ecl/time_lite/date.hpp
[1.862s] -- Up-to-date: /home/lfvmu/kobuki/install/include/ecl/time_lite/errors.hpp
[1.863s] -- Up-to-date: /home/lfvmu/kobuki/install/include/ecl/time_lite/functions.hpp
[1.863s] -- Up-to-date: /home/lfvmu/kobuki/install/include/ecl/time_lite/functions_mac.hpp
[1.863s] -- Up-to-date: /home/lfvmu/kobuki/install/include/ecl/time_lite/functions_pos.hpp
[1.864s] -- Up-to-date: /home/lfvmu/kobuki/install/include/ecl/time_lite/functions_rt.hpp
[1.864s] -- Up-to-date: /home/lfvmu/kobuki/install/include/ecl/time_lite/functions_win.hpp
[1.864s] -- Up-to-date: /home/lfvmu/kobuki/install/include/ecl/time_lite/macros.hpp
[1.864s] -- Up-to-date: /home/lfvmu/kobuki/install/include/ecl/time_lite/types.hpp
[1.864s] -- Up-to-date: /home/lfvmu/kobuki/install/include/ecl/time_lite/types_pos.hpp
[1.865s] -- Up-to-date: /home/lfvmu/kobuki/install/include/ecl/time_lite/types_win.hpp
[1.865s] -- Up-to-date: /home/lfvmu/kobuki/install/include/ecl/time_lite/config.hpp
[1.865s] -- Up-to-date: /home/lfvmu/kobuki/install/lib/libecl_time_lite.so.1.1.0
[1.866s] -- Up-to-date: /home/lfvmu/kobuki/install/lib/libecl_time_lite.so
[1.869s] -- Up-to-date: /home/lfvmu/kobuki/install/lib/ecl_time_lite/demo_time_functions
[1.871s] Invoked command in '/home/lfvmu/kobuki/build/ecl_time_lite' returned '0': /usr/bin/cmake --install /home/lfvmu/kobuki/build/ecl_time_lite
