[0.310s] Invoking command in '/home/lfvmu/kobuki/build/ament_cmake_export_libraries': /usr/bin/cmake /home/lfvmu/kobuki/src/ament_cmake/ament_cmake_export_libraries -DBUILD_TESTING=OFF --no-warn-unused-cli -DCMAKE_INSTALL_PREFIX=/home/lfvmu/kobuki/install
[0.312s] Not searching for unused variables given on the command line.
[0.312s] -- Found ament_cmake_core: 0.9.11 (/home/lfvmu/kobuki/install/share/ament_cmake_core/cmake)
[0.360s] -- Using PYTHON_EXECUTABLE: /usr/bin/python3
[0.841s] -- Configuring done
[0.848s] -- Generating done
[0.851s] -- Build files have been written to: /home/lfvmu/kobuki/build/ament_cmake_export_libraries
[0.854s] Invoked command in '/home/lfvmu/kobuki/build/ament_cmake_export_libraries' returned '0': /usr/bin/cmake /home/lfvmu/kobuki/src/ament_cmake/ament_cmake_export_libraries -DBUILD_TESTING=OFF --no-warn-unused-cli -DCMAKE_INSTALL_PREFIX=/home/lfvmu/kobuki/install
[0.861s] Invoking command in '/home/lfvmu/kobuki/build/ament_cmake_export_libraries': /usr/bin/cmake --build /home/lfvmu/kobuki/build/ament_cmake_export_libraries -- -j4 -l4
[0.955s] Invoked command in '/home/lfvmu/kobuki/build/ament_cmake_export_libraries' returned '0': /usr/bin/cmake --build /home/lfvmu/kobuki/build/ament_cmake_export_libraries -- -j4 -l4
[1.003s] Invoking command in '/home/lfvmu/kobuki/build/ament_cmake_export_libraries': /usr/bin/cmake --install /home/lfvmu/kobuki/build/ament_cmake_export_libraries
[1.032s] -- Install configuration: "RelWithDebInfo"
[1.033s] -- Up-to-date: /home/lfvmu/kobuki/install/share/ament_index/resource_index/package_run_dependencies/ament_cmake_export_libraries
[1.033s] -- Up-to-date: /home/lfvmu/kobuki/install/share/ament_index/resource_index/parent_prefix_path/ament_cmake_export_libraries
[1.033s] -- Up-to-date: /home/lfvmu/kobuki/install/share/ament_cmake_export_libraries/environment/ament_prefix_path.sh
[1.033s] -- Installing: /home/lfvmu/kobuki/install/share/ament_cmake_export_libraries/environment/ament_prefix_path.dsv
[1.034s] -- Up-to-date: /home/lfvmu/kobuki/install/share/ament_cmake_export_libraries/environment/path.sh
[1.034s] -- Installing: /home/lfvmu/kobuki/install/share/ament_cmake_export_libraries/environment/path.dsv
[1.035s] -- Up-to-date: /home/lfvmu/kobuki/install/share/ament_cmake_export_libraries/local_setup.bash
[1.035s] -- Up-to-date: /home/lfvmu/kobuki/install/share/ament_cmake_export_libraries/local_setup.sh
[1.035s] -- Up-to-date: /home/lfvmu/kobuki/install/share/ament_cmake_export_libraries/local_setup.zsh
[1.036s] -- Installing: /home/lfvmu/kobuki/install/share/ament_cmake_export_libraries/local_setup.dsv
[1.036s] -- Installing: /home/lfvmu/kobuki/install/share/ament_cmake_export_libraries/package.dsv
[1.036s] -- Up-to-date: /home/lfvmu/kobuki/install/share/ament_index/resource_index/packages/ament_cmake_export_libraries
[1.036s] -- Up-to-date: /home/lfvmu/kobuki/install/share/ament_cmake_export_libraries/cmake/ament_cmake_export_libraries-extras.cmake
[1.037s] -- Up-to-date: /home/lfvmu/kobuki/install/share/ament_cmake_export_libraries/cmake/ament_cmake_export_librariesConfig.cmake
[1.037s] -- Up-to-date: /home/lfvmu/kobuki/install/share/ament_cmake_export_libraries/cmake/ament_cmake_export_librariesConfig-version.cmake
[1.037s] -- Up-to-date: /home/lfvmu/kobuki/install/share/ament_cmake_export_libraries/package.xml
[1.038s] -- Up-to-date: /home/lfvmu/kobuki/install/share/ament_cmake_export_libraries/cmake
[1.038s] -- Up-to-date: /home/lfvmu/kobuki/install/share/ament_cmake_export_libraries/cmake/ament_export_libraries.cmake
[1.038s] -- Up-to-date: /home/lfvmu/kobuki/install/share/ament_cmake_export_libraries/cmake/ament_cmake_export_libraries_package_hook.cmake
[1.039s] -- Up-to-date: /home/lfvmu/kobuki/install/share/ament_cmake_export_libraries/cmake/ament_export_library_names.cmake
[1.039s] -- Up-to-date: /home/lfvmu/kobuki/install/share/ament_cmake_export_libraries/cmake/ament_cmake_export_libraries-extras.cmake.in
[1.054s] Invoked command in '/home/lfvmu/kobuki/build/ament_cmake_export_libraries' returned '0': /usr/bin/cmake --install /home/lfvmu/kobuki/build/ament_cmake_export_libraries
