[2.627s] Invoking command in '/home/lfvmu/kobuki/src/ament_lint/ament_uncrustify': PYTHONPATH=/home/lfvmu/kobuki/build/ament_uncrustify/prefix_override:/home/lfvmu/kobuki/install/lib/python3.8/site-packages:${PYTHONPATH} /usr/bin/python3 setup.py egg_info --egg-base ../../../build/ament_uncrustify build --build-base /home/lfvmu/kobuki/build/ament_uncrustify/build install --record /home/lfvmu/kobuki/build/ament_uncrustify/install.log --single-version-externally-managed
[3.068s] running egg_info
[3.069s] writing ../../../build/ament_uncrustify/ament_uncrustify.egg-info/PKG-INFO
[3.070s] writing dependency_links to ../../../build/ament_uncrustify/ament_uncrustify.egg-info/dependency_links.txt
[3.070s] writing entry points to ../../../build/ament_uncrustify/ament_uncrustify.egg-info/entry_points.txt
[3.071s] writing requirements to ../../../build/ament_uncrustify/ament_uncrustify.egg-info/requires.txt
[3.071s] writing top-level names to ../../../build/ament_uncrustify/ament_uncrustify.egg-info/top_level.txt
[3.204s] reading manifest file '../../../build/ament_uncrustify/ament_uncrustify.egg-info/SOURCES.txt'
[3.206s] writing manifest file '../../../build/ament_uncrustify/ament_uncrustify.egg-info/SOURCES.txt'
[3.207s] running build
[3.207s] running build_py
[3.207s] running install
[3.209s] running install_lib
[3.212s] running install_data
[3.219s] running install_egg_info
[3.226s] removing '/home/lfvmu/kobuki/install/lib/python3.8/site-packages/ament_uncrustify-0.9.7-py3.8.egg-info' (and everything under it)
[3.226s] Copying ../../../build/ament_uncrustify/ament_uncrustify.egg-info to /home/lfvmu/kobuki/install/lib/python3.8/site-packages/ament_uncrustify-0.9.7-py3.8.egg-info
[3.227s] running install_scripts
[3.270s] Installing ament_uncrustify script to /home/lfvmu/kobuki/install/bin
[3.270s] writing list of installed files to '/home/lfvmu/kobuki/build/ament_uncrustify/install.log'
[3.455s] Invoked command in '/home/lfvmu/kobuki/src/ament_lint/ament_uncrustify' returned '0': PYTHONPATH=/home/lfvmu/kobuki/build/ament_uncrustify/prefix_override:/home/lfvmu/kobuki/install/lib/python3.8/site-packages:${PYTHONPATH} /usr/bin/python3 setup.py egg_info --egg-base ../../../build/ament_uncrustify build --build-base /home/lfvmu/kobuki/build/ament_uncrustify/build install --record /home/lfvmu/kobuki/build/ament_uncrustify/install.log --single-version-externally-managed
