[1.665s] Invoking command in '/home/lfvmu/kobuki/src/ament_lint/ament_cpplint': PYTHONPATH=/home/lfvmu/kobuki/build/ament_cpplint/prefix_override:/home/lfvmu/kobuki/install/lib/python3.8/site-packages:${PYTHONPATH} /usr/bin/python3 setup.py egg_info --egg-base ../../../build/ament_cpplint build --build-base /home/lfvmu/kobuki/build/ament_cpplint/build install --record /home/lfvmu/kobuki/build/ament_cpplint/install.log --single-version-externally-managed
[2.089s] running egg_info
[2.091s] writing ../../../build/ament_cpplint/ament_cpplint.egg-info/PKG-INFO
[2.092s] writing dependency_links to ../../../build/ament_cpplint/ament_cpplint.egg-info/dependency_links.txt
[2.093s] writing entry points to ../../../build/ament_cpplint/ament_cpplint.egg-info/entry_points.txt
[2.093s] writing requirements to ../../../build/ament_cpplint/ament_cpplint.egg-info/requires.txt
[2.094s] writing top-level names to ../../../build/ament_cpplint/ament_cpplint.egg-info/top_level.txt
[2.214s] reading manifest file '../../../build/ament_cpplint/ament_cpplint.egg-info/SOURCES.txt'
[2.214s] writing manifest file '../../../build/ament_cpplint/ament_cpplint.egg-info/SOURCES.txt'
[2.214s] running build
[2.214s] running build_py
[2.215s] running install
[2.215s] running install_lib
[2.215s] running install_data
[2.215s] running install_egg_info
[2.217s] removing '/home/lfvmu/kobuki/install/lib/python3.8/site-packages/ament_cpplint-0.9.7-py3.8.egg-info' (and everything under it)
[2.217s] Copying ../../../build/ament_cpplint/ament_cpplint.egg-info to /home/lfvmu/kobuki/install/lib/python3.8/site-packages/ament_cpplint-0.9.7-py3.8.egg-info
[2.219s] running install_scripts
[2.259s] Installing ament_cpplint script to /home/lfvmu/kobuki/install/bin
[2.260s] writing list of installed files to '/home/lfvmu/kobuki/build/ament_cpplint/install.log'
[2.797s] Invoked command in '/home/lfvmu/kobuki/src/ament_lint/ament_cpplint' returned '0': PYTHONPATH=/home/lfvmu/kobuki/build/ament_cpplint/prefix_override:/home/lfvmu/kobuki/install/lib/python3.8/site-packages:${PYTHONPATH} /usr/bin/python3 setup.py egg_info --egg-base ../../../build/ament_cpplint build --build-base /home/lfvmu/kobuki/build/ament_cpplint/build install --record /home/lfvmu/kobuki/build/ament_cpplint/install.log --single-version-externally-managed
