[0.237s] Invoking command in '/home/lfvmu/kobuki/build/ament_cmake_nose': /usr/bin/cmake /home/lfvmu/kobuki/src/ament_cmake/ament_cmake_nose -DBUILD_TESTING=OFF -DCMAKE_INSTALL_PREFIX=/home/lfvmu/kobuki/install
[0.267s] Re-run cmake no build system arguments
[0.281s] -- Found ament_cmake_core: 0.9.11 (/home/lfvmu/kobuki/install/share/ament_cmake_core/cmake)
[0.318s] -- Using PYTHON_EXECUTABLE: /usr/bin/python3
[0.765s] -- Configuring done
[0.773s] -- Generating done
[0.773s] -- Build files have been written to: /home/lfvmu/kobuki/build/ament_cmake_nose
[0.780s] Invoked command in '/home/lfvmu/kobuki/build/ament_cmake_nose' returned '0': /usr/bin/cmake /home/lfvmu/kobuki/src/ament_cmake/ament_cmake_nose -DBUILD_TESTING=OFF -DCMAKE_INSTALL_PREFIX=/home/lfvmu/kobuki/install
[0.787s] Invoking command in '/home/lfvmu/kobuki/build/ament_cmake_nose': /usr/bin/cmake --build /home/lfvmu/kobuki/build/ament_cmake_nose -- -j4 -l4
[0.841s] /usr/bin/cmake -S/home/lfvmu/kobuki/src/ament_cmake/ament_cmake_nose -B/home/lfvmu/kobuki/build/ament_cmake_nose --check-build-system CMakeFiles/Makefile.cmake 0
[0.872s] /usr/bin/cmake -E cmake_progress_start /home/lfvmu/kobuki/build/ament_cmake_nose/CMakeFiles /home/lfvmu/kobuki/build/ament_cmake_nose/CMakeFiles/progress.marks
[0.894s] /usr/bin/make -f CMakeFiles/Makefile2 all
[0.905s] make[1]: Entering directory '/home/lfvmu/kobuki/build/ament_cmake_nose'
[0.905s] make[1]: Nothing to be done for 'all'.
[0.905s] make[1]: Leaving directory '/home/lfvmu/kobuki/build/ament_cmake_nose'
[0.906s] /usr/bin/cmake -E cmake_progress_start /home/lfvmu/kobuki/build/ament_cmake_nose/CMakeFiles 0
[1.053s] Invoked command in '/home/lfvmu/kobuki/build/ament_cmake_nose' returned '0': /usr/bin/cmake --build /home/lfvmu/kobuki/build/ament_cmake_nose -- -j4 -l4
[1.153s] Invoking command in '/home/lfvmu/kobuki/build/ament_cmake_nose': /usr/bin/cmake --install /home/lfvmu/kobuki/build/ament_cmake_nose
[1.186s] -- Install configuration: "RelWithDebInfo"
[1.187s] -- Up-to-date: /home/lfvmu/kobuki/install/share/ament_index/resource_index/package_run_dependencies/ament_cmake_nose
[1.188s] -- Up-to-date: /home/lfvmu/kobuki/install/share/ament_index/resource_index/parent_prefix_path/ament_cmake_nose
[1.188s] -- Up-to-date: /home/lfvmu/kobuki/install/share/ament_cmake_nose/environment/ament_prefix_path.sh
[1.189s] -- Installing: /home/lfvmu/kobuki/install/share/ament_cmake_nose/environment/ament_prefix_path.dsv
[1.190s] -- Up-to-date: /home/lfvmu/kobuki/install/share/ament_cmake_nose/environment/path.sh
[1.190s] -- Installing: /home/lfvmu/kobuki/install/share/ament_cmake_nose/environment/path.dsv
[1.191s] -- Up-to-date: /home/lfvmu/kobuki/install/share/ament_cmake_nose/local_setup.bash
[1.192s] -- Up-to-date: /home/lfvmu/kobuki/install/share/ament_cmake_nose/local_setup.sh
[1.192s] -- Up-to-date: /home/lfvmu/kobuki/install/share/ament_cmake_nose/local_setup.zsh
[1.193s] -- Installing: /home/lfvmu/kobuki/install/share/ament_cmake_nose/local_setup.dsv
[1.194s] -- Installing: /home/lfvmu/kobuki/install/share/ament_cmake_nose/package.dsv
[1.194s] -- Up-to-date: /home/lfvmu/kobuki/install/share/ament_index/resource_index/packages/ament_cmake_nose
[1.195s] -- Up-to-date: /home/lfvmu/kobuki/install/share/ament_cmake_nose/cmake/ament_cmake_nose-extras.cmake
[1.196s] -- Up-to-date: /home/lfvmu/kobuki/install/share/ament_cmake_nose/cmake/ament_cmake_noseConfig.cmake
[1.196s] -- Up-to-date: /home/lfvmu/kobuki/install/share/ament_cmake_nose/cmake/ament_cmake_noseConfig-version.cmake
[1.197s] -- Up-to-date: /home/lfvmu/kobuki/install/share/ament_cmake_nose/package.xml
[1.198s] -- Up-to-date: /home/lfvmu/kobuki/install/share/ament_cmake_nose/cmake
[1.198s] -- Up-to-date: /home/lfvmu/kobuki/install/share/ament_cmake_nose/cmake/ament_add_nose_test.cmake
[1.199s] -- Up-to-date: /home/lfvmu/kobuki/install/share/ament_cmake_nose/cmake/ament_find_nosetests.cmake
[1.211s] Invoked command in '/home/lfvmu/kobuki/build/ament_cmake_nose' returned '0': /usr/bin/cmake --install /home/lfvmu/kobuki/build/ament_cmake_nose
