[0.272s] Invoking command in '/home/lfvmu/kobuki/build/ecl_console': AMENT_PREFIX_PATH=/home/lfvmu/kobuki/install CMAKE_PREFIX_PATH=/home/lfvmu/kobuki/install LD_LIBRARY_PATH=/home/lfvmu/kobuki/install/lib PATH=/home/lfvmu/kobuki/install/bin:${PATH} PYTHONPATH=/home/lfvmu/kobuki/install/lib/python3.8/site-packages /usr/bin/cmake /home/lfvmu/kobuki/src/ecl_lite/ecl_console -DBUILD_TESTING=OFF --no-warn-unused-cli -DCMAKE_INSTALL_PREFIX=/home/lfvmu/kobuki/install
[0.286s] Not searching for unused variables given on the command line.
[0.313s] -- Found ament_cmake_ros: 0.9.2 (/home/lfvmu/kobuki/install/share/ament_cmake_ros/cmake)
[0.369s] -- Using PYTHON_EXECUTABLE: /usr/bin/python3
[0.746s] -- Found ecl_build: 1.0.3 (/home/lfvmu/kobuki/install/share/ecl_build/cmake)
[0.784s] -- Found ecl_config: 1.1.0 (/home/lfvmu/kobuki/install/share/ecl_config/cmake)
[0.922s] -- Configuring done
[0.932s] -- Generating done
[0.945s] -- Build files have been written to: /home/lfvmu/kobuki/build/ecl_console
[1.102s] Invoked command in '/home/lfvmu/kobuki/build/ecl_console' returned '0': AMENT_PREFIX_PATH=/home/lfvmu/kobuki/install CMAKE_PREFIX_PATH=/home/lfvmu/kobuki/install LD_LIBRARY_PATH=/home/lfvmu/kobuki/install/lib PATH=/home/lfvmu/kobuki/install/bin:${PATH} PYTHONPATH=/home/lfvmu/kobuki/install/lib/python3.8/site-packages /usr/bin/cmake /home/lfvmu/kobuki/src/ecl_lite/ecl_console -DBUILD_TESTING=OFF --no-warn-unused-cli -DCMAKE_INSTALL_PREFIX=/home/lfvmu/kobuki/install
[1.108s] Invoking command in '/home/lfvmu/kobuki/build/ecl_console': AMENT_PREFIX_PATH=/home/lfvmu/kobuki/install CMAKE_PREFIX_PATH=/home/lfvmu/kobuki/install LD_LIBRARY_PATH=/home/lfvmu/kobuki/install/lib PATH=/home/lfvmu/kobuki/install/bin:${PATH} PYTHONPATH=/home/lfvmu/kobuki/install/lib/python3.8/site-packages /usr/bin/cmake --build /home/lfvmu/kobuki/build/ecl_console -- -j4 -l4
[1.331s] Invoked command in '/home/lfvmu/kobuki/build/ecl_console' returned '0': AMENT_PREFIX_PATH=/home/lfvmu/kobuki/install CMAKE_PREFIX_PATH=/home/lfvmu/kobuki/install LD_LIBRARY_PATH=/home/lfvmu/kobuki/install/lib PATH=/home/lfvmu/kobuki/install/bin:${PATH} PYTHONPATH=/home/lfvmu/kobuki/install/lib/python3.8/site-packages /usr/bin/cmake --build /home/lfvmu/kobuki/build/ecl_console -- -j4 -l4
[1.391s] Invoking command in '/home/lfvmu/kobuki/build/ecl_console': AMENT_PREFIX_PATH=/home/lfvmu/kobuki/install CMAKE_PREFIX_PATH=/home/lfvmu/kobuki/install LD_LIBRARY_PATH=/home/lfvmu/kobuki/install/lib PATH=/home/lfvmu/kobuki/install/bin:${PATH} PYTHONPATH=/home/lfvmu/kobuki/install/lib/python3.8/site-packages /usr/bin/cmake --install /home/lfvmu/kobuki/build/ecl_console
[1.429s] -- Install configuration: ""
[1.429s] -- Up-to-date: /home/lfvmu/kobuki/install/include/ecl
[1.429s] -- Up-to-date: /home/lfvmu/kobuki/install/include/ecl/console.hpp
[1.430s] -- Up-to-date: /home/lfvmu/kobuki/install/share/ament_index/resource_index/package_run_dependencies/ecl_console
[1.430s] -- Up-to-date: /home/lfvmu/kobuki/install/share/ament_index/resource_index/parent_prefix_path/ecl_console
[1.441s] -- Up-to-date: /home/lfvmu/kobuki/install/share/ecl_console/environment/ament_prefix_path.sh
[1.441s] -- Installing: /home/lfvmu/kobuki/install/share/ecl_console/environment/ament_prefix_path.dsv
[1.442s] -- Up-to-date: /home/lfvmu/kobuki/install/share/ecl_console/environment/path.sh
[1.442s] -- Installing: /home/lfvmu/kobuki/install/share/ecl_console/environment/path.dsv
[1.442s] -- Up-to-date: /home/lfvmu/kobuki/install/share/ecl_console/local_setup.bash
[1.442s] -- Up-to-date: /home/lfvmu/kobuki/install/share/ecl_console/local_setup.sh
[1.443s] -- Up-to-date: /home/lfvmu/kobuki/install/share/ecl_console/local_setup.zsh
[1.443s] -- Installing: /home/lfvmu/kobuki/install/share/ecl_console/local_setup.dsv
[1.443s] -- Installing: /home/lfvmu/kobuki/install/share/ecl_console/package.dsv
[1.444s] -- Up-to-date: /home/lfvmu/kobuki/install/share/ament_index/resource_index/packages/ecl_console
[1.444s] -- Up-to-date: /home/lfvmu/kobuki/install/share/ecl_console/cmake/ecl_consoleExport.cmake
[1.445s] -- Up-to-date: /home/lfvmu/kobuki/install/share/ecl_console/cmake/ament_cmake_export_targets-extras.cmake
[1.445s] -- Up-to-date: /home/lfvmu/kobuki/install/share/ecl_console/cmake/ament_cmake_export_include_directories-extras.cmake
[1.445s] -- Up-to-date: /home/lfvmu/kobuki/install/share/ecl_console/cmake/ament_cmake_export_dependencies-extras.cmake
[1.446s] -- Up-to-date: /home/lfvmu/kobuki/install/share/ecl_console/cmake/ecl_consoleConfig.cmake
[1.446s] -- Up-to-date: /home/lfvmu/kobuki/install/share/ecl_console/cmake/ecl_consoleConfig-version.cmake
[1.446s] -- Up-to-date: /home/lfvmu/kobuki/install/share/ecl_console/package.xml
[1.625s] Invoked command in '/home/lfvmu/kobuki/build/ecl_console' returned '0': AMENT_PREFIX_PATH=/home/lfvmu/kobuki/install CMAKE_PREFIX_PATH=/home/lfvmu/kobuki/install LD_LIBRARY_PATH=/home/lfvmu/kobuki/install/lib PATH=/home/lfvmu/kobuki/install/bin:${PATH} PYTHONPATH=/home/lfvmu/kobuki/install/lib/python3.8/site-packages /usr/bin/cmake --install /home/lfvmu/kobuki/build/ecl_console
