[0.079s] Invoking command in '/home/lfvmu/kobuki/build/ament_cmake_export_link_flags': /usr/bin/cmake /home/lfvmu/kobuki/src/ament_cmake/ament_cmake_export_link_flags -DBUILD_TESTING=OFF -DCMAKE_INSTALL_PREFIX=/home/lfvmu/kobuki/install
[0.098s] -- Found ament_cmake_core: 0.9.11 (/home/lfvmu/kobuki/install/share/ament_cmake_core/cmake)
[0.157s] -- Using PYTHON_EXECUTABLE: /usr/bin/python3
[0.637s] -- Configuring done
[0.657s] -- Generating done
[0.661s] -- Build files have been written to: /home/lfvmu/kobuki/build/ament_cmake_export_link_flags
[0.665s] Invoked command in '/home/lfvmu/kobuki/build/ament_cmake_export_link_flags' returned '0': /usr/bin/cmake /home/lfvmu/kobuki/src/ament_cmake/ament_cmake_export_link_flags -DBUILD_TESTING=OFF -DCMAKE_INSTALL_PREFIX=/home/lfvmu/kobuki/install
[0.671s] Invoking command in '/home/lfvmu/kobuki/build/ament_cmake_export_link_flags': /usr/bin/cmake --build /home/lfvmu/kobuki/build/ament_cmake_export_link_flags -- -j4 -l4
[0.768s] Invoked command in '/home/lfvmu/kobuki/build/ament_cmake_export_link_flags' returned '0': /usr/bin/cmake --build /home/lfvmu/kobuki/build/ament_cmake_export_link_flags -- -j4 -l4
[0.819s] Invoking command in '/home/lfvmu/kobuki/build/ament_cmake_export_link_flags': /usr/bin/cmake --install /home/lfvmu/kobuki/build/ament_cmake_export_link_flags
[0.845s] -- Install configuration: "RelWithDebInfo"
[0.845s] -- Up-to-date: /home/lfvmu/kobuki/install/share/ament_index/resource_index/package_run_dependencies/ament_cmake_export_link_flags
[0.846s] -- Up-to-date: /home/lfvmu/kobuki/install/share/ament_index/resource_index/parent_prefix_path/ament_cmake_export_link_flags
[0.846s] -- Up-to-date: /home/lfvmu/kobuki/install/share/ament_cmake_export_link_flags/environment/ament_prefix_path.sh
[0.847s] -- Installing: /home/lfvmu/kobuki/install/share/ament_cmake_export_link_flags/environment/ament_prefix_path.dsv
[0.848s] -- Up-to-date: /home/lfvmu/kobuki/install/share/ament_cmake_export_link_flags/environment/path.sh
[0.848s] -- Installing: /home/lfvmu/kobuki/install/share/ament_cmake_export_link_flags/environment/path.dsv
[0.849s] -- Up-to-date: /home/lfvmu/kobuki/install/share/ament_cmake_export_link_flags/local_setup.bash
[0.850s] -- Up-to-date: /home/lfvmu/kobuki/install/share/ament_cmake_export_link_flags/local_setup.sh
[0.852s] -- Up-to-date: /home/lfvmu/kobuki/install/share/ament_cmake_export_link_flags/local_setup.zsh
[0.852s] -- Installing: /home/lfvmu/kobuki/install/share/ament_cmake_export_link_flags/local_setup.dsv
[0.853s] -- Installing: /home/lfvmu/kobuki/install/share/ament_cmake_export_link_flags/package.dsv
[0.853s] -- Up-to-date: /home/lfvmu/kobuki/install/share/ament_index/resource_index/packages/ament_cmake_export_link_flags
[0.854s] -- Up-to-date: /home/lfvmu/kobuki/install/share/ament_cmake_export_link_flags/cmake/ament_cmake_export_link_flags-extras.cmake
[0.855s] -- Up-to-date: /home/lfvmu/kobuki/install/share/ament_cmake_export_link_flags/cmake/ament_cmake_export_link_flagsConfig.cmake
[0.856s] -- Up-to-date: /home/lfvmu/kobuki/install/share/ament_cmake_export_link_flags/cmake/ament_cmake_export_link_flagsConfig-version.cmake
[0.856s] -- Up-to-date: /home/lfvmu/kobuki/install/share/ament_cmake_export_link_flags/package.xml
[0.857s] -- Up-to-date: /home/lfvmu/kobuki/install/share/ament_cmake_export_link_flags/cmake
[0.858s] -- Up-to-date: /home/lfvmu/kobuki/install/share/ament_cmake_export_link_flags/cmake/ament_cmake_export_link_flags-extras.cmake.in
[0.858s] -- Up-to-date: /home/lfvmu/kobuki/install/share/ament_cmake_export_link_flags/cmake/ament_cmake_export_link_flags_package_hook.cmake
[0.859s] -- Up-to-date: /home/lfvmu/kobuki/install/share/ament_cmake_export_link_flags/cmake/ament_export_link_flags.cmake
[0.878s] Invoked command in '/home/lfvmu/kobuki/build/ament_cmake_export_link_flags' returned '0': /usr/bin/cmake --install /home/lfvmu/kobuki/build/ament_cmake_export_link_flags
