[0.304s] Invoking command in '/home/lfvmu/kobuki/build/ecl_concepts': /usr/bin/cmake /home/lfvmu/kobuki/src/ecl_core/ecl_concepts -DBUILD_TESTING=OFF --no-warn-unused-cli -DCMAKE_INSTALL_PREFIX=/home/lfvmu/kobuki/install
[0.341s] Not searching for unused variables given on the command line.
[0.347s] -- Found ament_cmake_ros: 0.9.2 (/home/lfvmu/kobuki/install/share/ament_cmake_ros/cmake)
[0.388s] -- Using PYTHON_EXECUTABLE: /usr/bin/python3
[0.753s] -- Found ecl_build: 1.0.3 (/home/lfvmu/kobuki/install/share/ecl_build/cmake)
[0.775s] -- Found ecl_config: 1.1.0 (/home/lfvmu/kobuki/install/share/ecl_config/cmake)
[0.785s] -- Found ecl_type_traits: 1.2.1 (/home/lfvmu/kobuki/install/share/ecl_type_traits/cmake)
[1.017s] -- Configuring done
[1.017s] -- Generating done
[1.017s] -- Build files have been written to: /home/lfvmu/kobuki/build/ecl_concepts
[1.048s] Invoked command in '/home/lfvmu/kobuki/build/ecl_concepts' returned '0': /usr/bin/cmake /home/lfvmu/kobuki/src/ecl_core/ecl_concepts -DBUILD_TESTING=OFF --no-warn-unused-cli -DCMAKE_INSTALL_PREFIX=/home/lfvmu/kobuki/install
[1.051s] Invoking command in '/home/lfvmu/kobuki/build/ecl_concepts': /usr/bin/cmake --build /home/lfvmu/kobuki/build/ecl_concepts -- -j4 -l4
[1.159s] Invoked command in '/home/lfvmu/kobuki/build/ecl_concepts' returned '0': /usr/bin/cmake --build /home/lfvmu/kobuki/build/ecl_concepts -- -j4 -l4
[1.352s] Invoking command in '/home/lfvmu/kobuki/build/ecl_concepts': /usr/bin/cmake --install /home/lfvmu/kobuki/build/ecl_concepts
[1.378s] -- Install configuration: "RelWithDebInfo"
[1.378s] -- Up-to-date: /home/lfvmu/kobuki/install/share/ament_index/resource_index/package_run_dependencies/ecl_concepts
[1.379s] -- Up-to-date: /home/lfvmu/kobuki/install/share/ament_index/resource_index/parent_prefix_path/ecl_concepts
[1.379s] -- Up-to-date: /home/lfvmu/kobuki/install/share/ecl_concepts/environment/ament_prefix_path.sh
[1.379s] -- Installing: /home/lfvmu/kobuki/install/share/ecl_concepts/environment/ament_prefix_path.dsv
[1.379s] -- Up-to-date: /home/lfvmu/kobuki/install/share/ecl_concepts/environment/path.sh
[1.380s] -- Installing: /home/lfvmu/kobuki/install/share/ecl_concepts/environment/path.dsv
[1.380s] -- Up-to-date: /home/lfvmu/kobuki/install/share/ecl_concepts/local_setup.bash
[1.380s] -- Up-to-date: /home/lfvmu/kobuki/install/share/ecl_concepts/local_setup.sh
[1.380s] -- Up-to-date: /home/lfvmu/kobuki/install/share/ecl_concepts/local_setup.zsh
[1.381s] -- Installing: /home/lfvmu/kobuki/install/share/ecl_concepts/local_setup.dsv
[1.381s] -- Installing: /home/lfvmu/kobuki/install/share/ecl_concepts/package.dsv
[1.381s] -- Up-to-date: /home/lfvmu/kobuki/install/share/ament_index/resource_index/packages/ecl_concepts
[1.382s] -- Up-to-date: /home/lfvmu/kobuki/install/share/ecl_concepts/cmake/ecl_conceptsExport.cmake
[1.382s] -- Up-to-date: /home/lfvmu/kobuki/install/share/ecl_concepts/cmake/ament_cmake_export_targets-extras.cmake
[1.383s] -- Up-to-date: /home/lfvmu/kobuki/install/share/ecl_concepts/cmake/ament_cmake_export_include_directories-extras.cmake
[1.383s] -- Up-to-date: /home/lfvmu/kobuki/install/share/ecl_concepts/cmake/ament_cmake_export_dependencies-extras.cmake
[1.383s] -- Up-to-date: /home/lfvmu/kobuki/install/share/ecl_concepts/cmake/ecl_conceptsConfig.cmake
[1.384s] -- Up-to-date: /home/lfvmu/kobuki/install/share/ecl_concepts/cmake/ecl_conceptsConfig-version.cmake
[1.384s] -- Up-to-date: /home/lfvmu/kobuki/install/share/ecl_concepts/package.xml
[1.384s] -- Up-to-date: /home/lfvmu/kobuki/install/include/ecl/concepts.hpp
[1.384s] -- Up-to-date: /home/lfvmu/kobuki/install/include/ecl/concepts/blueprints.hpp
[1.385s] -- Up-to-date: /home/lfvmu/kobuki/install/include/ecl/concepts/containers.hpp
[1.385s] -- Up-to-date: /home/lfvmu/kobuki/install/include/ecl/concepts/devices.hpp
[1.385s] -- Up-to-date: /home/lfvmu/kobuki/install/include/ecl/concepts/macros.hpp
[1.386s] -- Up-to-date: /home/lfvmu/kobuki/install/include/ecl/concepts/nullary_function.hpp
[1.386s] -- Up-to-date: /home/lfvmu/kobuki/install/include/ecl/concepts/streams.hpp
[1.395s] Invoked command in '/home/lfvmu/kobuki/build/ecl_concepts' returned '0': /usr/bin/cmake --install /home/lfvmu/kobuki/build/ecl_concepts
