[0.277s] Invoking command in '/home/lfvmu/kobuki/build/ament_cmake_pyflakes': /usr/bin/cmake /home/lfvmu/kobuki/src/ament_lint/ament_cmake_pyflakes -DBUILD_TESTING=OFF -DCMAKE_INSTALL_PREFIX=/home/lfvmu/kobuki/install
[0.330s] -- Found ament_cmake_core: 0.9.11 (/home/lfvmu/kobuki/install/share/ament_cmake_core/cmake)
[0.339s] -- Using PYTHON_EXECUTABLE: /usr/bin/python3
[0.679s] -- Found ament_cmake_test: 0.9.11 (/home/lfvmu/kobuki/install/share/ament_cmake_test/cmake)
[0.839s] -- Configuring done
[0.839s] -- Generating done
[0.850s] -- Build files have been written to: /home/lfvmu/kobuki/build/ament_cmake_pyflakes
[0.960s] Invoked command in '/home/lfvmu/kobuki/build/ament_cmake_pyflakes' returned '0': /usr/bin/cmake /home/lfvmu/kobuki/src/ament_lint/ament_cmake_pyflakes -DBUILD_TESTING=OFF -DCMAKE_INSTALL_PREFIX=/home/lfvmu/kobuki/install
[0.966s] Invoking command in '/home/lfvmu/kobuki/build/ament_cmake_pyflakes': /usr/bin/cmake --build /home/lfvmu/kobuki/build/ament_cmake_pyflakes -- -j4 -l4
[1.073s] Invoked command in '/home/lfvmu/kobuki/build/ament_cmake_pyflakes' returned '0': /usr/bin/cmake --build /home/lfvmu/kobuki/build/ament_cmake_pyflakes -- -j4 -l4
[1.266s] Invoking command in '/home/lfvmu/kobuki/build/ament_cmake_pyflakes': /usr/bin/cmake --install /home/lfvmu/kobuki/build/ament_cmake_pyflakes
[1.287s] -- Install configuration: "RelWithDebInfo"
[1.288s] -- Up-to-date: /home/lfvmu/kobuki/install/share/ament_index/resource_index/package_run_dependencies/ament_cmake_pyflakes
[1.288s] -- Up-to-date: /home/lfvmu/kobuki/install/share/ament_index/resource_index/parent_prefix_path/ament_cmake_pyflakes
[1.288s] -- Up-to-date: /home/lfvmu/kobuki/install/share/ament_cmake_pyflakes/environment/ament_prefix_path.sh
[1.288s] -- Installing: /home/lfvmu/kobuki/install/share/ament_cmake_pyflakes/environment/ament_prefix_path.dsv
[1.289s] -- Up-to-date: /home/lfvmu/kobuki/install/share/ament_cmake_pyflakes/environment/path.sh
[1.289s] -- Installing: /home/lfvmu/kobuki/install/share/ament_cmake_pyflakes/environment/path.dsv
[1.289s] -- Up-to-date: /home/lfvmu/kobuki/install/share/ament_cmake_pyflakes/local_setup.bash
[1.289s] -- Up-to-date: /home/lfvmu/kobuki/install/share/ament_cmake_pyflakes/local_setup.sh
[1.290s] -- Up-to-date: /home/lfvmu/kobuki/install/share/ament_cmake_pyflakes/local_setup.zsh
[1.290s] -- Installing: /home/lfvmu/kobuki/install/share/ament_cmake_pyflakes/local_setup.dsv
[1.290s] -- Installing: /home/lfvmu/kobuki/install/share/ament_cmake_pyflakes/package.dsv
[1.291s] -- Up-to-date: /home/lfvmu/kobuki/install/share/ament_index/resource_index/packages/ament_cmake_pyflakes
[1.291s] -- Up-to-date: /home/lfvmu/kobuki/install/share/ament_cmake_pyflakes/cmake/ament_cmake_pyflakes-extras.cmake
[1.291s] -- Up-to-date: /home/lfvmu/kobuki/install/share/ament_cmake_pyflakes/cmake/ament_cmake_pyflakesConfig.cmake
[1.291s] -- Up-to-date: /home/lfvmu/kobuki/install/share/ament_cmake_pyflakes/cmake/ament_cmake_pyflakesConfig-version.cmake
[1.291s] -- Up-to-date: /home/lfvmu/kobuki/install/share/ament_cmake_pyflakes/package.xml
[1.292s] -- Up-to-date: /home/lfvmu/kobuki/install/share/ament_cmake_pyflakes/cmake
[1.292s] -- Up-to-date: /home/lfvmu/kobuki/install/share/ament_cmake_pyflakes/cmake/ament_cmake_pyflakes_lint_hook.cmake
[1.292s] -- Up-to-date: /home/lfvmu/kobuki/install/share/ament_cmake_pyflakes/cmake/ament_pyflakes.cmake
[1.301s] Invoked command in '/home/lfvmu/kobuki/build/ament_cmake_pyflakes' returned '0': /usr/bin/cmake --install /home/lfvmu/kobuki/build/ament_cmake_pyflakes
