[0.556s] Invoking command in '/home/lfvmu/kobuki/build/ament_cmake_cpplint': /usr/bin/cmake /home/lfvmu/kobuki/src/ament_lint/ament_cmake_cpplint -DBUILD_TESTING=OFF -DCMAKE_BUILD_TYPE=RelWithDebInfo -DCMAKE_INSTALL_PREFIX=/home/lfvmu/kobuki/install
[0.587s] -- Found ament_cmake_core: 0.9.11 (/home/lfvmu/kobuki/install/share/ament_cmake_core/cmake)
[0.635s] -- Using PYTHON_EXECUTABLE: /usr/bin/python3
[0.990s] -- Found ament_cmake_test: 0.9.11 (/home/lfvmu/kobuki/install/share/ament_cmake_test/cmake)
[1.143s] -- Configuring done
[1.150s] -- Generating done
[1.158s] -- Build files have been written to: /home/lfvmu/kobuki/build/ament_cmake_cpplint
[1.164s] Invoked command in '/home/lfvmu/kobuki/build/ament_cmake_cpplint' returned '0': /usr/bin/cmake /home/lfvmu/kobuki/src/ament_lint/ament_cmake_cpplint -DBUILD_TESTING=OFF -DCMAKE_BUILD_TYPE=RelWithDebInfo -DCMAKE_INSTALL_PREFIX=/home/lfvmu/kobuki/install
[1.165s] Invoking command in '/home/lfvmu/kobuki/build/ament_cmake_cpplint': /usr/bin/cmake --build /home/lfvmu/kobuki/build/ament_cmake_cpplint -- -j4 -l4
[1.262s] Invoked command in '/home/lfvmu/kobuki/build/ament_cmake_cpplint' returned '0': /usr/bin/cmake --build /home/lfvmu/kobuki/build/ament_cmake_cpplint -- -j4 -l4
[1.310s] Invoking command in '/home/lfvmu/kobuki/build/ament_cmake_cpplint': /usr/bin/cmake --install /home/lfvmu/kobuki/build/ament_cmake_cpplint
[1.332s] -- Install configuration: "RelWithDebInfo"
[1.332s] -- Up-to-date: /home/lfvmu/kobuki/install/share/ament_index/resource_index/package_run_dependencies/ament_cmake_cpplint
[1.332s] -- Up-to-date: /home/lfvmu/kobuki/install/share/ament_index/resource_index/parent_prefix_path/ament_cmake_cpplint
[1.333s] -- Up-to-date: /home/lfvmu/kobuki/install/share/ament_cmake_cpplint/environment/ament_prefix_path.sh
[1.333s] -- Installing: /home/lfvmu/kobuki/install/share/ament_cmake_cpplint/environment/ament_prefix_path.dsv
[1.333s] -- Up-to-date: /home/lfvmu/kobuki/install/share/ament_cmake_cpplint/environment/path.sh
[1.334s] -- Installing: /home/lfvmu/kobuki/install/share/ament_cmake_cpplint/environment/path.dsv
[1.334s] -- Up-to-date: /home/lfvmu/kobuki/install/share/ament_cmake_cpplint/local_setup.bash
[1.335s] -- Up-to-date: /home/lfvmu/kobuki/install/share/ament_cmake_cpplint/local_setup.sh
[1.335s] -- Up-to-date: /home/lfvmu/kobuki/install/share/ament_cmake_cpplint/local_setup.zsh
[1.335s] -- Installing: /home/lfvmu/kobuki/install/share/ament_cmake_cpplint/local_setup.dsv
[1.336s] -- Installing: /home/lfvmu/kobuki/install/share/ament_cmake_cpplint/package.dsv
[1.342s] -- Up-to-date: /home/lfvmu/kobuki/install/share/ament_index/resource_index/packages/ament_cmake_cpplint
[1.342s] -- Up-to-date: /home/lfvmu/kobuki/install/share/ament_cmake_cpplint/cmake/ament_cmake_cpplint-extras.cmake
[1.342s] -- Up-to-date: /home/lfvmu/kobuki/install/share/ament_cmake_cpplint/cmake/ament_cmake_cpplintConfig.cmake
[1.342s] -- Up-to-date: /home/lfvmu/kobuki/install/share/ament_cmake_cpplint/cmake/ament_cmake_cpplintConfig-version.cmake
[1.343s] -- Up-to-date: /home/lfvmu/kobuki/install/share/ament_cmake_cpplint/package.xml
[1.343s] -- Up-to-date: /home/lfvmu/kobuki/install/share/ament_cmake_cpplint/cmake
[1.344s] -- Up-to-date: /home/lfvmu/kobuki/install/share/ament_cmake_cpplint/cmake/ament_cpplint.cmake
[1.344s] -- Up-to-date: /home/lfvmu/kobuki/install/share/ament_cmake_cpplint/cmake/ament_cmake_cpplint_lint_hook.cmake
[1.374s] Invoked command in '/home/lfvmu/kobuki/build/ament_cmake_cpplint' returned '0': /usr/bin/cmake --install /home/lfvmu/kobuki/build/ament_cmake_cpplint
