[0.410s] Invoking command in '/home/lfvmu/kobuki/build/ecl_devices': AMENT_PREFIX_PATH=/home/lfvmu/kobuki/install CMAKE_PREFIX_PATH=/home/lfvmu/kobuki/install LD_LIBRARY_PATH=/home/lfvmu/kobuki/install/lib PATH=/home/lfvmu/kobuki/install/bin:${PATH} PYTHONPATH=/home/lfvmu/kobuki/install/lib/python3.8/site-packages /usr/bin/cmake /home/lfvmu/kobuki/src/ecl_core/ecl_devices -DBUILD_TESTING=OFF -DCMAKE_INSTALL_PREFIX=/home/lfvmu/kobuki/install
[0.472s] Re-run cmake no build system arguments
[0.482s] -- Found ament_cmake_ros: 0.9.2 (/home/lfvmu/kobuki/install/share/ament_cmake_ros/cmake)
[0.524s] -- Using PYTHON_EXECUTABLE: /usr/bin/python3
[0.910s] -- Found ecl_build: 1.0.3 (/home/lfvmu/kobuki/install/share/ecl_build/cmake)
[0.930s] -- Found ecl_config: 1.1.0 (/home/lfvmu/kobuki/install/share/ecl_config/cmake)
[0.930s] -- Found ecl_containers: 1.2.1 (/home/lfvmu/kobuki/install/share/ecl_containers/cmake)
[1.048s] -- Found ecl_threads: 1.2.1 (/home/lfvmu/kobuki/install/share/ecl_threads/cmake)
[1.298s] -- Configuring done
[1.332s] -- Generating done
[1.354s] -- Build files have been written to: /home/lfvmu/kobuki/build/ecl_devices
[1.446s] Invoked command in '/home/lfvmu/kobuki/build/ecl_devices' returned '0': AMENT_PREFIX_PATH=/home/lfvmu/kobuki/install CMAKE_PREFIX_PATH=/home/lfvmu/kobuki/install LD_LIBRARY_PATH=/home/lfvmu/kobuki/install/lib PATH=/home/lfvmu/kobuki/install/bin:${PATH} PYTHONPATH=/home/lfvmu/kobuki/install/lib/python3.8/site-packages /usr/bin/cmake /home/lfvmu/kobuki/src/ecl_core/ecl_devices -DBUILD_TESTING=OFF -DCMAKE_INSTALL_PREFIX=/home/lfvmu/kobuki/install
[1.451s] Invoking command in '/home/lfvmu/kobuki/build/ecl_devices': AMENT_PREFIX_PATH=/home/lfvmu/kobuki/install CMAKE_PREFIX_PATH=/home/lfvmu/kobuki/install LD_LIBRARY_PATH=/home/lfvmu/kobuki/install/lib PATH=/home/lfvmu/kobuki/install/bin:${PATH} PYTHONPATH=/home/lfvmu/kobuki/install/lib/python3.8/site-packages /usr/bin/cmake --build /home/lfvmu/kobuki/build/ecl_devices -- -j4 -l4
[1.489s] /usr/bin/cmake -S/home/lfvmu/kobuki/src/ecl_core/ecl_devices -B/home/lfvmu/kobuki/build/ecl_devices --check-build-system CMakeFiles/Makefile.cmake 0
[1.523s] /usr/bin/cmake -E cmake_progress_start /home/lfvmu/kobuki/build/ecl_devices/CMakeFiles /home/lfvmu/kobuki/build/ecl_devices/CMakeFiles/progress.marks
[1.539s] /usr/bin/make -f CMakeFiles/Makefile2 all
[1.540s] make[1]: Entering directory '/home/lfvmu/kobuki/build/ecl_devices'
[1.540s] /usr/bin/make -f src/lib/CMakeFiles/ecl_devices.dir/build.make src/lib/CMakeFiles/ecl_devices.dir/depend
[1.546s] make[2]: Entering directory '/home/lfvmu/kobuki/build/ecl_devices'
[1.547s] cd /home/lfvmu/kobuki/build/ecl_devices && /usr/bin/cmake -E cmake_depends "Unix Makefiles" /home/lfvmu/kobuki/src/ecl_core/ecl_devices /home/lfvmu/kobuki/src/ecl_core/ecl_devices/src/lib /home/lfvmu/kobuki/build/ecl_devices /home/lfvmu/kobuki/build/ecl_devices/src/lib /home/lfvmu/kobuki/build/ecl_devices/src/lib/CMakeFiles/ecl_devices.dir/DependInfo.cmake --color=
[1.574s] make[2]: Leaving directory '/home/lfvmu/kobuki/build/ecl_devices'
[1.575s] /usr/bin/make -f src/lib/CMakeFiles/ecl_devices.dir/build.make src/lib/CMakeFiles/ecl_devices.dir/build
[1.595s] make[2]: Entering directory '/home/lfvmu/kobuki/build/ecl_devices'
[1.596s] make[2]: Nothing to be done for 'src/lib/CMakeFiles/ecl_devices.dir/build'.
[1.597s] make[2]: Leaving directory '/home/lfvmu/kobuki/build/ecl_devices'
[1.616s] [ 87%] Built target ecl_devices
[1.617s] /usr/bin/make -f src/examples/CMakeFiles/ecl_demo_serial_timeouts.dir/build.make src/examples/CMakeFiles/ecl_demo_serial_timeouts.dir/depend
[1.618s] make[2]: Entering directory '/home/lfvmu/kobuki/build/ecl_devices'
[1.618s] cd /home/lfvmu/kobuki/build/ecl_devices && /usr/bin/cmake -E cmake_depends "Unix Makefiles" /home/lfvmu/kobuki/src/ecl_core/ecl_devices /home/lfvmu/kobuki/src/ecl_core/ecl_devices/src/examples /home/lfvmu/kobuki/build/ecl_devices /home/lfvmu/kobuki/build/ecl_devices/src/examples /home/lfvmu/kobuki/build/ecl_devices/src/examples/CMakeFiles/ecl_demo_serial_timeouts.dir/DependInfo.cmake --color=
[1.639s] make[2]: Leaving directory '/home/lfvmu/kobuki/build/ecl_devices'
[1.639s] /usr/bin/make -f src/examples/CMakeFiles/ecl_demo_serial_timeouts.dir/build.make src/examples/CMakeFiles/ecl_demo_serial_timeouts.dir/build
[1.657s] make[2]: Entering directory '/home/lfvmu/kobuki/build/ecl_devices'
[1.657s] make[2]: Nothing to be done for 'src/examples/CMakeFiles/ecl_demo_serial_timeouts.dir/build'.
[1.658s] make[2]: Leaving directory '/home/lfvmu/kobuki/build/ecl_devices'
[1.678s] [100%] Built target ecl_demo_serial_timeouts
[1.679s] make[1]: Leaving directory '/home/lfvmu/kobuki/build/ecl_devices'
[1.680s] /usr/bin/cmake -E cmake_progress_start /home/lfvmu/kobuki/build/ecl_devices/CMakeFiles 0
[1.793s] Invoked command in '/home/lfvmu/kobuki/build/ecl_devices' returned '0': AMENT_PREFIX_PATH=/home/lfvmu/kobuki/install CMAKE_PREFIX_PATH=/home/lfvmu/kobuki/install LD_LIBRARY_PATH=/home/lfvmu/kobuki/install/lib PATH=/home/lfvmu/kobuki/install/bin:${PATH} PYTHONPATH=/home/lfvmu/kobuki/install/lib/python3.8/site-packages /usr/bin/cmake --build /home/lfvmu/kobuki/build/ecl_devices -- -j4 -l4
[1.899s] Invoking command in '/home/lfvmu/kobuki/build/ecl_devices': AMENT_PREFIX_PATH=/home/lfvmu/kobuki/install CMAKE_PREFIX_PATH=/home/lfvmu/kobuki/install LD_LIBRARY_PATH=/home/lfvmu/kobuki/install/lib PATH=/home/lfvmu/kobuki/install/bin:${PATH} PYTHONPATH=/home/lfvmu/kobuki/install/lib/python3.8/site-packages /usr/bin/cmake --install /home/lfvmu/kobuki/build/ecl_devices
[1.917s] -- Install configuration: ""
[1.917s] -- Up-to-date: /home/lfvmu/kobuki/install/share/ecl_devices/environment/library_path.sh
[1.918s] -- Installing: /home/lfvmu/kobuki/install/share/ecl_devices/environment/library_path.dsv
[1.918s] -- Up-to-date: /home/lfvmu/kobuki/install/share/ament_index/resource_index/package_run_dependencies/ecl_devices
[1.918s] -- Up-to-date: /home/lfvmu/kobuki/install/share/ament_index/resource_index/parent_prefix_path/ecl_devices
[1.919s] -- Up-to-date: /home/lfvmu/kobuki/install/share/ecl_devices/environment/ament_prefix_path.sh
[1.919s] -- Installing: /home/lfvmu/kobuki/install/share/ecl_devices/environment/ament_prefix_path.dsv
[1.920s] -- Up-to-date: /home/lfvmu/kobuki/install/share/ecl_devices/environment/path.sh
[1.920s] -- Installing: /home/lfvmu/kobuki/install/share/ecl_devices/environment/path.dsv
[1.920s] -- Up-to-date: /home/lfvmu/kobuki/install/share/ecl_devices/local_setup.bash
[1.921s] -- Up-to-date: /home/lfvmu/kobuki/install/share/ecl_devices/local_setup.sh
[1.921s] -- Up-to-date: /home/lfvmu/kobuki/install/share/ecl_devices/local_setup.zsh
[1.922s] -- Installing: /home/lfvmu/kobuki/install/share/ecl_devices/local_setup.dsv
[1.922s] -- Installing: /home/lfvmu/kobuki/install/share/ecl_devices/package.dsv
[1.922s] -- Up-to-date: /home/lfvmu/kobuki/install/share/ament_index/resource_index/packages/ecl_devices
[1.923s] -- Up-to-date: /home/lfvmu/kobuki/install/share/ecl_devices/cmake/ecl_devicesExport.cmake
[1.923s] -- Installing: /home/lfvmu/kobuki/install/share/ecl_devices/cmake/ecl_devicesExport-noconfig.cmake
[1.923s] -- Up-to-date: /home/lfvmu/kobuki/install/share/ecl_devices/cmake/ament_cmake_export_targets-extras.cmake
[1.923s] -- Up-to-date: /home/lfvmu/kobuki/install/share/ecl_devices/cmake/ament_cmake_export_include_directories-extras.cmake
[1.925s] -- Up-to-date: /home/lfvmu/kobuki/install/share/ecl_devices/cmake/ament_cmake_export_libraries-extras.cmake
[1.925s] -- Up-to-date: /home/lfvmu/kobuki/install/share/ecl_devices/cmake/ament_cmake_export_dependencies-extras.cmake
[1.925s] -- Up-to-date: /home/lfvmu/kobuki/install/share/ecl_devices/cmake/ecl_devicesConfig.cmake
[1.925s] -- Up-to-date: /home/lfvmu/kobuki/install/share/ecl_devices/cmake/ecl_devicesConfig-version.cmake
[1.926s] -- Up-to-date: /home/lfvmu/kobuki/install/share/ecl_devices/package.xml
[1.926s] -- Up-to-date: /home/lfvmu/kobuki/install/include/ecl/devices.hpp
[1.926s] -- Up-to-date: /home/lfvmu/kobuki/install/include/ecl/devices/console.hpp
[1.927s] -- Up-to-date: /home/lfvmu/kobuki/install/include/ecl/devices/macros.hpp
[1.927s] -- Up-to-date: /home/lfvmu/kobuki/install/include/ecl/devices/modes.hpp
[1.927s] -- Up-to-date: /home/lfvmu/kobuki/install/include/ecl/devices/ofile.hpp
[1.928s] -- Up-to-date: /home/lfvmu/kobuki/install/include/ecl/devices/ofile_pos.hpp
[1.928s] -- Up-to-date: /home/lfvmu/kobuki/install/include/ecl/devices/ofile_w32.hpp
[1.928s] -- Up-to-date: /home/lfvmu/kobuki/install/include/ecl/devices/serial.hpp
[1.928s] -- Up-to-date: /home/lfvmu/kobuki/install/include/ecl/devices/serial_parameters.hpp
[1.929s] -- Up-to-date: /home/lfvmu/kobuki/install/include/ecl/devices/serial_pos.hpp
[1.929s] -- Up-to-date: /home/lfvmu/kobuki/install/include/ecl/devices/serial_w32.hpp
[1.929s] -- Up-to-date: /home/lfvmu/kobuki/install/include/ecl/devices/shared_file.hpp
[1.929s] -- Up-to-date: /home/lfvmu/kobuki/install/include/ecl/devices/socket.hpp
[1.930s] -- Up-to-date: /home/lfvmu/kobuki/install/include/ecl/devices/socket_client_pos.hpp
[1.930s] -- Up-to-date: /home/lfvmu/kobuki/install/include/ecl/devices/socket_connection_status.hpp
[1.930s] -- Up-to-date: /home/lfvmu/kobuki/install/include/ecl/devices/socket_server_pos.hpp
[1.931s] -- Up-to-date: /home/lfvmu/kobuki/install/include/ecl/devices/string.hpp
[1.931s] -- Up-to-date: /home/lfvmu/kobuki/install/include/ecl/devices/traits.hpp
[1.931s] -- Up-to-date: /home/lfvmu/kobuki/install/include/ecl/devices/detail/character_buffer.hpp
[1.931s] -- Up-to-date: /home/lfvmu/kobuki/install/include/ecl/devices/detail/error_handler.hpp
[1.932s] -- Up-to-date: /home/lfvmu/kobuki/install/include/ecl/devices/detail/exception_handler_pos.hpp
[1.932s] -- Up-to-date: /home/lfvmu/kobuki/install/include/ecl/devices/detail/socket_error_handler_pos.hpp
[1.932s] -- Up-to-date: /home/lfvmu/kobuki/install/include/ecl/devices/detail/socket_exception_handler_pos.hpp
[1.939s] -- Up-to-date: /home/lfvmu/kobuki/install/lib/libecl_devices.so.1.2.1
[1.939s] -- Up-to-date: /home/lfvmu/kobuki/install/lib/libecl_devices.so
[1.939s] -- Up-to-date: /home/lfvmu/kobuki/install/lib/ecl_devices/demo_serial_timeouts
[1.950s] Invoked command in '/home/lfvmu/kobuki/build/ecl_devices' returned '0': AMENT_PREFIX_PATH=/home/lfvmu/kobuki/install CMAKE_PREFIX_PATH=/home/lfvmu/kobuki/install LD_LIBRARY_PATH=/home/lfvmu/kobuki/install/lib PATH=/home/lfvmu/kobuki/install/bin:${PATH} PYTHONPATH=/home/lfvmu/kobuki/install/lib/python3.8/site-packages /usr/bin/cmake --install /home/lfvmu/kobuki/build/ecl_devices
