[1.312s] Invoking command in '/home/lfvmu/kobuki/src/ament_lint/ament_pep257': PYTHONPATH=/home/lfvmu/kobuki/build/ament_pep257/prefix_override:/home/lfvmu/kobuki/install/lib/python3.8/site-packages:${PYTHONPATH} /usr/bin/python3 setup.py egg_info --egg-base ../../../build/ament_pep257 build --build-base /home/lfvmu/kobuki/build/ament_pep257/build install --record /home/lfvmu/kobuki/build/ament_pep257/install.log --single-version-externally-managed
[1.772s] running egg_info
[1.772s] writing ../../../build/ament_pep257/ament_pep257.egg-info/PKG-INFO
[1.773s] writing dependency_links to ../../../build/ament_pep257/ament_pep257.egg-info/dependency_links.txt
[1.773s] writing entry points to ../../../build/ament_pep257/ament_pep257.egg-info/entry_points.txt
[1.774s] writing requirements to ../../../build/ament_pep257/ament_pep257.egg-info/requires.txt
[1.774s] writing top-level names to ../../../build/ament_pep257/ament_pep257.egg-info/top_level.txt
[1.878s] reading manifest file '../../../build/ament_pep257/ament_pep257.egg-info/SOURCES.txt'
[1.878s] writing manifest file '../../../build/ament_pep257/ament_pep257.egg-info/SOURCES.txt'
[1.878s] running build
[1.878s] running build_py
[1.879s] running install
[1.879s] running install_lib
[1.879s] running install_data
[1.880s] running install_egg_info
[1.880s] removing '/home/lfvmu/kobuki/install/lib/python3.8/site-packages/ament_pep257-0.9.7-py3.8.egg-info' (and everything under it)
[1.880s] Copying ../../../build/ament_pep257/ament_pep257.egg-info to /home/lfvmu/kobuki/install/lib/python3.8/site-packages/ament_pep257-0.9.7-py3.8.egg-info
[1.880s] running install_scripts
[1.922s] Installing ament_pep257 script to /home/lfvmu/kobuki/install/bin
[1.923s] writing list of installed files to '/home/lfvmu/kobuki/build/ament_pep257/install.log'
[2.015s] Invoked command in '/home/lfvmu/kobuki/src/ament_lint/ament_pep257' returned '0': PYTHONPATH=/home/lfvmu/kobuki/build/ament_pep257/prefix_override:/home/lfvmu/kobuki/install/lib/python3.8/site-packages:${PYTHONPATH} /usr/bin/python3 setup.py egg_info --egg-base ../../../build/ament_pep257 build --build-base /home/lfvmu/kobuki/build/ament_pep257/build install --record /home/lfvmu/kobuki/build/ament_pep257/install.log --single-version-externally-managed
