[0.403s] Invoking command in '/home/lfvmu/kobuki/build/ecl_sigslots': /usr/bin/cmake /home/lfvmu/kobuki/src/ecl_core/ecl_sigslots -DBUILD_TESTING=OFF -DCMAKE_INSTALL_PREFIX=/home/lfvmu/kobuki/install
[0.447s] Re-run cmake no build system arguments
[0.473s] -- Found ament_cmake_ros: 0.9.2 (/home/lfvmu/kobuki/install/share/ament_cmake_ros/cmake)
[0.531s] -- Using PYTHON_EXECUTABLE: /usr/bin/python3
[0.968s] -- Found ecl_build: 1.0.3 (/home/lfvmu/kobuki/install/share/ecl_build/cmake)
[0.994s] -- Found ecl_config: 1.1.0 (/home/lfvmu/kobuki/install/share/ecl_config/cmake)
[1.018s] -- Found ecl_threads: 1.2.1 (/home/lfvmu/kobuki/install/share/ecl_threads/cmake)
[1.317s] -- Configuring done
[1.350s] -- Generating done
[1.356s] -- Build files have been written to: /home/lfvmu/kobuki/build/ecl_sigslots
[1.379s] Invoked command in '/home/lfvmu/kobuki/build/ecl_sigslots' returned '0': /usr/bin/cmake /home/lfvmu/kobuki/src/ecl_core/ecl_sigslots -DBUILD_TESTING=OFF -DCMAKE_INSTALL_PREFIX=/home/lfvmu/kobuki/install
[1.380s] Invoking command in '/home/lfvmu/kobuki/build/ecl_sigslots': /usr/bin/cmake --build /home/lfvmu/kobuki/build/ecl_sigslots -- -j4 -l4
[1.430s] /usr/bin/cmake -S/home/lfvmu/kobuki/src/ecl_core/ecl_sigslots -B/home/lfvmu/kobuki/build/ecl_sigslots --check-build-system CMakeFiles/Makefile.cmake 0
[1.461s] /usr/bin/cmake -E cmake_progress_start /home/lfvmu/kobuki/build/ecl_sigslots/CMakeFiles /home/lfvmu/kobuki/build/ecl_sigslots/CMakeFiles/progress.marks
[1.475s] /usr/bin/make -f CMakeFiles/Makefile2 all
[1.480s] make[1]: Entering directory '/home/lfvmu/kobuki/build/ecl_sigslots'
[1.480s] /usr/bin/make -f src/examples/CMakeFiles/ecl_demo_sigslots_manager.dir/build.make src/examples/CMakeFiles/ecl_demo_sigslots_manager.dir/depend
[1.493s] /usr/bin/make -f src/examples/CMakeFiles/ecl_demo_sigslots.dir/build.make src/examples/CMakeFiles/ecl_demo_sigslots.dir/depend
[1.511s] make[2]: Entering directory '/home/lfvmu/kobuki/build/ecl_sigslots'
[1.511s] cd /home/lfvmu/kobuki/build/ecl_sigslots && /usr/bin/cmake -E cmake_depends "Unix Makefiles" /home/lfvmu/kobuki/src/ecl_core/ecl_sigslots /home/lfvmu/kobuki/src/ecl_core/ecl_sigslots/src/examples /home/lfvmu/kobuki/build/ecl_sigslots /home/lfvmu/kobuki/build/ecl_sigslots/src/examples /home/lfvmu/kobuki/build/ecl_sigslots/src/examples/CMakeFiles/ecl_demo_sigslots_manager.dir/DependInfo.cmake --color=
[1.511s] make[2]: Entering directory '/home/lfvmu/kobuki/build/ecl_sigslots'
[1.512s] cd /home/lfvmu/kobuki/build/ecl_sigslots && /usr/bin/cmake -E cmake_depends "Unix Makefiles" /home/lfvmu/kobuki/src/ecl_core/ecl_sigslots /home/lfvmu/kobuki/src/ecl_core/ecl_sigslots/src/examples /home/lfvmu/kobuki/build/ecl_sigslots /home/lfvmu/kobuki/build/ecl_sigslots/src/examples /home/lfvmu/kobuki/build/ecl_sigslots/src/examples/CMakeFiles/ecl_demo_sigslots.dir/DependInfo.cmake --color=
[1.512s] make[2]: Leaving directory '/home/lfvmu/kobuki/build/ecl_sigslots'
[1.512s] /usr/bin/make -f src/examples/CMakeFiles/ecl_demo_sigslots_manager.dir/build.make src/examples/CMakeFiles/ecl_demo_sigslots_manager.dir/build
[1.517s] make[2]: Entering directory '/home/lfvmu/kobuki/build/ecl_sigslots'
[1.517s] make[2]: Nothing to be done for 'src/examples/CMakeFiles/ecl_demo_sigslots_manager.dir/build'.
[1.517s] make[2]: Leaving directory '/home/lfvmu/kobuki/build/ecl_sigslots'
[1.542s] make[2]: Leaving directory '/home/lfvmu/kobuki/build/ecl_sigslots'
[1.543s] /usr/bin/make -f src/examples/CMakeFiles/ecl_demo_sigslots.dir/build.make src/examples/CMakeFiles/ecl_demo_sigslots.dir/build
[1.543s] make[2]: Entering directory '/home/lfvmu/kobuki/build/ecl_sigslots'
[1.544s] make[2]: Nothing to be done for 'src/examples/CMakeFiles/ecl_demo_sigslots.dir/build'.
[1.544s] make[2]: Leaving directory '/home/lfvmu/kobuki/build/ecl_sigslots'
[1.554s] [ 50%] Built target ecl_demo_sigslots_manager
[1.580s] [100%] Built target ecl_demo_sigslots
[1.581s] make[1]: Leaving directory '/home/lfvmu/kobuki/build/ecl_sigslots'
[1.581s] /usr/bin/cmake -E cmake_progress_start /home/lfvmu/kobuki/build/ecl_sigslots/CMakeFiles 0
[1.713s] Invoked command in '/home/lfvmu/kobuki/build/ecl_sigslots' returned '0': /usr/bin/cmake --build /home/lfvmu/kobuki/build/ecl_sigslots -- -j4 -l4
[2.041s] Invoking command in '/home/lfvmu/kobuki/build/ecl_sigslots': /usr/bin/cmake --install /home/lfvmu/kobuki/build/ecl_sigslots
[2.062s] -- Install configuration: "RelWithDebInfo"
[2.062s] -- Up-to-date: /home/lfvmu/kobuki/install/share/ament_index/resource_index/package_run_dependencies/ecl_sigslots
[2.063s] -- Up-to-date: /home/lfvmu/kobuki/install/share/ament_index/resource_index/parent_prefix_path/ecl_sigslots
[2.063s] -- Up-to-date: /home/lfvmu/kobuki/install/share/ecl_sigslots/environment/ament_prefix_path.sh
[2.063s] -- Installing: /home/lfvmu/kobuki/install/share/ecl_sigslots/environment/ament_prefix_path.dsv
[2.063s] -- Up-to-date: /home/lfvmu/kobuki/install/share/ecl_sigslots/environment/path.sh
[2.063s] -- Installing: /home/lfvmu/kobuki/install/share/ecl_sigslots/environment/path.dsv
[2.064s] -- Up-to-date: /home/lfvmu/kobuki/install/share/ecl_sigslots/local_setup.bash
[2.065s] -- Up-to-date: /home/lfvmu/kobuki/install/share/ecl_sigslots/local_setup.sh
[2.065s] -- Up-to-date: /home/lfvmu/kobuki/install/share/ecl_sigslots/local_setup.zsh
[2.065s] -- Installing: /home/lfvmu/kobuki/install/share/ecl_sigslots/local_setup.dsv
[2.065s] -- Installing: /home/lfvmu/kobuki/install/share/ecl_sigslots/package.dsv
[2.066s] -- Up-to-date: /home/lfvmu/kobuki/install/share/ament_index/resource_index/packages/ecl_sigslots
[2.066s] -- Up-to-date: /home/lfvmu/kobuki/install/share/ecl_sigslots/cmake/ecl_sigslotsExport.cmake
[2.066s] -- Up-to-date: /home/lfvmu/kobuki/install/share/ecl_sigslots/cmake/ament_cmake_export_targets-extras.cmake
[2.067s] -- Up-to-date: /home/lfvmu/kobuki/install/share/ecl_sigslots/cmake/ament_cmake_export_include_directories-extras.cmake
[2.067s] -- Up-to-date: /home/lfvmu/kobuki/install/share/ecl_sigslots/cmake/ament_cmake_export_dependencies-extras.cmake
[2.067s] -- Up-to-date: /home/lfvmu/kobuki/install/share/ecl_sigslots/cmake/ecl_sigslotsConfig.cmake
[2.067s] -- Up-to-date: /home/lfvmu/kobuki/install/share/ecl_sigslots/cmake/ecl_sigslotsConfig-version.cmake
[2.067s] -- Up-to-date: /home/lfvmu/kobuki/install/share/ecl_sigslots/package.xml
[2.068s] -- Up-to-date: /home/lfvmu/kobuki/install/include/ecl/sigslots.hpp
[2.069s] -- Up-to-date: /home/lfvmu/kobuki/install/include/ecl/sigslots/macros.hpp
[2.069s] -- Up-to-date: /home/lfvmu/kobuki/install/include/ecl/sigslots/manager.hpp
[2.069s] -- Up-to-date: /home/lfvmu/kobuki/install/include/ecl/sigslots/signal.hpp
[2.070s] -- Up-to-date: /home/lfvmu/kobuki/install/include/ecl/sigslots/sigslot.hpp
[2.070s] -- Up-to-date: /home/lfvmu/kobuki/install/include/ecl/sigslots/slot.hpp
[2.070s] -- Up-to-date: /home/lfvmu/kobuki/install/include/ecl/sigslots/topic.hpp
[2.071s] -- Up-to-date: /home/lfvmu/kobuki/install/lib/ecl_sigslots/demo_sigslots
[2.072s] -- Up-to-date: /home/lfvmu/kobuki/install/lib/ecl_sigslots/demo_sigslots_manager
[2.087s] Invoked command in '/home/lfvmu/kobuki/build/ecl_sigslots' returned '0': /usr/bin/cmake --install /home/lfvmu/kobuki/build/ecl_sigslots
