[0.347s] Invoking command in '/home/lfvmu/kobuki/build/ecl_exceptions': /usr/bin/cmake /home/lfvmu/kobuki/src/ecl_core/ecl_exceptions -DBUILD_TESTING=OFF -DCMAKE_INSTALL_PREFIX=/home/lfvmu/kobuki/install
[0.384s] -- Found ament_cmake_ros: 0.9.2 (/home/lfvmu/kobuki/install/share/ament_cmake_ros/cmake)
[0.440s] -- Using PYTHON_EXECUTABLE: /usr/bin/python3
[0.789s] -- Found ecl_build: 1.0.3 (/home/lfvmu/kobuki/install/share/ecl_build/cmake)
[0.811s] -- Found ecl_config: 1.1.0 (/home/lfvmu/kobuki/install/share/ecl_config/cmake)
[0.827s] -- Found ecl_errors: 1.1.0 (/home/lfvmu/kobuki/install/share/ecl_errors/cmake)
[1.004s] -- Configuring done
[1.070s] -- Generating done
[1.070s] -- Build files have been written to: /home/lfvmu/kobuki/build/ecl_exceptions
[1.117s] Invoked command in '/home/lfvmu/kobuki/build/ecl_exceptions' returned '0': /usr/bin/cmake /home/lfvmu/kobuki/src/ecl_core/ecl_exceptions -DBUILD_TESTING=OFF -DCMAKE_INSTALL_PREFIX=/home/lfvmu/kobuki/install
[1.119s] Invoking command in '/home/lfvmu/kobuki/build/ecl_exceptions': /usr/bin/cmake --build /home/lfvmu/kobuki/build/ecl_exceptions -- -j4 -l4
[1.276s] [ 33%] Built target ecl_exceptions
[1.316s] [ 66%] Built target ecl_demo_exception_tracer
[1.318s] [100%] Built target ecl_demo_exceptions
[1.373s] Invoked command in '/home/lfvmu/kobuki/build/ecl_exceptions' returned '0': /usr/bin/cmake --build /home/lfvmu/kobuki/build/ecl_exceptions -- -j4 -l4
[1.427s] Invoking command in '/home/lfvmu/kobuki/build/ecl_exceptions': /usr/bin/cmake --install /home/lfvmu/kobuki/build/ecl_exceptions
[1.467s] -- Install configuration: "RelWithDebInfo"
[1.467s] -- Up-to-date: /home/lfvmu/kobuki/install/share/ecl_exceptions/environment/library_path.sh
[1.468s] -- Installing: /home/lfvmu/kobuki/install/share/ecl_exceptions/environment/library_path.dsv
[1.468s] -- Up-to-date: /home/lfvmu/kobuki/install/share/ament_index/resource_index/package_run_dependencies/ecl_exceptions
[1.470s] -- Up-to-date: /home/lfvmu/kobuki/install/share/ament_index/resource_index/parent_prefix_path/ecl_exceptions
[1.470s] -- Up-to-date: /home/lfvmu/kobuki/install/share/ecl_exceptions/environment/ament_prefix_path.sh
[1.471s] -- Installing: /home/lfvmu/kobuki/install/share/ecl_exceptions/environment/ament_prefix_path.dsv
[1.471s] -- Up-to-date: /home/lfvmu/kobuki/install/share/ecl_exceptions/environment/path.sh
[1.471s] -- Installing: /home/lfvmu/kobuki/install/share/ecl_exceptions/environment/path.dsv
[1.471s] -- Up-to-date: /home/lfvmu/kobuki/install/share/ecl_exceptions/local_setup.bash
[1.472s] -- Up-to-date: /home/lfvmu/kobuki/install/share/ecl_exceptions/local_setup.sh
[1.472s] -- Up-to-date: /home/lfvmu/kobuki/install/share/ecl_exceptions/local_setup.zsh
[1.473s] -- Installing: /home/lfvmu/kobuki/install/share/ecl_exceptions/local_setup.dsv
[1.473s] -- Installing: /home/lfvmu/kobuki/install/share/ecl_exceptions/package.dsv
[1.473s] -- Up-to-date: /home/lfvmu/kobuki/install/share/ament_index/resource_index/packages/ecl_exceptions
[1.473s] -- Up-to-date: /home/lfvmu/kobuki/install/share/ecl_exceptions/cmake/ecl_exceptionsExport.cmake
[1.474s] -- Installing: /home/lfvmu/kobuki/install/share/ecl_exceptions/cmake/ecl_exceptionsExport-relwithdebinfo.cmake
[1.474s] -- Up-to-date: /home/lfvmu/kobuki/install/share/ecl_exceptions/cmake/ament_cmake_export_targets-extras.cmake
[1.474s] -- Up-to-date: /home/lfvmu/kobuki/install/share/ecl_exceptions/cmake/ament_cmake_export_include_directories-extras.cmake
[1.475s] -- Up-to-date: /home/lfvmu/kobuki/install/share/ecl_exceptions/cmake/ament_cmake_export_libraries-extras.cmake
[1.475s] -- Up-to-date: /home/lfvmu/kobuki/install/share/ecl_exceptions/cmake/ament_cmake_export_dependencies-extras.cmake
[1.475s] -- Up-to-date: /home/lfvmu/kobuki/install/share/ecl_exceptions/cmake/ecl_exceptionsConfig.cmake
[1.475s] -- Up-to-date: /home/lfvmu/kobuki/install/share/ecl_exceptions/cmake/ecl_exceptionsConfig-version.cmake
[1.475s] -- Up-to-date: /home/lfvmu/kobuki/install/share/ecl_exceptions/package.xml
[1.476s] -- Up-to-date: /home/lfvmu/kobuki/install/include/ecl/exceptions.hpp
[1.476s] -- Up-to-date: /home/lfvmu/kobuki/install/include/ecl/exceptions/data_exception.hpp
[1.476s] -- Up-to-date: /home/lfvmu/kobuki/install/include/ecl/exceptions/exception.hpp
[1.476s] -- Up-to-date: /home/lfvmu/kobuki/install/include/ecl/exceptions/macros.hpp
[1.477s] -- Up-to-date: /home/lfvmu/kobuki/install/include/ecl/exceptions/posix_error_handler.hpp
[1.477s] -- Up-to-date: /home/lfvmu/kobuki/install/include/ecl/exceptions/standard_exception.hpp
[1.477s] -- Up-to-date: /home/lfvmu/kobuki/install/lib/libecl_exceptions.so.1.2.1
[1.477s] -- Up-to-date: /home/lfvmu/kobuki/install/lib/libecl_exceptions.so
[1.478s] -- Up-to-date: /home/lfvmu/kobuki/install/lib/ecl_exceptions/demo_exceptions
[1.480s] -- Up-to-date: /home/lfvmu/kobuki/install/lib/ecl_exceptions/demo_exception_tracer
[1.693s] Invoked command in '/home/lfvmu/kobuki/build/ecl_exceptions' returned '0': /usr/bin/cmake --install /home/lfvmu/kobuki/build/ecl_exceptions
