[0.243s] Invoking command in '/home/lfvmu/kobuki/build/ament_cmake_export_libraries': AMENT_PREFIX_PATH=/home/lfvmu/kobuki/install CMAKE_PREFIX_PATH=/home/lfvmu/kobuki/install LD_LIBRARY_PATH=/home/lfvmu/kobuki/install/lib PATH=/home/lfvmu/kobuki/install/bin:${PATH} PYTHONPATH=/home/lfvmu/kobuki/install/lib/python3.8/site-packages /usr/bin/cmake /home/lfvmu/kobuki/src/ament_cmake/ament_cmake_export_libraries -DBUILD_TESTING=OFF -DCMAKE_INSTALL_PREFIX=/home/lfvmu/kobuki/install
[0.271s] Re-run cmake no build system arguments
[0.275s] -- Found ament_cmake_core: 0.9.11 (/home/lfvmu/kobuki/install/share/ament_cmake_core/cmake)
[0.323s] -- Using PYTHON_EXECUTABLE: /usr/bin/python3
[0.824s] -- Configuring done
[0.830s] -- Generating done
[0.831s] -- Build files have been written to: /home/lfvmu/kobuki/build/ament_cmake_export_libraries
[0.984s] Invoked command in '/home/lfvmu/kobuki/build/ament_cmake_export_libraries' returned '0': AMENT_PREFIX_PATH=/home/lfvmu/kobuki/install CMAKE_PREFIX_PATH=/home/lfvmu/kobuki/install LD_LIBRARY_PATH=/home/lfvmu/kobuki/install/lib PATH=/home/lfvmu/kobuki/install/bin:${PATH} PYTHONPATH=/home/lfvmu/kobuki/install/lib/python3.8/site-packages /usr/bin/cmake /home/lfvmu/kobuki/src/ament_cmake/ament_cmake_export_libraries -DBUILD_TESTING=OFF -DCMAKE_INSTALL_PREFIX=/home/lfvmu/kobuki/install
[0.986s] Invoking command in '/home/lfvmu/kobuki/build/ament_cmake_export_libraries': AMENT_PREFIX_PATH=/home/lfvmu/kobuki/install CMAKE_PREFIX_PATH=/home/lfvmu/kobuki/install LD_LIBRARY_PATH=/home/lfvmu/kobuki/install/lib PATH=/home/lfvmu/kobuki/install/bin:${PATH} PYTHONPATH=/home/lfvmu/kobuki/install/lib/python3.8/site-packages /usr/bin/cmake --build /home/lfvmu/kobuki/build/ament_cmake_export_libraries -- -j4 -l4
[1.037s] /usr/bin/cmake -S/home/lfvmu/kobuki/src/ament_cmake/ament_cmake_export_libraries -B/home/lfvmu/kobuki/build/ament_cmake_export_libraries --check-build-system CMakeFiles/Makefile.cmake 0
[1.065s] /usr/bin/cmake -E cmake_progress_start /home/lfvmu/kobuki/build/ament_cmake_export_libraries/CMakeFiles /home/lfvmu/kobuki/build/ament_cmake_export_libraries/CMakeFiles/progress.marks
[1.100s] /usr/bin/make -f CMakeFiles/Makefile2 all
[1.101s] make[1]: Entering directory '/home/lfvmu/kobuki/build/ament_cmake_export_libraries'
[1.102s] make[1]: Nothing to be done for 'all'.
[1.102s] make[1]: Leaving directory '/home/lfvmu/kobuki/build/ament_cmake_export_libraries'
[1.103s] /usr/bin/cmake -E cmake_progress_start /home/lfvmu/kobuki/build/ament_cmake_export_libraries/CMakeFiles 0
[1.138s] Invoked command in '/home/lfvmu/kobuki/build/ament_cmake_export_libraries' returned '0': AMENT_PREFIX_PATH=/home/lfvmu/kobuki/install CMAKE_PREFIX_PATH=/home/lfvmu/kobuki/install LD_LIBRARY_PATH=/home/lfvmu/kobuki/install/lib PATH=/home/lfvmu/kobuki/install/bin:${PATH} PYTHONPATH=/home/lfvmu/kobuki/install/lib/python3.8/site-packages /usr/bin/cmake --build /home/lfvmu/kobuki/build/ament_cmake_export_libraries -- -j4 -l4
[1.223s] Invoking command in '/home/lfvmu/kobuki/build/ament_cmake_export_libraries': AMENT_PREFIX_PATH=/home/lfvmu/kobuki/install CMAKE_PREFIX_PATH=/home/lfvmu/kobuki/install LD_LIBRARY_PATH=/home/lfvmu/kobuki/install/lib PATH=/home/lfvmu/kobuki/install/bin:${PATH} PYTHONPATH=/home/lfvmu/kobuki/install/lib/python3.8/site-packages /usr/bin/cmake --install /home/lfvmu/kobuki/build/ament_cmake_export_libraries
[1.252s] -- Install configuration: ""
[1.253s] -- Up-to-date: /home/lfvmu/kobuki/install/share/ament_index/resource_index/package_run_dependencies/ament_cmake_export_libraries
[1.253s] -- Up-to-date: /home/lfvmu/kobuki/install/share/ament_index/resource_index/parent_prefix_path/ament_cmake_export_libraries
[1.254s] -- Up-to-date: /home/lfvmu/kobuki/install/share/ament_cmake_export_libraries/environment/ament_prefix_path.sh
[1.254s] -- Installing: /home/lfvmu/kobuki/install/share/ament_cmake_export_libraries/environment/ament_prefix_path.dsv
[1.254s] -- Up-to-date: /home/lfvmu/kobuki/install/share/ament_cmake_export_libraries/environment/path.sh
[1.255s] -- Installing: /home/lfvmu/kobuki/install/share/ament_cmake_export_libraries/environment/path.dsv
[1.255s] -- Up-to-date: /home/lfvmu/kobuki/install/share/ament_cmake_export_libraries/local_setup.bash
[1.255s] -- Up-to-date: /home/lfvmu/kobuki/install/share/ament_cmake_export_libraries/local_setup.sh
[1.258s] -- Up-to-date: /home/lfvmu/kobuki/install/share/ament_cmake_export_libraries/local_setup.zsh
[1.259s] -- Installing: /home/lfvmu/kobuki/install/share/ament_cmake_export_libraries/local_setup.dsv
[1.259s] -- Installing: /home/lfvmu/kobuki/install/share/ament_cmake_export_libraries/package.dsv
[1.260s] -- Up-to-date: /home/lfvmu/kobuki/install/share/ament_index/resource_index/packages/ament_cmake_export_libraries
[1.261s] -- Up-to-date: /home/lfvmu/kobuki/install/share/ament_cmake_export_libraries/cmake/ament_cmake_export_libraries-extras.cmake
[1.261s] -- Up-to-date: /home/lfvmu/kobuki/install/share/ament_cmake_export_libraries/cmake/ament_cmake_export_librariesConfig.cmake
[1.262s] -- Up-to-date: /home/lfvmu/kobuki/install/share/ament_cmake_export_libraries/cmake/ament_cmake_export_librariesConfig-version.cmake
[1.264s] -- Up-to-date: /home/lfvmu/kobuki/install/share/ament_cmake_export_libraries/package.xml
[1.264s] -- Up-to-date: /home/lfvmu/kobuki/install/share/ament_cmake_export_libraries/cmake
[1.265s] -- Up-to-date: /home/lfvmu/kobuki/install/share/ament_cmake_export_libraries/cmake/ament_export_libraries.cmake
[1.266s] -- Up-to-date: /home/lfvmu/kobuki/install/share/ament_cmake_export_libraries/cmake/ament_cmake_export_libraries_package_hook.cmake
[1.266s] -- Up-to-date: /home/lfvmu/kobuki/install/share/ament_cmake_export_libraries/cmake/ament_export_library_names.cmake
[1.267s] -- Up-to-date: /home/lfvmu/kobuki/install/share/ament_cmake_export_libraries/cmake/ament_cmake_export_libraries-extras.cmake.in
[1.321s] Invoked command in '/home/lfvmu/kobuki/build/ament_cmake_export_libraries' returned '0': AMENT_PREFIX_PATH=/home/lfvmu/kobuki/install CMAKE_PREFIX_PATH=/home/lfvmu/kobuki/install LD_LIBRARY_PATH=/home/lfvmu/kobuki/install/lib PATH=/home/lfvmu/kobuki/install/bin:${PATH} PYTHONPATH=/home/lfvmu/kobuki/install/lib/python3.8/site-packages /usr/bin/cmake --install /home/lfvmu/kobuki/build/ament_cmake_export_libraries
