[0.373s] Invoking command in '/home/lfvmu/kobuki/build/ecl_io': /usr/bin/cmake /home/lfvmu/kobuki/src/ecl_lite/ecl_io -DBUILD_TESTING=OFF -DCMAKE_INSTALL_PREFIX=/home/lfvmu/kobuki/install
[0.397s] Re-run cmake no build system arguments
[0.423s] -- Found ament_cmake_ros: 0.9.2 (/home/lfvmu/kobuki/install/share/ament_cmake_ros/cmake)
[0.479s] -- Using PYTHON_EXECUTABLE: /usr/bin/python3
[0.890s] -- Found ecl_build: 1.0.3 (/home/lfvmu/kobuki/install/share/ecl_build/cmake)
[0.918s] -- Found ecl_config: 1.1.0 (/home/lfvmu/kobuki/install/share/ecl_config/cmake)
[0.924s] -- Found ecl_errors: 1.1.0 (/home/lfvmu/kobuki/install/share/ecl_errors/cmake)
[1.156s] -- Configuring done
[1.204s] -- Generating done
[1.214s] -- Build files have been written to: /home/lfvmu/kobuki/build/ecl_io
[1.292s] Invoked command in '/home/lfvmu/kobuki/build/ecl_io' returned '0': /usr/bin/cmake /home/lfvmu/kobuki/src/ecl_lite/ecl_io -DBUILD_TESTING=OFF -DCMAKE_INSTALL_PREFIX=/home/lfvmu/kobuki/install
[1.299s] Invoking command in '/home/lfvmu/kobuki/build/ecl_io': /usr/bin/cmake --build /home/lfvmu/kobuki/build/ecl_io -- -j4 -l4
[1.347s] /usr/bin/cmake -S/home/lfvmu/kobuki/src/ecl_lite/ecl_io -B/home/lfvmu/kobuki/build/ecl_io --check-build-system CMakeFiles/Makefile.cmake 0
[1.389s] /usr/bin/cmake -E cmake_progress_start /home/lfvmu/kobuki/build/ecl_io/CMakeFiles /home/lfvmu/kobuki/build/ecl_io/CMakeFiles/progress.marks
[1.413s] /usr/bin/make -f CMakeFiles/Makefile2 all
[1.418s] make[1]: Entering directory '/home/lfvmu/kobuki/build/ecl_io'
[1.419s] /usr/bin/make -f src/lib/CMakeFiles/ecl_io.dir/build.make src/lib/CMakeFiles/ecl_io.dir/depend
[1.427s] make[2]: Entering directory '/home/lfvmu/kobuki/build/ecl_io'
[1.428s] cd /home/lfvmu/kobuki/build/ecl_io && /usr/bin/cmake -E cmake_depends "Unix Makefiles" /home/lfvmu/kobuki/src/ecl_lite/ecl_io /home/lfvmu/kobuki/src/ecl_lite/ecl_io/src/lib /home/lfvmu/kobuki/build/ecl_io /home/lfvmu/kobuki/build/ecl_io/src/lib /home/lfvmu/kobuki/build/ecl_io/src/lib/CMakeFiles/ecl_io.dir/DependInfo.cmake --color=
[1.445s] make[2]: Leaving directory '/home/lfvmu/kobuki/build/ecl_io'
[1.446s] /usr/bin/make -f src/lib/CMakeFiles/ecl_io.dir/build.make src/lib/CMakeFiles/ecl_io.dir/build
[1.448s] make[2]: Entering directory '/home/lfvmu/kobuki/build/ecl_io'
[1.449s] make[2]: Nothing to be done for 'src/lib/CMakeFiles/ecl_io.dir/build'.
[1.449s] make[2]: Leaving directory '/home/lfvmu/kobuki/build/ecl_io'
[1.503s] [ 40%] Built target ecl_io
[1.503s] /usr/bin/make -f src/examples/CMakeFiles/ecl_io_example_poll.dir/build.make src/examples/CMakeFiles/ecl_io_example_poll.dir/depend
[1.504s] /usr/bin/make -f src/examples/CMakeFiles/ecl_io_example_socketpair.dir/build.make src/examples/CMakeFiles/ecl_io_example_socketpair.dir/depend
[1.504s] make[2]: Entering directory '/home/lfvmu/kobuki/build/ecl_io'
[1.504s] cd /home/lfvmu/kobuki/build/ecl_io && /usr/bin/cmake -E cmake_depends "Unix Makefiles" /home/lfvmu/kobuki/src/ecl_lite/ecl_io /home/lfvmu/kobuki/src/ecl_lite/ecl_io/src/examples /home/lfvmu/kobuki/build/ecl_io /home/lfvmu/kobuki/build/ecl_io/src/examples /home/lfvmu/kobuki/build/ecl_io/src/examples/CMakeFiles/ecl_io_example_poll.dir/DependInfo.cmake --color=
[1.504s] /usr/bin/make -f src/examples/CMakeFiles/ecl_io_example_sockets.dir/build.make src/examples/CMakeFiles/ecl_io_example_sockets.dir/depend
[1.508s] make[2]: Entering directory '/home/lfvmu/kobuki/build/ecl_io'
[1.508s] cd /home/lfvmu/kobuki/build/ecl_io && /usr/bin/cmake -E cmake_depends "Unix Makefiles" /home/lfvmu/kobuki/src/ecl_lite/ecl_io /home/lfvmu/kobuki/src/ecl_lite/ecl_io/src/examples /home/lfvmu/kobuki/build/ecl_io /home/lfvmu/kobuki/build/ecl_io/src/examples /home/lfvmu/kobuki/build/ecl_io/src/examples/CMakeFiles/ecl_io_example_sockets.dir/DependInfo.cmake --color=
[1.522s] make[2]: Entering directory '/home/lfvmu/kobuki/build/ecl_io'
[1.522s] cd /home/lfvmu/kobuki/build/ecl_io && /usr/bin/cmake -E cmake_depends "Unix Makefiles" /home/lfvmu/kobuki/src/ecl_lite/ecl_io /home/lfvmu/kobuki/src/ecl_lite/ecl_io/src/examples /home/lfvmu/kobuki/build/ecl_io /home/lfvmu/kobuki/build/ecl_io/src/examples /home/lfvmu/kobuki/build/ecl_io/src/examples/CMakeFiles/ecl_io_example_socketpair.dir/DependInfo.cmake --color=
[1.523s] make[2]: Leaving directory '/home/lfvmu/kobuki/build/ecl_io'
[1.523s] /usr/bin/make -f src/examples/CMakeFiles/ecl_io_example_poll.dir/build.make src/examples/CMakeFiles/ecl_io_example_poll.dir/build
[1.527s] make[2]: Leaving directory '/home/lfvmu/kobuki/build/ecl_io'
[1.528s] /usr/bin/make -f src/examples/CMakeFiles/ecl_io_example_sockets.dir/build.make src/examples/CMakeFiles/ecl_io_example_sockets.dir/build
[1.529s] make[2]: Entering directory '/home/lfvmu/kobuki/build/ecl_io'
[1.529s] make[2]: Nothing to be done for 'src/examples/CMakeFiles/ecl_io_example_poll.dir/build'.
[1.529s] make[2]: Leaving directory '/home/lfvmu/kobuki/build/ecl_io'
[1.535s] make[2]: Entering directory '/home/lfvmu/kobuki/build/ecl_io'
[1.536s] make[2]: Nothing to be done for 'src/examples/CMakeFiles/ecl_io_example_sockets.dir/build'.
[1.536s] make[2]: Leaving directory '/home/lfvmu/kobuki/build/ecl_io'
[1.560s] make[2]: Leaving directory '/home/lfvmu/kobuki/build/ecl_io'
[1.561s] /usr/bin/make -f src/examples/CMakeFiles/ecl_io_example_socketpair.dir/build.make src/examples/CMakeFiles/ecl_io_example_socketpair.dir/build
[1.566s] make[2]: Entering directory '/home/lfvmu/kobuki/build/ecl_io'
[1.569s] make[2]: Nothing to be done for 'src/examples/CMakeFiles/ecl_io_example_socketpair.dir/build'.
[1.570s] make[2]: Leaving directory '/home/lfvmu/kobuki/build/ecl_io'
[1.573s] [ 60%] Built target ecl_io_example_poll
[1.596s] [ 80%] Built target ecl_io_example_sockets
[1.603s] [100%] Built target ecl_io_example_socketpair
[1.620s] make[1]: Leaving directory '/home/lfvmu/kobuki/build/ecl_io'
[1.620s] /usr/bin/cmake -E cmake_progress_start /home/lfvmu/kobuki/build/ecl_io/CMakeFiles 0
[1.701s] Invoked command in '/home/lfvmu/kobuki/build/ecl_io' returned '0': /usr/bin/cmake --build /home/lfvmu/kobuki/build/ecl_io -- -j4 -l4
[2.043s] Invoking command in '/home/lfvmu/kobuki/build/ecl_io': /usr/bin/cmake --install /home/lfvmu/kobuki/build/ecl_io
[2.067s] -- Install configuration: "RelWithDebInfo"
[2.068s] -- Up-to-date: /home/lfvmu/kobuki/install/share/ecl_io/environment/library_path.sh
[2.068s] -- Installing: /home/lfvmu/kobuki/install/share/ecl_io/environment/library_path.dsv
[2.068s] -- Up-to-date: /home/lfvmu/kobuki/install/share/ament_index/resource_index/package_run_dependencies/ecl_io
[2.069s] -- Up-to-date: /home/lfvmu/kobuki/install/share/ament_index/resource_index/parent_prefix_path/ecl_io
[2.069s] -- Up-to-date: /home/lfvmu/kobuki/install/share/ecl_io/environment/ament_prefix_path.sh
[2.070s] -- Installing: /home/lfvmu/kobuki/install/share/ecl_io/environment/ament_prefix_path.dsv
[2.070s] -- Up-to-date: /home/lfvmu/kobuki/install/share/ecl_io/environment/path.sh
[2.071s] -- Installing: /home/lfvmu/kobuki/install/share/ecl_io/environment/path.dsv
[2.071s] -- Up-to-date: /home/lfvmu/kobuki/install/share/ecl_io/local_setup.bash
[2.072s] -- Up-to-date: /home/lfvmu/kobuki/install/share/ecl_io/local_setup.sh
[2.072s] -- Up-to-date: /home/lfvmu/kobuki/install/share/ecl_io/local_setup.zsh
[2.073s] -- Installing: /home/lfvmu/kobuki/install/share/ecl_io/local_setup.dsv
[2.073s] -- Installing: /home/lfvmu/kobuki/install/share/ecl_io/package.dsv
[2.074s] -- Up-to-date: /home/lfvmu/kobuki/install/share/ament_index/resource_index/packages/ecl_io
[2.084s] -- Up-to-date: /home/lfvmu/kobuki/install/share/ecl_io/cmake/ecl_ioExport.cmake
[2.084s] -- Installing: /home/lfvmu/kobuki/install/share/ecl_io/cmake/ecl_ioExport-relwithdebinfo.cmake
[2.085s] -- Up-to-date: /home/lfvmu/kobuki/install/share/ecl_io/cmake/ament_cmake_export_targets-extras.cmake
[2.085s] -- Up-to-date: /home/lfvmu/kobuki/install/share/ecl_io/cmake/ament_cmake_export_include_directories-extras.cmake
[2.085s] -- Up-to-date: /home/lfvmu/kobuki/install/share/ecl_io/cmake/ament_cmake_export_libraries-extras.cmake
[2.086s] -- Up-to-date: /home/lfvmu/kobuki/install/share/ecl_io/cmake/ament_cmake_export_dependencies-extras.cmake
[2.086s] -- Up-to-date: /home/lfvmu/kobuki/install/share/ecl_io/cmake/ecl_ioConfig.cmake
[2.086s] -- Up-to-date: /home/lfvmu/kobuki/install/share/ecl_io/cmake/ecl_ioConfig-version.cmake
[2.086s] -- Up-to-date: /home/lfvmu/kobuki/install/share/ecl_io/package.xml
[2.086s] -- Up-to-date: /home/lfvmu/kobuki/install/include/ecl/io.hpp
[2.087s] -- Up-to-date: /home/lfvmu/kobuki/install/include/ecl/sockets/macros.hpp
[2.087s] -- Up-to-date: /home/lfvmu/kobuki/install/include/ecl/sockets/poll.hpp
[2.087s] -- Up-to-date: /home/lfvmu/kobuki/install/include/ecl/sockets/socketpair.hpp
[2.087s] -- Up-to-date: /home/lfvmu/kobuki/install/include/ecl/sockets/sockets.hpp
[2.087s] -- Up-to-date: /home/lfvmu/kobuki/install/lib/libecl_io.so.1.1.0
[2.088s] -- Up-to-date: /home/lfvmu/kobuki/install/lib/libecl_io.so
[2.088s] -- Up-to-date: /home/lfvmu/kobuki/install/lib/ecl_io/demo_sockets
[2.088s] -- Up-to-date: /home/lfvmu/kobuki/install/lib/ecl_io/demo_socketpair
[2.088s] -- Up-to-date: /home/lfvmu/kobuki/install/lib/ecl_io/demo_poll
[2.102s] Invoked command in '/home/lfvmu/kobuki/build/ecl_io' returned '0': /usr/bin/cmake --install /home/lfvmu/kobuki/build/ecl_io
