[0.267s] Invoking command in '/home/lfvmu/kobuki/build/ecl_converters_lite': /usr/bin/cmake /home/lfvmu/kobuki/src/ecl_lite/ecl_converters_lite -DBUILD_TESTING=OFF --no-warn-unused-cli -DCMAKE_INSTALL_PREFIX=/home/lfvmu/kobuki/install
[0.289s] Not searching for unused variables given on the command line.
[0.308s] -- Found ament_cmake_ros: 0.9.2 (/home/lfvmu/kobuki/install/share/ament_cmake_ros/cmake)
[0.355s] -- Using PYTHON_EXECUTABLE: /usr/bin/python3
[0.705s] -- Found ecl_build: 1.0.3 (/home/lfvmu/kobuki/install/share/ecl_build/cmake)
[0.728s] -- Found ecl_config: 1.1.0 (/home/lfvmu/kobuki/install/share/ecl_config/cmake)
[0.886s] -- Configuring done
[0.899s] -- Generating done
[0.911s] -- Build files have been written to: /home/lfvmu/kobuki/build/ecl_converters_lite
[1.095s] Invoked command in '/home/lfvmu/kobuki/build/ecl_converters_lite' returned '0': /usr/bin/cmake /home/lfvmu/kobuki/src/ecl_lite/ecl_converters_lite -DBUILD_TESTING=OFF --no-warn-unused-cli -DCMAKE_INSTALL_PREFIX=/home/lfvmu/kobuki/install
[1.097s] Invoking command in '/home/lfvmu/kobuki/build/ecl_converters_lite': /usr/bin/cmake --build /home/lfvmu/kobuki/build/ecl_converters_lite -- -j4 -l4
[1.321s] Invoked command in '/home/lfvmu/kobuki/build/ecl_converters_lite' returned '0': /usr/bin/cmake --build /home/lfvmu/kobuki/build/ecl_converters_lite -- -j4 -l4
[1.626s] Invoking command in '/home/lfvmu/kobuki/build/ecl_converters_lite': /usr/bin/cmake --install /home/lfvmu/kobuki/build/ecl_converters_lite
[1.663s] -- Install configuration: "RelWithDebInfo"
[1.664s] -- Up-to-date: /home/lfvmu/kobuki/install/share/ament_index/resource_index/package_run_dependencies/ecl_converters_lite
[1.664s] -- Up-to-date: /home/lfvmu/kobuki/install/share/ament_index/resource_index/parent_prefix_path/ecl_converters_lite
[1.664s] -- Up-to-date: /home/lfvmu/kobuki/install/share/ecl_converters_lite/environment/ament_prefix_path.sh
[1.665s] -- Installing: /home/lfvmu/kobuki/install/share/ecl_converters_lite/environment/ament_prefix_path.dsv
[1.665s] -- Up-to-date: /home/lfvmu/kobuki/install/share/ecl_converters_lite/environment/path.sh
[1.665s] -- Installing: /home/lfvmu/kobuki/install/share/ecl_converters_lite/environment/path.dsv
[1.665s] -- Up-to-date: /home/lfvmu/kobuki/install/share/ecl_converters_lite/local_setup.bash
[1.665s] -- Up-to-date: /home/lfvmu/kobuki/install/share/ecl_converters_lite/local_setup.sh
[1.666s] -- Up-to-date: /home/lfvmu/kobuki/install/share/ecl_converters_lite/local_setup.zsh
[1.666s] -- Installing: /home/lfvmu/kobuki/install/share/ecl_converters_lite/local_setup.dsv
[1.666s] -- Installing: /home/lfvmu/kobuki/install/share/ecl_converters_lite/package.dsv
[1.666s] -- Up-to-date: /home/lfvmu/kobuki/install/share/ament_index/resource_index/packages/ecl_converters_lite
[1.666s] -- Up-to-date: /home/lfvmu/kobuki/install/share/ecl_converters_lite/cmake/ecl_converters_liteExport.cmake
[1.667s] -- Up-to-date: /home/lfvmu/kobuki/install/share/ecl_converters_lite/cmake/ament_cmake_export_targets-extras.cmake
[1.667s] -- Up-to-date: /home/lfvmu/kobuki/install/share/ecl_converters_lite/cmake/ament_cmake_export_include_directories-extras.cmake
[1.667s] -- Up-to-date: /home/lfvmu/kobuki/install/share/ecl_converters_lite/cmake/ament_cmake_export_dependencies-extras.cmake
[1.667s] -- Up-to-date: /home/lfvmu/kobuki/install/share/ecl_converters_lite/cmake/ecl_converters_liteConfig.cmake
[1.667s] -- Up-to-date: /home/lfvmu/kobuki/install/share/ecl_converters_lite/cmake/ecl_converters_liteConfig-version.cmake
[1.668s] -- Up-to-date: /home/lfvmu/kobuki/install/share/ecl_converters_lite/package.xml
[1.668s] -- Up-to-date: /home/lfvmu/kobuki/install/include/ecl/converters_lite.hpp
[1.668s] -- Up-to-date: /home/lfvmu/kobuki/install/include/ecl/converters_lite/byte_array.hpp
[1.670s] Invoked command in '/home/lfvmu/kobuki/build/ecl_converters_lite' returned '0': /usr/bin/cmake --install /home/lfvmu/kobuki/build/ecl_converters_lite
