[0.368s] Invoking command in '/home/lfvmu/kobuki/build/ecl_mpl': /usr/bin/cmake /home/lfvmu/kobuki/src/ecl_core/ecl_mpl -DBUILD_TESTING=OFF -DCMAKE_INSTALL_PREFIX=/home/lfvmu/kobuki/install
[0.406s] Re-run cmake no build system arguments
[0.453s] -- Found ament_cmake_ros: 0.9.2 (/home/lfvmu/kobuki/install/share/ament_cmake_ros/cmake)
[0.521s] -- Using PYTHON_EXECUTABLE: /usr/bin/python3
[0.889s] -- Found ecl_build: 1.0.3 (/home/lfvmu/kobuki/install/share/ecl_build/cmake)
[1.072s] -- Configuring done
[1.122s] -- Generating done
[1.122s] -- Build files have been written to: /home/lfvmu/kobuki/build/ecl_mpl
[1.281s] Invoked command in '/home/lfvmu/kobuki/build/ecl_mpl' returned '0': /usr/bin/cmake /home/lfvmu/kobuki/src/ecl_core/ecl_mpl -DBUILD_TESTING=OFF -DCMAKE_INSTALL_PREFIX=/home/lfvmu/kobuki/install
[1.283s] Invoking command in '/home/lfvmu/kobuki/build/ecl_mpl': /usr/bin/cmake --build /home/lfvmu/kobuki/build/ecl_mpl -- -j4 -l4
[1.348s] /usr/bin/cmake -S/home/lfvmu/kobuki/src/ecl_core/ecl_mpl -B/home/lfvmu/kobuki/build/ecl_mpl --check-build-system CMakeFiles/Makefile.cmake 0
[1.380s] /usr/bin/cmake -E cmake_progress_start /home/lfvmu/kobuki/build/ecl_mpl/CMakeFiles /home/lfvmu/kobuki/build/ecl_mpl/CMakeFiles/progress.marks
[1.404s] /usr/bin/make -f CMakeFiles/Makefile2 all
[1.407s] make[1]: Entering directory '/home/lfvmu/kobuki/build/ecl_mpl'
[1.407s] make[1]: Nothing to be done for 'all'.
[1.408s] make[1]: Leaving directory '/home/lfvmu/kobuki/build/ecl_mpl'
[1.408s] /usr/bin/cmake -E cmake_progress_start /home/lfvmu/kobuki/build/ecl_mpl/CMakeFiles 0
[1.624s] Invoked command in '/home/lfvmu/kobuki/build/ecl_mpl' returned '0': /usr/bin/cmake --build /home/lfvmu/kobuki/build/ecl_mpl -- -j4 -l4
[1.711s] Invoking command in '/home/lfvmu/kobuki/build/ecl_mpl': /usr/bin/cmake --install /home/lfvmu/kobuki/build/ecl_mpl
[1.743s] -- Install configuration: "RelWithDebInfo"
[1.744s] -- Up-to-date: /home/lfvmu/kobuki/install/share/ament_index/resource_index/package_run_dependencies/ecl_mpl
[1.745s] -- Up-to-date: /home/lfvmu/kobuki/install/share/ament_index/resource_index/parent_prefix_path/ecl_mpl
[1.745s] -- Up-to-date: /home/lfvmu/kobuki/install/share/ecl_mpl/environment/ament_prefix_path.sh
[1.746s] -- Installing: /home/lfvmu/kobuki/install/share/ecl_mpl/environment/ament_prefix_path.dsv
[1.746s] -- Up-to-date: /home/lfvmu/kobuki/install/share/ecl_mpl/environment/path.sh
[1.747s] -- Installing: /home/lfvmu/kobuki/install/share/ecl_mpl/environment/path.dsv
[1.748s] -- Up-to-date: /home/lfvmu/kobuki/install/share/ecl_mpl/local_setup.bash
[1.748s] -- Up-to-date: /home/lfvmu/kobuki/install/share/ecl_mpl/local_setup.sh
[1.749s] -- Up-to-date: /home/lfvmu/kobuki/install/share/ecl_mpl/local_setup.zsh
[1.749s] -- Installing: /home/lfvmu/kobuki/install/share/ecl_mpl/local_setup.dsv
[1.750s] -- Installing: /home/lfvmu/kobuki/install/share/ecl_mpl/package.dsv
[1.755s] -- Up-to-date: /home/lfvmu/kobuki/install/share/ament_index/resource_index/packages/ecl_mpl
[1.755s] -- Up-to-date: /home/lfvmu/kobuki/install/share/ecl_mpl/cmake/ecl_mplExport.cmake
[1.756s] -- Up-to-date: /home/lfvmu/kobuki/install/share/ecl_mpl/cmake/ament_cmake_export_targets-extras.cmake
[1.756s] -- Up-to-date: /home/lfvmu/kobuki/install/share/ecl_mpl/cmake/ament_cmake_export_include_directories-extras.cmake
[1.757s] -- Up-to-date: /home/lfvmu/kobuki/install/share/ecl_mpl/cmake/ecl_mplConfig.cmake
[1.757s] -- Up-to-date: /home/lfvmu/kobuki/install/share/ecl_mpl/cmake/ecl_mplConfig-version.cmake
[1.758s] -- Up-to-date: /home/lfvmu/kobuki/install/share/ecl_mpl/package.xml
[1.759s] -- Up-to-date: /home/lfvmu/kobuki/install/include/ecl/mpl.hpp
[1.760s] -- Up-to-date: /home/lfvmu/kobuki/install/include/ecl/mpl/bool.hpp
[1.760s] -- Up-to-date: /home/lfvmu/kobuki/install/include/ecl/mpl/converters.hpp
[1.761s] -- Up-to-date: /home/lfvmu/kobuki/install/include/ecl/mpl/enable_if.hpp
[1.761s] -- Up-to-date: /home/lfvmu/kobuki/install/include/ecl/mpl/failed_object.hpp
[1.766s] -- Up-to-date: /home/lfvmu/kobuki/install/include/ecl/mpl/if.hpp
[1.958s] Invoked command in '/home/lfvmu/kobuki/build/ecl_mpl' returned '0': /usr/bin/cmake --install /home/lfvmu/kobuki/build/ecl_mpl
