[0.479s] Invoking command in '/home/lfvmu/kobuki/build/ecl_math': AMENT_PREFIX_PATH=/home/lfvmu/kobuki/install CMAKE_PREFIX_PATH=/home/lfvmu/kobuki/install LD_LIBRARY_PATH=/home/lfvmu/kobuki/install/lib PATH=/home/lfvmu/kobuki/install/bin:${PATH} PYTHONPATH=/home/lfvmu/kobuki/install/lib/python3.8/site-packages /usr/bin/cmake /home/lfvmu/kobuki/src/ecl_core/ecl_math -DBUILD_TESTING=OFF -DCMAKE_BUILD_TYPE=RelWithDebInfo -DCMAKE_INSTALL_PREFIX=/home/lfvmu/kobuki/install
[0.541s] -- Found ament_cmake_ros: 0.9.2 (/home/lfvmu/kobuki/install/share/ament_cmake_ros/cmake)
[0.574s] -- Using PYTHON_EXECUTABLE: /usr/bin/python3
[0.939s] -- Found ecl_build: 1.0.3 (/home/lfvmu/kobuki/install/share/ecl_build/cmake)
[0.964s] -- Found ecl_type_traits: 1.2.1 (/home/lfvmu/kobuki/install/share/ecl_type_traits/cmake)
[1.153s] -- Configuring done
[1.175s] -- Generating done
[1.182s] -- Build files have been written to: /home/lfvmu/kobuki/build/ecl_math
[1.194s] Invoked command in '/home/lfvmu/kobuki/build/ecl_math' returned '0': AMENT_PREFIX_PATH=/home/lfvmu/kobuki/install CMAKE_PREFIX_PATH=/home/lfvmu/kobuki/install LD_LIBRARY_PATH=/home/lfvmu/kobuki/install/lib PATH=/home/lfvmu/kobuki/install/bin:${PATH} PYTHONPATH=/home/lfvmu/kobuki/install/lib/python3.8/site-packages /usr/bin/cmake /home/lfvmu/kobuki/src/ecl_core/ecl_math -DBUILD_TESTING=OFF -DCMAKE_BUILD_TYPE=RelWithDebInfo -DCMAKE_INSTALL_PREFIX=/home/lfvmu/kobuki/install
[1.203s] Invoking command in '/home/lfvmu/kobuki/build/ecl_math': AMENT_PREFIX_PATH=/home/lfvmu/kobuki/install CMAKE_PREFIX_PATH=/home/lfvmu/kobuki/install LD_LIBRARY_PATH=/home/lfvmu/kobuki/install/lib PATH=/home/lfvmu/kobuki/install/bin:${PATH} PYTHONPATH=/home/lfvmu/kobuki/install/lib/python3.8/site-packages /usr/bin/cmake --build /home/lfvmu/kobuki/build/ecl_math -- -j4 -l4
[1.312s] Invoked command in '/home/lfvmu/kobuki/build/ecl_math' returned '0': AMENT_PREFIX_PATH=/home/lfvmu/kobuki/install CMAKE_PREFIX_PATH=/home/lfvmu/kobuki/install LD_LIBRARY_PATH=/home/lfvmu/kobuki/install/lib PATH=/home/lfvmu/kobuki/install/bin:${PATH} PYTHONPATH=/home/lfvmu/kobuki/install/lib/python3.8/site-packages /usr/bin/cmake --build /home/lfvmu/kobuki/build/ecl_math -- -j4 -l4
[1.538s] Invoking command in '/home/lfvmu/kobuki/build/ecl_math': AMENT_PREFIX_PATH=/home/lfvmu/kobuki/install CMAKE_PREFIX_PATH=/home/lfvmu/kobuki/install LD_LIBRARY_PATH=/home/lfvmu/kobuki/install/lib PATH=/home/lfvmu/kobuki/install/bin:${PATH} PYTHONPATH=/home/lfvmu/kobuki/install/lib/python3.8/site-packages /usr/bin/cmake --install /home/lfvmu/kobuki/build/ecl_math
[1.560s] -- Install configuration: "RelWithDebInfo"
[1.560s] -- Up-to-date: /home/lfvmu/kobuki/install/share/ament_index/resource_index/package_run_dependencies/ecl_math
[1.560s] -- Up-to-date: /home/lfvmu/kobuki/install/share/ament_index/resource_index/parent_prefix_path/ecl_math
[1.561s] -- Up-to-date: /home/lfvmu/kobuki/install/share/ecl_math/environment/ament_prefix_path.sh
[1.561s] -- Installing: /home/lfvmu/kobuki/install/share/ecl_math/environment/ament_prefix_path.dsv
[1.562s] -- Up-to-date: /home/lfvmu/kobuki/install/share/ecl_math/environment/path.sh
[1.562s] -- Installing: /home/lfvmu/kobuki/install/share/ecl_math/environment/path.dsv
[1.562s] -- Up-to-date: /home/lfvmu/kobuki/install/share/ecl_math/local_setup.bash
[1.563s] -- Up-to-date: /home/lfvmu/kobuki/install/share/ecl_math/local_setup.sh
[1.563s] -- Up-to-date: /home/lfvmu/kobuki/install/share/ecl_math/local_setup.zsh
[1.564s] -- Installing: /home/lfvmu/kobuki/install/share/ecl_math/local_setup.dsv
[1.564s] -- Installing: /home/lfvmu/kobuki/install/share/ecl_math/package.dsv
[1.565s] -- Up-to-date: /home/lfvmu/kobuki/install/share/ament_index/resource_index/packages/ecl_math
[1.565s] -- Up-to-date: /home/lfvmu/kobuki/install/share/ecl_math/cmake/ecl_mathExport.cmake
[1.566s] -- Up-to-date: /home/lfvmu/kobuki/install/share/ecl_math/cmake/ament_cmake_export_targets-extras.cmake
[1.566s] -- Up-to-date: /home/lfvmu/kobuki/install/share/ecl_math/cmake/ament_cmake_export_include_directories-extras.cmake
[1.566s] -- Up-to-date: /home/lfvmu/kobuki/install/share/ecl_math/cmake/ament_cmake_export_dependencies-extras.cmake
[1.567s] -- Up-to-date: /home/lfvmu/kobuki/install/share/ecl_math/cmake/ecl_mathConfig.cmake
[1.568s] -- Up-to-date: /home/lfvmu/kobuki/install/share/ecl_math/cmake/ecl_mathConfig-version.cmake
[1.568s] -- Up-to-date: /home/lfvmu/kobuki/install/share/ecl_math/package.xml
[1.569s] -- Up-to-date: /home/lfvmu/kobuki/install/include/ecl/math.hpp
[1.569s] -- Up-to-date: /home/lfvmu/kobuki/install/include/ecl/math/constants.hpp
[1.569s] -- Up-to-date: /home/lfvmu/kobuki/install/include/ecl/math/fuzzy.hpp
[1.570s] -- Up-to-date: /home/lfvmu/kobuki/install/include/ecl/math/norms.hpp
[1.570s] -- Up-to-date: /home/lfvmu/kobuki/install/include/ecl/math/simple.hpp
[1.825s] Invoked command in '/home/lfvmu/kobuki/build/ecl_math' returned '0': AMENT_PREFIX_PATH=/home/lfvmu/kobuki/install CMAKE_PREFIX_PATH=/home/lfvmu/kobuki/install LD_LIBRARY_PATH=/home/lfvmu/kobuki/install/lib PATH=/home/lfvmu/kobuki/install/bin:${PATH} PYTHONPATH=/home/lfvmu/kobuki/install/lib/python3.8/site-packages /usr/bin/cmake --install /home/lfvmu/kobuki/build/ecl_math
