[0.417s] Invoking command in '/home/lfvmu/kobuki/build/ament_lint_common': AMENT_PREFIX_PATH=/home/lfvmu/kobuki/install CMAKE_PREFIX_PATH=/home/lfvmu/kobuki/install LD_LIBRARY_PATH=/home/lfvmu/kobuki/install/lib PATH=/home/lfvmu/kobuki/install/bin:${PATH} PYTHONPATH=/home/lfvmu/kobuki/install/lib/python3.8/site-packages /usr/bin/cmake /home/lfvmu/kobuki/src/ament_lint/ament_lint_common -DBUILD_TESTING=OFF -DCMAKE_INSTALL_PREFIX=/home/lfvmu/kobuki/install
[0.461s] Re-run cmake no build system arguments
[0.466s] -- Found ament_cmake_core: 0.9.11 (/home/lfvmu/kobuki/install/share/ament_cmake_core/cmake)
[0.500s] -- Using PYTHON_EXECUTABLE: /usr/bin/python3
[0.847s] -- Found ament_cmake_export_dependencies: 0.9.11 (/home/lfvmu/kobuki/install/share/ament_cmake_export_dependencies/cmake)
[0.997s] -- Configuring done
[1.007s] -- Generating done
[1.007s] -- Build files have been written to: /home/lfvmu/kobuki/build/ament_lint_common
[1.251s] Invoked command in '/home/lfvmu/kobuki/build/ament_lint_common' returned '0': AMENT_PREFIX_PATH=/home/lfvmu/kobuki/install CMAKE_PREFIX_PATH=/home/lfvmu/kobuki/install LD_LIBRARY_PATH=/home/lfvmu/kobuki/install/lib PATH=/home/lfvmu/kobuki/install/bin:${PATH} PYTHONPATH=/home/lfvmu/kobuki/install/lib/python3.8/site-packages /usr/bin/cmake /home/lfvmu/kobuki/src/ament_lint/ament_lint_common -DBUILD_TESTING=OFF -DCMAKE_INSTALL_PREFIX=/home/lfvmu/kobuki/install
[1.252s] Invoking command in '/home/lfvmu/kobuki/build/ament_lint_common': AMENT_PREFIX_PATH=/home/lfvmu/kobuki/install CMAKE_PREFIX_PATH=/home/lfvmu/kobuki/install LD_LIBRARY_PATH=/home/lfvmu/kobuki/install/lib PATH=/home/lfvmu/kobuki/install/bin:${PATH} PYTHONPATH=/home/lfvmu/kobuki/install/lib/python3.8/site-packages /usr/bin/cmake --build /home/lfvmu/kobuki/build/ament_lint_common -- -j4 -l4
[1.332s] /usr/bin/cmake -S/home/lfvmu/kobuki/src/ament_lint/ament_lint_common -B/home/lfvmu/kobuki/build/ament_lint_common --check-build-system CMakeFiles/Makefile.cmake 0
[1.352s] /usr/bin/cmake -E cmake_progress_start /home/lfvmu/kobuki/build/ament_lint_common/CMakeFiles /home/lfvmu/kobuki/build/ament_lint_common/CMakeFiles/progress.marks
[1.371s] /usr/bin/make -f CMakeFiles/Makefile2 all
[1.377s] make[1]: Entering directory '/home/lfvmu/kobuki/build/ament_lint_common'
[1.378s] make[1]: Nothing to be done for 'all'.
[1.378s] make[1]: Leaving directory '/home/lfvmu/kobuki/build/ament_lint_common'
[1.378s] /usr/bin/cmake -E cmake_progress_start /home/lfvmu/kobuki/build/ament_lint_common/CMakeFiles 0
[1.423s] Invoked command in '/home/lfvmu/kobuki/build/ament_lint_common' returned '0': AMENT_PREFIX_PATH=/home/lfvmu/kobuki/install CMAKE_PREFIX_PATH=/home/lfvmu/kobuki/install LD_LIBRARY_PATH=/home/lfvmu/kobuki/install/lib PATH=/home/lfvmu/kobuki/install/bin:${PATH} PYTHONPATH=/home/lfvmu/kobuki/install/lib/python3.8/site-packages /usr/bin/cmake --build /home/lfvmu/kobuki/build/ament_lint_common -- -j4 -l4
[1.518s] Invoking command in '/home/lfvmu/kobuki/build/ament_lint_common': AMENT_PREFIX_PATH=/home/lfvmu/kobuki/install CMAKE_PREFIX_PATH=/home/lfvmu/kobuki/install LD_LIBRARY_PATH=/home/lfvmu/kobuki/install/lib PATH=/home/lfvmu/kobuki/install/bin:${PATH} PYTHONPATH=/home/lfvmu/kobuki/install/lib/python3.8/site-packages /usr/bin/cmake --install /home/lfvmu/kobuki/build/ament_lint_common
[1.544s] -- Install configuration: ""
[1.545s] -- Up-to-date: /home/lfvmu/kobuki/install/share/ament_index/resource_index/package_run_dependencies/ament_lint_common
[1.545s] -- Up-to-date: /home/lfvmu/kobuki/install/share/ament_index/resource_index/parent_prefix_path/ament_lint_common
[1.547s] -- Up-to-date: /home/lfvmu/kobuki/install/share/ament_lint_common/environment/ament_prefix_path.sh
[1.547s] -- Installing: /home/lfvmu/kobuki/install/share/ament_lint_common/environment/ament_prefix_path.dsv
[1.548s] -- Up-to-date: /home/lfvmu/kobuki/install/share/ament_lint_common/environment/path.sh
[1.548s] -- Installing: /home/lfvmu/kobuki/install/share/ament_lint_common/environment/path.dsv
[1.551s] -- Up-to-date: /home/lfvmu/kobuki/install/share/ament_lint_common/local_setup.bash
[1.551s] -- Up-to-date: /home/lfvmu/kobuki/install/share/ament_lint_common/local_setup.sh
[1.560s] -- Up-to-date: /home/lfvmu/kobuki/install/share/ament_lint_common/local_setup.zsh
[1.560s] -- Installing: /home/lfvmu/kobuki/install/share/ament_lint_common/local_setup.dsv
[1.561s] -- Installing: /home/lfvmu/kobuki/install/share/ament_lint_common/package.dsv
[1.561s] -- Up-to-date: /home/lfvmu/kobuki/install/share/ament_index/resource_index/packages/ament_lint_common
[1.562s] -- Up-to-date: /home/lfvmu/kobuki/install/share/ament_lint_common/cmake/ament_cmake_export_dependencies-extras.cmake
[1.562s] -- Up-to-date: /home/lfvmu/kobuki/install/share/ament_lint_common/cmake/ament_lint_commonConfig.cmake
[1.574s] -- Up-to-date: /home/lfvmu/kobuki/install/share/ament_lint_common/cmake/ament_lint_commonConfig-version.cmake
[1.586s] -- Up-to-date: /home/lfvmu/kobuki/install/share/ament_lint_common/package.xml
[1.745s] Invoked command in '/home/lfvmu/kobuki/build/ament_lint_common' returned '0': AMENT_PREFIX_PATH=/home/lfvmu/kobuki/install CMAKE_PREFIX_PATH=/home/lfvmu/kobuki/install LD_LIBRARY_PATH=/home/lfvmu/kobuki/install/lib PATH=/home/lfvmu/kobuki/install/bin:${PATH} PYTHONPATH=/home/lfvmu/kobuki/install/lib/python3.8/site-packages /usr/bin/cmake --install /home/lfvmu/kobuki/build/ament_lint_common
