[0.465s] Invoking command in '/home/lfvmu/kobuki/build/ament_cmake_flake8': AMENT_PREFIX_PATH=/home/lfvmu/kobuki/install CMAKE_PREFIX_PATH=/home/lfvmu/kobuki/install LD_LIBRARY_PATH=/home/lfvmu/kobuki/install/lib PATH=/home/lfvmu/kobuki/install/bin:${PATH} PYTHONPATH=/home/lfvmu/kobuki/install/lib/python3.8/site-packages /usr/bin/cmake /home/lfvmu/kobuki/src/ament_lint/ament_cmake_flake8 -DBUILD_TESTING=OFF -DCMAKE_BUILD_TYPE=RelWithDebInfo -DCMAKE_INSTALL_PREFIX=/home/lfvmu/kobuki/install
[0.497s] -- Found ament_cmake_core: 0.9.11 (/home/lfvmu/kobuki/install/share/ament_cmake_core/cmake)
[0.534s] -- Using PYTHON_EXECUTABLE: /usr/bin/python3
[0.869s] -- Found ament_cmake_test: 0.9.11 (/home/lfvmu/kobuki/install/share/ament_cmake_test/cmake)
[1.022s] -- Configuring done
[1.022s] -- Generating done
[1.023s] -- Build files have been written to: /home/lfvmu/kobuki/build/ament_cmake_flake8
[1.117s] Invoked command in '/home/lfvmu/kobuki/build/ament_cmake_flake8' returned '0': AMENT_PREFIX_PATH=/home/lfvmu/kobuki/install CMAKE_PREFIX_PATH=/home/lfvmu/kobuki/install LD_LIBRARY_PATH=/home/lfvmu/kobuki/install/lib PATH=/home/lfvmu/kobuki/install/bin:${PATH} PYTHONPATH=/home/lfvmu/kobuki/install/lib/python3.8/site-packages /usr/bin/cmake /home/lfvmu/kobuki/src/ament_lint/ament_cmake_flake8 -DBUILD_TESTING=OFF -DCMAKE_BUILD_TYPE=RelWithDebInfo -DCMAKE_INSTALL_PREFIX=/home/lfvmu/kobuki/install
[1.118s] Invoking command in '/home/lfvmu/kobuki/build/ament_cmake_flake8': AMENT_PREFIX_PATH=/home/lfvmu/kobuki/install CMAKE_PREFIX_PATH=/home/lfvmu/kobuki/install LD_LIBRARY_PATH=/home/lfvmu/kobuki/install/lib PATH=/home/lfvmu/kobuki/install/bin:${PATH} PYTHONPATH=/home/lfvmu/kobuki/install/lib/python3.8/site-packages /usr/bin/cmake --build /home/lfvmu/kobuki/build/ament_cmake_flake8 -- -j4 -l4
[1.242s] Invoked command in '/home/lfvmu/kobuki/build/ament_cmake_flake8' returned '0': AMENT_PREFIX_PATH=/home/lfvmu/kobuki/install CMAKE_PREFIX_PATH=/home/lfvmu/kobuki/install LD_LIBRARY_PATH=/home/lfvmu/kobuki/install/lib PATH=/home/lfvmu/kobuki/install/bin:${PATH} PYTHONPATH=/home/lfvmu/kobuki/install/lib/python3.8/site-packages /usr/bin/cmake --build /home/lfvmu/kobuki/build/ament_cmake_flake8 -- -j4 -l4
[1.318s] Invoking command in '/home/lfvmu/kobuki/build/ament_cmake_flake8': AMENT_PREFIX_PATH=/home/lfvmu/kobuki/install CMAKE_PREFIX_PATH=/home/lfvmu/kobuki/install LD_LIBRARY_PATH=/home/lfvmu/kobuki/install/lib PATH=/home/lfvmu/kobuki/install/bin:${PATH} PYTHONPATH=/home/lfvmu/kobuki/install/lib/python3.8/site-packages /usr/bin/cmake --install /home/lfvmu/kobuki/build/ament_cmake_flake8
[1.352s] -- Install configuration: "RelWithDebInfo"
[1.352s] -- Up-to-date: /home/lfvmu/kobuki/install/share/ament_index/resource_index/package_run_dependencies/ament_cmake_flake8
[1.352s] -- Up-to-date: /home/lfvmu/kobuki/install/share/ament_index/resource_index/parent_prefix_path/ament_cmake_flake8
[1.352s] -- Up-to-date: /home/lfvmu/kobuki/install/share/ament_cmake_flake8/environment/ament_prefix_path.sh
[1.353s] -- Installing: /home/lfvmu/kobuki/install/share/ament_cmake_flake8/environment/ament_prefix_path.dsv
[1.353s] -- Up-to-date: /home/lfvmu/kobuki/install/share/ament_cmake_flake8/environment/path.sh
[1.353s] -- Installing: /home/lfvmu/kobuki/install/share/ament_cmake_flake8/environment/path.dsv
[1.353s] -- Up-to-date: /home/lfvmu/kobuki/install/share/ament_cmake_flake8/local_setup.bash
[1.353s] -- Up-to-date: /home/lfvmu/kobuki/install/share/ament_cmake_flake8/local_setup.sh
[1.354s] -- Up-to-date: /home/lfvmu/kobuki/install/share/ament_cmake_flake8/local_setup.zsh
[1.354s] -- Installing: /home/lfvmu/kobuki/install/share/ament_cmake_flake8/local_setup.dsv
[1.354s] -- Installing: /home/lfvmu/kobuki/install/share/ament_cmake_flake8/package.dsv
[1.354s] -- Up-to-date: /home/lfvmu/kobuki/install/share/ament_index/resource_index/packages/ament_cmake_flake8
[1.354s] -- Up-to-date: /home/lfvmu/kobuki/install/share/ament_cmake_flake8/cmake/ament_cmake_flake8-extras.cmake
[1.355s] -- Up-to-date: /home/lfvmu/kobuki/install/share/ament_cmake_flake8/cmake/ament_cmake_flake8Config.cmake
[1.355s] -- Up-to-date: /home/lfvmu/kobuki/install/share/ament_cmake_flake8/cmake/ament_cmake_flake8Config-version.cmake
[1.355s] -- Up-to-date: /home/lfvmu/kobuki/install/share/ament_cmake_flake8/package.xml
[1.355s] -- Up-to-date: /home/lfvmu/kobuki/install/share/ament_cmake_flake8/cmake
[1.355s] -- Up-to-date: /home/lfvmu/kobuki/install/share/ament_cmake_flake8/cmake/ament_cmake_flake8_lint_hook.cmake
[1.355s] -- Up-to-date: /home/lfvmu/kobuki/install/share/ament_cmake_flake8/cmake/ament_flake8.cmake
[1.509s] Invoked command in '/home/lfvmu/kobuki/build/ament_cmake_flake8' returned '0': AMENT_PREFIX_PATH=/home/lfvmu/kobuki/install CMAKE_PREFIX_PATH=/home/lfvmu/kobuki/install LD_LIBRARY_PATH=/home/lfvmu/kobuki/install/lib PATH=/home/lfvmu/kobuki/install/bin:${PATH} PYTHONPATH=/home/lfvmu/kobuki/install/lib/python3.8/site-packages /usr/bin/cmake --install /home/lfvmu/kobuki/build/ament_cmake_flake8
