[0.307s] Invoking command in '/home/lfvmu/kobuki/build/ecl_concepts': /usr/bin/cmake /home/lfvmu/kobuki/src/ecl_core/ecl_concepts -DBUILD_TESTING=OFF -DCMAKE_BUILD_TYPE=RelWithDebInfo -DCMAKE_INSTALL_PREFIX=/home/lfvmu/kobuki/install
[0.364s] -- Found ament_cmake_ros: 0.9.2 (/home/lfvmu/kobuki/install/share/ament_cmake_ros/cmake)
[0.393s] -- Using PYTHON_EXECUTABLE: /usr/bin/python3
[0.719s] -- Found ecl_build: 1.0.3 (/home/lfvmu/kobuki/install/share/ecl_build/cmake)
[0.739s] -- Found ecl_config: 1.1.0 (/home/lfvmu/kobuki/install/share/ecl_config/cmake)
[0.757s] -- Found ecl_type_traits: 1.2.1 (/home/lfvmu/kobuki/install/share/ecl_type_traits/cmake)
[0.923s] -- Configuring done
[0.928s] -- Generating done
[0.942s] -- Build files have been written to: /home/lfvmu/kobuki/build/ecl_concepts
[1.052s] Invoked command in '/home/lfvmu/kobuki/build/ecl_concepts' returned '0': /usr/bin/cmake /home/lfvmu/kobuki/src/ecl_core/ecl_concepts -DBUILD_TESTING=OFF -DCMAKE_BUILD_TYPE=RelWithDebInfo -DCMAKE_INSTALL_PREFIX=/home/lfvmu/kobuki/install
[1.054s] Invoking command in '/home/lfvmu/kobuki/build/ecl_concepts': /usr/bin/cmake --build /home/lfvmu/kobuki/build/ecl_concepts -- -j4 -l4
[1.332s] Invoked command in '/home/lfvmu/kobuki/build/ecl_concepts' returned '0': /usr/bin/cmake --build /home/lfvmu/kobuki/build/ecl_concepts -- -j4 -l4
[1.617s] Invoking command in '/home/lfvmu/kobuki/build/ecl_concepts': /usr/bin/cmake --install /home/lfvmu/kobuki/build/ecl_concepts
[1.642s] -- Install configuration: "RelWithDebInfo"
[1.643s] -- Up-to-date: /home/lfvmu/kobuki/install/share/ament_index/resource_index/package_run_dependencies/ecl_concepts
[1.643s] -- Up-to-date: /home/lfvmu/kobuki/install/share/ament_index/resource_index/parent_prefix_path/ecl_concepts
[1.643s] -- Up-to-date: /home/lfvmu/kobuki/install/share/ecl_concepts/environment/ament_prefix_path.sh
[1.643s] -- Installing: /home/lfvmu/kobuki/install/share/ecl_concepts/environment/ament_prefix_path.dsv
[1.644s] -- Up-to-date: /home/lfvmu/kobuki/install/share/ecl_concepts/environment/path.sh
[1.644s] -- Installing: /home/lfvmu/kobuki/install/share/ecl_concepts/environment/path.dsv
[1.644s] -- Up-to-date: /home/lfvmu/kobuki/install/share/ecl_concepts/local_setup.bash
[1.644s] -- Up-to-date: /home/lfvmu/kobuki/install/share/ecl_concepts/local_setup.sh
[1.645s] -- Up-to-date: /home/lfvmu/kobuki/install/share/ecl_concepts/local_setup.zsh
[1.645s] -- Installing: /home/lfvmu/kobuki/install/share/ecl_concepts/local_setup.dsv
[1.645s] -- Installing: /home/lfvmu/kobuki/install/share/ecl_concepts/package.dsv
[1.645s] -- Up-to-date: /home/lfvmu/kobuki/install/share/ament_index/resource_index/packages/ecl_concepts
[1.645s] -- Up-to-date: /home/lfvmu/kobuki/install/share/ecl_concepts/cmake/ecl_conceptsExport.cmake
[1.646s] -- Up-to-date: /home/lfvmu/kobuki/install/share/ecl_concepts/cmake/ament_cmake_export_targets-extras.cmake
[1.646s] -- Up-to-date: /home/lfvmu/kobuki/install/share/ecl_concepts/cmake/ament_cmake_export_include_directories-extras.cmake
[1.646s] -- Up-to-date: /home/lfvmu/kobuki/install/share/ecl_concepts/cmake/ament_cmake_export_dependencies-extras.cmake
[1.646s] -- Up-to-date: /home/lfvmu/kobuki/install/share/ecl_concepts/cmake/ecl_conceptsConfig.cmake
[1.647s] -- Up-to-date: /home/lfvmu/kobuki/install/share/ecl_concepts/cmake/ecl_conceptsConfig-version.cmake
[1.647s] -- Up-to-date: /home/lfvmu/kobuki/install/share/ecl_concepts/package.xml
[1.647s] -- Up-to-date: /home/lfvmu/kobuki/install/include/ecl/concepts.hpp
[1.647s] -- Up-to-date: /home/lfvmu/kobuki/install/include/ecl/concepts/blueprints.hpp
[1.648s] -- Up-to-date: /home/lfvmu/kobuki/install/include/ecl/concepts/containers.hpp
[1.648s] -- Up-to-date: /home/lfvmu/kobuki/install/include/ecl/concepts/devices.hpp
[1.648s] -- Up-to-date: /home/lfvmu/kobuki/install/include/ecl/concepts/macros.hpp
[1.648s] -- Up-to-date: /home/lfvmu/kobuki/install/include/ecl/concepts/nullary_function.hpp
[1.649s] -- Up-to-date: /home/lfvmu/kobuki/install/include/ecl/concepts/streams.hpp
[1.657s] Invoked command in '/home/lfvmu/kobuki/build/ecl_concepts' returned '0': /usr/bin/cmake --install /home/lfvmu/kobuki/build/ecl_concepts
