[0.468s] Invoking command in '/home/lfvmu/kobuki/build/ecl_manipulators': /usr/bin/cmake /home/lfvmu/kobuki/src/ecl_core/ecl_manipulators -DBUILD_TESTING=OFF -DCMAKE_INSTALL_PREFIX=/home/lfvmu/kobuki/install
[0.486s] Re-run cmake no build system arguments
[0.508s] -- Found ament_cmake_ros: 0.9.2 (/home/lfvmu/kobuki/install/share/ament_cmake_ros/cmake)
[0.553s] -- Using PYTHON_EXECUTABLE: /usr/bin/python3
[0.919s] -- Found ecl_build: 1.0.3 (/home/lfvmu/kobuki/install/share/ecl_build/cmake)
[0.941s] -- Found ecl_exceptions: 1.2.1 (/home/lfvmu/kobuki/install/share/ecl_exceptions/cmake)
[0.974s] -- Found ecl_formatters: 1.2.1 (/home/lfvmu/kobuki/install/share/ecl_formatters/cmake)
[1.052s] -- Found ecl_geometry: 1.2.1 (/home/lfvmu/kobuki/install/share/ecl_geometry/cmake)
[1.358s] -- Configuring done
[1.389s] -- Generating done
[1.396s] -- Build files have been written to: /home/lfvmu/kobuki/build/ecl_manipulators
[1.417s] Invoked command in '/home/lfvmu/kobuki/build/ecl_manipulators' returned '0': /usr/bin/cmake /home/lfvmu/kobuki/src/ecl_core/ecl_manipulators -DBUILD_TESTING=OFF -DCMAKE_INSTALL_PREFIX=/home/lfvmu/kobuki/install
[1.426s] Invoking command in '/home/lfvmu/kobuki/build/ecl_manipulators': /usr/bin/cmake --build /home/lfvmu/kobuki/build/ecl_manipulators -- -j4 -l4
[1.478s] /usr/bin/cmake -S/home/lfvmu/kobuki/src/ecl_core/ecl_manipulators -B/home/lfvmu/kobuki/build/ecl_manipulators --check-build-system CMakeFiles/Makefile.cmake 0
[1.504s] /usr/bin/cmake -E cmake_progress_start /home/lfvmu/kobuki/build/ecl_manipulators/CMakeFiles /home/lfvmu/kobuki/build/ecl_manipulators/CMakeFiles/progress.marks
[1.539s] /usr/bin/make -f CMakeFiles/Makefile2 all
[1.541s] make[1]: Entering directory '/home/lfvmu/kobuki/build/ecl_manipulators'
[1.542s] /usr/bin/make -f src/lib/CMakeFiles/ecl_manipulators.dir/build.make src/lib/CMakeFiles/ecl_manipulators.dir/depend
[1.544s] make[2]: Entering directory '/home/lfvmu/kobuki/build/ecl_manipulators'
[1.544s] cd /home/lfvmu/kobuki/build/ecl_manipulators && /usr/bin/cmake -E cmake_depends "Unix Makefiles" /home/lfvmu/kobuki/src/ecl_core/ecl_manipulators /home/lfvmu/kobuki/src/ecl_core/ecl_manipulators/src/lib /home/lfvmu/kobuki/build/ecl_manipulators /home/lfvmu/kobuki/build/ecl_manipulators/src/lib /home/lfvmu/kobuki/build/ecl_manipulators/src/lib/CMakeFiles/ecl_manipulators.dir/DependInfo.cmake --color=
[1.585s] make[2]: Leaving directory '/home/lfvmu/kobuki/build/ecl_manipulators'
[1.586s] /usr/bin/make -f src/lib/CMakeFiles/ecl_manipulators.dir/build.make src/lib/CMakeFiles/ecl_manipulators.dir/build
[1.607s] make[2]: Entering directory '/home/lfvmu/kobuki/build/ecl_manipulators'
[1.608s] make[2]: Nothing to be done for 'src/lib/CMakeFiles/ecl_manipulators.dir/build'.
[1.609s] make[2]: Leaving directory '/home/lfvmu/kobuki/build/ecl_manipulators'
[1.609s] [100%] Built target ecl_manipulators
[1.610s] make[1]: Leaving directory '/home/lfvmu/kobuki/build/ecl_manipulators'
[1.611s] /usr/bin/cmake -E cmake_progress_start /home/lfvmu/kobuki/build/ecl_manipulators/CMakeFiles 0
[1.667s] Invoked command in '/home/lfvmu/kobuki/build/ecl_manipulators' returned '0': /usr/bin/cmake --build /home/lfvmu/kobuki/build/ecl_manipulators -- -j4 -l4
[1.954s] Invoking command in '/home/lfvmu/kobuki/build/ecl_manipulators': /usr/bin/cmake --install /home/lfvmu/kobuki/build/ecl_manipulators
[1.979s] -- Install configuration: "RelWithDebInfo"
[1.980s] -- Up-to-date: /home/lfvmu/kobuki/install/share/ecl_manipulators/scripts
[1.980s] -- Up-to-date: /home/lfvmu/kobuki/install/share/ecl_manipulators/scripts/linear.x11
[1.980s] -- Up-to-date: /home/lfvmu/kobuki/install/share/ecl_manipulators/scripts/tension.x11
[1.981s] -- Up-to-date: /home/lfvmu/kobuki/install/share/ecl_manipulators/scripts/Makefile
[1.981s] -- Up-to-date: /home/lfvmu/kobuki/install/share/ecl_manipulators/environment/library_path.sh
[1.981s] -- Installing: /home/lfvmu/kobuki/install/share/ecl_manipulators/environment/library_path.dsv
[1.982s] -- Up-to-date: /home/lfvmu/kobuki/install/share/ament_index/resource_index/package_run_dependencies/ecl_manipulators
[1.982s] -- Up-to-date: /home/lfvmu/kobuki/install/share/ament_index/resource_index/parent_prefix_path/ecl_manipulators
[1.982s] -- Up-to-date: /home/lfvmu/kobuki/install/share/ecl_manipulators/environment/ament_prefix_path.sh
[1.983s] -- Installing: /home/lfvmu/kobuki/install/share/ecl_manipulators/environment/ament_prefix_path.dsv
[1.983s] -- Up-to-date: /home/lfvmu/kobuki/install/share/ecl_manipulators/environment/path.sh
[1.987s] -- Installing: /home/lfvmu/kobuki/install/share/ecl_manipulators/environment/path.dsv
[1.987s] -- Up-to-date: /home/lfvmu/kobuki/install/share/ecl_manipulators/local_setup.bash
[1.988s] -- Up-to-date: /home/lfvmu/kobuki/install/share/ecl_manipulators/local_setup.sh
[1.988s] -- Up-to-date: /home/lfvmu/kobuki/install/share/ecl_manipulators/local_setup.zsh
[1.988s] -- Installing: /home/lfvmu/kobuki/install/share/ecl_manipulators/local_setup.dsv
[1.989s] -- Installing: /home/lfvmu/kobuki/install/share/ecl_manipulators/package.dsv
[1.989s] -- Up-to-date: /home/lfvmu/kobuki/install/share/ament_index/resource_index/packages/ecl_manipulators
[1.989s] -- Up-to-date: /home/lfvmu/kobuki/install/share/ecl_manipulators/cmake/ecl_manipulatorsExport.cmake
[1.990s] -- Installing: /home/lfvmu/kobuki/install/share/ecl_manipulators/cmake/ecl_manipulatorsExport-relwithdebinfo.cmake
[1.991s] -- Up-to-date: /home/lfvmu/kobuki/install/share/ecl_manipulators/cmake/ament_cmake_export_targets-extras.cmake
[1.992s] -- Up-to-date: /home/lfvmu/kobuki/install/share/ecl_manipulators/cmake/ament_cmake_export_include_directories-extras.cmake
[1.992s] -- Up-to-date: /home/lfvmu/kobuki/install/share/ecl_manipulators/cmake/ament_cmake_export_libraries-extras.cmake
[1.992s] -- Up-to-date: /home/lfvmu/kobuki/install/share/ecl_manipulators/cmake/ament_cmake_export_dependencies-extras.cmake
[1.993s] -- Up-to-date: /home/lfvmu/kobuki/install/share/ecl_manipulators/cmake/ecl_manipulatorsConfig.cmake
[1.993s] -- Up-to-date: /home/lfvmu/kobuki/install/share/ecl_manipulators/cmake/ecl_manipulatorsConfig-version.cmake
[1.995s] -- Up-to-date: /home/lfvmu/kobuki/install/share/ecl_manipulators/package.xml
[1.995s] -- Up-to-date: /home/lfvmu/kobuki/install/include/ecl/manipulators.hpp
[1.997s] -- Up-to-date: /home/lfvmu/kobuki/install/include/ecl/manipulators/trajectory.hpp
[1.998s] -- Up-to-date: /home/lfvmu/kobuki/install/include/ecl/manipulators/types.hpp
[1.998s] -- Up-to-date: /home/lfvmu/kobuki/install/include/ecl/manipulators/waypoint.hpp
[2.033s] -- Up-to-date: /home/lfvmu/kobuki/install/lib/libecl_manipulators.so.1.2.1
[2.034s] -- Up-to-date: /home/lfvmu/kobuki/install/lib/libecl_manipulators.so
[2.036s] Invoked command in '/home/lfvmu/kobuki/build/ecl_manipulators' returned '0': /usr/bin/cmake --install /home/lfvmu/kobuki/build/ecl_manipulators
