[0.338s] Invoking command in '/home/lfvmu/kobuki/build/ament_cmake_clang_format': /usr/bin/cmake /home/lfvmu/kobuki/src/ament_lint/ament_cmake_clang_format -DBUILD_TESTING=OFF -DCMAKE_INSTALL_PREFIX=/home/lfvmu/kobuki/install
[0.363s] Re-run cmake no build system arguments
[0.367s] -- Found ament_cmake_core: 0.9.11 (/home/lfvmu/kobuki/install/share/ament_cmake_core/cmake)
[0.419s] -- Using PYTHON_EXECUTABLE: /usr/bin/python3
[0.759s] -- Found ament_cmake_test: 0.9.11 (/home/lfvmu/kobuki/install/share/ament_cmake_test/cmake)
[0.865s] -- Configuring done
[0.880s] -- Generating done
[0.886s] -- Build files have been written to: /home/lfvmu/kobuki/build/ament_cmake_clang_format
[1.104s] Invoked command in '/home/lfvmu/kobuki/build/ament_cmake_clang_format' returned '0': /usr/bin/cmake /home/lfvmu/kobuki/src/ament_lint/ament_cmake_clang_format -DBUILD_TESTING=OFF -DCMAKE_INSTALL_PREFIX=/home/lfvmu/kobuki/install
[1.106s] Invoking command in '/home/lfvmu/kobuki/build/ament_cmake_clang_format': /usr/bin/cmake --build /home/lfvmu/kobuki/build/ament_cmake_clang_format -- -j4 -l4
[1.342s] /usr/bin/cmake -S/home/lfvmu/kobuki/src/ament_lint/ament_cmake_clang_format -B/home/lfvmu/kobuki/build/ament_cmake_clang_format --check-build-system CMakeFiles/Makefile.cmake 0
[1.342s] /usr/bin/cmake -E cmake_progress_start /home/lfvmu/kobuki/build/ament_cmake_clang_format/CMakeFiles /home/lfvmu/kobuki/build/ament_cmake_clang_format/CMakeFiles/progress.marks
[1.343s] /usr/bin/make -f CMakeFiles/Makefile2 all
[1.343s] make[1]: Entering directory '/home/lfvmu/kobuki/build/ament_cmake_clang_format'
[1.343s] make[1]: Nothing to be done for 'all'.
[1.343s] make[1]: Leaving directory '/home/lfvmu/kobuki/build/ament_cmake_clang_format'
[1.344s] /usr/bin/cmake -E cmake_progress_start /home/lfvmu/kobuki/build/ament_cmake_clang_format/CMakeFiles 0
[1.365s] Invoked command in '/home/lfvmu/kobuki/build/ament_cmake_clang_format' returned '0': /usr/bin/cmake --build /home/lfvmu/kobuki/build/ament_cmake_clang_format -- -j4 -l4
[1.449s] Invoking command in '/home/lfvmu/kobuki/build/ament_cmake_clang_format': /usr/bin/cmake --install /home/lfvmu/kobuki/build/ament_cmake_clang_format
[1.483s] -- Install configuration: "RelWithDebInfo"
[1.484s] -- Up-to-date: /home/lfvmu/kobuki/install/share/ament_index/resource_index/package_run_dependencies/ament_cmake_clang_format
[1.484s] -- Up-to-date: /home/lfvmu/kobuki/install/share/ament_index/resource_index/parent_prefix_path/ament_cmake_clang_format
[1.484s] -- Up-to-date: /home/lfvmu/kobuki/install/share/ament_cmake_clang_format/environment/ament_prefix_path.sh
[1.485s] -- Installing: /home/lfvmu/kobuki/install/share/ament_cmake_clang_format/environment/ament_prefix_path.dsv
[1.485s] -- Up-to-date: /home/lfvmu/kobuki/install/share/ament_cmake_clang_format/environment/path.sh
[1.486s] -- Installing: /home/lfvmu/kobuki/install/share/ament_cmake_clang_format/environment/path.dsv
[1.506s] -- Up-to-date: /home/lfvmu/kobuki/install/share/ament_cmake_clang_format/local_setup.bash
[1.507s] -- Up-to-date: /home/lfvmu/kobuki/install/share/ament_cmake_clang_format/local_setup.sh
[1.507s] -- Up-to-date: /home/lfvmu/kobuki/install/share/ament_cmake_clang_format/local_setup.zsh
[1.508s] -- Installing: /home/lfvmu/kobuki/install/share/ament_cmake_clang_format/local_setup.dsv
[1.509s] -- Installing: /home/lfvmu/kobuki/install/share/ament_cmake_clang_format/package.dsv
[1.509s] -- Up-to-date: /home/lfvmu/kobuki/install/share/ament_index/resource_index/packages/ament_cmake_clang_format
[1.509s] -- Up-to-date: /home/lfvmu/kobuki/install/share/ament_cmake_clang_format/cmake/ament_cmake_clang_format-extras.cmake
[1.510s] -- Up-to-date: /home/lfvmu/kobuki/install/share/ament_cmake_clang_format/cmake/ament_cmake_clang_formatConfig.cmake
[1.522s] -- Up-to-date: /home/lfvmu/kobuki/install/share/ament_cmake_clang_format/cmake/ament_cmake_clang_formatConfig-version.cmake
[1.522s] -- Up-to-date: /home/lfvmu/kobuki/install/share/ament_cmake_clang_format/package.xml
[1.523s] -- Up-to-date: /home/lfvmu/kobuki/install/share/ament_cmake_clang_format/cmake
[1.523s] -- Up-to-date: /home/lfvmu/kobuki/install/share/ament_cmake_clang_format/cmake/ament_cmake_clang_format_lint_hook.cmake
[1.523s] -- Up-to-date: /home/lfvmu/kobuki/install/share/ament_cmake_clang_format/cmake/ament_clang_format.cmake
[1.524s] Invoked command in '/home/lfvmu/kobuki/build/ament_cmake_clang_format' returned '0': /usr/bin/cmake --install /home/lfvmu/kobuki/build/ament_cmake_clang_format
