[0.513s] Invoking command in '/home/lfvmu/kobuki/build/ecl_build': AMENT_PREFIX_PATH=/home/lfvmu/kobuki/install CMAKE_PREFIX_PATH=/home/lfvmu/kobuki/install LD_LIBRARY_PATH=/home/lfvmu/kobuki/install/lib PATH=/home/lfvmu/kobuki/install/bin:${PATH} PYTHONPATH=/home/lfvmu/kobuki/install/lib/python3.8/site-packages /usr/bin/cmake /home/lfvmu/kobuki/src/ecl_tools/ecl_build -DBUILD_TESTING=OFF -DCMAKE_INSTALL_PREFIX=/home/lfvmu/kobuki/install
[0.533s] Re-run cmake no build system arguments
[0.562s] -- Found ament_cmake: 0.9.11 (/home/lfvmu/kobuki/install/share/ament_cmake/cmake)
[0.612s] -- Using PYTHON_EXECUTABLE: /usr/bin/python3
[1.093s] -- Configuring done
[1.099s] -- Generating done
[1.102s] -- Build files have been written to: /home/lfvmu/kobuki/build/ecl_build
[1.391s] Invoked command in '/home/lfvmu/kobuki/build/ecl_build' returned '0': AMENT_PREFIX_PATH=/home/lfvmu/kobuki/install CMAKE_PREFIX_PATH=/home/lfvmu/kobuki/install LD_LIBRARY_PATH=/home/lfvmu/kobuki/install/lib PATH=/home/lfvmu/kobuki/install/bin:${PATH} PYTHONPATH=/home/lfvmu/kobuki/install/lib/python3.8/site-packages /usr/bin/cmake /home/lfvmu/kobuki/src/ecl_tools/ecl_build -DBUILD_TESTING=OFF -DCMAKE_INSTALL_PREFIX=/home/lfvmu/kobuki/install
[1.404s] Invoking command in '/home/lfvmu/kobuki/build/ecl_build': AMENT_PREFIX_PATH=/home/lfvmu/kobuki/install CMAKE_PREFIX_PATH=/home/lfvmu/kobuki/install LD_LIBRARY_PATH=/home/lfvmu/kobuki/install/lib PATH=/home/lfvmu/kobuki/install/bin:${PATH} PYTHONPATH=/home/lfvmu/kobuki/install/lib/python3.8/site-packages /usr/bin/cmake --build /home/lfvmu/kobuki/build/ecl_build -- -j4 -l4
[1.456s] /usr/bin/cmake -S/home/lfvmu/kobuki/src/ecl_tools/ecl_build -B/home/lfvmu/kobuki/build/ecl_build --check-build-system CMakeFiles/Makefile.cmake 0
[1.493s] /usr/bin/cmake -E cmake_progress_start /home/lfvmu/kobuki/build/ecl_build/CMakeFiles /home/lfvmu/kobuki/build/ecl_build/CMakeFiles/progress.marks
[1.504s] /usr/bin/make -f CMakeFiles/Makefile2 all
[1.508s] make[1]: Entering directory '/home/lfvmu/kobuki/build/ecl_build'
[1.508s] make[1]: Nothing to be done for 'all'.
[1.508s] make[1]: Leaving directory '/home/lfvmu/kobuki/build/ecl_build'
[1.508s] /usr/bin/cmake -E cmake_progress_start /home/lfvmu/kobuki/build/ecl_build/CMakeFiles 0
[1.686s] Invoked command in '/home/lfvmu/kobuki/build/ecl_build' returned '0': AMENT_PREFIX_PATH=/home/lfvmu/kobuki/install CMAKE_PREFIX_PATH=/home/lfvmu/kobuki/install LD_LIBRARY_PATH=/home/lfvmu/kobuki/install/lib PATH=/home/lfvmu/kobuki/install/bin:${PATH} PYTHONPATH=/home/lfvmu/kobuki/install/lib/python3.8/site-packages /usr/bin/cmake --build /home/lfvmu/kobuki/build/ecl_build -- -j4 -l4
[1.787s] Invoking command in '/home/lfvmu/kobuki/build/ecl_build': AMENT_PREFIX_PATH=/home/lfvmu/kobuki/install CMAKE_PREFIX_PATH=/home/lfvmu/kobuki/install LD_LIBRARY_PATH=/home/lfvmu/kobuki/install/lib PATH=/home/lfvmu/kobuki/install/bin:${PATH} PYTHONPATH=/home/lfvmu/kobuki/install/lib/python3.8/site-packages /usr/bin/cmake --install /home/lfvmu/kobuki/build/ecl_build
[1.814s] -- Install configuration: ""
[1.814s] -- Up-to-date: /home/lfvmu/kobuki/install/share/ament_index/resource_index/package_run_dependencies/ecl_build
[1.815s] -- Up-to-date: /home/lfvmu/kobuki/install/share/ament_index/resource_index/parent_prefix_path/ecl_build
[1.815s] -- Up-to-date: /home/lfvmu/kobuki/install/share/ecl_build/environment/ament_prefix_path.sh
[1.815s] -- Installing: /home/lfvmu/kobuki/install/share/ecl_build/environment/ament_prefix_path.dsv
[1.816s] -- Up-to-date: /home/lfvmu/kobuki/install/share/ecl_build/environment/path.sh
[1.816s] -- Installing: /home/lfvmu/kobuki/install/share/ecl_build/environment/path.dsv
[1.816s] -- Up-to-date: /home/lfvmu/kobuki/install/share/ecl_build/local_setup.bash
[1.817s] -- Up-to-date: /home/lfvmu/kobuki/install/share/ecl_build/local_setup.sh
[1.817s] -- Up-to-date: /home/lfvmu/kobuki/install/share/ecl_build/local_setup.zsh
[1.817s] -- Installing: /home/lfvmu/kobuki/install/share/ecl_build/local_setup.dsv
[1.818s] -- Installing: /home/lfvmu/kobuki/install/share/ecl_build/package.dsv
[1.818s] -- Up-to-date: /home/lfvmu/kobuki/install/share/ament_index/resource_index/packages/ecl_build
[1.818s] -- Up-to-date: /home/lfvmu/kobuki/install/share/ecl_build/cmake/ecl_platform_detection.cmake
[1.819s] -- Up-to-date: /home/lfvmu/kobuki/install/share/ecl_build/cmake/ecl_package.cmake
[1.820s] -- Up-to-date: /home/lfvmu/kobuki/install/share/ecl_build/cmake/ecl_find_sse.cmake
[1.820s] -- Up-to-date: /home/lfvmu/kobuki/install/share/ecl_build/cmake/ecl_build_utilities.cmake
[1.820s] -- Up-to-date: /home/lfvmu/kobuki/install/share/ecl_build/cmake/ecl_cxx.cmake
[1.820s] -- Up-to-date: /home/lfvmu/kobuki/install/share/ecl_build/cmake/cotire.cmake
[1.821s] -- Up-to-date: /home/lfvmu/kobuki/install/share/ecl_build/cmake/ecl_buildConfig.cmake
[1.821s] -- Up-to-date: /home/lfvmu/kobuki/install/share/ecl_build/cmake/ecl_buildConfig-version.cmake
[1.822s] -- Up-to-date: /home/lfvmu/kobuki/install/share/ecl_build/package.xml
[1.822s] -- Up-to-date: /home/lfvmu/kobuki/install/share/cmake
[1.842s] -- Up-to-date: /home/lfvmu/kobuki/install/share/cmake/cotire.cmake
[1.860s] -- Up-to-date: /home/lfvmu/kobuki/install/share/cmake/ecl_build_utilities.cmake
[1.879s] -- Up-to-date: /home/lfvmu/kobuki/install/share/cmake/ecl_cxx.cmake
[1.880s] -- Up-to-date: /home/lfvmu/kobuki/install/share/cmake/ecl_package.cmake
[1.880s] -- Up-to-date: /home/lfvmu/kobuki/install/share/cmake/ecl_find_sse.cmake
[1.881s] -- Up-to-date: /home/lfvmu/kobuki/install/share/cmake/templates
[1.881s] -- Up-to-date: /home/lfvmu/kobuki/install/share/cmake/templates/uninstall.cmake.in
[1.882s] -- Up-to-date: /home/lfvmu/kobuki/install/share/cmake/ecl_platform_detection.cmake
[1.882s] -- Up-to-date: /home/lfvmu/kobuki/install/share/cmake/tests
[1.883s] -- Up-to-date: /home/lfvmu/kobuki/install/share/cmake/tests/is_char_signed.cpp
[1.883s] Invoked command in '/home/lfvmu/kobuki/build/ecl_build' returned '0': AMENT_PREFIX_PATH=/home/lfvmu/kobuki/install CMAKE_PREFIX_PATH=/home/lfvmu/kobuki/install LD_LIBRARY_PATH=/home/lfvmu/kobuki/install/lib PATH=/home/lfvmu/kobuki/install/bin:${PATH} PYTHONPATH=/home/lfvmu/kobuki/install/lib/python3.8/site-packages /usr/bin/cmake --install /home/lfvmu/kobuki/build/ecl_build
