[0.055s] Invoking command in '/home/lfvmu/kobuki/build/ament_cmake_version': /usr/bin/cmake /home/lfvmu/kobuki/src/ament_cmake/ament_cmake_version -DBUILD_TESTING=OFF -DCMAKE_INSTALL_PREFIX=/home/lfvmu/kobuki/install
[0.084s] -- Found ament_cmake_core: 0.9.11 (/home/lfvmu/kobuki/install/share/ament_cmake_core/cmake)
[0.132s] -- Using PYTHON_EXECUTABLE: /usr/bin/python3
[0.607s] -- Configuring done
[0.612s] -- Generating done
[0.612s] -- Build files have been written to: /home/lfvmu/kobuki/build/ament_cmake_version
[0.643s] Invoked command in '/home/lfvmu/kobuki/build/ament_cmake_version' returned '0': /usr/bin/cmake /home/lfvmu/kobuki/src/ament_cmake/ament_cmake_version -DBUILD_TESTING=OFF -DCMAKE_INSTALL_PREFIX=/home/lfvmu/kobuki/install
[0.649s] Invoking command in '/home/lfvmu/kobuki/build/ament_cmake_version': /usr/bin/cmake --build /home/lfvmu/kobuki/build/ament_cmake_version -- -j4 -l4
[1.105s] Invoked command in '/home/lfvmu/kobuki/build/ament_cmake_version' returned '0': /usr/bin/cmake --build /home/lfvmu/kobuki/build/ament_cmake_version -- -j4 -l4
[1.502s] Invoking command in '/home/lfvmu/kobuki/build/ament_cmake_version': /usr/bin/cmake --install /home/lfvmu/kobuki/build/ament_cmake_version
[1.520s] -- Install configuration: "RelWithDebInfo"
[1.521s] -- Up-to-date: /home/lfvmu/kobuki/install/share/ament_index/resource_index/package_run_dependencies/ament_cmake_version
[1.521s] -- Up-to-date: /home/lfvmu/kobuki/install/share/ament_index/resource_index/parent_prefix_path/ament_cmake_version
[1.521s] -- Up-to-date: /home/lfvmu/kobuki/install/share/ament_cmake_version/environment/ament_prefix_path.sh
[1.521s] -- Installing: /home/lfvmu/kobuki/install/share/ament_cmake_version/environment/ament_prefix_path.dsv
[1.521s] -- Up-to-date: /home/lfvmu/kobuki/install/share/ament_cmake_version/environment/path.sh
[1.522s] -- Installing: /home/lfvmu/kobuki/install/share/ament_cmake_version/environment/path.dsv
[1.523s] -- Up-to-date: /home/lfvmu/kobuki/install/share/ament_cmake_version/local_setup.bash
[1.523s] -- Up-to-date: /home/lfvmu/kobuki/install/share/ament_cmake_version/local_setup.sh
[1.523s] -- Up-to-date: /home/lfvmu/kobuki/install/share/ament_cmake_version/local_setup.zsh
[1.524s] -- Installing: /home/lfvmu/kobuki/install/share/ament_cmake_version/local_setup.dsv
[1.524s] -- Installing: /home/lfvmu/kobuki/install/share/ament_cmake_version/package.dsv
[1.527s] -- Up-to-date: /home/lfvmu/kobuki/install/share/ament_index/resource_index/packages/ament_cmake_version
[1.527s] -- Up-to-date: /home/lfvmu/kobuki/install/share/ament_cmake_version/cmake/ament_cmake_version-extras.cmake
[1.527s] -- Up-to-date: /home/lfvmu/kobuki/install/share/ament_cmake_version/cmake/ament_cmake_versionConfig.cmake
[1.528s] -- Up-to-date: /home/lfvmu/kobuki/install/share/ament_cmake_version/cmake/ament_cmake_versionConfig-version.cmake
[1.528s] -- Up-to-date: /home/lfvmu/kobuki/install/share/ament_cmake_version/package.xml
[1.528s] -- Up-to-date: /home/lfvmu/kobuki/install/share/ament_cmake_version/cmake
[1.528s] -- Up-to-date: /home/lfvmu/kobuki/install/share/ament_cmake_version/cmake/ament_export_development_version_if_higher_than_manifest.cmake
[1.557s] Invoked command in '/home/lfvmu/kobuki/build/ament_cmake_version' returned '0': /usr/bin/cmake --install /home/lfvmu/kobuki/build/ament_cmake_version
