[0.705s] Invoking command in '/home/lfvmu/kobuki/build/ecl_geometry': /usr/bin/cmake /home/lfvmu/kobuki/src/ecl_core/ecl_geometry -DBUILD_TESTING=OFF -DCMAKE_INSTALL_PREFIX=/home/lfvmu/kobuki/install
[0.791s] Re-run cmake no build system arguments
[0.791s] -- Found ament_cmake_ros: 0.9.2 (/home/lfvmu/kobuki/install/share/ament_cmake_ros/cmake)
[0.792s] -- Using PYTHON_EXECUTABLE: /usr/bin/python3
[1.164s] -- Found ecl_build: 1.0.3 (/home/lfvmu/kobuki/install/share/ecl_build/cmake)
[1.228s] -- Found ecl_config: 1.1.0 (/home/lfvmu/kobuki/install/share/ecl_config/cmake)
[1.229s] -- Found ecl_containers: 1.2.1 (/home/lfvmu/kobuki/install/share/ecl_containers/cmake)
[1.310s] -- Found ecl_linear_algebra: 1.2.1 (/home/lfvmu/kobuki/install/share/ecl_linear_algebra/cmake)
[1.517s] -- Configuring done
[1.563s] -- Generating done
[1.564s] -- Build files have been written to: /home/lfvmu/kobuki/build/ecl_geometry
[1.688s] Invoked command in '/home/lfvmu/kobuki/build/ecl_geometry' returned '0': /usr/bin/cmake /home/lfvmu/kobuki/src/ecl_core/ecl_geometry -DBUILD_TESTING=OFF -DCMAKE_INSTALL_PREFIX=/home/lfvmu/kobuki/install
[1.690s] Invoking command in '/home/lfvmu/kobuki/build/ecl_geometry': /usr/bin/cmake --build /home/lfvmu/kobuki/build/ecl_geometry -- -j4 -l4
[1.766s] /usr/bin/cmake -S/home/lfvmu/kobuki/src/ecl_core/ecl_geometry -B/home/lfvmu/kobuki/build/ecl_geometry --check-build-system CMakeFiles/Makefile.cmake 0
[1.802s] /usr/bin/cmake -E cmake_progress_start /home/lfvmu/kobuki/build/ecl_geometry/CMakeFiles /home/lfvmu/kobuki/build/ecl_geometry/CMakeFiles/progress.marks
[1.830s] /usr/bin/make -f CMakeFiles/Makefile2 all
[1.834s] make[1]: Entering directory '/home/lfvmu/kobuki/build/ecl_geometry'
[1.834s] /usr/bin/make -f src/lib/CMakeFiles/ecl_geometry.dir/build.make src/lib/CMakeFiles/ecl_geometry.dir/depend
[1.885s] make[2]: Entering directory '/home/lfvmu/kobuki/build/ecl_geometry'
[1.885s] cd /home/lfvmu/kobuki/build/ecl_geometry && /usr/bin/cmake -E cmake_depends "Unix Makefiles" /home/lfvmu/kobuki/src/ecl_core/ecl_geometry /home/lfvmu/kobuki/src/ecl_core/ecl_geometry/src/lib /home/lfvmu/kobuki/build/ecl_geometry /home/lfvmu/kobuki/build/ecl_geometry/src/lib /home/lfvmu/kobuki/build/ecl_geometry/src/lib/CMakeFiles/ecl_geometry.dir/DependInfo.cmake --color=
[1.924s] make[2]: Leaving directory '/home/lfvmu/kobuki/build/ecl_geometry'
[1.925s] /usr/bin/make -f src/lib/CMakeFiles/ecl_geometry.dir/build.make src/lib/CMakeFiles/ecl_geometry.dir/build
[2.002s] make[2]: Entering directory '/home/lfvmu/kobuki/build/ecl_geometry'
[2.002s] make[2]: Nothing to be done for 'src/lib/CMakeFiles/ecl_geometry.dir/build'.
[2.002s] make[2]: Leaving directory '/home/lfvmu/kobuki/build/ecl_geometry'
[2.023s] [100%] Built target ecl_geometry
[2.027s] make[1]: Leaving directory '/home/lfvmu/kobuki/build/ecl_geometry'
[2.027s] /usr/bin/cmake -E cmake_progress_start /home/lfvmu/kobuki/build/ecl_geometry/CMakeFiles 0
[2.052s] Invoked command in '/home/lfvmu/kobuki/build/ecl_geometry' returned '0': /usr/bin/cmake --build /home/lfvmu/kobuki/build/ecl_geometry -- -j4 -l4
[2.138s] Invoking command in '/home/lfvmu/kobuki/build/ecl_geometry': /usr/bin/cmake --install /home/lfvmu/kobuki/build/ecl_geometry
[2.158s] -- Install configuration: "RelWithDebInfo"
[2.158s] -- Up-to-date: /home/lfvmu/kobuki/install/share/ecl_geometry/environment/library_path.sh
[2.158s] -- Installing: /home/lfvmu/kobuki/install/share/ecl_geometry/environment/library_path.dsv
[2.159s] -- Up-to-date: /home/lfvmu/kobuki/install/share/ament_index/resource_index/package_run_dependencies/ecl_geometry
[2.159s] -- Up-to-date: /home/lfvmu/kobuki/install/share/ament_index/resource_index/parent_prefix_path/ecl_geometry
[2.160s] -- Up-to-date: /home/lfvmu/kobuki/install/share/ecl_geometry/environment/ament_prefix_path.sh
[2.160s] -- Installing: /home/lfvmu/kobuki/install/share/ecl_geometry/environment/ament_prefix_path.dsv
[2.161s] -- Up-to-date: /home/lfvmu/kobuki/install/share/ecl_geometry/environment/path.sh
[2.161s] -- Installing: /home/lfvmu/kobuki/install/share/ecl_geometry/environment/path.dsv
[2.162s] -- Up-to-date: /home/lfvmu/kobuki/install/share/ecl_geometry/local_setup.bash
[2.162s] -- Up-to-date: /home/lfvmu/kobuki/install/share/ecl_geometry/local_setup.sh
[2.162s] -- Up-to-date: /home/lfvmu/kobuki/install/share/ecl_geometry/local_setup.zsh
[2.163s] -- Installing: /home/lfvmu/kobuki/install/share/ecl_geometry/local_setup.dsv
[2.163s] -- Installing: /home/lfvmu/kobuki/install/share/ecl_geometry/package.dsv
[2.167s] -- Up-to-date: /home/lfvmu/kobuki/install/share/ament_index/resource_index/packages/ecl_geometry
[2.168s] -- Up-to-date: /home/lfvmu/kobuki/install/share/ecl_geometry/cmake/ecl_geometryExport.cmake
[2.168s] -- Installing: /home/lfvmu/kobuki/install/share/ecl_geometry/cmake/ecl_geometryExport-relwithdebinfo.cmake
[2.168s] -- Up-to-date: /home/lfvmu/kobuki/install/share/ecl_geometry/cmake/ament_cmake_export_targets-extras.cmake
[2.169s] -- Up-to-date: /home/lfvmu/kobuki/install/share/ecl_geometry/cmake/ament_cmake_export_include_directories-extras.cmake
[2.169s] -- Up-to-date: /home/lfvmu/kobuki/install/share/ecl_geometry/cmake/ament_cmake_export_libraries-extras.cmake
[2.169s] -- Up-to-date: /home/lfvmu/kobuki/install/share/ecl_geometry/cmake/ament_cmake_export_dependencies-extras.cmake
[2.170s] -- Up-to-date: /home/lfvmu/kobuki/install/share/ecl_geometry/cmake/ecl_geometryConfig.cmake
[2.170s] -- Up-to-date: /home/lfvmu/kobuki/install/share/ecl_geometry/cmake/ecl_geometryConfig-version.cmake
[2.170s] -- Up-to-date: /home/lfvmu/kobuki/install/share/ecl_geometry/package.xml
[2.171s] -- Up-to-date: /home/lfvmu/kobuki/install/include/ecl/geometry.hpp
[2.171s] -- Up-to-date: /home/lfvmu/kobuki/install/include/ecl/geometry/angle.hpp
[2.171s] -- Up-to-date: /home/lfvmu/kobuki/install/include/ecl/geometry/cartesian_point.hpp
[2.171s] -- Up-to-date: /home/lfvmu/kobuki/install/include/ecl/geometry/cubic_spline.hpp
[2.172s] -- Up-to-date: /home/lfvmu/kobuki/install/include/ecl/geometry/function_math.hpp
[2.173s] -- Up-to-date: /home/lfvmu/kobuki/install/include/ecl/geometry/homogeneous_point.hpp
[2.173s] -- Up-to-date: /home/lfvmu/kobuki/install/include/ecl/geometry/legacy_pose2d.hpp
[2.173s] -- Up-to-date: /home/lfvmu/kobuki/install/include/ecl/geometry/legacy_pose3d.hpp
[2.174s] -- Up-to-date: /home/lfvmu/kobuki/install/include/ecl/geometry/linear_segment.hpp
[2.175s] -- Up-to-date: /home/lfvmu/kobuki/install/include/ecl/geometry/macros.hpp
[2.175s] -- Up-to-date: /home/lfvmu/kobuki/install/include/ecl/geometry/odometry.hpp
[2.192s] -- Up-to-date: /home/lfvmu/kobuki/install/include/ecl/geometry/odometry_helper.hpp
[2.192s] -- Up-to-date: /home/lfvmu/kobuki/install/include/ecl/geometry/odometry_typedefs.hpp
[2.192s] -- Up-to-date: /home/lfvmu/kobuki/install/include/ecl/geometry/pascals_triangle.hpp
[2.193s] -- Up-to-date: /home/lfvmu/kobuki/install/include/ecl/geometry/polynomial.hpp
[2.193s] -- Up-to-date: /home/lfvmu/kobuki/install/include/ecl/geometry/pose2d.hpp
[2.193s] -- Up-to-date: /home/lfvmu/kobuki/install/include/ecl/geometry/smooth_linear_spline.hpp
[2.193s] -- Up-to-date: /home/lfvmu/kobuki/install/include/ecl/geometry/spline_function.hpp
[2.194s] -- Up-to-date: /home/lfvmu/kobuki/install/include/ecl/geometry/tension_function.hpp
[2.194s] -- Up-to-date: /home/lfvmu/kobuki/install/include/ecl/geometry/tension_spline.hpp
[2.194s] -- Up-to-date: /home/lfvmu/kobuki/install/lib/libecl_geometry.so.1.2.1
[2.195s] -- Up-to-date: /home/lfvmu/kobuki/install/lib/libecl_geometry.so
[2.209s] Invoked command in '/home/lfvmu/kobuki/build/ecl_geometry' returned '0': /usr/bin/cmake --install /home/lfvmu/kobuki/build/ecl_geometry
