[0.319s] Invoking command in '/home/lfvmu/kobuki/build/ecl_utilities': /usr/bin/cmake /home/lfvmu/kobuki/src/ecl_core/ecl_utilities -DBUILD_TESTING=OFF -DCMAKE_BUILD_TYPE=RelWithDebInfo -DCMAKE_INSTALL_PREFIX=/home/lfvmu/kobuki/install
[0.372s] -- Found ament_cmake_ros: 0.9.2 (/home/lfvmu/kobuki/install/share/ament_cmake_ros/cmake)
[0.424s] -- Using PYTHON_EXECUTABLE: /usr/bin/python3
[0.742s] -- Found ecl_build: 1.0.3 (/home/lfvmu/kobuki/install/share/ecl_build/cmake)
[0.774s] -- Found ecl_concepts: 1.2.1 (/home/lfvmu/kobuki/install/share/ecl_concepts/cmake)
[0.945s] -- Configuring done
[0.970s] -- Generating done
[0.972s] -- Build files have been written to: /home/lfvmu/kobuki/build/ecl_utilities
[1.231s] Invoked command in '/home/lfvmu/kobuki/build/ecl_utilities' returned '0': /usr/bin/cmake /home/lfvmu/kobuki/src/ecl_core/ecl_utilities -DBUILD_TESTING=OFF -DCMAKE_BUILD_TYPE=RelWithDebInfo -DCMAKE_INSTALL_PREFIX=/home/lfvmu/kobuki/install
[1.245s] Invoking command in '/home/lfvmu/kobuki/build/ecl_utilities': /usr/bin/cmake --build /home/lfvmu/kobuki/build/ecl_utilities -- -j4 -l4
[1.381s] [100%] Built target ecl_demo_constructors
[1.449s] Invoked command in '/home/lfvmu/kobuki/build/ecl_utilities' returned '0': /usr/bin/cmake --build /home/lfvmu/kobuki/build/ecl_utilities -- -j4 -l4
[1.761s] Invoking command in '/home/lfvmu/kobuki/build/ecl_utilities': /usr/bin/cmake --install /home/lfvmu/kobuki/build/ecl_utilities
[1.784s] -- Install configuration: "RelWithDebInfo"
[1.785s] -- Up-to-date: /home/lfvmu/kobuki/install/share/ament_index/resource_index/package_run_dependencies/ecl_utilities
[1.785s] -- Up-to-date: /home/lfvmu/kobuki/install/share/ament_index/resource_index/parent_prefix_path/ecl_utilities
[1.785s] -- Up-to-date: /home/lfvmu/kobuki/install/share/ecl_utilities/environment/ament_prefix_path.sh
[1.786s] -- Installing: /home/lfvmu/kobuki/install/share/ecl_utilities/environment/ament_prefix_path.dsv
[1.786s] -- Up-to-date: /home/lfvmu/kobuki/install/share/ecl_utilities/environment/path.sh
[1.787s] -- Installing: /home/lfvmu/kobuki/install/share/ecl_utilities/environment/path.dsv
[1.787s] -- Up-to-date: /home/lfvmu/kobuki/install/share/ecl_utilities/local_setup.bash
[1.787s] -- Up-to-date: /home/lfvmu/kobuki/install/share/ecl_utilities/local_setup.sh
[1.788s] -- Up-to-date: /home/lfvmu/kobuki/install/share/ecl_utilities/local_setup.zsh
[1.788s] -- Installing: /home/lfvmu/kobuki/install/share/ecl_utilities/local_setup.dsv
[1.788s] -- Installing: /home/lfvmu/kobuki/install/share/ecl_utilities/package.dsv
[1.789s] -- Up-to-date: /home/lfvmu/kobuki/install/share/ament_index/resource_index/packages/ecl_utilities
[1.789s] -- Up-to-date: /home/lfvmu/kobuki/install/share/ecl_utilities/cmake/ecl_utilitiesExport.cmake
[1.789s] -- Up-to-date: /home/lfvmu/kobuki/install/share/ecl_utilities/cmake/ament_cmake_export_targets-extras.cmake
[1.790s] -- Up-to-date: /home/lfvmu/kobuki/install/share/ecl_utilities/cmake/ament_cmake_export_include_directories-extras.cmake
[1.790s] -- Up-to-date: /home/lfvmu/kobuki/install/share/ecl_utilities/cmake/ament_cmake_export_dependencies-extras.cmake
[1.790s] -- Up-to-date: /home/lfvmu/kobuki/install/share/ecl_utilities/cmake/ecl_utilitiesConfig.cmake
[1.791s] -- Up-to-date: /home/lfvmu/kobuki/install/share/ecl_utilities/cmake/ecl_utilitiesConfig-version.cmake
[1.791s] -- Up-to-date: /home/lfvmu/kobuki/install/share/ecl_utilities/package.xml
[1.792s] -- Up-to-date: /home/lfvmu/kobuki/install/include/ecl/utilities.hpp
[1.792s] -- Up-to-date: /home/lfvmu/kobuki/install/include/ecl/utilities/blueprints.hpp
[1.793s] -- Up-to-date: /home/lfvmu/kobuki/install/include/ecl/utilities/flags.hpp
[1.793s] -- Up-to-date: /home/lfvmu/kobuki/install/include/ecl/utilities/function_objects.hpp
[1.793s] -- Up-to-date: /home/lfvmu/kobuki/install/include/ecl/utilities/parameter.hpp
[1.793s] -- Up-to-date: /home/lfvmu/kobuki/install/include/ecl/utilities/references.hpp
[1.794s] -- Up-to-date: /home/lfvmu/kobuki/install/include/ecl/utilities/singleton.hpp
[1.794s] -- Up-to-date: /home/lfvmu/kobuki/install/include/ecl/utilities/void.hpp
[1.795s] -- Up-to-date: /home/lfvmu/kobuki/install/lib/ecl_utilities/demo_constructors
[1.804s] Invoked command in '/home/lfvmu/kobuki/build/ecl_utilities' returned '0': /usr/bin/cmake --install /home/lfvmu/kobuki/build/ecl_utilities
