[0.292s] Invoking command in '/home/lfvmu/kobuki/build/ecl_type_traits': /usr/bin/cmake /home/lfvmu/kobuki/src/ecl_core/ecl_type_traits -DBUILD_TESTING=OFF -DCMAKE_INSTALL_PREFIX=/home/lfvmu/kobuki/install
[0.351s] -- Found ament_cmake_ros: 0.9.2 (/home/lfvmu/kobuki/install/share/ament_cmake_ros/cmake)
[0.381s] -- Using PYTHON_EXECUTABLE: /usr/bin/python3
[0.767s] -- Found ecl_build: 1.0.3 (/home/lfvmu/kobuki/install/share/ecl_build/cmake)
[0.790s] -- Found ecl_config: 1.1.0 (/home/lfvmu/kobuki/install/share/ecl_config/cmake)
[0.800s] -- Found ecl_mpl: 1.2.1 (/home/lfvmu/kobuki/install/share/ecl_mpl/cmake)
[0.996s] -- Configuring done
[1.037s] -- Generating done
[1.057s] -- Build files have been written to: /home/lfvmu/kobuki/build/ecl_type_traits
[1.304s] Invoked command in '/home/lfvmu/kobuki/build/ecl_type_traits' returned '0': /usr/bin/cmake /home/lfvmu/kobuki/src/ecl_core/ecl_type_traits -DBUILD_TESTING=OFF -DCMAKE_INSTALL_PREFIX=/home/lfvmu/kobuki/install
[1.305s] Invoking command in '/home/lfvmu/kobuki/build/ecl_type_traits': /usr/bin/cmake --build /home/lfvmu/kobuki/build/ecl_type_traits -- -j4 -l4
[1.427s] [ 50%] Built target ecl_type_traits
[1.487s] [100%] Built target ecl_detect_sizes
[1.622s] Invoked command in '/home/lfvmu/kobuki/build/ecl_type_traits' returned '0': /usr/bin/cmake --build /home/lfvmu/kobuki/build/ecl_type_traits -- -j4 -l4
[1.707s] Invoking command in '/home/lfvmu/kobuki/build/ecl_type_traits': /usr/bin/cmake --install /home/lfvmu/kobuki/build/ecl_type_traits
[1.734s] -- Install configuration: "RelWithDebInfo"
[1.735s] -- Up-to-date: /home/lfvmu/kobuki/install/share/ecl_type_traits/environment/library_path.sh
[1.735s] -- Installing: /home/lfvmu/kobuki/install/share/ecl_type_traits/environment/library_path.dsv
[1.736s] -- Up-to-date: /home/lfvmu/kobuki/install/share/ament_index/resource_index/package_run_dependencies/ecl_type_traits
[1.736s] -- Up-to-date: /home/lfvmu/kobuki/install/share/ament_index/resource_index/parent_prefix_path/ecl_type_traits
[1.736s] -- Up-to-date: /home/lfvmu/kobuki/install/share/ecl_type_traits/environment/ament_prefix_path.sh
[1.736s] -- Installing: /home/lfvmu/kobuki/install/share/ecl_type_traits/environment/ament_prefix_path.dsv
[1.736s] -- Up-to-date: /home/lfvmu/kobuki/install/share/ecl_type_traits/environment/path.sh
[1.737s] -- Installing: /home/lfvmu/kobuki/install/share/ecl_type_traits/environment/path.dsv
[1.737s] -- Up-to-date: /home/lfvmu/kobuki/install/share/ecl_type_traits/local_setup.bash
[1.737s] -- Up-to-date: /home/lfvmu/kobuki/install/share/ecl_type_traits/local_setup.sh
[1.737s] -- Up-to-date: /home/lfvmu/kobuki/install/share/ecl_type_traits/local_setup.zsh
[1.738s] -- Installing: /home/lfvmu/kobuki/install/share/ecl_type_traits/local_setup.dsv
[1.738s] -- Installing: /home/lfvmu/kobuki/install/share/ecl_type_traits/package.dsv
[1.738s] -- Up-to-date: /home/lfvmu/kobuki/install/share/ament_index/resource_index/packages/ecl_type_traits
[1.738s] -- Up-to-date: /home/lfvmu/kobuki/install/share/ecl_type_traits/cmake/ecl_type_traitsExport.cmake
[1.739s] -- Installing: /home/lfvmu/kobuki/install/share/ecl_type_traits/cmake/ecl_type_traitsExport-relwithdebinfo.cmake
[1.739s] -- Up-to-date: /home/lfvmu/kobuki/install/share/ecl_type_traits/cmake/ament_cmake_export_targets-extras.cmake
[1.739s] -- Up-to-date: /home/lfvmu/kobuki/install/share/ecl_type_traits/cmake/ament_cmake_export_include_directories-extras.cmake
[1.739s] -- Up-to-date: /home/lfvmu/kobuki/install/share/ecl_type_traits/cmake/ament_cmake_export_libraries-extras.cmake
[1.739s] -- Up-to-date: /home/lfvmu/kobuki/install/share/ecl_type_traits/cmake/ament_cmake_export_dependencies-extras.cmake
[1.740s] -- Up-to-date: /home/lfvmu/kobuki/install/share/ecl_type_traits/cmake/ecl_type_traitsConfig.cmake
[1.740s] -- Up-to-date: /home/lfvmu/kobuki/install/share/ecl_type_traits/cmake/ecl_type_traitsConfig-version.cmake
[1.740s] -- Up-to-date: /home/lfvmu/kobuki/install/share/ecl_type_traits/package.xml
[1.740s] -- Up-to-date: /home/lfvmu/kobuki/install/include/ecl/type_traits.hpp
[1.740s] -- Up-to-date: /home/lfvmu/kobuki/install/include/ecl/type_traits/fundamental_types.hpp
[1.740s] -- Up-to-date: /home/lfvmu/kobuki/install/include/ecl/type_traits/macros.hpp
[1.741s] -- Up-to-date: /home/lfvmu/kobuki/install/include/ecl/type_traits/numeric_limits.hpp
[1.741s] -- Up-to-date: /home/lfvmu/kobuki/install/include/ecl/type_traits/traits.hpp
[1.741s] -- Up-to-date: /home/lfvmu/kobuki/install/lib/libecl_type_traits.so.1.2.1
[1.741s] -- Up-to-date: /home/lfvmu/kobuki/install/lib/libecl_type_traits.so
[1.742s] -- Up-to-date: /home/lfvmu/kobuki/install/bin/ecl_detect_sizes
[1.757s] Invoked command in '/home/lfvmu/kobuki/build/ecl_type_traits' returned '0': /usr/bin/cmake --install /home/lfvmu/kobuki/build/ecl_type_traits
