[0.286s] Invoking command in '/home/lfvmu/kobuki/build/ecl_sigslots_lite': AMENT_PREFIX_PATH=/home/lfvmu/kobuki/install CMAKE_PREFIX_PATH=/home/lfvmu/kobuki/install LD_LIBRARY_PATH=/home/lfvmu/kobuki/install/lib PATH=/home/lfvmu/kobuki/install/bin:${PATH} PYTHONPATH=/home/lfvmu/kobuki/install/lib/python3.8/site-packages /usr/bin/cmake /home/lfvmu/kobuki/src/ecl_lite/ecl_sigslots_lite -DBUILD_TESTING=OFF -DCMAKE_INSTALL_PREFIX=/home/lfvmu/kobuki/install
[0.332s] Re-run cmake no build system arguments
[0.340s] -- Found ament_cmake_ros: 0.9.2 (/home/lfvmu/kobuki/install/share/ament_cmake_ros/cmake)
[0.391s] -- Using PYTHON_EXECUTABLE: /usr/bin/python3
[0.765s] -- Found ecl_build: 1.0.3 (/home/lfvmu/kobuki/install/share/ecl_build/cmake)
[0.792s] -- Found ecl_config: 1.1.0 (/home/lfvmu/kobuki/install/share/ecl_config/cmake)
[0.793s] -- Found ecl_errors: 1.1.0 (/home/lfvmu/kobuki/install/share/ecl_errors/cmake)
[1.000s] -- Configuring done
[1.021s] -- Generating done
[1.037s] -- Build files have been written to: /home/lfvmu/kobuki/build/ecl_sigslots_lite
[1.067s] Invoked command in '/home/lfvmu/kobuki/build/ecl_sigslots_lite' returned '0': AMENT_PREFIX_PATH=/home/lfvmu/kobuki/install CMAKE_PREFIX_PATH=/home/lfvmu/kobuki/install LD_LIBRARY_PATH=/home/lfvmu/kobuki/install/lib PATH=/home/lfvmu/kobuki/install/bin:${PATH} PYTHONPATH=/home/lfvmu/kobuki/install/lib/python3.8/site-packages /usr/bin/cmake /home/lfvmu/kobuki/src/ecl_lite/ecl_sigslots_lite -DBUILD_TESTING=OFF -DCMAKE_INSTALL_PREFIX=/home/lfvmu/kobuki/install
[1.076s] Invoking command in '/home/lfvmu/kobuki/build/ecl_sigslots_lite': AMENT_PREFIX_PATH=/home/lfvmu/kobuki/install CMAKE_PREFIX_PATH=/home/lfvmu/kobuki/install LD_LIBRARY_PATH=/home/lfvmu/kobuki/install/lib PATH=/home/lfvmu/kobuki/install/bin:${PATH} PYTHONPATH=/home/lfvmu/kobuki/install/lib/python3.8/site-packages /usr/bin/cmake --build /home/lfvmu/kobuki/build/ecl_sigslots_lite -- -j4 -l4
[1.147s] /usr/bin/cmake -S/home/lfvmu/kobuki/src/ecl_lite/ecl_sigslots_lite -B/home/lfvmu/kobuki/build/ecl_sigslots_lite --check-build-system CMakeFiles/Makefile.cmake 0
[1.167s] /usr/bin/cmake -E cmake_progress_start /home/lfvmu/kobuki/build/ecl_sigslots_lite/CMakeFiles /home/lfvmu/kobuki/build/ecl_sigslots_lite/CMakeFiles/progress.marks
[1.211s] /usr/bin/make -f CMakeFiles/Makefile2 all
[1.211s] make[1]: Entering directory '/home/lfvmu/kobuki/build/ecl_sigslots_lite'
[1.212s] /usr/bin/make -f src/examples/CMakeFiles/demo_sigslots_lite.dir/build.make src/examples/CMakeFiles/demo_sigslots_lite.dir/depend
[1.212s] make[2]: Entering directory '/home/lfvmu/kobuki/build/ecl_sigslots_lite'
[1.213s] cd /home/lfvmu/kobuki/build/ecl_sigslots_lite && /usr/bin/cmake -E cmake_depends "Unix Makefiles" /home/lfvmu/kobuki/src/ecl_lite/ecl_sigslots_lite /home/lfvmu/kobuki/src/ecl_lite/ecl_sigslots_lite/src/examples /home/lfvmu/kobuki/build/ecl_sigslots_lite /home/lfvmu/kobuki/build/ecl_sigslots_lite/src/examples /home/lfvmu/kobuki/build/ecl_sigslots_lite/src/examples/CMakeFiles/demo_sigslots_lite.dir/DependInfo.cmake --color=
[1.241s] make[2]: Leaving directory '/home/lfvmu/kobuki/build/ecl_sigslots_lite'
[1.242s] /usr/bin/make -f src/examples/CMakeFiles/demo_sigslots_lite.dir/build.make src/examples/CMakeFiles/demo_sigslots_lite.dir/build
[1.264s] make[2]: Entering directory '/home/lfvmu/kobuki/build/ecl_sigslots_lite'
[1.268s] make[2]: Nothing to be done for 'src/examples/CMakeFiles/demo_sigslots_lite.dir/build'.
[1.269s] make[2]: Leaving directory '/home/lfvmu/kobuki/build/ecl_sigslots_lite'
[1.302s] [100%] Built target demo_sigslots_lite
[1.302s] make[1]: Leaving directory '/home/lfvmu/kobuki/build/ecl_sigslots_lite'
[1.303s] /usr/bin/cmake -E cmake_progress_start /home/lfvmu/kobuki/build/ecl_sigslots_lite/CMakeFiles 0
[1.435s] Invoked command in '/home/lfvmu/kobuki/build/ecl_sigslots_lite' returned '0': AMENT_PREFIX_PATH=/home/lfvmu/kobuki/install CMAKE_PREFIX_PATH=/home/lfvmu/kobuki/install LD_LIBRARY_PATH=/home/lfvmu/kobuki/install/lib PATH=/home/lfvmu/kobuki/install/bin:${PATH} PYTHONPATH=/home/lfvmu/kobuki/install/lib/python3.8/site-packages /usr/bin/cmake --build /home/lfvmu/kobuki/build/ecl_sigslots_lite -- -j4 -l4
[1.544s] Invoking command in '/home/lfvmu/kobuki/build/ecl_sigslots_lite': AMENT_PREFIX_PATH=/home/lfvmu/kobuki/install CMAKE_PREFIX_PATH=/home/lfvmu/kobuki/install LD_LIBRARY_PATH=/home/lfvmu/kobuki/install/lib PATH=/home/lfvmu/kobuki/install/bin:${PATH} PYTHONPATH=/home/lfvmu/kobuki/install/lib/python3.8/site-packages /usr/bin/cmake --install /home/lfvmu/kobuki/build/ecl_sigslots_lite
[1.568s] -- Install configuration: ""
[1.569s] -- Up-to-date: /home/lfvmu/kobuki/install/share/ament_index/resource_index/package_run_dependencies/ecl_sigslots_lite
[1.570s] -- Up-to-date: /home/lfvmu/kobuki/install/share/ament_index/resource_index/parent_prefix_path/ecl_sigslots_lite
[1.570s] -- Up-to-date: /home/lfvmu/kobuki/install/share/ecl_sigslots_lite/environment/ament_prefix_path.sh
[1.571s] -- Installing: /home/lfvmu/kobuki/install/share/ecl_sigslots_lite/environment/ament_prefix_path.dsv
[1.572s] -- Up-to-date: /home/lfvmu/kobuki/install/share/ecl_sigslots_lite/environment/path.sh
[1.572s] -- Installing: /home/lfvmu/kobuki/install/share/ecl_sigslots_lite/environment/path.dsv
[1.573s] -- Up-to-date: /home/lfvmu/kobuki/install/share/ecl_sigslots_lite/local_setup.bash
[1.574s] -- Up-to-date: /home/lfvmu/kobuki/install/share/ecl_sigslots_lite/local_setup.sh
[1.574s] -- Up-to-date: /home/lfvmu/kobuki/install/share/ecl_sigslots_lite/local_setup.zsh
[1.575s] -- Installing: /home/lfvmu/kobuki/install/share/ecl_sigslots_lite/local_setup.dsv
[1.576s] -- Installing: /home/lfvmu/kobuki/install/share/ecl_sigslots_lite/package.dsv
[1.577s] -- Up-to-date: /home/lfvmu/kobuki/install/share/ament_index/resource_index/packages/ecl_sigslots_lite
[1.578s] -- Up-to-date: /home/lfvmu/kobuki/install/share/ecl_sigslots_lite/cmake/ecl_sigslots_liteExport.cmake
[1.578s] -- Up-to-date: /home/lfvmu/kobuki/install/share/ecl_sigslots_lite/cmake/ament_cmake_export_targets-extras.cmake
[1.579s] -- Up-to-date: /home/lfvmu/kobuki/install/share/ecl_sigslots_lite/cmake/ament_cmake_export_include_directories-extras.cmake
[1.581s] -- Up-to-date: /home/lfvmu/kobuki/install/share/ecl_sigslots_lite/cmake/ament_cmake_export_dependencies-extras.cmake
[1.581s] -- Up-to-date: /home/lfvmu/kobuki/install/share/ecl_sigslots_lite/cmake/ecl_sigslots_liteConfig.cmake
[1.582s] -- Up-to-date: /home/lfvmu/kobuki/install/share/ecl_sigslots_lite/cmake/ecl_sigslots_liteConfig-version.cmake
[1.582s] -- Up-to-date: /home/lfvmu/kobuki/install/share/ecl_sigslots_lite/package.xml
[1.582s] -- Up-to-date: /home/lfvmu/kobuki/install/include/ecl/sigslots_lite.hpp
[1.583s] -- Up-to-date: /home/lfvmu/kobuki/install/include/ecl/sigslots_lite/connect.hpp
[1.583s] -- Up-to-date: /home/lfvmu/kobuki/install/include/ecl/sigslots_lite/errors.hpp
[1.584s] -- Up-to-date: /home/lfvmu/kobuki/install/include/ecl/sigslots_lite/managers.hpp
[1.584s] -- Up-to-date: /home/lfvmu/kobuki/install/include/ecl/sigslots_lite/signal.hpp
[1.584s] -- Up-to-date: /home/lfvmu/kobuki/install/include/ecl/sigslots_lite/slot.hpp
[1.585s] -- Up-to-date: /home/lfvmu/kobuki/install/include/ecl/sigslots_lite/utilities.hpp
[1.586s] -- Up-to-date: /home/lfvmu/kobuki/install/lib/ecl_sigslots_lite/demo_sigslots_lite
[1.603s] Invoked command in '/home/lfvmu/kobuki/build/ecl_sigslots_lite' returned '0': AMENT_PREFIX_PATH=/home/lfvmu/kobuki/install CMAKE_PREFIX_PATH=/home/lfvmu/kobuki/install LD_LIBRARY_PATH=/home/lfvmu/kobuki/install/lib PATH=/home/lfvmu/kobuki/install/bin:${PATH} PYTHONPATH=/home/lfvmu/kobuki/install/lib/python3.8/site-packages /usr/bin/cmake --install /home/lfvmu/kobuki/build/ecl_sigslots_lite
