[0.214s] Invoking command in '/home/lfvmu/kobuki/build/ament_cmake_target_dependencies': /usr/bin/cmake /home/lfvmu/kobuki/src/ament_cmake/ament_cmake_target_dependencies -DBUILD_TESTING=OFF -DCMAKE_BUILD_TYPE=RelWithDebInfo -DCMAKE_INSTALL_PREFIX=/home/lfvmu/kobuki/install
[0.241s] -- Found ament_cmake_core: 0.9.11 (/home/lfvmu/kobuki/install/share/ament_cmake_core/cmake)
[0.289s] -- Using PYTHON_EXECUTABLE: /usr/bin/python3
[0.753s] -- Configuring done
[0.762s] -- Generating done
[0.762s] -- Build files have been written to: /home/lfvmu/kobuki/build/ament_cmake_target_dependencies
[1.172s] Invoked command in '/home/lfvmu/kobuki/build/ament_cmake_target_dependencies' returned '0': /usr/bin/cmake /home/lfvmu/kobuki/src/ament_cmake/ament_cmake_target_dependencies -DBUILD_TESTING=OFF -DCMAKE_BUILD_TYPE=RelWithDebInfo -DCMAKE_INSTALL_PREFIX=/home/lfvmu/kobuki/install
[1.177s] Invoking command in '/home/lfvmu/kobuki/build/ament_cmake_target_dependencies': /usr/bin/cmake --build /home/lfvmu/kobuki/build/ament_cmake_target_dependencies -- -j4 -l4
[1.445s] Invoked command in '/home/lfvmu/kobuki/build/ament_cmake_target_dependencies' returned '0': /usr/bin/cmake --build /home/lfvmu/kobuki/build/ament_cmake_target_dependencies -- -j4 -l4
[1.959s] Invoking command in '/home/lfvmu/kobuki/build/ament_cmake_target_dependencies': /usr/bin/cmake --install /home/lfvmu/kobuki/build/ament_cmake_target_dependencies
[1.999s] -- Install configuration: "RelWithDebInfo"
[1.999s] -- Up-to-date: /home/lfvmu/kobuki/install/share/ament_index/resource_index/package_run_dependencies/ament_cmake_target_dependencies
[2.000s] -- Up-to-date: /home/lfvmu/kobuki/install/share/ament_index/resource_index/parent_prefix_path/ament_cmake_target_dependencies
[2.000s] -- Up-to-date: /home/lfvmu/kobuki/install/share/ament_cmake_target_dependencies/environment/ament_prefix_path.sh
[2.001s] -- Installing: /home/lfvmu/kobuki/install/share/ament_cmake_target_dependencies/environment/ament_prefix_path.dsv
[2.001s] -- Up-to-date: /home/lfvmu/kobuki/install/share/ament_cmake_target_dependencies/environment/path.sh
[2.001s] -- Installing: /home/lfvmu/kobuki/install/share/ament_cmake_target_dependencies/environment/path.dsv
[2.002s] -- Up-to-date: /home/lfvmu/kobuki/install/share/ament_cmake_target_dependencies/local_setup.bash
[2.002s] -- Up-to-date: /home/lfvmu/kobuki/install/share/ament_cmake_target_dependencies/local_setup.sh
[2.002s] -- Up-to-date: /home/lfvmu/kobuki/install/share/ament_cmake_target_dependencies/local_setup.zsh
[2.002s] -- Installing: /home/lfvmu/kobuki/install/share/ament_cmake_target_dependencies/local_setup.dsv
[2.003s] -- Installing: /home/lfvmu/kobuki/install/share/ament_cmake_target_dependencies/package.dsv
[2.003s] -- Up-to-date: /home/lfvmu/kobuki/install/share/ament_index/resource_index/packages/ament_cmake_target_dependencies
[2.004s] -- Up-to-date: /home/lfvmu/kobuki/install/share/ament_cmake_target_dependencies/cmake/ament_cmake_target_dependencies-extras.cmake
[2.008s] -- Up-to-date: /home/lfvmu/kobuki/install/share/ament_cmake_target_dependencies/cmake/ament_cmake_target_dependenciesConfig.cmake
[2.010s] -- Up-to-date: /home/lfvmu/kobuki/install/share/ament_cmake_target_dependencies/cmake/ament_cmake_target_dependenciesConfig-version.cmake
[2.010s] -- Up-to-date: /home/lfvmu/kobuki/install/share/ament_cmake_target_dependencies/package.xml
[2.010s] -- Up-to-date: /home/lfvmu/kobuki/install/share/ament_cmake_target_dependencies/cmake
[2.011s] -- Up-to-date: /home/lfvmu/kobuki/install/share/ament_cmake_target_dependencies/cmake/ament_target_dependencies.cmake
[2.012s] -- Up-to-date: /home/lfvmu/kobuki/install/share/ament_cmake_target_dependencies/cmake/ament_get_recursive_properties.cmake
[2.028s] Invoked command in '/home/lfvmu/kobuki/build/ament_cmake_target_dependencies' returned '0': /usr/bin/cmake --install /home/lfvmu/kobuki/build/ament_cmake_target_dependencies
