[0.239s] Invoking command in '/home/lfvmu/kobuki/build/ament_cmake_python': /usr/bin/cmake /home/lfvmu/kobuki/src/ament_cmake/ament_cmake_python -DBUILD_TESTING=OFF --no-warn-unused-cli -DCMAKE_INSTALL_PREFIX=/home/lfvmu/kobuki/install
[0.264s] Not searching for unused variables given on the command line.
[0.268s] -- Found ament_cmake_core: 0.9.11 (/home/lfvmu/kobuki/install/share/ament_cmake_core/cmake)
[0.310s] -- Using PYTHON_EXECUTABLE: /usr/bin/python3
[0.796s] -- Configuring done
[0.822s] -- Generating done
[0.822s] -- Build files have been written to: /home/lfvmu/kobuki/build/ament_cmake_python
[0.974s] Invoked command in '/home/lfvmu/kobuki/build/ament_cmake_python' returned '0': /usr/bin/cmake /home/lfvmu/kobuki/src/ament_cmake/ament_cmake_python -DBUILD_TESTING=OFF --no-warn-unused-cli -DCMAKE_INSTALL_PREFIX=/home/lfvmu/kobuki/install
[0.980s] Invoking command in '/home/lfvmu/kobuki/build/ament_cmake_python': /usr/bin/cmake --build /home/lfvmu/kobuki/build/ament_cmake_python -- -j4 -l4
[1.252s] Invoked command in '/home/lfvmu/kobuki/build/ament_cmake_python' returned '0': /usr/bin/cmake --build /home/lfvmu/kobuki/build/ament_cmake_python -- -j4 -l4
[1.307s] Invoking command in '/home/lfvmu/kobuki/build/ament_cmake_python': /usr/bin/cmake --install /home/lfvmu/kobuki/build/ament_cmake_python
[1.330s] -- Install configuration: "RelWithDebInfo"
[1.330s] -- Up-to-date: /home/lfvmu/kobuki/install/share/ament_index/resource_index/package_run_dependencies/ament_cmake_python
[1.330s] -- Up-to-date: /home/lfvmu/kobuki/install/share/ament_index/resource_index/parent_prefix_path/ament_cmake_python
[1.330s] -- Up-to-date: /home/lfvmu/kobuki/install/share/ament_cmake_python/environment/ament_prefix_path.sh
[1.331s] -- Installing: /home/lfvmu/kobuki/install/share/ament_cmake_python/environment/ament_prefix_path.dsv
[1.331s] -- Up-to-date: /home/lfvmu/kobuki/install/share/ament_cmake_python/environment/path.sh
[1.331s] -- Installing: /home/lfvmu/kobuki/install/share/ament_cmake_python/environment/path.dsv
[1.331s] -- Up-to-date: /home/lfvmu/kobuki/install/share/ament_cmake_python/local_setup.bash
[1.331s] -- Up-to-date: /home/lfvmu/kobuki/install/share/ament_cmake_python/local_setup.sh
[1.332s] -- Up-to-date: /home/lfvmu/kobuki/install/share/ament_cmake_python/local_setup.zsh
[1.332s] -- Installing: /home/lfvmu/kobuki/install/share/ament_cmake_python/local_setup.dsv
[1.332s] -- Installing: /home/lfvmu/kobuki/install/share/ament_cmake_python/package.dsv
[1.332s] -- Up-to-date: /home/lfvmu/kobuki/install/share/ament_index/resource_index/packages/ament_cmake_python
[1.333s] -- Up-to-date: /home/lfvmu/kobuki/install/share/ament_cmake_python/cmake/ament_cmake_python-extras.cmake
[1.333s] -- Up-to-date: /home/lfvmu/kobuki/install/share/ament_cmake_python/cmake/ament_cmake_pythonConfig.cmake
[1.333s] -- Up-to-date: /home/lfvmu/kobuki/install/share/ament_cmake_python/cmake/ament_cmake_pythonConfig-version.cmake
[1.334s] -- Up-to-date: /home/lfvmu/kobuki/install/share/ament_cmake_python/package.xml
[1.334s] -- Up-to-date: /home/lfvmu/kobuki/install/share/ament_cmake_python/cmake
[1.334s] -- Up-to-date: /home/lfvmu/kobuki/install/share/ament_cmake_python/cmake/ament_python_install_package.cmake
[1.334s] -- Up-to-date: /home/lfvmu/kobuki/install/share/ament_cmake_python/cmake/ament_python_install_module.cmake
[1.342s] Invoked command in '/home/lfvmu/kobuki/build/ament_cmake_python' returned '0': /usr/bin/cmake --install /home/lfvmu/kobuki/build/ament_cmake_python
