[0.082s] Invoking command in '/home/lfvmu/kobuki/build/ament_cmake_python': /usr/bin/cmake /home/lfvmu/kobuki/src/ament_cmake/ament_cmake_python -DBUILD_TESTING=OFF --no-warn-unused-cli -DCMAKE_INSTALL_PREFIX=/home/lfvmu/kobuki/install
[0.097s] Not searching for unused variables given on the command line.
[0.102s] -- Found ament_cmake_core: 0.9.11 (/home/lfvmu/kobuki/install/share/ament_cmake_core/cmake)
[0.145s] -- Using PYTHON_EXECUTABLE: /usr/bin/python3
[0.631s] -- Configuring done
[0.631s] -- Generating done
[0.631s] -- Build files have been written to: /home/lfvmu/kobuki/build/ament_cmake_python
[0.647s] Invoked command in '/home/lfvmu/kobuki/build/ament_cmake_python' returned '0': /usr/bin/cmake /home/lfvmu/kobuki/src/ament_cmake/ament_cmake_python -DBUILD_TESTING=OFF --no-warn-unused-cli -DCMAKE_INSTALL_PREFIX=/home/lfvmu/kobuki/install
[0.654s] Invoking command in '/home/lfvmu/kobuki/build/ament_cmake_python': /usr/bin/cmake --build /home/lfvmu/kobuki/build/ament_cmake_python -- -j4 -l4
[0.804s] Invoked command in '/home/lfvmu/kobuki/build/ament_cmake_python' returned '0': /usr/bin/cmake --build /home/lfvmu/kobuki/build/ament_cmake_python -- -j4 -l4
[0.875s] Invoking command in '/home/lfvmu/kobuki/build/ament_cmake_python': /usr/bin/cmake --install /home/lfvmu/kobuki/build/ament_cmake_python
[0.899s] -- Install configuration: "RelWithDebInfo"
[0.900s] -- Up-to-date: /home/lfvmu/kobuki/install/share/ament_index/resource_index/package_run_dependencies/ament_cmake_python
[0.900s] -- Up-to-date: /home/lfvmu/kobuki/install/share/ament_index/resource_index/parent_prefix_path/ament_cmake_python
[0.900s] -- Up-to-date: /home/lfvmu/kobuki/install/share/ament_cmake_python/environment/ament_prefix_path.sh
[0.900s] -- Installing: /home/lfvmu/kobuki/install/share/ament_cmake_python/environment/ament_prefix_path.dsv
[0.901s] -- Up-to-date: /home/lfvmu/kobuki/install/share/ament_cmake_python/environment/path.sh
[0.906s] -- Installing: /home/lfvmu/kobuki/install/share/ament_cmake_python/environment/path.dsv
[0.906s] -- Up-to-date: /home/lfvmu/kobuki/install/share/ament_cmake_python/local_setup.bash
[0.907s] -- Up-to-date: /home/lfvmu/kobuki/install/share/ament_cmake_python/local_setup.sh
[0.907s] -- Up-to-date: /home/lfvmu/kobuki/install/share/ament_cmake_python/local_setup.zsh
[0.907s] -- Installing: /home/lfvmu/kobuki/install/share/ament_cmake_python/local_setup.dsv
[0.907s] -- Installing: /home/lfvmu/kobuki/install/share/ament_cmake_python/package.dsv
[0.907s] -- Up-to-date: /home/lfvmu/kobuki/install/share/ament_index/resource_index/packages/ament_cmake_python
[0.908s] -- Up-to-date: /home/lfvmu/kobuki/install/share/ament_cmake_python/cmake/ament_cmake_python-extras.cmake
[0.908s] -- Up-to-date: /home/lfvmu/kobuki/install/share/ament_cmake_python/cmake/ament_cmake_pythonConfig.cmake
[0.908s] -- Up-to-date: /home/lfvmu/kobuki/install/share/ament_cmake_python/cmake/ament_cmake_pythonConfig-version.cmake
[0.908s] -- Up-to-date: /home/lfvmu/kobuki/install/share/ament_cmake_python/package.xml
[0.909s] -- Up-to-date: /home/lfvmu/kobuki/install/share/ament_cmake_python/cmake
[0.909s] -- Up-to-date: /home/lfvmu/kobuki/install/share/ament_cmake_python/cmake/ament_python_install_package.cmake
[0.909s] -- Up-to-date: /home/lfvmu/kobuki/install/share/ament_cmake_python/cmake/ament_python_install_module.cmake
[1.069s] Invoked command in '/home/lfvmu/kobuki/build/ament_cmake_python' returned '0': /usr/bin/cmake --install /home/lfvmu/kobuki/build/ament_cmake_python
