[0.267s] Invoking command in '/home/lfvmu/kobuki/build/ecl_io': /usr/bin/cmake /home/lfvmu/kobuki/src/ecl_lite/ecl_io -DBUILD_TESTING=OFF -DCMAKE_BUILD_TYPE=RelWithDebInfo -DCMAKE_INSTALL_PREFIX=/home/lfvmu/kobuki/install
[0.331s] -- Found ament_cmake_ros: 0.9.2 (/home/lfvmu/kobuki/install/share/ament_cmake_ros/cmake)
[0.360s] -- Using PYTHON_EXECUTABLE: /usr/bin/python3
[0.728s] -- Found ecl_build: 1.0.3 (/home/lfvmu/kobuki/install/share/ecl_build/cmake)
[0.748s] -- Found ecl_config: 1.1.0 (/home/lfvmu/kobuki/install/share/ecl_config/cmake)
[0.757s] -- Found ecl_errors: 1.1.0 (/home/lfvmu/kobuki/install/share/ecl_errors/cmake)
[0.923s] -- Configuring done
[0.964s] -- Generating done
[0.967s] -- Build files have been written to: /home/lfvmu/kobuki/build/ecl_io
[1.072s] Invoked command in '/home/lfvmu/kobuki/build/ecl_io' returned '0': /usr/bin/cmake /home/lfvmu/kobuki/src/ecl_lite/ecl_io -DBUILD_TESTING=OFF -DCMAKE_BUILD_TYPE=RelWithDebInfo -DCMAKE_INSTALL_PREFIX=/home/lfvmu/kobuki/install
[1.078s] Invoking command in '/home/lfvmu/kobuki/build/ecl_io': /usr/bin/cmake --build /home/lfvmu/kobuki/build/ecl_io -- -j4 -l4
[1.216s] [ 40%] Built target ecl_io
[1.273s] [ 60%] Built target ecl_io_example_sockets
[1.294s] [ 80%] Built target ecl_io_example_socketpair
[1.306s] [100%] Built target ecl_io_example_poll
[1.334s] Invoked command in '/home/lfvmu/kobuki/build/ecl_io' returned '0': /usr/bin/cmake --build /home/lfvmu/kobuki/build/ecl_io -- -j4 -l4
[1.607s] Invoking command in '/home/lfvmu/kobuki/build/ecl_io': /usr/bin/cmake --install /home/lfvmu/kobuki/build/ecl_io
[1.645s] -- Install configuration: "RelWithDebInfo"
[1.646s] -- Up-to-date: /home/lfvmu/kobuki/install/share/ecl_io/environment/library_path.sh
[1.646s] -- Installing: /home/lfvmu/kobuki/install/share/ecl_io/environment/library_path.dsv
[1.647s] -- Up-to-date: /home/lfvmu/kobuki/install/share/ament_index/resource_index/package_run_dependencies/ecl_io
[1.648s] -- Up-to-date: /home/lfvmu/kobuki/install/share/ament_index/resource_index/parent_prefix_path/ecl_io
[1.650s] -- Up-to-date: /home/lfvmu/kobuki/install/share/ecl_io/environment/ament_prefix_path.sh
[1.651s] -- Installing: /home/lfvmu/kobuki/install/share/ecl_io/environment/ament_prefix_path.dsv
[1.652s] -- Up-to-date: /home/lfvmu/kobuki/install/share/ecl_io/environment/path.sh
[1.653s] -- Installing: /home/lfvmu/kobuki/install/share/ecl_io/environment/path.dsv
[1.656s] -- Up-to-date: /home/lfvmu/kobuki/install/share/ecl_io/local_setup.bash
[1.656s] -- Up-to-date: /home/lfvmu/kobuki/install/share/ecl_io/local_setup.sh
[1.657s] -- Up-to-date: /home/lfvmu/kobuki/install/share/ecl_io/local_setup.zsh
[1.658s] -- Installing: /home/lfvmu/kobuki/install/share/ecl_io/local_setup.dsv
[1.660s] -- Installing: /home/lfvmu/kobuki/install/share/ecl_io/package.dsv
[1.661s] -- Up-to-date: /home/lfvmu/kobuki/install/share/ament_index/resource_index/packages/ecl_io
[1.663s] -- Up-to-date: /home/lfvmu/kobuki/install/share/ecl_io/cmake/ecl_ioExport.cmake
[1.665s] -- Installing: /home/lfvmu/kobuki/install/share/ecl_io/cmake/ecl_ioExport-relwithdebinfo.cmake
[1.666s] -- Up-to-date: /home/lfvmu/kobuki/install/share/ecl_io/cmake/ament_cmake_export_targets-extras.cmake
[1.666s] -- Up-to-date: /home/lfvmu/kobuki/install/share/ecl_io/cmake/ament_cmake_export_include_directories-extras.cmake
[1.667s] -- Up-to-date: /home/lfvmu/kobuki/install/share/ecl_io/cmake/ament_cmake_export_libraries-extras.cmake
[1.668s] -- Up-to-date: /home/lfvmu/kobuki/install/share/ecl_io/cmake/ament_cmake_export_dependencies-extras.cmake
[1.670s] -- Up-to-date: /home/lfvmu/kobuki/install/share/ecl_io/cmake/ecl_ioConfig.cmake
[1.670s] -- Up-to-date: /home/lfvmu/kobuki/install/share/ecl_io/cmake/ecl_ioConfig-version.cmake
[1.670s] -- Up-to-date: /home/lfvmu/kobuki/install/share/ecl_io/package.xml
[1.671s] -- Up-to-date: /home/lfvmu/kobuki/install/include/ecl/io.hpp
[1.672s] -- Up-to-date: /home/lfvmu/kobuki/install/include/ecl/sockets/macros.hpp
[1.672s] -- Up-to-date: /home/lfvmu/kobuki/install/include/ecl/sockets/poll.hpp
[1.672s] -- Up-to-date: /home/lfvmu/kobuki/install/include/ecl/sockets/socketpair.hpp
[1.672s] -- Up-to-date: /home/lfvmu/kobuki/install/include/ecl/sockets/sockets.hpp
[1.674s] -- Up-to-date: /home/lfvmu/kobuki/install/lib/libecl_io.so.1.1.0
[1.675s] -- Up-to-date: /home/lfvmu/kobuki/install/lib/libecl_io.so
[1.676s] -- Up-to-date: /home/lfvmu/kobuki/install/lib/ecl_io/demo_sockets
[1.677s] -- Up-to-date: /home/lfvmu/kobuki/install/lib/ecl_io/demo_socketpair
[1.678s] -- Up-to-date: /home/lfvmu/kobuki/install/lib/ecl_io/demo_poll
[1.688s] Invoked command in '/home/lfvmu/kobuki/build/ecl_io' returned '0': /usr/bin/cmake --install /home/lfvmu/kobuki/build/ecl_io
