[0.286s] Invoking command in '/home/lfvmu/kobuki/build/ecl_time_lite': /usr/bin/cmake /home/lfvmu/kobuki/src/ecl_lite/ecl_time_lite -DBUILD_TESTING=OFF -DCMAKE_BUILD_TYPE=RelWithDebInfo -DCMAKE_INSTALL_PREFIX=/home/lfvmu/kobuki/install
[0.341s] -- Found ament_cmake_ros: 0.9.2 (/home/lfvmu/kobuki/install/share/ament_cmake_ros/cmake)
[0.392s] -- Using PYTHON_EXECUTABLE: /usr/bin/python3
[0.746s] -- Found ecl_build: 1.0.3 (/home/lfvmu/kobuki/install/share/ecl_build/cmake)
[0.765s] -- Found ecl_config: 1.1.0 (/home/lfvmu/kobuki/install/share/ecl_config/cmake)
[0.765s] -- Found ecl_errors: 1.1.0 (/home/lfvmu/kobuki/install/share/ecl_errors/cmake)
[0.933s] -- Configuring done
[0.971s] -- Generating done
[0.971s] -- Build files have been written to: /home/lfvmu/kobuki/build/ecl_time_lite
[1.102s] Invoked command in '/home/lfvmu/kobuki/build/ecl_time_lite' returned '0': /usr/bin/cmake /home/lfvmu/kobuki/src/ecl_lite/ecl_time_lite -DBUILD_TESTING=OFF -DCMAKE_BUILD_TYPE=RelWithDebInfo -DCMAKE_INSTALL_PREFIX=/home/lfvmu/kobuki/install
[1.108s] Invoking command in '/home/lfvmu/kobuki/build/ecl_time_lite': /usr/bin/cmake --build /home/lfvmu/kobuki/build/ecl_time_lite -- -j4 -l4
[1.284s] [ 77%] Built target ecl_time_lite
[1.321s] [100%] Built target demo_time_functions
[1.346s] Invoked command in '/home/lfvmu/kobuki/build/ecl_time_lite' returned '0': /usr/bin/cmake --build /home/lfvmu/kobuki/build/ecl_time_lite -- -j4 -l4
[1.623s] Invoking command in '/home/lfvmu/kobuki/build/ecl_time_lite': /usr/bin/cmake --install /home/lfvmu/kobuki/build/ecl_time_lite
[1.662s] -- Install configuration: "RelWithDebInfo"
[1.663s] -- Up-to-date: /home/lfvmu/kobuki/install/share/ecl_time_lite/environment/library_path.sh
[1.663s] -- Installing: /home/lfvmu/kobuki/install/share/ecl_time_lite/environment/library_path.dsv
[1.664s] -- Up-to-date: /home/lfvmu/kobuki/install/share/ament_index/resource_index/package_run_dependencies/ecl_time_lite
[1.665s] -- Up-to-date: /home/lfvmu/kobuki/install/share/ament_index/resource_index/parent_prefix_path/ecl_time_lite
[1.665s] -- Up-to-date: /home/lfvmu/kobuki/install/share/ecl_time_lite/environment/ament_prefix_path.sh
[1.665s] -- Installing: /home/lfvmu/kobuki/install/share/ecl_time_lite/environment/ament_prefix_path.dsv
[1.666s] -- Up-to-date: /home/lfvmu/kobuki/install/share/ecl_time_lite/environment/path.sh
[1.666s] -- Installing: /home/lfvmu/kobuki/install/share/ecl_time_lite/environment/path.dsv
[1.667s] -- Up-to-date: /home/lfvmu/kobuki/install/share/ecl_time_lite/local_setup.bash
[1.667s] -- Up-to-date: /home/lfvmu/kobuki/install/share/ecl_time_lite/local_setup.sh
[1.668s] -- Up-to-date: /home/lfvmu/kobuki/install/share/ecl_time_lite/local_setup.zsh
[1.668s] -- Installing: /home/lfvmu/kobuki/install/share/ecl_time_lite/local_setup.dsv
[1.669s] -- Installing: /home/lfvmu/kobuki/install/share/ecl_time_lite/package.dsv
[1.669s] -- Up-to-date: /home/lfvmu/kobuki/install/share/ament_index/resource_index/packages/ecl_time_lite
[1.670s] -- Up-to-date: /home/lfvmu/kobuki/install/share/ecl_time_lite/cmake/ecl_time_liteExport.cmake
[1.671s] -- Installing: /home/lfvmu/kobuki/install/share/ecl_time_lite/cmake/ecl_time_liteExport-relwithdebinfo.cmake
[1.671s] -- Up-to-date: /home/lfvmu/kobuki/install/share/ecl_time_lite/cmake/ament_cmake_export_targets-extras.cmake
[1.672s] -- Up-to-date: /home/lfvmu/kobuki/install/share/ecl_time_lite/cmake/ament_cmake_export_include_directories-extras.cmake
[1.672s] -- Up-to-date: /home/lfvmu/kobuki/install/share/ecl_time_lite/cmake/ament_cmake_export_libraries-extras.cmake
[1.672s] -- Up-to-date: /home/lfvmu/kobuki/install/share/ecl_time_lite/cmake/ament_cmake_export_dependencies-extras.cmake
[1.673s] -- Up-to-date: /home/lfvmu/kobuki/install/share/ecl_time_lite/cmake/ecl_time_liteConfig.cmake
[1.673s] -- Up-to-date: /home/lfvmu/kobuki/install/share/ecl_time_lite/cmake/ecl_time_liteConfig-version.cmake
[1.673s] -- Up-to-date: /home/lfvmu/kobuki/install/share/ecl_time_lite/package.xml
[1.675s] -- Up-to-date: /home/lfvmu/kobuki/install/include/ecl/time_lite.hpp
[1.675s] -- Up-to-date: /home/lfvmu/kobuki/install/include/ecl/time_lite/cpu_time.hpp
[1.676s] -- Up-to-date: /home/lfvmu/kobuki/install/include/ecl/time_lite/date.hpp
[1.676s] -- Up-to-date: /home/lfvmu/kobuki/install/include/ecl/time_lite/errors.hpp
[1.676s] -- Up-to-date: /home/lfvmu/kobuki/install/include/ecl/time_lite/functions.hpp
[1.677s] -- Up-to-date: /home/lfvmu/kobuki/install/include/ecl/time_lite/functions_mac.hpp
[1.677s] -- Up-to-date: /home/lfvmu/kobuki/install/include/ecl/time_lite/functions_pos.hpp
[1.677s] -- Up-to-date: /home/lfvmu/kobuki/install/include/ecl/time_lite/functions_rt.hpp
[1.677s] -- Up-to-date: /home/lfvmu/kobuki/install/include/ecl/time_lite/functions_win.hpp
[1.678s] -- Up-to-date: /home/lfvmu/kobuki/install/include/ecl/time_lite/macros.hpp
[1.678s] -- Up-to-date: /home/lfvmu/kobuki/install/include/ecl/time_lite/types.hpp
[1.678s] -- Up-to-date: /home/lfvmu/kobuki/install/include/ecl/time_lite/types_pos.hpp
[1.679s] -- Up-to-date: /home/lfvmu/kobuki/install/include/ecl/time_lite/types_win.hpp
[1.679s] -- Up-to-date: /home/lfvmu/kobuki/install/include/ecl/time_lite/config.hpp
[1.681s] -- Up-to-date: /home/lfvmu/kobuki/install/lib/libecl_time_lite.so.1.1.0
[1.681s] -- Up-to-date: /home/lfvmu/kobuki/install/lib/libecl_time_lite.so
[1.683s] -- Up-to-date: /home/lfvmu/kobuki/install/lib/ecl_time_lite/demo_time_functions
[1.692s] Invoked command in '/home/lfvmu/kobuki/build/ecl_time_lite' returned '0': /usr/bin/cmake --install /home/lfvmu/kobuki/build/ecl_time_lite
