[0.089s] Invoking command in '/home/lfvmu/kobuki/build/ament_cmake_cpplint': AMENT_PREFIX_PATH=/home/lfvmu/kobuki/install CMAKE_PREFIX_PATH=/home/lfvmu/kobuki/install LD_LIBRARY_PATH=/home/lfvmu/kobuki/install/lib PATH=/home/lfvmu/kobuki/install/bin:${PATH} PYTHONPATH=/home/lfvmu/kobuki/install/lib/python3.8/site-packages /usr/bin/cmake /home/lfvmu/kobuki/src/ament_lint/ament_cmake_cpplint -DBUILD_TESTING=OFF --no-warn-unused-cli -DCMAKE_INSTALL_PREFIX=/home/lfvmu/kobuki/install
[0.110s] Not searching for unused variables given on the command line.
[0.115s] -- Found ament_cmake_core: 0.9.11 (/home/lfvmu/kobuki/install/share/ament_cmake_core/cmake)
[0.156s] -- Using PYTHON_EXECUTABLE: /usr/bin/python3
[0.475s] -- Found ament_cmake_test: 0.9.11 (/home/lfvmu/kobuki/install/share/ament_cmake_test/cmake)
[0.614s] -- Configuring done
[0.632s] -- Generating done
[0.632s] -- Build files have been written to: /home/lfvmu/kobuki/build/ament_cmake_cpplint
[0.771s] Invoked command in '/home/lfvmu/kobuki/build/ament_cmake_cpplint' returned '0': AMENT_PREFIX_PATH=/home/lfvmu/kobuki/install CMAKE_PREFIX_PATH=/home/lfvmu/kobuki/install LD_LIBRARY_PATH=/home/lfvmu/kobuki/install/lib PATH=/home/lfvmu/kobuki/install/bin:${PATH} PYTHONPATH=/home/lfvmu/kobuki/install/lib/python3.8/site-packages /usr/bin/cmake /home/lfvmu/kobuki/src/ament_lint/ament_cmake_cpplint -DBUILD_TESTING=OFF --no-warn-unused-cli -DCMAKE_INSTALL_PREFIX=/home/lfvmu/kobuki/install
[0.773s] Invoking command in '/home/lfvmu/kobuki/build/ament_cmake_cpplint': AMENT_PREFIX_PATH=/home/lfvmu/kobuki/install CMAKE_PREFIX_PATH=/home/lfvmu/kobuki/install LD_LIBRARY_PATH=/home/lfvmu/kobuki/install/lib PATH=/home/lfvmu/kobuki/install/bin:${PATH} PYTHONPATH=/home/lfvmu/kobuki/install/lib/python3.8/site-packages /usr/bin/cmake --build /home/lfvmu/kobuki/build/ament_cmake_cpplint -- -j4 -l4
[1.014s] Invoked command in '/home/lfvmu/kobuki/build/ament_cmake_cpplint' returned '0': AMENT_PREFIX_PATH=/home/lfvmu/kobuki/install CMAKE_PREFIX_PATH=/home/lfvmu/kobuki/install LD_LIBRARY_PATH=/home/lfvmu/kobuki/install/lib PATH=/home/lfvmu/kobuki/install/bin:${PATH} PYTHONPATH=/home/lfvmu/kobuki/install/lib/python3.8/site-packages /usr/bin/cmake --build /home/lfvmu/kobuki/build/ament_cmake_cpplint -- -j4 -l4
[1.263s] Invoking command in '/home/lfvmu/kobuki/build/ament_cmake_cpplint': AMENT_PREFIX_PATH=/home/lfvmu/kobuki/install CMAKE_PREFIX_PATH=/home/lfvmu/kobuki/install LD_LIBRARY_PATH=/home/lfvmu/kobuki/install/lib PATH=/home/lfvmu/kobuki/install/bin:${PATH} PYTHONPATH=/home/lfvmu/kobuki/install/lib/python3.8/site-packages /usr/bin/cmake --install /home/lfvmu/kobuki/build/ament_cmake_cpplint
[1.296s] -- Install configuration: ""
[1.296s] -- Up-to-date: /home/lfvmu/kobuki/install/share/ament_index/resource_index/package_run_dependencies/ament_cmake_cpplint
[1.297s] -- Up-to-date: /home/lfvmu/kobuki/install/share/ament_index/resource_index/parent_prefix_path/ament_cmake_cpplint
[1.297s] -- Up-to-date: /home/lfvmu/kobuki/install/share/ament_cmake_cpplint/environment/ament_prefix_path.sh
[1.297s] -- Installing: /home/lfvmu/kobuki/install/share/ament_cmake_cpplint/environment/ament_prefix_path.dsv
[1.298s] -- Up-to-date: /home/lfvmu/kobuki/install/share/ament_cmake_cpplint/environment/path.sh
[1.298s] -- Installing: /home/lfvmu/kobuki/install/share/ament_cmake_cpplint/environment/path.dsv
[1.301s] -- Up-to-date: /home/lfvmu/kobuki/install/share/ament_cmake_cpplint/local_setup.bash
[1.301s] -- Up-to-date: /home/lfvmu/kobuki/install/share/ament_cmake_cpplint/local_setup.sh
[1.301s] -- Up-to-date: /home/lfvmu/kobuki/install/share/ament_cmake_cpplint/local_setup.zsh
[1.301s] -- Installing: /home/lfvmu/kobuki/install/share/ament_cmake_cpplint/local_setup.dsv
[1.301s] -- Installing: /home/lfvmu/kobuki/install/share/ament_cmake_cpplint/package.dsv
[1.301s] -- Up-to-date: /home/lfvmu/kobuki/install/share/ament_index/resource_index/packages/ament_cmake_cpplint
[1.302s] -- Up-to-date: /home/lfvmu/kobuki/install/share/ament_cmake_cpplint/cmake/ament_cmake_cpplint-extras.cmake
[1.302s] -- Up-to-date: /home/lfvmu/kobuki/install/share/ament_cmake_cpplint/cmake/ament_cmake_cpplintConfig.cmake
[1.303s] -- Up-to-date: /home/lfvmu/kobuki/install/share/ament_cmake_cpplint/cmake/ament_cmake_cpplintConfig-version.cmake
[1.303s] -- Up-to-date: /home/lfvmu/kobuki/install/share/ament_cmake_cpplint/package.xml
[1.303s] -- Up-to-date: /home/lfvmu/kobuki/install/share/ament_cmake_cpplint/cmake
[1.303s] -- Up-to-date: /home/lfvmu/kobuki/install/share/ament_cmake_cpplint/cmake/ament_cpplint.cmake
[1.303s] -- Up-to-date: /home/lfvmu/kobuki/install/share/ament_cmake_cpplint/cmake/ament_cmake_cpplint_lint_hook.cmake
[1.312s] Invoked command in '/home/lfvmu/kobuki/build/ament_cmake_cpplint' returned '0': AMENT_PREFIX_PATH=/home/lfvmu/kobuki/install CMAKE_PREFIX_PATH=/home/lfvmu/kobuki/install LD_LIBRARY_PATH=/home/lfvmu/kobuki/install/lib PATH=/home/lfvmu/kobuki/install/bin:${PATH} PYTHONPATH=/home/lfvmu/kobuki/install/lib/python3.8/site-packages /usr/bin/cmake --install /home/lfvmu/kobuki/build/ament_cmake_cpplint
