[0.849s] Invoking command in '/home/lfvmu/kobuki/build/ecl_lite': AMENT_PREFIX_PATH=/home/lfvmu/kobuki/install CMAKE_PREFIX_PATH=/home/lfvmu/kobuki/install LD_LIBRARY_PATH=/home/lfvmu/kobuki/install/lib PATH=/home/lfvmu/kobuki/install/bin:${PATH} PYTHONPATH=/home/lfvmu/kobuki/install/lib/python3.8/site-packages /usr/bin/cmake /home/lfvmu/kobuki/src/ecl_lite/ecl_lite -DBUILD_TESTING=OFF -DCMAKE_INSTALL_PREFIX=/home/lfvmu/kobuki/install
[1.085s] -- The C compiler identification is GNU 9.4.0
[1.277s] -- The CXX compiler identification is GNU 9.4.0
[1.292s] -- Check for working C compiler: /usr/bin/cc
[1.487s] -- Check for working C compiler: /usr/bin/cc -- works
[1.489s] -- Detecting C compiler ABI info
[1.724s] -- Detecting C compiler ABI info - done
[1.781s] -- Detecting C compile features
[1.782s] -- Detecting C compile features - done
[1.795s] -- Check for working CXX compiler: /usr/bin/c++
[2.129s] -- Check for working CXX compiler: /usr/bin/c++ -- works
[2.133s] -- Detecting CXX compiler ABI info
[2.541s] -- Detecting CXX compiler ABI info - done
[2.653s] -- Detecting CXX compile features
[2.654s] -- Detecting CXX compile features - done
[2.658s] -- Found ament_cmake_ros: 0.9.2 (/home/lfvmu/kobuki/install/share/ament_cmake_ros/cmake)
[2.709s] -- Found PythonInterp: /usr/bin/python3 (found suitable version "3.8.10", minimum required is "3") 
[2.710s] -- Using PYTHON_EXECUTABLE: /usr/bin/python3
[3.312s] -- Configuring done
[3.329s] -- Generating done
[3.329s] -- Build files have been written to: /home/lfvmu/kobuki/build/ecl_lite
[3.366s] Invoked command in '/home/lfvmu/kobuki/build/ecl_lite' returned '0': AMENT_PREFIX_PATH=/home/lfvmu/kobuki/install CMAKE_PREFIX_PATH=/home/lfvmu/kobuki/install LD_LIBRARY_PATH=/home/lfvmu/kobuki/install/lib PATH=/home/lfvmu/kobuki/install/bin:${PATH} PYTHONPATH=/home/lfvmu/kobuki/install/lib/python3.8/site-packages /usr/bin/cmake /home/lfvmu/kobuki/src/ecl_lite/ecl_lite -DBUILD_TESTING=OFF -DCMAKE_INSTALL_PREFIX=/home/lfvmu/kobuki/install
[3.372s] Invoking command in '/home/lfvmu/kobuki/build/ecl_lite': AMENT_PREFIX_PATH=/home/lfvmu/kobuki/install CMAKE_PREFIX_PATH=/home/lfvmu/kobuki/install LD_LIBRARY_PATH=/home/lfvmu/kobuki/install/lib PATH=/home/lfvmu/kobuki/install/bin:${PATH} PYTHONPATH=/home/lfvmu/kobuki/install/lib/python3.8/site-packages /usr/bin/cmake --build /home/lfvmu/kobuki/build/ecl_lite -- -j4 -l4
[3.592s] Invoked command in '/home/lfvmu/kobuki/build/ecl_lite' returned '0': AMENT_PREFIX_PATH=/home/lfvmu/kobuki/install CMAKE_PREFIX_PATH=/home/lfvmu/kobuki/install LD_LIBRARY_PATH=/home/lfvmu/kobuki/install/lib PATH=/home/lfvmu/kobuki/install/bin:${PATH} PYTHONPATH=/home/lfvmu/kobuki/install/lib/python3.8/site-packages /usr/bin/cmake --build /home/lfvmu/kobuki/build/ecl_lite -- -j4 -l4
[3.645s] Invoking command in '/home/lfvmu/kobuki/build/ecl_lite': AMENT_PREFIX_PATH=/home/lfvmu/kobuki/install CMAKE_PREFIX_PATH=/home/lfvmu/kobuki/install LD_LIBRARY_PATH=/home/lfvmu/kobuki/install/lib PATH=/home/lfvmu/kobuki/install/bin:${PATH} PYTHONPATH=/home/lfvmu/kobuki/install/lib/python3.8/site-packages /usr/bin/cmake --install /home/lfvmu/kobuki/build/ecl_lite
[3.670s] -- Install configuration: ""
[3.672s] -- Installing: /home/lfvmu/kobuki/install/share/ament_index/resource_index/package_run_dependencies/ecl_lite
[3.674s] -- Installing: /home/lfvmu/kobuki/install/share/ament_index/resource_index/parent_prefix_path/ecl_lite
[3.677s] -- Installing: /home/lfvmu/kobuki/install/share/ecl_lite/environment/ament_prefix_path.sh
[3.679s] -- Installing: /home/lfvmu/kobuki/install/share/ecl_lite/environment/ament_prefix_path.dsv
[3.684s] -- Installing: /home/lfvmu/kobuki/install/share/ecl_lite/environment/path.sh
[3.691s] -- Installing: /home/lfvmu/kobuki/install/share/ecl_lite/environment/path.dsv
[3.694s] -- Installing: /home/lfvmu/kobuki/install/share/ecl_lite/local_setup.bash
[3.717s] -- Installing: /home/lfvmu/kobuki/install/share/ecl_lite/local_setup.sh
[3.718s] -- Installing: /home/lfvmu/kobuki/install/share/ecl_lite/local_setup.zsh
[3.719s] -- Installing: /home/lfvmu/kobuki/install/share/ecl_lite/local_setup.dsv
[3.719s] -- Installing: /home/lfvmu/kobuki/install/share/ecl_lite/package.dsv
[3.719s] -- Installing: /home/lfvmu/kobuki/install/share/ament_index/resource_index/packages/ecl_lite
[3.720s] -- Installing: /home/lfvmu/kobuki/install/share/ecl_lite/cmake/ecl_liteConfig.cmake
[3.721s] -- Installing: /home/lfvmu/kobuki/install/share/ecl_lite/cmake/ecl_liteConfig-version.cmake
[3.721s] -- Installing: /home/lfvmu/kobuki/install/share/ecl_lite/package.xml
[3.855s] Invoked command in '/home/lfvmu/kobuki/build/ecl_lite' returned '0': AMENT_PREFIX_PATH=/home/lfvmu/kobuki/install CMAKE_PREFIX_PATH=/home/lfvmu/kobuki/install LD_LIBRARY_PATH=/home/lfvmu/kobuki/install/lib PATH=/home/lfvmu/kobuki/install/bin:${PATH} PYTHONPATH=/home/lfvmu/kobuki/install/lib/python3.8/site-packages /usr/bin/cmake --install /home/lfvmu/kobuki/build/ecl_lite
