[0.129s] Invoking command in '/home/lfvmu/kobuki/build/ament_cmake_cppcheck': /usr/bin/cmake /home/lfvmu/kobuki/src/ament_lint/ament_cmake_cppcheck -DBUILD_TESTING=OFF -DCMAKE_BUILD_TYPE=RelWithDebInfo -DCMAKE_INSTALL_PREFIX=/home/lfvmu/kobuki/install
[0.150s] -- Found ament_cmake_core: 0.9.11 (/home/lfvmu/kobuki/install/share/ament_cmake_core/cmake)
[0.192s] -- Using PYTHON_EXECUTABLE: /usr/bin/python3
[0.525s] -- Found ament_cmake_test: 0.9.11 (/home/lfvmu/kobuki/install/share/ament_cmake_test/cmake)
[0.672s] -- Configuring done
[0.672s] -- Generating done
[0.674s] -- Build files have been written to: /home/lfvmu/kobuki/build/ament_cmake_cppcheck
[0.895s] Invoked command in '/home/lfvmu/kobuki/build/ament_cmake_cppcheck' returned '0': /usr/bin/cmake /home/lfvmu/kobuki/src/ament_lint/ament_cmake_cppcheck -DBUILD_TESTING=OFF -DCMAKE_BUILD_TYPE=RelWithDebInfo -DCMAKE_INSTALL_PREFIX=/home/lfvmu/kobuki/install
[0.919s] Invoking command in '/home/lfvmu/kobuki/build/ament_cmake_cppcheck': /usr/bin/cmake --build /home/lfvmu/kobuki/build/ament_cmake_cppcheck -- -j4 -l4
[1.319s] Invoked command in '/home/lfvmu/kobuki/build/ament_cmake_cppcheck' returned '0': /usr/bin/cmake --build /home/lfvmu/kobuki/build/ament_cmake_cppcheck -- -j4 -l4
[1.392s] Invoking command in '/home/lfvmu/kobuki/build/ament_cmake_cppcheck': /usr/bin/cmake --install /home/lfvmu/kobuki/build/ament_cmake_cppcheck
[1.412s] -- Install configuration: "RelWithDebInfo"
[1.412s] -- Up-to-date: /home/lfvmu/kobuki/install/share/ament_index/resource_index/package_run_dependencies/ament_cmake_cppcheck
[1.413s] -- Up-to-date: /home/lfvmu/kobuki/install/share/ament_index/resource_index/parent_prefix_path/ament_cmake_cppcheck
[1.413s] -- Up-to-date: /home/lfvmu/kobuki/install/share/ament_cmake_cppcheck/environment/ament_prefix_path.sh
[1.413s] -- Installing: /home/lfvmu/kobuki/install/share/ament_cmake_cppcheck/environment/ament_prefix_path.dsv
[1.414s] -- Up-to-date: /home/lfvmu/kobuki/install/share/ament_cmake_cppcheck/environment/path.sh
[1.414s] -- Installing: /home/lfvmu/kobuki/install/share/ament_cmake_cppcheck/environment/path.dsv
[1.414s] -- Up-to-date: /home/lfvmu/kobuki/install/share/ament_cmake_cppcheck/local_setup.bash
[1.415s] -- Up-to-date: /home/lfvmu/kobuki/install/share/ament_cmake_cppcheck/local_setup.sh
[1.415s] -- Up-to-date: /home/lfvmu/kobuki/install/share/ament_cmake_cppcheck/local_setup.zsh
[1.415s] -- Installing: /home/lfvmu/kobuki/install/share/ament_cmake_cppcheck/local_setup.dsv
[1.415s] -- Installing: /home/lfvmu/kobuki/install/share/ament_cmake_cppcheck/package.dsv
[1.416s] -- Up-to-date: /home/lfvmu/kobuki/install/share/ament_index/resource_index/packages/ament_cmake_cppcheck
[1.416s] -- Up-to-date: /home/lfvmu/kobuki/install/share/ament_cmake_cppcheck/cmake/ament_cmake_cppcheck-extras.cmake
[1.416s] -- Up-to-date: /home/lfvmu/kobuki/install/share/ament_cmake_cppcheck/cmake/ament_cmake_cppcheckConfig.cmake
[1.416s] -- Up-to-date: /home/lfvmu/kobuki/install/share/ament_cmake_cppcheck/cmake/ament_cmake_cppcheckConfig-version.cmake
[1.416s] -- Up-to-date: /home/lfvmu/kobuki/install/share/ament_cmake_cppcheck/package.xml
[1.417s] -- Up-to-date: /home/lfvmu/kobuki/install/share/ament_cmake_cppcheck/cmake
[1.417s] -- Up-to-date: /home/lfvmu/kobuki/install/share/ament_cmake_cppcheck/cmake/ament_cmake_cppcheck_lint_hook.cmake
[1.418s] -- Up-to-date: /home/lfvmu/kobuki/install/share/ament_cmake_cppcheck/cmake/ament_cppcheck.cmake
[1.426s] Invoked command in '/home/lfvmu/kobuki/build/ament_cmake_cppcheck' returned '0': /usr/bin/cmake --install /home/lfvmu/kobuki/build/ament_cmake_cppcheck
