[0.473s] Invoking command in '/home/lfvmu/kobuki/build/ament_cmake_pycodestyle': /usr/bin/cmake /home/lfvmu/kobuki/src/ament_lint/ament_cmake_pycodestyle -DBUILD_TESTING=OFF -DCMAKE_BUILD_TYPE=RelWithDebInfo -DCMAKE_INSTALL_PREFIX=/home/lfvmu/kobuki/install
[0.498s] -- Found ament_cmake_core: 0.9.11 (/home/lfvmu/kobuki/install/share/ament_cmake_core/cmake)
[0.546s] -- Using PYTHON_EXECUTABLE: /usr/bin/python3
[0.876s] -- Found ament_cmake_test: 0.9.11 (/home/lfvmu/kobuki/install/share/ament_cmake_test/cmake)
[1.018s] -- Configuring done
[1.026s] -- Generating done
[1.029s] -- Build files have been written to: /home/lfvmu/kobuki/build/ament_cmake_pycodestyle
[1.039s] Invoked command in '/home/lfvmu/kobuki/build/ament_cmake_pycodestyle' returned '0': /usr/bin/cmake /home/lfvmu/kobuki/src/ament_lint/ament_cmake_pycodestyle -DBUILD_TESTING=OFF -DCMAKE_BUILD_TYPE=RelWithDebInfo -DCMAKE_INSTALL_PREFIX=/home/lfvmu/kobuki/install
[1.040s] Invoking command in '/home/lfvmu/kobuki/build/ament_cmake_pycodestyle': /usr/bin/cmake --build /home/lfvmu/kobuki/build/ament_cmake_pycodestyle -- -j4 -l4
[1.318s] Invoked command in '/home/lfvmu/kobuki/build/ament_cmake_pycodestyle' returned '0': /usr/bin/cmake --build /home/lfvmu/kobuki/build/ament_cmake_pycodestyle -- -j4 -l4
[1.382s] Invoking command in '/home/lfvmu/kobuki/build/ament_cmake_pycodestyle': /usr/bin/cmake --install /home/lfvmu/kobuki/build/ament_cmake_pycodestyle
[1.411s] -- Install configuration: "RelWithDebInfo"
[1.411s] -- Up-to-date: /home/lfvmu/kobuki/install/share/ament_index/resource_index/package_run_dependencies/ament_cmake_pycodestyle
[1.412s] -- Up-to-date: /home/lfvmu/kobuki/install/share/ament_index/resource_index/parent_prefix_path/ament_cmake_pycodestyle
[1.412s] -- Up-to-date: /home/lfvmu/kobuki/install/share/ament_cmake_pycodestyle/environment/ament_prefix_path.sh
[1.413s] -- Installing: /home/lfvmu/kobuki/install/share/ament_cmake_pycodestyle/environment/ament_prefix_path.dsv
[1.413s] -- Up-to-date: /home/lfvmu/kobuki/install/share/ament_cmake_pycodestyle/environment/path.sh
[1.414s] -- Installing: /home/lfvmu/kobuki/install/share/ament_cmake_pycodestyle/environment/path.dsv
[1.415s] -- Up-to-date: /home/lfvmu/kobuki/install/share/ament_cmake_pycodestyle/local_setup.bash
[1.416s] -- Up-to-date: /home/lfvmu/kobuki/install/share/ament_cmake_pycodestyle/local_setup.sh
[1.417s] -- Up-to-date: /home/lfvmu/kobuki/install/share/ament_cmake_pycodestyle/local_setup.zsh
[1.419s] -- Installing: /home/lfvmu/kobuki/install/share/ament_cmake_pycodestyle/local_setup.dsv
[1.422s] -- Installing: /home/lfvmu/kobuki/install/share/ament_cmake_pycodestyle/package.dsv
[1.423s] -- Up-to-date: /home/lfvmu/kobuki/install/share/ament_index/resource_index/packages/ament_cmake_pycodestyle
[1.423s] -- Up-to-date: /home/lfvmu/kobuki/install/share/ament_cmake_pycodestyle/cmake/ament_cmake_pycodestyle-extras.cmake
[1.424s] -- Up-to-date: /home/lfvmu/kobuki/install/share/ament_cmake_pycodestyle/cmake/ament_cmake_pycodestyleConfig.cmake
[1.425s] -- Up-to-date: /home/lfvmu/kobuki/install/share/ament_cmake_pycodestyle/cmake/ament_cmake_pycodestyleConfig-version.cmake
[1.426s] -- Up-to-date: /home/lfvmu/kobuki/install/share/ament_cmake_pycodestyle/package.xml
[1.426s] -- Up-to-date: /home/lfvmu/kobuki/install/share/ament_cmake_pycodestyle/cmake
[1.433s] -- Up-to-date: /home/lfvmu/kobuki/install/share/ament_cmake_pycodestyle/cmake/ament_cmake_pycodestyle_lint_hook.cmake
[1.433s] -- Up-to-date: /home/lfvmu/kobuki/install/share/ament_cmake_pycodestyle/cmake/ament_pycodestyle.cmake
[1.618s] Invoked command in '/home/lfvmu/kobuki/build/ament_cmake_pycodestyle' returned '0': /usr/bin/cmake --install /home/lfvmu/kobuki/build/ament_cmake_pycodestyle
