[0.572s] Invoking command in '/home/lfvmu/kobuki/build/ecl_math': /usr/bin/cmake /home/lfvmu/kobuki/src/ecl_core/ecl_math -DBUILD_TESTING=OFF --no-warn-unused-cli -DCMAKE_INSTALL_PREFIX=/home/lfvmu/kobuki/install
[0.595s] Not searching for unused variables given on the command line.
[0.618s] -- Found ament_cmake_ros: 0.9.2 (/home/lfvmu/kobuki/install/share/ament_cmake_ros/cmake)
[0.679s] -- Using PYTHON_EXECUTABLE: /usr/bin/python3
[1.021s] -- Found ecl_build: 1.0.3 (/home/lfvmu/kobuki/install/share/ecl_build/cmake)
[1.048s] -- Found ecl_type_traits: 1.2.1 (/home/lfvmu/kobuki/install/share/ecl_type_traits/cmake)
[1.265s] -- Configuring done
[1.279s] -- Generating done
[1.287s] -- Build files have been written to: /home/lfvmu/kobuki/build/ecl_math
[1.359s] Invoked command in '/home/lfvmu/kobuki/build/ecl_math' returned '0': /usr/bin/cmake /home/lfvmu/kobuki/src/ecl_core/ecl_math -DBUILD_TESTING=OFF --no-warn-unused-cli -DCMAKE_INSTALL_PREFIX=/home/lfvmu/kobuki/install
[1.361s] Invoking command in '/home/lfvmu/kobuki/build/ecl_math': /usr/bin/cmake --build /home/lfvmu/kobuki/build/ecl_math -- -j4 -l4
[1.690s] Invoked command in '/home/lfvmu/kobuki/build/ecl_math' returned '0': /usr/bin/cmake --build /home/lfvmu/kobuki/build/ecl_math -- -j4 -l4
[1.750s] Invoking command in '/home/lfvmu/kobuki/build/ecl_math': /usr/bin/cmake --install /home/lfvmu/kobuki/build/ecl_math
[1.785s] -- Install configuration: "RelWithDebInfo"
[1.786s] -- Up-to-date: /home/lfvmu/kobuki/install/share/ament_index/resource_index/package_run_dependencies/ecl_math
[1.786s] -- Up-to-date: /home/lfvmu/kobuki/install/share/ament_index/resource_index/parent_prefix_path/ecl_math
[1.787s] -- Up-to-date: /home/lfvmu/kobuki/install/share/ecl_math/environment/ament_prefix_path.sh
[1.788s] -- Installing: /home/lfvmu/kobuki/install/share/ecl_math/environment/ament_prefix_path.dsv
[1.788s] -- Up-to-date: /home/lfvmu/kobuki/install/share/ecl_math/environment/path.sh
[1.788s] -- Installing: /home/lfvmu/kobuki/install/share/ecl_math/environment/path.dsv
[1.788s] -- Up-to-date: /home/lfvmu/kobuki/install/share/ecl_math/local_setup.bash
[1.788s] -- Up-to-date: /home/lfvmu/kobuki/install/share/ecl_math/local_setup.sh
[1.789s] -- Up-to-date: /home/lfvmu/kobuki/install/share/ecl_math/local_setup.zsh
[1.789s] -- Installing: /home/lfvmu/kobuki/install/share/ecl_math/local_setup.dsv
[1.789s] -- Installing: /home/lfvmu/kobuki/install/share/ecl_math/package.dsv
[1.789s] -- Up-to-date: /home/lfvmu/kobuki/install/share/ament_index/resource_index/packages/ecl_math
[1.790s] -- Up-to-date: /home/lfvmu/kobuki/install/share/ecl_math/cmake/ecl_mathExport.cmake
[1.790s] -- Up-to-date: /home/lfvmu/kobuki/install/share/ecl_math/cmake/ament_cmake_export_targets-extras.cmake
[1.791s] -- Up-to-date: /home/lfvmu/kobuki/install/share/ecl_math/cmake/ament_cmake_export_include_directories-extras.cmake
[1.792s] -- Up-to-date: /home/lfvmu/kobuki/install/share/ecl_math/cmake/ament_cmake_export_dependencies-extras.cmake
[1.792s] -- Up-to-date: /home/lfvmu/kobuki/install/share/ecl_math/cmake/ecl_mathConfig.cmake
[1.792s] -- Up-to-date: /home/lfvmu/kobuki/install/share/ecl_math/cmake/ecl_mathConfig-version.cmake
[1.793s] -- Up-to-date: /home/lfvmu/kobuki/install/share/ecl_math/package.xml
[1.794s] -- Up-to-date: /home/lfvmu/kobuki/install/include/ecl/math.hpp
[1.795s] -- Up-to-date: /home/lfvmu/kobuki/install/include/ecl/math/constants.hpp
[1.795s] -- Up-to-date: /home/lfvmu/kobuki/install/include/ecl/math/fuzzy.hpp
[1.795s] -- Up-to-date: /home/lfvmu/kobuki/install/include/ecl/math/norms.hpp
[1.796s] -- Up-to-date: /home/lfvmu/kobuki/install/include/ecl/math/simple.hpp
[1.808s] Invoked command in '/home/lfvmu/kobuki/build/ecl_math' returned '0': /usr/bin/cmake --install /home/lfvmu/kobuki/build/ecl_math
