[0.081s] Invoking command in '/home/lfvmu/kobuki/build/ament_cmake_lint_cmake': /usr/bin/cmake /home/lfvmu/kobuki/src/ament_lint/ament_cmake_lint_cmake -DBUILD_TESTING=OFF -DCMAKE_BUILD_TYPE=RelWithDebInfo -DCMAKE_INSTALL_PREFIX=/home/lfvmu/kobuki/install
[0.109s] -- Found ament_cmake_core: 0.9.11 (/home/lfvmu/kobuki/install/share/ament_cmake_core/cmake)
[0.150s] -- Using PYTHON_EXECUTABLE: /usr/bin/python3
[0.480s] -- Found ament_cmake_test: 0.9.11 (/home/lfvmu/kobuki/install/share/ament_cmake_test/cmake)
[0.606s] -- Configuring done
[0.621s] -- Generating done
[0.621s] -- Build files have been written to: /home/lfvmu/kobuki/build/ament_cmake_lint_cmake
[0.739s] Invoked command in '/home/lfvmu/kobuki/build/ament_cmake_lint_cmake' returned '0': /usr/bin/cmake /home/lfvmu/kobuki/src/ament_lint/ament_cmake_lint_cmake -DBUILD_TESTING=OFF -DCMAKE_BUILD_TYPE=RelWithDebInfo -DCMAKE_INSTALL_PREFIX=/home/lfvmu/kobuki/install
[0.741s] Invoking command in '/home/lfvmu/kobuki/build/ament_cmake_lint_cmake': /usr/bin/cmake --build /home/lfvmu/kobuki/build/ament_cmake_lint_cmake -- -j4 -l4
[0.990s] Invoked command in '/home/lfvmu/kobuki/build/ament_cmake_lint_cmake' returned '0': /usr/bin/cmake --build /home/lfvmu/kobuki/build/ament_cmake_lint_cmake -- -j4 -l4
[2.001s] Invoking command in '/home/lfvmu/kobuki/build/ament_cmake_lint_cmake': /usr/bin/cmake --install /home/lfvmu/kobuki/build/ament_cmake_lint_cmake
[2.162s] -- Install configuration: "RelWithDebInfo"
[2.174s] -- Up-to-date: /home/lfvmu/kobuki/install/share/ament_index/resource_index/package_run_dependencies/ament_cmake_lint_cmake
[2.179s] -- Up-to-date: /home/lfvmu/kobuki/install/share/ament_index/resource_index/parent_prefix_path/ament_cmake_lint_cmake
[2.180s] -- Up-to-date: /home/lfvmu/kobuki/install/share/ament_cmake_lint_cmake/environment/ament_prefix_path.sh
[2.180s] -- Installing: /home/lfvmu/kobuki/install/share/ament_cmake_lint_cmake/environment/ament_prefix_path.dsv
[2.180s] -- Up-to-date: /home/lfvmu/kobuki/install/share/ament_cmake_lint_cmake/environment/path.sh
[2.180s] -- Installing: /home/lfvmu/kobuki/install/share/ament_cmake_lint_cmake/environment/path.dsv
[2.180s] -- Up-to-date: /home/lfvmu/kobuki/install/share/ament_cmake_lint_cmake/local_setup.bash
[2.181s] -- Up-to-date: /home/lfvmu/kobuki/install/share/ament_cmake_lint_cmake/local_setup.sh
[2.181s] -- Up-to-date: /home/lfvmu/kobuki/install/share/ament_cmake_lint_cmake/local_setup.zsh
[2.181s] -- Installing: /home/lfvmu/kobuki/install/share/ament_cmake_lint_cmake/local_setup.dsv
[2.181s] -- Installing: /home/lfvmu/kobuki/install/share/ament_cmake_lint_cmake/package.dsv
[2.182s] -- Up-to-date: /home/lfvmu/kobuki/install/share/ament_index/resource_index/packages/ament_cmake_lint_cmake
[2.182s] -- Up-to-date: /home/lfvmu/kobuki/install/share/ament_cmake_lint_cmake/cmake/ament_cmake_lint_cmake-extras.cmake
[2.182s] -- Up-to-date: /home/lfvmu/kobuki/install/share/ament_cmake_lint_cmake/cmake/ament_cmake_lint_cmakeConfig.cmake
[2.182s] -- Up-to-date: /home/lfvmu/kobuki/install/share/ament_cmake_lint_cmake/cmake/ament_cmake_lint_cmakeConfig-version.cmake
[2.182s] -- Up-to-date: /home/lfvmu/kobuki/install/share/ament_cmake_lint_cmake/package.xml
[2.183s] -- Up-to-date: /home/lfvmu/kobuki/install/share/ament_cmake_lint_cmake/cmake
[2.183s] -- Up-to-date: /home/lfvmu/kobuki/install/share/ament_cmake_lint_cmake/cmake/ament_lint_cmake.cmake
[2.183s] -- Up-to-date: /home/lfvmu/kobuki/install/share/ament_cmake_lint_cmake/cmake/ament_cmake_lint_cmake_lint_hook.cmake
[2.269s] Invoked command in '/home/lfvmu/kobuki/build/ament_cmake_lint_cmake' returned '0': /usr/bin/cmake --install /home/lfvmu/kobuki/build/ament_cmake_lint_cmake
