[0.577s] Invoking command in '/home/lfvmu/kobuki/build/eigen': /usr/bin/cmake /home/lfvmu/kobuki/src/eigen -DBUILD_TESTING=OFF -DCMAKE_BUILD_TYPE=RelWithDebInfo -DBUILD_TESTING=OFF -DEIGEN_TEST_NOQT=ON -DCMAKE_INSTALL_PREFIX=/home/lfvmu/kobuki/install
[1.019s] -- Performing Test COMPILER_SUPPORT_std=cpp03
[1.019s] -- Performing Test COMPILER_SUPPORT_std=cpp03 - Success
[1.019s] -- Standard libraries to link to explicitly: none
[3.769s] -- Could NOT find CHOLMOD (missing: CHOLMOD_INCLUDES CHOLMOD_LIBRARIES) 
[3.777s] -- Could NOT find UMFPACK (missing: UMFPACK_INCLUDES UMFPACK_LIBRARIES) 
[3.812s] -- A version of Pastix has been found but pastix_nompi.h does not exist in the include directory. Because Eigen tests require a version without MPI, we disable the Pastix backend.
[3.812s] -- 
[3.812s] -- Configured Eigen 3.3.9
[3.812s] -- 
[3.813s] -- Some things you can do now:
[3.813s] -- --------------+--------------------------------------------------------------
[3.813s] -- Command       |   Description
[3.813s] -- --------------+--------------------------------------------------------------
[3.814s] -- make install  | Install Eigen. Headers will be installed to:
[3.814s] --               |     <CMAKE_INSTALL_PREFIX>/<INCLUDE_INSTALL_DIR>
[3.814s] --               |   Using the following values:
[3.814s] --               |     CMAKE_INSTALL_PREFIX: /home/lfvmu/kobuki/install
[3.815s] --               |     INCLUDE_INSTALL_DIR:  include/eigen3
[3.815s] --               |   Change the install location of Eigen headers using:
[3.815s] --               |     cmake . -DCMAKE_INSTALL_PREFIX=yourprefix
[3.816s] --               |   Or:
[3.816s] --               |     cmake . -DINCLUDE_INSTALL_DIR=yourdir
[3.816s] -- make doc      | Generate the API documentation, requires Doxygen & LaTeX
[3.816s] -- make check    | Build and run the unit-tests. Read this page:
[3.817s] --               |   http://eigen.tuxfamily.org/index.php?title=Tests
[3.817s] -- make blas     | Build BLAS library (not the same thing as Eigen)
[3.817s] -- make uninstall| Removes files installed by make install
[3.817s] -- --------------+--------------------------------------------------------------
[3.818s] -- 
[3.832s] -- Configuring done
[5.500s] -- Generating done
[5.713s] -- Build files have been written to: /home/lfvmu/kobuki/build/eigen
[5.730s] Invoked command in '/home/lfvmu/kobuki/build/eigen' returned '0': /usr/bin/cmake /home/lfvmu/kobuki/src/eigen -DBUILD_TESTING=OFF -DCMAKE_BUILD_TYPE=RelWithDebInfo -DBUILD_TESTING=OFF -DEIGEN_TEST_NOQT=ON -DCMAKE_INSTALL_PREFIX=/home/lfvmu/kobuki/install
[5.737s] Invoking command in '/home/lfvmu/kobuki/build/eigen': /usr/bin/cmake --build /home/lfvmu/kobuki/build/eigen -- -j4 -l4
[5.972s] Invoked command in '/home/lfvmu/kobuki/build/eigen' returned '0': /usr/bin/cmake --build /home/lfvmu/kobuki/build/eigen -- -j4 -l4
[6.599s] Invoking command in '/home/lfvmu/kobuki/build/eigen': /usr/bin/cmake --install /home/lfvmu/kobuki/build/eigen
[6.619s] -- Install configuration: "RelWithDebInfo"
[6.619s] -- Up-to-date: /home/lfvmu/kobuki/install/include/eigen3/signature_of_eigen3_matrix_library
[6.619s] -- Up-to-date: /home/lfvmu/kobuki/install/share/pkgconfig/eigen3.pc
[6.620s] -- Up-to-date: /home/lfvmu/kobuki/install/share/eigen3/cmake/Eigen3Targets.cmake
[6.620s] -- Up-to-date: /home/lfvmu/kobuki/install/share/eigen3/cmake/UseEigen3.cmake
[6.620s] -- Up-to-date: /home/lfvmu/kobuki/install/share/eigen3/cmake/Eigen3Config.cmake
[6.620s] -- Up-to-date: /home/lfvmu/kobuki/install/share/eigen3/cmake/Eigen3ConfigVersion.cmake
[6.620s] -- Up-to-date: /home/lfvmu/kobuki/install/include/eigen3/Eigen/Cholesky
[6.621s] -- Up-to-date: /home/lfvmu/kobuki/install/include/eigen3/Eigen/CholmodSupport
[6.621s] -- Up-to-date: /home/lfvmu/kobuki/install/include/eigen3/Eigen/Core
[6.621s] -- Up-to-date: /home/lfvmu/kobuki/install/include/eigen3/Eigen/Dense
[6.621s] -- Up-to-date: /home/lfvmu/kobuki/install/include/eigen3/Eigen/Eigen
[6.622s] -- Up-to-date: /home/lfvmu/kobuki/install/include/eigen3/Eigen/Eigenvalues
[6.622s] -- Up-to-date: /home/lfvmu/kobuki/install/include/eigen3/Eigen/Geometry
[6.624s] -- Up-to-date: /home/lfvmu/kobuki/install/include/eigen3/Eigen/Householder
[6.624s] -- Up-to-date: /home/lfvmu/kobuki/install/include/eigen3/Eigen/IterativeLinearSolvers
[6.624s] -- Up-to-date: /home/lfvmu/kobuki/install/include/eigen3/Eigen/Jacobi
[6.624s] -- Up-to-date: /home/lfvmu/kobuki/install/include/eigen3/Eigen/LU
[6.625s] -- Up-to-date: /home/lfvmu/kobuki/install/include/eigen3/Eigen/MetisSupport
[6.625s] -- Up-to-date: /home/lfvmu/kobuki/install/include/eigen3/Eigen/OrderingMethods
[6.625s] -- Up-to-date: /home/lfvmu/kobuki/install/include/eigen3/Eigen/PaStiXSupport
[6.625s] -- Up-to-date: /home/lfvmu/kobuki/install/include/eigen3/Eigen/PardisoSupport
[6.626s] -- Up-to-date: /home/lfvmu/kobuki/install/include/eigen3/Eigen/QR
[6.626s] -- Up-to-date: /home/lfvmu/kobuki/install/include/eigen3/Eigen/QtAlignedMalloc
[6.626s] -- Up-to-date: /home/lfvmu/kobuki/install/include/eigen3/Eigen/SPQRSupport
[6.626s] -- Up-to-date: /home/lfvmu/kobuki/install/include/eigen3/Eigen/SVD
[6.626s] -- Up-to-date: /home/lfvmu/kobuki/install/include/eigen3/Eigen/Sparse
[6.627s] -- Up-to-date: /home/lfvmu/kobuki/install/include/eigen3/Eigen/SparseCholesky
[6.627s] -- Up-to-date: /home/lfvmu/kobuki/install/include/eigen3/Eigen/SparseCore
[6.627s] -- Up-to-date: /home/lfvmu/kobuki/install/include/eigen3/Eigen/SparseLU
[6.627s] -- Up-to-date: /home/lfvmu/kobuki/install/include/eigen3/Eigen/SparseQR
[6.629s] -- Up-to-date: /home/lfvmu/kobuki/install/include/eigen3/Eigen/StdDeque
[6.629s] -- Up-to-date: /home/lfvmu/kobuki/install/include/eigen3/Eigen/StdList
[6.629s] -- Up-to-date: /home/lfvmu/kobuki/install/include/eigen3/Eigen/StdVector
[6.629s] -- Up-to-date: /home/lfvmu/kobuki/install/include/eigen3/Eigen/SuperLUSupport
[6.630s] -- Up-to-date: /home/lfvmu/kobuki/install/include/eigen3/Eigen/UmfPackSupport
[6.630s] -- Up-to-date: /home/lfvmu/kobuki/install/include/eigen3/Eigen/src
[6.630s] -- Up-to-date: /home/lfvmu/kobuki/install/include/eigen3/Eigen/src/OrderingMethods
[6.630s] -- Up-to-date: /home/lfvmu/kobuki/install/include/eigen3/Eigen/src/OrderingMethods/Eigen_Colamd.h
[6.630s] -- Up-to-date: /home/lfvmu/kobuki/install/include/eigen3/Eigen/src/OrderingMethods/Ordering.h
[6.631s] -- Up-to-date: /home/lfvmu/kobuki/install/include/eigen3/Eigen/src/OrderingMethods/Amd.h
[6.631s] -- Up-to-date: /home/lfvmu/kobuki/install/include/eigen3/Eigen/src/UmfPackSupport
[6.631s] -- Up-to-date: /home/lfvmu/kobuki/install/include/eigen3/Eigen/src/UmfPackSupport/UmfPackSupport.h
[6.631s] -- Up-to-date: /home/lfvmu/kobuki/install/include/eigen3/Eigen/src/LU
[6.632s] -- Up-to-date: /home/lfvmu/kobuki/install/include/eigen3/Eigen/src/LU/PartialPivLU.h
[6.633s] -- Up-to-date: /home/lfvmu/kobuki/install/include/eigen3/Eigen/src/LU/InverseImpl.h
[6.633s] -- Up-to-date: /home/lfvmu/kobuki/install/include/eigen3/Eigen/src/LU/Determinant.h
[6.633s] -- Up-to-date: /home/lfvmu/kobuki/install/include/eigen3/Eigen/src/LU/FullPivLU.h
[6.633s] -- Up-to-date: /home/lfvmu/kobuki/install/include/eigen3/Eigen/src/LU/arch
[6.634s] -- Up-to-date: /home/lfvmu/kobuki/install/include/eigen3/Eigen/src/LU/arch/Inverse_SSE.h
[6.634s] -- Up-to-date: /home/lfvmu/kobuki/install/include/eigen3/Eigen/src/LU/PartialPivLU_LAPACKE.h
[6.634s] -- Up-to-date: /home/lfvmu/kobuki/install/include/eigen3/Eigen/src/SparseCholesky
[6.634s] -- Up-to-date: /home/lfvmu/kobuki/install/include/eigen3/Eigen/src/SparseCholesky/SimplicialCholesky_impl.h
[6.634s] -- Up-to-date: /home/lfvmu/kobuki/install/include/eigen3/Eigen/src/SparseCholesky/SimplicialCholesky.h
[6.635s] -- Up-to-date: /home/lfvmu/kobuki/install/include/eigen3/Eigen/src/Householder
[6.635s] -- Up-to-date: /home/lfvmu/kobuki/install/include/eigen3/Eigen/src/Householder/HouseholderSequence.h
[6.635s] -- Up-to-date: /home/lfvmu/kobuki/install/include/eigen3/Eigen/src/Householder/Householder.h
[6.636s] -- Up-to-date: /home/lfvmu/kobuki/install/include/eigen3/Eigen/src/Householder/BlockHouseholder.h
[6.636s] -- Up-to-date: /home/lfvmu/kobuki/install/include/eigen3/Eigen/src/SparseQR
[6.641s] -- Up-to-date: /home/lfvmu/kobuki/install/include/eigen3/Eigen/src/SparseQR/SparseQR.h
[6.642s] -- Up-to-date: /home/lfvmu/kobuki/install/include/eigen3/Eigen/src/SparseCore
[6.642s] -- Up-to-date: /home/lfvmu/kobuki/install/include/eigen3/Eigen/src/SparseCore/SparseSelfAdjointView.h
[6.642s] -- Up-to-date: /home/lfvmu/kobuki/install/include/eigen3/Eigen/src/SparseCore/SparseAssign.h
[6.642s] -- Up-to-date: /home/lfvmu/kobuki/install/include/eigen3/Eigen/src/SparseCore/SparseView.h
[6.642s] -- Up-to-date: /home/lfvmu/kobuki/install/include/eigen3/Eigen/src/SparseCore/SparseBlock.h
[6.643s] -- Up-to-date: /home/lfvmu/kobuki/install/include/eigen3/Eigen/src/SparseCore/MappedSparseMatrix.h
[6.643s] -- Up-to-date: /home/lfvmu/kobuki/install/include/eigen3/Eigen/src/SparseCore/AmbiVector.h
[6.643s] -- Up-to-date: /home/lfvmu/kobuki/install/include/eigen3/Eigen/src/SparseCore/ConservativeSparseSparseProduct.h
[6.644s] -- Up-to-date: /home/lfvmu/kobuki/install/include/eigen3/Eigen/src/SparseCore/SparseTranspose.h
[6.644s] -- Up-to-date: /home/lfvmu/kobuki/install/include/eigen3/Eigen/src/SparseCore/SparseUtil.h
[6.644s] -- Up-to-date: /home/lfvmu/kobuki/install/include/eigen3/Eigen/src/SparseCore/SparseFuzzy.h
[6.644s] -- Up-to-date: /home/lfvmu/kobuki/install/include/eigen3/Eigen/src/SparseCore/SparseDiagonalProduct.h
[6.645s] -- Up-to-date: /home/lfvmu/kobuki/install/include/eigen3/Eigen/src/SparseCore/SparseCompressedBase.h
[6.645s] -- Up-to-date: /home/lfvmu/kobuki/install/include/eigen3/Eigen/src/SparseCore/SparseMatrixBase.h
[6.645s] -- Up-to-date: /home/lfvmu/kobuki/install/include/eigen3/Eigen/src/SparseCore/SparseMatrix.h
[6.645s] -- Up-to-date: /home/lfvmu/kobuki/install/include/eigen3/Eigen/src/SparseCore/SparseRef.h
[6.645s] -- Up-to-date: /home/lfvmu/kobuki/install/include/eigen3/Eigen/src/SparseCore/SparseDenseProduct.h
[6.646s] -- Up-to-date: /home/lfvmu/kobuki/install/include/eigen3/Eigen/src/SparseCore/SparseCwiseBinaryOp.h
[6.646s] -- Up-to-date: /home/lfvmu/kobuki/install/include/eigen3/Eigen/src/SparseCore/SparseTriangularView.h
[6.646s] -- Up-to-date: /home/lfvmu/kobuki/install/include/eigen3/Eigen/src/SparseCore/SparseVector.h
[6.646s] -- Up-to-date: /home/lfvmu/kobuki/install/include/eigen3/Eigen/src/SparseCore/SparseSolverBase.h
[6.647s] -- Up-to-date: /home/lfvmu/kobuki/install/include/eigen3/Eigen/src/SparseCore/SparseRedux.h
[6.647s] -- Up-to-date: /home/lfvmu/kobuki/install/include/eigen3/Eigen/src/SparseCore/SparseColEtree.h
[6.647s] -- Up-to-date: /home/lfvmu/kobuki/install/include/eigen3/Eigen/src/SparseCore/SparseDot.h
[6.650s] -- Up-to-date: /home/lfvmu/kobuki/install/include/eigen3/Eigen/src/SparseCore/CompressedStorage.h
[6.650s] -- Up-to-date: /home/lfvmu/kobuki/install/include/eigen3/Eigen/src/SparseCore/SparsePermutation.h
[6.651s] -- Up-to-date: /home/lfvmu/kobuki/install/include/eigen3/Eigen/src/SparseCore/SparseMap.h
[6.651s] -- Up-to-date: /home/lfvmu/kobuki/install/include/eigen3/Eigen/src/SparseCore/TriangularSolver.h
[6.651s] -- Up-to-date: /home/lfvmu/kobuki/install/include/eigen3/Eigen/src/SparseCore/SparseSparseProductWithPruning.h
[6.651s] -- Up-to-date: /home/lfvmu/kobuki/install/include/eigen3/Eigen/src/SparseCore/SparseProduct.h
[6.652s] -- Up-to-date: /home/lfvmu/kobuki/install/include/eigen3/Eigen/src/SparseCore/SparseCwiseUnaryOp.h
[6.652s] -- Up-to-date: /home/lfvmu/kobuki/install/include/eigen3/Eigen/src/Geometry
[6.652s] -- Up-to-date: /home/lfvmu/kobuki/install/include/eigen3/Eigen/src/Geometry/EulerAngles.h
[6.652s] -- Up-to-date: /home/lfvmu/kobuki/install/include/eigen3/Eigen/src/Geometry/Rotation2D.h
[6.652s] -- Up-to-date: /home/lfvmu/kobuki/install/include/eigen3/Eigen/src/Geometry/ParametrizedLine.h
[6.653s] -- Up-to-date: /home/lfvmu/kobuki/install/include/eigen3/Eigen/src/Geometry/Quaternion.h
[6.653s] -- Up-to-date: /home/lfvmu/kobuki/install/include/eigen3/Eigen/src/Geometry/Translation.h
[6.653s] -- Up-to-date: /home/lfvmu/kobuki/install/include/eigen3/Eigen/src/Geometry/AngleAxis.h
[6.653s] -- Up-to-date: /home/lfvmu/kobuki/install/include/eigen3/Eigen/src/Geometry/Homogeneous.h
[6.654s] -- Up-to-date: /home/lfvmu/kobuki/install/include/eigen3/Eigen/src/Geometry/AlignedBox.h
[6.654s] -- Up-to-date: /home/lfvmu/kobuki/install/include/eigen3/Eigen/src/Geometry/Hyperplane.h
[6.654s] -- Up-to-date: /home/lfvmu/kobuki/install/include/eigen3/Eigen/src/Geometry/arch
[6.654s] -- Up-to-date: /home/lfvmu/kobuki/install/include/eigen3/Eigen/src/Geometry/arch/Geometry_SSE.h
[6.655s] -- Up-to-date: /home/lfvmu/kobuki/install/include/eigen3/Eigen/src/Geometry/OrthoMethods.h
[6.656s] -- Up-to-date: /home/lfvmu/kobuki/install/include/eigen3/Eigen/src/Geometry/Scaling.h
[6.657s] -- Up-to-date: /home/lfvmu/kobuki/install/include/eigen3/Eigen/src/Geometry/Umeyama.h
[6.657s] -- Up-to-date: /home/lfvmu/kobuki/install/include/eigen3/Eigen/src/Geometry/RotationBase.h
[6.657s] -- Up-to-date: /home/lfvmu/kobuki/install/include/eigen3/Eigen/src/Geometry/Transform.h
[6.658s] -- Up-to-date: /home/lfvmu/kobuki/install/include/eigen3/Eigen/src/SuperLUSupport
[6.658s] -- Up-to-date: /home/lfvmu/kobuki/install/include/eigen3/Eigen/src/SuperLUSupport/SuperLUSupport.h
[6.658s] -- Up-to-date: /home/lfvmu/kobuki/install/include/eigen3/Eigen/src/plugins
[6.659s] -- Up-to-date: /home/lfvmu/kobuki/install/include/eigen3/Eigen/src/plugins/MatrixCwiseBinaryOps.h
[6.659s] -- Up-to-date: /home/lfvmu/kobuki/install/include/eigen3/Eigen/src/plugins/ArrayCwiseBinaryOps.h
[6.659s] -- Up-to-date: /home/lfvmu/kobuki/install/include/eigen3/Eigen/src/plugins/CommonCwiseUnaryOps.h
[6.660s] -- Up-to-date: /home/lfvmu/kobuki/install/include/eigen3/Eigen/src/plugins/CommonCwiseBinaryOps.h
[6.660s] -- Up-to-date: /home/lfvmu/kobuki/install/include/eigen3/Eigen/src/plugins/MatrixCwiseUnaryOps.h
[6.660s] -- Up-to-date: /home/lfvmu/kobuki/install/include/eigen3/Eigen/src/plugins/BlockMethods.h
[6.661s] -- Up-to-date: /home/lfvmu/kobuki/install/include/eigen3/Eigen/src/plugins/ArrayCwiseUnaryOps.h
[6.662s] -- Up-to-date: /home/lfvmu/kobuki/install/include/eigen3/Eigen/src/IterativeLinearSolvers
[6.680s] -- Up-to-date: /home/lfvmu/kobuki/install/include/eigen3/Eigen/src/IterativeLinearSolvers/IncompleteLUT.h
[6.680s] -- Up-to-date: /home/lfvmu/kobuki/install/include/eigen3/Eigen/src/IterativeLinearSolvers/BiCGSTAB.h
[6.681s] -- Up-to-date: /home/lfvmu/kobuki/install/include/eigen3/Eigen/src/IterativeLinearSolvers/BasicPreconditioners.h
[6.681s] -- Up-to-date: /home/lfvmu/kobuki/install/include/eigen3/Eigen/src/IterativeLinearSolvers/IterativeSolverBase.h
[6.681s] -- Up-to-date: /home/lfvmu/kobuki/install/include/eigen3/Eigen/src/IterativeLinearSolvers/LeastSquareConjugateGradient.h
[6.681s] -- Up-to-date: /home/lfvmu/kobuki/install/include/eigen3/Eigen/src/IterativeLinearSolvers/IncompleteCholesky.h
[6.681s] -- Up-to-date: /home/lfvmu/kobuki/install/include/eigen3/Eigen/src/IterativeLinearSolvers/SolveWithGuess.h
[6.681s] -- Up-to-date: /home/lfvmu/kobuki/install/include/eigen3/Eigen/src/IterativeLinearSolvers/ConjugateGradient.h
[6.682s] -- Up-to-date: /home/lfvmu/kobuki/install/include/eigen3/Eigen/src/Jacobi
[6.682s] -- Up-to-date: /home/lfvmu/kobuki/install/include/eigen3/Eigen/src/Jacobi/Jacobi.h
[6.682s] -- Up-to-date: /home/lfvmu/kobuki/install/include/eigen3/Eigen/src/SparseLU
[6.682s] -- Up-to-date: /home/lfvmu/kobuki/install/include/eigen3/Eigen/src/SparseLU/SparseLU_copy_to_ucol.h
[6.682s] -- Up-to-date: /home/lfvmu/kobuki/install/include/eigen3/Eigen/src/SparseLU/SparseLU_gemm_kernel.h
[6.683s] -- Up-to-date: /home/lfvmu/kobuki/install/include/eigen3/Eigen/src/SparseLU/SparseLU_column_dfs.h
[6.683s] -- Up-to-date: /home/lfvmu/kobuki/install/include/eigen3/Eigen/src/SparseLU/SparseLU_SupernodalMatrix.h
[6.683s] -- Up-to-date: /home/lfvmu/kobuki/install/include/eigen3/Eigen/src/SparseLU/SparseLU_Memory.h
[6.683s] -- Up-to-date: /home/lfvmu/kobuki/install/include/eigen3/Eigen/src/SparseLU/SparseLU_Structs.h
[6.684s] -- Up-to-date: /home/lfvmu/kobuki/install/include/eigen3/Eigen/src/SparseLU/SparseLU_panel_bmod.h
[6.684s] -- Up-to-date: /home/lfvmu/kobuki/install/include/eigen3/Eigen/src/SparseLU/SparseLU_relax_snode.h
[6.685s] -- Up-to-date: /home/lfvmu/kobuki/install/include/eigen3/Eigen/src/SparseLU/SparseLU_pruneL.h
[6.685s] -- Up-to-date: /home/lfvmu/kobuki/install/include/eigen3/Eigen/src/SparseLU/SparseLU_heap_relax_snode.h
[6.685s] -- Up-to-date: /home/lfvmu/kobuki/install/include/eigen3/Eigen/src/SparseLU/SparseLU.h
[6.685s] -- Up-to-date: /home/lfvmu/kobuki/install/include/eigen3/Eigen/src/SparseLU/SparseLUImpl.h
[6.686s] -- Up-to-date: /home/lfvmu/kobuki/install/include/eigen3/Eigen/src/SparseLU/SparseLU_pivotL.h
[6.686s] -- Up-to-date: /home/lfvmu/kobuki/install/include/eigen3/Eigen/src/SparseLU/SparseLU_kernel_bmod.h
[6.686s] -- Up-to-date: /home/lfvmu/kobuki/install/include/eigen3/Eigen/src/SparseLU/SparseLU_Utils.h
[6.687s] -- Up-to-date: /home/lfvmu/kobuki/install/include/eigen3/Eigen/src/SparseLU/SparseLU_column_bmod.h
[6.687s] -- Up-to-date: /home/lfvmu/kobuki/install/include/eigen3/Eigen/src/SparseLU/SparseLU_panel_dfs.h
[6.687s] -- Up-to-date: /home/lfvmu/kobuki/install/include/eigen3/Eigen/src/Eigenvalues
[6.687s] -- Up-to-date: /home/lfvmu/kobuki/install/include/eigen3/Eigen/src/Eigenvalues/SelfAdjointEigenSolver_LAPACKE.h
[6.687s] -- Up-to-date: /home/lfvmu/kobuki/install/include/eigen3/Eigen/src/Eigenvalues/ComplexSchur.h
[6.688s] -- Up-to-date: /home/lfvmu/kobuki/install/include/eigen3/Eigen/src/Eigenvalues/RealQZ.h
[6.688s] -- Up-to-date: /home/lfvmu/kobuki/install/include/eigen3/Eigen/src/Eigenvalues/Tridiagonalization.h
[6.688s] -- Up-to-date: /home/lfvmu/kobuki/install/include/eigen3/Eigen/src/Eigenvalues/RealSchur.h
[6.688s] -- Up-to-date: /home/lfvmu/kobuki/install/include/eigen3/Eigen/src/Eigenvalues/ComplexSchur_LAPACKE.h
[6.688s] -- Up-to-date: /home/lfvmu/kobuki/install/include/eigen3/Eigen/src/Eigenvalues/EigenSolver.h
[6.689s] -- Up-to-date: /home/lfvmu/kobuki/install/include/eigen3/Eigen/src/Eigenvalues/GeneralizedEigenSolver.h
[6.689s] -- Up-to-date: /home/lfvmu/kobuki/install/include/eigen3/Eigen/src/Eigenvalues/GeneralizedSelfAdjointEigenSolver.h
[6.689s] -- Up-to-date: /home/lfvmu/kobuki/install/include/eigen3/Eigen/src/Eigenvalues/MatrixBaseEigenvalues.h
[6.690s] -- Up-to-date: /home/lfvmu/kobuki/install/include/eigen3/Eigen/src/Eigenvalues/ComplexEigenSolver.h
[6.690s] -- Up-to-date: /home/lfvmu/kobuki/install/include/eigen3/Eigen/src/Eigenvalues/HessenbergDecomposition.h
[6.691s] -- Up-to-date: /home/lfvmu/kobuki/install/include/eigen3/Eigen/src/Eigenvalues/RealSchur_LAPACKE.h
[6.691s] -- Up-to-date: /home/lfvmu/kobuki/install/include/eigen3/Eigen/src/Eigenvalues/SelfAdjointEigenSolver.h
[6.691s] -- Up-to-date: /home/lfvmu/kobuki/install/include/eigen3/Eigen/src/Cholesky
[6.691s] -- Up-to-date: /home/lfvmu/kobuki/install/include/eigen3/Eigen/src/Cholesky/LLT.h
[6.692s] -- Up-to-date: /home/lfvmu/kobuki/install/include/eigen3/Eigen/src/Cholesky/LLT_LAPACKE.h
[6.692s] -- Up-to-date: /home/lfvmu/kobuki/install/include/eigen3/Eigen/src/Cholesky/LDLT.h
[6.692s] -- Up-to-date: /home/lfvmu/kobuki/install/include/eigen3/Eigen/src/MetisSupport
[6.692s] -- Up-to-date: /home/lfvmu/kobuki/install/include/eigen3/Eigen/src/MetisSupport/MetisSupport.h
[6.692s] -- Up-to-date: /home/lfvmu/kobuki/install/include/eigen3/Eigen/src/StlSupport
[6.693s] -- Up-to-date: /home/lfvmu/kobuki/install/include/eigen3/Eigen/src/StlSupport/StdDeque.h
[6.693s] -- Up-to-date: /home/lfvmu/kobuki/install/include/eigen3/Eigen/src/StlSupport/StdList.h
[6.693s] -- Up-to-date: /home/lfvmu/kobuki/install/include/eigen3/Eigen/src/StlSupport/StdVector.h
[6.693s] -- Up-to-date: /home/lfvmu/kobuki/install/include/eigen3/Eigen/src/StlSupport/details.h
[6.693s] -- Up-to-date: /home/lfvmu/kobuki/install/include/eigen3/Eigen/src/PardisoSupport
[6.693s] -- Up-to-date: /home/lfvmu/kobuki/install/include/eigen3/Eigen/src/PardisoSupport/PardisoSupport.h
[6.694s] -- Up-to-date: /home/lfvmu/kobuki/install/include/eigen3/Eigen/src/CholmodSupport
[6.694s] -- Up-to-date: /home/lfvmu/kobuki/install/include/eigen3/Eigen/src/CholmodSupport/CholmodSupport.h
[6.694s] -- Up-to-date: /home/lfvmu/kobuki/install/include/eigen3/Eigen/src/misc
[6.694s] -- Up-to-date: /home/lfvmu/kobuki/install/include/eigen3/Eigen/src/misc/lapack.h
[6.694s] -- Up-to-date: /home/lfvmu/kobuki/install/include/eigen3/Eigen/src/misc/RealSvd2x2.h
[6.695s] -- Up-to-date: /home/lfvmu/kobuki/install/include/eigen3/Eigen/src/misc/lapacke_mangling.h
[6.695s] -- Up-to-date: /home/lfvmu/kobuki/install/include/eigen3/Eigen/src/misc/lapacke.h
[6.695s] -- Up-to-date: /home/lfvmu/kobuki/install/include/eigen3/Eigen/src/misc/Image.h
[6.695s] -- Up-to-date: /home/lfvmu/kobuki/install/include/eigen3/Eigen/src/misc/blas.h
[6.695s] -- Up-to-date: /home/lfvmu/kobuki/install/include/eigen3/Eigen/src/misc/Kernel.h
[6.696s] -- Up-to-date: /home/lfvmu/kobuki/install/include/eigen3/Eigen/src/Core
[6.696s] -- Up-to-date: /home/lfvmu/kobuki/install/include/eigen3/Eigen/src/Core/NoAlias.h
[6.696s] -- Up-to-date: /home/lfvmu/kobuki/install/include/eigen3/Eigen/src/Core/ArrayWrapper.h
[6.696s] -- Up-to-date: /home/lfvmu/kobuki/install/include/eigen3/Eigen/src/Core/Random.h
[6.696s] -- Up-to-date: /home/lfvmu/kobuki/install/include/eigen3/Eigen/src/Core/IO.h
[6.697s] -- Up-to-date: /home/lfvmu/kobuki/install/include/eigen3/Eigen/src/Core/Transpose.h
[6.697s] -- Up-to-date: /home/lfvmu/kobuki/install/include/eigen3/Eigen/src/Core/EigenBase.h
[6.697s] -- Up-to-date: /home/lfvmu/kobuki/install/include/eigen3/Eigen/src/Core/StableNorm.h
[6.697s] -- Up-to-date: /home/lfvmu/kobuki/install/include/eigen3/Eigen/src/Core/CwiseTernaryOp.h
[6.697s] -- Up-to-date: /home/lfvmu/kobuki/install/include/eigen3/Eigen/src/Core/Stride.h
[6.698s] -- Up-to-date: /home/lfvmu/kobuki/install/include/eigen3/Eigen/src/Core/Visitor.h
[6.698s] -- Up-to-date: /home/lfvmu/kobuki/install/include/eigen3/Eigen/src/Core/ForceAlignedAccess.h
[6.698s] -- Up-to-date: /home/lfvmu/kobuki/install/include/eigen3/Eigen/src/Core/MathFunctionsImpl.h
[6.698s] -- Up-to-date: /home/lfvmu/kobuki/install/include/eigen3/Eigen/src/Core/Product.h
[6.698s] -- Up-to-date: /home/lfvmu/kobuki/install/include/eigen3/Eigen/src/Core/Inverse.h
[6.699s] -- Up-to-date: /home/lfvmu/kobuki/install/include/eigen3/Eigen/src/Core/Redux.h
[6.699s] -- Up-to-date: /home/lfvmu/kobuki/install/include/eigen3/Eigen/src/Core/CwiseNullaryOp.h
[6.699s] -- Up-to-date: /home/lfvmu/kobuki/install/include/eigen3/Eigen/src/Core/Replicate.h
[6.699s] -- Up-to-date: /home/lfvmu/kobuki/install/include/eigen3/Eigen/src/Core/PermutationMatrix.h
[6.699s] -- Up-to-date: /home/lfvmu/kobuki/install/include/eigen3/Eigen/src/Core/Transpositions.h
[6.700s] -- Up-to-date: /home/lfvmu/kobuki/install/include/eigen3/Eigen/src/Core/TriangularMatrix.h
[6.700s] -- Up-to-date: /home/lfvmu/kobuki/install/include/eigen3/Eigen/src/Core/DenseBase.h
[6.700s] -- Up-to-date: /home/lfvmu/kobuki/install/include/eigen3/Eigen/src/Core/GenericPacketMath.h
[6.703s] -- Up-to-date: /home/lfvmu/kobuki/install/include/eigen3/Eigen/src/Core/Map.h
[6.703s] -- Up-to-date: /home/lfvmu/kobuki/install/include/eigen3/Eigen/src/Core/CwiseUnaryView.h
[6.704s] -- Up-to-date: /home/lfvmu/kobuki/install/include/eigen3/Eigen/src/Core/Solve.h
[6.704s] -- Up-to-date: /home/lfvmu/kobuki/install/include/eigen3/Eigen/src/Core/functors
[6.704s] -- Up-to-date: /home/lfvmu/kobuki/install/include/eigen3/Eigen/src/Core/functors/TernaryFunctors.h
[6.704s] -- Up-to-date: /home/lfvmu/kobuki/install/include/eigen3/Eigen/src/Core/functors/BinaryFunctors.h
[6.705s] -- Up-to-date: /home/lfvmu/kobuki/install/include/eigen3/Eigen/src/Core/functors/AssignmentFunctors.h
[6.705s] -- Up-to-date: /home/lfvmu/kobuki/install/include/eigen3/Eigen/src/Core/functors/UnaryFunctors.h
[6.705s] -- Up-to-date: /home/lfvmu/kobuki/install/include/eigen3/Eigen/src/Core/functors/NullaryFunctors.h
[6.705s] -- Up-to-date: /home/lfvmu/kobuki/install/include/eigen3/Eigen/src/Core/functors/StlFunctors.h
[6.706s] -- Up-to-date: /home/lfvmu/kobuki/install/include/eigen3/Eigen/src/Core/Swap.h
[6.711s] -- Up-to-date: /home/lfvmu/kobuki/install/include/eigen3/Eigen/src/Core/Block.h
[6.711s] -- Up-to-date: /home/lfvmu/kobuki/install/include/eigen3/Eigen/src/Core/Select.h
[6.712s] -- Up-to-date: /home/lfvmu/kobuki/install/include/eigen3/Eigen/src/Core/Reverse.h
[6.712s] -- Up-to-date: /home/lfvmu/kobuki/install/include/eigen3/Eigen/src/Core/NestByValue.h
[6.712s] -- Up-to-date: /home/lfvmu/kobuki/install/include/eigen3/Eigen/src/Core/SelfAdjointView.h
[6.713s] -- Up-to-date: /home/lfvmu/kobuki/install/include/eigen3/Eigen/src/Core/CommaInitializer.h
[6.718s] -- Up-to-date: /home/lfvmu/kobuki/install/include/eigen3/Eigen/src/Core/SelfCwiseBinaryOp.h
[6.718s] -- Up-to-date: /home/lfvmu/kobuki/install/include/eigen3/Eigen/src/Core/DiagonalMatrix.h
[6.718s] -- Up-to-date: /home/lfvmu/kobuki/install/include/eigen3/Eigen/src/Core/GeneralProduct.h
[6.719s] -- Up-to-date: /home/lfvmu/kobuki/install/include/eigen3/Eigen/src/Core/products
[6.719s] -- Up-to-date: /home/lfvmu/kobuki/install/include/eigen3/Eigen/src/Core/products/TriangularMatrixVector.h
[6.719s] -- Up-to-date: /home/lfvmu/kobuki/install/include/eigen3/Eigen/src/Core/products/GeneralMatrixVector_BLAS.h
[6.719s] -- Up-to-date: /home/lfvmu/kobuki/install/include/eigen3/Eigen/src/Core/products/SelfadjointMatrixVector_BLAS.h
[6.719s] -- Up-to-date: /home/lfvmu/kobuki/install/include/eigen3/Eigen/src/Core/products/GeneralBlockPanelKernel.h
[6.720s] -- Up-to-date: /home/lfvmu/kobuki/install/include/eigen3/Eigen/src/Core/products/TriangularSolverMatrix.h
[6.720s] -- Up-to-date: /home/lfvmu/kobuki/install/include/eigen3/Eigen/src/Core/products/TriangularMatrixVector_BLAS.h
[6.720s] -- Up-to-date: /home/lfvmu/kobuki/install/include/eigen3/Eigen/src/Core/products/Parallelizer.h
[6.720s] -- Up-to-date: /home/lfvmu/kobuki/install/include/eigen3/Eigen/src/Core/products/TriangularMatrixMatrix_BLAS.h
[6.731s] -- Up-to-date: /home/lfvmu/kobuki/install/include/eigen3/Eigen/src/Core/products/GeneralMatrixMatrixTriangular.h
[6.731s] -- Up-to-date: /home/lfvmu/kobuki/install/include/eigen3/Eigen/src/Core/products/SelfadjointRank2Update.h
[6.732s] -- Up-to-date: /home/lfvmu/kobuki/install/include/eigen3/Eigen/src/Core/products/GeneralMatrixMatrixTriangular_BLAS.h
[6.732s] -- Up-to-date: /home/lfvmu/kobuki/install/include/eigen3/Eigen/src/Core/products/SelfadjointMatrixMatrix.h
[6.732s] -- Up-to-date: /home/lfvmu/kobuki/install/include/eigen3/Eigen/src/Core/products/TriangularSolverMatrix_BLAS.h
[6.732s] -- Up-to-date: /home/lfvmu/kobuki/install/include/eigen3/Eigen/src/Core/products/SelfadjointMatrixVector.h
[6.733s] -- Up-to-date: /home/lfvmu/kobuki/install/include/eigen3/Eigen/src/Core/products/GeneralMatrixMatrix_BLAS.h
[6.733s] -- Up-to-date: /home/lfvmu/kobuki/install/include/eigen3/Eigen/src/Core/products/SelfadjointMatrixMatrix_BLAS.h
[6.733s] -- Up-to-date: /home/lfvmu/kobuki/install/include/eigen3/Eigen/src/Core/products/SelfadjointProduct.h
[6.733s] -- Up-to-date: /home/lfvmu/kobuki/install/include/eigen3/Eigen/src/Core/products/GeneralMatrixVector.h
[6.734s] -- Up-to-date: /home/lfvmu/kobuki/install/include/eigen3/Eigen/src/Core/products/GeneralMatrixMatrix.h
[6.734s] -- Up-to-date: /home/lfvmu/kobuki/install/include/eigen3/Eigen/src/Core/products/TriangularSolverVector.h
[6.734s] -- Up-to-date: /home/lfvmu/kobuki/install/include/eigen3/Eigen/src/Core/products/TriangularMatrixMatrix.h
[6.734s] -- Up-to-date: /home/lfvmu/kobuki/install/include/eigen3/Eigen/src/Core/ReturnByValue.h
[6.735s] -- Up-to-date: /home/lfvmu/kobuki/install/include/eigen3/Eigen/src/Core/Assign_MKL.h
[6.735s] -- Up-to-date: /home/lfvmu/kobuki/install/include/eigen3/Eigen/src/Core/PlainObjectBase.h
[6.735s] -- Up-to-date: /home/lfvmu/kobuki/install/include/eigen3/Eigen/src/Core/SolverBase.h
[6.735s] -- Up-to-date: /home/lfvmu/kobuki/install/include/eigen3/Eigen/src/Core/DenseStorage.h
[6.736s] -- Up-to-date: /home/lfvmu/kobuki/install/include/eigen3/Eigen/src/Core/arch
[6.736s] -- Up-to-date: /home/lfvmu/kobuki/install/include/eigen3/Eigen/src/Core/arch/AVX
[6.736s] -- Up-to-date: /home/lfvmu/kobuki/install/include/eigen3/Eigen/src/Core/arch/AVX/PacketMath.h
[6.736s] -- Up-to-date: /home/lfvmu/kobuki/install/include/eigen3/Eigen/src/Core/arch/AVX/TypeCasting.h
[6.736s] -- Up-to-date: /home/lfvmu/kobuki/install/include/eigen3/Eigen/src/Core/arch/AVX/MathFunctions.h
[6.736s] -- Up-to-date: /home/lfvmu/kobuki/install/include/eigen3/Eigen/src/Core/arch/AVX/Complex.h
[6.737s] -- Up-to-date: /home/lfvmu/kobuki/install/include/eigen3/Eigen/src/Core/arch/AltiVec
[6.737s] -- Up-to-date: /home/lfvmu/kobuki/install/include/eigen3/Eigen/src/Core/arch/AltiVec/PacketMath.h
[6.737s] -- Up-to-date: /home/lfvmu/kobuki/install/include/eigen3/Eigen/src/Core/arch/AltiVec/MathFunctions.h
[6.737s] -- Up-to-date: /home/lfvmu/kobuki/install/include/eigen3/Eigen/src/Core/arch/AltiVec/Complex.h
[6.737s] -- Up-to-date: /home/lfvmu/kobuki/install/include/eigen3/Eigen/src/Core/arch/ZVector
[6.738s] -- Up-to-date: /home/lfvmu/kobuki/install/include/eigen3/Eigen/src/Core/arch/ZVector/PacketMath.h
[6.738s] -- Up-to-date: /home/lfvmu/kobuki/install/include/eigen3/Eigen/src/Core/arch/ZVector/MathFunctions.h
[6.738s] -- Up-to-date: /home/lfvmu/kobuki/install/include/eigen3/Eigen/src/Core/arch/ZVector/Complex.h
[6.738s] -- Up-to-date: /home/lfvmu/kobuki/install/include/eigen3/Eigen/src/Core/arch/NEON
[6.738s] -- Up-to-date: /home/lfvmu/kobuki/install/include/eigen3/Eigen/src/Core/arch/NEON/PacketMath.h
[6.738s] -- Up-to-date: /home/lfvmu/kobuki/install/include/eigen3/Eigen/src/Core/arch/NEON/MathFunctions.h
[6.739s] -- Up-to-date: /home/lfvmu/kobuki/install/include/eigen3/Eigen/src/Core/arch/NEON/Complex.h
[6.739s] -- Up-to-date: /home/lfvmu/kobuki/install/include/eigen3/Eigen/src/Core/arch/CUDA
[6.739s] -- Up-to-date: /home/lfvmu/kobuki/install/include/eigen3/Eigen/src/Core/arch/CUDA/PacketMath.h
[6.739s] -- Up-to-date: /home/lfvmu/kobuki/install/include/eigen3/Eigen/src/Core/arch/CUDA/TypeCasting.h
[6.739s] -- Up-to-date: /home/lfvmu/kobuki/install/include/eigen3/Eigen/src/Core/arch/CUDA/PacketMathHalf.h
[6.740s] -- Up-to-date: /home/lfvmu/kobuki/install/include/eigen3/Eigen/src/Core/arch/CUDA/Half.h
[6.740s] -- Up-to-date: /home/lfvmu/kobuki/install/include/eigen3/Eigen/src/Core/arch/CUDA/MathFunctions.h
[6.740s] -- Up-to-date: /home/lfvmu/kobuki/install/include/eigen3/Eigen/src/Core/arch/CUDA/Complex.h
[6.740s] -- Up-to-date: /home/lfvmu/kobuki/install/include/eigen3/Eigen/src/Core/arch/Default
[6.740s] -- Up-to-date: /home/lfvmu/kobuki/install/include/eigen3/Eigen/src/Core/arch/Default/Settings.h
[6.741s] -- Up-to-date: /home/lfvmu/kobuki/install/include/eigen3/Eigen/src/Core/arch/Default/ConjHelper.h
[6.741s] -- Up-to-date: /home/lfvmu/kobuki/install/include/eigen3/Eigen/src/Core/arch/SSE
[6.741s] -- Up-to-date: /home/lfvmu/kobuki/install/include/eigen3/Eigen/src/Core/arch/SSE/PacketMath.h
[6.741s] -- Up-to-date: /home/lfvmu/kobuki/install/include/eigen3/Eigen/src/Core/arch/SSE/TypeCasting.h
[6.741s] -- Up-to-date: /home/lfvmu/kobuki/install/include/eigen3/Eigen/src/Core/arch/SSE/MathFunctions.h
[6.741s] -- Up-to-date: /home/lfvmu/kobuki/install/include/eigen3/Eigen/src/Core/arch/SSE/Complex.h
[6.742s] -- Up-to-date: /home/lfvmu/kobuki/install/include/eigen3/Eigen/src/Core/arch/AVX512
[6.742s] -- Up-to-date: /home/lfvmu/kobuki/install/include/eigen3/Eigen/src/Core/arch/AVX512/PacketMath.h
[6.742s] -- Up-to-date: /home/lfvmu/kobuki/install/include/eigen3/Eigen/src/Core/arch/AVX512/MathFunctions.h
[6.742s] -- Up-to-date: /home/lfvmu/kobuki/install/include/eigen3/Eigen/src/Core/Fuzzy.h
[6.742s] -- Up-to-date: /home/lfvmu/kobuki/install/include/eigen3/Eigen/src/Core/GlobalFunctions.h
[6.742s] -- Up-to-date: /home/lfvmu/kobuki/install/include/eigen3/Eigen/src/Core/Matrix.h
[6.743s] -- Up-to-date: /home/lfvmu/kobuki/install/include/eigen3/Eigen/src/Core/CoreIterators.h
[6.743s] -- Up-to-date: /home/lfvmu/kobuki/install/include/eigen3/Eigen/src/Core/ProductEvaluators.h
[6.743s] -- Up-to-date: /home/lfvmu/kobuki/install/include/eigen3/Eigen/src/Core/VectorwiseOp.h
[6.743s] -- Up-to-date: /home/lfvmu/kobuki/install/include/eigen3/Eigen/src/Core/MatrixBase.h
[6.744s] -- Up-to-date: /home/lfvmu/kobuki/install/include/eigen3/Eigen/src/Core/Diagonal.h
[6.744s] -- Up-to-date: /home/lfvmu/kobuki/install/include/eigen3/Eigen/src/Core/Dot.h
[6.744s] -- Up-to-date: /home/lfvmu/kobuki/install/include/eigen3/Eigen/src/Core/CwiseUnaryOp.h
[6.744s] -- Up-to-date: /home/lfvmu/kobuki/install/include/eigen3/Eigen/src/Core/CwiseBinaryOp.h
[6.744s] -- Up-to-date: /home/lfvmu/kobuki/install/include/eigen3/Eigen/src/Core/BandMatrix.h
[6.744s] -- Up-to-date: /home/lfvmu/kobuki/install/include/eigen3/Eigen/src/Core/util
[6.745s] -- Up-to-date: /home/lfvmu/kobuki/install/include/eigen3/Eigen/src/Core/util/Meta.h
[6.745s] -- Up-to-date: /home/lfvmu/kobuki/install/include/eigen3/Eigen/src/Core/util/ForwardDeclarations.h
[6.745s] -- Up-to-date: /home/lfvmu/kobuki/install/include/eigen3/Eigen/src/Core/util/StaticAssert.h
[6.745s] -- Up-to-date: /home/lfvmu/kobuki/install/include/eigen3/Eigen/src/Core/util/NonMPL2.h
[6.745s] -- Up-to-date: /home/lfvmu/kobuki/install/include/eigen3/Eigen/src/Core/util/DisableStupidWarnings.h
[6.745s] -- Up-to-date: /home/lfvmu/kobuki/install/include/eigen3/Eigen/src/Core/util/XprHelper.h
[6.746s] -- Up-to-date: /home/lfvmu/kobuki/install/include/eigen3/Eigen/src/Core/util/MKL_support.h
[6.746s] -- Up-to-date: /home/lfvmu/kobuki/install/include/eigen3/Eigen/src/Core/util/BlasUtil.h
[6.746s] -- Up-to-date: /home/lfvmu/kobuki/install/include/eigen3/Eigen/src/Core/util/Macros.h
[6.746s] -- Up-to-date: /home/lfvmu/kobuki/install/include/eigen3/Eigen/src/Core/util/ReenableStupidWarnings.h
[6.746s] -- Up-to-date: /home/lfvmu/kobuki/install/include/eigen3/Eigen/src/Core/util/Memory.h
[6.747s] -- Up-to-date: /home/lfvmu/kobuki/install/include/eigen3/Eigen/src/Core/util/Constants.h
[6.747s] -- Up-to-date: /home/lfvmu/kobuki/install/include/eigen3/Eigen/src/Core/AssignEvaluator.h
[6.747s] -- Up-to-date: /home/lfvmu/kobuki/install/include/eigen3/Eigen/src/Core/DiagonalProduct.h
[6.747s] -- Up-to-date: /home/lfvmu/kobuki/install/include/eigen3/Eigen/src/Core/Array.h
[6.747s] -- Up-to-date: /home/lfvmu/kobuki/install/include/eigen3/Eigen/src/Core/NumTraits.h
[6.748s] -- Up-to-date: /home/lfvmu/kobuki/install/include/eigen3/Eigen/src/Core/CoreEvaluators.h
[6.748s] -- Up-to-date: /home/lfvmu/kobuki/install/include/eigen3/Eigen/src/Core/SolveTriangular.h
[6.748s] -- Up-to-date: /home/lfvmu/kobuki/install/include/eigen3/Eigen/src/Core/MapBase.h
[6.748s] -- Up-to-date: /home/lfvmu/kobuki/install/include/eigen3/Eigen/src/Core/ConditionEstimator.h
[6.748s] -- Up-to-date: /home/lfvmu/kobuki/install/include/eigen3/Eigen/src/Core/BooleanRedux.h
[6.749s] -- Up-to-date: /home/lfvmu/kobuki/install/include/eigen3/Eigen/src/Core/Assign.h
[6.749s] -- Up-to-date: /home/lfvmu/kobuki/install/include/eigen3/Eigen/src/Core/MathFunctions.h
[6.749s] -- Up-to-date: /home/lfvmu/kobuki/install/include/eigen3/Eigen/src/Core/VectorBlock.h
[6.749s] -- Up-to-date: /home/lfvmu/kobuki/install/include/eigen3/Eigen/src/Core/Ref.h
[6.750s] -- Up-to-date: /home/lfvmu/kobuki/install/include/eigen3/Eigen/src/Core/DenseCoeffsBase.h
[6.750s] -- Up-to-date: /home/lfvmu/kobuki/install/include/eigen3/Eigen/src/Core/ArrayBase.h
[6.750s] -- Up-to-date: /home/lfvmu/kobuki/install/include/eigen3/Eigen/src/SPQRSupport
[6.750s] -- Up-to-date: /home/lfvmu/kobuki/install/include/eigen3/Eigen/src/SPQRSupport/SuiteSparseQRSupport.h
[6.750s] -- Up-to-date: /home/lfvmu/kobuki/install/include/eigen3/Eigen/src/QR
[6.751s] -- Up-to-date: /home/lfvmu/kobuki/install/include/eigen3/Eigen/src/QR/HouseholderQR_LAPACKE.h
[6.751s] -- Up-to-date: /home/lfvmu/kobuki/install/include/eigen3/Eigen/src/QR/CompleteOrthogonalDecomposition.h
[6.751s] -- Up-to-date: /home/lfvmu/kobuki/install/include/eigen3/Eigen/src/QR/FullPivHouseholderQR.h
[6.751s] -- Up-to-date: /home/lfvmu/kobuki/install/include/eigen3/Eigen/src/QR/HouseholderQR.h
[6.752s] -- Up-to-date: /home/lfvmu/kobuki/install/include/eigen3/Eigen/src/QR/ColPivHouseholderQR_LAPACKE.h
[6.752s] -- Up-to-date: /home/lfvmu/kobuki/install/include/eigen3/Eigen/src/QR/ColPivHouseholderQR.h
[6.752s] -- Up-to-date: /home/lfvmu/kobuki/install/include/eigen3/Eigen/src/PaStiXSupport
[6.752s] -- Up-to-date: /home/lfvmu/kobuki/install/include/eigen3/Eigen/src/PaStiXSupport/PaStiXSupport.h
[6.752s] -- Up-to-date: /home/lfvmu/kobuki/install/include/eigen3/Eigen/src/SVD
[6.753s] -- Up-to-date: /home/lfvmu/kobuki/install/include/eigen3/Eigen/src/SVD/JacobiSVD_LAPACKE.h
[6.753s] -- Up-to-date: /home/lfvmu/kobuki/install/include/eigen3/Eigen/src/SVD/JacobiSVD.h
[6.753s] -- Up-to-date: /home/lfvmu/kobuki/install/include/eigen3/Eigen/src/SVD/SVDBase.h
[6.753s] -- Up-to-date: /home/lfvmu/kobuki/install/include/eigen3/Eigen/src/SVD/UpperBidiagonalization.h
[6.753s] -- Up-to-date: /home/lfvmu/kobuki/install/include/eigen3/Eigen/src/SVD/BDCSVD.h
[6.754s] -- Up-to-date: /home/lfvmu/kobuki/install/include/eigen3/unsupported/Eigen/AdolcForward
[6.754s] -- Up-to-date: /home/lfvmu/kobuki/install/include/eigen3/unsupported/Eigen/AlignedVector3
[6.754s] -- Up-to-date: /home/lfvmu/kobuki/install/include/eigen3/unsupported/Eigen/ArpackSupport
[6.754s] -- Up-to-date: /home/lfvmu/kobuki/install/include/eigen3/unsupported/Eigen/AutoDiff
[6.755s] -- Up-to-date: /home/lfvmu/kobuki/install/include/eigen3/unsupported/Eigen/BVH
[6.755s] -- Up-to-date: /home/lfvmu/kobuki/install/include/eigen3/unsupported/Eigen/EulerAngles
[6.755s] -- Up-to-date: /home/lfvmu/kobuki/install/include/eigen3/unsupported/Eigen/FFT
[6.755s] -- Up-to-date: /home/lfvmu/kobuki/install/include/eigen3/unsupported/Eigen/IterativeSolvers
[6.755s] -- Up-to-date: /home/lfvmu/kobuki/install/include/eigen3/unsupported/Eigen/KroneckerProduct
[6.756s] -- Up-to-date: /home/lfvmu/kobuki/install/include/eigen3/unsupported/Eigen/LevenbergMarquardt
[6.756s] -- Up-to-date: /home/lfvmu/kobuki/install/include/eigen3/unsupported/Eigen/MatrixFunctions
[6.757s] -- Up-to-date: /home/lfvmu/kobuki/install/include/eigen3/unsupported/Eigen/MoreVectorization
[6.757s] -- Up-to-date: /home/lfvmu/kobuki/install/include/eigen3/unsupported/Eigen/MPRealSupport
[6.757s] -- Up-to-date: /home/lfvmu/kobuki/install/include/eigen3/unsupported/Eigen/NonLinearOptimization
[6.757s] -- Up-to-date: /home/lfvmu/kobuki/install/include/eigen3/unsupported/Eigen/NumericalDiff
[6.757s] -- Up-to-date: /home/lfvmu/kobuki/install/include/eigen3/unsupported/Eigen/OpenGLSupport
[6.758s] -- Up-to-date: /home/lfvmu/kobuki/install/include/eigen3/unsupported/Eigen/Polynomials
[6.758s] -- Up-to-date: /home/lfvmu/kobuki/install/include/eigen3/unsupported/Eigen/Skyline
[6.758s] -- Up-to-date: /home/lfvmu/kobuki/install/include/eigen3/unsupported/Eigen/SparseExtra
[6.758s] -- Up-to-date: /home/lfvmu/kobuki/install/include/eigen3/unsupported/Eigen/SpecialFunctions
[6.759s] -- Up-to-date: /home/lfvmu/kobuki/install/include/eigen3/unsupported/Eigen/Splines
[6.759s] -- Up-to-date: /home/lfvmu/kobuki/install/include/eigen3/unsupported/Eigen/src
[6.759s] -- Up-to-date: /home/lfvmu/kobuki/install/include/eigen3/unsupported/Eigen/src/NonLinearOptimization
[6.760s] -- Up-to-date: /home/lfvmu/kobuki/install/include/eigen3/unsupported/Eigen/src/NonLinearOptimization/LevenbergMarquardt.h
[6.760s] -- Up-to-date: /home/lfvmu/kobuki/install/include/eigen3/unsupported/Eigen/src/NonLinearOptimization/covar.h
[6.760s] -- Up-to-date: /home/lfvmu/kobuki/install/include/eigen3/unsupported/Eigen/src/NonLinearOptimization/qrsolv.h
[6.760s] -- Up-to-date: /home/lfvmu/kobuki/install/include/eigen3/unsupported/Eigen/src/NonLinearOptimization/r1updt.h
[6.760s] -- Up-to-date: /home/lfvmu/kobuki/install/include/eigen3/unsupported/Eigen/src/NonLinearOptimization/dogleg.h
[6.761s] -- Up-to-date: /home/lfvmu/kobuki/install/include/eigen3/unsupported/Eigen/src/NonLinearOptimization/rwupdt.h
[6.761s] -- Up-to-date: /home/lfvmu/kobuki/install/include/eigen3/unsupported/Eigen/src/NonLinearOptimization/lmpar.h
[6.761s] -- Up-to-date: /home/lfvmu/kobuki/install/include/eigen3/unsupported/Eigen/src/NonLinearOptimization/HybridNonLinearSolver.h
[6.761s] -- Up-to-date: /home/lfvmu/kobuki/install/include/eigen3/unsupported/Eigen/src/NonLinearOptimization/fdjac1.h
[6.761s] -- Up-to-date: /home/lfvmu/kobuki/install/include/eigen3/unsupported/Eigen/src/NonLinearOptimization/r1mpyq.h
[6.762s] -- Up-to-date: /home/lfvmu/kobuki/install/include/eigen3/unsupported/Eigen/src/NonLinearOptimization/chkder.h
[6.762s] -- Up-to-date: /home/lfvmu/kobuki/install/include/eigen3/unsupported/Eigen/src/SpecialFunctions
[6.762s] -- Up-to-date: /home/lfvmu/kobuki/install/include/eigen3/unsupported/Eigen/src/SpecialFunctions/SpecialFunctionsFunctors.h
[6.762s] -- Up-to-date: /home/lfvmu/kobuki/install/include/eigen3/unsupported/Eigen/src/SpecialFunctions/SpecialFunctionsArrayAPI.h
[6.763s] -- Up-to-date: /home/lfvmu/kobuki/install/include/eigen3/unsupported/Eigen/src/SpecialFunctions/SpecialFunctionsPacketMath.h
[6.763s] -- Up-to-date: /home/lfvmu/kobuki/install/include/eigen3/unsupported/Eigen/src/SpecialFunctions/arch
[6.763s] -- Up-to-date: /home/lfvmu/kobuki/install/include/eigen3/unsupported/Eigen/src/SpecialFunctions/arch/CUDA
[6.763s] -- Up-to-date: /home/lfvmu/kobuki/install/include/eigen3/unsupported/Eigen/src/SpecialFunctions/arch/CUDA/CudaSpecialFunctions.h
[6.764s] -- Up-to-date: /home/lfvmu/kobuki/install/include/eigen3/unsupported/Eigen/src/SpecialFunctions/SpecialFunctionsHalf.h
[6.764s] -- Up-to-date: /home/lfvmu/kobuki/install/include/eigen3/unsupported/Eigen/src/SpecialFunctions/SpecialFunctionsImpl.h
[6.764s] -- Up-to-date: /home/lfvmu/kobuki/install/include/eigen3/unsupported/Eigen/src/MatrixFunctions
[6.764s] -- Up-to-date: /home/lfvmu/kobuki/install/include/eigen3/unsupported/Eigen/src/MatrixFunctions/MatrixPower.h
[6.764s] -- Up-to-date: /home/lfvmu/kobuki/install/include/eigen3/unsupported/Eigen/src/MatrixFunctions/MatrixExponential.h
[6.765s] -- Up-to-date: /home/lfvmu/kobuki/install/include/eigen3/unsupported/Eigen/src/MatrixFunctions/MatrixLogarithm.h
[6.765s] -- Up-to-date: /home/lfvmu/kobuki/install/include/eigen3/unsupported/Eigen/src/MatrixFunctions/MatrixFunction.h
[6.765s] -- Up-to-date: /home/lfvmu/kobuki/install/include/eigen3/unsupported/Eigen/src/MatrixFunctions/MatrixSquareRoot.h
[6.765s] -- Up-to-date: /home/lfvmu/kobuki/install/include/eigen3/unsupported/Eigen/src/MatrixFunctions/StemFunction.h
[6.766s] -- Up-to-date: /home/lfvmu/kobuki/install/include/eigen3/unsupported/Eigen/src/MoreVectorization
[6.766s] -- Up-to-date: /home/lfvmu/kobuki/install/include/eigen3/unsupported/Eigen/src/MoreVectorization/MathFunctions.h
[6.766s] -- Up-to-date: /home/lfvmu/kobuki/install/include/eigen3/unsupported/Eigen/src/EulerAngles
[6.766s] -- Up-to-date: /home/lfvmu/kobuki/install/include/eigen3/unsupported/Eigen/src/EulerAngles/EulerAngles.h
[6.768s] -- Up-to-date: /home/lfvmu/kobuki/install/include/eigen3/unsupported/Eigen/src/EulerAngles/EulerSystem.h
[6.768s] -- Up-to-date: /home/lfvmu/kobuki/install/include/eigen3/unsupported/Eigen/src/LevenbergMarquardt
[6.768s] -- Up-to-date: /home/lfvmu/kobuki/install/include/eigen3/unsupported/Eigen/src/LevenbergMarquardt/LevenbergMarquardt.h
[6.768s] -- Up-to-date: /home/lfvmu/kobuki/install/include/eigen3/unsupported/Eigen/src/LevenbergMarquardt/LMonestep.h
[6.769s] -- Up-to-date: /home/lfvmu/kobuki/install/include/eigen3/unsupported/Eigen/src/LevenbergMarquardt/LMpar.h
[6.769s] -- Up-to-date: /home/lfvmu/kobuki/install/include/eigen3/unsupported/Eigen/src/LevenbergMarquardt/LMcovar.h
[6.769s] -- Up-to-date: /home/lfvmu/kobuki/install/include/eigen3/unsupported/Eigen/src/LevenbergMarquardt/LMqrsolv.h
[6.769s] -- Up-to-date: /home/lfvmu/kobuki/install/include/eigen3/unsupported/Eigen/src/BVH
[6.769s] -- Up-to-date: /home/lfvmu/kobuki/install/include/eigen3/unsupported/Eigen/src/BVH/BVAlgorithms.h
[6.770s] -- Up-to-date: /home/lfvmu/kobuki/install/include/eigen3/unsupported/Eigen/src/BVH/KdBVH.h
[6.770s] -- Up-to-date: /home/lfvmu/kobuki/install/include/eigen3/unsupported/Eigen/src/Eigenvalues
[6.770s] -- Up-to-date: /home/lfvmu/kobuki/install/include/eigen3/unsupported/Eigen/src/Eigenvalues/ArpackSelfAdjointEigenSolver.h
[6.770s] -- Up-to-date: /home/lfvmu/kobuki/install/include/eigen3/unsupported/Eigen/src/IterativeSolvers
[6.771s] -- Up-to-date: /home/lfvmu/kobuki/install/include/eigen3/unsupported/Eigen/src/IterativeSolvers/IncompleteLU.h
[6.771s] -- Up-to-date: /home/lfvmu/kobuki/install/include/eigen3/unsupported/Eigen/src/IterativeSolvers/GMRES.h
[6.771s] -- Up-to-date: /home/lfvmu/kobuki/install/include/eigen3/unsupported/Eigen/src/IterativeSolvers/MINRES.h
[6.771s] -- Up-to-date: /home/lfvmu/kobuki/install/include/eigen3/unsupported/Eigen/src/IterativeSolvers/DGMRES.h
[6.771s] -- Up-to-date: /home/lfvmu/kobuki/install/include/eigen3/unsupported/Eigen/src/IterativeSolvers/Scaling.h
[6.772s] -- Up-to-date: /home/lfvmu/kobuki/install/include/eigen3/unsupported/Eigen/src/IterativeSolvers/IterationController.h
[6.772s] -- Up-to-date: /home/lfvmu/kobuki/install/include/eigen3/unsupported/Eigen/src/IterativeSolvers/ConstrainedConjGrad.h
[6.772s] -- Up-to-date: /home/lfvmu/kobuki/install/include/eigen3/unsupported/Eigen/src/FFT
[6.772s] -- Up-to-date: /home/lfvmu/kobuki/install/include/eigen3/unsupported/Eigen/src/FFT/ei_fftw_impl.h
[6.773s] -- Up-to-date: /home/lfvmu/kobuki/install/include/eigen3/unsupported/Eigen/src/FFT/ei_kissfft_impl.h
[6.773s] -- Up-to-date: /home/lfvmu/kobuki/install/include/eigen3/unsupported/Eigen/src/Splines
[6.773s] -- Up-to-date: /home/lfvmu/kobuki/install/include/eigen3/unsupported/Eigen/src/Splines/SplineFitting.h
[6.773s] -- Up-to-date: /home/lfvmu/kobuki/install/include/eigen3/unsupported/Eigen/src/Splines/SplineFwd.h
[6.773s] -- Up-to-date: /home/lfvmu/kobuki/install/include/eigen3/unsupported/Eigen/src/Splines/Spline.h
[6.774s] -- Up-to-date: /home/lfvmu/kobuki/install/include/eigen3/unsupported/Eigen/src/Skyline
[6.774s] -- Up-to-date: /home/lfvmu/kobuki/install/include/eigen3/unsupported/Eigen/src/Skyline/SkylineMatrixBase.h
[6.774s] -- Up-to-date: /home/lfvmu/kobuki/install/include/eigen3/unsupported/Eigen/src/Skyline/SkylineProduct.h
[6.774s] -- Up-to-date: /home/lfvmu/kobuki/install/include/eigen3/unsupported/Eigen/src/Skyline/SkylineInplaceLU.h
[6.775s] -- Up-to-date: /home/lfvmu/kobuki/install/include/eigen3/unsupported/Eigen/src/Skyline/SkylineUtil.h
[6.775s] -- Up-to-date: /home/lfvmu/kobuki/install/include/eigen3/unsupported/Eigen/src/Skyline/SkylineStorage.h
[6.775s] -- Up-to-date: /home/lfvmu/kobuki/install/include/eigen3/unsupported/Eigen/src/Skyline/SkylineMatrix.h
[6.775s] -- Up-to-date: /home/lfvmu/kobuki/install/include/eigen3/unsupported/Eigen/src/KroneckerProduct
[6.775s] -- Up-to-date: /home/lfvmu/kobuki/install/include/eigen3/unsupported/Eigen/src/KroneckerProduct/KroneckerTensorProduct.h
[6.776s] -- Up-to-date: /home/lfvmu/kobuki/install/include/eigen3/unsupported/Eigen/src/SparseExtra
[6.776s] -- Up-to-date: /home/lfvmu/kobuki/install/include/eigen3/unsupported/Eigen/src/SparseExtra/DynamicSparseMatrix.h
[6.776s] -- Up-to-date: /home/lfvmu/kobuki/install/include/eigen3/unsupported/Eigen/src/SparseExtra/MarketIO.h
[6.776s] -- Up-to-date: /home/lfvmu/kobuki/install/include/eigen3/unsupported/Eigen/src/SparseExtra/BlockSparseMatrix.h
[6.777s] -- Up-to-date: /home/lfvmu/kobuki/install/include/eigen3/unsupported/Eigen/src/SparseExtra/MatrixMarketIterator.h
[6.777s] -- Up-to-date: /home/lfvmu/kobuki/install/include/eigen3/unsupported/Eigen/src/SparseExtra/RandomSetter.h
[6.777s] -- Up-to-date: /home/lfvmu/kobuki/install/include/eigen3/unsupported/Eigen/src/SparseExtra/BlockOfDynamicSparseMatrix.h
[6.777s] -- Up-to-date: /home/lfvmu/kobuki/install/include/eigen3/unsupported/Eigen/src/NumericalDiff
[6.777s] -- Up-to-date: /home/lfvmu/kobuki/install/include/eigen3/unsupported/Eigen/src/NumericalDiff/NumericalDiff.h
[6.778s] -- Up-to-date: /home/lfvmu/kobuki/install/include/eigen3/unsupported/Eigen/src/AutoDiff
[6.778s] -- Up-to-date: /home/lfvmu/kobuki/install/include/eigen3/unsupported/Eigen/src/AutoDiff/AutoDiffJacobian.h
[6.778s] -- Up-to-date: /home/lfvmu/kobuki/install/include/eigen3/unsupported/Eigen/src/AutoDiff/AutoDiffVector.h
[6.778s] -- Up-to-date: /home/lfvmu/kobuki/install/include/eigen3/unsupported/Eigen/src/AutoDiff/AutoDiffScalar.h
[6.779s] -- Up-to-date: /home/lfvmu/kobuki/install/include/eigen3/unsupported/Eigen/src/Polynomials
[6.779s] -- Up-to-date: /home/lfvmu/kobuki/install/include/eigen3/unsupported/Eigen/src/Polynomials/PolynomialUtils.h
[6.779s] -- Up-to-date: /home/lfvmu/kobuki/install/include/eigen3/unsupported/Eigen/src/Polynomials/Companion.h
[6.779s] -- Up-to-date: /home/lfvmu/kobuki/install/include/eigen3/unsupported/Eigen/src/Polynomials/PolynomialSolver.h
[6.779s] -- Up-to-date: /home/lfvmu/kobuki/install/include/eigen3/unsupported/Eigen/CXX11/Tensor
[6.780s] -- Up-to-date: /home/lfvmu/kobuki/install/include/eigen3/unsupported/Eigen/CXX11/TensorSymmetry
[6.780s] -- Up-to-date: /home/lfvmu/kobuki/install/include/eigen3/unsupported/Eigen/CXX11/ThreadPool
[6.780s] -- Up-to-date: /home/lfvmu/kobuki/install/include/eigen3/unsupported/Eigen/CXX11/src
[6.780s] -- Up-to-date: /home/lfvmu/kobuki/install/include/eigen3/unsupported/Eigen/CXX11/src/ThreadPool
[6.781s] -- Up-to-date: /home/lfvmu/kobuki/install/include/eigen3/unsupported/Eigen/CXX11/src/ThreadPool/ThreadEnvironment.h
[6.781s] -- Up-to-date: /home/lfvmu/kobuki/install/include/eigen3/unsupported/Eigen/CXX11/src/ThreadPool/NonBlockingThreadPool.h
[6.781s] -- Up-to-date: /home/lfvmu/kobuki/install/include/eigen3/unsupported/Eigen/CXX11/src/ThreadPool/ThreadLocal.h
[6.781s] -- Up-to-date: /home/lfvmu/kobuki/install/include/eigen3/unsupported/Eigen/CXX11/src/ThreadPool/ThreadYield.h
[6.781s] -- Up-to-date: /home/lfvmu/kobuki/install/include/eigen3/unsupported/Eigen/CXX11/src/ThreadPool/RunQueue.h
[6.782s] -- Up-to-date: /home/lfvmu/kobuki/install/include/eigen3/unsupported/Eigen/CXX11/src/ThreadPool/SimpleThreadPool.h
[6.782s] -- Up-to-date: /home/lfvmu/kobuki/install/include/eigen3/unsupported/Eigen/CXX11/src/ThreadPool/ThreadPoolInterface.h
[6.782s] -- Up-to-date: /home/lfvmu/kobuki/install/include/eigen3/unsupported/Eigen/CXX11/src/ThreadPool/EventCount.h
[6.782s] -- Up-to-date: /home/lfvmu/kobuki/install/include/eigen3/unsupported/Eigen/CXX11/src/Tensor
[6.783s] -- Up-to-date: /home/lfvmu/kobuki/install/include/eigen3/unsupported/Eigen/CXX11/src/Tensor/TensorRef.h
[6.783s] -- Up-to-date: /home/lfvmu/kobuki/install/include/eigen3/unsupported/Eigen/CXX11/src/Tensor/TensorForcedEval.h
[6.784s] -- Up-to-date: /home/lfvmu/kobuki/install/include/eigen3/unsupported/Eigen/CXX11/src/Tensor/TensorIntDiv.h
[6.784s] -- Up-to-date: /home/lfvmu/kobuki/install/include/eigen3/unsupported/Eigen/CXX11/src/Tensor/TensorMeta.h
[6.784s] -- Up-to-date: /home/lfvmu/kobuki/install/include/eigen3/unsupported/Eigen/CXX11/src/Tensor/TensorForwardDeclarations.h
[6.784s] -- Up-to-date: /home/lfvmu/kobuki/install/include/eigen3/unsupported/Eigen/CXX11/src/Tensor/TensorConversion.h
[6.784s] -- Up-to-date: /home/lfvmu/kobuki/install/include/eigen3/unsupported/Eigen/CXX11/src/Tensor/TensorFunctors.h
[6.785s] -- Up-to-date: /home/lfvmu/kobuki/install/include/eigen3/unsupported/Eigen/CXX11/src/Tensor/TensorEvaluator.h
[6.785s] -- Up-to-date: /home/lfvmu/kobuki/install/include/eigen3/unsupported/Eigen/CXX11/src/Tensor/TensorRandom.h
[6.785s] -- Up-to-date: /home/lfvmu/kobuki/install/include/eigen3/unsupported/Eigen/CXX11/src/Tensor/TensorShuffling.h
[6.785s] -- Up-to-date: /home/lfvmu/kobuki/install/include/eigen3/unsupported/Eigen/CXX11/src/Tensor/TensorExpr.h
[6.786s] -- Up-to-date: /home/lfvmu/kobuki/install/include/eigen3/unsupported/Eigen/CXX11/src/Tensor/TensorBroadcasting.h
[6.786s] -- Up-to-date: /home/lfvmu/kobuki/install/include/eigen3/unsupported/Eigen/CXX11/src/Tensor/TensorFFT.h
[6.786s] -- Up-to-date: /home/lfvmu/kobuki/install/include/eigen3/unsupported/Eigen/CXX11/src/Tensor/TensorInitializer.h
[6.786s] -- Up-to-date: /home/lfvmu/kobuki/install/include/eigen3/unsupported/Eigen/CXX11/src/Tensor/TensorPatch.h
[6.786s] -- Up-to-date: /home/lfvmu/kobuki/install/include/eigen3/unsupported/Eigen/CXX11/src/Tensor/TensorMacros.h
[6.787s] -- Up-to-date: /home/lfvmu/kobuki/install/include/eigen3/unsupported/Eigen/CXX11/src/Tensor/TensorContractionThreadPool.h
[6.787s] -- Up-to-date: /home/lfvmu/kobuki/install/include/eigen3/unsupported/Eigen/CXX11/src/Tensor/TensorGenerator.h
[6.787s] -- Up-to-date: /home/lfvmu/kobuki/install/include/eigen3/unsupported/Eigen/CXX11/src/Tensor/TensorSyclConvertToDeviceExpression.h
[6.787s] -- Up-to-date: /home/lfvmu/kobuki/install/include/eigen3/unsupported/Eigen/CXX11/src/Tensor/TensorSycl.h
[6.788s] -- Up-to-date: /home/lfvmu/kobuki/install/include/eigen3/unsupported/Eigen/CXX11/src/Tensor/TensorContractionBlocking.h
[6.788s] -- Up-to-date: /home/lfvmu/kobuki/install/include/eigen3/unsupported/Eigen/CXX11/src/Tensor/TensorSyclExtractAccessor.h
[6.788s] -- Up-to-date: /home/lfvmu/kobuki/install/include/eigen3/unsupported/Eigen/CXX11/src/Tensor/TensorSyclTuple.h
[6.788s] -- Up-to-date: /home/lfvmu/kobuki/install/include/eigen3/unsupported/Eigen/CXX11/src/Tensor/TensorDimensionList.h
[6.789s] -- Up-to-date: /home/lfvmu/kobuki/install/include/eigen3/unsupported/Eigen/CXX11/src/Tensor/TensorDeviceDefault.h
[6.789s] -- Up-to-date: /home/lfvmu/kobuki/install/include/eigen3/unsupported/Eigen/CXX11/src/Tensor/TensorExecutor.h
[6.789s] -- Up-to-date: /home/lfvmu/kobuki/install/include/eigen3/unsupported/Eigen/CXX11/src/Tensor/TensorDeviceThreadPool.h
[6.789s] -- Up-to-date: /home/lfvmu/kobuki/install/include/eigen3/unsupported/Eigen/CXX11/src/Tensor/TensorDeviceCuda.h
[6.790s] -- Up-to-date: /home/lfvmu/kobuki/install/include/eigen3/unsupported/Eigen/CXX11/src/Tensor/TensorSyclPlaceHolderExpr.h
[6.790s] -- Up-to-date: /home/lfvmu/kobuki/install/include/eigen3/unsupported/Eigen/CXX11/src/Tensor/TensorChipping.h
[6.790s] -- Up-to-date: /home/lfvmu/kobuki/install/include/eigen3/unsupported/Eigen/CXX11/src/Tensor/TensorBase.h
[6.790s] -- Up-to-date: /home/lfvmu/kobuki/install/include/eigen3/unsupported/Eigen/CXX11/src/Tensor/TensorGlobalFunctions.h
[6.791s] -- Up-to-date: /home/lfvmu/kobuki/install/include/eigen3/unsupported/Eigen/CXX11/src/Tensor/TensorStriding.h
[6.791s] -- Up-to-date: /home/lfvmu/kobuki/install/include/eigen3/unsupported/Eigen/CXX11/src/Tensor/TensorContraction.h
[6.791s] -- Up-to-date: /home/lfvmu/kobuki/install/include/eigen3/unsupported/Eigen/CXX11/src/Tensor/TensorContractionMapper.h
[6.792s] -- Up-to-date: /home/lfvmu/kobuki/install/include/eigen3/unsupported/Eigen/CXX11/src/Tensor/TensorArgMax.h
[6.792s] -- Up-to-date: /home/lfvmu/kobuki/install/include/eigen3/unsupported/Eigen/CXX11/src/Tensor/TensorReduction.h
[6.792s] -- Up-to-date: /home/lfvmu/kobuki/install/include/eigen3/unsupported/Eigen/CXX11/src/Tensor/TensorEvalTo.h
[6.792s] -- Up-to-date: /home/lfvmu/kobuki/install/include/eigen3/unsupported/Eigen/CXX11/src/Tensor/Tensor.h
[6.793s] -- Up-to-date: /home/lfvmu/kobuki/install/include/eigen3/unsupported/Eigen/CXX11/src/Tensor/TensorPadding.h
[6.793s] -- Up-to-date: /home/lfvmu/kobuki/install/include/eigen3/unsupported/Eigen/CXX11/src/Tensor/TensorReverse.h
[6.793s] -- Up-to-date: /home/lfvmu/kobuki/install/include/eigen3/unsupported/Eigen/CXX11/src/Tensor/TensorCostModel.h
[6.794s] -- Up-to-date: /home/lfvmu/kobuki/install/include/eigen3/unsupported/Eigen/CXX11/src/Tensor/TensorSyclLeafCount.h
[6.794s] -- Up-to-date: /home/lfvmu/kobuki/install/include/eigen3/unsupported/Eigen/CXX11/src/Tensor/TensorSyclExprConstructor.h
[6.795s] -- Up-to-date: /home/lfvmu/kobuki/install/include/eigen3/unsupported/Eigen/CXX11/src/Tensor/TensorImagePatch.h
[6.795s] -- Up-to-date: /home/lfvmu/kobuki/install/include/eigen3/unsupported/Eigen/CXX11/src/Tensor/TensorAssign.h
[6.795s] -- Up-to-date: /home/lfvmu/kobuki/install/include/eigen3/unsupported/Eigen/CXX11/src/Tensor/TensorScan.h
[6.796s] -- Up-to-date: /home/lfvmu/kobuki/install/include/eigen3/unsupported/Eigen/CXX11/src/Tensor/TensorStorage.h
[6.796s] -- Up-to-date: /home/lfvmu/kobuki/install/include/eigen3/unsupported/Eigen/CXX11/src/Tensor/TensorDeviceSycl.h
[6.796s] -- Up-to-date: /home/lfvmu/kobuki/install/include/eigen3/unsupported/Eigen/CXX11/src/Tensor/TensorReductionCuda.h
[6.796s] -- Up-to-date: /home/lfvmu/kobuki/install/include/eigen3/unsupported/Eigen/CXX11/src/Tensor/TensorVolumePatch.h
[6.796s] -- Up-to-date: /home/lfvmu/kobuki/install/include/eigen3/unsupported/Eigen/CXX11/src/Tensor/TensorIO.h
[6.797s] -- Up-to-date: /home/lfvmu/kobuki/install/include/eigen3/unsupported/Eigen/CXX11/src/Tensor/TensorConcatenation.h
[6.797s] -- Up-to-date: /home/lfvmu/kobuki/install/include/eigen3/unsupported/Eigen/CXX11/src/Tensor/TensorContractionCuda.h
[6.797s] -- Up-to-date: /home/lfvmu/kobuki/install/include/eigen3/unsupported/Eigen/CXX11/src/Tensor/TensorCustomOp.h
[6.797s] -- Up-to-date: /home/lfvmu/kobuki/install/include/eigen3/unsupported/Eigen/CXX11/src/Tensor/TensorReductionSycl.h
[6.798s] -- Up-to-date: /home/lfvmu/kobuki/install/include/eigen3/unsupported/Eigen/CXX11/src/Tensor/TensorIndexList.h
[6.798s] -- Up-to-date: /home/lfvmu/kobuki/install/include/eigen3/unsupported/Eigen/CXX11/src/Tensor/TensorLayoutSwap.h
[6.798s] -- Up-to-date: /home/lfvmu/kobuki/install/include/eigen3/unsupported/Eigen/CXX11/src/Tensor/TensorDimensions.h
[6.798s] -- Up-to-date: /home/lfvmu/kobuki/install/include/eigen3/unsupported/Eigen/CXX11/src/Tensor/TensorDevice.h
[6.798s] -- Up-to-date: /home/lfvmu/kobuki/install/include/eigen3/unsupported/Eigen/CXX11/src/Tensor/TensorUInt128.h
[6.798s] -- Up-to-date: /home/lfvmu/kobuki/install/include/eigen3/unsupported/Eigen/CXX11/src/Tensor/TensorSyclRun.h
[6.798s] -- Up-to-date: /home/lfvmu/kobuki/install/include/eigen3/unsupported/Eigen/CXX11/src/Tensor/TensorSyclExtractFunctors.h
[6.798s] -- Up-to-date: /home/lfvmu/kobuki/install/include/eigen3/unsupported/Eigen/CXX11/src/Tensor/TensorInflation.h
[6.799s] -- Up-to-date: /home/lfvmu/kobuki/install/include/eigen3/unsupported/Eigen/CXX11/src/Tensor/TensorTraits.h
[6.799s] -- Up-to-date: /home/lfvmu/kobuki/install/include/eigen3/unsupported/Eigen/CXX11/src/Tensor/TensorMorphing.h
[6.799s] -- Up-to-date: /home/lfvmu/kobuki/install/include/eigen3/unsupported/Eigen/CXX11/src/Tensor/TensorConvolution.h
[6.799s] -- Up-to-date: /home/lfvmu/kobuki/install/include/eigen3/unsupported/Eigen/CXX11/src/Tensor/TensorFixedSize.h
[6.799s] -- Up-to-date: /home/lfvmu/kobuki/install/include/eigen3/unsupported/Eigen/CXX11/src/Tensor/TensorMap.h
[6.800s] -- Up-to-date: /home/lfvmu/kobuki/install/include/eigen3/unsupported/Eigen/CXX11/src/util
[6.800s] -- Up-to-date: /home/lfvmu/kobuki/install/include/eigen3/unsupported/Eigen/CXX11/src/util/MaxSizeVector.h
[6.800s] -- Up-to-date: /home/lfvmu/kobuki/install/include/eigen3/unsupported/Eigen/CXX11/src/util/CXX11Meta.h
[6.800s] -- Up-to-date: /home/lfvmu/kobuki/install/include/eigen3/unsupported/Eigen/CXX11/src/util/EmulateArray.h
[6.801s] -- Up-to-date: /home/lfvmu/kobuki/install/include/eigen3/unsupported/Eigen/CXX11/src/util/EmulateCXX11Meta.h
[6.801s] -- Up-to-date: /home/lfvmu/kobuki/install/include/eigen3/unsupported/Eigen/CXX11/src/util/CXX11Workarounds.h
[6.801s] -- Up-to-date: /home/lfvmu/kobuki/install/include/eigen3/unsupported/Eigen/CXX11/src/TensorSymmetry
[6.801s] -- Up-to-date: /home/lfvmu/kobuki/install/include/eigen3/unsupported/Eigen/CXX11/src/TensorSymmetry/StaticSymmetry.h
[6.802s] -- Up-to-date: /home/lfvmu/kobuki/install/include/eigen3/unsupported/Eigen/CXX11/src/TensorSymmetry/Symmetry.h
[6.802s] -- Up-to-date: /home/lfvmu/kobuki/install/include/eigen3/unsupported/Eigen/CXX11/src/TensorSymmetry/DynamicSymmetry.h
[6.802s] -- Up-to-date: /home/lfvmu/kobuki/install/include/eigen3/unsupported/Eigen/CXX11/src/TensorSymmetry/util
[6.802s] -- Up-to-date: /home/lfvmu/kobuki/install/include/eigen3/unsupported/Eigen/CXX11/src/TensorSymmetry/util/TemplateGroupTheory.h
[6.806s] Invoked command in '/home/lfvmu/kobuki/build/eigen' returned '0': /usr/bin/cmake --install /home/lfvmu/kobuki/build/eigen
