[0.289s] Invoking command in '/home/lfvmu/kobuki/build/ecl_config': AMENT_PREFIX_PATH=/home/lfvmu/kobuki/install CMAKE_PREFIX_PATH=/home/lfvmu/kobuki/install LD_LIBRARY_PATH=/home/lfvmu/kobuki/install/lib PATH=/home/lfvmu/kobuki/install/bin:${PATH} PYTHONPATH=/home/lfvmu/kobuki/install/lib/python3.8/site-packages /usr/bin/cmake /home/lfvmu/kobuki/src/ecl_lite/ecl_config -DBUILD_TESTING=OFF -DCMAKE_INSTALL_PREFIX=/home/lfvmu/kobuki/install
[0.473s] -- The C compiler identification is GNU 9.4.0
[0.636s] -- The CXX compiler identification is GNU 9.4.0
[0.677s] -- Check for working C compiler: /usr/bin/cc
[0.895s] -- Check for working C compiler: /usr/bin/cc -- works
[0.895s] -- Detecting C compiler ABI info
[1.112s] -- Detecting C compiler ABI info - done
[1.163s] -- Detecting C compile features
[1.163s] -- Detecting C compile features - done
[1.164s] -- Check for working CXX compiler: /usr/bin/c++
[1.400s] -- Check for working CXX compiler: /usr/bin/c++ -- works
[1.404s] -- Detecting CXX compiler ABI info
[1.623s] -- Detecting CXX compiler ABI info - done
[1.684s] -- Detecting CXX compile features
[1.686s] -- Detecting CXX compile features - done
[1.689s] -- Found ament_cmake_ros: 0.9.2 (/home/lfvmu/kobuki/install/share/ament_cmake_ros/cmake)
[1.734s] -- Found PythonInterp: /usr/bin/python3 (found suitable version "3.8.10", minimum required is "3") 
[1.734s] -- Using PYTHON_EXECUTABLE: /usr/bin/python3
[2.093s] -- Found ecl_build: 1.0.3 (/home/lfvmu/kobuki/install/share/ecl_build/cmake)
[2.122s] -- Looking for _POSIX_VERSION
[2.338s] -- Looking for _POSIX_VERSION - found
[2.339s] -- Looking for realpath in rt
[2.574s] -- Looking for realpath in rt - found
[2.575s] -- Looking for clock_nanosleep in rt
[2.777s] -- Looking for clock_nanosleep in rt - found
[2.777s] -- Looking for clock_gettime in rt
[2.988s] -- Looking for clock_gettime in rt - found
[2.990s] -- Looking for pthread_mutex_timedlock in pthread
[3.213s] -- Looking for pthread_mutex_timedlock in pthread - found
[3.214s] -- Looking for nanosleep in pthread
[3.385s] -- Looking for nanosleep in pthread - found
[3.386s] -- Looking for shm_open in rt
[3.592s] -- Looking for shm_open in rt - found
[3.592s] -- Looking for sched_setscheduler in pthread
[3.792s] -- Looking for sched_setscheduler in pthread - found
[3.792s] -- Looking for sem_timedwait in pthread
[4.021s] -- Looking for sem_timedwait in pthread - found
[4.023s] -- Looking for sem_init in pthread
[4.201s] -- Looking for sem_init in pthread - found
[4.201s] -- Looking for CLOCK_MONOTONIC
[4.425s] -- Looking for CLOCK_MONOTONIC - found
[4.426s] -- Looking for CLOCK_PROCESS_CPUTIME_ID
[4.631s] -- Looking for CLOCK_PROCESS_CPUTIME_ID - found
[4.638s] -- Looking for pthread.h
[4.891s] -- Looking for pthread.h - found
[4.891s] -- Performing Test CMAKE_HAVE_LIBC_PTHREAD
[5.126s] -- Performing Test CMAKE_HAVE_LIBC_PTHREAD - Failed
[5.126s] -- Looking for pthread_create in pthreads
[5.309s] -- Looking for pthread_create in pthreads - not found
[5.314s] -- Looking for pthread_create in pthread
[5.530s] -- Looking for pthread_create in pthread - found
[5.530s] -- Found Threads: TRUE  
[5.547s] -- Looking for sys/types.h
[5.803s] -- Looking for sys/types.h - found
[5.804s] -- Looking for stdint.h
[5.990s] -- Looking for stdint.h - found
[5.990s] -- Looking for stddef.h
[6.242s] -- Looking for stddef.h - found
[6.242s] -- Check size of char
[6.437s] -- Check size of char - done
[6.439s] -- Check size of short
[6.628s] -- Check size of short - done
[6.629s] -- Check size of int
[6.832s] -- Check size of int - done
[6.833s] -- Check size of long
[7.044s] -- Check size of long - done
[7.045s] -- Check size of long long
[7.235s] -- Check size of long long - done
[7.237s] -- Check size of float
[7.426s] -- Check size of float - done
[7.427s] -- Check size of double
[7.614s] -- Check size of double - done
[7.616s] -- Check size of long double
[7.814s] -- Check size of long double - done
[7.833s] -- Check if the system is big endian
[7.833s] -- Searching 16 bit integer
[7.833s] -- Check size of unsigned short
[8.019s] -- Check size of unsigned short - done
[8.019s] -- Using unsigned short
[8.188s] -- Check if the system is big endian - little endian
[8.193s] -- -------------------------------------------------------------------
[8.194s] -- Platform Summary
[8.194s] -- -------------------------------------------------------------------
[8.194s] -- 
[8.194s] -- System type.....................posix
[8.194s] -- Operating System................Linux-5.15.0-46-generic
[8.195s] -- Timer model.....................real-time
[8.195s] -- Thread model....................posix
[8.195s] -- Size of char....................1
[8.195s] -- Size of short...................2
[8.195s] -- Size of int.....................4
[8.195s] -- Size of long....................8
[8.196s] -- Size of long long...............8
[8.196s] -- Size of float...................4
[8.196s] -- Size of double..................8
[8.196s] -- Size of long double.............16
[8.196s] -- Size of pointer.................64-bit
[8.197s] -- Endianness......................little-endian
[8.197s] -- 
[8.197s] -- -------------------------------------------------------------------
[8.197s] -- Posix Specifications
[8.197s] -- -------------------------------------------------------------------
[8.197s] -- 
[8.198s] -- Clock selection.................yes
[8.198s] -- Monotonic clock.................yes
[8.198s] -- Priority scheduling.............yes
[8.198s] -- Semaphores......................yes
[8.198s] -- Shared memory objects...........yes
[8.199s] -- Timers..........................yes
[8.199s] -- Timeouts........................yes
[8.199s] --  - clock_gettime................yes
[8.199s] --  - clock_nanosleep..............yes
[8.199s] --  - nanosleep....................yes
[8.199s] --  - pthread_mutex_timedlock......yes
[8.200s] --  - sched_setscheduler...........yes
[8.200s] --  - sem_init.....................yes
[8.200s] --  - sem_timedwait................yes
[8.200s] --  - shm_open.....................yes
[8.200s] -- 
[8.200s] -- -------------------------------------------------------------------
[8.201s] -- Build Environment
[8.201s] -- -------------------------------------------------------------------
[8.201s] -- 
[8.201s] -- Compiler......................../usr/bin/c++
[8.201s] --  - version......................9.4.0
[8.202s] -- 
[8.338s] -- Configuring done
[8.360s] -- Generating done
[8.366s] -- Build files have been written to: /home/lfvmu/kobuki/build/ecl_config
[8.381s] Invoked command in '/home/lfvmu/kobuki/build/ecl_config' returned '0': AMENT_PREFIX_PATH=/home/lfvmu/kobuki/install CMAKE_PREFIX_PATH=/home/lfvmu/kobuki/install LD_LIBRARY_PATH=/home/lfvmu/kobuki/install/lib PATH=/home/lfvmu/kobuki/install/bin:${PATH} PYTHONPATH=/home/lfvmu/kobuki/install/lib/python3.8/site-packages /usr/bin/cmake /home/lfvmu/kobuki/src/ecl_lite/ecl_config -DBUILD_TESTING=OFF -DCMAKE_INSTALL_PREFIX=/home/lfvmu/kobuki/install
[8.383s] Invoking command in '/home/lfvmu/kobuki/build/ecl_config': AMENT_PREFIX_PATH=/home/lfvmu/kobuki/install CMAKE_PREFIX_PATH=/home/lfvmu/kobuki/install LD_LIBRARY_PATH=/home/lfvmu/kobuki/install/lib PATH=/home/lfvmu/kobuki/install/bin:${PATH} PYTHONPATH=/home/lfvmu/kobuki/install/lib/python3.8/site-packages /usr/bin/cmake --build /home/lfvmu/kobuki/build/ecl_config -- -j4 -l4
[8.471s] [35m[1mScanning dependencies of target ecl_detect_endian[0m
[8.472s] [35m[1mScanning dependencies of target ecl_detect_posix[0m
[8.495s] [ 50%] [32mBuilding CXX object src/utilities/CMakeFiles/ecl_detect_endian.dir/detect_endian.cpp.o[0m
[8.495s] [ 50%] [32mBuilding CXX object src/utilities/CMakeFiles/ecl_detect_posix.dir/detect_posix.cpp.o[0m
[9.214s] [ 75%] [32m[1mLinking CXX executable bin/ecl_detect_endian[0m
[9.248s] [100%] [32m[1mLinking CXX executable bin/ecl_detect_posix[0m
[9.423s] [100%] Built target ecl_detect_endian
[9.464s] [100%] Built target ecl_detect_posix
[9.490s] Invoked command in '/home/lfvmu/kobuki/build/ecl_config' returned '0': AMENT_PREFIX_PATH=/home/lfvmu/kobuki/install CMAKE_PREFIX_PATH=/home/lfvmu/kobuki/install LD_LIBRARY_PATH=/home/lfvmu/kobuki/install/lib PATH=/home/lfvmu/kobuki/install/bin:${PATH} PYTHONPATH=/home/lfvmu/kobuki/install/lib/python3.8/site-packages /usr/bin/cmake --build /home/lfvmu/kobuki/build/ecl_config -- -j4 -l4
[9.537s] Invoking command in '/home/lfvmu/kobuki/build/ecl_config': AMENT_PREFIX_PATH=/home/lfvmu/kobuki/install CMAKE_PREFIX_PATH=/home/lfvmu/kobuki/install LD_LIBRARY_PATH=/home/lfvmu/kobuki/install/lib PATH=/home/lfvmu/kobuki/install/bin:${PATH} PYTHONPATH=/home/lfvmu/kobuki/install/lib/python3.8/site-packages /usr/bin/cmake --install /home/lfvmu/kobuki/build/ecl_config
[9.554s] -- Install configuration: ""
[9.555s] -- Installing: /home/lfvmu/kobuki/install/share/ament_index/resource_index/package_run_dependencies/ecl_config
[9.555s] -- Installing: /home/lfvmu/kobuki/install/share/ament_index/resource_index/parent_prefix_path/ecl_config
[9.556s] -- Installing: /home/lfvmu/kobuki/install/share/ecl_config/environment/ament_prefix_path.sh
[9.556s] -- Installing: /home/lfvmu/kobuki/install/share/ecl_config/environment/ament_prefix_path.dsv
[9.556s] -- Installing: /home/lfvmu/kobuki/install/share/ecl_config/environment/path.sh
[9.557s] -- Installing: /home/lfvmu/kobuki/install/share/ecl_config/environment/path.dsv
[9.557s] -- Installing: /home/lfvmu/kobuki/install/share/ecl_config/local_setup.bash
[9.557s] -- Installing: /home/lfvmu/kobuki/install/share/ecl_config/local_setup.sh
[9.558s] -- Installing: /home/lfvmu/kobuki/install/share/ecl_config/local_setup.zsh
[9.558s] -- Installing: /home/lfvmu/kobuki/install/share/ecl_config/local_setup.dsv
[9.558s] -- Installing: /home/lfvmu/kobuki/install/share/ecl_config/package.dsv
[9.558s] -- Installing: /home/lfvmu/kobuki/install/share/ament_index/resource_index/packages/ecl_config
[9.559s] -- Installing: /home/lfvmu/kobuki/install/share/ecl_config/cmake/ecl_configExport.cmake
[9.559s] -- Installing: /home/lfvmu/kobuki/install/share/ecl_config/cmake/ament_cmake_export_targets-extras.cmake
[9.560s] -- Installing: /home/lfvmu/kobuki/install/share/ecl_config/cmake/ament_cmake_export_include_directories-extras.cmake
[9.560s] -- Installing: /home/lfvmu/kobuki/install/share/ecl_config/cmake/ecl_configConfig.cmake
[9.560s] -- Installing: /home/lfvmu/kobuki/install/share/ecl_config/cmake/ecl_configConfig-version.cmake
[9.560s] -- Installing: /home/lfvmu/kobuki/install/share/ecl_config/package.xml
[9.561s] -- Installing: /home/lfvmu/kobuki/install/include/ecl/config.hpp
[9.562s] -- Installing: /home/lfvmu/kobuki/install/include/ecl/config/ecl.hpp
[9.563s] -- Installing: /home/lfvmu/kobuki/install/include/ecl/config/char_sign.hpp
[9.563s] -- Installing: /home/lfvmu/kobuki/install/include/ecl/config/ecl_unknown.hpp
[9.563s] -- Installing: /home/lfvmu/kobuki/install/include/ecl/config/endianness.hpp
[9.563s] -- Installing: /home/lfvmu/kobuki/install/include/ecl/config/macros.hpp
[9.563s] -- Installing: /home/lfvmu/kobuki/install/include/ecl/config/portable_types.hpp
[9.564s] -- Installing: /home/lfvmu/kobuki/install/include/ecl/config/windows.hpp
[9.565s] -- Installing: /home/lfvmu/kobuki/install/bin/ecl_detect_endian
[9.565s] -- Installing: /home/lfvmu/kobuki/install/bin/ecl_detect_posix
[9.574s] Invoked command in '/home/lfvmu/kobuki/build/ecl_config' returned '0': AMENT_PREFIX_PATH=/home/lfvmu/kobuki/install CMAKE_PREFIX_PATH=/home/lfvmu/kobuki/install LD_LIBRARY_PATH=/home/lfvmu/kobuki/install/lib PATH=/home/lfvmu/kobuki/install/bin:${PATH} PYTHONPATH=/home/lfvmu/kobuki/install/lib/python3.8/site-packages /usr/bin/cmake --install /home/lfvmu/kobuki/build/ecl_config
