[0.321s] Invoking command in '/home/lfvmu/kobuki/build/ament_cmake_export_dependencies': /usr/bin/cmake /home/lfvmu/kobuki/src/ament_cmake/ament_cmake_export_dependencies -DBUILD_TESTING=OFF --no-warn-unused-cli -DCMAKE_INSTALL_PREFIX=/home/lfvmu/kobuki/install
[0.347s] Not searching for unused variables given on the command line.
[0.356s] -- Found ament_cmake_core: 0.9.11 (/home/lfvmu/kobuki/install/share/ament_cmake_core/cmake)
[0.407s] -- Using PYTHON_EXECUTABLE: /usr/bin/python3
[0.937s] -- Configuring done
[0.943s] -- Generating done
[0.946s] -- Build files have been written to: /home/lfvmu/kobuki/build/ament_cmake_export_dependencies
[0.961s] Invoked command in '/home/lfvmu/kobuki/build/ament_cmake_export_dependencies' returned '0': /usr/bin/cmake /home/lfvmu/kobuki/src/ament_cmake/ament_cmake_export_dependencies -DBUILD_TESTING=OFF --no-warn-unused-cli -DCMAKE_INSTALL_PREFIX=/home/lfvmu/kobuki/install
[0.963s] Invoking command in '/home/lfvmu/kobuki/build/ament_cmake_export_dependencies': /usr/bin/cmake --build /home/lfvmu/kobuki/build/ament_cmake_export_dependencies -- -j4 -l4
[1.063s] Invoked command in '/home/lfvmu/kobuki/build/ament_cmake_export_dependencies' returned '0': /usr/bin/cmake --build /home/lfvmu/kobuki/build/ament_cmake_export_dependencies -- -j4 -l4
[1.120s] Invoking command in '/home/lfvmu/kobuki/build/ament_cmake_export_dependencies': /usr/bin/cmake --install /home/lfvmu/kobuki/build/ament_cmake_export_dependencies
[1.142s] -- Install configuration: "RelWithDebInfo"
[1.142s] -- Up-to-date: /home/lfvmu/kobuki/install/share/ament_index/resource_index/package_run_dependencies/ament_cmake_export_dependencies
[1.142s] -- Up-to-date: /home/lfvmu/kobuki/install/share/ament_index/resource_index/parent_prefix_path/ament_cmake_export_dependencies
[1.143s] -- Up-to-date: /home/lfvmu/kobuki/install/share/ament_cmake_export_dependencies/environment/ament_prefix_path.sh
[1.143s] -- Installing: /home/lfvmu/kobuki/install/share/ament_cmake_export_dependencies/environment/ament_prefix_path.dsv
[1.144s] -- Up-to-date: /home/lfvmu/kobuki/install/share/ament_cmake_export_dependencies/environment/path.sh
[1.144s] -- Installing: /home/lfvmu/kobuki/install/share/ament_cmake_export_dependencies/environment/path.dsv
[1.144s] -- Up-to-date: /home/lfvmu/kobuki/install/share/ament_cmake_export_dependencies/local_setup.bash
[1.145s] -- Up-to-date: /home/lfvmu/kobuki/install/share/ament_cmake_export_dependencies/local_setup.sh
[1.145s] -- Up-to-date: /home/lfvmu/kobuki/install/share/ament_cmake_export_dependencies/local_setup.zsh
[1.145s] -- Installing: /home/lfvmu/kobuki/install/share/ament_cmake_export_dependencies/local_setup.dsv
[1.146s] -- Installing: /home/lfvmu/kobuki/install/share/ament_cmake_export_dependencies/package.dsv
[1.147s] -- Up-to-date: /home/lfvmu/kobuki/install/share/ament_index/resource_index/packages/ament_cmake_export_dependencies
[1.147s] -- Up-to-date: /home/lfvmu/kobuki/install/share/ament_cmake_export_dependencies/cmake/ament_cmake_export_dependencies-extras.cmake
[1.148s] -- Up-to-date: /home/lfvmu/kobuki/install/share/ament_cmake_export_dependencies/cmake/ament_cmake_export_dependenciesConfig.cmake
[1.148s] -- Up-to-date: /home/lfvmu/kobuki/install/share/ament_cmake_export_dependencies/cmake/ament_cmake_export_dependenciesConfig-version.cmake
[1.148s] -- Up-to-date: /home/lfvmu/kobuki/install/share/ament_cmake_export_dependencies/package.xml
[1.148s] -- Up-to-date: /home/lfvmu/kobuki/install/share/ament_cmake_export_dependencies/cmake
[1.148s] -- Up-to-date: /home/lfvmu/kobuki/install/share/ament_cmake_export_dependencies/cmake/ament_cmake_export_dependencies_package_hook.cmake
[1.154s] -- Up-to-date: /home/lfvmu/kobuki/install/share/ament_cmake_export_dependencies/cmake/ament_export_dependencies.cmake
[1.154s] -- Up-to-date: /home/lfvmu/kobuki/install/share/ament_cmake_export_dependencies/cmake/ament_cmake_export_dependencies-extras.cmake.in
[1.164s] Invoked command in '/home/lfvmu/kobuki/build/ament_cmake_export_dependencies' returned '0': /usr/bin/cmake --install /home/lfvmu/kobuki/build/ament_cmake_export_dependencies
