[1.379s] Invoking command in '/home/lfvmu/kobuki/src/ament_lint/ament_lint_cmake': AMENT_PREFIX_PATH=/home/lfvmu/kobuki/install CMAKE_PREFIX_PATH=/home/lfvmu/kobuki/install PATH=/home/lfvmu/kobuki/install/bin:${PATH} PYTHONPATH=/home/lfvmu/kobuki/build/ament_lint_cmake/prefix_override:/home/lfvmu/kobuki/install/lib/python3.8/site-packages:/home/lfvmu/kobuki/install/lib/python3.8/site-packages /usr/bin/python3 setup.py egg_info --egg-base ../../../build/ament_lint_cmake build --build-base /home/lfvmu/kobuki/build/ament_lint_cmake/build install --record /home/lfvmu/kobuki/build/ament_lint_cmake/install.log --single-version-externally-managed
[1.771s] running egg_info
[1.771s] creating ../../../build/ament_lint_cmake/ament_lint_cmake.egg-info
[1.772s] writing ../../../build/ament_lint_cmake/ament_lint_cmake.egg-info/PKG-INFO
[1.772s] writing dependency_links to ../../../build/ament_lint_cmake/ament_lint_cmake.egg-info/dependency_links.txt
[1.772s] writing entry points to ../../../build/ament_lint_cmake/ament_lint_cmake.egg-info/entry_points.txt
[1.772s] writing requirements to ../../../build/ament_lint_cmake/ament_lint_cmake.egg-info/requires.txt
[1.773s] writing top-level names to ../../../build/ament_lint_cmake/ament_lint_cmake.egg-info/top_level.txt
[1.773s] writing manifest file '../../../build/ament_lint_cmake/ament_lint_cmake.egg-info/SOURCES.txt'
[1.874s] reading manifest file '../../../build/ament_lint_cmake/ament_lint_cmake.egg-info/SOURCES.txt'
[1.876s] writing manifest file '../../../build/ament_lint_cmake/ament_lint_cmake.egg-info/SOURCES.txt'
[1.876s] running build
[1.877s] running build_py
[1.877s] creating /home/lfvmu/kobuki/build/ament_lint_cmake/build
[1.877s] creating /home/lfvmu/kobuki/build/ament_lint_cmake/build/lib
[1.877s] creating /home/lfvmu/kobuki/build/ament_lint_cmake/build/lib/ament_lint_cmake
[1.878s] copying ament_lint_cmake/main.py -> /home/lfvmu/kobuki/build/ament_lint_cmake/build/lib/ament_lint_cmake
[1.878s] copying ament_lint_cmake/cmakelint.py -> /home/lfvmu/kobuki/build/ament_lint_cmake/build/lib/ament_lint_cmake
[1.878s] copying ament_lint_cmake/__init__.py -> /home/lfvmu/kobuki/build/ament_lint_cmake/build/lib/ament_lint_cmake
[1.878s] running install
[1.880s] running install_lib
[1.882s] creating /home/lfvmu/kobuki/install/lib/python3.8/site-packages/ament_lint_cmake
[1.882s] copying /home/lfvmu/kobuki/build/ament_lint_cmake/build/lib/ament_lint_cmake/main.py -> /home/lfvmu/kobuki/install/lib/python3.8/site-packages/ament_lint_cmake
[1.882s] copying /home/lfvmu/kobuki/build/ament_lint_cmake/build/lib/ament_lint_cmake/cmakelint.py -> /home/lfvmu/kobuki/install/lib/python3.8/site-packages/ament_lint_cmake
[1.883s] copying /home/lfvmu/kobuki/build/ament_lint_cmake/build/lib/ament_lint_cmake/__init__.py -> /home/lfvmu/kobuki/install/lib/python3.8/site-packages/ament_lint_cmake
[1.883s] byte-compiling /home/lfvmu/kobuki/install/lib/python3.8/site-packages/ament_lint_cmake/main.py to main.cpython-38.pyc
[1.890s] byte-compiling /home/lfvmu/kobuki/install/lib/python3.8/site-packages/ament_lint_cmake/cmakelint.py to cmakelint.cpython-38.pyc
[1.898s] byte-compiling /home/lfvmu/kobuki/install/lib/python3.8/site-packages/ament_lint_cmake/__init__.py to __init__.cpython-38.pyc
[1.899s] running install_data
[1.900s] copying package.xml -> /home/lfvmu/kobuki/install/share/ament_lint_cmake
[1.900s] copying resource/ament_lint_cmake -> /home/lfvmu/kobuki/install/share/ament_index/resource_index/packages
[1.900s] running install_egg_info
[1.904s] Copying ../../../build/ament_lint_cmake/ament_lint_cmake.egg-info to /home/lfvmu/kobuki/install/lib/python3.8/site-packages/ament_lint_cmake-0.9.7-py3.8.egg-info
[1.905s] running install_scripts
[1.959s] Installing ament_lint_cmake script to /home/lfvmu/kobuki/install/bin
[1.959s] writing list of installed files to '/home/lfvmu/kobuki/build/ament_lint_cmake/install.log'
[2.108s] Invoked command in '/home/lfvmu/kobuki/src/ament_lint/ament_lint_cmake' returned '0': AMENT_PREFIX_PATH=/home/lfvmu/kobuki/install CMAKE_PREFIX_PATH=/home/lfvmu/kobuki/install PATH=/home/lfvmu/kobuki/install/bin:${PATH} PYTHONPATH=/home/lfvmu/kobuki/build/ament_lint_cmake/prefix_override:/home/lfvmu/kobuki/install/lib/python3.8/site-packages:/home/lfvmu/kobuki/install/lib/python3.8/site-packages /usr/bin/python3 setup.py egg_info --egg-base ../../../build/ament_lint_cmake build --build-base /home/lfvmu/kobuki/build/ament_lint_cmake/build install --record /home/lfvmu/kobuki/build/ament_lint_cmake/install.log --single-version-externally-managed
