[0.217s] Invoking command in '/home/lfvmu/kobuki/build/ecl_command_line': AMENT_PREFIX_PATH=/home/lfvmu/kobuki/install CMAKE_PREFIX_PATH=/home/lfvmu/kobuki/install LD_LIBRARY_PATH=/home/lfvmu/kobuki/install/lib PATH=/home/lfvmu/kobuki/install/bin:${PATH} PYTHONPATH=/home/lfvmu/kobuki/install/lib/python3.8/site-packages /usr/bin/cmake /home/lfvmu/kobuki/src/ecl_core/ecl_command_line -DBUILD_TESTING=OFF -DCMAKE_INSTALL_PREFIX=/home/lfvmu/kobuki/install
[0.379s] -- The C compiler identification is GNU 9.4.0
[0.563s] -- The CXX compiler identification is GNU 9.4.0
[0.580s] -- Check for working C compiler: /usr/bin/cc
[0.789s] -- Check for working C compiler: /usr/bin/cc -- works
[0.789s] -- Detecting C compiler ABI info
[0.988s] -- Detecting C compiler ABI info - done
[1.059s] -- Detecting C compile features
[1.059s] -- Detecting C compile features - done
[1.069s] -- Check for working CXX compiler: /usr/bin/c++
[1.302s] -- Check for working CXX compiler: /usr/bin/c++ -- works
[1.306s] -- Detecting CXX compiler ABI info
[1.566s] -- Detecting CXX compiler ABI info - done
[1.622s] -- Detecting CXX compile features
[1.624s] -- Detecting CXX compile features - done
[1.627s] -- Found ament_cmake_ros: 0.9.2 (/home/lfvmu/kobuki/install/share/ament_cmake_ros/cmake)
[1.673s] -- Found PythonInterp: /usr/bin/python3 (found suitable version "3.8.10", minimum required is "3") 
[1.673s] -- Using PYTHON_EXECUTABLE: /usr/bin/python3
[2.085s] -- Found ecl_build: 1.0.3 (/home/lfvmu/kobuki/install/share/ecl_build/cmake)
[2.271s] -- Configuring done
[2.295s] -- Generating done
[2.295s] -- Build files have been written to: /home/lfvmu/kobuki/build/ecl_command_line
[2.311s] Invoked command in '/home/lfvmu/kobuki/build/ecl_command_line' returned '0': AMENT_PREFIX_PATH=/home/lfvmu/kobuki/install CMAKE_PREFIX_PATH=/home/lfvmu/kobuki/install LD_LIBRARY_PATH=/home/lfvmu/kobuki/install/lib PATH=/home/lfvmu/kobuki/install/bin:${PATH} PYTHONPATH=/home/lfvmu/kobuki/install/lib/python3.8/site-packages /usr/bin/cmake /home/lfvmu/kobuki/src/ecl_core/ecl_command_line -DBUILD_TESTING=OFF -DCMAKE_INSTALL_PREFIX=/home/lfvmu/kobuki/install
[2.313s] Invoking command in '/home/lfvmu/kobuki/build/ecl_command_line': AMENT_PREFIX_PATH=/home/lfvmu/kobuki/install CMAKE_PREFIX_PATH=/home/lfvmu/kobuki/install LD_LIBRARY_PATH=/home/lfvmu/kobuki/install/lib PATH=/home/lfvmu/kobuki/install/bin:${PATH} PYTHONPATH=/home/lfvmu/kobuki/install/lib/python3.8/site-packages /usr/bin/cmake --build /home/lfvmu/kobuki/build/ecl_command_line -- -j4 -l4
[2.405s] [35m[1mScanning dependencies of target ecl_demo_command_line[0m
[2.453s] [ 50%] [32mBuilding CXX object src/examples/CMakeFiles/ecl_demo_command_line.dir/command_line.cpp.o[0m
[5.232s] [100%] [32m[1mLinking CXX executable demo_command_line[0m
[5.479s] [100%] Built target ecl_demo_command_line
[5.504s] Invoked command in '/home/lfvmu/kobuki/build/ecl_command_line' returned '0': AMENT_PREFIX_PATH=/home/lfvmu/kobuki/install CMAKE_PREFIX_PATH=/home/lfvmu/kobuki/install LD_LIBRARY_PATH=/home/lfvmu/kobuki/install/lib PATH=/home/lfvmu/kobuki/install/bin:${PATH} PYTHONPATH=/home/lfvmu/kobuki/install/lib/python3.8/site-packages /usr/bin/cmake --build /home/lfvmu/kobuki/build/ecl_command_line -- -j4 -l4
[5.554s] Invoking command in '/home/lfvmu/kobuki/build/ecl_command_line': AMENT_PREFIX_PATH=/home/lfvmu/kobuki/install CMAKE_PREFIX_PATH=/home/lfvmu/kobuki/install LD_LIBRARY_PATH=/home/lfvmu/kobuki/install/lib PATH=/home/lfvmu/kobuki/install/bin:${PATH} PYTHONPATH=/home/lfvmu/kobuki/install/lib/python3.8/site-packages /usr/bin/cmake --install /home/lfvmu/kobuki/build/ecl_command_line
[5.574s] -- Install configuration: ""
[5.575s] -- Installing: /home/lfvmu/kobuki/install/share/ament_index/resource_index/package_run_dependencies/ecl_command_line
[5.575s] -- Installing: /home/lfvmu/kobuki/install/share/ament_index/resource_index/parent_prefix_path/ecl_command_line
[5.575s] -- Installing: /home/lfvmu/kobuki/install/share/ecl_command_line/environment/ament_prefix_path.sh
[5.576s] -- Installing: /home/lfvmu/kobuki/install/share/ecl_command_line/environment/ament_prefix_path.dsv
[5.576s] -- Installing: /home/lfvmu/kobuki/install/share/ecl_command_line/environment/path.sh
[5.577s] -- Installing: /home/lfvmu/kobuki/install/share/ecl_command_line/environment/path.dsv
[5.577s] -- Installing: /home/lfvmu/kobuki/install/share/ecl_command_line/local_setup.bash
[5.578s] -- Installing: /home/lfvmu/kobuki/install/share/ecl_command_line/local_setup.sh
[5.578s] -- Installing: /home/lfvmu/kobuki/install/share/ecl_command_line/local_setup.zsh
[5.578s] -- Installing: /home/lfvmu/kobuki/install/share/ecl_command_line/local_setup.dsv
[5.579s] -- Installing: /home/lfvmu/kobuki/install/share/ecl_command_line/package.dsv
[5.579s] -- Installing: /home/lfvmu/kobuki/install/share/ament_index/resource_index/packages/ecl_command_line
[5.579s] -- Installing: /home/lfvmu/kobuki/install/share/ecl_command_line/cmake/ecl_command_lineExport.cmake
[5.579s] -- Installing: /home/lfvmu/kobuki/install/share/ecl_command_line/cmake/ament_cmake_export_targets-extras.cmake
[5.580s] -- Installing: /home/lfvmu/kobuki/install/share/ecl_command_line/cmake/ament_cmake_export_include_directories-extras.cmake
[5.580s] -- Installing: /home/lfvmu/kobuki/install/share/ecl_command_line/cmake/ecl_command_lineConfig.cmake
[5.580s] -- Installing: /home/lfvmu/kobuki/install/share/ecl_command_line/cmake/ecl_command_lineConfig-version.cmake
[5.581s] -- Installing: /home/lfvmu/kobuki/install/share/ecl_command_line/package.xml
[5.581s] -- Installing: /home/lfvmu/kobuki/install/include/ecl/command_line.hpp
[5.582s] -- Installing: /home/lfvmu/kobuki/install/include/ecl/command_line/arg.hpp
[5.583s] -- Installing: /home/lfvmu/kobuki/install/include/ecl/command_line/arg_exception.hpp
[5.583s] -- Installing: /home/lfvmu/kobuki/install/include/ecl/command_line/cmd_line.hpp
[5.583s] -- Installing: /home/lfvmu/kobuki/install/include/ecl/command_line/cmd_line_interface.hpp
[5.584s] -- Installing: /home/lfvmu/kobuki/install/include/ecl/command_line/cmd_line_output.hpp
[5.584s] -- Installing: /home/lfvmu/kobuki/install/include/ecl/command_line/constraint.hpp
[5.584s] -- Installing: /home/lfvmu/kobuki/install/include/ecl/command_line/docbook_output.hpp
[5.584s] -- Installing: /home/lfvmu/kobuki/install/include/ecl/command_line/help_visitor.hpp
[5.585s] -- Installing: /home/lfvmu/kobuki/install/include/ecl/command_line/ignore_rest_visitor.hpp
[5.585s] -- Installing: /home/lfvmu/kobuki/install/include/ecl/command_line/multi_arg.hpp
[5.585s] -- Installing: /home/lfvmu/kobuki/install/include/ecl/command_line/multi_switch_arg.hpp
[5.586s] -- Installing: /home/lfvmu/kobuki/install/include/ecl/command_line/optional_unlabeled_tracker.hpp
[5.586s] -- Installing: /home/lfvmu/kobuki/install/include/ecl/command_line/std_output.hpp
[5.586s] -- Installing: /home/lfvmu/kobuki/install/include/ecl/command_line/switch_arg.hpp
[5.587s] -- Installing: /home/lfvmu/kobuki/install/include/ecl/command_line/unlabeled_multi_arg.hpp
[5.587s] -- Installing: /home/lfvmu/kobuki/install/include/ecl/command_line/unlabeled_value_arg.hpp
[5.587s] -- Installing: /home/lfvmu/kobuki/install/include/ecl/command_line/value_arg.hpp
[5.587s] -- Installing: /home/lfvmu/kobuki/install/include/ecl/command_line/values_constraint.hpp
[5.588s] -- Installing: /home/lfvmu/kobuki/install/include/ecl/command_line/version_visitor.hpp
[5.589s] -- Installing: /home/lfvmu/kobuki/install/include/ecl/command_line/visitor.hpp
[5.589s] -- Installing: /home/lfvmu/kobuki/install/include/ecl/command_line/xor_handler.hpp
[5.592s] -- Installing: /home/lfvmu/kobuki/install/lib/ecl_command_line/demo_command_line
[5.599s] Invoked command in '/home/lfvmu/kobuki/build/ecl_command_line' returned '0': AMENT_PREFIX_PATH=/home/lfvmu/kobuki/install CMAKE_PREFIX_PATH=/home/lfvmu/kobuki/install LD_LIBRARY_PATH=/home/lfvmu/kobuki/install/lib PATH=/home/lfvmu/kobuki/install/bin:${PATH} PYTHONPATH=/home/lfvmu/kobuki/install/lib/python3.8/site-packages /usr/bin/cmake --install /home/lfvmu/kobuki/build/ecl_command_line
