[0.613s] Invoking command in '/home/lfvmu/kobuki/build/eigen': /usr/bin/cmake /home/lfvmu/kobuki/src/eigen -DBUILD_TESTING=OFF -DBUILD_TESTING=OFF -DEIGEN_TEST_NOQT=ON -DCMAKE_INSTALL_PREFIX=/home/lfvmu/kobuki/install
[1.133s] Re-run cmake no build system arguments
[1.133s] -- Performing Test COMPILER_SUPPORT_std=cpp03
[1.134s] -- Performing Test COMPILER_SUPPORT_std=cpp03 - Success
[1.134s] -- Standard libraries to link to explicitly: none
[4.065s] -- Could NOT find CHOLMOD (missing: CHOLMOD_INCLUDES CHOLMOD_LIBRARIES) 
[4.067s] -- Could NOT find UMFPACK (missing: UMFPACK_INCLUDES UMFPACK_LIBRARIES) 
[4.110s] -- A version of Pastix has been found but pastix_nompi.h does not exist in the include directory. Because Eigen tests require a version without MPI, we disable the Pastix backend.
[4.111s] -- 
[4.111s] -- Configured Eigen 3.3.9
[4.112s] -- 
[4.112s] -- Some things you can do now:
[4.112s] -- --------------+--------------------------------------------------------------
[4.113s] -- Command       |   Description
[4.114s] -- --------------+--------------------------------------------------------------
[4.114s] -- make install  | Install Eigen. Headers will be installed to:
[4.115s] --               |     <CMAKE_INSTALL_PREFIX>/<INCLUDE_INSTALL_DIR>
[4.115s] --               |   Using the following values:
[4.116s] --               |     CMAKE_INSTALL_PREFIX: /home/lfvmu/kobuki/install
[4.116s] --               |     INCLUDE_INSTALL_DIR:  include/eigen3
[4.117s] --               |   Change the install location of Eigen headers using:
[4.117s] --               |     cmake . -DCMAKE_INSTALL_PREFIX=yourprefix
[4.117s] --               |   Or:
[4.118s] --               |     cmake . -DINCLUDE_INSTALL_DIR=yourdir
[4.118s] -- make doc      | Generate the API documentation, requires Doxygen & LaTeX
[4.119s] -- make check    | Build and run the unit-tests. Read this page:
[4.119s] --               |   http://eigen.tuxfamily.org/index.php?title=Tests
[4.119s] -- make blas     | Build BLAS library (not the same thing as Eigen)
[4.120s] -- make uninstall| Removes files installed by make install
[4.120s] -- --------------+--------------------------------------------------------------
[4.120s] -- 
[4.139s] -- Configuring done
[5.791s] -- Generating done
[5.989s] -- Build files have been written to: /home/lfvmu/kobuki/build/eigen
[6.006s] Invoked command in '/home/lfvmu/kobuki/build/eigen' returned '0': /usr/bin/cmake /home/lfvmu/kobuki/src/eigen -DBUILD_TESTING=OFF -DBUILD_TESTING=OFF -DEIGEN_TEST_NOQT=ON -DCMAKE_INSTALL_PREFIX=/home/lfvmu/kobuki/install
[6.013s] Invoking command in '/home/lfvmu/kobuki/build/eigen': /usr/bin/cmake --build /home/lfvmu/kobuki/build/eigen -- -j4 -l4
[6.095s] /usr/bin/cmake -S/home/lfvmu/kobuki/src/eigen -B/home/lfvmu/kobuki/build/eigen --check-build-system CMakeFiles/Makefile.cmake 0
[6.137s] /usr/bin/cmake -E cmake_progress_start /home/lfvmu/kobuki/build/eigen/CMakeFiles /home/lfvmu/kobuki/build/eigen/CMakeFiles/progress.marks
[6.154s] /usr/bin/make -f CMakeFiles/Makefile2 all
[6.210s] make[1]: Entering directory '/home/lfvmu/kobuki/build/eigen'
[6.210s] make[1]: Nothing to be done for 'all'.
[6.211s] make[1]: Leaving directory '/home/lfvmu/kobuki/build/eigen'
[6.211s] /usr/bin/cmake -E cmake_progress_start /home/lfvmu/kobuki/build/eigen/CMakeFiles 0
[6.449s] Invoked command in '/home/lfvmu/kobuki/build/eigen' returned '0': /usr/bin/cmake --build /home/lfvmu/kobuki/build/eigen -- -j4 -l4
[7.041s] Invoking command in '/home/lfvmu/kobuki/build/eigen': /usr/bin/cmake --install /home/lfvmu/kobuki/build/eigen
[7.088s] -- Install configuration: "RelWithDebInfo"
[7.089s] -- Up-to-date: /home/lfvmu/kobuki/install/include/eigen3/signature_of_eigen3_matrix_library
[7.089s] -- Up-to-date: /home/lfvmu/kobuki/install/share/pkgconfig/eigen3.pc
[7.089s] -- Up-to-date: /home/lfvmu/kobuki/install/share/eigen3/cmake/Eigen3Targets.cmake
[7.090s] -- Up-to-date: /home/lfvmu/kobuki/install/share/eigen3/cmake/UseEigen3.cmake
[7.091s] -- Up-to-date: /home/lfvmu/kobuki/install/share/eigen3/cmake/Eigen3Config.cmake
[7.091s] -- Up-to-date: /home/lfvmu/kobuki/install/share/eigen3/cmake/Eigen3ConfigVersion.cmake
[7.091s] -- Up-to-date: /home/lfvmu/kobuki/install/include/eigen3/Eigen/Cholesky
[7.092s] -- Up-to-date: /home/lfvmu/kobuki/install/include/eigen3/Eigen/CholmodSupport
[7.092s] -- Up-to-date: /home/lfvmu/kobuki/install/include/eigen3/Eigen/Core
[7.099s] -- Up-to-date: /home/lfvmu/kobuki/install/include/eigen3/Eigen/Dense
[7.104s] -- Up-to-date: /home/lfvmu/kobuki/install/include/eigen3/Eigen/Eigen
[7.110s] -- Up-to-date: /home/lfvmu/kobuki/install/include/eigen3/Eigen/Eigenvalues
[7.121s] -- Up-to-date: /home/lfvmu/kobuki/install/include/eigen3/Eigen/Geometry
[7.127s] -- Up-to-date: /home/lfvmu/kobuki/install/include/eigen3/Eigen/Householder
[7.127s] -- Up-to-date: /home/lfvmu/kobuki/install/include/eigen3/Eigen/IterativeLinearSolvers
[7.133s] -- Up-to-date: /home/lfvmu/kobuki/install/include/eigen3/Eigen/Jacobi
[7.134s] -- Up-to-date: /home/lfvmu/kobuki/install/include/eigen3/Eigen/LU
[7.136s] -- Up-to-date: /home/lfvmu/kobuki/install/include/eigen3/Eigen/MetisSupport
[7.136s] -- Up-to-date: /home/lfvmu/kobuki/install/include/eigen3/Eigen/OrderingMethods
[7.136s] -- Up-to-date: /home/lfvmu/kobuki/install/include/eigen3/Eigen/PaStiXSupport
[7.137s] -- Up-to-date: /home/lfvmu/kobuki/install/include/eigen3/Eigen/PardisoSupport
[7.138s] -- Up-to-date: /home/lfvmu/kobuki/install/include/eigen3/Eigen/QR
[7.138s] -- Up-to-date: /home/lfvmu/kobuki/install/include/eigen3/Eigen/QtAlignedMalloc
[7.138s] -- Up-to-date: /home/lfvmu/kobuki/install/include/eigen3/Eigen/SPQRSupport
[7.138s] -- Up-to-date: /home/lfvmu/kobuki/install/include/eigen3/Eigen/SVD
[7.139s] -- Up-to-date: /home/lfvmu/kobuki/install/include/eigen3/Eigen/Sparse
[7.139s] -- Up-to-date: /home/lfvmu/kobuki/install/include/eigen3/Eigen/SparseCholesky
[7.139s] -- Up-to-date: /home/lfvmu/kobuki/install/include/eigen3/Eigen/SparseCore
[7.139s] -- Up-to-date: /home/lfvmu/kobuki/install/include/eigen3/Eigen/SparseLU
[7.140s] -- Up-to-date: /home/lfvmu/kobuki/install/include/eigen3/Eigen/SparseQR
[7.140s] -- Up-to-date: /home/lfvmu/kobuki/install/include/eigen3/Eigen/StdDeque
[7.140s] -- Up-to-date: /home/lfvmu/kobuki/install/include/eigen3/Eigen/StdList
[7.147s] -- Up-to-date: /home/lfvmu/kobuki/install/include/eigen3/Eigen/StdVector
[7.148s] -- Up-to-date: /home/lfvmu/kobuki/install/include/eigen3/Eigen/SuperLUSupport
[7.148s] -- Up-to-date: /home/lfvmu/kobuki/install/include/eigen3/Eigen/UmfPackSupport
[7.149s] -- Up-to-date: /home/lfvmu/kobuki/install/include/eigen3/Eigen/src
[7.150s] -- Up-to-date: /home/lfvmu/kobuki/install/include/eigen3/Eigen/src/OrderingMethods
[7.151s] -- Up-to-date: /home/lfvmu/kobuki/install/include/eigen3/Eigen/src/OrderingMethods/Eigen_Colamd.h
[7.151s] -- Up-to-date: /home/lfvmu/kobuki/install/include/eigen3/Eigen/src/OrderingMethods/Ordering.h
[7.152s] -- Up-to-date: /home/lfvmu/kobuki/install/include/eigen3/Eigen/src/OrderingMethods/Amd.h
[7.152s] -- Up-to-date: /home/lfvmu/kobuki/install/include/eigen3/Eigen/src/UmfPackSupport
[7.152s] -- Up-to-date: /home/lfvmu/kobuki/install/include/eigen3/Eigen/src/UmfPackSupport/UmfPackSupport.h
[7.153s] -- Up-to-date: /home/lfvmu/kobuki/install/include/eigen3/Eigen/src/LU
[7.153s] -- Up-to-date: /home/lfvmu/kobuki/install/include/eigen3/Eigen/src/LU/PartialPivLU.h
[7.154s] -- Up-to-date: /home/lfvmu/kobuki/install/include/eigen3/Eigen/src/LU/InverseImpl.h
[7.154s] -- Up-to-date: /home/lfvmu/kobuki/install/include/eigen3/Eigen/src/LU/Determinant.h
[7.155s] -- Up-to-date: /home/lfvmu/kobuki/install/include/eigen3/Eigen/src/LU/FullPivLU.h
[7.155s] -- Up-to-date: /home/lfvmu/kobuki/install/include/eigen3/Eigen/src/LU/arch
[7.155s] -- Up-to-date: /home/lfvmu/kobuki/install/include/eigen3/Eigen/src/LU/arch/Inverse_SSE.h
[7.155s] -- Up-to-date: /home/lfvmu/kobuki/install/include/eigen3/Eigen/src/LU/PartialPivLU_LAPACKE.h
[7.156s] -- Up-to-date: /home/lfvmu/kobuki/install/include/eigen3/Eigen/src/SparseCholesky
[7.156s] -- Up-to-date: /home/lfvmu/kobuki/install/include/eigen3/Eigen/src/SparseCholesky/SimplicialCholesky_impl.h
[7.156s] -- Up-to-date: /home/lfvmu/kobuki/install/include/eigen3/Eigen/src/SparseCholesky/SimplicialCholesky.h
[7.157s] -- Up-to-date: /home/lfvmu/kobuki/install/include/eigen3/Eigen/src/Householder
[7.159s] -- Up-to-date: /home/lfvmu/kobuki/install/include/eigen3/Eigen/src/Householder/HouseholderSequence.h
[7.161s] -- Up-to-date: /home/lfvmu/kobuki/install/include/eigen3/Eigen/src/Householder/Householder.h
[7.161s] -- Up-to-date: /home/lfvmu/kobuki/install/include/eigen3/Eigen/src/Householder/BlockHouseholder.h
[7.162s] -- Up-to-date: /home/lfvmu/kobuki/install/include/eigen3/Eigen/src/SparseQR
[7.163s] -- Up-to-date: /home/lfvmu/kobuki/install/include/eigen3/Eigen/src/SparseQR/SparseQR.h
[7.166s] -- Up-to-date: /home/lfvmu/kobuki/install/include/eigen3/Eigen/src/SparseCore
[7.167s] -- Up-to-date: /home/lfvmu/kobuki/install/include/eigen3/Eigen/src/SparseCore/SparseSelfAdjointView.h
[7.168s] -- Up-to-date: /home/lfvmu/kobuki/install/include/eigen3/Eigen/src/SparseCore/SparseAssign.h
[7.170s] -- Up-to-date: /home/lfvmu/kobuki/install/include/eigen3/Eigen/src/SparseCore/SparseView.h
[7.170s] -- Up-to-date: /home/lfvmu/kobuki/install/include/eigen3/Eigen/src/SparseCore/SparseBlock.h
[7.170s] -- Up-to-date: /home/lfvmu/kobuki/install/include/eigen3/Eigen/src/SparseCore/MappedSparseMatrix.h
[7.171s] -- Up-to-date: /home/lfvmu/kobuki/install/include/eigen3/Eigen/src/SparseCore/AmbiVector.h
[7.171s] -- Up-to-date: /home/lfvmu/kobuki/install/include/eigen3/Eigen/src/SparseCore/ConservativeSparseSparseProduct.h
[7.171s] -- Up-to-date: /home/lfvmu/kobuki/install/include/eigen3/Eigen/src/SparseCore/SparseTranspose.h
[7.171s] -- Up-to-date: /home/lfvmu/kobuki/install/include/eigen3/Eigen/src/SparseCore/SparseUtil.h
[7.172s] -- Up-to-date: /home/lfvmu/kobuki/install/include/eigen3/Eigen/src/SparseCore/SparseFuzzy.h
[7.172s] -- Up-to-date: /home/lfvmu/kobuki/install/include/eigen3/Eigen/src/SparseCore/SparseDiagonalProduct.h
[7.172s] -- Up-to-date: /home/lfvmu/kobuki/install/include/eigen3/Eigen/src/SparseCore/SparseCompressedBase.h
[7.172s] -- Up-to-date: /home/lfvmu/kobuki/install/include/eigen3/Eigen/src/SparseCore/SparseMatrixBase.h
[7.173s] -- Up-to-date: /home/lfvmu/kobuki/install/include/eigen3/Eigen/src/SparseCore/SparseMatrix.h
[7.173s] -- Up-to-date: /home/lfvmu/kobuki/install/include/eigen3/Eigen/src/SparseCore/SparseRef.h
[7.173s] -- Up-to-date: /home/lfvmu/kobuki/install/include/eigen3/Eigen/src/SparseCore/SparseDenseProduct.h
[7.174s] -- Up-to-date: /home/lfvmu/kobuki/install/include/eigen3/Eigen/src/SparseCore/SparseCwiseBinaryOp.h
[7.174s] -- Up-to-date: /home/lfvmu/kobuki/install/include/eigen3/Eigen/src/SparseCore/SparseTriangularView.h
[7.174s] -- Up-to-date: /home/lfvmu/kobuki/install/include/eigen3/Eigen/src/SparseCore/SparseVector.h
[7.174s] -- Up-to-date: /home/lfvmu/kobuki/install/include/eigen3/Eigen/src/SparseCore/SparseSolverBase.h
[7.175s] -- Up-to-date: /home/lfvmu/kobuki/install/include/eigen3/Eigen/src/SparseCore/SparseRedux.h
[7.175s] -- Up-to-date: /home/lfvmu/kobuki/install/include/eigen3/Eigen/src/SparseCore/SparseColEtree.h
[7.175s] -- Up-to-date: /home/lfvmu/kobuki/install/include/eigen3/Eigen/src/SparseCore/SparseDot.h
[7.176s] -- Up-to-date: /home/lfvmu/kobuki/install/include/eigen3/Eigen/src/SparseCore/CompressedStorage.h
[7.176s] -- Up-to-date: /home/lfvmu/kobuki/install/include/eigen3/Eigen/src/SparseCore/SparsePermutation.h
[7.177s] -- Up-to-date: /home/lfvmu/kobuki/install/include/eigen3/Eigen/src/SparseCore/SparseMap.h
[7.177s] -- Up-to-date: /home/lfvmu/kobuki/install/include/eigen3/Eigen/src/SparseCore/TriangularSolver.h
[7.177s] -- Up-to-date: /home/lfvmu/kobuki/install/include/eigen3/Eigen/src/SparseCore/SparseSparseProductWithPruning.h
[7.178s] -- Up-to-date: /home/lfvmu/kobuki/install/include/eigen3/Eigen/src/SparseCore/SparseProduct.h
[7.178s] -- Up-to-date: /home/lfvmu/kobuki/install/include/eigen3/Eigen/src/SparseCore/SparseCwiseUnaryOp.h
[7.178s] -- Up-to-date: /home/lfvmu/kobuki/install/include/eigen3/Eigen/src/Geometry
[7.178s] -- Up-to-date: /home/lfvmu/kobuki/install/include/eigen3/Eigen/src/Geometry/EulerAngles.h
[7.179s] -- Up-to-date: /home/lfvmu/kobuki/install/include/eigen3/Eigen/src/Geometry/Rotation2D.h
[7.179s] -- Up-to-date: /home/lfvmu/kobuki/install/include/eigen3/Eigen/src/Geometry/ParametrizedLine.h
[7.180s] -- Up-to-date: /home/lfvmu/kobuki/install/include/eigen3/Eigen/src/Geometry/Quaternion.h
[7.180s] -- Up-to-date: /home/lfvmu/kobuki/install/include/eigen3/Eigen/src/Geometry/Translation.h
[7.180s] -- Up-to-date: /home/lfvmu/kobuki/install/include/eigen3/Eigen/src/Geometry/AngleAxis.h
[7.181s] -- Up-to-date: /home/lfvmu/kobuki/install/include/eigen3/Eigen/src/Geometry/Homogeneous.h
[7.181s] -- Up-to-date: /home/lfvmu/kobuki/install/include/eigen3/Eigen/src/Geometry/AlignedBox.h
[7.181s] -- Up-to-date: /home/lfvmu/kobuki/install/include/eigen3/Eigen/src/Geometry/Hyperplane.h
[7.182s] -- Up-to-date: /home/lfvmu/kobuki/install/include/eigen3/Eigen/src/Geometry/arch
[7.182s] -- Up-to-date: /home/lfvmu/kobuki/install/include/eigen3/Eigen/src/Geometry/arch/Geometry_SSE.h
[7.182s] -- Up-to-date: /home/lfvmu/kobuki/install/include/eigen3/Eigen/src/Geometry/OrthoMethods.h
[7.182s] -- Up-to-date: /home/lfvmu/kobuki/install/include/eigen3/Eigen/src/Geometry/Scaling.h
[7.183s] -- Up-to-date: /home/lfvmu/kobuki/install/include/eigen3/Eigen/src/Geometry/Umeyama.h
[7.185s] -- Up-to-date: /home/lfvmu/kobuki/install/include/eigen3/Eigen/src/Geometry/RotationBase.h
[7.185s] -- Up-to-date: /home/lfvmu/kobuki/install/include/eigen3/Eigen/src/Geometry/Transform.h
[7.185s] -- Up-to-date: /home/lfvmu/kobuki/install/include/eigen3/Eigen/src/SuperLUSupport
[7.186s] -- Up-to-date: /home/lfvmu/kobuki/install/include/eigen3/Eigen/src/SuperLUSupport/SuperLUSupport.h
[7.186s] -- Up-to-date: /home/lfvmu/kobuki/install/include/eigen3/Eigen/src/plugins
[7.186s] -- Up-to-date: /home/lfvmu/kobuki/install/include/eigen3/Eigen/src/plugins/MatrixCwiseBinaryOps.h
[7.187s] -- Up-to-date: /home/lfvmu/kobuki/install/include/eigen3/Eigen/src/plugins/ArrayCwiseBinaryOps.h
[7.187s] -- Up-to-date: /home/lfvmu/kobuki/install/include/eigen3/Eigen/src/plugins/CommonCwiseUnaryOps.h
[7.187s] -- Up-to-date: /home/lfvmu/kobuki/install/include/eigen3/Eigen/src/plugins/CommonCwiseBinaryOps.h
[7.188s] -- Up-to-date: /home/lfvmu/kobuki/install/include/eigen3/Eigen/src/plugins/MatrixCwiseUnaryOps.h
[7.188s] -- Up-to-date: /home/lfvmu/kobuki/install/include/eigen3/Eigen/src/plugins/BlockMethods.h
[7.188s] -- Up-to-date: /home/lfvmu/kobuki/install/include/eigen3/Eigen/src/plugins/ArrayCwiseUnaryOps.h
[7.189s] -- Up-to-date: /home/lfvmu/kobuki/install/include/eigen3/Eigen/src/IterativeLinearSolvers
[7.189s] -- Up-to-date: /home/lfvmu/kobuki/install/include/eigen3/Eigen/src/IterativeLinearSolvers/IncompleteLUT.h
[7.189s] -- Up-to-date: /home/lfvmu/kobuki/install/include/eigen3/Eigen/src/IterativeLinearSolvers/BiCGSTAB.h
[7.189s] -- Up-to-date: /home/lfvmu/kobuki/install/include/eigen3/Eigen/src/IterativeLinearSolvers/BasicPreconditioners.h
[7.190s] -- Up-to-date: /home/lfvmu/kobuki/install/include/eigen3/Eigen/src/IterativeLinearSolvers/IterativeSolverBase.h
[7.190s] -- Up-to-date: /home/lfvmu/kobuki/install/include/eigen3/Eigen/src/IterativeLinearSolvers/LeastSquareConjugateGradient.h
[7.190s] -- Up-to-date: /home/lfvmu/kobuki/install/include/eigen3/Eigen/src/IterativeLinearSolvers/IncompleteCholesky.h
[7.190s] -- Up-to-date: /home/lfvmu/kobuki/install/include/eigen3/Eigen/src/IterativeLinearSolvers/SolveWithGuess.h
[7.191s] -- Up-to-date: /home/lfvmu/kobuki/install/include/eigen3/Eigen/src/IterativeLinearSolvers/ConjugateGradient.h
[7.191s] -- Up-to-date: /home/lfvmu/kobuki/install/include/eigen3/Eigen/src/Jacobi
[7.192s] -- Up-to-date: /home/lfvmu/kobuki/install/include/eigen3/Eigen/src/Jacobi/Jacobi.h
[7.192s] -- Up-to-date: /home/lfvmu/kobuki/install/include/eigen3/Eigen/src/SparseLU
[7.192s] -- Up-to-date: /home/lfvmu/kobuki/install/include/eigen3/Eigen/src/SparseLU/SparseLU_copy_to_ucol.h
[7.193s] -- Up-to-date: /home/lfvmu/kobuki/install/include/eigen3/Eigen/src/SparseLU/SparseLU_gemm_kernel.h
[7.193s] -- Up-to-date: /home/lfvmu/kobuki/install/include/eigen3/Eigen/src/SparseLU/SparseLU_column_dfs.h
[7.193s] -- Up-to-date: /home/lfvmu/kobuki/install/include/eigen3/Eigen/src/SparseLU/SparseLU_SupernodalMatrix.h
[7.193s] -- Up-to-date: /home/lfvmu/kobuki/install/include/eigen3/Eigen/src/SparseLU/SparseLU_Memory.h
[7.194s] -- Up-to-date: /home/lfvmu/kobuki/install/include/eigen3/Eigen/src/SparseLU/SparseLU_Structs.h
[7.194s] -- Up-to-date: /home/lfvmu/kobuki/install/include/eigen3/Eigen/src/SparseLU/SparseLU_panel_bmod.h
[7.194s] -- Up-to-date: /home/lfvmu/kobuki/install/include/eigen3/Eigen/src/SparseLU/SparseLU_relax_snode.h
[7.194s] -- Up-to-date: /home/lfvmu/kobuki/install/include/eigen3/Eigen/src/SparseLU/SparseLU_pruneL.h
[7.195s] -- Up-to-date: /home/lfvmu/kobuki/install/include/eigen3/Eigen/src/SparseLU/SparseLU_heap_relax_snode.h
[7.195s] -- Up-to-date: /home/lfvmu/kobuki/install/include/eigen3/Eigen/src/SparseLU/SparseLU.h
[7.195s] -- Up-to-date: /home/lfvmu/kobuki/install/include/eigen3/Eigen/src/SparseLU/SparseLUImpl.h
[7.196s] -- Up-to-date: /home/lfvmu/kobuki/install/include/eigen3/Eigen/src/SparseLU/SparseLU_pivotL.h
[7.196s] -- Up-to-date: /home/lfvmu/kobuki/install/include/eigen3/Eigen/src/SparseLU/SparseLU_kernel_bmod.h
[7.196s] -- Up-to-date: /home/lfvmu/kobuki/install/include/eigen3/Eigen/src/SparseLU/SparseLU_Utils.h
[7.196s] -- Up-to-date: /home/lfvmu/kobuki/install/include/eigen3/Eigen/src/SparseLU/SparseLU_column_bmod.h
[7.197s] -- Up-to-date: /home/lfvmu/kobuki/install/include/eigen3/Eigen/src/SparseLU/SparseLU_panel_dfs.h
[7.197s] -- Up-to-date: /home/lfvmu/kobuki/install/include/eigen3/Eigen/src/Eigenvalues
[7.197s] -- Up-to-date: /home/lfvmu/kobuki/install/include/eigen3/Eigen/src/Eigenvalues/SelfAdjointEigenSolver_LAPACKE.h
[7.197s] -- Up-to-date: /home/lfvmu/kobuki/install/include/eigen3/Eigen/src/Eigenvalues/ComplexSchur.h
[7.198s] -- Up-to-date: /home/lfvmu/kobuki/install/include/eigen3/Eigen/src/Eigenvalues/RealQZ.h
[7.198s] -- Up-to-date: /home/lfvmu/kobuki/install/include/eigen3/Eigen/src/Eigenvalues/Tridiagonalization.h
[7.198s] -- Up-to-date: /home/lfvmu/kobuki/install/include/eigen3/Eigen/src/Eigenvalues/RealSchur.h
[7.198s] -- Up-to-date: /home/lfvmu/kobuki/install/include/eigen3/Eigen/src/Eigenvalues/ComplexSchur_LAPACKE.h
[7.199s] -- Up-to-date: /home/lfvmu/kobuki/install/include/eigen3/Eigen/src/Eigenvalues/EigenSolver.h
[7.199s] -- Up-to-date: /home/lfvmu/kobuki/install/include/eigen3/Eigen/src/Eigenvalues/GeneralizedEigenSolver.h
[7.199s] -- Up-to-date: /home/lfvmu/kobuki/install/include/eigen3/Eigen/src/Eigenvalues/GeneralizedSelfAdjointEigenSolver.h
[7.200s] -- Up-to-date: /home/lfvmu/kobuki/install/include/eigen3/Eigen/src/Eigenvalues/MatrixBaseEigenvalues.h
[7.200s] -- Up-to-date: /home/lfvmu/kobuki/install/include/eigen3/Eigen/src/Eigenvalues/ComplexEigenSolver.h
[7.200s] -- Up-to-date: /home/lfvmu/kobuki/install/include/eigen3/Eigen/src/Eigenvalues/HessenbergDecomposition.h
[7.200s] -- Up-to-date: /home/lfvmu/kobuki/install/include/eigen3/Eigen/src/Eigenvalues/RealSchur_LAPACKE.h
[7.201s] -- Up-to-date: /home/lfvmu/kobuki/install/include/eigen3/Eigen/src/Eigenvalues/SelfAdjointEigenSolver.h
[7.201s] -- Up-to-date: /home/lfvmu/kobuki/install/include/eigen3/Eigen/src/Cholesky
[7.201s] -- Up-to-date: /home/lfvmu/kobuki/install/include/eigen3/Eigen/src/Cholesky/LLT.h
[7.201s] -- Up-to-date: /home/lfvmu/kobuki/install/include/eigen3/Eigen/src/Cholesky/LLT_LAPACKE.h
[7.202s] -- Up-to-date: /home/lfvmu/kobuki/install/include/eigen3/Eigen/src/Cholesky/LDLT.h
[7.202s] -- Up-to-date: /home/lfvmu/kobuki/install/include/eigen3/Eigen/src/MetisSupport
[7.202s] -- Up-to-date: /home/lfvmu/kobuki/install/include/eigen3/Eigen/src/MetisSupport/MetisSupport.h
[7.202s] -- Up-to-date: /home/lfvmu/kobuki/install/include/eigen3/Eigen/src/StlSupport
[7.203s] -- Up-to-date: /home/lfvmu/kobuki/install/include/eigen3/Eigen/src/StlSupport/StdDeque.h
[7.203s] -- Up-to-date: /home/lfvmu/kobuki/install/include/eigen3/Eigen/src/StlSupport/StdList.h
[7.203s] -- Up-to-date: /home/lfvmu/kobuki/install/include/eigen3/Eigen/src/StlSupport/StdVector.h
[7.203s] -- Up-to-date: /home/lfvmu/kobuki/install/include/eigen3/Eigen/src/StlSupport/details.h
[7.204s] -- Up-to-date: /home/lfvmu/kobuki/install/include/eigen3/Eigen/src/PardisoSupport
[7.204s] -- Up-to-date: /home/lfvmu/kobuki/install/include/eigen3/Eigen/src/PardisoSupport/PardisoSupport.h
[7.204s] -- Up-to-date: /home/lfvmu/kobuki/install/include/eigen3/Eigen/src/CholmodSupport
[7.204s] -- Up-to-date: /home/lfvmu/kobuki/install/include/eigen3/Eigen/src/CholmodSupport/CholmodSupport.h
[7.205s] -- Up-to-date: /home/lfvmu/kobuki/install/include/eigen3/Eigen/src/misc
[7.205s] -- Up-to-date: /home/lfvmu/kobuki/install/include/eigen3/Eigen/src/misc/lapack.h
[7.205s] -- Up-to-date: /home/lfvmu/kobuki/install/include/eigen3/Eigen/src/misc/RealSvd2x2.h
[7.205s] -- Up-to-date: /home/lfvmu/kobuki/install/include/eigen3/Eigen/src/misc/lapacke_mangling.h
[7.206s] -- Up-to-date: /home/lfvmu/kobuki/install/include/eigen3/Eigen/src/misc/lapacke.h
[7.206s] -- Up-to-date: /home/lfvmu/kobuki/install/include/eigen3/Eigen/src/misc/Image.h
[7.206s] -- Up-to-date: /home/lfvmu/kobuki/install/include/eigen3/Eigen/src/misc/blas.h
[7.207s] -- Up-to-date: /home/lfvmu/kobuki/install/include/eigen3/Eigen/src/misc/Kernel.h
[7.207s] -- Up-to-date: /home/lfvmu/kobuki/install/include/eigen3/Eigen/src/Core
[7.207s] -- Up-to-date: /home/lfvmu/kobuki/install/include/eigen3/Eigen/src/Core/NoAlias.h
[7.208s] -- Up-to-date: /home/lfvmu/kobuki/install/include/eigen3/Eigen/src/Core/ArrayWrapper.h
[7.208s] -- Up-to-date: /home/lfvmu/kobuki/install/include/eigen3/Eigen/src/Core/Random.h
[7.209s] -- Up-to-date: /home/lfvmu/kobuki/install/include/eigen3/Eigen/src/Core/IO.h
[7.209s] -- Up-to-date: /home/lfvmu/kobuki/install/include/eigen3/Eigen/src/Core/Transpose.h
[7.209s] -- Up-to-date: /home/lfvmu/kobuki/install/include/eigen3/Eigen/src/Core/EigenBase.h
[7.209s] -- Up-to-date: /home/lfvmu/kobuki/install/include/eigen3/Eigen/src/Core/StableNorm.h
[7.210s] -- Up-to-date: /home/lfvmu/kobuki/install/include/eigen3/Eigen/src/Core/CwiseTernaryOp.h
[7.210s] -- Up-to-date: /home/lfvmu/kobuki/install/include/eigen3/Eigen/src/Core/Stride.h
[7.210s] -- Up-to-date: /home/lfvmu/kobuki/install/include/eigen3/Eigen/src/Core/Visitor.h
[7.211s] -- Up-to-date: /home/lfvmu/kobuki/install/include/eigen3/Eigen/src/Core/ForceAlignedAccess.h
[7.211s] -- Up-to-date: /home/lfvmu/kobuki/install/include/eigen3/Eigen/src/Core/MathFunctionsImpl.h
[7.211s] -- Up-to-date: /home/lfvmu/kobuki/install/include/eigen3/Eigen/src/Core/Product.h
[7.211s] -- Up-to-date: /home/lfvmu/kobuki/install/include/eigen3/Eigen/src/Core/Inverse.h
[7.212s] -- Up-to-date: /home/lfvmu/kobuki/install/include/eigen3/Eigen/src/Core/Redux.h
[7.212s] -- Up-to-date: /home/lfvmu/kobuki/install/include/eigen3/Eigen/src/Core/CwiseNullaryOp.h
[7.212s] -- Up-to-date: /home/lfvmu/kobuki/install/include/eigen3/Eigen/src/Core/Replicate.h
[7.213s] -- Up-to-date: /home/lfvmu/kobuki/install/include/eigen3/Eigen/src/Core/PermutationMatrix.h
[7.213s] -- Up-to-date: /home/lfvmu/kobuki/install/include/eigen3/Eigen/src/Core/Transpositions.h
[7.213s] -- Up-to-date: /home/lfvmu/kobuki/install/include/eigen3/Eigen/src/Core/TriangularMatrix.h
[7.213s] -- Up-to-date: /home/lfvmu/kobuki/install/include/eigen3/Eigen/src/Core/DenseBase.h
[7.214s] -- Up-to-date: /home/lfvmu/kobuki/install/include/eigen3/Eigen/src/Core/GenericPacketMath.h
[7.214s] -- Up-to-date: /home/lfvmu/kobuki/install/include/eigen3/Eigen/src/Core/Map.h
[7.214s] -- Up-to-date: /home/lfvmu/kobuki/install/include/eigen3/Eigen/src/Core/CwiseUnaryView.h
[7.215s] -- Up-to-date: /home/lfvmu/kobuki/install/include/eigen3/Eigen/src/Core/Solve.h
[7.215s] -- Up-to-date: /home/lfvmu/kobuki/install/include/eigen3/Eigen/src/Core/functors
[7.215s] -- Up-to-date: /home/lfvmu/kobuki/install/include/eigen3/Eigen/src/Core/functors/TernaryFunctors.h
[7.216s] -- Up-to-date: /home/lfvmu/kobuki/install/include/eigen3/Eigen/src/Core/functors/BinaryFunctors.h
[7.216s] -- Up-to-date: /home/lfvmu/kobuki/install/include/eigen3/Eigen/src/Core/functors/AssignmentFunctors.h
[7.216s] -- Up-to-date: /home/lfvmu/kobuki/install/include/eigen3/Eigen/src/Core/functors/UnaryFunctors.h
[7.217s] -- Up-to-date: /home/lfvmu/kobuki/install/include/eigen3/Eigen/src/Core/functors/NullaryFunctors.h
[7.217s] -- Up-to-date: /home/lfvmu/kobuki/install/include/eigen3/Eigen/src/Core/functors/StlFunctors.h
[7.217s] -- Up-to-date: /home/lfvmu/kobuki/install/include/eigen3/Eigen/src/Core/Swap.h
[7.218s] -- Up-to-date: /home/lfvmu/kobuki/install/include/eigen3/Eigen/src/Core/Block.h
[7.218s] -- Up-to-date: /home/lfvmu/kobuki/install/include/eigen3/Eigen/src/Core/Select.h
[7.218s] -- Up-to-date: /home/lfvmu/kobuki/install/include/eigen3/Eigen/src/Core/Reverse.h
[7.218s] -- Up-to-date: /home/lfvmu/kobuki/install/include/eigen3/Eigen/src/Core/NestByValue.h
[7.219s] -- Up-to-date: /home/lfvmu/kobuki/install/include/eigen3/Eigen/src/Core/SelfAdjointView.h
[7.219s] -- Up-to-date: /home/lfvmu/kobuki/install/include/eigen3/Eigen/src/Core/CommaInitializer.h
[7.219s] -- Up-to-date: /home/lfvmu/kobuki/install/include/eigen3/Eigen/src/Core/SelfCwiseBinaryOp.h
[7.220s] -- Up-to-date: /home/lfvmu/kobuki/install/include/eigen3/Eigen/src/Core/DiagonalMatrix.h
[7.220s] -- Up-to-date: /home/lfvmu/kobuki/install/include/eigen3/Eigen/src/Core/GeneralProduct.h
[7.220s] -- Up-to-date: /home/lfvmu/kobuki/install/include/eigen3/Eigen/src/Core/products
[7.220s] -- Up-to-date: /home/lfvmu/kobuki/install/include/eigen3/Eigen/src/Core/products/TriangularMatrixVector.h
[7.221s] -- Up-to-date: /home/lfvmu/kobuki/install/include/eigen3/Eigen/src/Core/products/GeneralMatrixVector_BLAS.h
[7.221s] -- Up-to-date: /home/lfvmu/kobuki/install/include/eigen3/Eigen/src/Core/products/SelfadjointMatrixVector_BLAS.h
[7.221s] -- Up-to-date: /home/lfvmu/kobuki/install/include/eigen3/Eigen/src/Core/products/GeneralBlockPanelKernel.h
[7.222s] -- Up-to-date: /home/lfvmu/kobuki/install/include/eigen3/Eigen/src/Core/products/TriangularSolverMatrix.h
[7.222s] -- Up-to-date: /home/lfvmu/kobuki/install/include/eigen3/Eigen/src/Core/products/TriangularMatrixVector_BLAS.h
[7.222s] -- Up-to-date: /home/lfvmu/kobuki/install/include/eigen3/Eigen/src/Core/products/Parallelizer.h
[7.222s] -- Up-to-date: /home/lfvmu/kobuki/install/include/eigen3/Eigen/src/Core/products/TriangularMatrixMatrix_BLAS.h
[7.223s] -- Up-to-date: /home/lfvmu/kobuki/install/include/eigen3/Eigen/src/Core/products/GeneralMatrixMatrixTriangular.h
[7.223s] -- Up-to-date: /home/lfvmu/kobuki/install/include/eigen3/Eigen/src/Core/products/SelfadjointRank2Update.h
[7.223s] -- Up-to-date: /home/lfvmu/kobuki/install/include/eigen3/Eigen/src/Core/products/GeneralMatrixMatrixTriangular_BLAS.h
[7.226s] -- Up-to-date: /home/lfvmu/kobuki/install/include/eigen3/Eigen/src/Core/products/SelfadjointMatrixMatrix.h
[7.226s] -- Up-to-date: /home/lfvmu/kobuki/install/include/eigen3/Eigen/src/Core/products/TriangularSolverMatrix_BLAS.h
[7.226s] -- Up-to-date: /home/lfvmu/kobuki/install/include/eigen3/Eigen/src/Core/products/SelfadjointMatrixVector.h
[7.227s] -- Up-to-date: /home/lfvmu/kobuki/install/include/eigen3/Eigen/src/Core/products/GeneralMatrixMatrix_BLAS.h
[7.227s] -- Up-to-date: /home/lfvmu/kobuki/install/include/eigen3/Eigen/src/Core/products/SelfadjointMatrixMatrix_BLAS.h
[7.227s] -- Up-to-date: /home/lfvmu/kobuki/install/include/eigen3/Eigen/src/Core/products/SelfadjointProduct.h
[7.228s] -- Up-to-date: /home/lfvmu/kobuki/install/include/eigen3/Eigen/src/Core/products/GeneralMatrixVector.h
[7.228s] -- Up-to-date: /home/lfvmu/kobuki/install/include/eigen3/Eigen/src/Core/products/GeneralMatrixMatrix.h
[7.228s] -- Up-to-date: /home/lfvmu/kobuki/install/include/eigen3/Eigen/src/Core/products/TriangularSolverVector.h
[7.229s] -- Up-to-date: /home/lfvmu/kobuki/install/include/eigen3/Eigen/src/Core/products/TriangularMatrixMatrix.h
[7.229s] -- Up-to-date: /home/lfvmu/kobuki/install/include/eigen3/Eigen/src/Core/ReturnByValue.h
[7.229s] -- Up-to-date: /home/lfvmu/kobuki/install/include/eigen3/Eigen/src/Core/Assign_MKL.h
[7.229s] -- Up-to-date: /home/lfvmu/kobuki/install/include/eigen3/Eigen/src/Core/PlainObjectBase.h
[7.230s] -- Up-to-date: /home/lfvmu/kobuki/install/include/eigen3/Eigen/src/Core/SolverBase.h
[7.230s] -- Up-to-date: /home/lfvmu/kobuki/install/include/eigen3/Eigen/src/Core/DenseStorage.h
[7.230s] -- Up-to-date: /home/lfvmu/kobuki/install/include/eigen3/Eigen/src/Core/arch
[7.231s] -- Up-to-date: /home/lfvmu/kobuki/install/include/eigen3/Eigen/src/Core/arch/AVX
[7.231s] -- Up-to-date: /home/lfvmu/kobuki/install/include/eigen3/Eigen/src/Core/arch/AVX/PacketMath.h
[7.231s] -- Up-to-date: /home/lfvmu/kobuki/install/include/eigen3/Eigen/src/Core/arch/AVX/TypeCasting.h
[7.232s] -- Up-to-date: /home/lfvmu/kobuki/install/include/eigen3/Eigen/src/Core/arch/AVX/MathFunctions.h
[7.232s] -- Up-to-date: /home/lfvmu/kobuki/install/include/eigen3/Eigen/src/Core/arch/AVX/Complex.h
[7.232s] -- Up-to-date: /home/lfvmu/kobuki/install/include/eigen3/Eigen/src/Core/arch/AltiVec
[7.233s] -- Up-to-date: /home/lfvmu/kobuki/install/include/eigen3/Eigen/src/Core/arch/AltiVec/PacketMath.h
[7.233s] -- Up-to-date: /home/lfvmu/kobuki/install/include/eigen3/Eigen/src/Core/arch/AltiVec/MathFunctions.h
[7.233s] -- Up-to-date: /home/lfvmu/kobuki/install/include/eigen3/Eigen/src/Core/arch/AltiVec/Complex.h
[7.234s] -- Up-to-date: /home/lfvmu/kobuki/install/include/eigen3/Eigen/src/Core/arch/ZVector
[7.234s] -- Up-to-date: /home/lfvmu/kobuki/install/include/eigen3/Eigen/src/Core/arch/ZVector/PacketMath.h
[7.234s] -- Up-to-date: /home/lfvmu/kobuki/install/include/eigen3/Eigen/src/Core/arch/ZVector/MathFunctions.h
[7.234s] -- Up-to-date: /home/lfvmu/kobuki/install/include/eigen3/Eigen/src/Core/arch/ZVector/Complex.h
[7.235s] -- Up-to-date: /home/lfvmu/kobuki/install/include/eigen3/Eigen/src/Core/arch/NEON
[7.235s] -- Up-to-date: /home/lfvmu/kobuki/install/include/eigen3/Eigen/src/Core/arch/NEON/PacketMath.h
[7.235s] -- Up-to-date: /home/lfvmu/kobuki/install/include/eigen3/Eigen/src/Core/arch/NEON/MathFunctions.h
[7.236s] -- Up-to-date: /home/lfvmu/kobuki/install/include/eigen3/Eigen/src/Core/arch/NEON/Complex.h
[7.236s] -- Up-to-date: /home/lfvmu/kobuki/install/include/eigen3/Eigen/src/Core/arch/CUDA
[7.236s] -- Up-to-date: /home/lfvmu/kobuki/install/include/eigen3/Eigen/src/Core/arch/CUDA/PacketMath.h
[7.237s] -- Up-to-date: /home/lfvmu/kobuki/install/include/eigen3/Eigen/src/Core/arch/CUDA/TypeCasting.h
[7.237s] -- Up-to-date: /home/lfvmu/kobuki/install/include/eigen3/Eigen/src/Core/arch/CUDA/PacketMathHalf.h
[7.261s] -- Up-to-date: /home/lfvmu/kobuki/install/include/eigen3/Eigen/src/Core/arch/CUDA/Half.h
[7.262s] -- Up-to-date: /home/lfvmu/kobuki/install/include/eigen3/Eigen/src/Core/arch/CUDA/MathFunctions.h
[7.262s] -- Up-to-date: /home/lfvmu/kobuki/install/include/eigen3/Eigen/src/Core/arch/CUDA/Complex.h
[7.263s] -- Up-to-date: /home/lfvmu/kobuki/install/include/eigen3/Eigen/src/Core/arch/Default
[7.263s] -- Up-to-date: /home/lfvmu/kobuki/install/include/eigen3/Eigen/src/Core/arch/Default/Settings.h
[7.263s] -- Up-to-date: /home/lfvmu/kobuki/install/include/eigen3/Eigen/src/Core/arch/Default/ConjHelper.h
[7.263s] -- Up-to-date: /home/lfvmu/kobuki/install/include/eigen3/Eigen/src/Core/arch/SSE
[7.264s] -- Up-to-date: /home/lfvmu/kobuki/install/include/eigen3/Eigen/src/Core/arch/SSE/PacketMath.h
[7.264s] -- Up-to-date: /home/lfvmu/kobuki/install/include/eigen3/Eigen/src/Core/arch/SSE/TypeCasting.h
[7.265s] -- Up-to-date: /home/lfvmu/kobuki/install/include/eigen3/Eigen/src/Core/arch/SSE/MathFunctions.h
[7.265s] -- Up-to-date: /home/lfvmu/kobuki/install/include/eigen3/Eigen/src/Core/arch/SSE/Complex.h
[7.265s] -- Up-to-date: /home/lfvmu/kobuki/install/include/eigen3/Eigen/src/Core/arch/AVX512
[7.266s] -- Up-to-date: /home/lfvmu/kobuki/install/include/eigen3/Eigen/src/Core/arch/AVX512/PacketMath.h
[7.267s] -- Up-to-date: /home/lfvmu/kobuki/install/include/eigen3/Eigen/src/Core/arch/AVX512/MathFunctions.h
[7.267s] -- Up-to-date: /home/lfvmu/kobuki/install/include/eigen3/Eigen/src/Core/Fuzzy.h
[7.267s] -- Up-to-date: /home/lfvmu/kobuki/install/include/eigen3/Eigen/src/Core/GlobalFunctions.h
[7.267s] -- Up-to-date: /home/lfvmu/kobuki/install/include/eigen3/Eigen/src/Core/Matrix.h
[7.268s] -- Up-to-date: /home/lfvmu/kobuki/install/include/eigen3/Eigen/src/Core/CoreIterators.h
[7.268s] -- Up-to-date: /home/lfvmu/kobuki/install/include/eigen3/Eigen/src/Core/ProductEvaluators.h
[7.268s] -- Up-to-date: /home/lfvmu/kobuki/install/include/eigen3/Eigen/src/Core/VectorwiseOp.h
[7.269s] -- Up-to-date: /home/lfvmu/kobuki/install/include/eigen3/Eigen/src/Core/MatrixBase.h
[7.269s] -- Up-to-date: /home/lfvmu/kobuki/install/include/eigen3/Eigen/src/Core/Diagonal.h
[7.270s] -- Up-to-date: /home/lfvmu/kobuki/install/include/eigen3/Eigen/src/Core/Dot.h
[7.270s] -- Up-to-date: /home/lfvmu/kobuki/install/include/eigen3/Eigen/src/Core/CwiseUnaryOp.h
[7.271s] -- Up-to-date: /home/lfvmu/kobuki/install/include/eigen3/Eigen/src/Core/CwiseBinaryOp.h
[7.271s] -- Up-to-date: /home/lfvmu/kobuki/install/include/eigen3/Eigen/src/Core/BandMatrix.h
[7.271s] -- Up-to-date: /home/lfvmu/kobuki/install/include/eigen3/Eigen/src/Core/util
[7.271s] -- Up-to-date: /home/lfvmu/kobuki/install/include/eigen3/Eigen/src/Core/util/Meta.h
[7.271s] -- Up-to-date: /home/lfvmu/kobuki/install/include/eigen3/Eigen/src/Core/util/ForwardDeclarations.h
[7.272s] -- Up-to-date: /home/lfvmu/kobuki/install/include/eigen3/Eigen/src/Core/util/StaticAssert.h
[7.282s] -- Up-to-date: /home/lfvmu/kobuki/install/include/eigen3/Eigen/src/Core/util/NonMPL2.h
[7.287s] -- Up-to-date: /home/lfvmu/kobuki/install/include/eigen3/Eigen/src/Core/util/DisableStupidWarnings.h
[7.287s] -- Up-to-date: /home/lfvmu/kobuki/install/include/eigen3/Eigen/src/Core/util/XprHelper.h
[7.288s] -- Up-to-date: /home/lfvmu/kobuki/install/include/eigen3/Eigen/src/Core/util/MKL_support.h
[7.293s] -- Up-to-date: /home/lfvmu/kobuki/install/include/eigen3/Eigen/src/Core/util/BlasUtil.h
[7.295s] -- Up-to-date: /home/lfvmu/kobuki/install/include/eigen3/Eigen/src/Core/util/Macros.h
[7.295s] -- Up-to-date: /home/lfvmu/kobuki/install/include/eigen3/Eigen/src/Core/util/ReenableStupidWarnings.h
[7.296s] -- Up-to-date: /home/lfvmu/kobuki/install/include/eigen3/Eigen/src/Core/util/Memory.h
[7.296s] -- Up-to-date: /home/lfvmu/kobuki/install/include/eigen3/Eigen/src/Core/util/Constants.h
[7.297s] -- Up-to-date: /home/lfvmu/kobuki/install/include/eigen3/Eigen/src/Core/AssignEvaluator.h
[7.297s] -- Up-to-date: /home/lfvmu/kobuki/install/include/eigen3/Eigen/src/Core/DiagonalProduct.h
[7.298s] -- Up-to-date: /home/lfvmu/kobuki/install/include/eigen3/Eigen/src/Core/Array.h
[7.299s] -- Up-to-date: /home/lfvmu/kobuki/install/include/eigen3/Eigen/src/Core/NumTraits.h
[7.299s] -- Up-to-date: /home/lfvmu/kobuki/install/include/eigen3/Eigen/src/Core/CoreEvaluators.h
[7.299s] -- Up-to-date: /home/lfvmu/kobuki/install/include/eigen3/Eigen/src/Core/SolveTriangular.h
[7.299s] -- Up-to-date: /home/lfvmu/kobuki/install/include/eigen3/Eigen/src/Core/MapBase.h
[7.299s] -- Up-to-date: /home/lfvmu/kobuki/install/include/eigen3/Eigen/src/Core/ConditionEstimator.h
[7.300s] -- Up-to-date: /home/lfvmu/kobuki/install/include/eigen3/Eigen/src/Core/BooleanRedux.h
[7.300s] -- Up-to-date: /home/lfvmu/kobuki/install/include/eigen3/Eigen/src/Core/Assign.h
[7.302s] -- Up-to-date: /home/lfvmu/kobuki/install/include/eigen3/Eigen/src/Core/MathFunctions.h
[7.302s] -- Up-to-date: /home/lfvmu/kobuki/install/include/eigen3/Eigen/src/Core/VectorBlock.h
[7.302s] -- Up-to-date: /home/lfvmu/kobuki/install/include/eigen3/Eigen/src/Core/Ref.h
[7.303s] -- Up-to-date: /home/lfvmu/kobuki/install/include/eigen3/Eigen/src/Core/DenseCoeffsBase.h
[7.303s] -- Up-to-date: /home/lfvmu/kobuki/install/include/eigen3/Eigen/src/Core/ArrayBase.h
[7.303s] -- Up-to-date: /home/lfvmu/kobuki/install/include/eigen3/Eigen/src/SPQRSupport
[7.303s] -- Up-to-date: /home/lfvmu/kobuki/install/include/eigen3/Eigen/src/SPQRSupport/SuiteSparseQRSupport.h
[7.303s] -- Up-to-date: /home/lfvmu/kobuki/install/include/eigen3/Eigen/src/QR
[7.304s] -- Up-to-date: /home/lfvmu/kobuki/install/include/eigen3/Eigen/src/QR/HouseholderQR_LAPACKE.h
[7.304s] -- Up-to-date: /home/lfvmu/kobuki/install/include/eigen3/Eigen/src/QR/CompleteOrthogonalDecomposition.h
[7.304s] -- Up-to-date: /home/lfvmu/kobuki/install/include/eigen3/Eigen/src/QR/FullPivHouseholderQR.h
[7.305s] -- Up-to-date: /home/lfvmu/kobuki/install/include/eigen3/Eigen/src/QR/HouseholderQR.h
[7.305s] -- Up-to-date: /home/lfvmu/kobuki/install/include/eigen3/Eigen/src/QR/ColPivHouseholderQR_LAPACKE.h
[7.305s] -- Up-to-date: /home/lfvmu/kobuki/install/include/eigen3/Eigen/src/QR/ColPivHouseholderQR.h
[7.305s] -- Up-to-date: /home/lfvmu/kobuki/install/include/eigen3/Eigen/src/PaStiXSupport
[7.324s] -- Up-to-date: /home/lfvmu/kobuki/install/include/eigen3/Eigen/src/PaStiXSupport/PaStiXSupport.h
[7.329s] -- Up-to-date: /home/lfvmu/kobuki/install/include/eigen3/Eigen/src/SVD
[7.329s] -- Up-to-date: /home/lfvmu/kobuki/install/include/eigen3/Eigen/src/SVD/JacobiSVD_LAPACKE.h
[7.330s] -- Up-to-date: /home/lfvmu/kobuki/install/include/eigen3/Eigen/src/SVD/JacobiSVD.h
[7.331s] -- Up-to-date: /home/lfvmu/kobuki/install/include/eigen3/Eigen/src/SVD/SVDBase.h
[7.331s] -- Up-to-date: /home/lfvmu/kobuki/install/include/eigen3/Eigen/src/SVD/UpperBidiagonalization.h
[7.331s] -- Up-to-date: /home/lfvmu/kobuki/install/include/eigen3/Eigen/src/SVD/BDCSVD.h
[7.331s] -- Up-to-date: /home/lfvmu/kobuki/install/include/eigen3/unsupported/Eigen/AdolcForward
[7.332s] -- Up-to-date: /home/lfvmu/kobuki/install/include/eigen3/unsupported/Eigen/AlignedVector3
[7.336s] -- Up-to-date: /home/lfvmu/kobuki/install/include/eigen3/unsupported/Eigen/ArpackSupport
[7.337s] -- Up-to-date: /home/lfvmu/kobuki/install/include/eigen3/unsupported/Eigen/AutoDiff
[7.337s] -- Up-to-date: /home/lfvmu/kobuki/install/include/eigen3/unsupported/Eigen/BVH
[7.337s] -- Up-to-date: /home/lfvmu/kobuki/install/include/eigen3/unsupported/Eigen/EulerAngles
[7.338s] -- Up-to-date: /home/lfvmu/kobuki/install/include/eigen3/unsupported/Eigen/FFT
[7.338s] -- Up-to-date: /home/lfvmu/kobuki/install/include/eigen3/unsupported/Eigen/IterativeSolvers
[7.338s] -- Up-to-date: /home/lfvmu/kobuki/install/include/eigen3/unsupported/Eigen/KroneckerProduct
[7.339s] -- Up-to-date: /home/lfvmu/kobuki/install/include/eigen3/unsupported/Eigen/LevenbergMarquardt
[7.339s] -- Up-to-date: /home/lfvmu/kobuki/install/include/eigen3/unsupported/Eigen/MatrixFunctions
[7.340s] -- Up-to-date: /home/lfvmu/kobuki/install/include/eigen3/unsupported/Eigen/MoreVectorization
[7.340s] -- Up-to-date: /home/lfvmu/kobuki/install/include/eigen3/unsupported/Eigen/MPRealSupport
[7.340s] -- Up-to-date: /home/lfvmu/kobuki/install/include/eigen3/unsupported/Eigen/NonLinearOptimization
[7.341s] -- Up-to-date: /home/lfvmu/kobuki/install/include/eigen3/unsupported/Eigen/NumericalDiff
[7.341s] -- Up-to-date: /home/lfvmu/kobuki/install/include/eigen3/unsupported/Eigen/OpenGLSupport
[7.341s] -- Up-to-date: /home/lfvmu/kobuki/install/include/eigen3/unsupported/Eigen/Polynomials
[7.347s] -- Up-to-date: /home/lfvmu/kobuki/install/include/eigen3/unsupported/Eigen/Skyline
[7.353s] -- Up-to-date: /home/lfvmu/kobuki/install/include/eigen3/unsupported/Eigen/SparseExtra
[7.353s] -- Up-to-date: /home/lfvmu/kobuki/install/include/eigen3/unsupported/Eigen/SpecialFunctions
[7.353s] -- Up-to-date: /home/lfvmu/kobuki/install/include/eigen3/unsupported/Eigen/Splines
[7.359s] -- Up-to-date: /home/lfvmu/kobuki/install/include/eigen3/unsupported/Eigen/src
[7.359s] -- Up-to-date: /home/lfvmu/kobuki/install/include/eigen3/unsupported/Eigen/src/NonLinearOptimization
[7.361s] -- Up-to-date: /home/lfvmu/kobuki/install/include/eigen3/unsupported/Eigen/src/NonLinearOptimization/LevenbergMarquardt.h
[7.361s] -- Up-to-date: /home/lfvmu/kobuki/install/include/eigen3/unsupported/Eigen/src/NonLinearOptimization/covar.h
[7.361s] -- Up-to-date: /home/lfvmu/kobuki/install/include/eigen3/unsupported/Eigen/src/NonLinearOptimization/qrsolv.h
[7.362s] -- Up-to-date: /home/lfvmu/kobuki/install/include/eigen3/unsupported/Eigen/src/NonLinearOptimization/r1updt.h
[7.362s] -- Up-to-date: /home/lfvmu/kobuki/install/include/eigen3/unsupported/Eigen/src/NonLinearOptimization/dogleg.h
[7.363s] -- Up-to-date: /home/lfvmu/kobuki/install/include/eigen3/unsupported/Eigen/src/NonLinearOptimization/rwupdt.h
[7.363s] -- Up-to-date: /home/lfvmu/kobuki/install/include/eigen3/unsupported/Eigen/src/NonLinearOptimization/lmpar.h
[7.364s] -- Up-to-date: /home/lfvmu/kobuki/install/include/eigen3/unsupported/Eigen/src/NonLinearOptimization/HybridNonLinearSolver.h
[7.364s] -- Up-to-date: /home/lfvmu/kobuki/install/include/eigen3/unsupported/Eigen/src/NonLinearOptimization/fdjac1.h
[7.364s] -- Up-to-date: /home/lfvmu/kobuki/install/include/eigen3/unsupported/Eigen/src/NonLinearOptimization/r1mpyq.h
[7.364s] -- Up-to-date: /home/lfvmu/kobuki/install/include/eigen3/unsupported/Eigen/src/NonLinearOptimization/chkder.h
[7.365s] -- Up-to-date: /home/lfvmu/kobuki/install/include/eigen3/unsupported/Eigen/src/SpecialFunctions
[7.365s] -- Up-to-date: /home/lfvmu/kobuki/install/include/eigen3/unsupported/Eigen/src/SpecialFunctions/SpecialFunctionsFunctors.h
[7.365s] -- Up-to-date: /home/lfvmu/kobuki/install/include/eigen3/unsupported/Eigen/src/SpecialFunctions/SpecialFunctionsArrayAPI.h
[7.365s] -- Up-to-date: /home/lfvmu/kobuki/install/include/eigen3/unsupported/Eigen/src/SpecialFunctions/SpecialFunctionsPacketMath.h
[7.366s] -- Up-to-date: /home/lfvmu/kobuki/install/include/eigen3/unsupported/Eigen/src/SpecialFunctions/arch
[7.366s] -- Up-to-date: /home/lfvmu/kobuki/install/include/eigen3/unsupported/Eigen/src/SpecialFunctions/arch/CUDA
[7.366s] -- Up-to-date: /home/lfvmu/kobuki/install/include/eigen3/unsupported/Eigen/src/SpecialFunctions/arch/CUDA/CudaSpecialFunctions.h
[7.366s] -- Up-to-date: /home/lfvmu/kobuki/install/include/eigen3/unsupported/Eigen/src/SpecialFunctions/SpecialFunctionsHalf.h
[7.367s] -- Up-to-date: /home/lfvmu/kobuki/install/include/eigen3/unsupported/Eigen/src/SpecialFunctions/SpecialFunctionsImpl.h
[7.367s] -- Up-to-date: /home/lfvmu/kobuki/install/include/eigen3/unsupported/Eigen/src/MatrixFunctions
[7.367s] -- Up-to-date: /home/lfvmu/kobuki/install/include/eigen3/unsupported/Eigen/src/MatrixFunctions/MatrixPower.h
[7.367s] -- Up-to-date: /home/lfvmu/kobuki/install/include/eigen3/unsupported/Eigen/src/MatrixFunctions/MatrixExponential.h
[7.367s] -- Up-to-date: /home/lfvmu/kobuki/install/include/eigen3/unsupported/Eigen/src/MatrixFunctions/MatrixLogarithm.h
[7.368s] -- Up-to-date: /home/lfvmu/kobuki/install/include/eigen3/unsupported/Eigen/src/MatrixFunctions/MatrixFunction.h
[7.368s] -- Up-to-date: /home/lfvmu/kobuki/install/include/eigen3/unsupported/Eigen/src/MatrixFunctions/MatrixSquareRoot.h
[7.368s] -- Up-to-date: /home/lfvmu/kobuki/install/include/eigen3/unsupported/Eigen/src/MatrixFunctions/StemFunction.h
[7.368s] -- Up-to-date: /home/lfvmu/kobuki/install/include/eigen3/unsupported/Eigen/src/MoreVectorization
[7.369s] -- Up-to-date: /home/lfvmu/kobuki/install/include/eigen3/unsupported/Eigen/src/MoreVectorization/MathFunctions.h
[7.369s] -- Up-to-date: /home/lfvmu/kobuki/install/include/eigen3/unsupported/Eigen/src/EulerAngles
[7.369s] -- Up-to-date: /home/lfvmu/kobuki/install/include/eigen3/unsupported/Eigen/src/EulerAngles/EulerAngles.h
[7.369s] -- Up-to-date: /home/lfvmu/kobuki/install/include/eigen3/unsupported/Eigen/src/EulerAngles/EulerSystem.h
[7.369s] -- Up-to-date: /home/lfvmu/kobuki/install/include/eigen3/unsupported/Eigen/src/LevenbergMarquardt
[7.370s] -- Up-to-date: /home/lfvmu/kobuki/install/include/eigen3/unsupported/Eigen/src/LevenbergMarquardt/LevenbergMarquardt.h
[7.370s] -- Up-to-date: /home/lfvmu/kobuki/install/include/eigen3/unsupported/Eigen/src/LevenbergMarquardt/LMonestep.h
[7.370s] -- Up-to-date: /home/lfvmu/kobuki/install/include/eigen3/unsupported/Eigen/src/LevenbergMarquardt/LMpar.h
[7.370s] -- Up-to-date: /home/lfvmu/kobuki/install/include/eigen3/unsupported/Eigen/src/LevenbergMarquardt/LMcovar.h
[7.371s] -- Up-to-date: /home/lfvmu/kobuki/install/include/eigen3/unsupported/Eigen/src/LevenbergMarquardt/LMqrsolv.h
[7.371s] -- Up-to-date: /home/lfvmu/kobuki/install/include/eigen3/unsupported/Eigen/src/BVH
[7.371s] -- Up-to-date: /home/lfvmu/kobuki/install/include/eigen3/unsupported/Eigen/src/BVH/BVAlgorithms.h
[7.371s] -- Up-to-date: /home/lfvmu/kobuki/install/include/eigen3/unsupported/Eigen/src/BVH/KdBVH.h
[7.371s] -- Up-to-date: /home/lfvmu/kobuki/install/include/eigen3/unsupported/Eigen/src/Eigenvalues
[7.372s] -- Up-to-date: /home/lfvmu/kobuki/install/include/eigen3/unsupported/Eigen/src/Eigenvalues/ArpackSelfAdjointEigenSolver.h
[7.372s] -- Up-to-date: /home/lfvmu/kobuki/install/include/eigen3/unsupported/Eigen/src/IterativeSolvers
[7.372s] -- Up-to-date: /home/lfvmu/kobuki/install/include/eigen3/unsupported/Eigen/src/IterativeSolvers/IncompleteLU.h
[7.372s] -- Up-to-date: /home/lfvmu/kobuki/install/include/eigen3/unsupported/Eigen/src/IterativeSolvers/GMRES.h
[7.373s] -- Up-to-date: /home/lfvmu/kobuki/install/include/eigen3/unsupported/Eigen/src/IterativeSolvers/MINRES.h
[7.373s] -- Up-to-date: /home/lfvmu/kobuki/install/include/eigen3/unsupported/Eigen/src/IterativeSolvers/DGMRES.h
[7.373s] -- Up-to-date: /home/lfvmu/kobuki/install/include/eigen3/unsupported/Eigen/src/IterativeSolvers/Scaling.h
[7.374s] -- Up-to-date: /home/lfvmu/kobuki/install/include/eigen3/unsupported/Eigen/src/IterativeSolvers/IterationController.h
[7.374s] -- Up-to-date: /home/lfvmu/kobuki/install/include/eigen3/unsupported/Eigen/src/IterativeSolvers/ConstrainedConjGrad.h
[7.374s] -- Up-to-date: /home/lfvmu/kobuki/install/include/eigen3/unsupported/Eigen/src/FFT
[7.374s] -- Up-to-date: /home/lfvmu/kobuki/install/include/eigen3/unsupported/Eigen/src/FFT/ei_fftw_impl.h
[7.374s] -- Up-to-date: /home/lfvmu/kobuki/install/include/eigen3/unsupported/Eigen/src/FFT/ei_kissfft_impl.h
[7.375s] -- Up-to-date: /home/lfvmu/kobuki/install/include/eigen3/unsupported/Eigen/src/Splines
[7.375s] -- Up-to-date: /home/lfvmu/kobuki/install/include/eigen3/unsupported/Eigen/src/Splines/SplineFitting.h
[7.375s] -- Up-to-date: /home/lfvmu/kobuki/install/include/eigen3/unsupported/Eigen/src/Splines/SplineFwd.h
[7.375s] -- Up-to-date: /home/lfvmu/kobuki/install/include/eigen3/unsupported/Eigen/src/Splines/Spline.h
[7.375s] -- Up-to-date: /home/lfvmu/kobuki/install/include/eigen3/unsupported/Eigen/src/Skyline
[7.376s] -- Up-to-date: /home/lfvmu/kobuki/install/include/eigen3/unsupported/Eigen/src/Skyline/SkylineMatrixBase.h
[7.376s] -- Up-to-date: /home/lfvmu/kobuki/install/include/eigen3/unsupported/Eigen/src/Skyline/SkylineProduct.h
[7.376s] -- Up-to-date: /home/lfvmu/kobuki/install/include/eigen3/unsupported/Eigen/src/Skyline/SkylineInplaceLU.h
[7.376s] -- Up-to-date: /home/lfvmu/kobuki/install/include/eigen3/unsupported/Eigen/src/Skyline/SkylineUtil.h
[7.377s] -- Up-to-date: /home/lfvmu/kobuki/install/include/eigen3/unsupported/Eigen/src/Skyline/SkylineStorage.h
[7.377s] -- Up-to-date: /home/lfvmu/kobuki/install/include/eigen3/unsupported/Eigen/src/Skyline/SkylineMatrix.h
[7.377s] -- Up-to-date: /home/lfvmu/kobuki/install/include/eigen3/unsupported/Eigen/src/KroneckerProduct
[7.377s] -- Up-to-date: /home/lfvmu/kobuki/install/include/eigen3/unsupported/Eigen/src/KroneckerProduct/KroneckerTensorProduct.h
[7.377s] -- Up-to-date: /home/lfvmu/kobuki/install/include/eigen3/unsupported/Eigen/src/SparseExtra
[7.378s] -- Up-to-date: /home/lfvmu/kobuki/install/include/eigen3/unsupported/Eigen/src/SparseExtra/DynamicSparseMatrix.h
[7.378s] -- Up-to-date: /home/lfvmu/kobuki/install/include/eigen3/unsupported/Eigen/src/SparseExtra/MarketIO.h
[7.378s] -- Up-to-date: /home/lfvmu/kobuki/install/include/eigen3/unsupported/Eigen/src/SparseExtra/BlockSparseMatrix.h
[7.378s] -- Up-to-date: /home/lfvmu/kobuki/install/include/eigen3/unsupported/Eigen/src/SparseExtra/MatrixMarketIterator.h
[7.378s] -- Up-to-date: /home/lfvmu/kobuki/install/include/eigen3/unsupported/Eigen/src/SparseExtra/RandomSetter.h
[7.379s] -- Up-to-date: /home/lfvmu/kobuki/install/include/eigen3/unsupported/Eigen/src/SparseExtra/BlockOfDynamicSparseMatrix.h
[7.379s] -- Up-to-date: /home/lfvmu/kobuki/install/include/eigen3/unsupported/Eigen/src/NumericalDiff
[7.379s] -- Up-to-date: /home/lfvmu/kobuki/install/include/eigen3/unsupported/Eigen/src/NumericalDiff/NumericalDiff.h
[7.379s] -- Up-to-date: /home/lfvmu/kobuki/install/include/eigen3/unsupported/Eigen/src/AutoDiff
[7.379s] -- Up-to-date: /home/lfvmu/kobuki/install/include/eigen3/unsupported/Eigen/src/AutoDiff/AutoDiffJacobian.h
[7.380s] -- Up-to-date: /home/lfvmu/kobuki/install/include/eigen3/unsupported/Eigen/src/AutoDiff/AutoDiffVector.h
[7.380s] -- Up-to-date: /home/lfvmu/kobuki/install/include/eigen3/unsupported/Eigen/src/AutoDiff/AutoDiffScalar.h
[7.380s] -- Up-to-date: /home/lfvmu/kobuki/install/include/eigen3/unsupported/Eigen/src/Polynomials
[7.380s] -- Up-to-date: /home/lfvmu/kobuki/install/include/eigen3/unsupported/Eigen/src/Polynomials/PolynomialUtils.h
[7.380s] -- Up-to-date: /home/lfvmu/kobuki/install/include/eigen3/unsupported/Eigen/src/Polynomials/Companion.h
[7.381s] -- Up-to-date: /home/lfvmu/kobuki/install/include/eigen3/unsupported/Eigen/src/Polynomials/PolynomialSolver.h
[7.381s] -- Up-to-date: /home/lfvmu/kobuki/install/include/eigen3/unsupported/Eigen/CXX11/Tensor
[7.381s] -- Up-to-date: /home/lfvmu/kobuki/install/include/eigen3/unsupported/Eigen/CXX11/TensorSymmetry
[7.381s] -- Up-to-date: /home/lfvmu/kobuki/install/include/eigen3/unsupported/Eigen/CXX11/ThreadPool
[7.382s] -- Up-to-date: /home/lfvmu/kobuki/install/include/eigen3/unsupported/Eigen/CXX11/src
[7.382s] -- Up-to-date: /home/lfvmu/kobuki/install/include/eigen3/unsupported/Eigen/CXX11/src/ThreadPool
[7.383s] -- Up-to-date: /home/lfvmu/kobuki/install/include/eigen3/unsupported/Eigen/CXX11/src/ThreadPool/ThreadEnvironment.h
[7.383s] -- Up-to-date: /home/lfvmu/kobuki/install/include/eigen3/unsupported/Eigen/CXX11/src/ThreadPool/NonBlockingThreadPool.h
[7.384s] -- Up-to-date: /home/lfvmu/kobuki/install/include/eigen3/unsupported/Eigen/CXX11/src/ThreadPool/ThreadLocal.h
[7.385s] -- Up-to-date: /home/lfvmu/kobuki/install/include/eigen3/unsupported/Eigen/CXX11/src/ThreadPool/ThreadYield.h
[7.385s] -- Up-to-date: /home/lfvmu/kobuki/install/include/eigen3/unsupported/Eigen/CXX11/src/ThreadPool/RunQueue.h
[7.385s] -- Up-to-date: /home/lfvmu/kobuki/install/include/eigen3/unsupported/Eigen/CXX11/src/ThreadPool/SimpleThreadPool.h
[7.385s] -- Up-to-date: /home/lfvmu/kobuki/install/include/eigen3/unsupported/Eigen/CXX11/src/ThreadPool/ThreadPoolInterface.h
[7.387s] -- Up-to-date: /home/lfvmu/kobuki/install/include/eigen3/unsupported/Eigen/CXX11/src/ThreadPool/EventCount.h
[7.387s] -- Up-to-date: /home/lfvmu/kobuki/install/include/eigen3/unsupported/Eigen/CXX11/src/Tensor
[7.388s] -- Up-to-date: /home/lfvmu/kobuki/install/include/eigen3/unsupported/Eigen/CXX11/src/Tensor/TensorRef.h
[7.388s] -- Up-to-date: /home/lfvmu/kobuki/install/include/eigen3/unsupported/Eigen/CXX11/src/Tensor/TensorForcedEval.h
[7.388s] -- Up-to-date: /home/lfvmu/kobuki/install/include/eigen3/unsupported/Eigen/CXX11/src/Tensor/TensorIntDiv.h
[7.389s] -- Up-to-date: /home/lfvmu/kobuki/install/include/eigen3/unsupported/Eigen/CXX11/src/Tensor/TensorMeta.h
[7.389s] -- Up-to-date: /home/lfvmu/kobuki/install/include/eigen3/unsupported/Eigen/CXX11/src/Tensor/TensorForwardDeclarations.h
[7.389s] -- Up-to-date: /home/lfvmu/kobuki/install/include/eigen3/unsupported/Eigen/CXX11/src/Tensor/TensorConversion.h
[7.400s] -- Up-to-date: /home/lfvmu/kobuki/install/include/eigen3/unsupported/Eigen/CXX11/src/Tensor/TensorFunctors.h
[7.407s] -- Up-to-date: /home/lfvmu/kobuki/install/include/eigen3/unsupported/Eigen/CXX11/src/Tensor/TensorEvaluator.h
[7.407s] -- Up-to-date: /home/lfvmu/kobuki/install/include/eigen3/unsupported/Eigen/CXX11/src/Tensor/TensorRandom.h
[7.407s] -- Up-to-date: /home/lfvmu/kobuki/install/include/eigen3/unsupported/Eigen/CXX11/src/Tensor/TensorShuffling.h
[7.407s] -- Up-to-date: /home/lfvmu/kobuki/install/include/eigen3/unsupported/Eigen/CXX11/src/Tensor/TensorExpr.h
[7.408s] -- Up-to-date: /home/lfvmu/kobuki/install/include/eigen3/unsupported/Eigen/CXX11/src/Tensor/TensorBroadcasting.h
[7.408s] -- Up-to-date: /home/lfvmu/kobuki/install/include/eigen3/unsupported/Eigen/CXX11/src/Tensor/TensorFFT.h
[7.408s] -- Up-to-date: /home/lfvmu/kobuki/install/include/eigen3/unsupported/Eigen/CXX11/src/Tensor/TensorInitializer.h
[7.408s] -- Up-to-date: /home/lfvmu/kobuki/install/include/eigen3/unsupported/Eigen/CXX11/src/Tensor/TensorPatch.h
[7.409s] -- Up-to-date: /home/lfvmu/kobuki/install/include/eigen3/unsupported/Eigen/CXX11/src/Tensor/TensorMacros.h
[7.409s] -- Up-to-date: /home/lfvmu/kobuki/install/include/eigen3/unsupported/Eigen/CXX11/src/Tensor/TensorContractionThreadPool.h
[7.409s] -- Up-to-date: /home/lfvmu/kobuki/install/include/eigen3/unsupported/Eigen/CXX11/src/Tensor/TensorGenerator.h
[7.410s] -- Up-to-date: /home/lfvmu/kobuki/install/include/eigen3/unsupported/Eigen/CXX11/src/Tensor/TensorSyclConvertToDeviceExpression.h
[7.410s] -- Up-to-date: /home/lfvmu/kobuki/install/include/eigen3/unsupported/Eigen/CXX11/src/Tensor/TensorSycl.h
[7.410s] -- Up-to-date: /home/lfvmu/kobuki/install/include/eigen3/unsupported/Eigen/CXX11/src/Tensor/TensorContractionBlocking.h
[7.410s] -- Up-to-date: /home/lfvmu/kobuki/install/include/eigen3/unsupported/Eigen/CXX11/src/Tensor/TensorSyclExtractAccessor.h
[7.411s] -- Up-to-date: /home/lfvmu/kobuki/install/include/eigen3/unsupported/Eigen/CXX11/src/Tensor/TensorSyclTuple.h
[7.411s] -- Up-to-date: /home/lfvmu/kobuki/install/include/eigen3/unsupported/Eigen/CXX11/src/Tensor/TensorDimensionList.h
[7.411s] -- Up-to-date: /home/lfvmu/kobuki/install/include/eigen3/unsupported/Eigen/CXX11/src/Tensor/TensorDeviceDefault.h
[7.411s] -- Up-to-date: /home/lfvmu/kobuki/install/include/eigen3/unsupported/Eigen/CXX11/src/Tensor/TensorExecutor.h
[7.412s] -- Up-to-date: /home/lfvmu/kobuki/install/include/eigen3/unsupported/Eigen/CXX11/src/Tensor/TensorDeviceThreadPool.h
[7.413s] -- Up-to-date: /home/lfvmu/kobuki/install/include/eigen3/unsupported/Eigen/CXX11/src/Tensor/TensorDeviceCuda.h
[7.413s] -- Up-to-date: /home/lfvmu/kobuki/install/include/eigen3/unsupported/Eigen/CXX11/src/Tensor/TensorSyclPlaceHolderExpr.h
[7.413s] -- Up-to-date: /home/lfvmu/kobuki/install/include/eigen3/unsupported/Eigen/CXX11/src/Tensor/TensorChipping.h
[7.414s] -- Up-to-date: /home/lfvmu/kobuki/install/include/eigen3/unsupported/Eigen/CXX11/src/Tensor/TensorBase.h
[7.414s] -- Up-to-date: /home/lfvmu/kobuki/install/include/eigen3/unsupported/Eigen/CXX11/src/Tensor/TensorGlobalFunctions.h
[7.414s] -- Up-to-date: /home/lfvmu/kobuki/install/include/eigen3/unsupported/Eigen/CXX11/src/Tensor/TensorStriding.h
[7.420s] -- Up-to-date: /home/lfvmu/kobuki/install/include/eigen3/unsupported/Eigen/CXX11/src/Tensor/TensorContraction.h
[7.420s] -- Up-to-date: /home/lfvmu/kobuki/install/include/eigen3/unsupported/Eigen/CXX11/src/Tensor/TensorContractionMapper.h
[7.426s] -- Up-to-date: /home/lfvmu/kobuki/install/include/eigen3/unsupported/Eigen/CXX11/src/Tensor/TensorArgMax.h
[7.431s] -- Up-to-date: /home/lfvmu/kobuki/install/include/eigen3/unsupported/Eigen/CXX11/src/Tensor/TensorReduction.h
[7.432s] -- Up-to-date: /home/lfvmu/kobuki/install/include/eigen3/unsupported/Eigen/CXX11/src/Tensor/TensorEvalTo.h
[7.432s] -- Up-to-date: /home/lfvmu/kobuki/install/include/eigen3/unsupported/Eigen/CXX11/src/Tensor/Tensor.h
[7.434s] -- Up-to-date: /home/lfvmu/kobuki/install/include/eigen3/unsupported/Eigen/CXX11/src/Tensor/TensorPadding.h
[7.434s] -- Up-to-date: /home/lfvmu/kobuki/install/include/eigen3/unsupported/Eigen/CXX11/src/Tensor/TensorReverse.h
[7.434s] -- Up-to-date: /home/lfvmu/kobuki/install/include/eigen3/unsupported/Eigen/CXX11/src/Tensor/TensorCostModel.h
[7.434s] -- Up-to-date: /home/lfvmu/kobuki/install/include/eigen3/unsupported/Eigen/CXX11/src/Tensor/TensorSyclLeafCount.h
[7.435s] -- Up-to-date: /home/lfvmu/kobuki/install/include/eigen3/unsupported/Eigen/CXX11/src/Tensor/TensorSyclExprConstructor.h
[7.436s] -- Up-to-date: /home/lfvmu/kobuki/install/include/eigen3/unsupported/Eigen/CXX11/src/Tensor/TensorImagePatch.h
[7.436s] -- Up-to-date: /home/lfvmu/kobuki/install/include/eigen3/unsupported/Eigen/CXX11/src/Tensor/TensorAssign.h
[7.437s] -- Up-to-date: /home/lfvmu/kobuki/install/include/eigen3/unsupported/Eigen/CXX11/src/Tensor/TensorScan.h
[7.437s] -- Up-to-date: /home/lfvmu/kobuki/install/include/eigen3/unsupported/Eigen/CXX11/src/Tensor/TensorStorage.h
[7.438s] -- Up-to-date: /home/lfvmu/kobuki/install/include/eigen3/unsupported/Eigen/CXX11/src/Tensor/TensorDeviceSycl.h
[7.438s] -- Up-to-date: /home/lfvmu/kobuki/install/include/eigen3/unsupported/Eigen/CXX11/src/Tensor/TensorReductionCuda.h
[7.438s] -- Up-to-date: /home/lfvmu/kobuki/install/include/eigen3/unsupported/Eigen/CXX11/src/Tensor/TensorVolumePatch.h
[7.438s] -- Up-to-date: /home/lfvmu/kobuki/install/include/eigen3/unsupported/Eigen/CXX11/src/Tensor/TensorIO.h
[7.439s] -- Up-to-date: /home/lfvmu/kobuki/install/include/eigen3/unsupported/Eigen/CXX11/src/Tensor/TensorConcatenation.h
[7.440s] -- Up-to-date: /home/lfvmu/kobuki/install/include/eigen3/unsupported/Eigen/CXX11/src/Tensor/TensorContractionCuda.h
[7.440s] -- Up-to-date: /home/lfvmu/kobuki/install/include/eigen3/unsupported/Eigen/CXX11/src/Tensor/TensorCustomOp.h
[7.441s] -- Up-to-date: /home/lfvmu/kobuki/install/include/eigen3/unsupported/Eigen/CXX11/src/Tensor/TensorReductionSycl.h
[7.441s] -- Up-to-date: /home/lfvmu/kobuki/install/include/eigen3/unsupported/Eigen/CXX11/src/Tensor/TensorIndexList.h
[7.441s] -- Up-to-date: /home/lfvmu/kobuki/install/include/eigen3/unsupported/Eigen/CXX11/src/Tensor/TensorLayoutSwap.h
[7.441s] -- Up-to-date: /home/lfvmu/kobuki/install/include/eigen3/unsupported/Eigen/CXX11/src/Tensor/TensorDimensions.h
[7.441s] -- Up-to-date: /home/lfvmu/kobuki/install/include/eigen3/unsupported/Eigen/CXX11/src/Tensor/TensorDevice.h
[7.442s] -- Up-to-date: /home/lfvmu/kobuki/install/include/eigen3/unsupported/Eigen/CXX11/src/Tensor/TensorUInt128.h
[7.442s] -- Up-to-date: /home/lfvmu/kobuki/install/include/eigen3/unsupported/Eigen/CXX11/src/Tensor/TensorSyclRun.h
[7.443s] -- Up-to-date: /home/lfvmu/kobuki/install/include/eigen3/unsupported/Eigen/CXX11/src/Tensor/TensorSyclExtractFunctors.h
[7.443s] -- Up-to-date: /home/lfvmu/kobuki/install/include/eigen3/unsupported/Eigen/CXX11/src/Tensor/TensorInflation.h
[7.444s] -- Up-to-date: /home/lfvmu/kobuki/install/include/eigen3/unsupported/Eigen/CXX11/src/Tensor/TensorTraits.h
[7.444s] -- Up-to-date: /home/lfvmu/kobuki/install/include/eigen3/unsupported/Eigen/CXX11/src/Tensor/TensorMorphing.h
[7.444s] -- Up-to-date: /home/lfvmu/kobuki/install/include/eigen3/unsupported/Eigen/CXX11/src/Tensor/TensorConvolution.h
[7.445s] -- Up-to-date: /home/lfvmu/kobuki/install/include/eigen3/unsupported/Eigen/CXX11/src/Tensor/TensorFixedSize.h
[7.445s] -- Up-to-date: /home/lfvmu/kobuki/install/include/eigen3/unsupported/Eigen/CXX11/src/Tensor/TensorMap.h
[7.445s] -- Up-to-date: /home/lfvmu/kobuki/install/include/eigen3/unsupported/Eigen/CXX11/src/util
[7.445s] -- Up-to-date: /home/lfvmu/kobuki/install/include/eigen3/unsupported/Eigen/CXX11/src/util/MaxSizeVector.h
[7.446s] -- Up-to-date: /home/lfvmu/kobuki/install/include/eigen3/unsupported/Eigen/CXX11/src/util/CXX11Meta.h
[7.447s] -- Up-to-date: /home/lfvmu/kobuki/install/include/eigen3/unsupported/Eigen/CXX11/src/util/EmulateArray.h
[7.447s] -- Up-to-date: /home/lfvmu/kobuki/install/include/eigen3/unsupported/Eigen/CXX11/src/util/EmulateCXX11Meta.h
[7.447s] -- Up-to-date: /home/lfvmu/kobuki/install/include/eigen3/unsupported/Eigen/CXX11/src/util/CXX11Workarounds.h
[7.448s] -- Up-to-date: /home/lfvmu/kobuki/install/include/eigen3/unsupported/Eigen/CXX11/src/TensorSymmetry
[7.448s] -- Up-to-date: /home/lfvmu/kobuki/install/include/eigen3/unsupported/Eigen/CXX11/src/TensorSymmetry/StaticSymmetry.h
[7.449s] -- Up-to-date: /home/lfvmu/kobuki/install/include/eigen3/unsupported/Eigen/CXX11/src/TensorSymmetry/Symmetry.h
[7.459s] -- Up-to-date: /home/lfvmu/kobuki/install/include/eigen3/unsupported/Eigen/CXX11/src/TensorSymmetry/DynamicSymmetry.h
[7.470s] -- Up-to-date: /home/lfvmu/kobuki/install/include/eigen3/unsupported/Eigen/CXX11/src/TensorSymmetry/util
[7.470s] -- Up-to-date: /home/lfvmu/kobuki/install/include/eigen3/unsupported/Eigen/CXX11/src/TensorSymmetry/util/TemplateGroupTheory.h
[7.515s] Invoked command in '/home/lfvmu/kobuki/build/eigen' returned '0': /usr/bin/cmake --install /home/lfvmu/kobuki/build/eigen
