[0.646s] Invoking command in '/home/lfvmu/kobuki/build/ecl_ipc': /usr/bin/cmake /home/lfvmu/kobuki/src/ecl_core/ecl_ipc -DBUILD_TESTING=OFF -DCMAKE_INSTALL_PREFIX=/home/lfvmu/kobuki/install
[0.692s] -- Found ament_cmake_ros: 0.9.2 (/home/lfvmu/kobuki/install/share/ament_cmake_ros/cmake)
[0.759s] -- Using PYTHON_EXECUTABLE: /usr/bin/python3
[1.135s] -- Found ecl_build: 1.0.3 (/home/lfvmu/kobuki/install/share/ecl_build/cmake)
[1.202s] -- Found ecl_config: 1.1.0 (/home/lfvmu/kobuki/install/share/ecl_config/cmake)
[1.202s] -- Found ecl_errors: 1.1.0 (/home/lfvmu/kobuki/install/share/ecl_errors/cmake)
[1.202s] -- Found ecl_time_lite: 1.1.0 (/home/lfvmu/kobuki/install/share/ecl_time_lite/cmake)
[1.202s] -- Found ecl_exceptions: 1.2.1 (/home/lfvmu/kobuki/install/share/ecl_exceptions/cmake)
[1.204s] -- Found ecl_threads: 1.2.1 (/home/lfvmu/kobuki/install/share/ecl_threads/cmake)
[1.491s] -- Configuring done
[1.538s] -- Generating done
[1.539s] -- Build files have been written to: /home/lfvmu/kobuki/build/ecl_ipc
[1.548s] Invoked command in '/home/lfvmu/kobuki/build/ecl_ipc' returned '0': /usr/bin/cmake /home/lfvmu/kobuki/src/ecl_core/ecl_ipc -DBUILD_TESTING=OFF -DCMAKE_INSTALL_PREFIX=/home/lfvmu/kobuki/install
[1.554s] Invoking command in '/home/lfvmu/kobuki/build/ecl_ipc': /usr/bin/cmake --build /home/lfvmu/kobuki/build/ecl_ipc -- -j4 -l4
[1.694s] [100%] Built target ecl_ipc
[1.845s] Invoked command in '/home/lfvmu/kobuki/build/ecl_ipc' returned '0': /usr/bin/cmake --build /home/lfvmu/kobuki/build/ecl_ipc -- -j4 -l4
[1.896s] Invoking command in '/home/lfvmu/kobuki/build/ecl_ipc': /usr/bin/cmake --install /home/lfvmu/kobuki/build/ecl_ipc
[1.938s] -- Install configuration: "RelWithDebInfo"
[1.938s] -- Up-to-date: /home/lfvmu/kobuki/install/share/ecl_ipc/environment/library_path.sh
[1.939s] -- Installing: /home/lfvmu/kobuki/install/share/ecl_ipc/environment/library_path.dsv
[1.939s] -- Up-to-date: /home/lfvmu/kobuki/install/share/ament_index/resource_index/package_run_dependencies/ecl_ipc
[1.940s] -- Up-to-date: /home/lfvmu/kobuki/install/share/ament_index/resource_index/parent_prefix_path/ecl_ipc
[1.940s] -- Up-to-date: /home/lfvmu/kobuki/install/share/ecl_ipc/environment/ament_prefix_path.sh
[1.956s] -- Installing: /home/lfvmu/kobuki/install/share/ecl_ipc/environment/ament_prefix_path.dsv
[1.956s] -- Up-to-date: /home/lfvmu/kobuki/install/share/ecl_ipc/environment/path.sh
[1.957s] -- Installing: /home/lfvmu/kobuki/install/share/ecl_ipc/environment/path.dsv
[1.957s] -- Up-to-date: /home/lfvmu/kobuki/install/share/ecl_ipc/local_setup.bash
[1.957s] -- Up-to-date: /home/lfvmu/kobuki/install/share/ecl_ipc/local_setup.sh
[1.963s] -- Up-to-date: /home/lfvmu/kobuki/install/share/ecl_ipc/local_setup.zsh
[1.963s] -- Installing: /home/lfvmu/kobuki/install/share/ecl_ipc/local_setup.dsv
[1.964s] -- Installing: /home/lfvmu/kobuki/install/share/ecl_ipc/package.dsv
[1.964s] -- Up-to-date: /home/lfvmu/kobuki/install/share/ament_index/resource_index/packages/ecl_ipc
[1.964s] -- Up-to-date: /home/lfvmu/kobuki/install/share/ecl_ipc/cmake/ecl_ipcExport.cmake
[1.964s] -- Installing: /home/lfvmu/kobuki/install/share/ecl_ipc/cmake/ecl_ipcExport-relwithdebinfo.cmake
[1.965s] -- Up-to-date: /home/lfvmu/kobuki/install/share/ecl_ipc/cmake/ament_cmake_export_targets-extras.cmake
[1.965s] -- Up-to-date: /home/lfvmu/kobuki/install/share/ecl_ipc/cmake/ament_cmake_export_include_directories-extras.cmake
[1.965s] -- Up-to-date: /home/lfvmu/kobuki/install/share/ecl_ipc/cmake/ament_cmake_export_libraries-extras.cmake
[1.965s] -- Up-to-date: /home/lfvmu/kobuki/install/share/ecl_ipc/cmake/ament_cmake_export_dependencies-extras.cmake
[1.965s] -- Up-to-date: /home/lfvmu/kobuki/install/share/ecl_ipc/cmake/ecl_ipcConfig.cmake
[1.966s] -- Up-to-date: /home/lfvmu/kobuki/install/share/ecl_ipc/cmake/ecl_ipcConfig-version.cmake
[1.966s] -- Up-to-date: /home/lfvmu/kobuki/install/share/ecl_ipc/package.xml
[1.966s] -- Up-to-date: /home/lfvmu/kobuki/install/include/ecl/ipc.hpp
[1.966s] -- Up-to-date: /home/lfvmu/kobuki/install/include/ecl/ipc/semaphore.hpp
[1.967s] -- Up-to-date: /home/lfvmu/kobuki/install/include/ecl/ipc/semaphore_pos.hpp
[1.969s] -- Up-to-date: /home/lfvmu/kobuki/install/include/ecl/ipc/shared_memory.hpp
[1.970s] -- Up-to-date: /home/lfvmu/kobuki/install/include/ecl/ipc/shared_memory_pos.hpp
[1.970s] -- Up-to-date: /home/lfvmu/kobuki/install/lib/libecl_ipc.so.1.2.1
[1.970s] -- Up-to-date: /home/lfvmu/kobuki/install/lib/libecl_ipc.so
[2.180s] Invoked command in '/home/lfvmu/kobuki/build/ecl_ipc' returned '0': /usr/bin/cmake --install /home/lfvmu/kobuki/build/ecl_ipc
