[0.468s] Invoking command in '/home/lfvmu/kobuki/build/ament_cmake_cpplint': /usr/bin/cmake /home/lfvmu/kobuki/src/ament_lint/ament_cmake_cpplint -DBUILD_TESTING=OFF -DCMAKE_INSTALL_PREFIX=/home/lfvmu/kobuki/install
[0.507s] Re-run cmake no build system arguments
[0.507s] -- Found ament_cmake_core: 0.9.11 (/home/lfvmu/kobuki/install/share/ament_cmake_core/cmake)
[0.508s] -- Using PYTHON_EXECUTABLE: /usr/bin/python3
[0.852s] -- Found ament_cmake_test: 0.9.11 (/home/lfvmu/kobuki/install/share/ament_cmake_test/cmake)
[0.971s] -- Configuring done
[0.979s] -- Generating done
[0.980s] -- Build files have been written to: /home/lfvmu/kobuki/build/ament_cmake_cpplint
[1.089s] Invoked command in '/home/lfvmu/kobuki/build/ament_cmake_cpplint' returned '0': /usr/bin/cmake /home/lfvmu/kobuki/src/ament_lint/ament_cmake_cpplint -DBUILD_TESTING=OFF -DCMAKE_INSTALL_PREFIX=/home/lfvmu/kobuki/install
[1.097s] Invoking command in '/home/lfvmu/kobuki/build/ament_cmake_cpplint': /usr/bin/cmake --build /home/lfvmu/kobuki/build/ament_cmake_cpplint -- -j4 -l4
[1.160s] /usr/bin/cmake -S/home/lfvmu/kobuki/src/ament_lint/ament_cmake_cpplint -B/home/lfvmu/kobuki/build/ament_cmake_cpplint --check-build-system CMakeFiles/Makefile.cmake 0
[1.187s] /usr/bin/cmake -E cmake_progress_start /home/lfvmu/kobuki/build/ament_cmake_cpplint/CMakeFiles /home/lfvmu/kobuki/build/ament_cmake_cpplint/CMakeFiles/progress.marks
[1.220s] /usr/bin/make -f CMakeFiles/Makefile2 all
[1.223s] make[1]: Entering directory '/home/lfvmu/kobuki/build/ament_cmake_cpplint'
[1.223s] make[1]: Nothing to be done for 'all'.
[1.224s] make[1]: Leaving directory '/home/lfvmu/kobuki/build/ament_cmake_cpplint'
[1.224s] /usr/bin/cmake -E cmake_progress_start /home/lfvmu/kobuki/build/ament_cmake_cpplint/CMakeFiles 0
[1.266s] Invoked command in '/home/lfvmu/kobuki/build/ament_cmake_cpplint' returned '0': /usr/bin/cmake --build /home/lfvmu/kobuki/build/ament_cmake_cpplint -- -j4 -l4
[1.356s] Invoking command in '/home/lfvmu/kobuki/build/ament_cmake_cpplint': /usr/bin/cmake --install /home/lfvmu/kobuki/build/ament_cmake_cpplint
[1.382s] -- Install configuration: "RelWithDebInfo"
[1.382s] -- Up-to-date: /home/lfvmu/kobuki/install/share/ament_index/resource_index/package_run_dependencies/ament_cmake_cpplint
[1.384s] -- Up-to-date: /home/lfvmu/kobuki/install/share/ament_index/resource_index/parent_prefix_path/ament_cmake_cpplint
[1.391s] -- Up-to-date: /home/lfvmu/kobuki/install/share/ament_cmake_cpplint/environment/ament_prefix_path.sh
[1.393s] -- Installing: /home/lfvmu/kobuki/install/share/ament_cmake_cpplint/environment/ament_prefix_path.dsv
[1.393s] -- Up-to-date: /home/lfvmu/kobuki/install/share/ament_cmake_cpplint/environment/path.sh
[1.394s] -- Installing: /home/lfvmu/kobuki/install/share/ament_cmake_cpplint/environment/path.dsv
[1.394s] -- Up-to-date: /home/lfvmu/kobuki/install/share/ament_cmake_cpplint/local_setup.bash
[1.394s] -- Up-to-date: /home/lfvmu/kobuki/install/share/ament_cmake_cpplint/local_setup.sh
[1.394s] -- Up-to-date: /home/lfvmu/kobuki/install/share/ament_cmake_cpplint/local_setup.zsh
[1.395s] -- Installing: /home/lfvmu/kobuki/install/share/ament_cmake_cpplint/local_setup.dsv
[1.396s] -- Installing: /home/lfvmu/kobuki/install/share/ament_cmake_cpplint/package.dsv
[1.396s] -- Up-to-date: /home/lfvmu/kobuki/install/share/ament_index/resource_index/packages/ament_cmake_cpplint
[1.396s] -- Up-to-date: /home/lfvmu/kobuki/install/share/ament_cmake_cpplint/cmake/ament_cmake_cpplint-extras.cmake
[1.396s] -- Up-to-date: /home/lfvmu/kobuki/install/share/ament_cmake_cpplint/cmake/ament_cmake_cpplintConfig.cmake
[1.397s] -- Up-to-date: /home/lfvmu/kobuki/install/share/ament_cmake_cpplint/cmake/ament_cmake_cpplintConfig-version.cmake
[1.399s] -- Up-to-date: /home/lfvmu/kobuki/install/share/ament_cmake_cpplint/package.xml
[1.401s] -- Up-to-date: /home/lfvmu/kobuki/install/share/ament_cmake_cpplint/cmake
[1.401s] -- Up-to-date: /home/lfvmu/kobuki/install/share/ament_cmake_cpplint/cmake/ament_cpplint.cmake
[1.401s] -- Up-to-date: /home/lfvmu/kobuki/install/share/ament_cmake_cpplint/cmake/ament_cmake_cpplint_lint_hook.cmake
[1.410s] Invoked command in '/home/lfvmu/kobuki/build/ament_cmake_cpplint' returned '0': /usr/bin/cmake --install /home/lfvmu/kobuki/build/ament_cmake_cpplint
