[0.276s] Invoking command in '/home/lfvmu/kobuki/build/ecl_geometry': AMENT_PREFIX_PATH=/home/lfvmu/kobuki/install CMAKE_PREFIX_PATH=/home/lfvmu/kobuki/install LD_LIBRARY_PATH=/home/lfvmu/kobuki/install/lib PATH=/home/lfvmu/kobuki/install/bin:${PATH} PKG_CONFIG_PATH=/home/lfvmu/kobuki/install/lib/x86_64-linux-gnu/pkgconfig:/home/lfvmu/kobuki/install/lib/pkgconfig PYTHONPATH=/home/lfvmu/kobuki/install/lib/python3.8/site-packages /usr/bin/cmake /home/lfvmu/kobuki/src/ecl_core/ecl_geometry -DBUILD_TESTING=OFF -DCMAKE_INSTALL_PREFIX=/home/lfvmu/kobuki/install
[0.429s] -- The C compiler identification is GNU 9.4.0
[0.624s] -- The CXX compiler identification is GNU 9.4.0
[0.639s] -- Check for working C compiler: /usr/bin/cc
[0.834s] -- Check for working C compiler: /usr/bin/cc -- works
[0.836s] -- Detecting C compiler ABI info
[1.039s] -- Detecting C compiler ABI info - done
[1.098s] -- Detecting C compile features
[1.099s] -- Detecting C compile features - done
[1.109s] -- Check for working CXX compiler: /usr/bin/c++
[1.356s] -- Check for working CXX compiler: /usr/bin/c++ -- works
[1.360s] -- Detecting CXX compiler ABI info
[1.625s] -- Detecting CXX compiler ABI info - done
[1.694s] -- Detecting CXX compile features
[1.697s] -- Detecting CXX compile features - done
[1.700s] -- Found ament_cmake_ros: 0.9.2 (/home/lfvmu/kobuki/install/share/ament_cmake_ros/cmake)
[1.753s] -- Found PythonInterp: /usr/bin/python3 (found suitable version "3.8.10", minimum required is "3") 
[1.754s] -- Using PYTHON_EXECUTABLE: /usr/bin/python3
[2.112s] -- Found ecl_build: 1.0.3 (/home/lfvmu/kobuki/install/share/ecl_build/cmake)
[2.135s] -- Found ecl_config: 1.1.0 (/home/lfvmu/kobuki/install/share/ecl_config/cmake)
[2.143s] -- Found ecl_containers: 1.2.1 (/home/lfvmu/kobuki/install/share/ecl_containers/cmake)
[2.269s] -- Found ecl_linear_algebra: 1.2.1 (/home/lfvmu/kobuki/install/share/ecl_linear_algebra/cmake)
[2.487s] -- Configuring done
[2.517s] -- Generating done
[2.523s] -- Build files have been written to: /home/lfvmu/kobuki/build/ecl_geometry
[2.532s] Invoked command in '/home/lfvmu/kobuki/build/ecl_geometry' returned '0': AMENT_PREFIX_PATH=/home/lfvmu/kobuki/install CMAKE_PREFIX_PATH=/home/lfvmu/kobuki/install LD_LIBRARY_PATH=/home/lfvmu/kobuki/install/lib PATH=/home/lfvmu/kobuki/install/bin:${PATH} PKG_CONFIG_PATH=/home/lfvmu/kobuki/install/lib/x86_64-linux-gnu/pkgconfig:/home/lfvmu/kobuki/install/lib/pkgconfig PYTHONPATH=/home/lfvmu/kobuki/install/lib/python3.8/site-packages /usr/bin/cmake /home/lfvmu/kobuki/src/ecl_core/ecl_geometry -DBUILD_TESTING=OFF -DCMAKE_INSTALL_PREFIX=/home/lfvmu/kobuki/install
[2.538s] Invoking command in '/home/lfvmu/kobuki/build/ecl_geometry': AMENT_PREFIX_PATH=/home/lfvmu/kobuki/install CMAKE_PREFIX_PATH=/home/lfvmu/kobuki/install LD_LIBRARY_PATH=/home/lfvmu/kobuki/install/lib PATH=/home/lfvmu/kobuki/install/bin:${PATH} PKG_CONFIG_PATH=/home/lfvmu/kobuki/install/lib/x86_64-linux-gnu/pkgconfig:/home/lfvmu/kobuki/install/lib/pkgconfig PYTHONPATH=/home/lfvmu/kobuki/install/lib/python3.8/site-packages /usr/bin/cmake --build /home/lfvmu/kobuki/build/ecl_geometry -- -j4 -l4
[2.632s] [35m[1mScanning dependencies of target ecl_geometry[0m
[2.994s] [  7%] [32mBuilding CXX object src/lib/CMakeFiles/ecl_geometry.dir/angle.cpp.o[0m
[3.002s] [ 14%] [32mBuilding CXX object src/lib/CMakeFiles/ecl_geometry.dir/cubic_spline.cpp.o[0m
[4.043s] [ 21%] [32mBuilding CXX object src/lib/CMakeFiles/ecl_geometry.dir/linear_segment.cpp.o[0m
[4.226s] [ 28%] [32mBuilding CXX object src/lib/CMakeFiles/ecl_geometry.dir/cubic_spline_blueprints.cpp.o[0m
[5.291s] [ 35%] [32mBuilding CXX object src/lib/CMakeFiles/ecl_geometry.dir/odometry_helper.cpp.o[0m
[15.604s] [ 42%] [32mBuilding CXX object src/lib/CMakeFiles/ecl_geometry.dir/polynomial_blueprints.cpp.o[0m
[15.642s] [ 50%] [32mBuilding CXX object src/lib/CMakeFiles/ecl_geometry.dir/polynomial.cpp.o[0m
[17.668s] [ 57%] [32mBuilding CXX object src/lib/CMakeFiles/ecl_geometry.dir/pose2d.cpp.o[0m
[19.722s] [ 64%] [32mBuilding CXX object src/lib/CMakeFiles/ecl_geometry.dir/pascals_triangle.cpp.o[0m
[23.459s] [ 71%] [32mBuilding CXX object src/lib/CMakeFiles/ecl_geometry.dir/tension_spline.cpp.o[0m
[24.692s] [ 78%] [32mBuilding CXX object src/lib/CMakeFiles/ecl_geometry.dir/tension_spline_blueprints.cpp.o[0m
[26.190s] [ 85%] [32mBuilding CXX object src/lib/CMakeFiles/ecl_geometry.dir/tension_function.cpp.o[0m
[27.532s] [ 92%] [32mBuilding CXX object src/lib/CMakeFiles/ecl_geometry.dir/smooth_linear_spline.cpp.o[0m
[33.116s] [100%] [32m[1mLinking CXX shared library libecl_geometry.so[0m
[33.562s] [100%] Built target ecl_geometry
[33.596s] Invoked command in '/home/lfvmu/kobuki/build/ecl_geometry' returned '0': AMENT_PREFIX_PATH=/home/lfvmu/kobuki/install CMAKE_PREFIX_PATH=/home/lfvmu/kobuki/install LD_LIBRARY_PATH=/home/lfvmu/kobuki/install/lib PATH=/home/lfvmu/kobuki/install/bin:${PATH} PKG_CONFIG_PATH=/home/lfvmu/kobuki/install/lib/x86_64-linux-gnu/pkgconfig:/home/lfvmu/kobuki/install/lib/pkgconfig PYTHONPATH=/home/lfvmu/kobuki/install/lib/python3.8/site-packages /usr/bin/cmake --build /home/lfvmu/kobuki/build/ecl_geometry -- -j4 -l4
[33.646s] Invoking command in '/home/lfvmu/kobuki/build/ecl_geometry': AMENT_PREFIX_PATH=/home/lfvmu/kobuki/install CMAKE_PREFIX_PATH=/home/lfvmu/kobuki/install LD_LIBRARY_PATH=/home/lfvmu/kobuki/install/lib PATH=/home/lfvmu/kobuki/install/bin:${PATH} PKG_CONFIG_PATH=/home/lfvmu/kobuki/install/lib/x86_64-linux-gnu/pkgconfig:/home/lfvmu/kobuki/install/lib/pkgconfig PYTHONPATH=/home/lfvmu/kobuki/install/lib/python3.8/site-packages /usr/bin/cmake --install /home/lfvmu/kobuki/build/ecl_geometry
[33.663s] -- Install configuration: ""
[33.663s] -- Installing: /home/lfvmu/kobuki/install/share/ecl_geometry/environment/library_path.sh
[33.664s] -- Installing: /home/lfvmu/kobuki/install/share/ecl_geometry/environment/library_path.dsv
[33.664s] -- Installing: /home/lfvmu/kobuki/install/share/ament_index/resource_index/package_run_dependencies/ecl_geometry
[33.664s] -- Installing: /home/lfvmu/kobuki/install/share/ament_index/resource_index/parent_prefix_path/ecl_geometry
[33.665s] -- Installing: /home/lfvmu/kobuki/install/share/ecl_geometry/environment/ament_prefix_path.sh
[33.665s] -- Installing: /home/lfvmu/kobuki/install/share/ecl_geometry/environment/ament_prefix_path.dsv
[33.665s] -- Installing: /home/lfvmu/kobuki/install/share/ecl_geometry/environment/path.sh
[33.666s] -- Installing: /home/lfvmu/kobuki/install/share/ecl_geometry/environment/path.dsv
[33.666s] -- Installing: /home/lfvmu/kobuki/install/share/ecl_geometry/local_setup.bash
[33.666s] -- Installing: /home/lfvmu/kobuki/install/share/ecl_geometry/local_setup.sh
[33.667s] -- Installing: /home/lfvmu/kobuki/install/share/ecl_geometry/local_setup.zsh
[33.667s] -- Installing: /home/lfvmu/kobuki/install/share/ecl_geometry/local_setup.dsv
[33.667s] -- Installing: /home/lfvmu/kobuki/install/share/ecl_geometry/package.dsv
[33.668s] -- Installing: /home/lfvmu/kobuki/install/share/ament_index/resource_index/packages/ecl_geometry
[33.669s] -- Installing: /home/lfvmu/kobuki/install/share/ecl_geometry/cmake/ecl_geometryExport.cmake
[33.669s] -- Installing: /home/lfvmu/kobuki/install/share/ecl_geometry/cmake/ecl_geometryExport-noconfig.cmake
[33.669s] -- Installing: /home/lfvmu/kobuki/install/share/ecl_geometry/cmake/ament_cmake_export_targets-extras.cmake
[33.670s] -- Installing: /home/lfvmu/kobuki/install/share/ecl_geometry/cmake/ament_cmake_export_include_directories-extras.cmake
[33.670s] -- Installing: /home/lfvmu/kobuki/install/share/ecl_geometry/cmake/ament_cmake_export_libraries-extras.cmake
[33.670s] -- Installing: /home/lfvmu/kobuki/install/share/ecl_geometry/cmake/ament_cmake_export_dependencies-extras.cmake
[33.671s] -- Installing: /home/lfvmu/kobuki/install/share/ecl_geometry/cmake/ecl_geometryConfig.cmake
[33.671s] -- Installing: /home/lfvmu/kobuki/install/share/ecl_geometry/cmake/ecl_geometryConfig-version.cmake
[33.671s] -- Installing: /home/lfvmu/kobuki/install/share/ecl_geometry/package.xml
[33.672s] -- Installing: /home/lfvmu/kobuki/install/include/ecl/geometry.hpp
[33.673s] -- Installing: /home/lfvmu/kobuki/install/include/ecl/geometry/angle.hpp
[33.673s] -- Installing: /home/lfvmu/kobuki/install/include/ecl/geometry/cartesian_point.hpp
[33.674s] -- Installing: /home/lfvmu/kobuki/install/include/ecl/geometry/cubic_spline.hpp
[33.674s] -- Installing: /home/lfvmu/kobuki/install/include/ecl/geometry/function_math.hpp
[33.674s] -- Installing: /home/lfvmu/kobuki/install/include/ecl/geometry/homogeneous_point.hpp
[33.674s] -- Installing: /home/lfvmu/kobuki/install/include/ecl/geometry/legacy_pose2d.hpp
[33.675s] -- Installing: /home/lfvmu/kobuki/install/include/ecl/geometry/legacy_pose3d.hpp
[33.675s] -- Installing: /home/lfvmu/kobuki/install/include/ecl/geometry/linear_segment.hpp
[33.675s] -- Installing: /home/lfvmu/kobuki/install/include/ecl/geometry/macros.hpp
[33.676s] -- Installing: /home/lfvmu/kobuki/install/include/ecl/geometry/odometry.hpp
[33.676s] -- Installing: /home/lfvmu/kobuki/install/include/ecl/geometry/odometry_helper.hpp
[33.676s] -- Installing: /home/lfvmu/kobuki/install/include/ecl/geometry/odometry_typedefs.hpp
[33.676s] -- Installing: /home/lfvmu/kobuki/install/include/ecl/geometry/pascals_triangle.hpp
[33.677s] -- Installing: /home/lfvmu/kobuki/install/include/ecl/geometry/polynomial.hpp
[33.677s] -- Installing: /home/lfvmu/kobuki/install/include/ecl/geometry/pose2d.hpp
[33.677s] -- Installing: /home/lfvmu/kobuki/install/include/ecl/geometry/smooth_linear_spline.hpp
[33.677s] -- Installing: /home/lfvmu/kobuki/install/include/ecl/geometry/spline_function.hpp
[33.678s] -- Installing: /home/lfvmu/kobuki/install/include/ecl/geometry/tension_function.hpp
[33.678s] -- Installing: /home/lfvmu/kobuki/install/include/ecl/geometry/tension_spline.hpp
[33.679s] -- Installing: /home/lfvmu/kobuki/install/lib/libecl_geometry.so.1.2.1
[33.682s] -- Set runtime path of "/home/lfvmu/kobuki/install/lib/libecl_geometry.so.1.2.1" to ""
[33.683s] -- Installing: /home/lfvmu/kobuki/install/lib/libecl_geometry.so
[33.692s] Invoked command in '/home/lfvmu/kobuki/build/ecl_geometry' returned '0': AMENT_PREFIX_PATH=/home/lfvmu/kobuki/install CMAKE_PREFIX_PATH=/home/lfvmu/kobuki/install LD_LIBRARY_PATH=/home/lfvmu/kobuki/install/lib PATH=/home/lfvmu/kobuki/install/bin:${PATH} PKG_CONFIG_PATH=/home/lfvmu/kobuki/install/lib/x86_64-linux-gnu/pkgconfig:/home/lfvmu/kobuki/install/lib/pkgconfig PYTHONPATH=/home/lfvmu/kobuki/install/lib/python3.8/site-packages /usr/bin/cmake --install /home/lfvmu/kobuki/build/ecl_geometry
