[0.284s] Invoking command in '/home/lfvmu/kobuki/build/ecl_streams': /usr/bin/cmake /home/lfvmu/kobuki/src/ecl_core/ecl_streams -DBUILD_TESTING=OFF -DCMAKE_BUILD_TYPE=RelWithDebInfo -DCMAKE_INSTALL_PREFIX=/home/lfvmu/kobuki/install
[0.319s] -- Found ament_cmake_ros: 0.9.2 (/home/lfvmu/kobuki/install/share/ament_cmake_ros/cmake)
[0.362s] -- Using PYTHON_EXECUTABLE: /usr/bin/python3
[0.766s] -- Found ecl_build: 1.0.3 (/home/lfvmu/kobuki/install/share/ecl_build/cmake)
[0.790s] -- Found ecl_concepts: 1.2.1 (/home/lfvmu/kobuki/install/share/ecl_concepts/cmake)
[0.824s] -- Found ecl_converters: 1.2.1 (/home/lfvmu/kobuki/install/share/ecl_converters/cmake)
[0.865s] -- Found ecl_devices: 1.2.1 (/home/lfvmu/kobuki/install/share/ecl_devices/cmake)
[1.178s] -- Configuring done
[1.240s] -- Generating done
[1.253s] -- Build files have been written to: /home/lfvmu/kobuki/build/ecl_streams
[1.451s] Invoked command in '/home/lfvmu/kobuki/build/ecl_streams' returned '0': /usr/bin/cmake /home/lfvmu/kobuki/src/ecl_core/ecl_streams -DBUILD_TESTING=OFF -DCMAKE_BUILD_TYPE=RelWithDebInfo -DCMAKE_INSTALL_PREFIX=/home/lfvmu/kobuki/install
[1.458s] Invoking command in '/home/lfvmu/kobuki/build/ecl_streams': /usr/bin/cmake --build /home/lfvmu/kobuki/build/ecl_streams -- -j4 -l4
[1.647s] [ 42%] Built target ecl_streams
[1.701s] [ 71%] Built target ecl_time_example_console_streams
[1.720s] [100%] Built target ecl_time_example_log_streams
[1.768s] Invoked command in '/home/lfvmu/kobuki/build/ecl_streams' returned '0': /usr/bin/cmake --build /home/lfvmu/kobuki/build/ecl_streams -- -j4 -l4
[1.989s] Invoking command in '/home/lfvmu/kobuki/build/ecl_streams': /usr/bin/cmake --install /home/lfvmu/kobuki/build/ecl_streams
[2.019s] -- Install configuration: "RelWithDebInfo"
[2.020s] -- Up-to-date: /home/lfvmu/kobuki/install/share/ecl_streams/environment/library_path.sh
[2.020s] -- Installing: /home/lfvmu/kobuki/install/share/ecl_streams/environment/library_path.dsv
[2.021s] -- Up-to-date: /home/lfvmu/kobuki/install/share/ament_index/resource_index/package_run_dependencies/ecl_streams
[2.022s] -- Up-to-date: /home/lfvmu/kobuki/install/share/ament_index/resource_index/parent_prefix_path/ecl_streams
[2.022s] -- Up-to-date: /home/lfvmu/kobuki/install/share/ecl_streams/environment/ament_prefix_path.sh
[2.023s] -- Installing: /home/lfvmu/kobuki/install/share/ecl_streams/environment/ament_prefix_path.dsv
[2.024s] -- Up-to-date: /home/lfvmu/kobuki/install/share/ecl_streams/environment/path.sh
[2.024s] -- Installing: /home/lfvmu/kobuki/install/share/ecl_streams/environment/path.dsv
[2.025s] -- Up-to-date: /home/lfvmu/kobuki/install/share/ecl_streams/local_setup.bash
[2.025s] -- Up-to-date: /home/lfvmu/kobuki/install/share/ecl_streams/local_setup.sh
[2.026s] -- Up-to-date: /home/lfvmu/kobuki/install/share/ecl_streams/local_setup.zsh
[2.026s] -- Installing: /home/lfvmu/kobuki/install/share/ecl_streams/local_setup.dsv
[2.027s] -- Installing: /home/lfvmu/kobuki/install/share/ecl_streams/package.dsv
[2.028s] -- Up-to-date: /home/lfvmu/kobuki/install/share/ament_index/resource_index/packages/ecl_streams
[2.028s] -- Up-to-date: /home/lfvmu/kobuki/install/share/ecl_streams/cmake/ecl_streamsExport.cmake
[2.029s] -- Installing: /home/lfvmu/kobuki/install/share/ecl_streams/cmake/ecl_streamsExport-relwithdebinfo.cmake
[2.030s] -- Up-to-date: /home/lfvmu/kobuki/install/share/ecl_streams/cmake/ament_cmake_export_targets-extras.cmake
[2.030s] -- Up-to-date: /home/lfvmu/kobuki/install/share/ecl_streams/cmake/ament_cmake_export_include_directories-extras.cmake
[2.031s] -- Up-to-date: /home/lfvmu/kobuki/install/share/ecl_streams/cmake/ament_cmake_export_libraries-extras.cmake
[2.032s] -- Up-to-date: /home/lfvmu/kobuki/install/share/ecl_streams/cmake/ament_cmake_export_dependencies-extras.cmake
[2.033s] -- Up-to-date: /home/lfvmu/kobuki/install/share/ecl_streams/cmake/ecl_streamsConfig.cmake
[2.033s] -- Up-to-date: /home/lfvmu/kobuki/install/share/ecl_streams/cmake/ecl_streamsConfig-version.cmake
[2.033s] -- Up-to-date: /home/lfvmu/kobuki/install/share/ecl_streams/package.xml
[2.035s] -- Up-to-date: /home/lfvmu/kobuki/install/include/ecl/streams.hpp
[2.035s] -- Up-to-date: /home/lfvmu/kobuki/install/include/ecl/streams/console_streams.hpp
[2.036s] -- Up-to-date: /home/lfvmu/kobuki/install/include/ecl/streams/file_streams.hpp
[2.036s] -- Up-to-date: /home/lfvmu/kobuki/install/include/ecl/streams/log_stream.hpp
[2.037s] -- Up-to-date: /home/lfvmu/kobuki/install/include/ecl/streams/macros.hpp
[2.037s] -- Up-to-date: /home/lfvmu/kobuki/install/include/ecl/streams/manipulators.hpp
[2.037s] -- Up-to-date: /home/lfvmu/kobuki/install/include/ecl/streams/serial_stream.hpp
[2.037s] -- Up-to-date: /home/lfvmu/kobuki/install/include/ecl/streams/shared_file_stream.hpp
[2.038s] -- Up-to-date: /home/lfvmu/kobuki/install/include/ecl/streams/socket_streams.hpp
[2.038s] -- Up-to-date: /home/lfvmu/kobuki/install/include/ecl/streams/string_stream.hpp
[2.039s] -- Up-to-date: /home/lfvmu/kobuki/install/include/ecl/streams/text_stream.hpp
[2.040s] -- Up-to-date: /home/lfvmu/kobuki/install/include/ecl/streams/manipulators/clear_screen.hpp
[2.040s] -- Up-to-date: /home/lfvmu/kobuki/install/include/ecl/streams/manipulators/end_of_line.hpp
[2.041s] -- Up-to-date: /home/lfvmu/kobuki/install/include/ecl/streams/manipulators/manipulator.hpp
[2.041s] -- Up-to-date: /home/lfvmu/kobuki/install/include/ecl/streams/text_streams/base_text_stream.hpp
[2.042s] -- Up-to-date: /home/lfvmu/kobuki/install/include/ecl/streams/text_streams/input_text_stream.hpp
[2.042s] -- Up-to-date: /home/lfvmu/kobuki/install/include/ecl/streams/text_streams/output_text_stream.hpp
[2.046s] -- Up-to-date: /home/lfvmu/kobuki/install/lib/libecl_streams.so.1.2.1
[2.047s] -- Up-to-date: /home/lfvmu/kobuki/install/lib/libecl_streams.so
[2.047s] -- Up-to-date: /home/lfvmu/kobuki/install/lib/ecl_streams/demo_console_streams
[2.048s] -- Up-to-date: /home/lfvmu/kobuki/install/lib/ecl_streams/demo_log_streams
[2.052s] Invoked command in '/home/lfvmu/kobuki/build/ecl_streams' returned '0': /usr/bin/cmake --install /home/lfvmu/kobuki/build/ecl_streams
