[0.235s] Invoking command in '/home/lfvmu/kobuki/build/ecl_eigen': AMENT_PREFIX_PATH=/home/lfvmu/kobuki/install CMAKE_PREFIX_PATH=/home/lfvmu/kobuki/install PATH=/home/lfvmu/kobuki/install/bin:${PATH} PYTHONPATH=/home/lfvmu/kobuki/install/lib/python3.8/site-packages /usr/bin/cmake /home/lfvmu/kobuki/src/ecl_core/ecl_eigen -DBUILD_TESTING=OFF -DCMAKE_INSTALL_PREFIX=/home/lfvmu/kobuki/install
[0.413s] -- The C compiler identification is GNU 9.4.0
[0.625s] -- The CXX compiler identification is GNU 9.4.0
[0.639s] -- Check for working C compiler: /usr/bin/cc
[0.888s] -- Check for working C compiler: /usr/bin/cc -- works
[0.889s] -- Detecting C compiler ABI info
[1.108s] -- Detecting C compiler ABI info - done
[1.184s] -- Detecting C compile features
[1.184s] -- Detecting C compile features - done
[1.193s] -- Check for working CXX compiler: /usr/bin/c++
[1.443s] -- Check for working CXX compiler: /usr/bin/c++ -- works
[1.445s] -- Detecting CXX compiler ABI info
[1.690s] -- Detecting CXX compiler ABI info - done
[1.745s] -- Detecting CXX compile features
[1.747s] -- Detecting CXX compile features - done
[1.750s] -- Found ament_cmake_ros: 0.9.2 (/home/lfvmu/kobuki/install/share/ament_cmake_ros/cmake)
[1.807s] -- Found PythonInterp: /usr/bin/python3 (found suitable version "3.8.10", minimum required is "3") 
[1.807s] -- Using PYTHON_EXECUTABLE: /usr/bin/python3
[2.395s] -- Configuring done
[2.411s] -- Generating done
[2.412s] -- Build files have been written to: /home/lfvmu/kobuki/build/ecl_eigen
[2.512s] Invoked command in '/home/lfvmu/kobuki/build/ecl_eigen' returned '0': AMENT_PREFIX_PATH=/home/lfvmu/kobuki/install CMAKE_PREFIX_PATH=/home/lfvmu/kobuki/install PATH=/home/lfvmu/kobuki/install/bin:${PATH} PYTHONPATH=/home/lfvmu/kobuki/install/lib/python3.8/site-packages /usr/bin/cmake /home/lfvmu/kobuki/src/ecl_core/ecl_eigen -DBUILD_TESTING=OFF -DCMAKE_INSTALL_PREFIX=/home/lfvmu/kobuki/install
[2.514s] Invoking command in '/home/lfvmu/kobuki/build/ecl_eigen': AMENT_PREFIX_PATH=/home/lfvmu/kobuki/install CMAKE_PREFIX_PATH=/home/lfvmu/kobuki/install PATH=/home/lfvmu/kobuki/install/bin:${PATH} PYTHONPATH=/home/lfvmu/kobuki/install/lib/python3.8/site-packages /usr/bin/cmake --build /home/lfvmu/kobuki/build/ecl_eigen -- -j4 -l4
[2.751s] Invoked command in '/home/lfvmu/kobuki/build/ecl_eigen' returned '0': AMENT_PREFIX_PATH=/home/lfvmu/kobuki/install CMAKE_PREFIX_PATH=/home/lfvmu/kobuki/install PATH=/home/lfvmu/kobuki/install/bin:${PATH} PYTHONPATH=/home/lfvmu/kobuki/install/lib/python3.8/site-packages /usr/bin/cmake --build /home/lfvmu/kobuki/build/ecl_eigen -- -j4 -l4
[2.825s] Invoking command in '/home/lfvmu/kobuki/build/ecl_eigen': AMENT_PREFIX_PATH=/home/lfvmu/kobuki/install CMAKE_PREFIX_PATH=/home/lfvmu/kobuki/install PATH=/home/lfvmu/kobuki/install/bin:${PATH} PYTHONPATH=/home/lfvmu/kobuki/install/lib/python3.8/site-packages /usr/bin/cmake --install /home/lfvmu/kobuki/build/ecl_eigen
[2.852s] -- Install configuration: ""
[2.852s] -- Installing: /home/lfvmu/kobuki/install/include/ecl/eigen.hpp
[2.853s] -- Installing: /home/lfvmu/kobuki/install/share/ament_index/resource_index/package_run_dependencies/ecl_eigen
[2.853s] -- Installing: /home/lfvmu/kobuki/install/share/ament_index/resource_index/parent_prefix_path/ecl_eigen
[2.853s] -- Installing: /home/lfvmu/kobuki/install/share/ecl_eigen/environment/ament_prefix_path.sh
[2.853s] -- Installing: /home/lfvmu/kobuki/install/share/ecl_eigen/environment/ament_prefix_path.dsv
[2.854s] -- Installing: /home/lfvmu/kobuki/install/share/ecl_eigen/environment/path.sh
[2.854s] -- Installing: /home/lfvmu/kobuki/install/share/ecl_eigen/environment/path.dsv
[2.854s] -- Installing: /home/lfvmu/kobuki/install/share/ecl_eigen/local_setup.bash
[2.854s] -- Installing: /home/lfvmu/kobuki/install/share/ecl_eigen/local_setup.sh
[2.855s] -- Installing: /home/lfvmu/kobuki/install/share/ecl_eigen/local_setup.zsh
[2.855s] -- Installing: /home/lfvmu/kobuki/install/share/ecl_eigen/local_setup.dsv
[2.855s] -- Installing: /home/lfvmu/kobuki/install/share/ecl_eigen/package.dsv
[2.855s] -- Installing: /home/lfvmu/kobuki/install/share/ament_index/resource_index/packages/ecl_eigen
[2.855s] -- Installing: /home/lfvmu/kobuki/install/share/ecl_eigen/cmake/ecl_eigenExport.cmake
[2.856s] -- Installing: /home/lfvmu/kobuki/install/share/ecl_eigen/cmake/ament_cmake_export_targets-extras.cmake
[2.856s] -- Installing: /home/lfvmu/kobuki/install/share/ecl_eigen/cmake/ament_cmake_export_include_directories-extras.cmake
[2.856s] -- Installing: /home/lfvmu/kobuki/install/share/ecl_eigen/cmake/ament_cmake_export_dependencies-extras.cmake
[2.856s] -- Installing: /home/lfvmu/kobuki/install/share/ecl_eigen/cmake/ecl_eigenConfig.cmake
[2.856s] -- Installing: /home/lfvmu/kobuki/install/share/ecl_eigen/cmake/ecl_eigenConfig-version.cmake
[2.857s] -- Installing: /home/lfvmu/kobuki/install/share/ecl_eigen/package.xml
[2.857s] -- Installing: /home/lfvmu/kobuki/install/share/licenses/eigen/COPYING.LESSER
[2.864s] Invoked command in '/home/lfvmu/kobuki/build/ecl_eigen' returned '0': AMENT_PREFIX_PATH=/home/lfvmu/kobuki/install CMAKE_PREFIX_PATH=/home/lfvmu/kobuki/install PATH=/home/lfvmu/kobuki/install/bin:${PATH} PYTHONPATH=/home/lfvmu/kobuki/install/lib/python3.8/site-packages /usr/bin/cmake --install /home/lfvmu/kobuki/build/ecl_eigen
