[0.439s] Invoking command in '/home/lfvmu/kobuki/build/ecl_core_apps': /usr/bin/cmake /home/lfvmu/kobuki/src/ecl_core/ecl_core_apps -DBUILD_TESTING=OFF --no-warn-unused-cli -DCMAKE_INSTALL_PREFIX=/home/lfvmu/kobuki/install
[0.472s] Not searching for unused variables given on the command line.
[0.494s] -- Found ament_cmake_ros: 0.9.2 (/home/lfvmu/kobuki/install/share/ament_cmake_ros/cmake)
[0.538s] -- Using PYTHON_EXECUTABLE: /usr/bin/python3
[0.913s] -- Found ecl_build: 1.0.3 (/home/lfvmu/kobuki/install/share/ecl_build/cmake)
[0.936s] -- Found ecl_config: 1.1.0 (/home/lfvmu/kobuki/install/share/ecl_config/cmake)
[0.942s] -- Found ecl_linear_algebra: 1.2.1 (/home/lfvmu/kobuki/install/share/ecl_linear_algebra/cmake)
[1.080s] -- Found ecl_command_line: 1.2.1 (/home/lfvmu/kobuki/install/share/ecl_command_line/cmake)
[1.080s] -- Found ecl_containers: 1.2.1 (/home/lfvmu/kobuki/install/share/ecl_containers/cmake)
[1.111s] -- Found ecl_devices: 1.2.1 (/home/lfvmu/kobuki/install/share/ecl_devices/cmake)
[1.185s] -- Found ecl_geometry: 1.2.1 (/home/lfvmu/kobuki/install/share/ecl_geometry/cmake)
[1.227s] -- Found ecl_ipc: 1.2.1 (/home/lfvmu/kobuki/install/share/ecl_ipc/cmake)
[1.235s] -- Found ecl_sigslots: 1.2.1 (/home/lfvmu/kobuki/install/share/ecl_sigslots/cmake)
[1.255s] -- Found ecl_streams: 1.2.1 (/home/lfvmu/kobuki/install/share/ecl_streams/cmake)
[1.477s] -- Configuring done
[1.613s] -- Generating done
[1.626s] -- Build files have been written to: /home/lfvmu/kobuki/build/ecl_core_apps
[1.635s] Invoked command in '/home/lfvmu/kobuki/build/ecl_core_apps' returned '0': /usr/bin/cmake /home/lfvmu/kobuki/src/ecl_core/ecl_core_apps -DBUILD_TESTING=OFF --no-warn-unused-cli -DCMAKE_INSTALL_PREFIX=/home/lfvmu/kobuki/install
[1.643s] Invoking command in '/home/lfvmu/kobuki/build/ecl_core_apps': /usr/bin/cmake --build /home/lfvmu/kobuki/build/ecl_core_apps -- -j4 -l4
[1.770s] [  5%] Built target ecl_bench_string_conversions
[1.771s] [ 11%] Built target ecl_bench_snooze
[1.776s] [ 17%] Built target ecl_bench_exceptions
[1.796s] [ 23%] Built target ecl_bench_files
[1.859s] [ 29%] Built target ecl_bench_streams
[1.936s] [ 35%] Built target ecl_bench_eigen3_transforms
[1.948s] [ 41%] Built target ecl_bench_eigen3_inverse
[1.948s] [ 47%] Built target ecl_bench_eigen3_decompositions
[1.962s] [ 52%] Built target ecl_bench_containers
[2.004s] [ 58%] Built target ecl_hex
[2.030s] [ 64%] Built target ecl_bench_flops
[2.054s] [ 70%] Built target ecl_socket_server
[2.069s] [ 76%] Built target ecl_serial
[2.082s] [ 82%] Built target ecl_process_statistics
[2.146s] [ 88%] Built target ecl_quaternion2yaw
[2.154s] [ 94%] Built target ecl_socket_client
[2.189s] [100%] Built target ecl_yaw2quaternion
[2.222s] Invoked command in '/home/lfvmu/kobuki/build/ecl_core_apps' returned '0': /usr/bin/cmake --build /home/lfvmu/kobuki/build/ecl_core_apps -- -j4 -l4
[2.293s] Invoking command in '/home/lfvmu/kobuki/build/ecl_core_apps': /usr/bin/cmake --install /home/lfvmu/kobuki/build/ecl_core_apps
[2.318s] -- Install configuration: "RelWithDebInfo"
[2.320s] -- Up-to-date: /home/lfvmu/kobuki/install/share/ament_index/resource_index/package_run_dependencies/ecl_core_apps
[2.320s] -- Up-to-date: /home/lfvmu/kobuki/install/share/ament_index/resource_index/parent_prefix_path/ecl_core_apps
[2.321s] -- Up-to-date: /home/lfvmu/kobuki/install/share/ecl_core_apps/environment/ament_prefix_path.sh
[2.321s] -- Installing: /home/lfvmu/kobuki/install/share/ecl_core_apps/environment/ament_prefix_path.dsv
[2.322s] -- Up-to-date: /home/lfvmu/kobuki/install/share/ecl_core_apps/environment/path.sh
[2.322s] -- Installing: /home/lfvmu/kobuki/install/share/ecl_core_apps/environment/path.dsv
[2.322s] -- Up-to-date: /home/lfvmu/kobuki/install/share/ecl_core_apps/local_setup.bash
[2.323s] -- Up-to-date: /home/lfvmu/kobuki/install/share/ecl_core_apps/local_setup.sh
[2.323s] -- Up-to-date: /home/lfvmu/kobuki/install/share/ecl_core_apps/local_setup.zsh
[2.323s] -- Installing: /home/lfvmu/kobuki/install/share/ecl_core_apps/local_setup.dsv
[2.324s] -- Installing: /home/lfvmu/kobuki/install/share/ecl_core_apps/package.dsv
[2.324s] -- Up-to-date: /home/lfvmu/kobuki/install/share/ament_index/resource_index/packages/ecl_core_apps
[2.325s] -- Up-to-date: /home/lfvmu/kobuki/install/share/ecl_core_apps/cmake/ecl_core_appsConfig.cmake
[2.325s] -- Up-to-date: /home/lfvmu/kobuki/install/share/ecl_core_apps/cmake/ecl_core_appsConfig-version.cmake
[2.325s] -- Up-to-date: /home/lfvmu/kobuki/install/share/ecl_core_apps/package.xml
[2.328s] -- Up-to-date: /home/lfvmu/kobuki/install/bin/ecl_bench_containers
[2.329s] -- Up-to-date: /home/lfvmu/kobuki/install/bin/ecl_bench_files
[2.330s] -- Up-to-date: /home/lfvmu/kobuki/install/bin/ecl_bench_flops
[2.334s] -- Up-to-date: /home/lfvmu/kobuki/install/bin/ecl_bench_exceptions
[2.335s] -- Up-to-date: /home/lfvmu/kobuki/install/bin/ecl_bench_snooze
[2.335s] -- Up-to-date: /home/lfvmu/kobuki/install/bin/ecl_bench_streams
[2.336s] -- Up-to-date: /home/lfvmu/kobuki/install/bin/ecl_bench_string_conversions
[2.337s] -- Up-to-date: /home/lfvmu/kobuki/install/bin/ecl_bench_eigen3_inverse
[2.338s] -- Up-to-date: /home/lfvmu/kobuki/install/bin/ecl_bench_eigen3_decompositions
[2.339s] -- Up-to-date: /home/lfvmu/kobuki/install/bin/ecl_bench_eigen3_transforms
[2.342s] -- Up-to-date: /home/lfvmu/kobuki/install/lib/ecl_core_apps/ecl_hex
[2.344s] -- Up-to-date: /home/lfvmu/kobuki/install/lib/ecl_core_apps/ecl_serial
[2.345s] -- Up-to-date: /home/lfvmu/kobuki/install/lib/ecl_core_apps/ecl_socket_client
[2.346s] -- Up-to-date: /home/lfvmu/kobuki/install/lib/ecl_core_apps/ecl_socket_server
[2.347s] -- Up-to-date: /home/lfvmu/kobuki/install/bin/ecl_process_statistics
[2.349s] -- Up-to-date: /home/lfvmu/kobuki/install/bin/ecl_quaternion2yaw
[2.350s] -- Up-to-date: /home/lfvmu/kobuki/install/bin/ecl_yaw2quaternion
[2.360s] Invoked command in '/home/lfvmu/kobuki/build/ecl_core_apps' returned '0': /usr/bin/cmake --install /home/lfvmu/kobuki/build/ecl_core_apps
