[0.601s] Invoking command in '/home/lfvmu/kobuki/build/ecl_mobile_robot': /usr/bin/cmake /home/lfvmu/kobuki/src/ecl_core/ecl_mobile_robot -DBUILD_TESTING=OFF --no-warn-unused-cli -DCMAKE_INSTALL_PREFIX=/home/lfvmu/kobuki/install
[0.628s] Not searching for unused variables given on the command line.
[0.645s] -- Found ament_cmake_ros: 0.9.2 (/home/lfvmu/kobuki/install/share/ament_cmake_ros/cmake)
[0.688s] -- Using PYTHON_EXECUTABLE: /usr/bin/python3
[1.077s] -- Found ecl_build: 1.0.3 (/home/lfvmu/kobuki/install/share/ecl_build/cmake)
[1.087s] -- Found ecl_errors: 1.1.0 (/home/lfvmu/kobuki/install/share/ecl_errors/cmake)
[1.113s] -- Found ecl_formatters: 1.2.1 (/home/lfvmu/kobuki/install/share/ecl_formatters/cmake)
[1.187s] -- Found ecl_geometry: 1.2.1 (/home/lfvmu/kobuki/install/share/ecl_geometry/cmake)
[1.463s] -- Configuring done
[1.465s] -- Generating done
[1.476s] -- Build files have been written to: /home/lfvmu/kobuki/build/ecl_mobile_robot
[1.484s] Invoked command in '/home/lfvmu/kobuki/build/ecl_mobile_robot' returned '0': /usr/bin/cmake /home/lfvmu/kobuki/src/ecl_core/ecl_mobile_robot -DBUILD_TESTING=OFF --no-warn-unused-cli -DCMAKE_INSTALL_PREFIX=/home/lfvmu/kobuki/install
[1.489s] Invoking command in '/home/lfvmu/kobuki/build/ecl_mobile_robot': /usr/bin/cmake --build /home/lfvmu/kobuki/build/ecl_mobile_robot -- -j4 -l4
[1.659s] [100%] Built target ecl_mobile_robot
[1.692s] Invoked command in '/home/lfvmu/kobuki/build/ecl_mobile_robot' returned '0': /usr/bin/cmake --build /home/lfvmu/kobuki/build/ecl_mobile_robot -- -j4 -l4
[1.777s] Invoking command in '/home/lfvmu/kobuki/build/ecl_mobile_robot': /usr/bin/cmake --install /home/lfvmu/kobuki/build/ecl_mobile_robot
[1.805s] -- Install configuration: "RelWithDebInfo"
[1.805s] -- Up-to-date: /home/lfvmu/kobuki/install/share/ecl_mobile_robot/environment/library_path.sh
[1.805s] -- Installing: /home/lfvmu/kobuki/install/share/ecl_mobile_robot/environment/library_path.dsv
[1.806s] -- Up-to-date: /home/lfvmu/kobuki/install/share/ament_index/resource_index/package_run_dependencies/ecl_mobile_robot
[1.806s] -- Up-to-date: /home/lfvmu/kobuki/install/share/ament_index/resource_index/parent_prefix_path/ecl_mobile_robot
[1.806s] -- Up-to-date: /home/lfvmu/kobuki/install/share/ecl_mobile_robot/environment/ament_prefix_path.sh
[1.807s] -- Installing: /home/lfvmu/kobuki/install/share/ecl_mobile_robot/environment/ament_prefix_path.dsv
[1.807s] -- Up-to-date: /home/lfvmu/kobuki/install/share/ecl_mobile_robot/environment/path.sh
[1.807s] -- Installing: /home/lfvmu/kobuki/install/share/ecl_mobile_robot/environment/path.dsv
[1.808s] -- Up-to-date: /home/lfvmu/kobuki/install/share/ecl_mobile_robot/local_setup.bash
[1.808s] -- Up-to-date: /home/lfvmu/kobuki/install/share/ecl_mobile_robot/local_setup.sh
[1.808s] -- Up-to-date: /home/lfvmu/kobuki/install/share/ecl_mobile_robot/local_setup.zsh
[1.808s] -- Installing: /home/lfvmu/kobuki/install/share/ecl_mobile_robot/local_setup.dsv
[1.808s] -- Installing: /home/lfvmu/kobuki/install/share/ecl_mobile_robot/package.dsv
[1.809s] -- Up-to-date: /home/lfvmu/kobuki/install/share/ament_index/resource_index/packages/ecl_mobile_robot
[1.809s] -- Up-to-date: /home/lfvmu/kobuki/install/share/ecl_mobile_robot/cmake/ecl_mobile_robotExport.cmake
[1.810s] -- Installing: /home/lfvmu/kobuki/install/share/ecl_mobile_robot/cmake/ecl_mobile_robotExport-relwithdebinfo.cmake
[1.810s] -- Up-to-date: /home/lfvmu/kobuki/install/share/ecl_mobile_robot/cmake/ament_cmake_export_targets-extras.cmake
[1.811s] -- Up-to-date: /home/lfvmu/kobuki/install/share/ecl_mobile_robot/cmake/ament_cmake_export_include_directories-extras.cmake
[1.811s] -- Up-to-date: /home/lfvmu/kobuki/install/share/ecl_mobile_robot/cmake/ament_cmake_export_libraries-extras.cmake
[1.811s] -- Up-to-date: /home/lfvmu/kobuki/install/share/ecl_mobile_robot/cmake/ament_cmake_export_dependencies-extras.cmake
[1.811s] -- Up-to-date: /home/lfvmu/kobuki/install/share/ecl_mobile_robot/cmake/ecl_mobile_robotConfig.cmake
[1.811s] -- Up-to-date: /home/lfvmu/kobuki/install/share/ecl_mobile_robot/cmake/ecl_mobile_robotConfig-version.cmake
[1.815s] -- Up-to-date: /home/lfvmu/kobuki/install/share/ecl_mobile_robot/package.xml
[1.816s] -- Up-to-date: /home/lfvmu/kobuki/install/include/ecl/mobile_robot.hpp
[1.816s] -- Up-to-date: /home/lfvmu/kobuki/install/include/ecl/mobile_robot/differential_drive.hpp
[1.816s] -- Up-to-date: /home/lfvmu/kobuki/install/include/ecl/mobile_robot/macros.hpp
[1.816s] -- Up-to-date: /home/lfvmu/kobuki/install/include/ecl/mobile_robot/kinematics/differential_drive.hpp
[1.816s] -- Up-to-date: /home/lfvmu/kobuki/install/lib/libecl_mobile_robot.so.1.2.1
[1.816s] -- Up-to-date: /home/lfvmu/kobuki/install/lib/libecl_mobile_robot.so
[1.840s] Invoked command in '/home/lfvmu/kobuki/build/ecl_mobile_robot' returned '0': /usr/bin/cmake --install /home/lfvmu/kobuki/build/ecl_mobile_robot
