[0.114s] Invoking command in '/home/lfvmu/kobuki/build/ament_cmake_uncrustify': /usr/bin/cmake /home/lfvmu/kobuki/src/ament_lint/ament_cmake_uncrustify -DBUILD_TESTING=OFF -DCMAKE_INSTALL_PREFIX=/home/lfvmu/kobuki/install
[0.141s] -- Found ament_cmake_core: 0.9.11 (/home/lfvmu/kobuki/install/share/ament_cmake_core/cmake)
[0.189s] -- Using PYTHON_EXECUTABLE: /usr/bin/python3
[0.514s] -- Found ament_cmake_test: 0.9.11 (/home/lfvmu/kobuki/install/share/ament_cmake_test/cmake)
[0.660s] -- Configuring done
[0.672s] -- Generating done
[0.672s] -- Build files have been written to: /home/lfvmu/kobuki/build/ament_cmake_uncrustify
[0.678s] Invoked command in '/home/lfvmu/kobuki/build/ament_cmake_uncrustify' returned '0': /usr/bin/cmake /home/lfvmu/kobuki/src/ament_lint/ament_cmake_uncrustify -DBUILD_TESTING=OFF -DCMAKE_INSTALL_PREFIX=/home/lfvmu/kobuki/install
[0.679s] Invoking command in '/home/lfvmu/kobuki/build/ament_cmake_uncrustify': /usr/bin/cmake --build /home/lfvmu/kobuki/build/ament_cmake_uncrustify -- -j4 -l4
[0.878s] Invoked command in '/home/lfvmu/kobuki/build/ament_cmake_uncrustify' returned '0': /usr/bin/cmake --build /home/lfvmu/kobuki/build/ament_cmake_uncrustify -- -j4 -l4
[1.150s] Invoking command in '/home/lfvmu/kobuki/build/ament_cmake_uncrustify': /usr/bin/cmake --install /home/lfvmu/kobuki/build/ament_cmake_uncrustify
[1.175s] -- Install configuration: "RelWithDebInfo"
[1.175s] -- Up-to-date: /home/lfvmu/kobuki/install/share/ament_index/resource_index/package_run_dependencies/ament_cmake_uncrustify
[1.176s] -- Up-to-date: /home/lfvmu/kobuki/install/share/ament_index/resource_index/parent_prefix_path/ament_cmake_uncrustify
[1.176s] -- Up-to-date: /home/lfvmu/kobuki/install/share/ament_cmake_uncrustify/environment/ament_prefix_path.sh
[1.176s] -- Installing: /home/lfvmu/kobuki/install/share/ament_cmake_uncrustify/environment/ament_prefix_path.dsv
[1.176s] -- Up-to-date: /home/lfvmu/kobuki/install/share/ament_cmake_uncrustify/environment/path.sh
[1.179s] -- Installing: /home/lfvmu/kobuki/install/share/ament_cmake_uncrustify/environment/path.dsv
[1.179s] -- Up-to-date: /home/lfvmu/kobuki/install/share/ament_cmake_uncrustify/local_setup.bash
[1.180s] -- Up-to-date: /home/lfvmu/kobuki/install/share/ament_cmake_uncrustify/local_setup.sh
[1.180s] -- Up-to-date: /home/lfvmu/kobuki/install/share/ament_cmake_uncrustify/local_setup.zsh
[1.181s] -- Installing: /home/lfvmu/kobuki/install/share/ament_cmake_uncrustify/local_setup.dsv
[1.181s] -- Installing: /home/lfvmu/kobuki/install/share/ament_cmake_uncrustify/package.dsv
[1.182s] -- Up-to-date: /home/lfvmu/kobuki/install/share/ament_index/resource_index/packages/ament_cmake_uncrustify
[1.182s] -- Up-to-date: /home/lfvmu/kobuki/install/share/ament_cmake_uncrustify/cmake/ament_cmake_uncrustify-extras.cmake
[1.182s] -- Up-to-date: /home/lfvmu/kobuki/install/share/ament_cmake_uncrustify/cmake/ament_cmake_uncrustifyConfig.cmake
[1.183s] -- Up-to-date: /home/lfvmu/kobuki/install/share/ament_cmake_uncrustify/cmake/ament_cmake_uncrustifyConfig-version.cmake
[1.183s] -- Up-to-date: /home/lfvmu/kobuki/install/share/ament_cmake_uncrustify/package.xml
[1.183s] -- Up-to-date: /home/lfvmu/kobuki/install/share/ament_cmake_uncrustify/cmake
[1.184s] -- Up-to-date: /home/lfvmu/kobuki/install/share/ament_cmake_uncrustify/cmake/ament_uncrustify.cmake
[1.184s] -- Up-to-date: /home/lfvmu/kobuki/install/share/ament_cmake_uncrustify/cmake/ament_cmake_uncrustify_lint_hook.cmake
[1.207s] Invoked command in '/home/lfvmu/kobuki/build/ament_cmake_uncrustify' returned '0': /usr/bin/cmake --install /home/lfvmu/kobuki/build/ament_cmake_uncrustify
