[0.324s] Invoking command in '/home/lfvmu/kobuki/build/ament_cmake_ros': AMENT_PREFIX_PATH=/home/lfvmu/kobuki/install CMAKE_PREFIX_PATH=/home/lfvmu/kobuki/install LD_LIBRARY_PATH=/home/lfvmu/kobuki/install/lib PATH=/home/lfvmu/kobuki/install/bin:${PATH} PYTHONPATH=/home/lfvmu/kobuki/install/lib/python3.8/site-packages /usr/bin/cmake /home/lfvmu/kobuki/src/ament_cmake_ros/ament_cmake_ros -DBUILD_TESTING=OFF --no-warn-unused-cli -DCMAKE_INSTALL_PREFIX=/home/lfvmu/kobuki/install
[0.467s] Not searching for unused variables given on the command line.
[0.467s] -- Found ament_cmake: 0.9.11 (/home/lfvmu/kobuki/install/share/ament_cmake/cmake)
[0.468s] -- Using PYTHON_EXECUTABLE: /usr/bin/python3
[0.884s] -- Configuring done
[0.884s] -- Generating done
[0.885s] -- Build files have been written to: /home/lfvmu/kobuki/build/ament_cmake_ros
[0.919s] Invoked command in '/home/lfvmu/kobuki/build/ament_cmake_ros' returned '0': AMENT_PREFIX_PATH=/home/lfvmu/kobuki/install CMAKE_PREFIX_PATH=/home/lfvmu/kobuki/install LD_LIBRARY_PATH=/home/lfvmu/kobuki/install/lib PATH=/home/lfvmu/kobuki/install/bin:${PATH} PYTHONPATH=/home/lfvmu/kobuki/install/lib/python3.8/site-packages /usr/bin/cmake /home/lfvmu/kobuki/src/ament_cmake_ros/ament_cmake_ros -DBUILD_TESTING=OFF --no-warn-unused-cli -DCMAKE_INSTALL_PREFIX=/home/lfvmu/kobuki/install
[0.920s] Invoking command in '/home/lfvmu/kobuki/build/ament_cmake_ros': AMENT_PREFIX_PATH=/home/lfvmu/kobuki/install CMAKE_PREFIX_PATH=/home/lfvmu/kobuki/install LD_LIBRARY_PATH=/home/lfvmu/kobuki/install/lib PATH=/home/lfvmu/kobuki/install/bin:${PATH} PYTHONPATH=/home/lfvmu/kobuki/install/lib/python3.8/site-packages /usr/bin/cmake --build /home/lfvmu/kobuki/build/ament_cmake_ros -- -j4 -l4
[1.119s] Invoked command in '/home/lfvmu/kobuki/build/ament_cmake_ros' returned '0': AMENT_PREFIX_PATH=/home/lfvmu/kobuki/install CMAKE_PREFIX_PATH=/home/lfvmu/kobuki/install LD_LIBRARY_PATH=/home/lfvmu/kobuki/install/lib PATH=/home/lfvmu/kobuki/install/bin:${PATH} PYTHONPATH=/home/lfvmu/kobuki/install/lib/python3.8/site-packages /usr/bin/cmake --build /home/lfvmu/kobuki/build/ament_cmake_ros -- -j4 -l4
[1.370s] Invoking command in '/home/lfvmu/kobuki/build/ament_cmake_ros': AMENT_PREFIX_PATH=/home/lfvmu/kobuki/install CMAKE_PREFIX_PATH=/home/lfvmu/kobuki/install LD_LIBRARY_PATH=/home/lfvmu/kobuki/install/lib PATH=/home/lfvmu/kobuki/install/bin:${PATH} PYTHONPATH=/home/lfvmu/kobuki/install/lib/python3.8/site-packages /usr/bin/cmake --install /home/lfvmu/kobuki/build/ament_cmake_ros
[1.392s] -- Install configuration: ""
[1.393s] -- Up-to-date: /home/lfvmu/kobuki/install/share/ament_index/resource_index/package_run_dependencies/ament_cmake_ros
[1.393s] -- Up-to-date: /home/lfvmu/kobuki/install/share/ament_index/resource_index/parent_prefix_path/ament_cmake_ros
[1.393s] -- Up-to-date: /home/lfvmu/kobuki/install/share/ament_cmake_ros/environment/ament_prefix_path.sh
[1.394s] -- Installing: /home/lfvmu/kobuki/install/share/ament_cmake_ros/environment/ament_prefix_path.dsv
[1.394s] -- Up-to-date: /home/lfvmu/kobuki/install/share/ament_cmake_ros/environment/path.sh
[1.394s] -- Installing: /home/lfvmu/kobuki/install/share/ament_cmake_ros/environment/path.dsv
[1.394s] -- Up-to-date: /home/lfvmu/kobuki/install/share/ament_cmake_ros/local_setup.bash
[1.395s] -- Up-to-date: /home/lfvmu/kobuki/install/share/ament_cmake_ros/local_setup.sh
[1.395s] -- Up-to-date: /home/lfvmu/kobuki/install/share/ament_cmake_ros/local_setup.zsh
[1.395s] -- Installing: /home/lfvmu/kobuki/install/share/ament_cmake_ros/local_setup.dsv
[1.395s] -- Installing: /home/lfvmu/kobuki/install/share/ament_cmake_ros/package.dsv
[1.396s] -- Up-to-date: /home/lfvmu/kobuki/install/share/ament_index/resource_index/packages/ament_cmake_ros
[1.396s] -- Up-to-date: /home/lfvmu/kobuki/install/share/ament_cmake_ros/cmake/ament_cmake_ros-extras.cmake
[1.396s] -- Up-to-date: /home/lfvmu/kobuki/install/share/ament_cmake_ros/cmake/ament_cmake_export_dependencies-extras.cmake
[1.397s] -- Up-to-date: /home/lfvmu/kobuki/install/share/ament_cmake_ros/cmake/ament_cmake_rosConfig.cmake
[1.397s] -- Up-to-date: /home/lfvmu/kobuki/install/share/ament_cmake_ros/cmake/ament_cmake_rosConfig-version.cmake
[1.397s] -- Up-to-date: /home/lfvmu/kobuki/install/share/ament_cmake_ros/package.xml
[1.397s] -- Up-to-date: /home/lfvmu/kobuki/install/share/ament_cmake_ros/cmake
[1.398s] -- Up-to-date: /home/lfvmu/kobuki/install/share/ament_cmake_ros/cmake/run_test_isolated.py
[1.398s] -- Up-to-date: /home/lfvmu/kobuki/install/share/ament_cmake_ros/cmake/ament_add_ros_isolated_pytest.cmake
[1.398s] -- Up-to-date: /home/lfvmu/kobuki/install/share/ament_cmake_ros/cmake/build_shared_libs.cmake
[1.398s] -- Up-to-date: /home/lfvmu/kobuki/install/share/ament_cmake_ros/cmake/ament_add_ros_isolated_gtest.cmake
[1.398s] -- Up-to-date: /home/lfvmu/kobuki/install/share/ament_cmake_ros/cmake/ament_add_ros_isolated_gmock.cmake
[1.410s] Invoked command in '/home/lfvmu/kobuki/build/ament_cmake_ros' returned '0': AMENT_PREFIX_PATH=/home/lfvmu/kobuki/install CMAKE_PREFIX_PATH=/home/lfvmu/kobuki/install LD_LIBRARY_PATH=/home/lfvmu/kobuki/install/lib PATH=/home/lfvmu/kobuki/install/bin:${PATH} PYTHONPATH=/home/lfvmu/kobuki/install/lib/python3.8/site-packages /usr/bin/cmake --install /home/lfvmu/kobuki/build/ament_cmake_ros
