[0.280s] Invoking command in '/home/lfvmu/kobuki/build/ecl_exceptions': /usr/bin/cmake /home/lfvmu/kobuki/src/ecl_core/ecl_exceptions -DBUILD_TESTING=OFF --no-warn-unused-cli -DCMAKE_INSTALL_PREFIX=/home/lfvmu/kobuki/install
[0.298s] Not searching for unused variables given on the command line.
[0.316s] -- Found ament_cmake_ros: 0.9.2 (/home/lfvmu/kobuki/install/share/ament_cmake_ros/cmake)
[0.364s] -- Using PYTHON_EXECUTABLE: /usr/bin/python3
[0.726s] -- Found ecl_build: 1.0.3 (/home/lfvmu/kobuki/install/share/ecl_build/cmake)
[0.748s] -- Found ecl_config: 1.1.0 (/home/lfvmu/kobuki/install/share/ecl_config/cmake)
[0.765s] -- Found ecl_errors: 1.1.0 (/home/lfvmu/kobuki/install/share/ecl_errors/cmake)
[0.941s] -- Configuring done
[0.965s] -- Generating done
[0.966s] -- Build files have been written to: /home/lfvmu/kobuki/build/ecl_exceptions
[1.075s] Invoked command in '/home/lfvmu/kobuki/build/ecl_exceptions' returned '0': /usr/bin/cmake /home/lfvmu/kobuki/src/ecl_core/ecl_exceptions -DBUILD_TESTING=OFF --no-warn-unused-cli -DCMAKE_INSTALL_PREFIX=/home/lfvmu/kobuki/install
[1.081s] Invoking command in '/home/lfvmu/kobuki/build/ecl_exceptions': /usr/bin/cmake --build /home/lfvmu/kobuki/build/ecl_exceptions -- -j4 -l4
[1.257s] [ 33%] Built target ecl_exceptions
[1.297s] [ 66%] Built target ecl_demo_exceptions
[1.305s] [100%] Built target ecl_demo_exception_tracer
[1.343s] Invoked command in '/home/lfvmu/kobuki/build/ecl_exceptions' returned '0': /usr/bin/cmake --build /home/lfvmu/kobuki/build/ecl_exceptions -- -j4 -l4
[1.637s] Invoking command in '/home/lfvmu/kobuki/build/ecl_exceptions': /usr/bin/cmake --install /home/lfvmu/kobuki/build/ecl_exceptions
[1.663s] -- Install configuration: "RelWithDebInfo"
[1.667s] -- Up-to-date: /home/lfvmu/kobuki/install/share/ecl_exceptions/environment/library_path.sh
[1.667s] -- Installing: /home/lfvmu/kobuki/install/share/ecl_exceptions/environment/library_path.dsv
[1.668s] -- Up-to-date: /home/lfvmu/kobuki/install/share/ament_index/resource_index/package_run_dependencies/ecl_exceptions
[1.668s] -- Up-to-date: /home/lfvmu/kobuki/install/share/ament_index/resource_index/parent_prefix_path/ecl_exceptions
[1.668s] -- Up-to-date: /home/lfvmu/kobuki/install/share/ecl_exceptions/environment/ament_prefix_path.sh
[1.668s] -- Installing: /home/lfvmu/kobuki/install/share/ecl_exceptions/environment/ament_prefix_path.dsv
[1.668s] -- Up-to-date: /home/lfvmu/kobuki/install/share/ecl_exceptions/environment/path.sh
[1.668s] -- Installing: /home/lfvmu/kobuki/install/share/ecl_exceptions/environment/path.dsv
[1.669s] -- Up-to-date: /home/lfvmu/kobuki/install/share/ecl_exceptions/local_setup.bash
[1.669s] -- Up-to-date: /home/lfvmu/kobuki/install/share/ecl_exceptions/local_setup.sh
[1.669s] -- Up-to-date: /home/lfvmu/kobuki/install/share/ecl_exceptions/local_setup.zsh
[1.669s] -- Installing: /home/lfvmu/kobuki/install/share/ecl_exceptions/local_setup.dsv
[1.670s] -- Installing: /home/lfvmu/kobuki/install/share/ecl_exceptions/package.dsv
[1.670s] -- Up-to-date: /home/lfvmu/kobuki/install/share/ament_index/resource_index/packages/ecl_exceptions
[1.670s] -- Up-to-date: /home/lfvmu/kobuki/install/share/ecl_exceptions/cmake/ecl_exceptionsExport.cmake
[1.670s] -- Installing: /home/lfvmu/kobuki/install/share/ecl_exceptions/cmake/ecl_exceptionsExport-relwithdebinfo.cmake
[1.670s] -- Up-to-date: /home/lfvmu/kobuki/install/share/ecl_exceptions/cmake/ament_cmake_export_targets-extras.cmake
[1.671s] -- Up-to-date: /home/lfvmu/kobuki/install/share/ecl_exceptions/cmake/ament_cmake_export_include_directories-extras.cmake
[1.671s] -- Up-to-date: /home/lfvmu/kobuki/install/share/ecl_exceptions/cmake/ament_cmake_export_libraries-extras.cmake
[1.671s] -- Up-to-date: /home/lfvmu/kobuki/install/share/ecl_exceptions/cmake/ament_cmake_export_dependencies-extras.cmake
[1.671s] -- Up-to-date: /home/lfvmu/kobuki/install/share/ecl_exceptions/cmake/ecl_exceptionsConfig.cmake
[1.671s] -- Up-to-date: /home/lfvmu/kobuki/install/share/ecl_exceptions/cmake/ecl_exceptionsConfig-version.cmake
[1.672s] -- Up-to-date: /home/lfvmu/kobuki/install/share/ecl_exceptions/package.xml
[1.672s] -- Up-to-date: /home/lfvmu/kobuki/install/include/ecl/exceptions.hpp
[1.672s] -- Up-to-date: /home/lfvmu/kobuki/install/include/ecl/exceptions/data_exception.hpp
[1.672s] -- Up-to-date: /home/lfvmu/kobuki/install/include/ecl/exceptions/exception.hpp
[1.673s] -- Up-to-date: /home/lfvmu/kobuki/install/include/ecl/exceptions/macros.hpp
[1.673s] -- Up-to-date: /home/lfvmu/kobuki/install/include/ecl/exceptions/posix_error_handler.hpp
[1.673s] -- Up-to-date: /home/lfvmu/kobuki/install/include/ecl/exceptions/standard_exception.hpp
[1.673s] -- Up-to-date: /home/lfvmu/kobuki/install/lib/libecl_exceptions.so.1.2.1
[1.674s] -- Up-to-date: /home/lfvmu/kobuki/install/lib/libecl_exceptions.so
[1.674s] -- Up-to-date: /home/lfvmu/kobuki/install/lib/ecl_exceptions/demo_exceptions
[1.674s] -- Up-to-date: /home/lfvmu/kobuki/install/lib/ecl_exceptions/demo_exception_tracer
[1.681s] Invoked command in '/home/lfvmu/kobuki/build/ecl_exceptions' returned '0': /usr/bin/cmake --install /home/lfvmu/kobuki/build/ecl_exceptions
