[0.270s] Invoking command in '/home/lfvmu/kobuki/build/ament_cmake_flake8': AMENT_PREFIX_PATH=/home/lfvmu/kobuki/install CMAKE_PREFIX_PATH=/home/lfvmu/kobuki/install LD_LIBRARY_PATH=/home/lfvmu/kobuki/install/lib PATH=/home/lfvmu/kobuki/install/bin:${PATH} PYTHONPATH=/home/lfvmu/kobuki/install/lib/python3.8/site-packages /usr/bin/cmake /home/lfvmu/kobuki/src/ament_lint/ament_cmake_flake8 -DBUILD_TESTING=OFF -DCMAKE_INSTALL_PREFIX=/home/lfvmu/kobuki/install
[0.297s] Re-run cmake no build system arguments
[0.303s] -- Found ament_cmake_core: 0.9.11 (/home/lfvmu/kobuki/install/share/ament_cmake_core/cmake)
[0.346s] -- Using PYTHON_EXECUTABLE: /usr/bin/python3
[0.689s] -- Found ament_cmake_test: 0.9.11 (/home/lfvmu/kobuki/install/share/ament_cmake_test/cmake)
[0.854s] -- Configuring done
[0.855s] -- Generating done
[0.855s] -- Build files have been written to: /home/lfvmu/kobuki/build/ament_cmake_flake8
[0.896s] Invoked command in '/home/lfvmu/kobuki/build/ament_cmake_flake8' returned '0': AMENT_PREFIX_PATH=/home/lfvmu/kobuki/install CMAKE_PREFIX_PATH=/home/lfvmu/kobuki/install LD_LIBRARY_PATH=/home/lfvmu/kobuki/install/lib PATH=/home/lfvmu/kobuki/install/bin:${PATH} PYTHONPATH=/home/lfvmu/kobuki/install/lib/python3.8/site-packages /usr/bin/cmake /home/lfvmu/kobuki/src/ament_lint/ament_cmake_flake8 -DBUILD_TESTING=OFF -DCMAKE_INSTALL_PREFIX=/home/lfvmu/kobuki/install
[0.903s] Invoking command in '/home/lfvmu/kobuki/build/ament_cmake_flake8': AMENT_PREFIX_PATH=/home/lfvmu/kobuki/install CMAKE_PREFIX_PATH=/home/lfvmu/kobuki/install LD_LIBRARY_PATH=/home/lfvmu/kobuki/install/lib PATH=/home/lfvmu/kobuki/install/bin:${PATH} PYTHONPATH=/home/lfvmu/kobuki/install/lib/python3.8/site-packages /usr/bin/cmake --build /home/lfvmu/kobuki/build/ament_cmake_flake8 -- -j4 -l4
[0.956s] /usr/bin/cmake -S/home/lfvmu/kobuki/src/ament_lint/ament_cmake_flake8 -B/home/lfvmu/kobuki/build/ament_cmake_flake8 --check-build-system CMakeFiles/Makefile.cmake 0
[0.990s] /usr/bin/cmake -E cmake_progress_start /home/lfvmu/kobuki/build/ament_cmake_flake8/CMakeFiles /home/lfvmu/kobuki/build/ament_cmake_flake8/CMakeFiles/progress.marks
[1.034s] /usr/bin/make -f CMakeFiles/Makefile2 all
[1.038s] make[1]: Entering directory '/home/lfvmu/kobuki/build/ament_cmake_flake8'
[1.038s] make[1]: Nothing to be done for 'all'.
[1.039s] make[1]: Leaving directory '/home/lfvmu/kobuki/build/ament_cmake_flake8'
[1.039s] /usr/bin/cmake -E cmake_progress_start /home/lfvmu/kobuki/build/ament_cmake_flake8/CMakeFiles 0
[1.074s] Invoked command in '/home/lfvmu/kobuki/build/ament_cmake_flake8' returned '0': AMENT_PREFIX_PATH=/home/lfvmu/kobuki/install CMAKE_PREFIX_PATH=/home/lfvmu/kobuki/install LD_LIBRARY_PATH=/home/lfvmu/kobuki/install/lib PATH=/home/lfvmu/kobuki/install/bin:${PATH} PYTHONPATH=/home/lfvmu/kobuki/install/lib/python3.8/site-packages /usr/bin/cmake --build /home/lfvmu/kobuki/build/ament_cmake_flake8 -- -j4 -l4
[1.150s] Invoking command in '/home/lfvmu/kobuki/build/ament_cmake_flake8': AMENT_PREFIX_PATH=/home/lfvmu/kobuki/install CMAKE_PREFIX_PATH=/home/lfvmu/kobuki/install LD_LIBRARY_PATH=/home/lfvmu/kobuki/install/lib PATH=/home/lfvmu/kobuki/install/bin:${PATH} PYTHONPATH=/home/lfvmu/kobuki/install/lib/python3.8/site-packages /usr/bin/cmake --install /home/lfvmu/kobuki/build/ament_cmake_flake8
[1.213s] -- Install configuration: ""
[1.213s] -- Up-to-date: /home/lfvmu/kobuki/install/share/ament_index/resource_index/package_run_dependencies/ament_cmake_flake8
[1.214s] -- Up-to-date: /home/lfvmu/kobuki/install/share/ament_index/resource_index/parent_prefix_path/ament_cmake_flake8
[1.214s] -- Up-to-date: /home/lfvmu/kobuki/install/share/ament_cmake_flake8/environment/ament_prefix_path.sh
[1.214s] -- Installing: /home/lfvmu/kobuki/install/share/ament_cmake_flake8/environment/ament_prefix_path.dsv
[1.214s] -- Up-to-date: /home/lfvmu/kobuki/install/share/ament_cmake_flake8/environment/path.sh
[1.215s] -- Installing: /home/lfvmu/kobuki/install/share/ament_cmake_flake8/environment/path.dsv
[1.215s] -- Up-to-date: /home/lfvmu/kobuki/install/share/ament_cmake_flake8/local_setup.bash
[1.215s] -- Up-to-date: /home/lfvmu/kobuki/install/share/ament_cmake_flake8/local_setup.sh
[1.215s] -- Up-to-date: /home/lfvmu/kobuki/install/share/ament_cmake_flake8/local_setup.zsh
[1.216s] -- Installing: /home/lfvmu/kobuki/install/share/ament_cmake_flake8/local_setup.dsv
[1.216s] -- Installing: /home/lfvmu/kobuki/install/share/ament_cmake_flake8/package.dsv
[1.216s] -- Up-to-date: /home/lfvmu/kobuki/install/share/ament_index/resource_index/packages/ament_cmake_flake8
[1.216s] -- Up-to-date: /home/lfvmu/kobuki/install/share/ament_cmake_flake8/cmake/ament_cmake_flake8-extras.cmake
[1.217s] -- Up-to-date: /home/lfvmu/kobuki/install/share/ament_cmake_flake8/cmake/ament_cmake_flake8Config.cmake
[1.217s] -- Up-to-date: /home/lfvmu/kobuki/install/share/ament_cmake_flake8/cmake/ament_cmake_flake8Config-version.cmake
[1.217s] -- Up-to-date: /home/lfvmu/kobuki/install/share/ament_cmake_flake8/package.xml
[1.217s] -- Up-to-date: /home/lfvmu/kobuki/install/share/ament_cmake_flake8/cmake
[1.218s] -- Up-to-date: /home/lfvmu/kobuki/install/share/ament_cmake_flake8/cmake/ament_cmake_flake8_lint_hook.cmake
[1.218s] -- Up-to-date: /home/lfvmu/kobuki/install/share/ament_cmake_flake8/cmake/ament_flake8.cmake
[1.366s] Invoked command in '/home/lfvmu/kobuki/build/ament_cmake_flake8' returned '0': AMENT_PREFIX_PATH=/home/lfvmu/kobuki/install CMAKE_PREFIX_PATH=/home/lfvmu/kobuki/install LD_LIBRARY_PATH=/home/lfvmu/kobuki/install/lib PATH=/home/lfvmu/kobuki/install/bin:${PATH} PYTHONPATH=/home/lfvmu/kobuki/install/lib/python3.8/site-packages /usr/bin/cmake --install /home/lfvmu/kobuki/build/ament_cmake_flake8
