[0.218s] Invoking command in '/home/lfvmu/kobuki/build/ecl_core': AMENT_PREFIX_PATH=/home/lfvmu/kobuki/install CMAKE_PREFIX_PATH=/home/lfvmu/kobuki/install LD_LIBRARY_PATH=/home/lfvmu/kobuki/install/lib PATH=/home/lfvmu/kobuki/install/bin:${PATH} PKG_CONFIG_PATH=/home/lfvmu/kobuki/install/lib/x86_64-linux-gnu/pkgconfig:/home/lfvmu/kobuki/install/lib/pkgconfig PYTHONPATH=/home/lfvmu/kobuki/install/lib/python3.8/site-packages /usr/bin/cmake /home/lfvmu/kobuki/src/ecl_core/ecl_core -DBUILD_TESTING=OFF -DCMAKE_INSTALL_PREFIX=/home/lfvmu/kobuki/install
[0.233s] Re-run cmake no build system arguments
[0.259s] -- Found ament_cmake_ros: 0.9.2 (/home/lfvmu/kobuki/install/share/ament_cmake_ros/cmake)
[0.302s] -- Using PYTHON_EXECUTABLE: /usr/bin/python3
[0.762s] -- Configuring done
[0.769s] -- Generating done
[0.772s] -- Build files have been written to: /home/lfvmu/kobuki/build/ecl_core
[0.778s] Invoked command in '/home/lfvmu/kobuki/build/ecl_core' returned '0': AMENT_PREFIX_PATH=/home/lfvmu/kobuki/install CMAKE_PREFIX_PATH=/home/lfvmu/kobuki/install LD_LIBRARY_PATH=/home/lfvmu/kobuki/install/lib PATH=/home/lfvmu/kobuki/install/bin:${PATH} PKG_CONFIG_PATH=/home/lfvmu/kobuki/install/lib/x86_64-linux-gnu/pkgconfig:/home/lfvmu/kobuki/install/lib/pkgconfig PYTHONPATH=/home/lfvmu/kobuki/install/lib/python3.8/site-packages /usr/bin/cmake /home/lfvmu/kobuki/src/ecl_core/ecl_core -DBUILD_TESTING=OFF -DCMAKE_INSTALL_PREFIX=/home/lfvmu/kobuki/install
[0.788s] Invoking command in '/home/lfvmu/kobuki/build/ecl_core': AMENT_PREFIX_PATH=/home/lfvmu/kobuki/install CMAKE_PREFIX_PATH=/home/lfvmu/kobuki/install LD_LIBRARY_PATH=/home/lfvmu/kobuki/install/lib PATH=/home/lfvmu/kobuki/install/bin:${PATH} PKG_CONFIG_PATH=/home/lfvmu/kobuki/install/lib/x86_64-linux-gnu/pkgconfig:/home/lfvmu/kobuki/install/lib/pkgconfig PYTHONPATH=/home/lfvmu/kobuki/install/lib/python3.8/site-packages /usr/bin/cmake --build /home/lfvmu/kobuki/build/ecl_core -- -j4 -l4
[0.822s] /usr/bin/cmake -S/home/lfvmu/kobuki/src/ecl_core/ecl_core -B/home/lfvmu/kobuki/build/ecl_core --check-build-system CMakeFiles/Makefile.cmake 0
[0.844s] /usr/bin/cmake -E cmake_progress_start /home/lfvmu/kobuki/build/ecl_core/CMakeFiles /home/lfvmu/kobuki/build/ecl_core/CMakeFiles/progress.marks
[0.867s] /usr/bin/make -f CMakeFiles/Makefile2 all
[0.869s] make[1]: Entering directory '/home/lfvmu/kobuki/build/ecl_core'
[0.869s] make[1]: Nothing to be done for 'all'.
[0.869s] make[1]: Leaving directory '/home/lfvmu/kobuki/build/ecl_core'
[0.870s] /usr/bin/cmake -E cmake_progress_start /home/lfvmu/kobuki/build/ecl_core/CMakeFiles 0
[0.894s] Invoked command in '/home/lfvmu/kobuki/build/ecl_core' returned '0': AMENT_PREFIX_PATH=/home/lfvmu/kobuki/install CMAKE_PREFIX_PATH=/home/lfvmu/kobuki/install LD_LIBRARY_PATH=/home/lfvmu/kobuki/install/lib PATH=/home/lfvmu/kobuki/install/bin:${PATH} PKG_CONFIG_PATH=/home/lfvmu/kobuki/install/lib/x86_64-linux-gnu/pkgconfig:/home/lfvmu/kobuki/install/lib/pkgconfig PYTHONPATH=/home/lfvmu/kobuki/install/lib/python3.8/site-packages /usr/bin/cmake --build /home/lfvmu/kobuki/build/ecl_core -- -j4 -l4
[0.961s] Invoking command in '/home/lfvmu/kobuki/build/ecl_core': AMENT_PREFIX_PATH=/home/lfvmu/kobuki/install CMAKE_PREFIX_PATH=/home/lfvmu/kobuki/install LD_LIBRARY_PATH=/home/lfvmu/kobuki/install/lib PATH=/home/lfvmu/kobuki/install/bin:${PATH} PKG_CONFIG_PATH=/home/lfvmu/kobuki/install/lib/x86_64-linux-gnu/pkgconfig:/home/lfvmu/kobuki/install/lib/pkgconfig PYTHONPATH=/home/lfvmu/kobuki/install/lib/python3.8/site-packages /usr/bin/cmake --install /home/lfvmu/kobuki/build/ecl_core
[0.979s] -- Install configuration: ""
[0.980s] -- Up-to-date: /home/lfvmu/kobuki/install/share/ament_index/resource_index/package_run_dependencies/ecl_core
[0.980s] -- Up-to-date: /home/lfvmu/kobuki/install/share/ament_index/resource_index/parent_prefix_path/ecl_core
[0.981s] -- Up-to-date: /home/lfvmu/kobuki/install/share/ecl_core/environment/ament_prefix_path.sh
[0.981s] -- Installing: /home/lfvmu/kobuki/install/share/ecl_core/environment/ament_prefix_path.dsv
[0.982s] -- Up-to-date: /home/lfvmu/kobuki/install/share/ecl_core/environment/path.sh
[0.982s] -- Installing: /home/lfvmu/kobuki/install/share/ecl_core/environment/path.dsv
[0.983s] -- Up-to-date: /home/lfvmu/kobuki/install/share/ecl_core/local_setup.bash
[0.983s] -- Up-to-date: /home/lfvmu/kobuki/install/share/ecl_core/local_setup.sh
[0.983s] -- Up-to-date: /home/lfvmu/kobuki/install/share/ecl_core/local_setup.zsh
[0.984s] -- Installing: /home/lfvmu/kobuki/install/share/ecl_core/local_setup.dsv
[0.984s] -- Installing: /home/lfvmu/kobuki/install/share/ecl_core/package.dsv
[0.985s] -- Up-to-date: /home/lfvmu/kobuki/install/share/ament_index/resource_index/packages/ecl_core
[0.985s] -- Up-to-date: /home/lfvmu/kobuki/install/share/ecl_core/cmake/ecl_coreConfig.cmake
[0.985s] -- Up-to-date: /home/lfvmu/kobuki/install/share/ecl_core/cmake/ecl_coreConfig-version.cmake
[0.986s] -- Up-to-date: /home/lfvmu/kobuki/install/share/ecl_core/package.xml
[0.996s] Invoked command in '/home/lfvmu/kobuki/build/ecl_core' returned '0': AMENT_PREFIX_PATH=/home/lfvmu/kobuki/install CMAKE_PREFIX_PATH=/home/lfvmu/kobuki/install LD_LIBRARY_PATH=/home/lfvmu/kobuki/install/lib PATH=/home/lfvmu/kobuki/install/bin:${PATH} PKG_CONFIG_PATH=/home/lfvmu/kobuki/install/lib/x86_64-linux-gnu/pkgconfig:/home/lfvmu/kobuki/install/lib/pkgconfig PYTHONPATH=/home/lfvmu/kobuki/install/lib/python3.8/site-packages /usr/bin/cmake --install /home/lfvmu/kobuki/build/ecl_core
