[2.043s] Invoking command in '/home/lfvmu/kobuki/src/ament_lint/ament_cpplint': PYTHONPATH=/home/lfvmu/kobuki/build/ament_cpplint/prefix_override:/home/lfvmu/kobuki/install/lib/python3.8/site-packages:${PYTHONPATH} /usr/bin/python3 setup.py egg_info --egg-base ../../../build/ament_cpplint build --build-base /home/lfvmu/kobuki/build/ament_cpplint/build install --record /home/lfvmu/kobuki/build/ament_cpplint/install.log --single-version-externally-managed
[2.605s] running egg_info
[2.606s] writing ../../../build/ament_cpplint/ament_cpplint.egg-info/PKG-INFO
[2.607s] writing dependency_links to ../../../build/ament_cpplint/ament_cpplint.egg-info/dependency_links.txt
[2.607s] writing entry points to ../../../build/ament_cpplint/ament_cpplint.egg-info/entry_points.txt
[2.607s] writing requirements to ../../../build/ament_cpplint/ament_cpplint.egg-info/requires.txt
[2.608s] writing top-level names to ../../../build/ament_cpplint/ament_cpplint.egg-info/top_level.txt
[2.635s] reading manifest file '../../../build/ament_cpplint/ament_cpplint.egg-info/SOURCES.txt'
[2.638s] writing manifest file '../../../build/ament_cpplint/ament_cpplint.egg-info/SOURCES.txt'
[2.638s] running build
[2.639s] running build_py
[2.639s] running install
[2.640s] running install_lib
[2.643s] running install_data
[2.644s] running install_egg_info
[2.648s] removing '/home/lfvmu/kobuki/install/lib/python3.8/site-packages/ament_cpplint-0.9.7-py3.8.egg-info' (and everything under it)
[2.648s] Copying ../../../build/ament_cpplint/ament_cpplint.egg-info to /home/lfvmu/kobuki/install/lib/python3.8/site-packages/ament_cpplint-0.9.7-py3.8.egg-info
[2.656s] running install_scripts
[2.706s] Installing ament_cpplint script to /home/lfvmu/kobuki/install/bin
[2.707s] writing list of installed files to '/home/lfvmu/kobuki/build/ament_cpplint/install.log'
[3.193s] Invoked command in '/home/lfvmu/kobuki/src/ament_lint/ament_cpplint' returned '0': PYTHONPATH=/home/lfvmu/kobuki/build/ament_cpplint/prefix_override:/home/lfvmu/kobuki/install/lib/python3.8/site-packages:${PYTHONPATH} /usr/bin/python3 setup.py egg_info --egg-base ../../../build/ament_cpplint build --build-base /home/lfvmu/kobuki/build/ament_cpplint/build install --record /home/lfvmu/kobuki/build/ament_cpplint/install.log --single-version-externally-managed
