[0.236s] Invoking command in '/home/lfvmu/kobuki/build/ament_cmake_export_interfaces': /usr/bin/cmake /home/lfvmu/kobuki/src/ament_cmake/ament_cmake_export_interfaces -DBUILD_TESTING=OFF -DCMAKE_INSTALL_PREFIX=/home/lfvmu/kobuki/install
[0.261s] -- Found ament_cmake_core: 0.9.11 (/home/lfvmu/kobuki/install/share/ament_cmake_core/cmake)
[0.299s] -- Using PYTHON_EXECUTABLE: /usr/bin/python3
[0.759s] -- Configuring done
[0.765s] -- Generating done
[0.768s] -- Build files have been written to: /home/lfvmu/kobuki/build/ament_cmake_export_interfaces
[0.785s] Invoked command in '/home/lfvmu/kobuki/build/ament_cmake_export_interfaces' returned '0': /usr/bin/cmake /home/lfvmu/kobuki/src/ament_cmake/ament_cmake_export_interfaces -DBUILD_TESTING=OFF -DCMAKE_INSTALL_PREFIX=/home/lfvmu/kobuki/install
[0.821s] Invoking command in '/home/lfvmu/kobuki/build/ament_cmake_export_interfaces': /usr/bin/cmake --build /home/lfvmu/kobuki/build/ament_cmake_export_interfaces -- -j4 -l4
[1.033s] Invoked command in '/home/lfvmu/kobuki/build/ament_cmake_export_interfaces' returned '0': /usr/bin/cmake --build /home/lfvmu/kobuki/build/ament_cmake_export_interfaces -- -j4 -l4
[1.249s] Invoking command in '/home/lfvmu/kobuki/build/ament_cmake_export_interfaces': /usr/bin/cmake --install /home/lfvmu/kobuki/build/ament_cmake_export_interfaces
[1.275s] -- Install configuration: "RelWithDebInfo"
[1.276s] -- Up-to-date: /home/lfvmu/kobuki/install/share/ament_index/resource_index/package_run_dependencies/ament_cmake_export_interfaces
[1.276s] -- Up-to-date: /home/lfvmu/kobuki/install/share/ament_index/resource_index/parent_prefix_path/ament_cmake_export_interfaces
[1.277s] -- Up-to-date: /home/lfvmu/kobuki/install/share/ament_cmake_export_interfaces/environment/ament_prefix_path.sh
[1.277s] -- Installing: /home/lfvmu/kobuki/install/share/ament_cmake_export_interfaces/environment/ament_prefix_path.dsv
[1.278s] -- Up-to-date: /home/lfvmu/kobuki/install/share/ament_cmake_export_interfaces/environment/path.sh
[1.278s] -- Installing: /home/lfvmu/kobuki/install/share/ament_cmake_export_interfaces/environment/path.dsv
[1.279s] -- Up-to-date: /home/lfvmu/kobuki/install/share/ament_cmake_export_interfaces/local_setup.bash
[1.279s] -- Up-to-date: /home/lfvmu/kobuki/install/share/ament_cmake_export_interfaces/local_setup.sh
[1.280s] -- Up-to-date: /home/lfvmu/kobuki/install/share/ament_cmake_export_interfaces/local_setup.zsh
[1.280s] -- Installing: /home/lfvmu/kobuki/install/share/ament_cmake_export_interfaces/local_setup.dsv
[1.281s] -- Installing: /home/lfvmu/kobuki/install/share/ament_cmake_export_interfaces/package.dsv
[1.282s] -- Up-to-date: /home/lfvmu/kobuki/install/share/ament_index/resource_index/packages/ament_cmake_export_interfaces
[1.284s] -- Up-to-date: /home/lfvmu/kobuki/install/share/ament_cmake_export_interfaces/cmake/ament_cmake_export_interfaces-extras.cmake
[1.284s] -- Up-to-date: /home/lfvmu/kobuki/install/share/ament_cmake_export_interfaces/cmake/ament_cmake_export_interfacesConfig.cmake
[1.285s] -- Up-to-date: /home/lfvmu/kobuki/install/share/ament_cmake_export_interfaces/cmake/ament_cmake_export_interfacesConfig-version.cmake
[1.285s] -- Up-to-date: /home/lfvmu/kobuki/install/share/ament_cmake_export_interfaces/package.xml
[1.286s] -- Up-to-date: /home/lfvmu/kobuki/install/share/ament_cmake_export_interfaces/cmake
[1.286s] -- Up-to-date: /home/lfvmu/kobuki/install/share/ament_cmake_export_interfaces/cmake/ament_export_interfaces.cmake
[1.287s] -- Up-to-date: /home/lfvmu/kobuki/install/share/ament_cmake_export_interfaces/cmake/ament_cmake_export_interfaces_package_hook.cmake
[1.287s] -- Up-to-date: /home/lfvmu/kobuki/install/share/ament_cmake_export_interfaces/cmake/ament_cmake_export_interfaces-extras.cmake.in
[1.297s] Invoked command in '/home/lfvmu/kobuki/build/ament_cmake_export_interfaces' returned '0': /usr/bin/cmake --install /home/lfvmu/kobuki/build/ament_cmake_export_interfaces
