Re-run cmake no build system arguments
-- Found ament_cmake_ros: 0.9.2 (/home/lfvmu/kobuki/install/share/ament_cmake_ros/cmake)
-- Using PYTHON_EXECUTABLE: /usr/bin/python3
-- Found ecl_build: 1.0.3 (/home/lfvmu/kobuki/install/share/ecl_build/cmake)
-- Found ecl_config: 1.1.0 (/home/lfvmu/kobuki/install/share/ecl_config/cmake)
-- Found ecl_errors: 1.1.0 (/home/lfvmu/kobuki/install/share/ecl_errors/cmake)
-- Configuring done
-- Generating done
-- Build files have been written to: /home/lfvmu/kobuki/build/ecl_time_lite
/usr/bin/cmake -S/home/lfvmu/kobuki/src/ecl_lite/ecl_time_lite -B/home/lfvmu/kobuki/build/ecl_time_lite --check-build-system CMakeFiles/Makefile.cmake 0
/usr/bin/cmake -E cmake_progress_start /home/lfvmu/kobuki/build/ecl_time_lite/CMakeFiles /home/lfvmu/kobuki/build/ecl_time_lite/CMakeFiles/progress.marks
/usr/bin/make -f CMakeFiles/Makefile2 all
make[1]: Entering directory '/home/lfvmu/kobuki/build/ecl_time_lite'
/usr/bin/make -f src/lib/CMakeFiles/ecl_time_lite.dir/build.make src/lib/CMakeFiles/ecl_time_lite.dir/depend
make[2]: Entering directory '/home/lfvmu/kobuki/build/ecl_time_lite'
cd /home/lfvmu/kobuki/build/ecl_time_lite && /usr/bin/cmake -E cmake_depends "Unix Makefiles" /home/lfvmu/kobuki/src/ecl_lite/ecl_time_lite /home/lfvmu/kobuki/src/ecl_lite/ecl_time_lite/src/lib /home/lfvmu/kobuki/build/ecl_time_lite /home/lfvmu/kobuki/build/ecl_time_lite/src/lib /home/lfvmu/kobuki/build/ecl_time_lite/src/lib/CMakeFiles/ecl_time_lite.dir/DependInfo.cmake --color=
make[2]: Leaving directory '/home/lfvmu/kobuki/build/ecl_time_lite'
/usr/bin/make -f src/lib/CMakeFiles/ecl_time_lite.dir/build.make src/lib/CMakeFiles/ecl_time_lite.dir/build
make[2]: Entering directory '/home/lfvmu/kobuki/build/ecl_time_lite'
make[2]: Nothing to be done for 'src/lib/CMakeFiles/ecl_time_lite.dir/build'.
make[2]: Leaving directory '/home/lfvmu/kobuki/build/ecl_time_lite'
[ 77%] Built target ecl_time_lite
/usr/bin/make -f src/examples/CMakeFiles/demo_time_functions.dir/build.make src/examples/CMakeFiles/demo_time_functions.dir/depend
make[2]: Entering directory '/home/lfvmu/kobuki/build/ecl_time_lite'
cd /home/lfvmu/kobuki/build/ecl_time_lite && /usr/bin/cmake -E cmake_depends "Unix Makefiles" /home/lfvmu/kobuki/src/ecl_lite/ecl_time_lite /home/lfvmu/kobuki/src/ecl_lite/ecl_time_lite/src/examples /home/lfvmu/kobuki/build/ecl_time_lite /home/lfvmu/kobuki/build/ecl_time_lite/src/examples /home/lfvmu/kobuki/build/ecl_time_lite/src/examples/CMakeFiles/demo_time_functions.dir/DependInfo.cmake --color=
make[2]: Leaving directory '/home/lfvmu/kobuki/build/ecl_time_lite'
/usr/bin/make -f src/examples/CMakeFiles/demo_time_functions.dir/build.make src/examples/CMakeFiles/demo_time_functions.dir/build
make[2]: Entering directory '/home/lfvmu/kobuki/build/ecl_time_lite'
make[2]: Nothing to be done for 'src/examples/CMakeFiles/demo_time_functions.dir/build'.
make[2]: Leaving directory '/home/lfvmu/kobuki/build/ecl_time_lite'
[100%] Built target demo_time_functions
make[1]: Leaving directory '/home/lfvmu/kobuki/build/ecl_time_lite'
/usr/bin/cmake -E cmake_progress_start /home/lfvmu/kobuki/build/ecl_time_lite/CMakeFiles 0
-- Install configuration: ""
-- Up-to-date: /home/lfvmu/kobuki/install/share/ecl_time_lite/environment/library_path.sh
-- Installing: /home/lfvmu/kobuki/install/share/ecl_time_lite/environment/library_path.dsv
-- Up-to-date: /home/lfvmu/kobuki/install/share/ament_index/resource_index/package_run_dependencies/ecl_time_lite
-- Up-to-date: /home/lfvmu/kobuki/install/share/ament_index/resource_index/parent_prefix_path/ecl_time_lite
-- Up-to-date: /home/lfvmu/kobuki/install/share/ecl_time_lite/environment/ament_prefix_path.sh
-- Installing: /home/lfvmu/kobuki/install/share/ecl_time_lite/environment/ament_prefix_path.dsv
-- Up-to-date: /home/lfvmu/kobuki/install/share/ecl_time_lite/environment/path.sh
-- Installing: /home/lfvmu/kobuki/install/share/ecl_time_lite/environment/path.dsv
-- Up-to-date: /home/lfvmu/kobuki/install/share/ecl_time_lite/local_setup.bash
-- Up-to-date: /home/lfvmu/kobuki/install/share/ecl_time_lite/local_setup.sh
-- Up-to-date: /home/lfvmu/kobuki/install/share/ecl_time_lite/local_setup.zsh
-- Installing: /home/lfvmu/kobuki/install/share/ecl_time_lite/local_setup.dsv
-- Installing: /home/lfvmu/kobuki/install/share/ecl_time_lite/package.dsv
-- Up-to-date: /home/lfvmu/kobuki/install/share/ament_index/resource_index/packages/ecl_time_lite
-- Up-to-date: /home/lfvmu/kobuki/install/share/ecl_time_lite/cmake/ecl_time_liteExport.cmake
-- Installing: /home/lfvmu/kobuki/install/share/ecl_time_lite/cmake/ecl_time_liteExport-noconfig.cmake
-- Up-to-date: /home/lfvmu/kobuki/install/share/ecl_time_lite/cmake/ament_cmake_export_targets-extras.cmake
-- Up-to-date: /home/lfvmu/kobuki/install/share/ecl_time_lite/cmake/ament_cmake_export_include_directories-extras.cmake
-- Up-to-date: /home/lfvmu/kobuki/install/share/ecl_time_lite/cmake/ament_cmake_export_libraries-extras.cmake
-- Up-to-date: /home/lfvmu/kobuki/install/share/ecl_time_lite/cmake/ament_cmake_export_dependencies-extras.cmake
-- Up-to-date: /home/lfvmu/kobuki/install/share/ecl_time_lite/cmake/ecl_time_liteConfig.cmake
-- Up-to-date: /home/lfvmu/kobuki/install/share/ecl_time_lite/cmake/ecl_time_liteConfig-version.cmake
-- Up-to-date: /home/lfvmu/kobuki/install/share/ecl_time_lite/package.xml
-- Up-to-date: /home/lfvmu/kobuki/install/include/ecl/time_lite.hpp
-- Up-to-date: /home/lfvmu/kobuki/install/include/ecl/time_lite/cpu_time.hpp
-- Up-to-date: /home/lfvmu/kobuki/install/include/ecl/time_lite/date.hpp
-- Up-to-date: /home/lfvmu/kobuki/install/include/ecl/time_lite/errors.hpp
-- Up-to-date: /home/lfvmu/kobuki/install/include/ecl/time_lite/functions.hpp
-- Up-to-date: /home/lfvmu/kobuki/install/include/ecl/time_lite/functions_mac.hpp
-- Up-to-date: /home/lfvmu/kobuki/install/include/ecl/time_lite/functions_pos.hpp
-- Up-to-date: /home/lfvmu/kobuki/install/include/ecl/time_lite/functions_rt.hpp
-- Up-to-date: /home/lfvmu/kobuki/install/include/ecl/time_lite/functions_win.hpp
-- Up-to-date: /home/lfvmu/kobuki/install/include/ecl/time_lite/macros.hpp
-- Up-to-date: /home/lfvmu/kobuki/install/include/ecl/time_lite/types.hpp
-- Up-to-date: /home/lfvmu/kobuki/install/include/ecl/time_lite/types_pos.hpp
-- Up-to-date: /home/lfvmu/kobuki/install/include/ecl/time_lite/types_win.hpp
-- Up-to-date: /home/lfvmu/kobuki/install/include/ecl/time_lite/config.hpp
-- Up-to-date: /home/lfvmu/kobuki/install/lib/libecl_time_lite.so.1.1.0
-- Up-to-date: /home/lfvmu/kobuki/install/lib/libecl_time_lite.so
-- Up-to-date: /home/lfvmu/kobuki/install/lib/ecl_time_lite/demo_time_functions
