[0.300s] Invoking command in '/home/lfvmu/kobuki/build/ecl_time_lite': AMENT_PREFIX_PATH=/home/lfvmu/kobuki/install CMAKE_PREFIX_PATH=/home/lfvmu/kobuki/install LD_LIBRARY_PATH=/home/lfvmu/kobuki/install/lib PATH=/home/lfvmu/kobuki/install/bin:${PATH} PYTHONPATH=/home/lfvmu/kobuki/install/lib/python3.8/site-packages /usr/bin/cmake /home/lfvmu/kobuki/src/ecl_lite/ecl_time_lite -DBUILD_TESTING=OFF -DCMAKE_INSTALL_PREFIX=/home/lfvmu/kobuki/install
[0.320s] Re-run cmake no build system arguments
[0.359s] -- Found ament_cmake_ros: 0.9.2 (/home/lfvmu/kobuki/install/share/ament_cmake_ros/cmake)
[0.401s] -- Using PYTHON_EXECUTABLE: /usr/bin/python3
[0.754s] -- Found ecl_build: 1.0.3 (/home/lfvmu/kobuki/install/share/ecl_build/cmake)
[0.775s] -- Found ecl_config: 1.1.0 (/home/lfvmu/kobuki/install/share/ecl_config/cmake)
[0.795s] -- Found ecl_errors: 1.1.0 (/home/lfvmu/kobuki/install/share/ecl_errors/cmake)
[0.958s] -- Configuring done
[1.009s] -- Generating done
[1.024s] -- Build files have been written to: /home/lfvmu/kobuki/build/ecl_time_lite
[1.195s] Invoked command in '/home/lfvmu/kobuki/build/ecl_time_lite' returned '0': AMENT_PREFIX_PATH=/home/lfvmu/kobuki/install CMAKE_PREFIX_PATH=/home/lfvmu/kobuki/install LD_LIBRARY_PATH=/home/lfvmu/kobuki/install/lib PATH=/home/lfvmu/kobuki/install/bin:${PATH} PYTHONPATH=/home/lfvmu/kobuki/install/lib/python3.8/site-packages /usr/bin/cmake /home/lfvmu/kobuki/src/ecl_lite/ecl_time_lite -DBUILD_TESTING=OFF -DCMAKE_INSTALL_PREFIX=/home/lfvmu/kobuki/install
[1.198s] Invoking command in '/home/lfvmu/kobuki/build/ecl_time_lite': AMENT_PREFIX_PATH=/home/lfvmu/kobuki/install CMAKE_PREFIX_PATH=/home/lfvmu/kobuki/install LD_LIBRARY_PATH=/home/lfvmu/kobuki/install/lib PATH=/home/lfvmu/kobuki/install/bin:${PATH} PYTHONPATH=/home/lfvmu/kobuki/install/lib/python3.8/site-packages /usr/bin/cmake --build /home/lfvmu/kobuki/build/ecl_time_lite -- -j4 -l4
[1.239s] /usr/bin/cmake -S/home/lfvmu/kobuki/src/ecl_lite/ecl_time_lite -B/home/lfvmu/kobuki/build/ecl_time_lite --check-build-system CMakeFiles/Makefile.cmake 0
[1.263s] /usr/bin/cmake -E cmake_progress_start /home/lfvmu/kobuki/build/ecl_time_lite/CMakeFiles /home/lfvmu/kobuki/build/ecl_time_lite/CMakeFiles/progress.marks
[1.283s] /usr/bin/make -f CMakeFiles/Makefile2 all
[1.284s] make[1]: Entering directory '/home/lfvmu/kobuki/build/ecl_time_lite'
[1.284s] /usr/bin/make -f src/lib/CMakeFiles/ecl_time_lite.dir/build.make src/lib/CMakeFiles/ecl_time_lite.dir/depend
[1.289s] make[2]: Entering directory '/home/lfvmu/kobuki/build/ecl_time_lite'
[1.289s] cd /home/lfvmu/kobuki/build/ecl_time_lite && /usr/bin/cmake -E cmake_depends "Unix Makefiles" /home/lfvmu/kobuki/src/ecl_lite/ecl_time_lite /home/lfvmu/kobuki/src/ecl_lite/ecl_time_lite/src/lib /home/lfvmu/kobuki/build/ecl_time_lite /home/lfvmu/kobuki/build/ecl_time_lite/src/lib /home/lfvmu/kobuki/build/ecl_time_lite/src/lib/CMakeFiles/ecl_time_lite.dir/DependInfo.cmake --color=
[1.318s] make[2]: Leaving directory '/home/lfvmu/kobuki/build/ecl_time_lite'
[1.318s] /usr/bin/make -f src/lib/CMakeFiles/ecl_time_lite.dir/build.make src/lib/CMakeFiles/ecl_time_lite.dir/build
[1.324s] make[2]: Entering directory '/home/lfvmu/kobuki/build/ecl_time_lite'
[1.326s] make[2]: Nothing to be done for 'src/lib/CMakeFiles/ecl_time_lite.dir/build'.
[1.327s] make[2]: Leaving directory '/home/lfvmu/kobuki/build/ecl_time_lite'
[1.355s] [ 77%] Built target ecl_time_lite
[1.366s] /usr/bin/make -f src/examples/CMakeFiles/demo_time_functions.dir/build.make src/examples/CMakeFiles/demo_time_functions.dir/depend
[1.370s] make[2]: Entering directory '/home/lfvmu/kobuki/build/ecl_time_lite'
[1.370s] cd /home/lfvmu/kobuki/build/ecl_time_lite && /usr/bin/cmake -E cmake_depends "Unix Makefiles" /home/lfvmu/kobuki/src/ecl_lite/ecl_time_lite /home/lfvmu/kobuki/src/ecl_lite/ecl_time_lite/src/examples /home/lfvmu/kobuki/build/ecl_time_lite /home/lfvmu/kobuki/build/ecl_time_lite/src/examples /home/lfvmu/kobuki/build/ecl_time_lite/src/examples/CMakeFiles/demo_time_functions.dir/DependInfo.cmake --color=
[1.414s] make[2]: Leaving directory '/home/lfvmu/kobuki/build/ecl_time_lite'
[1.415s] /usr/bin/make -f src/examples/CMakeFiles/demo_time_functions.dir/build.make src/examples/CMakeFiles/demo_time_functions.dir/build
[1.418s] make[2]: Entering directory '/home/lfvmu/kobuki/build/ecl_time_lite'
[1.420s] make[2]: Nothing to be done for 'src/examples/CMakeFiles/demo_time_functions.dir/build'.
[1.420s] make[2]: Leaving directory '/home/lfvmu/kobuki/build/ecl_time_lite'
[1.436s] [100%] Built target demo_time_functions
[1.437s] make[1]: Leaving directory '/home/lfvmu/kobuki/build/ecl_time_lite'
[1.438s] /usr/bin/cmake -E cmake_progress_start /home/lfvmu/kobuki/build/ecl_time_lite/CMakeFiles 0
[1.474s] Invoked command in '/home/lfvmu/kobuki/build/ecl_time_lite' returned '0': AMENT_PREFIX_PATH=/home/lfvmu/kobuki/install CMAKE_PREFIX_PATH=/home/lfvmu/kobuki/install LD_LIBRARY_PATH=/home/lfvmu/kobuki/install/lib PATH=/home/lfvmu/kobuki/install/bin:${PATH} PYTHONPATH=/home/lfvmu/kobuki/install/lib/python3.8/site-packages /usr/bin/cmake --build /home/lfvmu/kobuki/build/ecl_time_lite -- -j4 -l4
[1.585s] Invoking command in '/home/lfvmu/kobuki/build/ecl_time_lite': AMENT_PREFIX_PATH=/home/lfvmu/kobuki/install CMAKE_PREFIX_PATH=/home/lfvmu/kobuki/install LD_LIBRARY_PATH=/home/lfvmu/kobuki/install/lib PATH=/home/lfvmu/kobuki/install/bin:${PATH} PYTHONPATH=/home/lfvmu/kobuki/install/lib/python3.8/site-packages /usr/bin/cmake --install /home/lfvmu/kobuki/build/ecl_time_lite
[1.611s] -- Install configuration: ""
[1.611s] -- Up-to-date: /home/lfvmu/kobuki/install/share/ecl_time_lite/environment/library_path.sh
[1.612s] -- Installing: /home/lfvmu/kobuki/install/share/ecl_time_lite/environment/library_path.dsv
[1.612s] -- Up-to-date: /home/lfvmu/kobuki/install/share/ament_index/resource_index/package_run_dependencies/ecl_time_lite
[1.612s] -- Up-to-date: /home/lfvmu/kobuki/install/share/ament_index/resource_index/parent_prefix_path/ecl_time_lite
[1.613s] -- Up-to-date: /home/lfvmu/kobuki/install/share/ecl_time_lite/environment/ament_prefix_path.sh
[1.613s] -- Installing: /home/lfvmu/kobuki/install/share/ecl_time_lite/environment/ament_prefix_path.dsv
[1.613s] -- Up-to-date: /home/lfvmu/kobuki/install/share/ecl_time_lite/environment/path.sh
[1.614s] -- Installing: /home/lfvmu/kobuki/install/share/ecl_time_lite/environment/path.dsv
[1.614s] -- Up-to-date: /home/lfvmu/kobuki/install/share/ecl_time_lite/local_setup.bash
[1.614s] -- Up-to-date: /home/lfvmu/kobuki/install/share/ecl_time_lite/local_setup.sh
[1.615s] -- Up-to-date: /home/lfvmu/kobuki/install/share/ecl_time_lite/local_setup.zsh
[1.615s] -- Installing: /home/lfvmu/kobuki/install/share/ecl_time_lite/local_setup.dsv
[1.615s] -- Installing: /home/lfvmu/kobuki/install/share/ecl_time_lite/package.dsv
[1.616s] -- Up-to-date: /home/lfvmu/kobuki/install/share/ament_index/resource_index/packages/ecl_time_lite
[1.616s] -- Up-to-date: /home/lfvmu/kobuki/install/share/ecl_time_lite/cmake/ecl_time_liteExport.cmake
[1.616s] -- Installing: /home/lfvmu/kobuki/install/share/ecl_time_lite/cmake/ecl_time_liteExport-noconfig.cmake
[1.617s] -- Up-to-date: /home/lfvmu/kobuki/install/share/ecl_time_lite/cmake/ament_cmake_export_targets-extras.cmake
[1.617s] -- Up-to-date: /home/lfvmu/kobuki/install/share/ecl_time_lite/cmake/ament_cmake_export_include_directories-extras.cmake
[1.617s] -- Up-to-date: /home/lfvmu/kobuki/install/share/ecl_time_lite/cmake/ament_cmake_export_libraries-extras.cmake
[1.617s] -- Up-to-date: /home/lfvmu/kobuki/install/share/ecl_time_lite/cmake/ament_cmake_export_dependencies-extras.cmake
[1.618s] -- Up-to-date: /home/lfvmu/kobuki/install/share/ecl_time_lite/cmake/ecl_time_liteConfig.cmake
[1.618s] -- Up-to-date: /home/lfvmu/kobuki/install/share/ecl_time_lite/cmake/ecl_time_liteConfig-version.cmake
[1.618s] -- Up-to-date: /home/lfvmu/kobuki/install/share/ecl_time_lite/package.xml
[1.620s] -- Up-to-date: /home/lfvmu/kobuki/install/include/ecl/time_lite.hpp
[1.620s] -- Up-to-date: /home/lfvmu/kobuki/install/include/ecl/time_lite/cpu_time.hpp
[1.620s] -- Up-to-date: /home/lfvmu/kobuki/install/include/ecl/time_lite/date.hpp
[1.621s] -- Up-to-date: /home/lfvmu/kobuki/install/include/ecl/time_lite/errors.hpp
[1.621s] -- Up-to-date: /home/lfvmu/kobuki/install/include/ecl/time_lite/functions.hpp
[1.621s] -- Up-to-date: /home/lfvmu/kobuki/install/include/ecl/time_lite/functions_mac.hpp
[1.621s] -- Up-to-date: /home/lfvmu/kobuki/install/include/ecl/time_lite/functions_pos.hpp
[1.621s] -- Up-to-date: /home/lfvmu/kobuki/install/include/ecl/time_lite/functions_rt.hpp
[1.622s] -- Up-to-date: /home/lfvmu/kobuki/install/include/ecl/time_lite/functions_win.hpp
[1.622s] -- Up-to-date: /home/lfvmu/kobuki/install/include/ecl/time_lite/macros.hpp
[1.622s] -- Up-to-date: /home/lfvmu/kobuki/install/include/ecl/time_lite/types.hpp
[1.622s] -- Up-to-date: /home/lfvmu/kobuki/install/include/ecl/time_lite/types_pos.hpp
[1.623s] -- Up-to-date: /home/lfvmu/kobuki/install/include/ecl/time_lite/types_win.hpp
[1.623s] -- Up-to-date: /home/lfvmu/kobuki/install/include/ecl/time_lite/config.hpp
[1.623s] -- Up-to-date: /home/lfvmu/kobuki/install/lib/libecl_time_lite.so.1.1.0
[1.628s] -- Up-to-date: /home/lfvmu/kobuki/install/lib/libecl_time_lite.so
[1.629s] -- Up-to-date: /home/lfvmu/kobuki/install/lib/ecl_time_lite/demo_time_functions
[1.640s] Invoked command in '/home/lfvmu/kobuki/build/ecl_time_lite' returned '0': AMENT_PREFIX_PATH=/home/lfvmu/kobuki/install CMAKE_PREFIX_PATH=/home/lfvmu/kobuki/install LD_LIBRARY_PATH=/home/lfvmu/kobuki/install/lib PATH=/home/lfvmu/kobuki/install/bin:${PATH} PYTHONPATH=/home/lfvmu/kobuki/install/lib/python3.8/site-packages /usr/bin/cmake --install /home/lfvmu/kobuki/build/ecl_time_lite
