[0.371s] Invoking command in '/home/lfvmu/kobuki/build/kobuki_core': AMENT_PREFIX_PATH=/home/lfvmu/kobuki/install CMAKE_PREFIX_PATH=/home/lfvmu/kobuki/install LD_LIBRARY_PATH=/home/lfvmu/kobuki/install/lib PATH=/home/lfvmu/kobuki/install/bin:${PATH} PKG_CONFIG_PATH=/home/lfvmu/kobuki/install/lib/x86_64-linux-gnu/pkgconfig:/home/lfvmu/kobuki/install/lib/pkgconfig PYTHONPATH=/home/lfvmu/kobuki/install/lib/python3.8/site-packages /usr/bin/cmake --build /home/lfvmu/kobuki/build/kobuki_core -- -j4 -l4
[0.423s] /usr/bin/cmake -S/home/lfvmu/kobuki/src/kobuki_core -B/home/lfvmu/kobuki/build/kobuki_core --check-build-system CMakeFiles/Makefile.cmake 0
[0.454s] Re-run cmake file: Makefile older than: /home/lfvmu/kobuki/install/share/ecl_mobile_robot/cmake/ecl_mobile_robotExport-noconfig.cmake
[0.485s] -- Found ament_cmake_ros: 0.9.2 (/home/lfvmu/kobuki/install/share/ament_cmake_ros/cmake)
[0.527s] -- Using PYTHON_EXECUTABLE: /usr/bin/python3
[0.871s] -- Found ecl_build: 1.0.3 (/home/lfvmu/kobuki/install/share/ecl_build/cmake)
[0.892s] -- Found ecl_command_line: 1.2.1 (/home/lfvmu/kobuki/install/share/ecl_command_line/cmake)
[0.903s] -- Found ecl_config: 1.1.0 (/home/lfvmu/kobuki/install/share/ecl_config/cmake)
[0.906s] -- Found ecl_console: 1.1.0 (/home/lfvmu/kobuki/install/share/ecl_console/cmake)
[0.918s] -- Found ecl_converters: 1.2.1 (/home/lfvmu/kobuki/install/share/ecl_converters/cmake)
[0.998s] -- Found ecl_devices: 1.2.1 (/home/lfvmu/kobuki/install/share/ecl_devices/cmake)
[1.158s] -- Found ecl_geometry: 1.2.1 (/home/lfvmu/kobuki/install/share/ecl_geometry/cmake)
[1.256s] -- Found ecl_mobile_robot: 1.2.1 (/home/lfvmu/kobuki/install/share/ecl_mobile_robot/cmake)
[1.279s] -- Found ecl_sigslots: 1.2.1 (/home/lfvmu/kobuki/install/share/ecl_sigslots/cmake)
[1.456s] -- Configuring done
[1.548s] -- Generating done
[1.561s] -- Build files have been written to: /home/lfvmu/kobuki/build/kobuki_core
[1.568s] /usr/bin/cmake -E cmake_progress_start /home/lfvmu/kobuki/build/kobuki_core/CMakeFiles /home/lfvmu/kobuki/build/kobuki_core/CMakeFiles/progress.marks
[1.586s] /usr/bin/make -f CMakeFiles/Makefile2 all
[1.590s] make[1]: Entering directory '/home/lfvmu/kobuki/build/kobuki_core'
[1.590s] /usr/bin/make -f src/driver/CMakeFiles/kobuki_core.dir/build.make src/driver/CMakeFiles/kobuki_core.dir/depend
[1.639s] make[2]: Entering directory '/home/lfvmu/kobuki/build/kobuki_core'
[1.643s] cd /home/lfvmu/kobuki/build/kobuki_core && /usr/bin/cmake -E cmake_depends "Unix Makefiles" /home/lfvmu/kobuki/src/kobuki_core /home/lfvmu/kobuki/src/kobuki_core/src/driver /home/lfvmu/kobuki/build/kobuki_core /home/lfvmu/kobuki/build/kobuki_core/src/driver /home/lfvmu/kobuki/build/kobuki_core/src/driver/CMakeFiles/kobuki_core.dir/DependInfo.cmake --color=
[1.667s] make[2]: Leaving directory '/home/lfvmu/kobuki/build/kobuki_core'
[1.668s] /usr/bin/make -f src/driver/CMakeFiles/kobuki_core.dir/build.make src/driver/CMakeFiles/kobuki_core.dir/build
[1.744s] make[2]: Entering directory '/home/lfvmu/kobuki/build/kobuki_core'
[1.745s] make[2]: Nothing to be done for 'src/driver/CMakeFiles/kobuki_core.dir/build'.
[1.745s] make[2]: Leaving directory '/home/lfvmu/kobuki/build/kobuki_core'
[1.767s] [ 43%] Built target kobuki_core
[1.769s] /usr/bin/make -f src/demos/CMakeFiles/kobuki_core_demo_custom_logging.dir/build.make src/demos/CMakeFiles/kobuki_core_demo_custom_logging.dir/depend
[1.770s] /usr/bin/make -f src/demos/CMakeFiles/kobuki_core_demo_raw_data_stream.dir/build.make src/demos/CMakeFiles/kobuki_core_demo_raw_data_stream.dir/depend
[1.770s] /usr/bin/make -f src/demos/CMakeFiles/kobuki_core_demo_buttons.dir/build.make src/demos/CMakeFiles/kobuki_core_demo_buttons.dir/depend
[1.782s] make[2]: Entering directory '/home/lfvmu/kobuki/build/kobuki_core'
[1.782s] cd /home/lfvmu/kobuki/build/kobuki_core && /usr/bin/cmake -E cmake_depends "Unix Makefiles" /home/lfvmu/kobuki/src/kobuki_core /home/lfvmu/kobuki/src/kobuki_core/src/demos /home/lfvmu/kobuki/build/kobuki_core /home/lfvmu/kobuki/build/kobuki_core/src/demos /home/lfvmu/kobuki/build/kobuki_core/src/demos/CMakeFiles/kobuki_core_demo_buttons.dir/DependInfo.cmake --color=
[1.783s] make[2]: Entering directory '/home/lfvmu/kobuki/build/kobuki_core'
[1.783s] cd /home/lfvmu/kobuki/build/kobuki_core && /usr/bin/cmake -E cmake_depends "Unix Makefiles" /home/lfvmu/kobuki/src/kobuki_core /home/lfvmu/kobuki/src/kobuki_core/src/demos /home/lfvmu/kobuki/build/kobuki_core /home/lfvmu/kobuki/build/kobuki_core/src/demos /home/lfvmu/kobuki/build/kobuki_core/src/demos/CMakeFiles/kobuki_core_demo_custom_logging.dir/DependInfo.cmake --color=
[1.794s] make[2]: Entering directory '/home/lfvmu/kobuki/build/kobuki_core'
[1.794s] cd /home/lfvmu/kobuki/build/kobuki_core && /usr/bin/cmake -E cmake_depends "Unix Makefiles" /home/lfvmu/kobuki/src/kobuki_core /home/lfvmu/kobuki/src/kobuki_core/src/demos /home/lfvmu/kobuki/build/kobuki_core /home/lfvmu/kobuki/build/kobuki_core/src/demos /home/lfvmu/kobuki/build/kobuki_core/src/demos/CMakeFiles/kobuki_core_demo_raw_data_stream.dir/DependInfo.cmake --color=
[1.807s] make[2]: Leaving directory '/home/lfvmu/kobuki/build/kobuki_core'
[1.807s] /usr/bin/make -f src/demos/CMakeFiles/kobuki_core_demo_buttons.dir/build.make src/demos/CMakeFiles/kobuki_core_demo_buttons.dir/build
[1.821s] make[2]: Leaving directory '/home/lfvmu/kobuki/build/kobuki_core'
[1.822s] /usr/bin/make -f src/demos/CMakeFiles/kobuki_core_demo_raw_data_stream.dir/build.make src/demos/CMakeFiles/kobuki_core_demo_raw_data_stream.dir/build
[1.827s] make[2]: Leaving directory '/home/lfvmu/kobuki/build/kobuki_core'
[1.827s] /usr/bin/make -f src/demos/CMakeFiles/kobuki_core_demo_custom_logging.dir/build.make src/demos/CMakeFiles/kobuki_core_demo_custom_logging.dir/build
[1.848s] make[2]: Entering directory '/home/lfvmu/kobuki/build/kobuki_core'
[1.848s] make[2]: Nothing to be done for 'src/demos/CMakeFiles/kobuki_core_demo_buttons.dir/build'.
[1.848s] make[2]: Leaving directory '/home/lfvmu/kobuki/build/kobuki_core'
[1.866s] [ 50%] Built target kobuki_core_demo_buttons
[1.868s] make[2]: Entering directory '/home/lfvmu/kobuki/build/kobuki_core'
[1.868s] make[2]: Nothing to be done for 'src/demos/CMakeFiles/kobuki_core_demo_custom_logging.dir/build'.
[1.868s] make[2]: Leaving directory '/home/lfvmu/kobuki/build/kobuki_core'
[1.869s] make[2]: Entering directory '/home/lfvmu/kobuki/build/kobuki_core'
[1.869s] make[2]: Nothing to be done for 'src/demos/CMakeFiles/kobuki_core_demo_raw_data_stream.dir/build'.
[1.870s] make[2]: Leaving directory '/home/lfvmu/kobuki/build/kobuki_core'
[1.870s] /usr/bin/make -f src/demos/CMakeFiles/kobuki_core_demo_data_stream.dir/build.make src/demos/CMakeFiles/kobuki_core_demo_data_stream.dir/depend
[1.882s] make[2]: Entering directory '/home/lfvmu/kobuki/build/kobuki_core'
[1.882s] cd /home/lfvmu/kobuki/build/kobuki_core && /usr/bin/cmake -E cmake_depends "Unix Makefiles" /home/lfvmu/kobuki/src/kobuki_core /home/lfvmu/kobuki/src/kobuki_core/src/demos /home/lfvmu/kobuki/build/kobuki_core /home/lfvmu/kobuki/build/kobuki_core/src/demos /home/lfvmu/kobuki/build/kobuki_core/src/demos/CMakeFiles/kobuki_core_demo_data_stream.dir/DependInfo.cmake --color=
[1.889s] [ 56%] Built target kobuki_core_demo_custom_logging
[1.894s] /usr/bin/make -f src/demos/CMakeFiles/kobuki_core_demo_simple_loop.dir/build.make src/demos/CMakeFiles/kobuki_core_demo_simple_loop.dir/depend
[1.904s] [ 62%] Built target kobuki_core_demo_raw_data_stream
[1.907s] make[2]: Entering directory '/home/lfvmu/kobuki/build/kobuki_core'
[1.907s] cd /home/lfvmu/kobuki/build/kobuki_core && /usr/bin/cmake -E cmake_depends "Unix Makefiles" /home/lfvmu/kobuki/src/kobuki_core /home/lfvmu/kobuki/src/kobuki_core/src/demos /home/lfvmu/kobuki/build/kobuki_core /home/lfvmu/kobuki/build/kobuki_core/src/demos /home/lfvmu/kobuki/build/kobuki_core/src/demos/CMakeFiles/kobuki_core_demo_simple_loop.dir/DependInfo.cmake --color=
[1.910s] make[2]: Leaving directory '/home/lfvmu/kobuki/build/kobuki_core'
[1.910s] /usr/bin/make -f src/demos/CMakeFiles/kobuki_core_demo_data_stream.dir/build.make src/demos/CMakeFiles/kobuki_core_demo_data_stream.dir/build
[1.911s] /usr/bin/make -f src/demos/CMakeFiles/kobuki_core_demo_chirp.dir/build.make src/demos/CMakeFiles/kobuki_core_demo_chirp.dir/depend
[1.924s] /usr/bin/make -f src/demos/CMakeFiles/kobuki_core_demo_velocity_commands.dir/build.make src/demos/CMakeFiles/kobuki_core_demo_velocity_commands.dir/depend
[1.936s] make[2]: Entering directory '/home/lfvmu/kobuki/build/kobuki_core'
[1.937s] cd /home/lfvmu/kobuki/build/kobuki_core && /usr/bin/cmake -E cmake_depends "Unix Makefiles" /home/lfvmu/kobuki/src/kobuki_core /home/lfvmu/kobuki/src/kobuki_core/src/demos /home/lfvmu/kobuki/build/kobuki_core /home/lfvmu/kobuki/build/kobuki_core/src/demos /home/lfvmu/kobuki/build/kobuki_core/src/demos/CMakeFiles/kobuki_core_demo_chirp.dir/DependInfo.cmake --color=
[1.940s] make[2]: Entering directory '/home/lfvmu/kobuki/build/kobuki_core'
[1.940s] cd /home/lfvmu/kobuki/build/kobuki_core && /usr/bin/cmake -E cmake_depends "Unix Makefiles" /home/lfvmu/kobuki/src/kobuki_core /home/lfvmu/kobuki/src/kobuki_core/src/demos /home/lfvmu/kobuki/build/kobuki_core /home/lfvmu/kobuki/build/kobuki_core/src/demos /home/lfvmu/kobuki/build/kobuki_core/src/demos/CMakeFiles/kobuki_core_demo_velocity_commands.dir/DependInfo.cmake --color=
[1.942s] make[2]: Entering directory '/home/lfvmu/kobuki/build/kobuki_core'
[1.943s] make[2]: Nothing to be done for 'src/demos/CMakeFiles/kobuki_core_demo_data_stream.dir/build'.
[1.943s] make[2]: Leaving directory '/home/lfvmu/kobuki/build/kobuki_core'
[1.953s] make[2]: Leaving directory '/home/lfvmu/kobuki/build/kobuki_core'
[1.953s] /usr/bin/make -f src/demos/CMakeFiles/kobuki_core_demo_simple_loop.dir/build.make src/demos/CMakeFiles/kobuki_core_demo_simple_loop.dir/build
[1.962s] make[2]: Leaving directory '/home/lfvmu/kobuki/build/kobuki_core'
[1.963s] /usr/bin/make -f src/demos/CMakeFiles/kobuki_core_demo_velocity_commands.dir/build.make src/demos/CMakeFiles/kobuki_core_demo_velocity_commands.dir/build
[1.971s] make[2]: Leaving directory '/home/lfvmu/kobuki/build/kobuki_core'
[1.971s] /usr/bin/make -f src/demos/CMakeFiles/kobuki_core_demo_chirp.dir/build.make src/demos/CMakeFiles/kobuki_core_demo_chirp.dir/build
[1.977s] make[2]: Entering directory '/home/lfvmu/kobuki/build/kobuki_core'
[1.977s] make[2]: Nothing to be done for 'src/demos/CMakeFiles/kobuki_core_demo_velocity_commands.dir/build'.
[1.977s] make[2]: Leaving directory '/home/lfvmu/kobuki/build/kobuki_core'
[1.979s] [ 68%] Built target kobuki_core_demo_data_stream
[1.984s] /usr/bin/make -f src/tools/CMakeFiles/kobuki_core_tool_simple_keyop.dir/build.make src/tools/CMakeFiles/kobuki_core_tool_simple_keyop.dir/depend
[1.993s] make[2]: Entering directory '/home/lfvmu/kobuki/build/kobuki_core'
[1.993s] make[2]: Nothing to be done for 'src/demos/CMakeFiles/kobuki_core_demo_simple_loop.dir/build'.
[1.994s] make[2]: Leaving directory '/home/lfvmu/kobuki/build/kobuki_core'
[1.996s] make[2]: Entering directory '/home/lfvmu/kobuki/build/kobuki_core'
[1.996s] cd /home/lfvmu/kobuki/build/kobuki_core && /usr/bin/cmake -E cmake_depends "Unix Makefiles" /home/lfvmu/kobuki/src/kobuki_core /home/lfvmu/kobuki/src/kobuki_core/src/tools /home/lfvmu/kobuki/build/kobuki_core /home/lfvmu/kobuki/build/kobuki_core/src/tools /home/lfvmu/kobuki/build/kobuki_core/src/tools/CMakeFiles/kobuki_core_tool_simple_keyop.dir/DependInfo.cmake --color=
[2.007s] [ 75%] Built target kobuki_core_demo_velocity_commands
[2.018s] /usr/bin/make -f src/tools/CMakeFiles/kobuki_core_tool_version_info.dir/build.make src/tools/CMakeFiles/kobuki_core_tool_version_info.dir/depend
[2.025s] make[2]: Entering directory '/home/lfvmu/kobuki/build/kobuki_core'
[2.026s] make[2]: Nothing to be done for 'src/demos/CMakeFiles/kobuki_core_demo_chirp.dir/build'.
[2.026s] make[2]: Leaving directory '/home/lfvmu/kobuki/build/kobuki_core'
[2.030s] [ 81%] Built target kobuki_core_demo_simple_loop
[2.031s] make[2]: Entering directory '/home/lfvmu/kobuki/build/kobuki_core'
[2.031s] cd /home/lfvmu/kobuki/build/kobuki_core && /usr/bin/cmake -E cmake_depends "Unix Makefiles" /home/lfvmu/kobuki/src/kobuki_core /home/lfvmu/kobuki/src/kobuki_core/src/tools /home/lfvmu/kobuki/build/kobuki_core /home/lfvmu/kobuki/build/kobuki_core/src/tools /home/lfvmu/kobuki/build/kobuki_core/src/tools/CMakeFiles/kobuki_core_tool_version_info.dir/DependInfo.cmake --color=
[2.050s] [ 87%] Built target kobuki_core_demo_chirp
[2.061s] make[2]: Leaving directory '/home/lfvmu/kobuki/build/kobuki_core'
[2.061s] /usr/bin/make -f src/tools/CMakeFiles/kobuki_core_tool_simple_keyop.dir/build.make src/tools/CMakeFiles/kobuki_core_tool_simple_keyop.dir/build
[2.070s] make[2]: Leaving directory '/home/lfvmu/kobuki/build/kobuki_core'
[2.071s] /usr/bin/make -f src/tools/CMakeFiles/kobuki_core_tool_version_info.dir/build.make src/tools/CMakeFiles/kobuki_core_tool_version_info.dir/build
[2.097s] make[2]: Entering directory '/home/lfvmu/kobuki/build/kobuki_core'
[2.097s] make[2]: Nothing to be done for 'src/tools/CMakeFiles/kobuki_core_tool_simple_keyop.dir/build'.
[2.098s] make[2]: Leaving directory '/home/lfvmu/kobuki/build/kobuki_core'
[2.119s] make[2]: Entering directory '/home/lfvmu/kobuki/build/kobuki_core'
[2.120s] make[2]: Nothing to be done for 'src/tools/CMakeFiles/kobuki_core_tool_version_info.dir/build'.
[2.120s] make[2]: Leaving directory '/home/lfvmu/kobuki/build/kobuki_core'
[2.122s] [ 93%] Built target kobuki_core_tool_simple_keyop
[2.142s] [100%] Built target kobuki_core_tool_version_info
[2.144s] make[1]: Leaving directory '/home/lfvmu/kobuki/build/kobuki_core'
[2.145s] /usr/bin/cmake -E cmake_progress_start /home/lfvmu/kobuki/build/kobuki_core/CMakeFiles 0
[2.180s] Invoked command in '/home/lfvmu/kobuki/build/kobuki_core' returned '0': AMENT_PREFIX_PATH=/home/lfvmu/kobuki/install CMAKE_PREFIX_PATH=/home/lfvmu/kobuki/install LD_LIBRARY_PATH=/home/lfvmu/kobuki/install/lib PATH=/home/lfvmu/kobuki/install/bin:${PATH} PKG_CONFIG_PATH=/home/lfvmu/kobuki/install/lib/x86_64-linux-gnu/pkgconfig:/home/lfvmu/kobuki/install/lib/pkgconfig PYTHONPATH=/home/lfvmu/kobuki/install/lib/python3.8/site-packages /usr/bin/cmake --build /home/lfvmu/kobuki/build/kobuki_core -- -j4 -l4
[2.259s] Invoking command in '/home/lfvmu/kobuki/build/kobuki_core': AMENT_PREFIX_PATH=/home/lfvmu/kobuki/install CMAKE_PREFIX_PATH=/home/lfvmu/kobuki/install LD_LIBRARY_PATH=/home/lfvmu/kobuki/install/lib PATH=/home/lfvmu/kobuki/install/bin:${PATH} PKG_CONFIG_PATH=/home/lfvmu/kobuki/install/lib/x86_64-linux-gnu/pkgconfig:/home/lfvmu/kobuki/install/lib/pkgconfig PYTHONPATH=/home/lfvmu/kobuki/install/lib/python3.8/site-packages /usr/bin/cmake --install /home/lfvmu/kobuki/build/kobuki_core
[2.290s] -- Install configuration: ""
[2.291s] -- Up-to-date: /home/lfvmu/kobuki/install/include
[2.292s] -- Up-to-date: /home/lfvmu/kobuki/install/include/kobuki_core
[2.293s] -- Up-to-date: /home/lfvmu/kobuki/install/include/kobuki_core/macros.hpp
[2.295s] -- Up-to-date: /home/lfvmu/kobuki/install/include/kobuki_core/dock_drive.hpp
[2.295s] -- Up-to-date: /home/lfvmu/kobuki/install/include/kobuki_core/version_info.hpp
[2.295s] -- Up-to-date: /home/lfvmu/kobuki/install/include/kobuki_core/command.hpp
[2.296s] -- Up-to-date: /home/lfvmu/kobuki/install/include/kobuki_core/modules.hpp
[2.297s] -- Up-to-date: /home/lfvmu/kobuki/install/include/kobuki_core/event_manager.hpp
[2.297s] -- Up-to-date: /home/lfvmu/kobuki/install/include/kobuki_core/packets.hpp
[2.298s] -- Up-to-date: /home/lfvmu/kobuki/install/include/kobuki_core/packets
[2.298s] -- Up-to-date: /home/lfvmu/kobuki/install/include/kobuki_core/packets/controller_info.hpp
[2.298s] -- Up-to-date: /home/lfvmu/kobuki/install/include/kobuki_core/packets/gp_input.hpp
[2.299s] -- Up-to-date: /home/lfvmu/kobuki/install/include/kobuki_core/packets/current.hpp
[2.299s] -- Up-to-date: /home/lfvmu/kobuki/install/include/kobuki_core/packets/three_axis_gyro.hpp
[2.301s] -- Up-to-date: /home/lfvmu/kobuki/install/include/kobuki_core/packets/cliff.hpp
[2.301s] -- Up-to-date: /home/lfvmu/kobuki/install/include/kobuki_core/packets/firmware.hpp
[2.302s] -- Up-to-date: /home/lfvmu/kobuki/install/include/kobuki_core/packets/eeprom.hpp
[2.302s] -- Up-to-date: /home/lfvmu/kobuki/install/include/kobuki_core/packets/dock_ir.hpp
[2.303s] -- Up-to-date: /home/lfvmu/kobuki/install/include/kobuki_core/packets/core_sensors.hpp
[2.303s] -- Up-to-date: /home/lfvmu/kobuki/install/include/kobuki_core/packets/inertia.hpp
[2.304s] -- Up-to-date: /home/lfvmu/kobuki/install/include/kobuki_core/packets/unique_device_id.hpp
[2.305s] -- Up-to-date: /home/lfvmu/kobuki/install/include/kobuki_core/packets/hardware.hpp
[2.305s] -- Up-to-date: /home/lfvmu/kobuki/install/include/kobuki_core/packet_handler
[2.306s] -- Up-to-date: /home/lfvmu/kobuki/install/include/kobuki_core/packet_handler/payload_headers.hpp
[2.306s] -- Up-to-date: /home/lfvmu/kobuki/install/include/kobuki_core/packet_handler/packet_finder.hpp
[2.307s] -- Up-to-date: /home/lfvmu/kobuki/install/include/kobuki_core/packet_handler/payload_base.hpp
[2.307s] -- Up-to-date: /home/lfvmu/kobuki/install/include/kobuki_core/parameters.hpp
[2.308s] -- Up-to-date: /home/lfvmu/kobuki/install/include/kobuki_core/kobuki.hpp
[2.308s] -- Up-to-date: /home/lfvmu/kobuki/install/include/kobuki_core/logging.hpp
[2.308s] -- Up-to-date: /home/lfvmu/kobuki/install/include/kobuki_core/modules
[2.308s] -- Up-to-date: /home/lfvmu/kobuki/install/include/kobuki_core/modules/acceleration_limiter.hpp
[2.309s] -- Up-to-date: /home/lfvmu/kobuki/install/include/kobuki_core/modules/battery.hpp
[2.309s] -- Up-to-date: /home/lfvmu/kobuki/install/include/kobuki_core/modules/digital_output.hpp
[2.309s] -- Up-to-date: /home/lfvmu/kobuki/install/include/kobuki_core/modules/led_array.hpp
[2.310s] -- Up-to-date: /home/lfvmu/kobuki/install/include/kobuki_core/modules/diff_drive.hpp
[2.310s] -- Up-to-date: /home/lfvmu/kobuki/install/include/kobuki_core/modules/sound.hpp
[2.310s] -- Up-to-date: /home/lfvmu/kobuki/install/include/CMakeLists.txt
[2.310s] -- Up-to-date: /home/lfvmu/kobuki/install/share/kobuki_core/environment/library_path.sh
[2.310s] -- Installing: /home/lfvmu/kobuki/install/share/kobuki_core/environment/library_path.dsv
[2.311s] -- Up-to-date: /home/lfvmu/kobuki/install/share/ament_index/resource_index/package_run_dependencies/kobuki_core
[2.311s] -- Up-to-date: /home/lfvmu/kobuki/install/share/ament_index/resource_index/parent_prefix_path/kobuki_core
[2.312s] -- Up-to-date: /home/lfvmu/kobuki/install/share/kobuki_core/environment/ament_prefix_path.sh
[2.312s] -- Installing: /home/lfvmu/kobuki/install/share/kobuki_core/environment/ament_prefix_path.dsv
[2.312s] -- Up-to-date: /home/lfvmu/kobuki/install/share/kobuki_core/environment/path.sh
[2.312s] -- Installing: /home/lfvmu/kobuki/install/share/kobuki_core/environment/path.dsv
[2.312s] -- Up-to-date: /home/lfvmu/kobuki/install/share/kobuki_core/local_setup.bash
[2.313s] -- Up-to-date: /home/lfvmu/kobuki/install/share/kobuki_core/local_setup.sh
[2.313s] -- Up-to-date: /home/lfvmu/kobuki/install/share/kobuki_core/local_setup.zsh
[2.313s] -- Installing: /home/lfvmu/kobuki/install/share/kobuki_core/local_setup.dsv
[2.313s] -- Installing: /home/lfvmu/kobuki/install/share/kobuki_core/package.dsv
[2.313s] -- Up-to-date: /home/lfvmu/kobuki/install/share/ament_index/resource_index/packages/kobuki_core
[2.313s] -- Up-to-date: /home/lfvmu/kobuki/install/share/kobuki_core/cmake/kobuki_coreExport.cmake
[2.314s] -- Installing: /home/lfvmu/kobuki/install/share/kobuki_core/cmake/kobuki_coreExport-noconfig.cmake
[2.314s] -- Up-to-date: /home/lfvmu/kobuki/install/share/kobuki_core/cmake/ament_cmake_export_targets-extras.cmake
[2.314s] -- Up-to-date: /home/lfvmu/kobuki/install/share/kobuki_core/cmake/ament_cmake_export_dependencies-extras.cmake
[2.314s] -- Up-to-date: /home/lfvmu/kobuki/install/share/kobuki_core/cmake/ament_cmake_export_include_directories-extras.cmake
[2.314s] -- Up-to-date: /home/lfvmu/kobuki/install/share/kobuki_core/cmake/ament_cmake_export_libraries-extras.cmake
[2.314s] -- Up-to-date: /home/lfvmu/kobuki/install/share/kobuki_core/cmake/kobuki_coreConfig.cmake
[2.315s] -- Up-to-date: /home/lfvmu/kobuki/install/share/kobuki_core/cmake/kobuki_coreConfig-version.cmake
[2.315s] -- Up-to-date: /home/lfvmu/kobuki/install/share/kobuki_core/package.xml
[2.315s] -- Up-to-date: /home/lfvmu/kobuki/install/include/kobuki_core
[2.315s] -- Up-to-date: /home/lfvmu/kobuki/install/include/kobuki_core/macros.hpp
[2.317s] -- Up-to-date: /home/lfvmu/kobuki/install/include/kobuki_core/dock_drive.hpp
[2.317s] -- Up-to-date: /home/lfvmu/kobuki/install/include/kobuki_core/version_info.hpp
[2.318s] -- Up-to-date: /home/lfvmu/kobuki/install/include/kobuki_core/command.hpp
[2.318s] -- Up-to-date: /home/lfvmu/kobuki/install/include/kobuki_core/modules.hpp
[2.318s] -- Up-to-date: /home/lfvmu/kobuki/install/include/kobuki_core/event_manager.hpp
[2.318s] -- Up-to-date: /home/lfvmu/kobuki/install/include/kobuki_core/packets.hpp
[2.319s] -- Up-to-date: /home/lfvmu/kobuki/install/include/kobuki_core/packets
[2.319s] -- Up-to-date: /home/lfvmu/kobuki/install/include/kobuki_core/packets/controller_info.hpp
[2.319s] -- Up-to-date: /home/lfvmu/kobuki/install/include/kobuki_core/packets/gp_input.hpp
[2.319s] -- Up-to-date: /home/lfvmu/kobuki/install/include/kobuki_core/packets/current.hpp
[2.320s] -- Up-to-date: /home/lfvmu/kobuki/install/include/kobuki_core/packets/three_axis_gyro.hpp
[2.320s] -- Up-to-date: /home/lfvmu/kobuki/install/include/kobuki_core/packets/cliff.hpp
[2.320s] -- Up-to-date: /home/lfvmu/kobuki/install/include/kobuki_core/packets/firmware.hpp
[2.320s] -- Up-to-date: /home/lfvmu/kobuki/install/include/kobuki_core/packets/eeprom.hpp
[2.321s] -- Up-to-date: /home/lfvmu/kobuki/install/include/kobuki_core/packets/dock_ir.hpp
[2.321s] -- Up-to-date: /home/lfvmu/kobuki/install/include/kobuki_core/packets/core_sensors.hpp
[2.321s] -- Up-to-date: /home/lfvmu/kobuki/install/include/kobuki_core/packets/inertia.hpp
[2.322s] -- Up-to-date: /home/lfvmu/kobuki/install/include/kobuki_core/packets/unique_device_id.hpp
[2.322s] -- Up-to-date: /home/lfvmu/kobuki/install/include/kobuki_core/packets/hardware.hpp
[2.322s] -- Up-to-date: /home/lfvmu/kobuki/install/include/kobuki_core/packet_handler
[2.323s] -- Up-to-date: /home/lfvmu/kobuki/install/include/kobuki_core/packet_handler/payload_headers.hpp
[2.323s] -- Up-to-date: /home/lfvmu/kobuki/install/include/kobuki_core/packet_handler/packet_finder.hpp
[2.324s] -- Up-to-date: /home/lfvmu/kobuki/install/include/kobuki_core/packet_handler/payload_base.hpp
[2.325s] -- Up-to-date: /home/lfvmu/kobuki/install/include/kobuki_core/parameters.hpp
[2.325s] -- Up-to-date: /home/lfvmu/kobuki/install/include/kobuki_core/kobuki.hpp
[2.326s] -- Up-to-date: /home/lfvmu/kobuki/install/include/kobuki_core/logging.hpp
[2.328s] -- Up-to-date: /home/lfvmu/kobuki/install/include/kobuki_core/modules
[2.328s] -- Up-to-date: /home/lfvmu/kobuki/install/include/kobuki_core/modules/acceleration_limiter.hpp
[2.328s] -- Up-to-date: /home/lfvmu/kobuki/install/include/kobuki_core/modules/battery.hpp
[2.329s] -- Up-to-date: /home/lfvmu/kobuki/install/include/kobuki_core/modules/digital_output.hpp
[2.329s] -- Up-to-date: /home/lfvmu/kobuki/install/include/kobuki_core/modules/led_array.hpp
[2.329s] -- Up-to-date: /home/lfvmu/kobuki/install/include/kobuki_core/modules/diff_drive.hpp
[2.331s] -- Up-to-date: /home/lfvmu/kobuki/install/include/kobuki_core/modules/sound.hpp
[2.332s] -- Up-to-date: /home/lfvmu/kobuki/install/lib/libkobuki_core.so.1.3.1
[2.332s] -- Up-to-date: /home/lfvmu/kobuki/install/lib/libkobuki_core.so
[2.332s] -- Up-to-date: /home/lfvmu/kobuki/install/lib/kobuki_core/demo_chirp
[2.333s] -- Up-to-date: /home/lfvmu/kobuki/install/lib/kobuki_core/demo_custom_logging
[2.333s] -- Up-to-date: /home/lfvmu/kobuki/install/lib/kobuki_core/demo_buttons
[2.333s] -- Up-to-date: /home/lfvmu/kobuki/install/lib/kobuki_core/demo_raw_data_stream
[2.334s] -- Up-to-date: /home/lfvmu/kobuki/install/lib/kobuki_core/demo_data_stream
[2.334s] -- Up-to-date: /home/lfvmu/kobuki/install/lib/kobuki_core/demo_velocity_commands
[2.340s] -- Up-to-date: /home/lfvmu/kobuki/install/lib/kobuki_core/demo_simple_loop
[2.340s] -- Up-to-date: /home/lfvmu/kobuki/install/bin/kobuki-version-info
[2.346s] -- Up-to-date: /home/lfvmu/kobuki/install/bin/kobuki-simple-keyop
[2.346s] Invoked command in '/home/lfvmu/kobuki/build/kobuki_core' returned '0': AMENT_PREFIX_PATH=/home/lfvmu/kobuki/install CMAKE_PREFIX_PATH=/home/lfvmu/kobuki/install LD_LIBRARY_PATH=/home/lfvmu/kobuki/install/lib PATH=/home/lfvmu/kobuki/install/bin:${PATH} PKG_CONFIG_PATH=/home/lfvmu/kobuki/install/lib/x86_64-linux-gnu/pkgconfig:/home/lfvmu/kobuki/install/lib/pkgconfig PYTHONPATH=/home/lfvmu/kobuki/install/lib/python3.8/site-packages /usr/bin/cmake --install /home/lfvmu/kobuki/build/kobuki_core
