[0.341s] Invoking command in '/home/lfvmu/kobuki/build/ecl_converters': /usr/bin/cmake /home/lfvmu/kobuki/src/ecl_core/ecl_converters -DBUILD_TESTING=OFF --no-warn-unused-cli -DCMAKE_INSTALL_PREFIX=/home/lfvmu/kobuki/install
[0.373s] Not searching for unused variables given on the command line.
[0.393s] -- Found ament_cmake_ros: 0.9.2 (/home/lfvmu/kobuki/install/share/ament_cmake_ros/cmake)
[0.435s] -- Using PYTHON_EXECUTABLE: /usr/bin/python3
[0.795s] -- Found ecl_build: 1.0.3 (/home/lfvmu/kobuki/install/share/ecl_build/cmake)
[0.825s] -- Found ecl_config: 1.1.0 (/home/lfvmu/kobuki/install/share/ecl_config/cmake)
[0.832s] -- Found ecl_concepts: 1.2.1 (/home/lfvmu/kobuki/install/share/ecl_concepts/cmake)
[0.878s] -- Found ecl_errors: 1.1.0 (/home/lfvmu/kobuki/install/share/ecl_errors/cmake)
[0.899s] -- Found ecl_exceptions: 1.2.1 (/home/lfvmu/kobuki/install/share/ecl_exceptions/cmake)
[1.094s] -- Configuring done
[1.122s] -- Generating done
[1.125s] -- Build files have been written to: /home/lfvmu/kobuki/build/ecl_converters
[1.293s] Invoked command in '/home/lfvmu/kobuki/build/ecl_converters' returned '0': /usr/bin/cmake /home/lfvmu/kobuki/src/ecl_core/ecl_converters -DBUILD_TESTING=OFF --no-warn-unused-cli -DCMAKE_INSTALL_PREFIX=/home/lfvmu/kobuki/install
[1.300s] Invoking command in '/home/lfvmu/kobuki/build/ecl_converters': /usr/bin/cmake --build /home/lfvmu/kobuki/build/ecl_converters -- -j4 -l4
[1.482s] [100%] Built target demo_float_converters
[1.551s] Invoked command in '/home/lfvmu/kobuki/build/ecl_converters' returned '0': /usr/bin/cmake --build /home/lfvmu/kobuki/build/ecl_converters -- -j4 -l4
[1.859s] Invoking command in '/home/lfvmu/kobuki/build/ecl_converters': /usr/bin/cmake --install /home/lfvmu/kobuki/build/ecl_converters
[1.882s] -- Install configuration: "RelWithDebInfo"
[1.884s] -- Up-to-date: /home/lfvmu/kobuki/install/share/ament_index/resource_index/package_run_dependencies/ecl_converters
[1.885s] -- Up-to-date: /home/lfvmu/kobuki/install/share/ament_index/resource_index/parent_prefix_path/ecl_converters
[1.885s] -- Up-to-date: /home/lfvmu/kobuki/install/share/ecl_converters/environment/ament_prefix_path.sh
[1.885s] -- Installing: /home/lfvmu/kobuki/install/share/ecl_converters/environment/ament_prefix_path.dsv
[1.885s] -- Up-to-date: /home/lfvmu/kobuki/install/share/ecl_converters/environment/path.sh
[1.886s] -- Installing: /home/lfvmu/kobuki/install/share/ecl_converters/environment/path.dsv
[1.886s] -- Up-to-date: /home/lfvmu/kobuki/install/share/ecl_converters/local_setup.bash
[1.886s] -- Up-to-date: /home/lfvmu/kobuki/install/share/ecl_converters/local_setup.sh
[1.887s] -- Up-to-date: /home/lfvmu/kobuki/install/share/ecl_converters/local_setup.zsh
[1.887s] -- Installing: /home/lfvmu/kobuki/install/share/ecl_converters/local_setup.dsv
[1.887s] -- Installing: /home/lfvmu/kobuki/install/share/ecl_converters/package.dsv
[1.887s] -- Up-to-date: /home/lfvmu/kobuki/install/share/ament_index/resource_index/packages/ecl_converters
[1.887s] -- Up-to-date: /home/lfvmu/kobuki/install/share/ecl_converters/cmake/ecl_convertersExport.cmake
[1.888s] -- Up-to-date: /home/lfvmu/kobuki/install/share/ecl_converters/cmake/ament_cmake_export_targets-extras.cmake
[1.888s] -- Up-to-date: /home/lfvmu/kobuki/install/share/ecl_converters/cmake/ament_cmake_export_include_directories-extras.cmake
[1.889s] -- Up-to-date: /home/lfvmu/kobuki/install/share/ecl_converters/cmake/ament_cmake_export_dependencies-extras.cmake
[1.889s] -- Up-to-date: /home/lfvmu/kobuki/install/share/ecl_converters/cmake/ecl_convertersConfig.cmake
[1.889s] -- Up-to-date: /home/lfvmu/kobuki/install/share/ecl_converters/cmake/ecl_convertersConfig-version.cmake
[1.889s] -- Up-to-date: /home/lfvmu/kobuki/install/share/ecl_converters/package.xml
[1.889s] -- Up-to-date: /home/lfvmu/kobuki/install/include/ecl/converters.hpp
[1.890s] -- Up-to-date: /home/lfvmu/kobuki/install/include/ecl/converters/char.hpp
[1.890s] -- Up-to-date: /home/lfvmu/kobuki/install/include/ecl/converters/char_strings.hpp
[1.891s] -- Up-to-date: /home/lfvmu/kobuki/install/include/ecl/converters/converter.hpp
[1.891s] -- Up-to-date: /home/lfvmu/kobuki/install/include/ecl/converters/from_byte_array.hpp
[1.891s] -- Up-to-date: /home/lfvmu/kobuki/install/include/ecl/converters/integers.hpp
[1.891s] -- Up-to-date: /home/lfvmu/kobuki/install/include/ecl/converters/string.hpp
[1.891s] -- Up-to-date: /home/lfvmu/kobuki/install/include/ecl/converters/to_byte_array.hpp
[1.892s] -- Up-to-date: /home/lfvmu/kobuki/install/lib/ecl_converters/demo_float_converters
[1.900s] Invoked command in '/home/lfvmu/kobuki/build/ecl_converters' returned '0': /usr/bin/cmake --install /home/lfvmu/kobuki/build/ecl_converters
