[0.053s] Invoking command in '/home/lfvmu/kobuki/build/ament_cmake_lint_cmake': AMENT_PREFIX_PATH=/home/lfvmu/kobuki/install CMAKE_PREFIX_PATH=/home/lfvmu/kobuki/install LD_LIBRARY_PATH=/home/lfvmu/kobuki/install/lib PATH=/home/lfvmu/kobuki/install/bin:${PATH} PYTHONPATH=/home/lfvmu/kobuki/install/lib/python3.8/site-packages /usr/bin/cmake /home/lfvmu/kobuki/src/ament_lint/ament_cmake_lint_cmake -DBUILD_TESTING=OFF -DCMAKE_INSTALL_PREFIX=/home/lfvmu/kobuki/install
[0.074s] Re-run cmake no build system arguments
[0.079s] -- Found ament_cmake_core: 0.9.11 (/home/lfvmu/kobuki/install/share/ament_cmake_core/cmake)
[0.125s] -- Using PYTHON_EXECUTABLE: /usr/bin/python3
[0.532s] -- Found ament_cmake_test: 0.9.11 (/home/lfvmu/kobuki/install/share/ament_cmake_test/cmake)
[0.701s] -- Configuring done
[0.702s] -- Generating done
[0.703s] -- Build files have been written to: /home/lfvmu/kobuki/build/ament_cmake_lint_cmake
[0.870s] Invoked command in '/home/lfvmu/kobuki/build/ament_cmake_lint_cmake' returned '0': AMENT_PREFIX_PATH=/home/lfvmu/kobuki/install CMAKE_PREFIX_PATH=/home/lfvmu/kobuki/install LD_LIBRARY_PATH=/home/lfvmu/kobuki/install/lib PATH=/home/lfvmu/kobuki/install/bin:${PATH} PYTHONPATH=/home/lfvmu/kobuki/install/lib/python3.8/site-packages /usr/bin/cmake /home/lfvmu/kobuki/src/ament_lint/ament_cmake_lint_cmake -DBUILD_TESTING=OFF -DCMAKE_INSTALL_PREFIX=/home/lfvmu/kobuki/install
[0.874s] Invoking command in '/home/lfvmu/kobuki/build/ament_cmake_lint_cmake': AMENT_PREFIX_PATH=/home/lfvmu/kobuki/install CMAKE_PREFIX_PATH=/home/lfvmu/kobuki/install LD_LIBRARY_PATH=/home/lfvmu/kobuki/install/lib PATH=/home/lfvmu/kobuki/install/bin:${PATH} PYTHONPATH=/home/lfvmu/kobuki/install/lib/python3.8/site-packages /usr/bin/cmake --build /home/lfvmu/kobuki/build/ament_cmake_lint_cmake -- -j4 -l4
[1.370s] /usr/bin/cmake -S/home/lfvmu/kobuki/src/ament_lint/ament_cmake_lint_cmake -B/home/lfvmu/kobuki/build/ament_cmake_lint_cmake --check-build-system CMakeFiles/Makefile.cmake 0
[1.373s] /usr/bin/cmake -E cmake_progress_start /home/lfvmu/kobuki/build/ament_cmake_lint_cmake/CMakeFiles /home/lfvmu/kobuki/build/ament_cmake_lint_cmake/CMakeFiles/progress.marks
[1.374s] /usr/bin/make -f CMakeFiles/Makefile2 all
[1.379s] make[1]: Entering directory '/home/lfvmu/kobuki/build/ament_cmake_lint_cmake'
[1.380s] make[1]: Nothing to be done for 'all'.
[1.380s] make[1]: Leaving directory '/home/lfvmu/kobuki/build/ament_cmake_lint_cmake'
[1.380s] /usr/bin/cmake -E cmake_progress_start /home/lfvmu/kobuki/build/ament_cmake_lint_cmake/CMakeFiles 0
[1.845s] Invoked command in '/home/lfvmu/kobuki/build/ament_cmake_lint_cmake' returned '0': AMENT_PREFIX_PATH=/home/lfvmu/kobuki/install CMAKE_PREFIX_PATH=/home/lfvmu/kobuki/install LD_LIBRARY_PATH=/home/lfvmu/kobuki/install/lib PATH=/home/lfvmu/kobuki/install/bin:${PATH} PYTHONPATH=/home/lfvmu/kobuki/install/lib/python3.8/site-packages /usr/bin/cmake --build /home/lfvmu/kobuki/build/ament_cmake_lint_cmake -- -j4 -l4
[2.083s] Invoking command in '/home/lfvmu/kobuki/build/ament_cmake_lint_cmake': AMENT_PREFIX_PATH=/home/lfvmu/kobuki/install CMAKE_PREFIX_PATH=/home/lfvmu/kobuki/install LD_LIBRARY_PATH=/home/lfvmu/kobuki/install/lib PATH=/home/lfvmu/kobuki/install/bin:${PATH} PYTHONPATH=/home/lfvmu/kobuki/install/lib/python3.8/site-packages /usr/bin/cmake --install /home/lfvmu/kobuki/build/ament_cmake_lint_cmake
[2.111s] -- Install configuration: ""
[2.112s] -- Up-to-date: /home/lfvmu/kobuki/install/share/ament_index/resource_index/package_run_dependencies/ament_cmake_lint_cmake
[2.112s] -- Up-to-date: /home/lfvmu/kobuki/install/share/ament_index/resource_index/parent_prefix_path/ament_cmake_lint_cmake
[2.113s] -- Up-to-date: /home/lfvmu/kobuki/install/share/ament_cmake_lint_cmake/environment/ament_prefix_path.sh
[2.113s] -- Installing: /home/lfvmu/kobuki/install/share/ament_cmake_lint_cmake/environment/ament_prefix_path.dsv
[2.113s] -- Up-to-date: /home/lfvmu/kobuki/install/share/ament_cmake_lint_cmake/environment/path.sh
[2.115s] -- Installing: /home/lfvmu/kobuki/install/share/ament_cmake_lint_cmake/environment/path.dsv
[2.116s] -- Up-to-date: /home/lfvmu/kobuki/install/share/ament_cmake_lint_cmake/local_setup.bash
[2.116s] -- Up-to-date: /home/lfvmu/kobuki/install/share/ament_cmake_lint_cmake/local_setup.sh
[2.117s] -- Up-to-date: /home/lfvmu/kobuki/install/share/ament_cmake_lint_cmake/local_setup.zsh
[2.117s] -- Installing: /home/lfvmu/kobuki/install/share/ament_cmake_lint_cmake/local_setup.dsv
[2.117s] -- Installing: /home/lfvmu/kobuki/install/share/ament_cmake_lint_cmake/package.dsv
[2.118s] -- Up-to-date: /home/lfvmu/kobuki/install/share/ament_index/resource_index/packages/ament_cmake_lint_cmake
[2.118s] -- Up-to-date: /home/lfvmu/kobuki/install/share/ament_cmake_lint_cmake/cmake/ament_cmake_lint_cmake-extras.cmake
[2.118s] -- Up-to-date: /home/lfvmu/kobuki/install/share/ament_cmake_lint_cmake/cmake/ament_cmake_lint_cmakeConfig.cmake
[2.119s] -- Up-to-date: /home/lfvmu/kobuki/install/share/ament_cmake_lint_cmake/cmake/ament_cmake_lint_cmakeConfig-version.cmake
[2.119s] -- Up-to-date: /home/lfvmu/kobuki/install/share/ament_cmake_lint_cmake/package.xml
[2.120s] -- Up-to-date: /home/lfvmu/kobuki/install/share/ament_cmake_lint_cmake/cmake
[2.121s] -- Up-to-date: /home/lfvmu/kobuki/install/share/ament_cmake_lint_cmake/cmake/ament_lint_cmake.cmake
[2.121s] -- Up-to-date: /home/lfvmu/kobuki/install/share/ament_cmake_lint_cmake/cmake/ament_cmake_lint_cmake_lint_hook.cmake
[2.587s] Invoked command in '/home/lfvmu/kobuki/build/ament_cmake_lint_cmake' returned '0': AMENT_PREFIX_PATH=/home/lfvmu/kobuki/install CMAKE_PREFIX_PATH=/home/lfvmu/kobuki/install LD_LIBRARY_PATH=/home/lfvmu/kobuki/install/lib PATH=/home/lfvmu/kobuki/install/bin:${PATH} PYTHONPATH=/home/lfvmu/kobuki/install/lib/python3.8/site-packages /usr/bin/cmake --install /home/lfvmu/kobuki/build/ament_cmake_lint_cmake
