[1.281s] DEBUG:colcon:Command line arguments: ['/home/lfvmu/.local/bin/colcon', 'build', '--merge-install', '--cmake-args', '-DBUILD_TESTING=OFF']
[1.281s] DEBUG:colcon:Parsed command line arguments: Namespace(ament_cmake_args=None, base_paths=['.'], build_base='build', catkin_cmake_args=None, catkin_skip_building_tests=False, cmake_args=['-DBUILD_TESTING=OFF'], cmake_clean_cache=False, cmake_clean_first=False, cmake_force_configure=False, cmake_target=None, cmake_target_skip_unavailable=False, continue_on_error=False, event_handlers=None, executor='parallel', ignore_user_meta=False, install_base='install', log_base=None, log_level=None, main=<bound method BuildVerb.main of <colcon_core.verb.build.BuildVerb object at 0x7f8f48ec59d0>>, merge_install=True, metas=['./colcon.meta'], packages_above=None, packages_above_and_dependencies=None, packages_above_depth=None, packages_end=None, packages_ignore=None, packages_ignore_regex=None, packages_select=None, packages_select_build_failed=False, packages_select_by_dep=None, packages_select_regex=None, packages_select_test_failures=False, packages_skip=None, packages_skip_build_finished=False, packages_skip_by_dep=None, packages_skip_regex=None, packages_skip_test_passed=False, packages_skip_up_to=None, packages_start=None, packages_up_to=None, packages_up_to_regex=None, parallel_workers=4, paths=None, symlink_install=False, test_result_base=None, verb_extension=<colcon_core.verb.build.BuildVerb object at 0x7f8f48ec59d0>, verb_name='build', verb_parser=<colcon_defaults.argument_parser.defaults.DefaultArgumentsDecorator object at 0x7f8f48ec5f40>)
[1.379s] Level 1:colcon.colcon_core.package_discovery:discover_packages(colcon_meta) check parameters
[1.383s] INFO:colcon.colcon_metadata.package_discovery.colcon_meta:Using configuration from '/home/lfvmu/kobuki/colcon.meta'
[1.383s] Level 1:colcon.colcon_core.package_discovery:discover_packages(recursive) check parameters
[1.383s] Level 1:colcon.colcon_core.package_discovery:discover_packages(ignore) check parameters
[1.383s] Level 1:colcon.colcon_core.package_discovery:discover_packages(path) check parameters
[1.383s] Level 1:colcon.colcon_core.package_discovery:discover_packages(colcon_meta) discover
[1.383s] Level 1:colcon.colcon_core.package_discovery:discover_packages(recursive) discover
[1.383s] INFO:colcon.colcon_core.package_discovery:Crawling recursively for packages in '/home/lfvmu/kobuki'
[1.383s] Level 1:colcon.colcon_core.package_identification:_identify(.) by extensions ['ignore', 'ignore_ament_install']
[1.384s] Level 1:colcon.colcon_core.package_identification:_identify(.) by extension 'ignore'
[1.384s] Level 1:colcon.colcon_core.package_identification:_identify(.) by extension 'ignore_ament_install'
[1.384s] Level 1:colcon.colcon_core.package_identification:_identify(.) by extensions ['colcon_pkg']
[1.384s] Level 1:colcon.colcon_core.package_identification:_identify(.) by extension 'colcon_pkg'
[1.384s] Level 1:colcon.colcon_core.package_identification:_identify(.) by extensions ['colcon_meta']
[1.384s] Level 1:colcon.colcon_core.package_identification:_identify(.) by extension 'colcon_meta'
[1.384s] Level 1:colcon.colcon_core.package_identification:_identify(.) by extensions ['ros']
[1.384s] Level 1:colcon.colcon_core.package_identification:_identify(.) by extension 'ros'
[1.415s] Level 1:colcon.colcon_core.package_identification:_identify(.) by extensions ['cmake', 'python']
[1.416s] Level 1:colcon.colcon_core.package_identification:_identify(.) by extension 'cmake'
[1.416s] Level 1:colcon.colcon_core.package_identification:_identify(.) by extension 'python'
[1.416s] Level 1:colcon.colcon_core.package_identification:_identify(.) by extensions ['python_setup_py']
[1.416s] Level 1:colcon.colcon_core.package_identification:_identify(.) by extension 'python_setup_py'
[1.416s] Level 1:colcon.colcon_core.package_identification:_identify(build) by extensions ['ignore', 'ignore_ament_install']
[1.416s] Level 1:colcon.colcon_core.package_identification:_identify(build) by extension 'ignore'
[1.417s] Level 1:colcon.colcon_core.package_identification:_identify(build) ignored
[1.417s] Level 1:colcon.colcon_core.package_identification:_identify(install) by extensions ['ignore', 'ignore_ament_install']
[1.417s] Level 1:colcon.colcon_core.package_identification:_identify(install) by extension 'ignore'
[1.417s] Level 1:colcon.colcon_core.package_identification:_identify(install) ignored
[1.417s] Level 1:colcon.colcon_core.package_identification:_identify(log) by extensions ['ignore', 'ignore_ament_install']
[1.417s] Level 1:colcon.colcon_core.package_identification:_identify(log) by extension 'ignore'
[1.418s] Level 1:colcon.colcon_core.package_identification:_identify(log) ignored
[1.418s] Level 1:colcon.colcon_core.package_identification:_identify(src) by extensions ['ignore', 'ignore_ament_install']
[1.418s] Level 1:colcon.colcon_core.package_identification:_identify(src) by extension 'ignore'
[1.418s] Level 1:colcon.colcon_core.package_identification:_identify(src) by extension 'ignore_ament_install'
[1.418s] Level 1:colcon.colcon_core.package_identification:_identify(src) by extensions ['colcon_pkg']
[1.418s] Level 1:colcon.colcon_core.package_identification:_identify(src) by extension 'colcon_pkg'
[1.418s] Level 1:colcon.colcon_core.package_identification:_identify(src) by extensions ['colcon_meta']
[1.418s] Level 1:colcon.colcon_core.package_identification:_identify(src) by extension 'colcon_meta'
[1.419s] Level 1:colcon.colcon_core.package_identification:_identify(src) by extensions ['ros']
[1.419s] Level 1:colcon.colcon_core.package_identification:_identify(src) by extension 'ros'
[1.419s] Level 1:colcon.colcon_core.package_identification:_identify(src) by extensions ['cmake', 'python']
[1.419s] Level 1:colcon.colcon_core.package_identification:_identify(src) by extension 'cmake'
[2.005s] Level 1:colcon.colcon_core.package_identification:_identify(src) by extension 'python'
[2.005s] DEBUG:colcon.colcon_core.package_identification:Package 'src' with type 'cmake' and name 'src'
[2.005s] Level 1:colcon.colcon_core.package_discovery:discover_packages(recursive) using defaults
[2.005s] Level 1:colcon.colcon_core.package_discovery:discover_packages(ignore) discover
[2.005s] Level 1:colcon.colcon_core.package_discovery:discover_packages(ignore) using defaults
[2.005s] Level 1:colcon.colcon_core.package_discovery:discover_packages(path) discover
[2.005s] Level 1:colcon.colcon_core.package_discovery:discover_packages(path) using defaults
[2.111s] Level 5:colcon.colcon_core.verb:set package 'src' build argument 'cmake_args' from command line to '['-DBUILD_TESTING=OFF']'
[2.111s] Level 5:colcon.colcon_core.verb:set package 'src' build argument 'cmake_target' from command line to 'None'
[2.111s] Level 5:colcon.colcon_core.verb:set package 'src' build argument 'cmake_target_skip_unavailable' from command line to 'False'
[2.111s] Level 5:colcon.colcon_core.verb:set package 'src' build argument 'cmake_clean_cache' from command line to 'False'
[2.111s] Level 5:colcon.colcon_core.verb:set package 'src' build argument 'cmake_clean_first' from command line to 'False'
[2.111s] Level 5:colcon.colcon_core.verb:set package 'src' build argument 'cmake_force_configure' from command line to 'False'
[2.111s] Level 5:colcon.colcon_core.verb:set package 'src' build argument 'ament_cmake_args' from command line to 'None'
[2.111s] Level 5:colcon.colcon_core.verb:set package 'src' build argument 'catkin_cmake_args' from command line to 'None'
[2.111s] Level 5:colcon.colcon_core.verb:set package 'src' build argument 'catkin_skip_building_tests' from command line to 'False'
[2.111s] DEBUG:colcon.colcon_core.verb:Building package 'src' with the following arguments: {'ament_cmake_args': None, 'build_base': '/home/lfvmu/kobuki/build/src', 'catkin_cmake_args': None, 'catkin_skip_building_tests': False, 'cmake_args': ['-DBUILD_TESTING=OFF'], 'cmake_clean_cache': False, 'cmake_clean_first': False, 'cmake_force_configure': False, 'cmake_target': None, 'cmake_target_skip_unavailable': False, 'install_base': '/home/lfvmu/kobuki/install', 'merge_install': True, 'path': '/home/lfvmu/kobuki/src', 'symlink_install': False, 'test_result_base': None}
[2.116s] INFO:colcon.colcon_core.executor:Executing jobs using 'parallel' executor
[2.150s] DEBUG:colcon.colcon_parallel_executor.executor.parallel:run_until_complete
[2.151s] INFO:colcon.colcon_cmake.task.cmake.build:Building CMake package in '/home/lfvmu/kobuki/src'
[2.185s] INFO:colcon.colcon_core.plugin_system:Skipping extension 'colcon_core.shell.bat': Not used on non-Windows systems
[2.185s] INFO:colcon.colcon_core.shell:Skip shell extension 'powershell' for command environment: Not usable outside of PowerShell
[2.185s] DEBUG:colcon.colcon_core.shell:Skip shell extension 'dsv' for command environment
[2.230s] DEBUG:colcon.colcon_core.event_handler.log_command:Invoking command in '/home/lfvmu/kobuki/build/src': /usr/bin/cmake /home/lfvmu/kobuki/src -DBUILD_TESTING=OFF -DCMAKE_INSTALL_PREFIX=/home/lfvmu/kobuki/install
[3.955s] DEBUG:colcon.colcon_core.event_handler.log_command:Invoked command in '/home/lfvmu/kobuki/build/src' returned '0': /usr/bin/cmake /home/lfvmu/kobuki/src -DBUILD_TESTING=OFF -DCMAKE_INSTALL_PREFIX=/home/lfvmu/kobuki/install
[3.962s] DEBUG:colcon.colcon_core.event_handler.log_command:Invoking command in '/home/lfvmu/kobuki/build/src': /usr/bin/cmake --build /home/lfvmu/kobuki/build/src -- -j4 -l4
[4.036s] DEBUG:colcon.colcon_core.event_handler.log_command:Invoked command in '/home/lfvmu/kobuki/build/src' returned '0': /usr/bin/cmake --build /home/lfvmu/kobuki/build/src -- -j4 -l4
[4.066s] WARNING:colcon.colcon_cmake.task.cmake.build:Could not run installation step for package 'src' because it has no 'install' target
[4.067s] Level 1:colcon.colcon_core.environment:create_environment_scripts_only(src)
[4.102s] Level 1:colcon.colcon_core.environment:checking '/home/lfvmu/kobuki/install' for CMake module files
[4.103s] Level 1:colcon.colcon_core.environment:checking '/home/lfvmu/kobuki/install' for CMake config files
[4.115s] Level 1:colcon.colcon_core.shell:create_environment_hook('src', 'cmake_prefix_path')
[4.130s] INFO:colcon.colcon_core.shell:Creating environment hook '/home/lfvmu/kobuki/install/share/src/hook/cmake_prefix_path.ps1'
[4.132s] INFO:colcon.colcon_core.shell:Creating environment descriptor '/home/lfvmu/kobuki/install/share/src/hook/cmake_prefix_path.dsv'
[4.133s] INFO:colcon.colcon_core.shell:Creating environment hook '/home/lfvmu/kobuki/install/share/src/hook/cmake_prefix_path.sh'
[4.135s] Level 1:colcon.colcon_core.environment:checking '/home/lfvmu/kobuki/install/lib'
[4.135s] Level 1:colcon.colcon_core.shell:create_environment_hook('src', 'ld_library_path_lib')
[4.149s] INFO:colcon.colcon_core.shell:Creating environment hook '/home/lfvmu/kobuki/install/share/src/hook/ld_library_path_lib.ps1'
[4.150s] INFO:colcon.colcon_core.shell:Creating environment descriptor '/home/lfvmu/kobuki/install/share/src/hook/ld_library_path_lib.dsv'
[4.150s] INFO:colcon.colcon_core.shell:Creating environment hook '/home/lfvmu/kobuki/install/share/src/hook/ld_library_path_lib.sh'
[4.151s] Level 1:colcon.colcon_core.environment:checking '/home/lfvmu/kobuki/install/bin'
[4.151s] Level 1:colcon.colcon_core.shell:create_environment_hook('src', 'path')
[4.166s] INFO:colcon.colcon_core.shell:Creating environment hook '/home/lfvmu/kobuki/install/share/src/hook/path.ps1'
[4.167s] INFO:colcon.colcon_core.shell:Creating environment descriptor '/home/lfvmu/kobuki/install/share/src/hook/path.dsv'
[4.167s] INFO:colcon.colcon_core.shell:Creating environment hook '/home/lfvmu/kobuki/install/share/src/hook/path.sh'
[4.168s] Level 1:colcon.colcon_core.environment:checking '/home/lfvmu/kobuki/install/lib/pkgconfig/src.pc'
[4.170s] Level 1:colcon.colcon_core.environment:checking '/home/lfvmu/kobuki/install/lib/python3.8/site-packages'
[4.170s] Level 1:colcon.colcon_core.shell:create_environment_hook('src', 'pythonpath')
[4.185s] INFO:colcon.colcon_core.shell:Creating environment hook '/home/lfvmu/kobuki/install/share/src/hook/pythonpath.ps1'
[4.185s] INFO:colcon.colcon_core.shell:Creating environment descriptor '/home/lfvmu/kobuki/install/share/src/hook/pythonpath.dsv'
[4.186s] INFO:colcon.colcon_core.shell:Creating environment hook '/home/lfvmu/kobuki/install/share/src/hook/pythonpath.sh'
[4.186s] Level 1:colcon.colcon_core.environment:checking '/home/lfvmu/kobuki/install/bin'
[4.187s] Level 1:colcon.colcon_core.shell:create_environment_hook('src', 'pythonscriptspath')
[4.202s] INFO:colcon.colcon_core.shell:Creating environment hook '/home/lfvmu/kobuki/install/share/src/hook/pythonscriptspath.ps1'
[4.203s] INFO:colcon.colcon_core.shell:Creating environment descriptor '/home/lfvmu/kobuki/install/share/src/hook/pythonscriptspath.dsv'
[4.203s] INFO:colcon.colcon_core.shell:Creating environment hook '/home/lfvmu/kobuki/install/share/src/hook/pythonscriptspath.sh'
[4.219s] INFO:colcon.colcon_core.shell:Creating package script '/home/lfvmu/kobuki/install/share/src/package.ps1'
[4.222s] INFO:colcon.colcon_core.shell:Creating package descriptor '/home/lfvmu/kobuki/install/share/src/package.dsv'
[4.223s] INFO:colcon.colcon_core.shell:Creating package script '/home/lfvmu/kobuki/install/share/src/package.sh'
[4.225s] INFO:colcon.colcon_core.shell:Creating package script '/home/lfvmu/kobuki/install/share/src/package.bash'
[4.227s] INFO:colcon.colcon_core.shell:Creating package script '/home/lfvmu/kobuki/install/share/src/package.zsh'
[4.229s] Level 1:colcon.colcon_core.environment:create_file_with_runtime_dependencies(/home/lfvmu/kobuki/install/share/colcon-core/packages/src)
[4.230s] DEBUG:colcon.colcon_parallel_executor.executor.parallel:closing loop
[4.231s] DEBUG:colcon.colcon_parallel_executor.executor.parallel:loop closed
[4.231s] DEBUG:colcon.colcon_parallel_executor.executor.parallel:run_until_complete finished with '0'
[4.231s] DEBUG:colcon.colcon_core.event_reactor:joining thread
[4.255s] INFO:colcon.colcon_core.plugin_system:Skipping extension 'colcon_notification.desktop_notification.terminal_notifier': Not used on non-Darwin systems
[4.255s] INFO:colcon.colcon_core.plugin_system:Skipping extension 'colcon_notification.desktop_notification.win32': Not used on non-Windows systems
[4.255s] INFO:colcon.colcon_notification.desktop_notification:Sending desktop notification using 'notify2'
[4.295s] DEBUG:colcon.colcon_core.event_reactor:joined thread
[4.312s] INFO:colcon.colcon_core.shell:Creating prefix script '/home/lfvmu/kobuki/install/local_setup.ps1'
[4.314s] INFO:colcon.colcon_core.shell:Creating prefix util module '/home/lfvmu/kobuki/install/_local_setup_util_ps1.py'
[4.318s] INFO:colcon.colcon_core.shell:Creating prefix chain script '/home/lfvmu/kobuki/install/setup.ps1'
[4.335s] INFO:colcon.colcon_core.shell:Creating prefix script '/home/lfvmu/kobuki/install/local_setup.sh'
[4.336s] INFO:colcon.colcon_core.shell:Creating prefix util module '/home/lfvmu/kobuki/install/_local_setup_util_sh.py'
[4.337s] INFO:colcon.colcon_core.shell:Creating prefix chain script '/home/lfvmu/kobuki/install/setup.sh'
[4.350s] INFO:colcon.colcon_core.shell:Creating prefix script '/home/lfvmu/kobuki/install/local_setup.bash'
[4.352s] INFO:colcon.colcon_core.shell:Creating prefix chain script '/home/lfvmu/kobuki/install/setup.bash'
[4.365s] INFO:colcon.colcon_core.shell:Creating prefix script '/home/lfvmu/kobuki/install/local_setup.zsh'
[4.366s] INFO:colcon.colcon_core.shell:Creating prefix chain script '/home/lfvmu/kobuki/install/setup.zsh'
