[0.279s] Invoking command in '/home/lfvmu/kobuki/build/ecl_converters_lite': /usr/bin/cmake /home/lfvmu/kobuki/src/ecl_lite/ecl_converters_lite -DBUILD_TESTING=OFF --no-warn-unused-cli -DCMAKE_INSTALL_PREFIX=/home/lfvmu/kobuki/install
[0.304s] Not searching for unused variables given on the command line.
[0.327s] -- Found ament_cmake_ros: 0.9.2 (/home/lfvmu/kobuki/install/share/ament_cmake_ros/cmake)
[0.382s] -- Using PYTHON_EXECUTABLE: /usr/bin/python3
[0.725s] -- Found ecl_build: 1.0.3 (/home/lfvmu/kobuki/install/share/ecl_build/cmake)
[0.755s] -- Found ecl_config: 1.1.0 (/home/lfvmu/kobuki/install/share/ecl_config/cmake)
[0.900s] -- Configuring done
[0.931s] -- Generating done
[0.931s] -- Build files have been written to: /home/lfvmu/kobuki/build/ecl_converters_lite
[1.140s] Invoked command in '/home/lfvmu/kobuki/build/ecl_converters_lite' returned '0': /usr/bin/cmake /home/lfvmu/kobuki/src/ecl_lite/ecl_converters_lite -DBUILD_TESTING=OFF --no-warn-unused-cli -DCMAKE_INSTALL_PREFIX=/home/lfvmu/kobuki/install
[1.142s] Invoking command in '/home/lfvmu/kobuki/build/ecl_converters_lite': /usr/bin/cmake --build /home/lfvmu/kobuki/build/ecl_converters_lite -- -j4 -l4
[1.237s] Invoked command in '/home/lfvmu/kobuki/build/ecl_converters_lite' returned '0': /usr/bin/cmake --build /home/lfvmu/kobuki/build/ecl_converters_lite -- -j4 -l4
[1.430s] Invoking command in '/home/lfvmu/kobuki/build/ecl_converters_lite': /usr/bin/cmake --install /home/lfvmu/kobuki/build/ecl_converters_lite
[1.455s] -- Install configuration: "RelWithDebInfo"
[1.456s] -- Up-to-date: /home/lfvmu/kobuki/install/share/ament_index/resource_index/package_run_dependencies/ecl_converters_lite
[1.457s] -- Up-to-date: /home/lfvmu/kobuki/install/share/ament_index/resource_index/parent_prefix_path/ecl_converters_lite
[1.457s] -- Up-to-date: /home/lfvmu/kobuki/install/share/ecl_converters_lite/environment/ament_prefix_path.sh
[1.457s] -- Installing: /home/lfvmu/kobuki/install/share/ecl_converters_lite/environment/ament_prefix_path.dsv
[1.458s] -- Up-to-date: /home/lfvmu/kobuki/install/share/ecl_converters_lite/environment/path.sh
[1.458s] -- Installing: /home/lfvmu/kobuki/install/share/ecl_converters_lite/environment/path.dsv
[1.459s] -- Up-to-date: /home/lfvmu/kobuki/install/share/ecl_converters_lite/local_setup.bash
[1.459s] -- Up-to-date: /home/lfvmu/kobuki/install/share/ecl_converters_lite/local_setup.sh
[1.460s] -- Up-to-date: /home/lfvmu/kobuki/install/share/ecl_converters_lite/local_setup.zsh
[1.460s] -- Installing: /home/lfvmu/kobuki/install/share/ecl_converters_lite/local_setup.dsv
[1.461s] -- Installing: /home/lfvmu/kobuki/install/share/ecl_converters_lite/package.dsv
[1.461s] -- Up-to-date: /home/lfvmu/kobuki/install/share/ament_index/resource_index/packages/ecl_converters_lite
[1.462s] -- Up-to-date: /home/lfvmu/kobuki/install/share/ecl_converters_lite/cmake/ecl_converters_liteExport.cmake
[1.462s] -- Up-to-date: /home/lfvmu/kobuki/install/share/ecl_converters_lite/cmake/ament_cmake_export_targets-extras.cmake
[1.463s] -- Up-to-date: /home/lfvmu/kobuki/install/share/ecl_converters_lite/cmake/ament_cmake_export_include_directories-extras.cmake
[1.463s] -- Up-to-date: /home/lfvmu/kobuki/install/share/ecl_converters_lite/cmake/ament_cmake_export_dependencies-extras.cmake
[1.464s] -- Up-to-date: /home/lfvmu/kobuki/install/share/ecl_converters_lite/cmake/ecl_converters_liteConfig.cmake
[1.464s] -- Up-to-date: /home/lfvmu/kobuki/install/share/ecl_converters_lite/cmake/ecl_converters_liteConfig-version.cmake
[1.464s] -- Up-to-date: /home/lfvmu/kobuki/install/share/ecl_converters_lite/package.xml
[1.466s] -- Up-to-date: /home/lfvmu/kobuki/install/include/ecl/converters_lite.hpp
[1.466s] -- Up-to-date: /home/lfvmu/kobuki/install/include/ecl/converters_lite/byte_array.hpp
[1.692s] Invoked command in '/home/lfvmu/kobuki/build/ecl_converters_lite' returned '0': /usr/bin/cmake --install /home/lfvmu/kobuki/build/ecl_converters_lite
