[0.310s] Invoking command in '/home/lfvmu/kobuki/build/ament_cmake_export_dependencies': /usr/bin/cmake /home/lfvmu/kobuki/src/ament_cmake/ament_cmake_export_dependencies -DBUILD_TESTING=OFF -DCMAKE_INSTALL_PREFIX=/home/lfvmu/kobuki/install
[0.342s] Re-run cmake no build system arguments
[0.346s] -- Found ament_cmake_core: 0.9.11 (/home/lfvmu/kobuki/install/share/ament_cmake_core/cmake)
[0.397s] -- Using PYTHON_EXECUTABLE: /usr/bin/python3
[0.946s] -- Configuring done
[0.953s] -- Generating done
[0.953s] -- Build files have been written to: /home/lfvmu/kobuki/build/ament_cmake_export_dependencies
[1.018s] Invoked command in '/home/lfvmu/kobuki/build/ament_cmake_export_dependencies' returned '0': /usr/bin/cmake /home/lfvmu/kobuki/src/ament_cmake/ament_cmake_export_dependencies -DBUILD_TESTING=OFF -DCMAKE_INSTALL_PREFIX=/home/lfvmu/kobuki/install
[1.019s] Invoking command in '/home/lfvmu/kobuki/build/ament_cmake_export_dependencies': /usr/bin/cmake --build /home/lfvmu/kobuki/build/ament_cmake_export_dependencies -- -j4 -l4
[1.065s] /usr/bin/cmake -S/home/lfvmu/kobuki/src/ament_cmake/ament_cmake_export_dependencies -B/home/lfvmu/kobuki/build/ament_cmake_export_dependencies --check-build-system CMakeFiles/Makefile.cmake 0
[1.097s] /usr/bin/cmake -E cmake_progress_start /home/lfvmu/kobuki/build/ament_cmake_export_dependencies/CMakeFiles /home/lfvmu/kobuki/build/ament_cmake_export_dependencies/CMakeFiles/progress.marks
[1.122s] /usr/bin/make -f CMakeFiles/Makefile2 all
[1.123s] make[1]: Entering directory '/home/lfvmu/kobuki/build/ament_cmake_export_dependencies'
[1.123s] make[1]: Nothing to be done for 'all'.
[1.123s] make[1]: Leaving directory '/home/lfvmu/kobuki/build/ament_cmake_export_dependencies'
[1.124s] /usr/bin/cmake -E cmake_progress_start /home/lfvmu/kobuki/build/ament_cmake_export_dependencies/CMakeFiles 0
[1.168s] Invoked command in '/home/lfvmu/kobuki/build/ament_cmake_export_dependencies' returned '0': /usr/bin/cmake --build /home/lfvmu/kobuki/build/ament_cmake_export_dependencies -- -j4 -l4
[1.235s] Invoking command in '/home/lfvmu/kobuki/build/ament_cmake_export_dependencies': /usr/bin/cmake --install /home/lfvmu/kobuki/build/ament_cmake_export_dependencies
[1.252s] -- Install configuration: "RelWithDebInfo"
[1.252s] -- Up-to-date: /home/lfvmu/kobuki/install/share/ament_index/resource_index/package_run_dependencies/ament_cmake_export_dependencies
[1.253s] -- Up-to-date: /home/lfvmu/kobuki/install/share/ament_index/resource_index/parent_prefix_path/ament_cmake_export_dependencies
[1.253s] -- Up-to-date: /home/lfvmu/kobuki/install/share/ament_cmake_export_dependencies/environment/ament_prefix_path.sh
[1.253s] -- Installing: /home/lfvmu/kobuki/install/share/ament_cmake_export_dependencies/environment/ament_prefix_path.dsv
[1.254s] -- Up-to-date: /home/lfvmu/kobuki/install/share/ament_cmake_export_dependencies/environment/path.sh
[1.254s] -- Installing: /home/lfvmu/kobuki/install/share/ament_cmake_export_dependencies/environment/path.dsv
[1.254s] -- Up-to-date: /home/lfvmu/kobuki/install/share/ament_cmake_export_dependencies/local_setup.bash
[1.254s] -- Up-to-date: /home/lfvmu/kobuki/install/share/ament_cmake_export_dependencies/local_setup.sh
[1.255s] -- Up-to-date: /home/lfvmu/kobuki/install/share/ament_cmake_export_dependencies/local_setup.zsh
[1.255s] -- Installing: /home/lfvmu/kobuki/install/share/ament_cmake_export_dependencies/local_setup.dsv
[1.255s] -- Installing: /home/lfvmu/kobuki/install/share/ament_cmake_export_dependencies/package.dsv
[1.255s] -- Up-to-date: /home/lfvmu/kobuki/install/share/ament_index/resource_index/packages/ament_cmake_export_dependencies
[1.256s] -- Up-to-date: /home/lfvmu/kobuki/install/share/ament_cmake_export_dependencies/cmake/ament_cmake_export_dependencies-extras.cmake
[1.256s] -- Up-to-date: /home/lfvmu/kobuki/install/share/ament_cmake_export_dependencies/cmake/ament_cmake_export_dependenciesConfig.cmake
[1.256s] -- Up-to-date: /home/lfvmu/kobuki/install/share/ament_cmake_export_dependencies/cmake/ament_cmake_export_dependenciesConfig-version.cmake
[1.256s] -- Up-to-date: /home/lfvmu/kobuki/install/share/ament_cmake_export_dependencies/package.xml
[1.257s] -- Up-to-date: /home/lfvmu/kobuki/install/share/ament_cmake_export_dependencies/cmake
[1.257s] -- Up-to-date: /home/lfvmu/kobuki/install/share/ament_cmake_export_dependencies/cmake/ament_cmake_export_dependencies_package_hook.cmake
[1.257s] -- Up-to-date: /home/lfvmu/kobuki/install/share/ament_cmake_export_dependencies/cmake/ament_export_dependencies.cmake
[1.257s] -- Up-to-date: /home/lfvmu/kobuki/install/share/ament_cmake_export_dependencies/cmake/ament_cmake_export_dependencies-extras.cmake.in
[1.267s] Invoked command in '/home/lfvmu/kobuki/build/ament_cmake_export_dependencies' returned '0': /usr/bin/cmake --install /home/lfvmu/kobuki/build/ament_cmake_export_dependencies
