[0.259s] Invoking command in '/home/lfvmu/kobuki/build/ecl_containers': /usr/bin/cmake /home/lfvmu/kobuki/src/ecl_core/ecl_containers -DBUILD_TESTING=OFF -DCMAKE_INSTALL_PREFIX=/home/lfvmu/kobuki/install
[0.302s] -- Found ament_cmake_ros: 0.9.2 (/home/lfvmu/kobuki/install/share/ament_cmake_ros/cmake)
[0.337s] -- Using PYTHON_EXECUTABLE: /usr/bin/python3
[0.729s] -- Found ecl_build: 1.0.3 (/home/lfvmu/kobuki/install/share/ecl_build/cmake)
[0.751s] -- Found ecl_config: 1.1.0 (/home/lfvmu/kobuki/install/share/ecl_config/cmake)
[0.751s] -- Found ecl_converters: 1.2.1 (/home/lfvmu/kobuki/install/share/ecl_converters/cmake)
[0.815s] -- Found ecl_formatters: 1.2.1 (/home/lfvmu/kobuki/install/share/ecl_formatters/cmake)
[0.829s] -- Found ecl_utilities: 1.2.1 (/home/lfvmu/kobuki/install/share/ecl_utilities/cmake)
[1.014s] -- Configuring done
[1.057s] -- Generating done
[1.065s] -- Build files have been written to: /home/lfvmu/kobuki/build/ecl_containers
[1.074s] Invoked command in '/home/lfvmu/kobuki/build/ecl_containers' returned '0': /usr/bin/cmake /home/lfvmu/kobuki/src/ecl_core/ecl_containers -DBUILD_TESTING=OFF -DCMAKE_INSTALL_PREFIX=/home/lfvmu/kobuki/install
[1.079s] Invoking command in '/home/lfvmu/kobuki/build/ecl_containers': /usr/bin/cmake --build /home/lfvmu/kobuki/build/ecl_containers -- -j4 -l4
[1.218s] [100%] Built target ecl_demo_formatters
[1.328s] Invoked command in '/home/lfvmu/kobuki/build/ecl_containers' returned '0': /usr/bin/cmake --build /home/lfvmu/kobuki/build/ecl_containers -- -j4 -l4
[1.666s] Invoking command in '/home/lfvmu/kobuki/build/ecl_containers': /usr/bin/cmake --install /home/lfvmu/kobuki/build/ecl_containers
[1.688s] -- Install configuration: "RelWithDebInfo"
[1.688s] -- Up-to-date: /home/lfvmu/kobuki/install/share/ament_index/resource_index/package_run_dependencies/ecl_containers
[1.688s] -- Up-to-date: /home/lfvmu/kobuki/install/share/ament_index/resource_index/parent_prefix_path/ecl_containers
[1.689s] -- Up-to-date: /home/lfvmu/kobuki/install/share/ecl_containers/environment/ament_prefix_path.sh
[1.689s] -- Installing: /home/lfvmu/kobuki/install/share/ecl_containers/environment/ament_prefix_path.dsv
[1.689s] -- Up-to-date: /home/lfvmu/kobuki/install/share/ecl_containers/environment/path.sh
[1.690s] -- Installing: /home/lfvmu/kobuki/install/share/ecl_containers/environment/path.dsv
[1.690s] -- Up-to-date: /home/lfvmu/kobuki/install/share/ecl_containers/local_setup.bash
[1.690s] -- Up-to-date: /home/lfvmu/kobuki/install/share/ecl_containers/local_setup.sh
[1.691s] -- Up-to-date: /home/lfvmu/kobuki/install/share/ecl_containers/local_setup.zsh
[1.691s] -- Installing: /home/lfvmu/kobuki/install/share/ecl_containers/local_setup.dsv
[1.691s] -- Installing: /home/lfvmu/kobuki/install/share/ecl_containers/package.dsv
[1.692s] -- Up-to-date: /home/lfvmu/kobuki/install/share/ament_index/resource_index/packages/ecl_containers
[1.699s] -- Up-to-date: /home/lfvmu/kobuki/install/share/ecl_containers/cmake/ecl_containersExport.cmake
[1.699s] -- Up-to-date: /home/lfvmu/kobuki/install/share/ecl_containers/cmake/ament_cmake_export_targets-extras.cmake
[1.700s] -- Up-to-date: /home/lfvmu/kobuki/install/share/ecl_containers/cmake/ament_cmake_export_include_directories-extras.cmake
[1.700s] -- Up-to-date: /home/lfvmu/kobuki/install/share/ecl_containers/cmake/ament_cmake_export_dependencies-extras.cmake
[1.700s] -- Up-to-date: /home/lfvmu/kobuki/install/share/ecl_containers/cmake/ecl_containersConfig.cmake
[1.700s] -- Up-to-date: /home/lfvmu/kobuki/install/share/ecl_containers/cmake/ecl_containersConfig-version.cmake
[1.700s] -- Up-to-date: /home/lfvmu/kobuki/install/share/ecl_containers/package.xml
[1.700s] -- Up-to-date: /home/lfvmu/kobuki/install/include/ecl/containers.hpp
[1.701s] -- Up-to-date: /home/lfvmu/kobuki/install/include/ecl/containers/array.hpp
[1.701s] -- Up-to-date: /home/lfvmu/kobuki/install/include/ecl/containers/converters.hpp
[1.701s] -- Up-to-date: /home/lfvmu/kobuki/install/include/ecl/containers/definitions.hpp
[1.702s] -- Up-to-date: /home/lfvmu/kobuki/install/include/ecl/containers/fifo.hpp
[1.702s] -- Up-to-date: /home/lfvmu/kobuki/install/include/ecl/containers/initialiser.hpp
[1.703s] -- Up-to-date: /home/lfvmu/kobuki/install/include/ecl/containers/push_and_pop.hpp
[1.703s] -- Up-to-date: /home/lfvmu/kobuki/install/include/ecl/containers/stencil.hpp
[1.703s] -- Up-to-date: /home/lfvmu/kobuki/install/include/ecl/containers/common/formatters.hpp
[1.703s] -- Up-to-date: /home/lfvmu/kobuki/install/include/ecl/containers/array/array_dynamic_mem_check.hpp
[1.703s] -- Up-to-date: /home/lfvmu/kobuki/install/include/ecl/containers/array/array_dynamic_no_mem_check.hpp
[1.703s] -- Up-to-date: /home/lfvmu/kobuki/install/include/ecl/containers/array/array_mem_check.hpp
[1.704s] -- Up-to-date: /home/lfvmu/kobuki/install/include/ecl/containers/array/array_no_mem_check.hpp
[1.704s] -- Up-to-date: /home/lfvmu/kobuki/install/include/ecl/containers/array/converters.hpp
[1.704s] -- Up-to-date: /home/lfvmu/kobuki/install/include/ecl/containers/array/formatters.hpp
[1.704s] -- Up-to-date: /home/lfvmu/kobuki/install/include/ecl/containers/push_and_pop/formatters.hpp
[1.704s] -- Up-to-date: /home/lfvmu/kobuki/install/include/ecl/containers/push_and_pop/push_and_pop_dynamic.hpp
[1.705s] -- Up-to-date: /home/lfvmu/kobuki/install/include/ecl/containers/push_and_pop/push_and_pop_fixed.hpp
[1.705s] -- Up-to-date: /home/lfvmu/kobuki/install/include/ecl/containers/stencil/converters.hpp
[1.705s] -- Up-to-date: /home/lfvmu/kobuki/install/include/ecl/containers/stencil/formatters.hpp
[1.705s] -- Up-to-date: /home/lfvmu/kobuki/install/include/ecl/containers/stencil/specialisations.hpp
[1.706s] -- Up-to-date: /home/lfvmu/kobuki/install/include/ecl/containers/stencil/stencil.hpp
[1.706s] -- Up-to-date: /home/lfvmu/kobuki/install/lib/ecl_containers/demo_formatters
[1.714s] Invoked command in '/home/lfvmu/kobuki/build/ecl_containers' returned '0': /usr/bin/cmake --install /home/lfvmu/kobuki/build/ecl_containers
