[0.327s] Invoking command in '/home/lfvmu/kobuki/build/ecl_ipc': AMENT_PREFIX_PATH=/home/lfvmu/kobuki/install CMAKE_PREFIX_PATH=/home/lfvmu/kobuki/install LD_LIBRARY_PATH=/home/lfvmu/kobuki/install/lib PATH=/home/lfvmu/kobuki/install/bin:${PATH} PYTHONPATH=/home/lfvmu/kobuki/install/lib/python3.8/site-packages /usr/bin/cmake /home/lfvmu/kobuki/src/ecl_core/ecl_ipc -DBUILD_TESTING=OFF --no-warn-unused-cli -DCMAKE_INSTALL_PREFIX=/home/lfvmu/kobuki/install
[0.369s] Not searching for unused variables given on the command line.
[0.376s] -- Found ament_cmake_ros: 0.9.2 (/home/lfvmu/kobuki/install/share/ament_cmake_ros/cmake)
[0.443s] -- Using PYTHON_EXECUTABLE: /usr/bin/python3
[0.850s] -- Found ecl_build: 1.0.3 (/home/lfvmu/kobuki/install/share/ecl_build/cmake)
[0.895s] -- Found ecl_config: 1.1.0 (/home/lfvmu/kobuki/install/share/ecl_config/cmake)
[0.918s] -- Found ecl_errors: 1.1.0 (/home/lfvmu/kobuki/install/share/ecl_errors/cmake)
[0.941s] -- Found ecl_time_lite: 1.1.0 (/home/lfvmu/kobuki/install/share/ecl_time_lite/cmake)
[0.963s] -- Found ecl_exceptions: 1.2.1 (/home/lfvmu/kobuki/install/share/ecl_exceptions/cmake)
[0.990s] -- Found ecl_threads: 1.2.1 (/home/lfvmu/kobuki/install/share/ecl_threads/cmake)
[1.531s] -- Configuring done
[1.604s] -- Generating done
[1.611s] -- Build files have been written to: /home/lfvmu/kobuki/build/ecl_ipc
[1.627s] Invoked command in '/home/lfvmu/kobuki/build/ecl_ipc' returned '0': AMENT_PREFIX_PATH=/home/lfvmu/kobuki/install CMAKE_PREFIX_PATH=/home/lfvmu/kobuki/install LD_LIBRARY_PATH=/home/lfvmu/kobuki/install/lib PATH=/home/lfvmu/kobuki/install/bin:${PATH} PYTHONPATH=/home/lfvmu/kobuki/install/lib/python3.8/site-packages /usr/bin/cmake /home/lfvmu/kobuki/src/ecl_core/ecl_ipc -DBUILD_TESTING=OFF --no-warn-unused-cli -DCMAKE_INSTALL_PREFIX=/home/lfvmu/kobuki/install
[1.635s] Invoking command in '/home/lfvmu/kobuki/build/ecl_ipc': AMENT_PREFIX_PATH=/home/lfvmu/kobuki/install CMAKE_PREFIX_PATH=/home/lfvmu/kobuki/install LD_LIBRARY_PATH=/home/lfvmu/kobuki/install/lib PATH=/home/lfvmu/kobuki/install/bin:${PATH} PYTHONPATH=/home/lfvmu/kobuki/install/lib/python3.8/site-packages /usr/bin/cmake --build /home/lfvmu/kobuki/build/ecl_ipc -- -j4 -l4
[1.974s] [ 33%] [32mBuilding CXX object src/lib/CMakeFiles/ecl_ipc.dir/shared_memory_pos.cpp.o[0m
[1.975s] [ 66%] [32mBuilding CXX object src/lib/CMakeFiles/ecl_ipc.dir/semaphore_pos.cpp.o[0m
[4.451s] [100%] [32m[1mLinking CXX shared library libecl_ipc.so[0m
[4.984s] [100%] Built target ecl_ipc
[5.035s] Invoked command in '/home/lfvmu/kobuki/build/ecl_ipc' returned '0': AMENT_PREFIX_PATH=/home/lfvmu/kobuki/install CMAKE_PREFIX_PATH=/home/lfvmu/kobuki/install LD_LIBRARY_PATH=/home/lfvmu/kobuki/install/lib PATH=/home/lfvmu/kobuki/install/bin:${PATH} PYTHONPATH=/home/lfvmu/kobuki/install/lib/python3.8/site-packages /usr/bin/cmake --build /home/lfvmu/kobuki/build/ecl_ipc -- -j4 -l4
[5.346s] Invoking command in '/home/lfvmu/kobuki/build/ecl_ipc': AMENT_PREFIX_PATH=/home/lfvmu/kobuki/install CMAKE_PREFIX_PATH=/home/lfvmu/kobuki/install LD_LIBRARY_PATH=/home/lfvmu/kobuki/install/lib PATH=/home/lfvmu/kobuki/install/bin:${PATH} PYTHONPATH=/home/lfvmu/kobuki/install/lib/python3.8/site-packages /usr/bin/cmake --install /home/lfvmu/kobuki/build/ecl_ipc
[5.407s] -- Install configuration: ""
[5.407s] -- Up-to-date: /home/lfvmu/kobuki/install/share/ecl_ipc/environment/library_path.sh
[5.408s] -- Installing: /home/lfvmu/kobuki/install/share/ecl_ipc/environment/library_path.dsv
[5.408s] -- Up-to-date: /home/lfvmu/kobuki/install/share/ament_index/resource_index/package_run_dependencies/ecl_ipc
[5.408s] -- Up-to-date: /home/lfvmu/kobuki/install/share/ament_index/resource_index/parent_prefix_path/ecl_ipc
[5.408s] -- Up-to-date: /home/lfvmu/kobuki/install/share/ecl_ipc/environment/ament_prefix_path.sh
[5.409s] -- Installing: /home/lfvmu/kobuki/install/share/ecl_ipc/environment/ament_prefix_path.dsv
[5.409s] -- Up-to-date: /home/lfvmu/kobuki/install/share/ecl_ipc/environment/path.sh
[5.409s] -- Installing: /home/lfvmu/kobuki/install/share/ecl_ipc/environment/path.dsv
[5.409s] -- Up-to-date: /home/lfvmu/kobuki/install/share/ecl_ipc/local_setup.bash
[5.410s] -- Up-to-date: /home/lfvmu/kobuki/install/share/ecl_ipc/local_setup.sh
[5.410s] -- Up-to-date: /home/lfvmu/kobuki/install/share/ecl_ipc/local_setup.zsh
[5.410s] -- Installing: /home/lfvmu/kobuki/install/share/ecl_ipc/local_setup.dsv
[5.410s] -- Installing: /home/lfvmu/kobuki/install/share/ecl_ipc/package.dsv
[5.411s] -- Up-to-date: /home/lfvmu/kobuki/install/share/ament_index/resource_index/packages/ecl_ipc
[5.411s] -- Up-to-date: /home/lfvmu/kobuki/install/share/ecl_ipc/cmake/ecl_ipcExport.cmake
[5.411s] -- Installing: /home/lfvmu/kobuki/install/share/ecl_ipc/cmake/ecl_ipcExport-noconfig.cmake
[5.411s] -- Up-to-date: /home/lfvmu/kobuki/install/share/ecl_ipc/cmake/ament_cmake_export_targets-extras.cmake
[5.411s] -- Up-to-date: /home/lfvmu/kobuki/install/share/ecl_ipc/cmake/ament_cmake_export_include_directories-extras.cmake
[5.412s] -- Up-to-date: /home/lfvmu/kobuki/install/share/ecl_ipc/cmake/ament_cmake_export_libraries-extras.cmake
[5.412s] -- Up-to-date: /home/lfvmu/kobuki/install/share/ecl_ipc/cmake/ament_cmake_export_dependencies-extras.cmake
[5.412s] -- Up-to-date: /home/lfvmu/kobuki/install/share/ecl_ipc/cmake/ecl_ipcConfig.cmake
[5.412s] -- Up-to-date: /home/lfvmu/kobuki/install/share/ecl_ipc/cmake/ecl_ipcConfig-version.cmake
[5.413s] -- Up-to-date: /home/lfvmu/kobuki/install/share/ecl_ipc/package.xml
[5.413s] -- Up-to-date: /home/lfvmu/kobuki/install/include/ecl/ipc.hpp
[5.413s] -- Up-to-date: /home/lfvmu/kobuki/install/include/ecl/ipc/semaphore.hpp
[5.413s] -- Up-to-date: /home/lfvmu/kobuki/install/include/ecl/ipc/semaphore_pos.hpp
[5.413s] -- Up-to-date: /home/lfvmu/kobuki/install/include/ecl/ipc/shared_memory.hpp
[5.414s] -- Up-to-date: /home/lfvmu/kobuki/install/include/ecl/ipc/shared_memory_pos.hpp
[5.414s] -- Installing: /home/lfvmu/kobuki/install/lib/libecl_ipc.so.1.2.1
[5.414s] -- Set runtime path of "/home/lfvmu/kobuki/install/lib/libecl_ipc.so.1.2.1" to ""
[5.414s] -- Up-to-date: /home/lfvmu/kobuki/install/lib/libecl_ipc.so
[5.655s] Invoked command in '/home/lfvmu/kobuki/build/ecl_ipc' returned '0': AMENT_PREFIX_PATH=/home/lfvmu/kobuki/install CMAKE_PREFIX_PATH=/home/lfvmu/kobuki/install LD_LIBRARY_PATH=/home/lfvmu/kobuki/install/lib PATH=/home/lfvmu/kobuki/install/bin:${PATH} PYTHONPATH=/home/lfvmu/kobuki/install/lib/python3.8/site-packages /usr/bin/cmake --install /home/lfvmu/kobuki/build/ecl_ipc
