[0.726s] Invoking command in '/home/lfvmu/kobuki/build/ecl_time': /usr/bin/cmake /home/lfvmu/kobuki/src/ecl_core/ecl_time -DBUILD_TESTING=OFF -DCMAKE_INSTALL_PREFIX=/home/lfvmu/kobuki/install
[0.778s] -- Found ament_cmake_ros: 0.9.2 (/home/lfvmu/kobuki/install/share/ament_cmake_ros/cmake)
[0.811s] -- Using PYTHON_EXECUTABLE: /usr/bin/python3
[1.168s] -- Found ecl_build: 1.0.3 (/home/lfvmu/kobuki/install/share/ecl_build/cmake)
[1.195s] -- Found ecl_config: 1.1.0 (/home/lfvmu/kobuki/install/share/ecl_config/cmake)
[1.201s] -- Found ecl_errors: 1.1.0 (/home/lfvmu/kobuki/install/share/ecl_errors/cmake)
[1.207s] -- Found ecl_exceptions: 1.2.1 (/home/lfvmu/kobuki/install/share/ecl_exceptions/cmake)
[1.224s] -- Found ecl_time_lite: 1.1.0 (/home/lfvmu/kobuki/install/share/ecl_time_lite/cmake)
[1.388s] -- Configuring done
[1.457s] -- Generating done
[1.460s] -- Build files have been written to: /home/lfvmu/kobuki/build/ecl_time
[1.565s] Invoked command in '/home/lfvmu/kobuki/build/ecl_time' returned '0': /usr/bin/cmake /home/lfvmu/kobuki/src/ecl_core/ecl_time -DBUILD_TESTING=OFF -DCMAKE_INSTALL_PREFIX=/home/lfvmu/kobuki/install
[1.566s] Invoking command in '/home/lfvmu/kobuki/build/ecl_time': /usr/bin/cmake --build /home/lfvmu/kobuki/build/ecl_time -- -j4 -l4
[1.745s] [ 75%] Built target ecl_time
[1.813s] [ 87%] Built target ecl_time_example_sleep
[1.820s] [100%] Built target ecl_time_example_random_number_generator
[1.858s] Invoked command in '/home/lfvmu/kobuki/build/ecl_time' returned '0': /usr/bin/cmake --build /home/lfvmu/kobuki/build/ecl_time -- -j4 -l4
[2.025s] Invoking command in '/home/lfvmu/kobuki/build/ecl_time': /usr/bin/cmake --install /home/lfvmu/kobuki/build/ecl_time
[2.049s] -- Install configuration: "RelWithDebInfo"
[2.049s] -- Up-to-date: /home/lfvmu/kobuki/install/share/ecl_time/environment/library_path.sh
[2.050s] -- Installing: /home/lfvmu/kobuki/install/share/ecl_time/environment/library_path.dsv
[2.050s] -- Up-to-date: /home/lfvmu/kobuki/install/share/ament_index/resource_index/package_run_dependencies/ecl_time
[2.050s] -- Up-to-date: /home/lfvmu/kobuki/install/share/ament_index/resource_index/parent_prefix_path/ecl_time
[2.051s] -- Up-to-date: /home/lfvmu/kobuki/install/share/ecl_time/environment/ament_prefix_path.sh
[2.051s] -- Installing: /home/lfvmu/kobuki/install/share/ecl_time/environment/ament_prefix_path.dsv
[2.051s] -- Up-to-date: /home/lfvmu/kobuki/install/share/ecl_time/environment/path.sh
[2.052s] -- Installing: /home/lfvmu/kobuki/install/share/ecl_time/environment/path.dsv
[2.052s] -- Up-to-date: /home/lfvmu/kobuki/install/share/ecl_time/local_setup.bash
[2.052s] -- Up-to-date: /home/lfvmu/kobuki/install/share/ecl_time/local_setup.sh
[2.053s] -- Up-to-date: /home/lfvmu/kobuki/install/share/ecl_time/local_setup.zsh
[2.053s] -- Installing: /home/lfvmu/kobuki/install/share/ecl_time/local_setup.dsv
[2.054s] -- Installing: /home/lfvmu/kobuki/install/share/ecl_time/package.dsv
[2.054s] -- Up-to-date: /home/lfvmu/kobuki/install/share/ament_index/resource_index/packages/ecl_time
[2.055s] -- Up-to-date: /home/lfvmu/kobuki/install/share/ecl_time/cmake/ecl_timeExport.cmake
[2.056s] -- Installing: /home/lfvmu/kobuki/install/share/ecl_time/cmake/ecl_timeExport-relwithdebinfo.cmake
[2.056s] -- Up-to-date: /home/lfvmu/kobuki/install/share/ecl_time/cmake/ament_cmake_export_targets-extras.cmake
[2.056s] -- Up-to-date: /home/lfvmu/kobuki/install/share/ecl_time/cmake/ament_cmake_export_include_directories-extras.cmake
[2.056s] -- Up-to-date: /home/lfvmu/kobuki/install/share/ecl_time/cmake/ament_cmake_export_libraries-extras.cmake
[2.057s] -- Up-to-date: /home/lfvmu/kobuki/install/share/ecl_time/cmake/ament_cmake_export_dependencies-extras.cmake
[2.057s] -- Up-to-date: /home/lfvmu/kobuki/install/share/ecl_time/cmake/ecl_timeConfig.cmake
[2.057s] -- Up-to-date: /home/lfvmu/kobuki/install/share/ecl_time/cmake/ecl_timeConfig-version.cmake
[2.057s] -- Up-to-date: /home/lfvmu/kobuki/install/share/ecl_time/package.xml
[2.060s] -- Up-to-date: /home/lfvmu/kobuki/install/include/ecl/time.hpp
[2.061s] -- Up-to-date: /home/lfvmu/kobuki/install/include/ecl/time/cpuwatch.hpp
[2.061s] -- Up-to-date: /home/lfvmu/kobuki/install/include/ecl/time/cpuwatch_rt.hpp
[2.061s] -- Up-to-date: /home/lfvmu/kobuki/install/include/ecl/time/duration.hpp
[2.061s] -- Up-to-date: /home/lfvmu/kobuki/install/include/ecl/time/frequency.hpp
[2.061s] -- Up-to-date: /home/lfvmu/kobuki/install/include/ecl/time/macros.hpp
[2.062s] -- Up-to-date: /home/lfvmu/kobuki/install/include/ecl/time/random_number_generator.hpp
[2.062s] -- Up-to-date: /home/lfvmu/kobuki/install/include/ecl/time/sleep.hpp
[2.062s] -- Up-to-date: /home/lfvmu/kobuki/install/include/ecl/time/sleep_pos.hpp
[2.063s] -- Up-to-date: /home/lfvmu/kobuki/install/include/ecl/time/sleep_win.hpp
[2.063s] -- Up-to-date: /home/lfvmu/kobuki/install/include/ecl/time/snooze.hpp
[2.063s] -- Up-to-date: /home/lfvmu/kobuki/install/include/ecl/time/snooze_pos.hpp
[2.064s] -- Up-to-date: /home/lfvmu/kobuki/install/include/ecl/time/snooze_win.hpp
[2.064s] -- Up-to-date: /home/lfvmu/kobuki/install/include/ecl/time/stopwatch.hpp
[2.064s] -- Up-to-date: /home/lfvmu/kobuki/install/include/ecl/time/time_data.hpp
[2.064s] -- Up-to-date: /home/lfvmu/kobuki/install/include/ecl/time/timestamp.hpp
[2.065s] -- Up-to-date: /home/lfvmu/kobuki/install/include/ecl/time/timestamp_base.hpp
[2.065s] -- Up-to-date: /home/lfvmu/kobuki/install/include/ecl/time/timestamp_pos.hpp
[2.065s] -- Up-to-date: /home/lfvmu/kobuki/install/include/ecl/time/timestamp_win.hpp
[2.066s] -- Up-to-date: /home/lfvmu/kobuki/install/lib/libecl_time.so.1.2.1
[2.066s] -- Up-to-date: /home/lfvmu/kobuki/install/lib/libecl_time.so
[2.066s] -- Up-to-date: /home/lfvmu/kobuki/install/lib/ecl_time/demo_random_number_generator
[2.069s] -- Up-to-date: /home/lfvmu/kobuki/install/lib/ecl_time/demo_sleep
[2.081s] Invoked command in '/home/lfvmu/kobuki/build/ecl_time' returned '0': /usr/bin/cmake --install /home/lfvmu/kobuki/build/ecl_time
