[0.240s] Invoking command in '/home/lfvmu/kobuki/build/ecl_sigslots_lite': /usr/bin/cmake /home/lfvmu/kobuki/src/ecl_lite/ecl_sigslots_lite -DBUILD_TESTING=OFF -DCMAKE_INSTALL_PREFIX=/home/lfvmu/kobuki/install
[0.308s] Re-run cmake no build system arguments
[0.308s] -- Found ament_cmake_ros: 0.9.2 (/home/lfvmu/kobuki/install/share/ament_cmake_ros/cmake)
[0.359s] -- Using PYTHON_EXECUTABLE: /usr/bin/python3
[0.699s] -- Found ecl_build: 1.0.3 (/home/lfvmu/kobuki/install/share/ecl_build/cmake)
[0.728s] -- Found ecl_config: 1.1.0 (/home/lfvmu/kobuki/install/share/ecl_config/cmake)
[0.737s] -- Found ecl_errors: 1.1.0 (/home/lfvmu/kobuki/install/share/ecl_errors/cmake)
[0.944s] -- Configuring done
[0.973s] -- Generating done
[0.974s] -- Build files have been written to: /home/lfvmu/kobuki/build/ecl_sigslots_lite
[1.093s] Invoked command in '/home/lfvmu/kobuki/build/ecl_sigslots_lite' returned '0': /usr/bin/cmake /home/lfvmu/kobuki/src/ecl_lite/ecl_sigslots_lite -DBUILD_TESTING=OFF -DCMAKE_INSTALL_PREFIX=/home/lfvmu/kobuki/install
[1.102s] Invoking command in '/home/lfvmu/kobuki/build/ecl_sigslots_lite': /usr/bin/cmake --build /home/lfvmu/kobuki/build/ecl_sigslots_lite -- -j4 -l4
[1.151s] /usr/bin/cmake -S/home/lfvmu/kobuki/src/ecl_lite/ecl_sigslots_lite -B/home/lfvmu/kobuki/build/ecl_sigslots_lite --check-build-system CMakeFiles/Makefile.cmake 0
[1.209s] /usr/bin/cmake -E cmake_progress_start /home/lfvmu/kobuki/build/ecl_sigslots_lite/CMakeFiles /home/lfvmu/kobuki/build/ecl_sigslots_lite/CMakeFiles/progress.marks
[1.212s] /usr/bin/make -f CMakeFiles/Makefile2 all
[1.212s] make[1]: Entering directory '/home/lfvmu/kobuki/build/ecl_sigslots_lite'
[1.212s] /usr/bin/make -f src/examples/CMakeFiles/demo_sigslots_lite.dir/build.make src/examples/CMakeFiles/demo_sigslots_lite.dir/depend
[1.213s] make[2]: Entering directory '/home/lfvmu/kobuki/build/ecl_sigslots_lite'
[1.213s] cd /home/lfvmu/kobuki/build/ecl_sigslots_lite && /usr/bin/cmake -E cmake_depends "Unix Makefiles" /home/lfvmu/kobuki/src/ecl_lite/ecl_sigslots_lite /home/lfvmu/kobuki/src/ecl_lite/ecl_sigslots_lite/src/examples /home/lfvmu/kobuki/build/ecl_sigslots_lite /home/lfvmu/kobuki/build/ecl_sigslots_lite/src/examples /home/lfvmu/kobuki/build/ecl_sigslots_lite/src/examples/CMakeFiles/demo_sigslots_lite.dir/DependInfo.cmake --color=
[1.247s] make[2]: Leaving directory '/home/lfvmu/kobuki/build/ecl_sigslots_lite'
[1.247s] /usr/bin/make -f src/examples/CMakeFiles/demo_sigslots_lite.dir/build.make src/examples/CMakeFiles/demo_sigslots_lite.dir/build
[1.248s] make[2]: Entering directory '/home/lfvmu/kobuki/build/ecl_sigslots_lite'
[1.248s] make[2]: Nothing to be done for 'src/examples/CMakeFiles/demo_sigslots_lite.dir/build'.
[1.248s] make[2]: Leaving directory '/home/lfvmu/kobuki/build/ecl_sigslots_lite'
[1.265s] [100%] Built target demo_sigslots_lite
[1.266s] make[1]: Leaving directory '/home/lfvmu/kobuki/build/ecl_sigslots_lite'
[1.266s] /usr/bin/cmake -E cmake_progress_start /home/lfvmu/kobuki/build/ecl_sigslots_lite/CMakeFiles 0
[1.414s] Invoked command in '/home/lfvmu/kobuki/build/ecl_sigslots_lite' returned '0': /usr/bin/cmake --build /home/lfvmu/kobuki/build/ecl_sigslots_lite -- -j4 -l4
[1.645s] Invoking command in '/home/lfvmu/kobuki/build/ecl_sigslots_lite': /usr/bin/cmake --install /home/lfvmu/kobuki/build/ecl_sigslots_lite
[1.677s] -- Install configuration: "RelWithDebInfo"
[1.678s] -- Up-to-date: /home/lfvmu/kobuki/install/share/ament_index/resource_index/package_run_dependencies/ecl_sigslots_lite
[1.678s] -- Up-to-date: /home/lfvmu/kobuki/install/share/ament_index/resource_index/parent_prefix_path/ecl_sigslots_lite
[1.679s] -- Up-to-date: /home/lfvmu/kobuki/install/share/ecl_sigslots_lite/environment/ament_prefix_path.sh
[1.679s] -- Installing: /home/lfvmu/kobuki/install/share/ecl_sigslots_lite/environment/ament_prefix_path.dsv
[1.679s] -- Up-to-date: /home/lfvmu/kobuki/install/share/ecl_sigslots_lite/environment/path.sh
[1.680s] -- Installing: /home/lfvmu/kobuki/install/share/ecl_sigslots_lite/environment/path.dsv
[1.680s] -- Up-to-date: /home/lfvmu/kobuki/install/share/ecl_sigslots_lite/local_setup.bash
[1.680s] -- Up-to-date: /home/lfvmu/kobuki/install/share/ecl_sigslots_lite/local_setup.sh
[1.680s] -- Up-to-date: /home/lfvmu/kobuki/install/share/ecl_sigslots_lite/local_setup.zsh
[1.681s] -- Installing: /home/lfvmu/kobuki/install/share/ecl_sigslots_lite/local_setup.dsv
[1.681s] -- Installing: /home/lfvmu/kobuki/install/share/ecl_sigslots_lite/package.dsv
[1.681s] -- Up-to-date: /home/lfvmu/kobuki/install/share/ament_index/resource_index/packages/ecl_sigslots_lite
[1.682s] -- Up-to-date: /home/lfvmu/kobuki/install/share/ecl_sigslots_lite/cmake/ecl_sigslots_liteExport.cmake
[1.682s] -- Up-to-date: /home/lfvmu/kobuki/install/share/ecl_sigslots_lite/cmake/ament_cmake_export_targets-extras.cmake
[1.682s] -- Up-to-date: /home/lfvmu/kobuki/install/share/ecl_sigslots_lite/cmake/ament_cmake_export_include_directories-extras.cmake
[1.682s] -- Up-to-date: /home/lfvmu/kobuki/install/share/ecl_sigslots_lite/cmake/ament_cmake_export_dependencies-extras.cmake
[1.683s] -- Up-to-date: /home/lfvmu/kobuki/install/share/ecl_sigslots_lite/cmake/ecl_sigslots_liteConfig.cmake
[1.683s] -- Up-to-date: /home/lfvmu/kobuki/install/share/ecl_sigslots_lite/cmake/ecl_sigslots_liteConfig-version.cmake
[1.683s] -- Up-to-date: /home/lfvmu/kobuki/install/share/ecl_sigslots_lite/package.xml
[1.684s] -- Up-to-date: /home/lfvmu/kobuki/install/include/ecl/sigslots_lite.hpp
[1.684s] -- Up-to-date: /home/lfvmu/kobuki/install/include/ecl/sigslots_lite/connect.hpp
[1.684s] -- Up-to-date: /home/lfvmu/kobuki/install/include/ecl/sigslots_lite/errors.hpp
[1.684s] -- Up-to-date: /home/lfvmu/kobuki/install/include/ecl/sigslots_lite/managers.hpp
[1.685s] -- Up-to-date: /home/lfvmu/kobuki/install/include/ecl/sigslots_lite/signal.hpp
[1.685s] -- Up-to-date: /home/lfvmu/kobuki/install/include/ecl/sigslots_lite/slot.hpp
[1.685s] -- Up-to-date: /home/lfvmu/kobuki/install/include/ecl/sigslots_lite/utilities.hpp
[1.687s] -- Up-to-date: /home/lfvmu/kobuki/install/lib/ecl_sigslots_lite/demo_sigslots_lite
[1.696s] Invoked command in '/home/lfvmu/kobuki/build/ecl_sigslots_lite' returned '0': /usr/bin/cmake --install /home/lfvmu/kobuki/build/ecl_sigslots_lite
