[0.552s] Invoking command in '/home/lfvmu/kobuki/build/ecl_linear_algebra': /usr/bin/cmake /home/lfvmu/kobuki/src/ecl_core/ecl_linear_algebra -DBUILD_TESTING=OFF -DCMAKE_INSTALL_PREFIX=/home/lfvmu/kobuki/install
[0.578s] Re-run cmake no build system arguments
[0.607s] -- Found ament_cmake_ros: 0.9.2 (/home/lfvmu/kobuki/install/share/ament_cmake_ros/cmake)
[0.671s] -- Using PYTHON_EXECUTABLE: /usr/bin/python3
[1.026s] -- Found ecl_build: 1.0.3 (/home/lfvmu/kobuki/install/share/ecl_build/cmake)
[1.049s] -- Found ecl_eigen: 1.2.1 (/home/lfvmu/kobuki/install/share/ecl_eigen/cmake)
[1.076s] -- Found ecl_exceptions: 1.2.1 (/home/lfvmu/kobuki/install/share/ecl_exceptions/cmake)
[1.102s] -- Found ecl_formatters: 1.2.1 (/home/lfvmu/kobuki/install/share/ecl_formatters/cmake)
[1.160s] -- Found ecl_math: 1.2.1 (/home/lfvmu/kobuki/install/share/ecl_math/cmake)
[1.384s] -- Configuring done
[1.404s] -- Generating done
[1.411s] -- Build files have been written to: /home/lfvmu/kobuki/build/ecl_linear_algebra
[1.516s] Invoked command in '/home/lfvmu/kobuki/build/ecl_linear_algebra' returned '0': /usr/bin/cmake /home/lfvmu/kobuki/src/ecl_core/ecl_linear_algebra -DBUILD_TESTING=OFF -DCMAKE_INSTALL_PREFIX=/home/lfvmu/kobuki/install
[1.518s] Invoking command in '/home/lfvmu/kobuki/build/ecl_linear_algebra': /usr/bin/cmake --build /home/lfvmu/kobuki/build/ecl_linear_algebra -- -j4 -l4
[1.587s] /usr/bin/cmake -S/home/lfvmu/kobuki/src/ecl_core/ecl_linear_algebra -B/home/lfvmu/kobuki/build/ecl_linear_algebra --check-build-system CMakeFiles/Makefile.cmake 0
[1.623s] /usr/bin/cmake -E cmake_progress_start /home/lfvmu/kobuki/build/ecl_linear_algebra/CMakeFiles /home/lfvmu/kobuki/build/ecl_linear_algebra/CMakeFiles/progress.marks
[1.666s] /usr/bin/make -f CMakeFiles/Makefile2 all
[1.667s] make[1]: Entering directory '/home/lfvmu/kobuki/build/ecl_linear_algebra'
[1.667s] /usr/bin/make -f src/lib/CMakeFiles/ecl_linear_algebra.dir/build.make src/lib/CMakeFiles/ecl_linear_algebra.dir/depend
[1.667s] make[2]: Entering directory '/home/lfvmu/kobuki/build/ecl_linear_algebra'
[1.682s] cd /home/lfvmu/kobuki/build/ecl_linear_algebra && /usr/bin/cmake -E cmake_depends "Unix Makefiles" /home/lfvmu/kobuki/src/ecl_core/ecl_linear_algebra /home/lfvmu/kobuki/src/ecl_core/ecl_linear_algebra/src/lib /home/lfvmu/kobuki/build/ecl_linear_algebra /home/lfvmu/kobuki/build/ecl_linear_algebra/src/lib /home/lfvmu/kobuki/build/ecl_linear_algebra/src/lib/CMakeFiles/ecl_linear_algebra.dir/DependInfo.cmake --color=
[1.692s] make[2]: Leaving directory '/home/lfvmu/kobuki/build/ecl_linear_algebra'
[1.695s] /usr/bin/make -f src/lib/CMakeFiles/ecl_linear_algebra.dir/build.make src/lib/CMakeFiles/ecl_linear_algebra.dir/build
[1.742s] make[2]: Entering directory '/home/lfvmu/kobuki/build/ecl_linear_algebra'
[1.742s] make[2]: Nothing to be done for 'src/lib/CMakeFiles/ecl_linear_algebra.dir/build'.
[1.743s] make[2]: Leaving directory '/home/lfvmu/kobuki/build/ecl_linear_algebra'
[1.764s] [100%] Built target ecl_linear_algebra
[1.764s] make[1]: Leaving directory '/home/lfvmu/kobuki/build/ecl_linear_algebra'
[1.764s] /usr/bin/cmake -E cmake_progress_start /home/lfvmu/kobuki/build/ecl_linear_algebra/CMakeFiles 0
[1.843s] Invoked command in '/home/lfvmu/kobuki/build/ecl_linear_algebra' returned '0': /usr/bin/cmake --build /home/lfvmu/kobuki/build/ecl_linear_algebra -- -j4 -l4
[2.145s] Invoking command in '/home/lfvmu/kobuki/build/ecl_linear_algebra': /usr/bin/cmake --install /home/lfvmu/kobuki/build/ecl_linear_algebra
[2.169s] -- Install configuration: "RelWithDebInfo"
[2.169s] -- Up-to-date: /home/lfvmu/kobuki/install/share/ecl_linear_algebra/environment/library_path.sh
[2.170s] -- Installing: /home/lfvmu/kobuki/install/share/ecl_linear_algebra/environment/library_path.dsv
[2.170s] -- Up-to-date: /home/lfvmu/kobuki/install/share/ament_index/resource_index/package_run_dependencies/ecl_linear_algebra
[2.171s] -- Up-to-date: /home/lfvmu/kobuki/install/share/ament_index/resource_index/parent_prefix_path/ecl_linear_algebra
[2.171s] -- Up-to-date: /home/lfvmu/kobuki/install/share/ecl_linear_algebra/environment/ament_prefix_path.sh
[2.172s] -- Installing: /home/lfvmu/kobuki/install/share/ecl_linear_algebra/environment/ament_prefix_path.dsv
[2.172s] -- Up-to-date: /home/lfvmu/kobuki/install/share/ecl_linear_algebra/environment/path.sh
[2.173s] -- Installing: /home/lfvmu/kobuki/install/share/ecl_linear_algebra/environment/path.dsv
[2.174s] -- Up-to-date: /home/lfvmu/kobuki/install/share/ecl_linear_algebra/local_setup.bash
[2.174s] -- Up-to-date: /home/lfvmu/kobuki/install/share/ecl_linear_algebra/local_setup.sh
[2.175s] -- Up-to-date: /home/lfvmu/kobuki/install/share/ecl_linear_algebra/local_setup.zsh
[2.175s] -- Installing: /home/lfvmu/kobuki/install/share/ecl_linear_algebra/local_setup.dsv
[2.176s] -- Installing: /home/lfvmu/kobuki/install/share/ecl_linear_algebra/package.dsv
[2.177s] -- Up-to-date: /home/lfvmu/kobuki/install/share/ament_index/resource_index/packages/ecl_linear_algebra
[2.177s] -- Up-to-date: /home/lfvmu/kobuki/install/share/ecl_linear_algebra/cmake/ecl_linear_algebraExport.cmake
[2.179s] -- Installing: /home/lfvmu/kobuki/install/share/ecl_linear_algebra/cmake/ecl_linear_algebraExport-relwithdebinfo.cmake
[2.179s] -- Up-to-date: /home/lfvmu/kobuki/install/share/ecl_linear_algebra/cmake/ament_cmake_export_targets-extras.cmake
[2.179s] -- Up-to-date: /home/lfvmu/kobuki/install/share/ecl_linear_algebra/cmake/ament_cmake_export_include_directories-extras.cmake
[2.180s] -- Up-to-date: /home/lfvmu/kobuki/install/share/ecl_linear_algebra/cmake/ament_cmake_export_libraries-extras.cmake
[2.180s] -- Up-to-date: /home/lfvmu/kobuki/install/share/ecl_linear_algebra/cmake/ament_cmake_export_dependencies-extras.cmake
[2.180s] -- Up-to-date: /home/lfvmu/kobuki/install/share/ecl_linear_algebra/cmake/ecl_linear_algebraConfig.cmake
[2.180s] -- Up-to-date: /home/lfvmu/kobuki/install/share/ecl_linear_algebra/cmake/ecl_linear_algebraConfig-version.cmake
[2.181s] -- Up-to-date: /home/lfvmu/kobuki/install/share/ecl_linear_algebra/package.xml
[2.182s] -- Up-to-date: /home/lfvmu/kobuki/install/include/ecl/linear_algebra.hpp
[2.183s] -- Up-to-date: /home/lfvmu/kobuki/install/include/ecl/linear_algebra/eigen.hpp
[2.183s] -- Up-to-date: /home/lfvmu/kobuki/install/include/ecl/linear_algebra/sophus.hpp
[2.184s] -- Up-to-date: /home/lfvmu/kobuki/install/include/ecl/linear_algebra/eigen/formatters.hpp
[2.184s] -- Up-to-date: /home/lfvmu/kobuki/install/include/ecl/linear_algebra/eigen/plugin.hpp
[2.185s] -- Up-to-date: /home/lfvmu/kobuki/install/include/ecl/linear_algebra/eigen/unsupported/nonlinear_optimization.hpp
[2.185s] -- Up-to-date: /home/lfvmu/kobuki/install/include/ecl/linear_algebra/eigen/unsupported/numerical_diff.hpp
[2.186s] -- Up-to-date: /home/lfvmu/kobuki/install/include/ecl/linear_algebra/sophus/formatters.hpp
[2.186s] -- Up-to-date: /home/lfvmu/kobuki/install/include/ecl/linear_algebra/sophus/helpers.hpp
[2.187s] -- Up-to-date: /home/lfvmu/kobuki/install/include/ecl/linear_algebra/sophus/interpolators.hpp
[2.188s] -- Up-to-date: /home/lfvmu/kobuki/install/lib/libecl_linear_algebra.so.1.2.1
[2.189s] -- Up-to-date: /home/lfvmu/kobuki/install/lib/libecl_linear_algebra.so
[2.204s] Invoked command in '/home/lfvmu/kobuki/build/ecl_linear_algebra' returned '0': /usr/bin/cmake --install /home/lfvmu/kobuki/build/ecl_linear_algebra
