[0.132s] Invoking command in '/home/lfvmu/kobuki/build/ament_cmake_auto': /usr/bin/cmake /home/lfvmu/kobuki/src/ament_cmake/ament_cmake_auto -DBUILD_TESTING=OFF -DCMAKE_INSTALL_PREFIX=/home/lfvmu/kobuki/install
[0.163s] Re-run cmake no build system arguments
[0.171s] -- Found ament_cmake: 0.9.11 (/home/lfvmu/kobuki/install/share/ament_cmake/cmake)
[0.220s] -- Using PYTHON_EXECUTABLE: /usr/bin/python3
[0.702s] -- Configuring done
[0.726s] -- Generating done
[0.728s] -- Build files have been written to: /home/lfvmu/kobuki/build/ament_cmake_auto
[0.957s] Invoked command in '/home/lfvmu/kobuki/build/ament_cmake_auto' returned '0': /usr/bin/cmake /home/lfvmu/kobuki/src/ament_cmake/ament_cmake_auto -DBUILD_TESTING=OFF -DCMAKE_INSTALL_PREFIX=/home/lfvmu/kobuki/install
[0.958s] Invoking command in '/home/lfvmu/kobuki/build/ament_cmake_auto': /usr/bin/cmake --build /home/lfvmu/kobuki/build/ament_cmake_auto -- -j4 -l4
[1.033s] /usr/bin/cmake -S/home/lfvmu/kobuki/src/ament_cmake/ament_cmake_auto -B/home/lfvmu/kobuki/build/ament_cmake_auto --check-build-system CMakeFiles/Makefile.cmake 0
[1.033s] /usr/bin/cmake -E cmake_progress_start /home/lfvmu/kobuki/build/ament_cmake_auto/CMakeFiles /home/lfvmu/kobuki/build/ament_cmake_auto/CMakeFiles/progress.marks
[1.043s] /usr/bin/make -f CMakeFiles/Makefile2 all
[1.049s] make[1]: Entering directory '/home/lfvmu/kobuki/build/ament_cmake_auto'
[1.049s] make[1]: Nothing to be done for 'all'.
[1.050s] make[1]: Leaving directory '/home/lfvmu/kobuki/build/ament_cmake_auto'
[1.050s] /usr/bin/cmake -E cmake_progress_start /home/lfvmu/kobuki/build/ament_cmake_auto/CMakeFiles 0
[1.095s] Invoked command in '/home/lfvmu/kobuki/build/ament_cmake_auto' returned '0': /usr/bin/cmake --build /home/lfvmu/kobuki/build/ament_cmake_auto -- -j4 -l4
[1.351s] Invoking command in '/home/lfvmu/kobuki/build/ament_cmake_auto': /usr/bin/cmake --install /home/lfvmu/kobuki/build/ament_cmake_auto
[1.378s] -- Install configuration: "RelWithDebInfo"
[1.379s] -- Up-to-date: /home/lfvmu/kobuki/install/share/ament_index/resource_index/package_run_dependencies/ament_cmake_auto
[1.379s] -- Up-to-date: /home/lfvmu/kobuki/install/share/ament_index/resource_index/parent_prefix_path/ament_cmake_auto
[1.380s] -- Up-to-date: /home/lfvmu/kobuki/install/share/ament_cmake_auto/environment/ament_prefix_path.sh
[1.380s] -- Installing: /home/lfvmu/kobuki/install/share/ament_cmake_auto/environment/ament_prefix_path.dsv
[1.380s] -- Up-to-date: /home/lfvmu/kobuki/install/share/ament_cmake_auto/environment/path.sh
[1.381s] -- Installing: /home/lfvmu/kobuki/install/share/ament_cmake_auto/environment/path.dsv
[1.381s] -- Up-to-date: /home/lfvmu/kobuki/install/share/ament_cmake_auto/local_setup.bash
[1.381s] -- Up-to-date: /home/lfvmu/kobuki/install/share/ament_cmake_auto/local_setup.sh
[1.382s] -- Up-to-date: /home/lfvmu/kobuki/install/share/ament_cmake_auto/local_setup.zsh
[1.382s] -- Installing: /home/lfvmu/kobuki/install/share/ament_cmake_auto/local_setup.dsv
[1.390s] -- Installing: /home/lfvmu/kobuki/install/share/ament_cmake_auto/package.dsv
[1.391s] -- Up-to-date: /home/lfvmu/kobuki/install/share/ament_index/resource_index/packages/ament_cmake_auto
[1.391s] -- Up-to-date: /home/lfvmu/kobuki/install/share/ament_cmake_auto/cmake/ament_cmake_auto-extras.cmake
[1.399s] -- Up-to-date: /home/lfvmu/kobuki/install/share/ament_cmake_auto/cmake/ament_cmake_autoConfig.cmake
[1.399s] -- Up-to-date: /home/lfvmu/kobuki/install/share/ament_cmake_auto/cmake/ament_cmake_autoConfig-version.cmake
[1.400s] -- Up-to-date: /home/lfvmu/kobuki/install/share/ament_cmake_auto/package.xml
[1.408s] -- Up-to-date: /home/lfvmu/kobuki/install/share/ament_cmake_auto/cmake
[1.408s] -- Up-to-date: /home/lfvmu/kobuki/install/share/ament_cmake_auto/cmake/ament_auto_package.cmake
[1.409s] -- Up-to-date: /home/lfvmu/kobuki/install/share/ament_cmake_auto/cmake/ament_auto_find_build_dependencies.cmake
[1.409s] -- Up-to-date: /home/lfvmu/kobuki/install/share/ament_cmake_auto/cmake/ament_auto_add_executable.cmake
[1.410s] -- Up-to-date: /home/lfvmu/kobuki/install/share/ament_cmake_auto/cmake/ament_auto_generate_code.cmake
[1.415s] -- Up-to-date: /home/lfvmu/kobuki/install/share/ament_cmake_auto/cmake/ament_auto_add_library.cmake
[1.416s] Invoked command in '/home/lfvmu/kobuki/build/ament_cmake_auto' returned '0': /usr/bin/cmake --install /home/lfvmu/kobuki/build/ament_cmake_auto
