[0.249s] Invoking command in '/home/lfvmu/kobuki/build/ament_lint_common': /usr/bin/cmake /home/lfvmu/kobuki/src/ament_lint/ament_lint_common -DBUILD_TESTING=OFF -DCMAKE_BUILD_TYPE=RelWithDebInfo -DCMAKE_INSTALL_PREFIX=/home/lfvmu/kobuki/install
[0.272s] -- Found ament_cmake_core: 0.9.11 (/home/lfvmu/kobuki/install/share/ament_cmake_core/cmake)
[0.318s] -- Using PYTHON_EXECUTABLE: /usr/bin/python3
[0.650s] -- Found ament_cmake_export_dependencies: 0.9.11 (/home/lfvmu/kobuki/install/share/ament_cmake_export_dependencies/cmake)
[0.804s] -- Configuring done
[0.805s] -- Generating done
[0.805s] -- Build files have been written to: /home/lfvmu/kobuki/build/ament_lint_common
[1.181s] Invoked command in '/home/lfvmu/kobuki/build/ament_lint_common' returned '0': /usr/bin/cmake /home/lfvmu/kobuki/src/ament_lint/ament_lint_common -DBUILD_TESTING=OFF -DCMAKE_BUILD_TYPE=RelWithDebInfo -DCMAKE_INSTALL_PREFIX=/home/lfvmu/kobuki/install
[1.183s] Invoking command in '/home/lfvmu/kobuki/build/ament_lint_common': /usr/bin/cmake --build /home/lfvmu/kobuki/build/ament_lint_common -- -j4 -l4
[1.424s] Invoked command in '/home/lfvmu/kobuki/build/ament_lint_common' returned '0': /usr/bin/cmake --build /home/lfvmu/kobuki/build/ament_lint_common -- -j4 -l4
[1.475s] Invoking command in '/home/lfvmu/kobuki/build/ament_lint_common': /usr/bin/cmake --install /home/lfvmu/kobuki/build/ament_lint_common
[1.499s] -- Install configuration: "RelWithDebInfo"
[1.499s] -- Up-to-date: /home/lfvmu/kobuki/install/share/ament_index/resource_index/package_run_dependencies/ament_lint_common
[1.500s] -- Up-to-date: /home/lfvmu/kobuki/install/share/ament_index/resource_index/parent_prefix_path/ament_lint_common
[1.500s] -- Up-to-date: /home/lfvmu/kobuki/install/share/ament_lint_common/environment/ament_prefix_path.sh
[1.500s] -- Installing: /home/lfvmu/kobuki/install/share/ament_lint_common/environment/ament_prefix_path.dsv
[1.501s] -- Up-to-date: /home/lfvmu/kobuki/install/share/ament_lint_common/environment/path.sh
[1.501s] -- Installing: /home/lfvmu/kobuki/install/share/ament_lint_common/environment/path.dsv
[1.502s] -- Up-to-date: /home/lfvmu/kobuki/install/share/ament_lint_common/local_setup.bash
[1.502s] -- Up-to-date: /home/lfvmu/kobuki/install/share/ament_lint_common/local_setup.sh
[1.502s] -- Up-to-date: /home/lfvmu/kobuki/install/share/ament_lint_common/local_setup.zsh
[1.503s] -- Installing: /home/lfvmu/kobuki/install/share/ament_lint_common/local_setup.dsv
[1.503s] -- Installing: /home/lfvmu/kobuki/install/share/ament_lint_common/package.dsv
[1.504s] -- Up-to-date: /home/lfvmu/kobuki/install/share/ament_index/resource_index/packages/ament_lint_common
[1.504s] -- Up-to-date: /home/lfvmu/kobuki/install/share/ament_lint_common/cmake/ament_cmake_export_dependencies-extras.cmake
[1.504s] -- Up-to-date: /home/lfvmu/kobuki/install/share/ament_lint_common/cmake/ament_lint_commonConfig.cmake
[1.505s] -- Up-to-date: /home/lfvmu/kobuki/install/share/ament_lint_common/cmake/ament_lint_commonConfig-version.cmake
[1.506s] -- Up-to-date: /home/lfvmu/kobuki/install/share/ament_lint_common/package.xml
[1.524s] Invoked command in '/home/lfvmu/kobuki/build/ament_lint_common' returned '0': /usr/bin/cmake --install /home/lfvmu/kobuki/build/ament_lint_common
