[0.438s] Invoking command in '/home/lfvmu/kobuki/build/ament_cmake_target_dependencies': /usr/bin/cmake /home/lfvmu/kobuki/src/ament_cmake/ament_cmake_target_dependencies -DBUILD_TESTING=OFF -DCMAKE_BUILD_TYPE=RelWithDebInfo -DCMAKE_INSTALL_PREFIX=/home/lfvmu/kobuki/install
[0.484s] -- Found ament_cmake_core: 0.9.11 (/home/lfvmu/kobuki/install/share/ament_cmake_core/cmake)
[0.501s] -- Using PYTHON_EXECUTABLE: /usr/bin/python3
[0.986s] -- Configuring done
[0.987s] -- Generating done
[0.990s] -- Build files have been written to: /home/lfvmu/kobuki/build/ament_cmake_target_dependencies
[1.188s] Invoked command in '/home/lfvmu/kobuki/build/ament_cmake_target_dependencies' returned '0': /usr/bin/cmake /home/lfvmu/kobuki/src/ament_cmake/ament_cmake_target_dependencies -DBUILD_TESTING=OFF -DCMAKE_BUILD_TYPE=RelWithDebInfo -DCMAKE_INSTALL_PREFIX=/home/lfvmu/kobuki/install
[1.194s] Invoking command in '/home/lfvmu/kobuki/build/ament_cmake_target_dependencies': /usr/bin/cmake --build /home/lfvmu/kobuki/build/ament_cmake_target_dependencies -- -j4 -l4
[1.697s] Invoked command in '/home/lfvmu/kobuki/build/ament_cmake_target_dependencies' returned '0': /usr/bin/cmake --build /home/lfvmu/kobuki/build/ament_cmake_target_dependencies -- -j4 -l4
[1.747s] Invoking command in '/home/lfvmu/kobuki/build/ament_cmake_target_dependencies': /usr/bin/cmake --install /home/lfvmu/kobuki/build/ament_cmake_target_dependencies
[1.773s] -- Install configuration: "RelWithDebInfo"
[1.774s] -- Up-to-date: /home/lfvmu/kobuki/install/share/ament_index/resource_index/package_run_dependencies/ament_cmake_target_dependencies
[1.775s] -- Up-to-date: /home/lfvmu/kobuki/install/share/ament_index/resource_index/parent_prefix_path/ament_cmake_target_dependencies
[1.775s] -- Up-to-date: /home/lfvmu/kobuki/install/share/ament_cmake_target_dependencies/environment/ament_prefix_path.sh
[1.776s] -- Installing: /home/lfvmu/kobuki/install/share/ament_cmake_target_dependencies/environment/ament_prefix_path.dsv
[1.777s] -- Up-to-date: /home/lfvmu/kobuki/install/share/ament_cmake_target_dependencies/environment/path.sh
[1.778s] -- Installing: /home/lfvmu/kobuki/install/share/ament_cmake_target_dependencies/environment/path.dsv
[1.778s] -- Up-to-date: /home/lfvmu/kobuki/install/share/ament_cmake_target_dependencies/local_setup.bash
[1.780s] -- Up-to-date: /home/lfvmu/kobuki/install/share/ament_cmake_target_dependencies/local_setup.sh
[1.781s] -- Up-to-date: /home/lfvmu/kobuki/install/share/ament_cmake_target_dependencies/local_setup.zsh
[1.786s] -- Installing: /home/lfvmu/kobuki/install/share/ament_cmake_target_dependencies/local_setup.dsv
[1.787s] -- Installing: /home/lfvmu/kobuki/install/share/ament_cmake_target_dependencies/package.dsv
[1.787s] -- Up-to-date: /home/lfvmu/kobuki/install/share/ament_index/resource_index/packages/ament_cmake_target_dependencies
[1.788s] -- Up-to-date: /home/lfvmu/kobuki/install/share/ament_cmake_target_dependencies/cmake/ament_cmake_target_dependencies-extras.cmake
[1.788s] -- Up-to-date: /home/lfvmu/kobuki/install/share/ament_cmake_target_dependencies/cmake/ament_cmake_target_dependenciesConfig.cmake
[1.788s] -- Up-to-date: /home/lfvmu/kobuki/install/share/ament_cmake_target_dependencies/cmake/ament_cmake_target_dependenciesConfig-version.cmake
[1.789s] -- Up-to-date: /home/lfvmu/kobuki/install/share/ament_cmake_target_dependencies/package.xml
[1.789s] -- Up-to-date: /home/lfvmu/kobuki/install/share/ament_cmake_target_dependencies/cmake
[1.789s] -- Up-to-date: /home/lfvmu/kobuki/install/share/ament_cmake_target_dependencies/cmake/ament_target_dependencies.cmake
[1.789s] -- Up-to-date: /home/lfvmu/kobuki/install/share/ament_cmake_target_dependencies/cmake/ament_get_recursive_properties.cmake
[1.805s] Invoked command in '/home/lfvmu/kobuki/build/ament_cmake_target_dependencies' returned '0': /usr/bin/cmake --install /home/lfvmu/kobuki/build/ament_cmake_target_dependencies
