[0.417s] Invoking command in '/home/lfvmu/kobuki/build/ecl_geometry': AMENT_PREFIX_PATH=/home/lfvmu/kobuki/install CMAKE_PREFIX_PATH=/home/lfvmu/kobuki/install LD_LIBRARY_PATH=/home/lfvmu/kobuki/install/lib PATH=/home/lfvmu/kobuki/install/bin:${PATH} PKG_CONFIG_PATH=/home/lfvmu/kobuki/install/lib/x86_64-linux-gnu/pkgconfig:/home/lfvmu/kobuki/install/lib/pkgconfig PYTHONPATH=/home/lfvmu/kobuki/install/lib/python3.8/site-packages /usr/bin/cmake /home/lfvmu/kobuki/src/ecl_core/ecl_geometry -DBUILD_TESTING=OFF -DCMAKE_INSTALL_PREFIX=/home/lfvmu/kobuki/install
[0.436s] Re-run cmake no build system arguments
[0.454s] -- Found ament_cmake_ros: 0.9.2 (/home/lfvmu/kobuki/install/share/ament_cmake_ros/cmake)
[0.514s] -- Using PYTHON_EXECUTABLE: /usr/bin/python3
[0.893s] -- Found ecl_build: 1.0.3 (/home/lfvmu/kobuki/install/share/ecl_build/cmake)
[0.930s] -- Found ecl_config: 1.1.0 (/home/lfvmu/kobuki/install/share/ecl_config/cmake)
[0.931s] -- Found ecl_containers: 1.2.1 (/home/lfvmu/kobuki/install/share/ecl_containers/cmake)
[1.055s] -- Found ecl_linear_algebra: 1.2.1 (/home/lfvmu/kobuki/install/share/ecl_linear_algebra/cmake)
[1.287s] -- Configuring done
[1.315s] -- Generating done
[1.326s] -- Build files have been written to: /home/lfvmu/kobuki/build/ecl_geometry
[1.357s] Invoked command in '/home/lfvmu/kobuki/build/ecl_geometry' returned '0': AMENT_PREFIX_PATH=/home/lfvmu/kobuki/install CMAKE_PREFIX_PATH=/home/lfvmu/kobuki/install LD_LIBRARY_PATH=/home/lfvmu/kobuki/install/lib PATH=/home/lfvmu/kobuki/install/bin:${PATH} PKG_CONFIG_PATH=/home/lfvmu/kobuki/install/lib/x86_64-linux-gnu/pkgconfig:/home/lfvmu/kobuki/install/lib/pkgconfig PYTHONPATH=/home/lfvmu/kobuki/install/lib/python3.8/site-packages /usr/bin/cmake /home/lfvmu/kobuki/src/ecl_core/ecl_geometry -DBUILD_TESTING=OFF -DCMAKE_INSTALL_PREFIX=/home/lfvmu/kobuki/install
[1.364s] Invoking command in '/home/lfvmu/kobuki/build/ecl_geometry': AMENT_PREFIX_PATH=/home/lfvmu/kobuki/install CMAKE_PREFIX_PATH=/home/lfvmu/kobuki/install LD_LIBRARY_PATH=/home/lfvmu/kobuki/install/lib PATH=/home/lfvmu/kobuki/install/bin:${PATH} PKG_CONFIG_PATH=/home/lfvmu/kobuki/install/lib/x86_64-linux-gnu/pkgconfig:/home/lfvmu/kobuki/install/lib/pkgconfig PYTHONPATH=/home/lfvmu/kobuki/install/lib/python3.8/site-packages /usr/bin/cmake --build /home/lfvmu/kobuki/build/ecl_geometry -- -j4 -l4
[1.415s] /usr/bin/cmake -S/home/lfvmu/kobuki/src/ecl_core/ecl_geometry -B/home/lfvmu/kobuki/build/ecl_geometry --check-build-system CMakeFiles/Makefile.cmake 0
[1.444s] /usr/bin/cmake -E cmake_progress_start /home/lfvmu/kobuki/build/ecl_geometry/CMakeFiles /home/lfvmu/kobuki/build/ecl_geometry/CMakeFiles/progress.marks
[1.463s] /usr/bin/make -f CMakeFiles/Makefile2 all
[1.466s] make[1]: Entering directory '/home/lfvmu/kobuki/build/ecl_geometry'
[1.467s] /usr/bin/make -f src/lib/CMakeFiles/ecl_geometry.dir/build.make src/lib/CMakeFiles/ecl_geometry.dir/depend
[1.525s] make[2]: Entering directory '/home/lfvmu/kobuki/build/ecl_geometry'
[1.525s] cd /home/lfvmu/kobuki/build/ecl_geometry && /usr/bin/cmake -E cmake_depends "Unix Makefiles" /home/lfvmu/kobuki/src/ecl_core/ecl_geometry /home/lfvmu/kobuki/src/ecl_core/ecl_geometry/src/lib /home/lfvmu/kobuki/build/ecl_geometry /home/lfvmu/kobuki/build/ecl_geometry/src/lib /home/lfvmu/kobuki/build/ecl_geometry/src/lib/CMakeFiles/ecl_geometry.dir/DependInfo.cmake --color=
[1.552s] make[2]: Leaving directory '/home/lfvmu/kobuki/build/ecl_geometry'
[1.552s] /usr/bin/make -f src/lib/CMakeFiles/ecl_geometry.dir/build.make src/lib/CMakeFiles/ecl_geometry.dir/build
[1.632s] make[2]: Entering directory '/home/lfvmu/kobuki/build/ecl_geometry'
[1.633s] make[2]: Nothing to be done for 'src/lib/CMakeFiles/ecl_geometry.dir/build'.
[1.634s] make[2]: Leaving directory '/home/lfvmu/kobuki/build/ecl_geometry'
[1.654s] [100%] Built target ecl_geometry
[1.655s] make[1]: Leaving directory '/home/lfvmu/kobuki/build/ecl_geometry'
[1.656s] /usr/bin/cmake -E cmake_progress_start /home/lfvmu/kobuki/build/ecl_geometry/CMakeFiles 0
[1.682s] Invoked command in '/home/lfvmu/kobuki/build/ecl_geometry' returned '0': AMENT_PREFIX_PATH=/home/lfvmu/kobuki/install CMAKE_PREFIX_PATH=/home/lfvmu/kobuki/install LD_LIBRARY_PATH=/home/lfvmu/kobuki/install/lib PATH=/home/lfvmu/kobuki/install/bin:${PATH} PKG_CONFIG_PATH=/home/lfvmu/kobuki/install/lib/x86_64-linux-gnu/pkgconfig:/home/lfvmu/kobuki/install/lib/pkgconfig PYTHONPATH=/home/lfvmu/kobuki/install/lib/python3.8/site-packages /usr/bin/cmake --build /home/lfvmu/kobuki/build/ecl_geometry -- -j4 -l4
[1.915s] Invoking command in '/home/lfvmu/kobuki/build/ecl_geometry': AMENT_PREFIX_PATH=/home/lfvmu/kobuki/install CMAKE_PREFIX_PATH=/home/lfvmu/kobuki/install LD_LIBRARY_PATH=/home/lfvmu/kobuki/install/lib PATH=/home/lfvmu/kobuki/install/bin:${PATH} PKG_CONFIG_PATH=/home/lfvmu/kobuki/install/lib/x86_64-linux-gnu/pkgconfig:/home/lfvmu/kobuki/install/lib/pkgconfig PYTHONPATH=/home/lfvmu/kobuki/install/lib/python3.8/site-packages /usr/bin/cmake --install /home/lfvmu/kobuki/build/ecl_geometry
[1.932s] -- Install configuration: ""
[1.932s] -- Up-to-date: /home/lfvmu/kobuki/install/share/ecl_geometry/environment/library_path.sh
[1.932s] -- Installing: /home/lfvmu/kobuki/install/share/ecl_geometry/environment/library_path.dsv
[1.933s] -- Up-to-date: /home/lfvmu/kobuki/install/share/ament_index/resource_index/package_run_dependencies/ecl_geometry
[1.933s] -- Up-to-date: /home/lfvmu/kobuki/install/share/ament_index/resource_index/parent_prefix_path/ecl_geometry
[1.933s] -- Up-to-date: /home/lfvmu/kobuki/install/share/ecl_geometry/environment/ament_prefix_path.sh
[1.934s] -- Installing: /home/lfvmu/kobuki/install/share/ecl_geometry/environment/ament_prefix_path.dsv
[1.934s] -- Up-to-date: /home/lfvmu/kobuki/install/share/ecl_geometry/environment/path.sh
[1.934s] -- Installing: /home/lfvmu/kobuki/install/share/ecl_geometry/environment/path.dsv
[1.935s] -- Up-to-date: /home/lfvmu/kobuki/install/share/ecl_geometry/local_setup.bash
[1.935s] -- Up-to-date: /home/lfvmu/kobuki/install/share/ecl_geometry/local_setup.sh
[1.935s] -- Up-to-date: /home/lfvmu/kobuki/install/share/ecl_geometry/local_setup.zsh
[1.936s] -- Installing: /home/lfvmu/kobuki/install/share/ecl_geometry/local_setup.dsv
[1.936s] -- Installing: /home/lfvmu/kobuki/install/share/ecl_geometry/package.dsv
[1.937s] -- Up-to-date: /home/lfvmu/kobuki/install/share/ament_index/resource_index/packages/ecl_geometry
[1.939s] -- Up-to-date: /home/lfvmu/kobuki/install/share/ecl_geometry/cmake/ecl_geometryExport.cmake
[1.943s] -- Installing: /home/lfvmu/kobuki/install/share/ecl_geometry/cmake/ecl_geometryExport-noconfig.cmake
[1.944s] -- Up-to-date: /home/lfvmu/kobuki/install/share/ecl_geometry/cmake/ament_cmake_export_targets-extras.cmake
[1.944s] -- Up-to-date: /home/lfvmu/kobuki/install/share/ecl_geometry/cmake/ament_cmake_export_include_directories-extras.cmake
[1.944s] -- Up-to-date: /home/lfvmu/kobuki/install/share/ecl_geometry/cmake/ament_cmake_export_libraries-extras.cmake
[1.944s] -- Up-to-date: /home/lfvmu/kobuki/install/share/ecl_geometry/cmake/ament_cmake_export_dependencies-extras.cmake
[1.945s] -- Up-to-date: /home/lfvmu/kobuki/install/share/ecl_geometry/cmake/ecl_geometryConfig.cmake
[1.945s] -- Up-to-date: /home/lfvmu/kobuki/install/share/ecl_geometry/cmake/ecl_geometryConfig-version.cmake
[1.945s] -- Up-to-date: /home/lfvmu/kobuki/install/share/ecl_geometry/package.xml
[1.946s] -- Up-to-date: /home/lfvmu/kobuki/install/include/ecl/geometry.hpp
[1.948s] -- Up-to-date: /home/lfvmu/kobuki/install/include/ecl/geometry/angle.hpp
[1.948s] -- Up-to-date: /home/lfvmu/kobuki/install/include/ecl/geometry/cartesian_point.hpp
[1.948s] -- Up-to-date: /home/lfvmu/kobuki/install/include/ecl/geometry/cubic_spline.hpp
[1.948s] -- Up-to-date: /home/lfvmu/kobuki/install/include/ecl/geometry/function_math.hpp
[1.949s] -- Up-to-date: /home/lfvmu/kobuki/install/include/ecl/geometry/homogeneous_point.hpp
[1.949s] -- Up-to-date: /home/lfvmu/kobuki/install/include/ecl/geometry/legacy_pose2d.hpp
[1.949s] -- Up-to-date: /home/lfvmu/kobuki/install/include/ecl/geometry/legacy_pose3d.hpp
[1.949s] -- Up-to-date: /home/lfvmu/kobuki/install/include/ecl/geometry/linear_segment.hpp
[1.950s] -- Up-to-date: /home/lfvmu/kobuki/install/include/ecl/geometry/macros.hpp
[1.950s] -- Up-to-date: /home/lfvmu/kobuki/install/include/ecl/geometry/odometry.hpp
[1.950s] -- Up-to-date: /home/lfvmu/kobuki/install/include/ecl/geometry/odometry_helper.hpp
[1.950s] -- Up-to-date: /home/lfvmu/kobuki/install/include/ecl/geometry/odometry_typedefs.hpp
[1.951s] -- Up-to-date: /home/lfvmu/kobuki/install/include/ecl/geometry/pascals_triangle.hpp
[1.953s] -- Up-to-date: /home/lfvmu/kobuki/install/include/ecl/geometry/polynomial.hpp
[1.953s] -- Up-to-date: /home/lfvmu/kobuki/install/include/ecl/geometry/pose2d.hpp
[1.953s] -- Up-to-date: /home/lfvmu/kobuki/install/include/ecl/geometry/smooth_linear_spline.hpp
[1.954s] -- Up-to-date: /home/lfvmu/kobuki/install/include/ecl/geometry/spline_function.hpp
[1.955s] -- Up-to-date: /home/lfvmu/kobuki/install/include/ecl/geometry/tension_function.hpp
[1.955s] -- Up-to-date: /home/lfvmu/kobuki/install/include/ecl/geometry/tension_spline.hpp
[1.956s] -- Up-to-date: /home/lfvmu/kobuki/install/lib/libecl_geometry.so.1.2.1
[1.967s] -- Up-to-date: /home/lfvmu/kobuki/install/lib/libecl_geometry.so
[1.979s] Invoked command in '/home/lfvmu/kobuki/build/ecl_geometry' returned '0': AMENT_PREFIX_PATH=/home/lfvmu/kobuki/install CMAKE_PREFIX_PATH=/home/lfvmu/kobuki/install LD_LIBRARY_PATH=/home/lfvmu/kobuki/install/lib PATH=/home/lfvmu/kobuki/install/bin:${PATH} PKG_CONFIG_PATH=/home/lfvmu/kobuki/install/lib/x86_64-linux-gnu/pkgconfig:/home/lfvmu/kobuki/install/lib/pkgconfig PYTHONPATH=/home/lfvmu/kobuki/install/lib/python3.8/site-packages /usr/bin/cmake --install /home/lfvmu/kobuki/build/ecl_geometry
