[0.336s] Invoking command in '/home/lfvmu/kobuki/build/ecl_ipc': /usr/bin/cmake /home/lfvmu/kobuki/src/ecl_core/ecl_ipc -DBUILD_TESTING=OFF -DCMAKE_BUILD_TYPE=RelWithDebInfo -DCMAKE_INSTALL_PREFIX=/home/lfvmu/kobuki/install
[0.400s] -- Found ament_cmake_ros: 0.9.2 (/home/lfvmu/kobuki/install/share/ament_cmake_ros/cmake)
[0.448s] -- Using PYTHON_EXECUTABLE: /usr/bin/python3
[0.799s] -- Found ecl_build: 1.0.3 (/home/lfvmu/kobuki/install/share/ecl_build/cmake)
[0.811s] -- Found ecl_config: 1.1.0 (/home/lfvmu/kobuki/install/share/ecl_config/cmake)
[0.827s] -- Found ecl_errors: 1.1.0 (/home/lfvmu/kobuki/install/share/ecl_errors/cmake)
[0.848s] -- Found ecl_time_lite: 1.1.0 (/home/lfvmu/kobuki/install/share/ecl_time_lite/cmake)
[0.854s] -- Found ecl_exceptions: 1.2.1 (/home/lfvmu/kobuki/install/share/ecl_exceptions/cmake)
[0.866s] -- Found ecl_threads: 1.2.1 (/home/lfvmu/kobuki/install/share/ecl_threads/cmake)
[1.120s] -- Configuring done
[1.148s] -- Generating done
[1.151s] -- Build files have been written to: /home/lfvmu/kobuki/build/ecl_ipc
[1.330s] Invoked command in '/home/lfvmu/kobuki/build/ecl_ipc' returned '0': /usr/bin/cmake /home/lfvmu/kobuki/src/ecl_core/ecl_ipc -DBUILD_TESTING=OFF -DCMAKE_BUILD_TYPE=RelWithDebInfo -DCMAKE_INSTALL_PREFIX=/home/lfvmu/kobuki/install
[1.340s] Invoking command in '/home/lfvmu/kobuki/build/ecl_ipc': /usr/bin/cmake --build /home/lfvmu/kobuki/build/ecl_ipc -- -j4 -l4
[1.479s] [100%] Built target ecl_ipc
[1.687s] Invoked command in '/home/lfvmu/kobuki/build/ecl_ipc' returned '0': /usr/bin/cmake --build /home/lfvmu/kobuki/build/ecl_ipc -- -j4 -l4
[1.945s] Invoking command in '/home/lfvmu/kobuki/build/ecl_ipc': /usr/bin/cmake --install /home/lfvmu/kobuki/build/ecl_ipc
[1.982s] -- Install configuration: "RelWithDebInfo"
[1.982s] -- Up-to-date: /home/lfvmu/kobuki/install/share/ecl_ipc/environment/library_path.sh
[1.983s] -- Installing: /home/lfvmu/kobuki/install/share/ecl_ipc/environment/library_path.dsv
[1.983s] -- Up-to-date: /home/lfvmu/kobuki/install/share/ament_index/resource_index/package_run_dependencies/ecl_ipc
[1.984s] -- Up-to-date: /home/lfvmu/kobuki/install/share/ament_index/resource_index/parent_prefix_path/ecl_ipc
[1.984s] -- Up-to-date: /home/lfvmu/kobuki/install/share/ecl_ipc/environment/ament_prefix_path.sh
[1.984s] -- Installing: /home/lfvmu/kobuki/install/share/ecl_ipc/environment/ament_prefix_path.dsv
[1.984s] -- Up-to-date: /home/lfvmu/kobuki/install/share/ecl_ipc/environment/path.sh
[1.985s] -- Installing: /home/lfvmu/kobuki/install/share/ecl_ipc/environment/path.dsv
[1.985s] -- Up-to-date: /home/lfvmu/kobuki/install/share/ecl_ipc/local_setup.bash
[1.985s] -- Up-to-date: /home/lfvmu/kobuki/install/share/ecl_ipc/local_setup.sh
[1.985s] -- Up-to-date: /home/lfvmu/kobuki/install/share/ecl_ipc/local_setup.zsh
[1.986s] -- Installing: /home/lfvmu/kobuki/install/share/ecl_ipc/local_setup.dsv
[1.986s] -- Installing: /home/lfvmu/kobuki/install/share/ecl_ipc/package.dsv
[1.986s] -- Up-to-date: /home/lfvmu/kobuki/install/share/ament_index/resource_index/packages/ecl_ipc
[1.986s] -- Up-to-date: /home/lfvmu/kobuki/install/share/ecl_ipc/cmake/ecl_ipcExport.cmake
[1.987s] -- Installing: /home/lfvmu/kobuki/install/share/ecl_ipc/cmake/ecl_ipcExport-relwithdebinfo.cmake
[1.987s] -- Up-to-date: /home/lfvmu/kobuki/install/share/ecl_ipc/cmake/ament_cmake_export_targets-extras.cmake
[1.987s] -- Up-to-date: /home/lfvmu/kobuki/install/share/ecl_ipc/cmake/ament_cmake_export_include_directories-extras.cmake
[1.987s] -- Up-to-date: /home/lfvmu/kobuki/install/share/ecl_ipc/cmake/ament_cmake_export_libraries-extras.cmake
[1.988s] -- Up-to-date: /home/lfvmu/kobuki/install/share/ecl_ipc/cmake/ament_cmake_export_dependencies-extras.cmake
[1.988s] -- Up-to-date: /home/lfvmu/kobuki/install/share/ecl_ipc/cmake/ecl_ipcConfig.cmake
[1.988s] -- Up-to-date: /home/lfvmu/kobuki/install/share/ecl_ipc/cmake/ecl_ipcConfig-version.cmake
[1.988s] -- Up-to-date: /home/lfvmu/kobuki/install/share/ecl_ipc/package.xml
[1.989s] -- Up-to-date: /home/lfvmu/kobuki/install/include/ecl/ipc.hpp
[1.989s] -- Up-to-date: /home/lfvmu/kobuki/install/include/ecl/ipc/semaphore.hpp
[1.989s] -- Up-to-date: /home/lfvmu/kobuki/install/include/ecl/ipc/semaphore_pos.hpp
[1.989s] -- Up-to-date: /home/lfvmu/kobuki/install/include/ecl/ipc/shared_memory.hpp
[1.989s] -- Up-to-date: /home/lfvmu/kobuki/install/include/ecl/ipc/shared_memory_pos.hpp
[1.990s] -- Up-to-date: /home/lfvmu/kobuki/install/lib/libecl_ipc.so.1.2.1
[1.991s] -- Up-to-date: /home/lfvmu/kobuki/install/lib/libecl_ipc.so
[2.005s] Invoked command in '/home/lfvmu/kobuki/build/ecl_ipc' returned '0': /usr/bin/cmake --install /home/lfvmu/kobuki/build/ecl_ipc
