[0.432s] Invoking command in '/home/lfvmu/kobuki/build/ecl_mobile_robot': /usr/bin/cmake /home/lfvmu/kobuki/src/ecl_core/ecl_mobile_robot -DBUILD_TESTING=OFF -DCMAKE_INSTALL_PREFIX=/home/lfvmu/kobuki/install
[0.452s] Re-run cmake no build system arguments
[0.500s] -- Found ament_cmake_ros: 0.9.2 (/home/lfvmu/kobuki/install/share/ament_cmake_ros/cmake)
[0.557s] -- Using PYTHON_EXECUTABLE: /usr/bin/python3
[1.005s] -- Found ecl_build: 1.0.3 (/home/lfvmu/kobuki/install/share/ecl_build/cmake)
[1.010s] -- Found ecl_errors: 1.1.0 (/home/lfvmu/kobuki/install/share/ecl_errors/cmake)
[1.027s] -- Found ecl_formatters: 1.2.1 (/home/lfvmu/kobuki/install/share/ecl_formatters/cmake)
[1.111s] -- Found ecl_geometry: 1.2.1 (/home/lfvmu/kobuki/install/share/ecl_geometry/cmake)
[1.415s] -- Configuring done
[1.448s] -- Generating done
[1.458s] -- Build files have been written to: /home/lfvmu/kobuki/build/ecl_mobile_robot
[1.471s] Invoked command in '/home/lfvmu/kobuki/build/ecl_mobile_robot' returned '0': /usr/bin/cmake /home/lfvmu/kobuki/src/ecl_core/ecl_mobile_robot -DBUILD_TESTING=OFF -DCMAKE_INSTALL_PREFIX=/home/lfvmu/kobuki/install
[1.479s] Invoking command in '/home/lfvmu/kobuki/build/ecl_mobile_robot': /usr/bin/cmake --build /home/lfvmu/kobuki/build/ecl_mobile_robot -- -j4 -l4
[1.540s] /usr/bin/cmake -S/home/lfvmu/kobuki/src/ecl_core/ecl_mobile_robot -B/home/lfvmu/kobuki/build/ecl_mobile_robot --check-build-system CMakeFiles/Makefile.cmake 0
[1.581s] /usr/bin/cmake -E cmake_progress_start /home/lfvmu/kobuki/build/ecl_mobile_robot/CMakeFiles /home/lfvmu/kobuki/build/ecl_mobile_robot/CMakeFiles/progress.marks
[1.601s] /usr/bin/make -f CMakeFiles/Makefile2 all
[1.604s] make[1]: Entering directory '/home/lfvmu/kobuki/build/ecl_mobile_robot'
[1.604s] /usr/bin/make -f src/lib/CMakeFiles/ecl_mobile_robot.dir/build.make src/lib/CMakeFiles/ecl_mobile_robot.dir/depend
[1.612s] make[2]: Entering directory '/home/lfvmu/kobuki/build/ecl_mobile_robot'
[1.613s] cd /home/lfvmu/kobuki/build/ecl_mobile_robot && /usr/bin/cmake -E cmake_depends "Unix Makefiles" /home/lfvmu/kobuki/src/ecl_core/ecl_mobile_robot /home/lfvmu/kobuki/src/ecl_core/ecl_mobile_robot/src/lib /home/lfvmu/kobuki/build/ecl_mobile_robot /home/lfvmu/kobuki/build/ecl_mobile_robot/src/lib /home/lfvmu/kobuki/build/ecl_mobile_robot/src/lib/CMakeFiles/ecl_mobile_robot.dir/DependInfo.cmake --color=
[1.638s] make[2]: Leaving directory '/home/lfvmu/kobuki/build/ecl_mobile_robot'
[1.638s] /usr/bin/make -f src/lib/CMakeFiles/ecl_mobile_robot.dir/build.make src/lib/CMakeFiles/ecl_mobile_robot.dir/build
[1.661s] make[2]: Entering directory '/home/lfvmu/kobuki/build/ecl_mobile_robot'
[1.661s] make[2]: Nothing to be done for 'src/lib/CMakeFiles/ecl_mobile_robot.dir/build'.
[1.661s] make[2]: Leaving directory '/home/lfvmu/kobuki/build/ecl_mobile_robot'
[1.694s] [100%] Built target ecl_mobile_robot
[1.694s] make[1]: Leaving directory '/home/lfvmu/kobuki/build/ecl_mobile_robot'
[1.695s] /usr/bin/cmake -E cmake_progress_start /home/lfvmu/kobuki/build/ecl_mobile_robot/CMakeFiles 0
[1.737s] Invoked command in '/home/lfvmu/kobuki/build/ecl_mobile_robot' returned '0': /usr/bin/cmake --build /home/lfvmu/kobuki/build/ecl_mobile_robot -- -j4 -l4
[1.834s] Invoking command in '/home/lfvmu/kobuki/build/ecl_mobile_robot': /usr/bin/cmake --install /home/lfvmu/kobuki/build/ecl_mobile_robot
[1.860s] -- Install configuration: "RelWithDebInfo"
[1.860s] -- Up-to-date: /home/lfvmu/kobuki/install/share/ecl_mobile_robot/environment/library_path.sh
[1.861s] -- Installing: /home/lfvmu/kobuki/install/share/ecl_mobile_robot/environment/library_path.dsv
[1.861s] -- Up-to-date: /home/lfvmu/kobuki/install/share/ament_index/resource_index/package_run_dependencies/ecl_mobile_robot
[1.861s] -- Up-to-date: /home/lfvmu/kobuki/install/share/ament_index/resource_index/parent_prefix_path/ecl_mobile_robot
[1.862s] -- Up-to-date: /home/lfvmu/kobuki/install/share/ecl_mobile_robot/environment/ament_prefix_path.sh
[1.862s] -- Installing: /home/lfvmu/kobuki/install/share/ecl_mobile_robot/environment/ament_prefix_path.dsv
[1.862s] -- Up-to-date: /home/lfvmu/kobuki/install/share/ecl_mobile_robot/environment/path.sh
[1.863s] -- Installing: /home/lfvmu/kobuki/install/share/ecl_mobile_robot/environment/path.dsv
[1.863s] -- Up-to-date: /home/lfvmu/kobuki/install/share/ecl_mobile_robot/local_setup.bash
[1.863s] -- Up-to-date: /home/lfvmu/kobuki/install/share/ecl_mobile_robot/local_setup.sh
[1.864s] -- Up-to-date: /home/lfvmu/kobuki/install/share/ecl_mobile_robot/local_setup.zsh
[1.864s] -- Installing: /home/lfvmu/kobuki/install/share/ecl_mobile_robot/local_setup.dsv
[1.864s] -- Installing: /home/lfvmu/kobuki/install/share/ecl_mobile_robot/package.dsv
[1.865s] -- Up-to-date: /home/lfvmu/kobuki/install/share/ament_index/resource_index/packages/ecl_mobile_robot
[1.865s] -- Up-to-date: /home/lfvmu/kobuki/install/share/ecl_mobile_robot/cmake/ecl_mobile_robotExport.cmake
[1.866s] -- Installing: /home/lfvmu/kobuki/install/share/ecl_mobile_robot/cmake/ecl_mobile_robotExport-relwithdebinfo.cmake
[1.866s] -- Up-to-date: /home/lfvmu/kobuki/install/share/ecl_mobile_robot/cmake/ament_cmake_export_targets-extras.cmake
[1.867s] -- Up-to-date: /home/lfvmu/kobuki/install/share/ecl_mobile_robot/cmake/ament_cmake_export_include_directories-extras.cmake
[1.867s] -- Up-to-date: /home/lfvmu/kobuki/install/share/ecl_mobile_robot/cmake/ament_cmake_export_libraries-extras.cmake
[1.868s] -- Up-to-date: /home/lfvmu/kobuki/install/share/ecl_mobile_robot/cmake/ament_cmake_export_dependencies-extras.cmake
[1.870s] -- Up-to-date: /home/lfvmu/kobuki/install/share/ecl_mobile_robot/cmake/ecl_mobile_robotConfig.cmake
[1.871s] -- Up-to-date: /home/lfvmu/kobuki/install/share/ecl_mobile_robot/cmake/ecl_mobile_robotConfig-version.cmake
[1.871s] -- Up-to-date: /home/lfvmu/kobuki/install/share/ecl_mobile_robot/package.xml
[1.872s] -- Up-to-date: /home/lfvmu/kobuki/install/include/ecl/mobile_robot.hpp
[1.872s] -- Up-to-date: /home/lfvmu/kobuki/install/include/ecl/mobile_robot/differential_drive.hpp
[1.873s] -- Up-to-date: /home/lfvmu/kobuki/install/include/ecl/mobile_robot/macros.hpp
[1.874s] -- Up-to-date: /home/lfvmu/kobuki/install/include/ecl/mobile_robot/kinematics/differential_drive.hpp
[1.874s] -- Up-to-date: /home/lfvmu/kobuki/install/lib/libecl_mobile_robot.so.1.2.1
[1.875s] -- Up-to-date: /home/lfvmu/kobuki/install/lib/libecl_mobile_robot.so
[1.892s] Invoked command in '/home/lfvmu/kobuki/build/ecl_mobile_robot' returned '0': /usr/bin/cmake --install /home/lfvmu/kobuki/build/ecl_mobile_robot
