[0.097s] Invoking command in '/home/lfvmu/kobuki/build/ament_cmake_python': /usr/bin/cmake /home/lfvmu/kobuki/src/ament_cmake/ament_cmake_python -DBUILD_TESTING=OFF -DCMAKE_INSTALL_PREFIX=/home/lfvmu/kobuki/install
[0.138s] -- Found ament_cmake_core: 0.9.11 (/home/lfvmu/kobuki/install/share/ament_cmake_core/cmake)
[0.173s] -- Using PYTHON_EXECUTABLE: /usr/bin/python3
[0.697s] -- Configuring done
[0.705s] -- Generating done
[0.709s] -- Build files have been written to: /home/lfvmu/kobuki/build/ament_cmake_python
[0.718s] Invoked command in '/home/lfvmu/kobuki/build/ament_cmake_python' returned '0': /usr/bin/cmake /home/lfvmu/kobuki/src/ament_cmake/ament_cmake_python -DBUILD_TESTING=OFF -DCMAKE_INSTALL_PREFIX=/home/lfvmu/kobuki/install
[0.720s] Invoking command in '/home/lfvmu/kobuki/build/ament_cmake_python': /usr/bin/cmake --build /home/lfvmu/kobuki/build/ament_cmake_python -- -j4 -l4
[0.830s] Invoked command in '/home/lfvmu/kobuki/build/ament_cmake_python' returned '0': /usr/bin/cmake --build /home/lfvmu/kobuki/build/ament_cmake_python -- -j4 -l4
[1.068s] Invoking command in '/home/lfvmu/kobuki/build/ament_cmake_python': /usr/bin/cmake --install /home/lfvmu/kobuki/build/ament_cmake_python
[1.109s] -- Install configuration: "RelWithDebInfo"
[1.109s] -- Up-to-date: /home/lfvmu/kobuki/install/share/ament_index/resource_index/package_run_dependencies/ament_cmake_python
[1.109s] -- Up-to-date: /home/lfvmu/kobuki/install/share/ament_index/resource_index/parent_prefix_path/ament_cmake_python
[1.110s] -- Up-to-date: /home/lfvmu/kobuki/install/share/ament_cmake_python/environment/ament_prefix_path.sh
[1.110s] -- Installing: /home/lfvmu/kobuki/install/share/ament_cmake_python/environment/ament_prefix_path.dsv
[1.110s] -- Up-to-date: /home/lfvmu/kobuki/install/share/ament_cmake_python/environment/path.sh
[1.110s] -- Installing: /home/lfvmu/kobuki/install/share/ament_cmake_python/environment/path.dsv
[1.111s] -- Up-to-date: /home/lfvmu/kobuki/install/share/ament_cmake_python/local_setup.bash
[1.111s] -- Up-to-date: /home/lfvmu/kobuki/install/share/ament_cmake_python/local_setup.sh
[1.111s] -- Up-to-date: /home/lfvmu/kobuki/install/share/ament_cmake_python/local_setup.zsh
[1.111s] -- Installing: /home/lfvmu/kobuki/install/share/ament_cmake_python/local_setup.dsv
[1.111s] -- Installing: /home/lfvmu/kobuki/install/share/ament_cmake_python/package.dsv
[1.112s] -- Up-to-date: /home/lfvmu/kobuki/install/share/ament_index/resource_index/packages/ament_cmake_python
[1.112s] -- Up-to-date: /home/lfvmu/kobuki/install/share/ament_cmake_python/cmake/ament_cmake_python-extras.cmake
[1.112s] -- Up-to-date: /home/lfvmu/kobuki/install/share/ament_cmake_python/cmake/ament_cmake_pythonConfig.cmake
[1.112s] -- Up-to-date: /home/lfvmu/kobuki/install/share/ament_cmake_python/cmake/ament_cmake_pythonConfig-version.cmake
[1.113s] -- Up-to-date: /home/lfvmu/kobuki/install/share/ament_cmake_python/package.xml
[1.113s] -- Up-to-date: /home/lfvmu/kobuki/install/share/ament_cmake_python/cmake
[1.113s] -- Up-to-date: /home/lfvmu/kobuki/install/share/ament_cmake_python/cmake/ament_python_install_package.cmake
[1.114s] -- Up-to-date: /home/lfvmu/kobuki/install/share/ament_cmake_python/cmake/ament_python_install_module.cmake
[1.510s] Invoked command in '/home/lfvmu/kobuki/build/ament_cmake_python' returned '0': /usr/bin/cmake --install /home/lfvmu/kobuki/build/ament_cmake_python
