[1.546s] Invoking command in '/home/lfvmu/kobuki/src/ament_lint/ament_clang_format': AMENT_PREFIX_PATH=/home/lfvmu/kobuki/install CMAKE_PREFIX_PATH=/home/lfvmu/kobuki/install PATH=/home/lfvmu/kobuki/install/bin:${PATH} PYTHONPATH=/home/lfvmu/kobuki/build/ament_clang_format/prefix_override:/home/lfvmu/kobuki/install/lib/python3.8/site-packages:/home/lfvmu/kobuki/install/lib/python3.8/site-packages /usr/bin/python3 setup.py egg_info --egg-base ../../../build/ament_clang_format build --build-base /home/lfvmu/kobuki/build/ament_clang_format/build install --record /home/lfvmu/kobuki/build/ament_clang_format/install.log --single-version-externally-managed
[2.005s] running egg_info
[2.006s] creating ../../../build/ament_clang_format/ament_clang_format.egg-info
[2.006s] writing ../../../build/ament_clang_format/ament_clang_format.egg-info/PKG-INFO
[2.006s] writing dependency_links to ../../../build/ament_clang_format/ament_clang_format.egg-info/dependency_links.txt
[2.006s] writing entry points to ../../../build/ament_clang_format/ament_clang_format.egg-info/entry_points.txt
[2.006s] writing requirements to ../../../build/ament_clang_format/ament_clang_format.egg-info/requires.txt
[2.007s] writing top-level names to ../../../build/ament_clang_format/ament_clang_format.egg-info/top_level.txt
[2.007s] writing manifest file '../../../build/ament_clang_format/ament_clang_format.egg-info/SOURCES.txt'
[2.116s] reading manifest file '../../../build/ament_clang_format/ament_clang_format.egg-info/SOURCES.txt'
[2.116s] writing manifest file '../../../build/ament_clang_format/ament_clang_format.egg-info/SOURCES.txt'
[2.116s] running build
[2.117s] running build_py
[2.117s] creating /home/lfvmu/kobuki/build/ament_clang_format/build
[2.117s] creating /home/lfvmu/kobuki/build/ament_clang_format/build/lib
[2.118s] creating /home/lfvmu/kobuki/build/ament_clang_format/build/lib/ament_clang_format
[2.118s] copying ament_clang_format/main.py -> /home/lfvmu/kobuki/build/ament_clang_format/build/lib/ament_clang_format
[2.118s] copying ament_clang_format/__init__.py -> /home/lfvmu/kobuki/build/ament_clang_format/build/lib/ament_clang_format
[2.120s] creating /home/lfvmu/kobuki/build/ament_clang_format/build/lib/ament_clang_format/configuration
[2.120s] copying ament_clang_format/configuration/.clang-format -> /home/lfvmu/kobuki/build/ament_clang_format/build/lib/ament_clang_format/configuration
[2.121s] running install
[2.121s] running install_lib
[2.121s] creating /home/lfvmu/kobuki/install/lib/python3.8/site-packages/ament_clang_format
[2.121s] copying /home/lfvmu/kobuki/build/ament_clang_format/build/lib/ament_clang_format/main.py -> /home/lfvmu/kobuki/install/lib/python3.8/site-packages/ament_clang_format
[2.122s] copying /home/lfvmu/kobuki/build/ament_clang_format/build/lib/ament_clang_format/__init__.py -> /home/lfvmu/kobuki/install/lib/python3.8/site-packages/ament_clang_format
[2.122s] creating /home/lfvmu/kobuki/install/lib/python3.8/site-packages/ament_clang_format/configuration
[2.122s] copying /home/lfvmu/kobuki/build/ament_clang_format/build/lib/ament_clang_format/configuration/.clang-format -> /home/lfvmu/kobuki/install/lib/python3.8/site-packages/ament_clang_format/configuration
[2.122s] byte-compiling /home/lfvmu/kobuki/install/lib/python3.8/site-packages/ament_clang_format/main.py to main.cpython-38.pyc
[2.125s] byte-compiling /home/lfvmu/kobuki/install/lib/python3.8/site-packages/ament_clang_format/__init__.py to __init__.cpython-38.pyc
[2.126s] running install_data
[2.126s] copying package.xml -> /home/lfvmu/kobuki/install/share/ament_clang_format
[2.127s] copying resource/ament_clang_format -> /home/lfvmu/kobuki/install/share/ament_index/resource_index/packages
[2.127s] running install_egg_info
[2.161s] Copying ../../../build/ament_clang_format/ament_clang_format.egg-info to /home/lfvmu/kobuki/install/lib/python3.8/site-packages/ament_clang_format-0.9.7-py3.8.egg-info
[2.161s] running install_scripts
[2.181s] Installing ament_clang_format script to /home/lfvmu/kobuki/install/bin
[2.181s] writing list of installed files to '/home/lfvmu/kobuki/build/ament_clang_format/install.log'
[2.253s] Invoked command in '/home/lfvmu/kobuki/src/ament_lint/ament_clang_format' returned '0': AMENT_PREFIX_PATH=/home/lfvmu/kobuki/install CMAKE_PREFIX_PATH=/home/lfvmu/kobuki/install PATH=/home/lfvmu/kobuki/install/bin:${PATH} PYTHONPATH=/home/lfvmu/kobuki/build/ament_clang_format/prefix_override:/home/lfvmu/kobuki/install/lib/python3.8/site-packages:/home/lfvmu/kobuki/install/lib/python3.8/site-packages /usr/bin/python3 setup.py egg_info --egg-base ../../../build/ament_clang_format build --build-base /home/lfvmu/kobuki/build/ament_clang_format/build install --record /home/lfvmu/kobuki/build/ament_clang_format/install.log --single-version-externally-managed
