[0.572s] Invoking command in '/home/lfvmu/kobuki/build/ecl_statistics': /usr/bin/cmake /home/lfvmu/kobuki/src/ecl_core/ecl_statistics -DBUILD_TESTING=OFF -DCMAKE_INSTALL_PREFIX=/home/lfvmu/kobuki/install
[0.629s] -- Found ament_cmake_ros: 0.9.2 (/home/lfvmu/kobuki/install/share/ament_cmake_ros/cmake)
[0.694s] -- Using PYTHON_EXECUTABLE: /usr/bin/python3
[1.014s] -- Found ecl_build: 1.0.3 (/home/lfvmu/kobuki/install/share/ecl_build/cmake)
[1.041s] -- Found ecl_config: 1.1.0 (/home/lfvmu/kobuki/install/share/ecl_config/cmake)
[1.048s] -- Found ecl_linear_algebra: 1.2.1 (/home/lfvmu/kobuki/install/share/ecl_linear_algebra/cmake)
[1.330s] -- Configuring done
[1.383s] -- Generating done
[1.389s] -- Build files have been written to: /home/lfvmu/kobuki/build/ecl_statistics
[1.672s] Invoked command in '/home/lfvmu/kobuki/build/ecl_statistics' returned '0': /usr/bin/cmake /home/lfvmu/kobuki/src/ecl_core/ecl_statistics -DBUILD_TESTING=OFF -DCMAKE_INSTALL_PREFIX=/home/lfvmu/kobuki/install
[1.682s] Invoking command in '/home/lfvmu/kobuki/build/ecl_statistics': /usr/bin/cmake --build /home/lfvmu/kobuki/build/ecl_statistics -- -j4 -l4
[1.829s] [100%] Built target ecl_statistics
[1.854s] Invoked command in '/home/lfvmu/kobuki/build/ecl_statistics' returned '0': /usr/bin/cmake --build /home/lfvmu/kobuki/build/ecl_statistics -- -j4 -l4
[1.928s] Invoking command in '/home/lfvmu/kobuki/build/ecl_statistics': /usr/bin/cmake --install /home/lfvmu/kobuki/build/ecl_statistics
[1.956s] -- Install configuration: "RelWithDebInfo"
[1.957s] -- Up-to-date: /home/lfvmu/kobuki/install/share/ecl_statistics/environment/library_path.sh
[1.957s] -- Installing: /home/lfvmu/kobuki/install/share/ecl_statistics/environment/library_path.dsv
[1.958s] -- Up-to-date: /home/lfvmu/kobuki/install/share/ament_index/resource_index/package_run_dependencies/ecl_statistics
[1.958s] -- Up-to-date: /home/lfvmu/kobuki/install/share/ament_index/resource_index/parent_prefix_path/ecl_statistics
[1.958s] -- Up-to-date: /home/lfvmu/kobuki/install/share/ecl_statistics/environment/ament_prefix_path.sh
[1.958s] -- Installing: /home/lfvmu/kobuki/install/share/ecl_statistics/environment/ament_prefix_path.dsv
[1.959s] -- Up-to-date: /home/lfvmu/kobuki/install/share/ecl_statistics/environment/path.sh
[1.960s] -- Installing: /home/lfvmu/kobuki/install/share/ecl_statistics/environment/path.dsv
[1.961s] -- Up-to-date: /home/lfvmu/kobuki/install/share/ecl_statistics/local_setup.bash
[1.961s] -- Up-to-date: /home/lfvmu/kobuki/install/share/ecl_statistics/local_setup.sh
[1.961s] -- Up-to-date: /home/lfvmu/kobuki/install/share/ecl_statistics/local_setup.zsh
[1.962s] -- Installing: /home/lfvmu/kobuki/install/share/ecl_statistics/local_setup.dsv
[1.962s] -- Installing: /home/lfvmu/kobuki/install/share/ecl_statistics/package.dsv
[1.963s] -- Up-to-date: /home/lfvmu/kobuki/install/share/ament_index/resource_index/packages/ecl_statistics
[1.964s] -- Up-to-date: /home/lfvmu/kobuki/install/share/ecl_statistics/cmake/ecl_statisticsExport.cmake
[1.965s] -- Installing: /home/lfvmu/kobuki/install/share/ecl_statistics/cmake/ecl_statisticsExport-relwithdebinfo.cmake
[1.965s] -- Up-to-date: /home/lfvmu/kobuki/install/share/ecl_statistics/cmake/ament_cmake_export_targets-extras.cmake
[1.966s] -- Up-to-date: /home/lfvmu/kobuki/install/share/ecl_statistics/cmake/ament_cmake_export_include_directories-extras.cmake
[1.966s] -- Up-to-date: /home/lfvmu/kobuki/install/share/ecl_statistics/cmake/ament_cmake_export_libraries-extras.cmake
[1.968s] -- Up-to-date: /home/lfvmu/kobuki/install/share/ecl_statistics/cmake/ament_cmake_export_dependencies-extras.cmake
[1.968s] -- Up-to-date: /home/lfvmu/kobuki/install/share/ecl_statistics/cmake/ecl_statisticsConfig.cmake
[1.969s] -- Up-to-date: /home/lfvmu/kobuki/install/share/ecl_statistics/cmake/ecl_statisticsConfig-version.cmake
[1.969s] -- Up-to-date: /home/lfvmu/kobuki/install/share/ecl_statistics/package.xml
[1.970s] -- Up-to-date: /home/lfvmu/kobuki/install/include/ecl/statistics.hpp
[1.971s] -- Up-to-date: /home/lfvmu/kobuki/install/include/ecl/statistics/covariance_ellipsoid.hpp
[1.971s] -- Up-to-date: /home/lfvmu/kobuki/install/include/ecl/statistics/cumulative_statistics.hpp
[1.974s] -- Up-to-date: /home/lfvmu/kobuki/install/lib/libecl_statistics.so.1.2.1
[1.975s] -- Up-to-date: /home/lfvmu/kobuki/install/lib/libecl_statistics.so
[1.991s] Invoked command in '/home/lfvmu/kobuki/build/ecl_statistics' returned '0': /usr/bin/cmake --install /home/lfvmu/kobuki/build/ecl_statistics
