[1.373s] Invoking command in '/home/lfvmu/kobuki/src/ament_lint/ament_pep257': AMENT_PREFIX_PATH=/home/lfvmu/kobuki/install CMAKE_PREFIX_PATH=/home/lfvmu/kobuki/install LD_LIBRARY_PATH=/home/lfvmu/kobuki/install/lib PATH=/home/lfvmu/kobuki/install/bin:${PATH} PYTHONPATH=/home/lfvmu/kobuki/build/ament_pep257/prefix_override:/home/lfvmu/kobuki/install/lib/python3.8/site-packages:/home/lfvmu/kobuki/install/lib/python3.8/site-packages /usr/bin/python3 setup.py egg_info --egg-base ../../../build/ament_pep257 build --build-base /home/lfvmu/kobuki/build/ament_pep257/build install --record /home/lfvmu/kobuki/build/ament_pep257/install.log --single-version-externally-managed
[1.768s] running egg_info
[1.768s] writing ../../../build/ament_pep257/ament_pep257.egg-info/PKG-INFO
[1.768s] writing dependency_links to ../../../build/ament_pep257/ament_pep257.egg-info/dependency_links.txt
[1.769s] writing entry points to ../../../build/ament_pep257/ament_pep257.egg-info/entry_points.txt
[1.769s] writing requirements to ../../../build/ament_pep257/ament_pep257.egg-info/requires.txt
[1.769s] writing top-level names to ../../../build/ament_pep257/ament_pep257.egg-info/top_level.txt
[1.878s] reading manifest file '../../../build/ament_pep257/ament_pep257.egg-info/SOURCES.txt'
[1.879s] writing manifest file '../../../build/ament_pep257/ament_pep257.egg-info/SOURCES.txt'
[1.879s] running build
[1.879s] running build_py
[1.879s] running install
[1.879s] running install_lib
[1.881s] running install_data
[1.884s] running install_egg_info
[1.888s] removing '/home/lfvmu/kobuki/install/lib/python3.8/site-packages/ament_pep257-0.9.7-py3.8.egg-info' (and everything under it)
[1.889s] Copying ../../../build/ament_pep257/ament_pep257.egg-info to /home/lfvmu/kobuki/install/lib/python3.8/site-packages/ament_pep257-0.9.7-py3.8.egg-info
[1.891s] running install_scripts
[1.935s] Installing ament_pep257 script to /home/lfvmu/kobuki/install/bin
[1.942s] writing list of installed files to '/home/lfvmu/kobuki/build/ament_pep257/install.log'
[1.992s] Invoked command in '/home/lfvmu/kobuki/src/ament_lint/ament_pep257' returned '0': AMENT_PREFIX_PATH=/home/lfvmu/kobuki/install CMAKE_PREFIX_PATH=/home/lfvmu/kobuki/install LD_LIBRARY_PATH=/home/lfvmu/kobuki/install/lib PATH=/home/lfvmu/kobuki/install/bin:${PATH} PYTHONPATH=/home/lfvmu/kobuki/build/ament_pep257/prefix_override:/home/lfvmu/kobuki/install/lib/python3.8/site-packages:/home/lfvmu/kobuki/install/lib/python3.8/site-packages /usr/bin/python3 setup.py egg_info --egg-base ../../../build/ament_pep257 build --build-base /home/lfvmu/kobuki/build/ament_pep257/build install --record /home/lfvmu/kobuki/build/ament_pep257/install.log --single-version-externally-managed
