[0.346s] Invoking command in '/home/lfvmu/kobuki/build/ecl_devices': AMENT_PREFIX_PATH=/home/lfvmu/kobuki/install CMAKE_PREFIX_PATH=/home/lfvmu/kobuki/install LD_LIBRARY_PATH=/home/lfvmu/kobuki/install/lib PATH=/home/lfvmu/kobuki/install/bin:${PATH} PYTHONPATH=/home/lfvmu/kobuki/install/lib/python3.8/site-packages /usr/bin/cmake /home/lfvmu/kobuki/src/ecl_core/ecl_devices -DBUILD_TESTING=OFF --no-warn-unused-cli -DCMAKE_INSTALL_PREFIX=/home/lfvmu/kobuki/install
[0.365s] Not searching for unused variables given on the command line.
[0.433s] -- Found ament_cmake_ros: 0.9.2 (/home/lfvmu/kobuki/install/share/ament_cmake_ros/cmake)
[0.464s] -- Using PYTHON_EXECUTABLE: /usr/bin/python3
[0.836s] -- Found ecl_build: 1.0.3 (/home/lfvmu/kobuki/install/share/ecl_build/cmake)
[0.841s] -- Found ecl_config: 1.1.0 (/home/lfvmu/kobuki/install/share/ecl_config/cmake)
[0.846s] -- Found ecl_containers: 1.2.1 (/home/lfvmu/kobuki/install/share/ecl_containers/cmake)
[0.979s] -- Found ecl_threads: 1.2.1 (/home/lfvmu/kobuki/install/share/ecl_threads/cmake)
[1.213s] -- Configuring done
[1.250s] -- Generating done
[1.264s] -- Build files have been written to: /home/lfvmu/kobuki/build/ecl_devices
[1.384s] Invoked command in '/home/lfvmu/kobuki/build/ecl_devices' returned '0': AMENT_PREFIX_PATH=/home/lfvmu/kobuki/install CMAKE_PREFIX_PATH=/home/lfvmu/kobuki/install LD_LIBRARY_PATH=/home/lfvmu/kobuki/install/lib PATH=/home/lfvmu/kobuki/install/bin:${PATH} PYTHONPATH=/home/lfvmu/kobuki/install/lib/python3.8/site-packages /usr/bin/cmake /home/lfvmu/kobuki/src/ecl_core/ecl_devices -DBUILD_TESTING=OFF --no-warn-unused-cli -DCMAKE_INSTALL_PREFIX=/home/lfvmu/kobuki/install
[1.393s] Invoking command in '/home/lfvmu/kobuki/build/ecl_devices': AMENT_PREFIX_PATH=/home/lfvmu/kobuki/install CMAKE_PREFIX_PATH=/home/lfvmu/kobuki/install LD_LIBRARY_PATH=/home/lfvmu/kobuki/install/lib PATH=/home/lfvmu/kobuki/install/bin:${PATH} PYTHONPATH=/home/lfvmu/kobuki/install/lib/python3.8/site-packages /usr/bin/cmake --build /home/lfvmu/kobuki/build/ecl_devices -- -j4 -l4
[1.527s] [  6%] [32mBuilding CXX object src/lib/CMakeFiles/ecl_devices.dir/detail/character_buffer.cpp.o[0m
[1.541s] [ 12%] [32mBuilding CXX object src/lib/CMakeFiles/ecl_devices.dir/detail/error_handler.cpp.o[0m
[1.553s] [ 18%] [32mBuilding CXX object src/lib/CMakeFiles/ecl_devices.dir/detail/socket_exception_handler_pos.cpp.o[0m
[1.573s] [ 25%] [32mBuilding CXX object src/lib/CMakeFiles/ecl_devices.dir/detail/exception_handler_pos.cpp.o[0m
[1.773s] [ 31%] [32mBuilding CXX object src/lib/CMakeFiles/ecl_devices.dir/console.cpp.o[0m
[2.722s] [ 37%] [32mBuilding CXX object src/lib/CMakeFiles/ecl_devices.dir/ofile_pos.cpp.o[0m
[2.774s] [ 43%] [32mBuilding CXX object src/lib/CMakeFiles/ecl_devices.dir/ofile_w32.cpp.o[0m
[2.864s] [ 50%] [32mBuilding CXX object src/lib/CMakeFiles/ecl_devices.dir/serial_pos.cpp.o[0m
[3.026s] [ 56%] [32mBuilding CXX object src/lib/CMakeFiles/ecl_devices.dir/serial_w32.cpp.o[0m
[3.297s] [ 62%] [32mBuilding CXX object src/lib/CMakeFiles/ecl_devices.dir/shared_file.cpp.o[0m
[3.723s] [ 68%] [32mBuilding CXX object src/lib/CMakeFiles/ecl_devices.dir/socket_client_pos.cpp.o[0m
[4.490s] [ 75%] [32mBuilding CXX object src/lib/CMakeFiles/ecl_devices.dir/socket_server_pos.cpp.o[0m
[4.731s] [ 81%] [32mBuilding CXX object src/lib/CMakeFiles/ecl_devices.dir/string.cpp.o[0m
[6.100s] [ 87%] [32m[1mLinking CXX shared library libecl_devices.so[0m
[6.426s] [ 87%] Built target ecl_devices
[6.483s] [ 93%] [32mBuilding CXX object src/examples/CMakeFiles/ecl_demo_serial_timeouts.dir/serial_timeouts.cpp.o[0m
[7.494s] [100%] [32m[1mLinking CXX executable demo_serial_timeouts[0m
[7.725s] [100%] Built target ecl_demo_serial_timeouts
[7.749s] Invoked command in '/home/lfvmu/kobuki/build/ecl_devices' returned '0': AMENT_PREFIX_PATH=/home/lfvmu/kobuki/install CMAKE_PREFIX_PATH=/home/lfvmu/kobuki/install LD_LIBRARY_PATH=/home/lfvmu/kobuki/install/lib PATH=/home/lfvmu/kobuki/install/bin:${PATH} PYTHONPATH=/home/lfvmu/kobuki/install/lib/python3.8/site-packages /usr/bin/cmake --build /home/lfvmu/kobuki/build/ecl_devices -- -j4 -l4
[7.802s] Invoking command in '/home/lfvmu/kobuki/build/ecl_devices': AMENT_PREFIX_PATH=/home/lfvmu/kobuki/install CMAKE_PREFIX_PATH=/home/lfvmu/kobuki/install LD_LIBRARY_PATH=/home/lfvmu/kobuki/install/lib PATH=/home/lfvmu/kobuki/install/bin:${PATH} PYTHONPATH=/home/lfvmu/kobuki/install/lib/python3.8/site-packages /usr/bin/cmake --install /home/lfvmu/kobuki/build/ecl_devices
[7.820s] -- Install configuration: ""
[7.821s] -- Up-to-date: /home/lfvmu/kobuki/install/share/ecl_devices/environment/library_path.sh
[7.821s] -- Installing: /home/lfvmu/kobuki/install/share/ecl_devices/environment/library_path.dsv
[7.821s] -- Up-to-date: /home/lfvmu/kobuki/install/share/ament_index/resource_index/package_run_dependencies/ecl_devices
[7.821s] -- Up-to-date: /home/lfvmu/kobuki/install/share/ament_index/resource_index/parent_prefix_path/ecl_devices
[7.822s] -- Up-to-date: /home/lfvmu/kobuki/install/share/ecl_devices/environment/ament_prefix_path.sh
[7.822s] -- Installing: /home/lfvmu/kobuki/install/share/ecl_devices/environment/ament_prefix_path.dsv
[7.822s] -- Up-to-date: /home/lfvmu/kobuki/install/share/ecl_devices/environment/path.sh
[7.822s] -- Installing: /home/lfvmu/kobuki/install/share/ecl_devices/environment/path.dsv
[7.823s] -- Up-to-date: /home/lfvmu/kobuki/install/share/ecl_devices/local_setup.bash
[7.823s] -- Up-to-date: /home/lfvmu/kobuki/install/share/ecl_devices/local_setup.sh
[7.823s] -- Up-to-date: /home/lfvmu/kobuki/install/share/ecl_devices/local_setup.zsh
[7.823s] -- Installing: /home/lfvmu/kobuki/install/share/ecl_devices/local_setup.dsv
[7.823s] -- Installing: /home/lfvmu/kobuki/install/share/ecl_devices/package.dsv
[7.824s] -- Up-to-date: /home/lfvmu/kobuki/install/share/ament_index/resource_index/packages/ecl_devices
[7.824s] -- Up-to-date: /home/lfvmu/kobuki/install/share/ecl_devices/cmake/ecl_devicesExport.cmake
[7.824s] -- Installing: /home/lfvmu/kobuki/install/share/ecl_devices/cmake/ecl_devicesExport-noconfig.cmake
[7.825s] -- Up-to-date: /home/lfvmu/kobuki/install/share/ecl_devices/cmake/ament_cmake_export_targets-extras.cmake
[7.825s] -- Up-to-date: /home/lfvmu/kobuki/install/share/ecl_devices/cmake/ament_cmake_export_include_directories-extras.cmake
[7.825s] -- Up-to-date: /home/lfvmu/kobuki/install/share/ecl_devices/cmake/ament_cmake_export_libraries-extras.cmake
[7.825s] -- Up-to-date: /home/lfvmu/kobuki/install/share/ecl_devices/cmake/ament_cmake_export_dependencies-extras.cmake
[7.826s] -- Up-to-date: /home/lfvmu/kobuki/install/share/ecl_devices/cmake/ecl_devicesConfig.cmake
[7.826s] -- Up-to-date: /home/lfvmu/kobuki/install/share/ecl_devices/cmake/ecl_devicesConfig-version.cmake
[7.826s] -- Up-to-date: /home/lfvmu/kobuki/install/share/ecl_devices/package.xml
[7.826s] -- Up-to-date: /home/lfvmu/kobuki/install/include/ecl/devices.hpp
[7.827s] -- Up-to-date: /home/lfvmu/kobuki/install/include/ecl/devices/console.hpp
[7.827s] -- Up-to-date: /home/lfvmu/kobuki/install/include/ecl/devices/macros.hpp
[7.828s] -- Up-to-date: /home/lfvmu/kobuki/install/include/ecl/devices/modes.hpp
[7.828s] -- Up-to-date: /home/lfvmu/kobuki/install/include/ecl/devices/ofile.hpp
[7.828s] -- Up-to-date: /home/lfvmu/kobuki/install/include/ecl/devices/ofile_pos.hpp
[7.828s] -- Up-to-date: /home/lfvmu/kobuki/install/include/ecl/devices/ofile_w32.hpp
[7.829s] -- Up-to-date: /home/lfvmu/kobuki/install/include/ecl/devices/serial.hpp
[7.829s] -- Up-to-date: /home/lfvmu/kobuki/install/include/ecl/devices/serial_parameters.hpp
[7.829s] -- Up-to-date: /home/lfvmu/kobuki/install/include/ecl/devices/serial_pos.hpp
[7.829s] -- Up-to-date: /home/lfvmu/kobuki/install/include/ecl/devices/serial_w32.hpp
[7.829s] -- Up-to-date: /home/lfvmu/kobuki/install/include/ecl/devices/shared_file.hpp
[7.830s] -- Up-to-date: /home/lfvmu/kobuki/install/include/ecl/devices/socket.hpp
[7.830s] -- Up-to-date: /home/lfvmu/kobuki/install/include/ecl/devices/socket_client_pos.hpp
[7.830s] -- Up-to-date: /home/lfvmu/kobuki/install/include/ecl/devices/socket_connection_status.hpp
[7.830s] -- Up-to-date: /home/lfvmu/kobuki/install/include/ecl/devices/socket_server_pos.hpp
[7.830s] -- Up-to-date: /home/lfvmu/kobuki/install/include/ecl/devices/string.hpp
[7.831s] -- Up-to-date: /home/lfvmu/kobuki/install/include/ecl/devices/traits.hpp
[7.831s] -- Up-to-date: /home/lfvmu/kobuki/install/include/ecl/devices/detail/character_buffer.hpp
[7.831s] -- Up-to-date: /home/lfvmu/kobuki/install/include/ecl/devices/detail/error_handler.hpp
[7.831s] -- Up-to-date: /home/lfvmu/kobuki/install/include/ecl/devices/detail/exception_handler_pos.hpp
[7.831s] -- Up-to-date: /home/lfvmu/kobuki/install/include/ecl/devices/detail/socket_error_handler_pos.hpp
[7.831s] -- Up-to-date: /home/lfvmu/kobuki/install/include/ecl/devices/detail/socket_exception_handler_pos.hpp
[7.832s] -- Installing: /home/lfvmu/kobuki/install/lib/libecl_devices.so.1.2.1
[7.832s] -- Set runtime path of "/home/lfvmu/kobuki/install/lib/libecl_devices.so.1.2.1" to ""
[7.832s] -- Up-to-date: /home/lfvmu/kobuki/install/lib/libecl_devices.so
[7.833s] -- Installing: /home/lfvmu/kobuki/install/lib/ecl_devices/demo_serial_timeouts
[7.835s] -- Set runtime path of "/home/lfvmu/kobuki/install/lib/ecl_devices/demo_serial_timeouts" to ""
[7.844s] Invoked command in '/home/lfvmu/kobuki/build/ecl_devices' returned '0': AMENT_PREFIX_PATH=/home/lfvmu/kobuki/install CMAKE_PREFIX_PATH=/home/lfvmu/kobuki/install LD_LIBRARY_PATH=/home/lfvmu/kobuki/install/lib PATH=/home/lfvmu/kobuki/install/bin:${PATH} PYTHONPATH=/home/lfvmu/kobuki/install/lib/python3.8/site-packages /usr/bin/cmake --install /home/lfvmu/kobuki/build/ecl_devices
