[0.449s] Invoking command in '/home/lfvmu/kobuki/build/ecl_utilities': AMENT_PREFIX_PATH=/home/lfvmu/kobuki/install CMAKE_PREFIX_PATH=/home/lfvmu/kobuki/install LD_LIBRARY_PATH=/home/lfvmu/kobuki/install/lib PATH=/home/lfvmu/kobuki/install/bin:${PATH} PYTHONPATH=/home/lfvmu/kobuki/install/lib/python3.8/site-packages /usr/bin/cmake /home/lfvmu/kobuki/src/ecl_core/ecl_utilities -DBUILD_TESTING=OFF -DCMAKE_INSTALL_PREFIX=/home/lfvmu/kobuki/install
[0.472s] Re-run cmake no build system arguments
[0.486s] -- Found ament_cmake_ros: 0.9.2 (/home/lfvmu/kobuki/install/share/ament_cmake_ros/cmake)
[0.542s] -- Using PYTHON_EXECUTABLE: /usr/bin/python3
[0.911s] -- Found ecl_build: 1.0.3 (/home/lfvmu/kobuki/install/share/ecl_build/cmake)
[0.937s] -- Found ecl_concepts: 1.2.1 (/home/lfvmu/kobuki/install/share/ecl_concepts/cmake)
[1.127s] -- Configuring done
[1.151s] -- Generating done
[1.156s] -- Build files have been written to: /home/lfvmu/kobuki/build/ecl_utilities
[1.398s] Invoked command in '/home/lfvmu/kobuki/build/ecl_utilities' returned '0': AMENT_PREFIX_PATH=/home/lfvmu/kobuki/install CMAKE_PREFIX_PATH=/home/lfvmu/kobuki/install LD_LIBRARY_PATH=/home/lfvmu/kobuki/install/lib PATH=/home/lfvmu/kobuki/install/bin:${PATH} PYTHONPATH=/home/lfvmu/kobuki/install/lib/python3.8/site-packages /usr/bin/cmake /home/lfvmu/kobuki/src/ecl_core/ecl_utilities -DBUILD_TESTING=OFF -DCMAKE_INSTALL_PREFIX=/home/lfvmu/kobuki/install
[1.400s] Invoking command in '/home/lfvmu/kobuki/build/ecl_utilities': AMENT_PREFIX_PATH=/home/lfvmu/kobuki/install CMAKE_PREFIX_PATH=/home/lfvmu/kobuki/install LD_LIBRARY_PATH=/home/lfvmu/kobuki/install/lib PATH=/home/lfvmu/kobuki/install/bin:${PATH} PYTHONPATH=/home/lfvmu/kobuki/install/lib/python3.8/site-packages /usr/bin/cmake --build /home/lfvmu/kobuki/build/ecl_utilities -- -j4 -l4
[1.476s] /usr/bin/cmake -S/home/lfvmu/kobuki/src/ecl_core/ecl_utilities -B/home/lfvmu/kobuki/build/ecl_utilities --check-build-system CMakeFiles/Makefile.cmake 0
[1.504s] /usr/bin/cmake -E cmake_progress_start /home/lfvmu/kobuki/build/ecl_utilities/CMakeFiles /home/lfvmu/kobuki/build/ecl_utilities/CMakeFiles/progress.marks
[1.529s] /usr/bin/make -f CMakeFiles/Makefile2 all
[1.535s] make[1]: Entering directory '/home/lfvmu/kobuki/build/ecl_utilities'
[1.535s] /usr/bin/make -f src/examples/CMakeFiles/ecl_demo_constructors.dir/build.make src/examples/CMakeFiles/ecl_demo_constructors.dir/depend
[1.535s] make[2]: Entering directory '/home/lfvmu/kobuki/build/ecl_utilities'
[1.535s] cd /home/lfvmu/kobuki/build/ecl_utilities && /usr/bin/cmake -E cmake_depends "Unix Makefiles" /home/lfvmu/kobuki/src/ecl_core/ecl_utilities /home/lfvmu/kobuki/src/ecl_core/ecl_utilities/src/examples /home/lfvmu/kobuki/build/ecl_utilities /home/lfvmu/kobuki/build/ecl_utilities/src/examples /home/lfvmu/kobuki/build/ecl_utilities/src/examples/CMakeFiles/ecl_demo_constructors.dir/DependInfo.cmake --color=
[1.565s] make[2]: Leaving directory '/home/lfvmu/kobuki/build/ecl_utilities'
[1.565s] /usr/bin/make -f src/examples/CMakeFiles/ecl_demo_constructors.dir/build.make src/examples/CMakeFiles/ecl_demo_constructors.dir/build
[1.565s] make[2]: Entering directory '/home/lfvmu/kobuki/build/ecl_utilities'
[1.565s] make[2]: Nothing to be done for 'src/examples/CMakeFiles/ecl_demo_constructors.dir/build'.
[1.565s] make[2]: Leaving directory '/home/lfvmu/kobuki/build/ecl_utilities'
[1.585s] [100%] Built target ecl_demo_constructors
[1.586s] make[1]: Leaving directory '/home/lfvmu/kobuki/build/ecl_utilities'
[1.587s] /usr/bin/cmake -E cmake_progress_start /home/lfvmu/kobuki/build/ecl_utilities/CMakeFiles 0
[1.645s] Invoked command in '/home/lfvmu/kobuki/build/ecl_utilities' returned '0': AMENT_PREFIX_PATH=/home/lfvmu/kobuki/install CMAKE_PREFIX_PATH=/home/lfvmu/kobuki/install LD_LIBRARY_PATH=/home/lfvmu/kobuki/install/lib PATH=/home/lfvmu/kobuki/install/bin:${PATH} PYTHONPATH=/home/lfvmu/kobuki/install/lib/python3.8/site-packages /usr/bin/cmake --build /home/lfvmu/kobuki/build/ecl_utilities -- -j4 -l4
[1.959s] Invoking command in '/home/lfvmu/kobuki/build/ecl_utilities': AMENT_PREFIX_PATH=/home/lfvmu/kobuki/install CMAKE_PREFIX_PATH=/home/lfvmu/kobuki/install LD_LIBRARY_PATH=/home/lfvmu/kobuki/install/lib PATH=/home/lfvmu/kobuki/install/bin:${PATH} PYTHONPATH=/home/lfvmu/kobuki/install/lib/python3.8/site-packages /usr/bin/cmake --install /home/lfvmu/kobuki/build/ecl_utilities
[1.978s] -- Install configuration: ""
[1.978s] -- Up-to-date: /home/lfvmu/kobuki/install/share/ament_index/resource_index/package_run_dependencies/ecl_utilities
[1.979s] -- Up-to-date: /home/lfvmu/kobuki/install/share/ament_index/resource_index/parent_prefix_path/ecl_utilities
[1.979s] -- Up-to-date: /home/lfvmu/kobuki/install/share/ecl_utilities/environment/ament_prefix_path.sh
[1.979s] -- Installing: /home/lfvmu/kobuki/install/share/ecl_utilities/environment/ament_prefix_path.dsv
[1.979s] -- Up-to-date: /home/lfvmu/kobuki/install/share/ecl_utilities/environment/path.sh
[1.980s] -- Installing: /home/lfvmu/kobuki/install/share/ecl_utilities/environment/path.dsv
[1.980s] -- Up-to-date: /home/lfvmu/kobuki/install/share/ecl_utilities/local_setup.bash
[1.980s] -- Up-to-date: /home/lfvmu/kobuki/install/share/ecl_utilities/local_setup.sh
[1.981s] -- Up-to-date: /home/lfvmu/kobuki/install/share/ecl_utilities/local_setup.zsh
[1.981s] -- Installing: /home/lfvmu/kobuki/install/share/ecl_utilities/local_setup.dsv
[1.982s] -- Installing: /home/lfvmu/kobuki/install/share/ecl_utilities/package.dsv
[1.982s] -- Up-to-date: /home/lfvmu/kobuki/install/share/ament_index/resource_index/packages/ecl_utilities
[1.982s] -- Up-to-date: /home/lfvmu/kobuki/install/share/ecl_utilities/cmake/ecl_utilitiesExport.cmake
[1.983s] -- Up-to-date: /home/lfvmu/kobuki/install/share/ecl_utilities/cmake/ament_cmake_export_targets-extras.cmake
[1.983s] -- Up-to-date: /home/lfvmu/kobuki/install/share/ecl_utilities/cmake/ament_cmake_export_include_directories-extras.cmake
[1.983s] -- Up-to-date: /home/lfvmu/kobuki/install/share/ecl_utilities/cmake/ament_cmake_export_dependencies-extras.cmake
[1.984s] -- Up-to-date: /home/lfvmu/kobuki/install/share/ecl_utilities/cmake/ecl_utilitiesConfig.cmake
[1.984s] -- Up-to-date: /home/lfvmu/kobuki/install/share/ecl_utilities/cmake/ecl_utilitiesConfig-version.cmake
[1.984s] -- Up-to-date: /home/lfvmu/kobuki/install/share/ecl_utilities/package.xml
[1.985s] -- Up-to-date: /home/lfvmu/kobuki/install/include/ecl/utilities.hpp
[1.986s] -- Up-to-date: /home/lfvmu/kobuki/install/include/ecl/utilities/blueprints.hpp
[1.986s] -- Up-to-date: /home/lfvmu/kobuki/install/include/ecl/utilities/flags.hpp
[1.986s] -- Up-to-date: /home/lfvmu/kobuki/install/include/ecl/utilities/function_objects.hpp
[1.986s] -- Up-to-date: /home/lfvmu/kobuki/install/include/ecl/utilities/parameter.hpp
[1.987s] -- Up-to-date: /home/lfvmu/kobuki/install/include/ecl/utilities/references.hpp
[1.987s] -- Up-to-date: /home/lfvmu/kobuki/install/include/ecl/utilities/singleton.hpp
[1.987s] -- Up-to-date: /home/lfvmu/kobuki/install/include/ecl/utilities/void.hpp
[1.987s] -- Up-to-date: /home/lfvmu/kobuki/install/lib/ecl_utilities/demo_constructors
[2.008s] Invoked command in '/home/lfvmu/kobuki/build/ecl_utilities' returned '0': AMENT_PREFIX_PATH=/home/lfvmu/kobuki/install CMAKE_PREFIX_PATH=/home/lfvmu/kobuki/install LD_LIBRARY_PATH=/home/lfvmu/kobuki/install/lib PATH=/home/lfvmu/kobuki/install/bin:${PATH} PYTHONPATH=/home/lfvmu/kobuki/install/lib/python3.8/site-packages /usr/bin/cmake --install /home/lfvmu/kobuki/build/ecl_utilities
