[0.324s] Invoking command in '/home/lfvmu/kobuki/build/ecl_formatters': /usr/bin/cmake /home/lfvmu/kobuki/src/ecl_core/ecl_formatters -DBUILD_TESTING=OFF --no-warn-unused-cli -DCMAKE_INSTALL_PREFIX=/home/lfvmu/kobuki/install
[0.372s] Not searching for unused variables given on the command line.
[0.377s] -- Found ament_cmake_ros: 0.9.2 (/home/lfvmu/kobuki/install/share/ament_cmake_ros/cmake)
[0.429s] -- Using PYTHON_EXECUTABLE: /usr/bin/python3
[0.759s] -- Found ecl_build: 1.0.3 (/home/lfvmu/kobuki/install/share/ecl_build/cmake)
[0.784s] -- Found ecl_config: 1.1.0 (/home/lfvmu/kobuki/install/share/ecl_config/cmake)
[0.784s] -- Found ecl_converters: 1.2.1 (/home/lfvmu/kobuki/install/share/ecl_converters/cmake)
[1.005s] -- Configuring done
[1.045s] -- Generating done
[1.050s] -- Build files have been written to: /home/lfvmu/kobuki/build/ecl_formatters
[1.125s] Invoked command in '/home/lfvmu/kobuki/build/ecl_formatters' returned '0': /usr/bin/cmake /home/lfvmu/kobuki/src/ecl_core/ecl_formatters -DBUILD_TESTING=OFF --no-warn-unused-cli -DCMAKE_INSTALL_PREFIX=/home/lfvmu/kobuki/install
[1.126s] Invoking command in '/home/lfvmu/kobuki/build/ecl_formatters': /usr/bin/cmake --build /home/lfvmu/kobuki/build/ecl_formatters -- -j4 -l4
[1.259s] [ 50%] Built target ecl_formatters
[1.325s] [100%] Built target ecl_demo_formatters
[1.358s] Invoked command in '/home/lfvmu/kobuki/build/ecl_formatters' returned '0': /usr/bin/cmake --build /home/lfvmu/kobuki/build/ecl_formatters -- -j4 -l4
[1.618s] Invoking command in '/home/lfvmu/kobuki/build/ecl_formatters': /usr/bin/cmake --install /home/lfvmu/kobuki/build/ecl_formatters
[1.648s] -- Install configuration: "RelWithDebInfo"
[1.648s] -- Up-to-date: /home/lfvmu/kobuki/install/share/ecl_formatters/environment/library_path.sh
[1.649s] -- Installing: /home/lfvmu/kobuki/install/share/ecl_formatters/environment/library_path.dsv
[1.649s] -- Up-to-date: /home/lfvmu/kobuki/install/share/ament_index/resource_index/package_run_dependencies/ecl_formatters
[1.649s] -- Up-to-date: /home/lfvmu/kobuki/install/share/ament_index/resource_index/parent_prefix_path/ecl_formatters
[1.649s] -- Up-to-date: /home/lfvmu/kobuki/install/share/ecl_formatters/environment/ament_prefix_path.sh
[1.650s] -- Installing: /home/lfvmu/kobuki/install/share/ecl_formatters/environment/ament_prefix_path.dsv
[1.650s] -- Up-to-date: /home/lfvmu/kobuki/install/share/ecl_formatters/environment/path.sh
[1.650s] -- Installing: /home/lfvmu/kobuki/install/share/ecl_formatters/environment/path.dsv
[1.652s] -- Up-to-date: /home/lfvmu/kobuki/install/share/ecl_formatters/local_setup.bash
[1.653s] -- Up-to-date: /home/lfvmu/kobuki/install/share/ecl_formatters/local_setup.sh
[1.653s] -- Up-to-date: /home/lfvmu/kobuki/install/share/ecl_formatters/local_setup.zsh
[1.654s] -- Installing: /home/lfvmu/kobuki/install/share/ecl_formatters/local_setup.dsv
[1.656s] -- Installing: /home/lfvmu/kobuki/install/share/ecl_formatters/package.dsv
[1.656s] -- Up-to-date: /home/lfvmu/kobuki/install/share/ament_index/resource_index/packages/ecl_formatters
[1.657s] -- Up-to-date: /home/lfvmu/kobuki/install/share/ecl_formatters/cmake/ecl_formattersExport.cmake
[1.657s] -- Installing: /home/lfvmu/kobuki/install/share/ecl_formatters/cmake/ecl_formattersExport-relwithdebinfo.cmake
[1.657s] -- Up-to-date: /home/lfvmu/kobuki/install/share/ecl_formatters/cmake/ament_cmake_export_targets-extras.cmake
[1.658s] -- Up-to-date: /home/lfvmu/kobuki/install/share/ecl_formatters/cmake/ament_cmake_export_include_directories-extras.cmake
[1.658s] -- Up-to-date: /home/lfvmu/kobuki/install/share/ecl_formatters/cmake/ament_cmake_export_libraries-extras.cmake
[1.658s] -- Up-to-date: /home/lfvmu/kobuki/install/share/ecl_formatters/cmake/ament_cmake_export_dependencies-extras.cmake
[1.658s] -- Up-to-date: /home/lfvmu/kobuki/install/share/ecl_formatters/cmake/ecl_formattersConfig.cmake
[1.659s] -- Up-to-date: /home/lfvmu/kobuki/install/share/ecl_formatters/cmake/ecl_formattersConfig-version.cmake
[1.659s] -- Up-to-date: /home/lfvmu/kobuki/install/share/ecl_formatters/package.xml
[1.659s] -- Up-to-date: /home/lfvmu/kobuki/install/include/ecl/formatters.hpp
[1.659s] -- Up-to-date: /home/lfvmu/kobuki/install/include/ecl/formatters/common.hpp
[1.659s] -- Up-to-date: /home/lfvmu/kobuki/install/include/ecl/formatters/floats.hpp
[1.659s] -- Up-to-date: /home/lfvmu/kobuki/install/include/ecl/formatters/macros.hpp
[1.660s] -- Up-to-date: /home/lfvmu/kobuki/install/include/ecl/formatters/number.hpp
[1.660s] -- Up-to-date: /home/lfvmu/kobuki/install/include/ecl/formatters/strings.hpp
[1.660s] -- Up-to-date: /home/lfvmu/kobuki/install/lib/libecl_formatters.so.1.2.1
[1.661s] -- Up-to-date: /home/lfvmu/kobuki/install/lib/libecl_formatters.so
[1.661s] -- Up-to-date: /home/lfvmu/kobuki/install/lib/ecl_formatters/demo_formatters
[1.663s] Invoked command in '/home/lfvmu/kobuki/build/ecl_formatters' returned '0': /usr/bin/cmake --install /home/lfvmu/kobuki/build/ecl_formatters
