[1.445s] Invoking command in '/home/lfvmu/kobuki/src/ament_lint/ament_copyright': PYTHONPATH=/home/lfvmu/kobuki/build/ament_copyright/prefix_override:/home/lfvmu/kobuki/install/lib/python3.8/site-packages:${PYTHONPATH} /usr/bin/python3 setup.py egg_info --egg-base ../../../build/ament_copyright build --build-base /home/lfvmu/kobuki/build/ament_copyright/build install --record /home/lfvmu/kobuki/build/ament_copyright/install.log --single-version-externally-managed
[1.876s] running egg_info
[1.884s] writing ../../../build/ament_copyright/ament_copyright.egg-info/PKG-INFO
[1.884s] writing dependency_links to ../../../build/ament_copyright/ament_copyright.egg-info/dependency_links.txt
[1.884s] writing entry points to ../../../build/ament_copyright/ament_copyright.egg-info/entry_points.txt
[1.884s] writing requirements to ../../../build/ament_copyright/ament_copyright.egg-info/requires.txt
[1.884s] writing top-level names to ../../../build/ament_copyright/ament_copyright.egg-info/top_level.txt
[1.992s] reading manifest file '../../../build/ament_copyright/ament_copyright.egg-info/SOURCES.txt'
[1.995s] writing manifest file '../../../build/ament_copyright/ament_copyright.egg-info/SOURCES.txt'
[1.996s] running build
[1.996s] running build_py
[1.999s] running install
[2.001s] running install_lib
[2.006s] running install_data
[2.006s] running install_egg_info
[2.010s] removing '/home/lfvmu/kobuki/install/lib/python3.8/site-packages/ament_copyright-0.9.7-py3.8.egg-info' (and everything under it)
[2.010s] Copying ../../../build/ament_copyright/ament_copyright.egg-info to /home/lfvmu/kobuki/install/lib/python3.8/site-packages/ament_copyright-0.9.7-py3.8.egg-info
[2.012s] running install_scripts
[2.048s] Installing ament_copyright script to /home/lfvmu/kobuki/install/bin
[2.049s] writing list of installed files to '/home/lfvmu/kobuki/build/ament_copyright/install.log'
[2.467s] Invoked command in '/home/lfvmu/kobuki/src/ament_lint/ament_copyright' returned '0': PYTHONPATH=/home/lfvmu/kobuki/build/ament_copyright/prefix_override:/home/lfvmu/kobuki/install/lib/python3.8/site-packages:${PYTHONPATH} /usr/bin/python3 setup.py egg_info --egg-base ../../../build/ament_copyright build --build-base /home/lfvmu/kobuki/build/ament_copyright/build install --record /home/lfvmu/kobuki/build/ament_copyright/install.log --single-version-externally-managed
