[0.063s] Invoking command in '/home/lfvmu/kobuki/build/ament_cmake_target_dependencies': AMENT_PREFIX_PATH=/home/lfvmu/kobuki/install CMAKE_PREFIX_PATH=/home/lfvmu/kobuki/install PATH=/home/lfvmu/kobuki/install/bin:${PATH} PYTHONPATH=/home/lfvmu/kobuki/install/lib/python3.8/site-packages /usr/bin/cmake /home/lfvmu/kobuki/src/ament_cmake/ament_cmake_target_dependencies -DBUILD_TESTING=OFF -DCMAKE_INSTALL_PREFIX=/home/lfvmu/kobuki/install
[0.144s] -- Found ament_cmake_core: 0.9.11 (/home/lfvmu/kobuki/install/share/ament_cmake_core/cmake)
[0.187s] -- Found PythonInterp: /usr/bin/python3 (found suitable version "3.8.10", minimum required is "3") 
[0.187s] -- Using PYTHON_EXECUTABLE: /usr/bin/python3
[0.676s] -- Configuring done
[0.676s] -- Generating done
[0.694s] -- Build files have been written to: /home/lfvmu/kobuki/build/ament_cmake_target_dependencies
[0.713s] Invoked command in '/home/lfvmu/kobuki/build/ament_cmake_target_dependencies' returned '0': AMENT_PREFIX_PATH=/home/lfvmu/kobuki/install CMAKE_PREFIX_PATH=/home/lfvmu/kobuki/install PATH=/home/lfvmu/kobuki/install/bin:${PATH} PYTHONPATH=/home/lfvmu/kobuki/install/lib/python3.8/site-packages /usr/bin/cmake /home/lfvmu/kobuki/src/ament_cmake/ament_cmake_target_dependencies -DBUILD_TESTING=OFF -DCMAKE_INSTALL_PREFIX=/home/lfvmu/kobuki/install
[0.715s] Invoking command in '/home/lfvmu/kobuki/build/ament_cmake_target_dependencies': AMENT_PREFIX_PATH=/home/lfvmu/kobuki/install CMAKE_PREFIX_PATH=/home/lfvmu/kobuki/install PATH=/home/lfvmu/kobuki/install/bin:${PATH} PYTHONPATH=/home/lfvmu/kobuki/install/lib/python3.8/site-packages /usr/bin/cmake --build /home/lfvmu/kobuki/build/ament_cmake_target_dependencies -- -j4 -l4
[0.957s] Invoked command in '/home/lfvmu/kobuki/build/ament_cmake_target_dependencies' returned '0': AMENT_PREFIX_PATH=/home/lfvmu/kobuki/install CMAKE_PREFIX_PATH=/home/lfvmu/kobuki/install PATH=/home/lfvmu/kobuki/install/bin:${PATH} PYTHONPATH=/home/lfvmu/kobuki/install/lib/python3.8/site-packages /usr/bin/cmake --build /home/lfvmu/kobuki/build/ament_cmake_target_dependencies -- -j4 -l4
[1.020s] Invoking command in '/home/lfvmu/kobuki/build/ament_cmake_target_dependencies': AMENT_PREFIX_PATH=/home/lfvmu/kobuki/install CMAKE_PREFIX_PATH=/home/lfvmu/kobuki/install PATH=/home/lfvmu/kobuki/install/bin:${PATH} PYTHONPATH=/home/lfvmu/kobuki/install/lib/python3.8/site-packages /usr/bin/cmake --install /home/lfvmu/kobuki/build/ament_cmake_target_dependencies
[1.040s] -- Install configuration: ""
[1.041s] -- Installing: /home/lfvmu/kobuki/install/share/ament_index/resource_index/package_run_dependencies/ament_cmake_target_dependencies
[1.041s] -- Installing: /home/lfvmu/kobuki/install/share/ament_index/resource_index/parent_prefix_path/ament_cmake_target_dependencies
[1.042s] -- Installing: /home/lfvmu/kobuki/install/share/ament_cmake_target_dependencies/environment/ament_prefix_path.sh
[1.042s] -- Installing: /home/lfvmu/kobuki/install/share/ament_cmake_target_dependencies/environment/ament_prefix_path.dsv
[1.043s] -- Installing: /home/lfvmu/kobuki/install/share/ament_cmake_target_dependencies/environment/path.sh
[1.043s] -- Installing: /home/lfvmu/kobuki/install/share/ament_cmake_target_dependencies/environment/path.dsv
[1.043s] -- Installing: /home/lfvmu/kobuki/install/share/ament_cmake_target_dependencies/local_setup.bash
[1.043s] -- Installing: /home/lfvmu/kobuki/install/share/ament_cmake_target_dependencies/local_setup.sh
[1.044s] -- Installing: /home/lfvmu/kobuki/install/share/ament_cmake_target_dependencies/local_setup.zsh
[1.044s] -- Installing: /home/lfvmu/kobuki/install/share/ament_cmake_target_dependencies/local_setup.dsv
[1.044s] -- Installing: /home/lfvmu/kobuki/install/share/ament_cmake_target_dependencies/package.dsv
[1.044s] -- Installing: /home/lfvmu/kobuki/install/share/ament_index/resource_index/packages/ament_cmake_target_dependencies
[1.045s] -- Installing: /home/lfvmu/kobuki/install/share/ament_cmake_target_dependencies/cmake/ament_cmake_target_dependencies-extras.cmake
[1.045s] -- Installing: /home/lfvmu/kobuki/install/share/ament_cmake_target_dependencies/cmake/ament_cmake_target_dependenciesConfig.cmake
[1.045s] -- Installing: /home/lfvmu/kobuki/install/share/ament_cmake_target_dependencies/cmake/ament_cmake_target_dependenciesConfig-version.cmake
[1.046s] -- Installing: /home/lfvmu/kobuki/install/share/ament_cmake_target_dependencies/package.xml
[1.046s] -- Up-to-date: /home/lfvmu/kobuki/install/share/ament_cmake_target_dependencies/cmake
[1.046s] -- Installing: /home/lfvmu/kobuki/install/share/ament_cmake_target_dependencies/cmake/ament_target_dependencies.cmake
[1.046s] -- Installing: /home/lfvmu/kobuki/install/share/ament_cmake_target_dependencies/cmake/ament_get_recursive_properties.cmake
[1.070s] Invoked command in '/home/lfvmu/kobuki/build/ament_cmake_target_dependencies' returned '0': AMENT_PREFIX_PATH=/home/lfvmu/kobuki/install CMAKE_PREFIX_PATH=/home/lfvmu/kobuki/install PATH=/home/lfvmu/kobuki/install/bin:${PATH} PYTHONPATH=/home/lfvmu/kobuki/install/lib/python3.8/site-packages /usr/bin/cmake --install /home/lfvmu/kobuki/build/ament_cmake_target_dependencies
