[0.273s] Invoking command in '/home/lfvmu/kobuki/build/ament_cmake_ros': AMENT_PREFIX_PATH=/home/lfvmu/kobuki/install CMAKE_PREFIX_PATH=/home/lfvmu/kobuki/install LD_LIBRARY_PATH=/home/lfvmu/kobuki/install/lib PATH=/home/lfvmu/kobuki/install/bin:${PATH} PYTHONPATH=/home/lfvmu/kobuki/install/lib/python3.8/site-packages /usr/bin/cmake /home/lfvmu/kobuki/src/ament_cmake_ros/ament_cmake_ros -DBUILD_TESTING=OFF -DCMAKE_INSTALL_PREFIX=/home/lfvmu/kobuki/install
[0.320s] Re-run cmake no build system arguments
[0.321s] -- Found ament_cmake: 0.9.11 (/home/lfvmu/kobuki/install/share/ament_cmake/cmake)
[0.372s] -- Using PYTHON_EXECUTABLE: /usr/bin/python3
[0.888s] -- Configuring done
[0.889s] -- Generating done
[0.891s] -- Build files have been written to: /home/lfvmu/kobuki/build/ament_cmake_ros
[0.910s] Invoked command in '/home/lfvmu/kobuki/build/ament_cmake_ros' returned '0': AMENT_PREFIX_PATH=/home/lfvmu/kobuki/install CMAKE_PREFIX_PATH=/home/lfvmu/kobuki/install LD_LIBRARY_PATH=/home/lfvmu/kobuki/install/lib PATH=/home/lfvmu/kobuki/install/bin:${PATH} PYTHONPATH=/home/lfvmu/kobuki/install/lib/python3.8/site-packages /usr/bin/cmake /home/lfvmu/kobuki/src/ament_cmake_ros/ament_cmake_ros -DBUILD_TESTING=OFF -DCMAKE_INSTALL_PREFIX=/home/lfvmu/kobuki/install
[0.919s] Invoking command in '/home/lfvmu/kobuki/build/ament_cmake_ros': AMENT_PREFIX_PATH=/home/lfvmu/kobuki/install CMAKE_PREFIX_PATH=/home/lfvmu/kobuki/install LD_LIBRARY_PATH=/home/lfvmu/kobuki/install/lib PATH=/home/lfvmu/kobuki/install/bin:${PATH} PYTHONPATH=/home/lfvmu/kobuki/install/lib/python3.8/site-packages /usr/bin/cmake --build /home/lfvmu/kobuki/build/ament_cmake_ros -- -j4 -l4
[0.963s] /usr/bin/cmake -S/home/lfvmu/kobuki/src/ament_cmake_ros/ament_cmake_ros -B/home/lfvmu/kobuki/build/ament_cmake_ros --check-build-system CMakeFiles/Makefile.cmake 0
[0.983s] /usr/bin/cmake -E cmake_progress_start /home/lfvmu/kobuki/build/ament_cmake_ros/CMakeFiles /home/lfvmu/kobuki/build/ament_cmake_ros/CMakeFiles/progress.marks
[1.004s] /usr/bin/make -f CMakeFiles/Makefile2 all
[1.005s] make[1]: Entering directory '/home/lfvmu/kobuki/build/ament_cmake_ros'
[1.005s] make[1]: Nothing to be done for 'all'.
[1.005s] make[1]: Leaving directory '/home/lfvmu/kobuki/build/ament_cmake_ros'
[1.005s] /usr/bin/cmake -E cmake_progress_start /home/lfvmu/kobuki/build/ament_cmake_ros/CMakeFiles 0
[1.168s] Invoked command in '/home/lfvmu/kobuki/build/ament_cmake_ros' returned '0': AMENT_PREFIX_PATH=/home/lfvmu/kobuki/install CMAKE_PREFIX_PATH=/home/lfvmu/kobuki/install LD_LIBRARY_PATH=/home/lfvmu/kobuki/install/lib PATH=/home/lfvmu/kobuki/install/bin:${PATH} PYTHONPATH=/home/lfvmu/kobuki/install/lib/python3.8/site-packages /usr/bin/cmake --build /home/lfvmu/kobuki/build/ament_cmake_ros -- -j4 -l4
[1.400s] Invoking command in '/home/lfvmu/kobuki/build/ament_cmake_ros': AMENT_PREFIX_PATH=/home/lfvmu/kobuki/install CMAKE_PREFIX_PATH=/home/lfvmu/kobuki/install LD_LIBRARY_PATH=/home/lfvmu/kobuki/install/lib PATH=/home/lfvmu/kobuki/install/bin:${PATH} PYTHONPATH=/home/lfvmu/kobuki/install/lib/python3.8/site-packages /usr/bin/cmake --install /home/lfvmu/kobuki/build/ament_cmake_ros
[1.429s] -- Install configuration: ""
[1.430s] -- Up-to-date: /home/lfvmu/kobuki/install/share/ament_index/resource_index/package_run_dependencies/ament_cmake_ros
[1.430s] -- Up-to-date: /home/lfvmu/kobuki/install/share/ament_index/resource_index/parent_prefix_path/ament_cmake_ros
[1.431s] -- Up-to-date: /home/lfvmu/kobuki/install/share/ament_cmake_ros/environment/ament_prefix_path.sh
[1.431s] -- Installing: /home/lfvmu/kobuki/install/share/ament_cmake_ros/environment/ament_prefix_path.dsv
[1.433s] -- Up-to-date: /home/lfvmu/kobuki/install/share/ament_cmake_ros/environment/path.sh
[1.433s] -- Installing: /home/lfvmu/kobuki/install/share/ament_cmake_ros/environment/path.dsv
[1.434s] -- Up-to-date: /home/lfvmu/kobuki/install/share/ament_cmake_ros/local_setup.bash
[1.434s] -- Up-to-date: /home/lfvmu/kobuki/install/share/ament_cmake_ros/local_setup.sh
[1.435s] -- Up-to-date: /home/lfvmu/kobuki/install/share/ament_cmake_ros/local_setup.zsh
[1.435s] -- Installing: /home/lfvmu/kobuki/install/share/ament_cmake_ros/local_setup.dsv
[1.436s] -- Installing: /home/lfvmu/kobuki/install/share/ament_cmake_ros/package.dsv
[1.436s] -- Up-to-date: /home/lfvmu/kobuki/install/share/ament_index/resource_index/packages/ament_cmake_ros
[1.436s] -- Up-to-date: /home/lfvmu/kobuki/install/share/ament_cmake_ros/cmake/ament_cmake_ros-extras.cmake
[1.437s] -- Up-to-date: /home/lfvmu/kobuki/install/share/ament_cmake_ros/cmake/ament_cmake_export_dependencies-extras.cmake
[1.437s] -- Up-to-date: /home/lfvmu/kobuki/install/share/ament_cmake_ros/cmake/ament_cmake_rosConfig.cmake
[1.438s] -- Up-to-date: /home/lfvmu/kobuki/install/share/ament_cmake_ros/cmake/ament_cmake_rosConfig-version.cmake
[1.440s] -- Up-to-date: /home/lfvmu/kobuki/install/share/ament_cmake_ros/package.xml
[1.444s] -- Up-to-date: /home/lfvmu/kobuki/install/share/ament_cmake_ros/cmake
[1.445s] -- Up-to-date: /home/lfvmu/kobuki/install/share/ament_cmake_ros/cmake/run_test_isolated.py
[1.445s] -- Up-to-date: /home/lfvmu/kobuki/install/share/ament_cmake_ros/cmake/ament_add_ros_isolated_pytest.cmake
[1.445s] -- Up-to-date: /home/lfvmu/kobuki/install/share/ament_cmake_ros/cmake/build_shared_libs.cmake
[1.445s] -- Up-to-date: /home/lfvmu/kobuki/install/share/ament_cmake_ros/cmake/ament_add_ros_isolated_gtest.cmake
[1.446s] -- Up-to-date: /home/lfvmu/kobuki/install/share/ament_cmake_ros/cmake/ament_add_ros_isolated_gmock.cmake
[1.456s] Invoked command in '/home/lfvmu/kobuki/build/ament_cmake_ros' returned '0': AMENT_PREFIX_PATH=/home/lfvmu/kobuki/install CMAKE_PREFIX_PATH=/home/lfvmu/kobuki/install LD_LIBRARY_PATH=/home/lfvmu/kobuki/install/lib PATH=/home/lfvmu/kobuki/install/bin:${PATH} PYTHONPATH=/home/lfvmu/kobuki/install/lib/python3.8/site-packages /usr/bin/cmake --install /home/lfvmu/kobuki/build/ament_cmake_ros
