[1.457s] Invoking command in '/home/lfvmu/kobuki/src/ament_lint/ament_mypy': AMENT_PREFIX_PATH=/home/lfvmu/kobuki/install CMAKE_PREFIX_PATH=/home/lfvmu/kobuki/install PATH=/home/lfvmu/kobuki/install/bin:${PATH} PYTHONPATH=/home/lfvmu/kobuki/build/ament_mypy/prefix_override:/home/lfvmu/kobuki/install/lib/python3.8/site-packages:/home/lfvmu/kobuki/install/lib/python3.8/site-packages /usr/bin/python3 setup.py egg_info --egg-base ../../../build/ament_mypy build --build-base /home/lfvmu/kobuki/build/ament_mypy/build install --record /home/lfvmu/kobuki/build/ament_mypy/install.log --single-version-externally-managed
[1.857s] running egg_info
[1.858s] creating ../../../build/ament_mypy/ament_mypy.egg-info
[1.859s] writing ../../../build/ament_mypy/ament_mypy.egg-info/PKG-INFO
[1.859s] writing dependency_links to ../../../build/ament_mypy/ament_mypy.egg-info/dependency_links.txt
[1.860s] writing entry points to ../../../build/ament_mypy/ament_mypy.egg-info/entry_points.txt
[1.860s] writing requirements to ../../../build/ament_mypy/ament_mypy.egg-info/requires.txt
[1.861s] writing top-level names to ../../../build/ament_mypy/ament_mypy.egg-info/top_level.txt
[1.861s] writing manifest file '../../../build/ament_mypy/ament_mypy.egg-info/SOURCES.txt'
[1.964s] reading manifest file '../../../build/ament_mypy/ament_mypy.egg-info/SOURCES.txt'
[1.966s] writing manifest file '../../../build/ament_mypy/ament_mypy.egg-info/SOURCES.txt'
[1.966s] running build
[1.967s] running build_py
[1.967s] creating /home/lfvmu/kobuki/build/ament_mypy/build
[1.968s] creating /home/lfvmu/kobuki/build/ament_mypy/build/lib
[1.968s] creating /home/lfvmu/kobuki/build/ament_mypy/build/lib/ament_mypy
[1.968s] copying ament_mypy/main.py -> /home/lfvmu/kobuki/build/ament_mypy/build/lib/ament_mypy
[1.969s] copying ament_mypy/pytest_marker.py -> /home/lfvmu/kobuki/build/ament_mypy/build/lib/ament_mypy
[1.969s] copying ament_mypy/__init__.py -> /home/lfvmu/kobuki/build/ament_mypy/build/lib/ament_mypy
[1.970s] creating /home/lfvmu/kobuki/build/ament_mypy/build/lib/ament_mypy/configuration
[1.970s] copying ament_mypy/configuration/ament_mypy.ini -> /home/lfvmu/kobuki/build/ament_mypy/build/lib/ament_mypy/configuration
[1.971s] running install
[1.973s] running install_lib
[1.975s] creating /home/lfvmu/kobuki/install/lib/python3.8/site-packages/ament_mypy
[1.975s] copying /home/lfvmu/kobuki/build/ament_mypy/build/lib/ament_mypy/main.py -> /home/lfvmu/kobuki/install/lib/python3.8/site-packages/ament_mypy
[1.976s] copying /home/lfvmu/kobuki/build/ament_mypy/build/lib/ament_mypy/pytest_marker.py -> /home/lfvmu/kobuki/install/lib/python3.8/site-packages/ament_mypy
[1.976s] copying /home/lfvmu/kobuki/build/ament_mypy/build/lib/ament_mypy/__init__.py -> /home/lfvmu/kobuki/install/lib/python3.8/site-packages/ament_mypy
[1.977s] creating /home/lfvmu/kobuki/install/lib/python3.8/site-packages/ament_mypy/configuration
[1.977s] copying /home/lfvmu/kobuki/build/ament_mypy/build/lib/ament_mypy/configuration/ament_mypy.ini -> /home/lfvmu/kobuki/install/lib/python3.8/site-packages/ament_mypy/configuration
[1.978s] byte-compiling /home/lfvmu/kobuki/install/lib/python3.8/site-packages/ament_mypy/main.py to main.cpython-38.pyc
[1.986s] byte-compiling /home/lfvmu/kobuki/install/lib/python3.8/site-packages/ament_mypy/pytest_marker.py to pytest_marker.cpython-38.pyc
[1.987s] byte-compiling /home/lfvmu/kobuki/install/lib/python3.8/site-packages/ament_mypy/__init__.py to __init__.cpython-38.pyc
[1.987s] running install_data
[1.988s] copying package.xml -> /home/lfvmu/kobuki/install/share/ament_mypy
[1.989s] copying resource/ament_mypy -> /home/lfvmu/kobuki/install/share/ament_index/resource_index/packages
[1.989s] running install_egg_info
[1.992s] Copying ../../../build/ament_mypy/ament_mypy.egg-info to /home/lfvmu/kobuki/install/lib/python3.8/site-packages/ament_mypy-0.9.7-py3.8.egg-info
[1.995s] running install_scripts
[2.036s] Installing ament_mypy script to /home/lfvmu/kobuki/install/bin
[2.037s] writing list of installed files to '/home/lfvmu/kobuki/build/ament_mypy/install.log'
[2.087s] Invoked command in '/home/lfvmu/kobuki/src/ament_lint/ament_mypy' returned '0': AMENT_PREFIX_PATH=/home/lfvmu/kobuki/install CMAKE_PREFIX_PATH=/home/lfvmu/kobuki/install PATH=/home/lfvmu/kobuki/install/bin:${PATH} PYTHONPATH=/home/lfvmu/kobuki/build/ament_mypy/prefix_override:/home/lfvmu/kobuki/install/lib/python3.8/site-packages:/home/lfvmu/kobuki/install/lib/python3.8/site-packages /usr/bin/python3 setup.py egg_info --egg-base ../../../build/ament_mypy build --build-base /home/lfvmu/kobuki/build/ament_mypy/build install --record /home/lfvmu/kobuki/build/ament_mypy/install.log --single-version-externally-managed
