[0.370s] Invoking command in '/home/lfvmu/kobuki/build/ecl_type_traits': /usr/bin/cmake /home/lfvmu/kobuki/src/ecl_core/ecl_type_traits -DBUILD_TESTING=OFF -DCMAKE_BUILD_TYPE=RelWithDebInfo -DCMAKE_INSTALL_PREFIX=/home/lfvmu/kobuki/install
[0.371s] -- Found ament_cmake_ros: 0.9.2 (/home/lfvmu/kobuki/install/share/ament_cmake_ros/cmake)
[0.441s] -- Using PYTHON_EXECUTABLE: /usr/bin/python3
[0.819s] -- Found ecl_build: 1.0.3 (/home/lfvmu/kobuki/install/share/ecl_build/cmake)
[0.850s] -- Found ecl_config: 1.1.0 (/home/lfvmu/kobuki/install/share/ecl_config/cmake)
[0.856s] -- Found ecl_mpl: 1.2.1 (/home/lfvmu/kobuki/install/share/ecl_mpl/cmake)
[1.029s] -- Configuring done
[1.073s] -- Generating done
[1.073s] -- Build files have been written to: /home/lfvmu/kobuki/build/ecl_type_traits
[1.122s] Invoked command in '/home/lfvmu/kobuki/build/ecl_type_traits' returned '0': /usr/bin/cmake /home/lfvmu/kobuki/src/ecl_core/ecl_type_traits -DBUILD_TESTING=OFF -DCMAKE_BUILD_TYPE=RelWithDebInfo -DCMAKE_INSTALL_PREFIX=/home/lfvmu/kobuki/install
[1.123s] Invoking command in '/home/lfvmu/kobuki/build/ecl_type_traits': /usr/bin/cmake --build /home/lfvmu/kobuki/build/ecl_type_traits -- -j4 -l4
[1.269s] [ 50%] Built target ecl_type_traits
[1.312s] [100%] Built target ecl_detect_sizes
[1.345s] Invoked command in '/home/lfvmu/kobuki/build/ecl_type_traits' returned '0': /usr/bin/cmake --build /home/lfvmu/kobuki/build/ecl_type_traits -- -j4 -l4
[1.616s] Invoking command in '/home/lfvmu/kobuki/build/ecl_type_traits': /usr/bin/cmake --install /home/lfvmu/kobuki/build/ecl_type_traits
[1.642s] -- Install configuration: "RelWithDebInfo"
[1.643s] -- Up-to-date: /home/lfvmu/kobuki/install/share/ecl_type_traits/environment/library_path.sh
[1.643s] -- Installing: /home/lfvmu/kobuki/install/share/ecl_type_traits/environment/library_path.dsv
[1.644s] -- Up-to-date: /home/lfvmu/kobuki/install/share/ament_index/resource_index/package_run_dependencies/ecl_type_traits
[1.644s] -- Up-to-date: /home/lfvmu/kobuki/install/share/ament_index/resource_index/parent_prefix_path/ecl_type_traits
[1.644s] -- Up-to-date: /home/lfvmu/kobuki/install/share/ecl_type_traits/environment/ament_prefix_path.sh
[1.644s] -- Installing: /home/lfvmu/kobuki/install/share/ecl_type_traits/environment/ament_prefix_path.dsv
[1.645s] -- Up-to-date: /home/lfvmu/kobuki/install/share/ecl_type_traits/environment/path.sh
[1.645s] -- Installing: /home/lfvmu/kobuki/install/share/ecl_type_traits/environment/path.dsv
[1.645s] -- Up-to-date: /home/lfvmu/kobuki/install/share/ecl_type_traits/local_setup.bash
[1.646s] -- Up-to-date: /home/lfvmu/kobuki/install/share/ecl_type_traits/local_setup.sh
[1.646s] -- Up-to-date: /home/lfvmu/kobuki/install/share/ecl_type_traits/local_setup.zsh
[1.646s] -- Installing: /home/lfvmu/kobuki/install/share/ecl_type_traits/local_setup.dsv
[1.647s] -- Installing: /home/lfvmu/kobuki/install/share/ecl_type_traits/package.dsv
[1.647s] -- Up-to-date: /home/lfvmu/kobuki/install/share/ament_index/resource_index/packages/ecl_type_traits
[1.648s] -- Up-to-date: /home/lfvmu/kobuki/install/share/ecl_type_traits/cmake/ecl_type_traitsExport.cmake
[1.648s] -- Installing: /home/lfvmu/kobuki/install/share/ecl_type_traits/cmake/ecl_type_traitsExport-relwithdebinfo.cmake
[1.649s] -- Up-to-date: /home/lfvmu/kobuki/install/share/ecl_type_traits/cmake/ament_cmake_export_targets-extras.cmake
[1.649s] -- Up-to-date: /home/lfvmu/kobuki/install/share/ecl_type_traits/cmake/ament_cmake_export_include_directories-extras.cmake
[1.650s] -- Up-to-date: /home/lfvmu/kobuki/install/share/ecl_type_traits/cmake/ament_cmake_export_libraries-extras.cmake
[1.650s] -- Up-to-date: /home/lfvmu/kobuki/install/share/ecl_type_traits/cmake/ament_cmake_export_dependencies-extras.cmake
[1.650s] -- Up-to-date: /home/lfvmu/kobuki/install/share/ecl_type_traits/cmake/ecl_type_traitsConfig.cmake
[1.650s] -- Up-to-date: /home/lfvmu/kobuki/install/share/ecl_type_traits/cmake/ecl_type_traitsConfig-version.cmake
[1.650s] -- Up-to-date: /home/lfvmu/kobuki/install/share/ecl_type_traits/package.xml
[1.651s] -- Up-to-date: /home/lfvmu/kobuki/install/include/ecl/type_traits.hpp
[1.651s] -- Up-to-date: /home/lfvmu/kobuki/install/include/ecl/type_traits/fundamental_types.hpp
[1.651s] -- Up-to-date: /home/lfvmu/kobuki/install/include/ecl/type_traits/macros.hpp
[1.651s] -- Up-to-date: /home/lfvmu/kobuki/install/include/ecl/type_traits/numeric_limits.hpp
[1.652s] -- Up-to-date: /home/lfvmu/kobuki/install/include/ecl/type_traits/traits.hpp
[1.652s] -- Up-to-date: /home/lfvmu/kobuki/install/lib/libecl_type_traits.so.1.2.1
[1.653s] -- Up-to-date: /home/lfvmu/kobuki/install/lib/libecl_type_traits.so
[1.654s] -- Up-to-date: /home/lfvmu/kobuki/install/bin/ecl_detect_sizes
[1.663s] Invoked command in '/home/lfvmu/kobuki/build/ecl_type_traits' returned '0': /usr/bin/cmake --install /home/lfvmu/kobuki/build/ecl_type_traits
