[0.268s] Invoking command in '/home/lfvmu/kobuki/build/ament_cmake_mypy': /usr/bin/cmake /home/lfvmu/kobuki/src/ament_lint/ament_cmake_mypy -DBUILD_TESTING=OFF -DCMAKE_INSTALL_PREFIX=/home/lfvmu/kobuki/install
[0.287s] Re-run cmake no build system arguments
[0.292s] -- Found ament_cmake_core: 0.9.11 (/home/lfvmu/kobuki/install/share/ament_cmake_core/cmake)
[0.341s] -- Using PYTHON_EXECUTABLE: /usr/bin/python3
[0.685s] -- Found ament_cmake_test: 0.9.11 (/home/lfvmu/kobuki/install/share/ament_cmake_test/cmake)
[0.825s] -- Configuring done
[0.829s] -- Generating done
[0.843s] -- Build files have been written to: /home/lfvmu/kobuki/build/ament_cmake_mypy
[1.084s] Invoked command in '/home/lfvmu/kobuki/build/ament_cmake_mypy' returned '0': /usr/bin/cmake /home/lfvmu/kobuki/src/ament_lint/ament_cmake_mypy -DBUILD_TESTING=OFF -DCMAKE_INSTALL_PREFIX=/home/lfvmu/kobuki/install
[1.087s] Invoking command in '/home/lfvmu/kobuki/build/ament_cmake_mypy': /usr/bin/cmake --build /home/lfvmu/kobuki/build/ament_cmake_mypy -- -j4 -l4
[1.152s] /usr/bin/cmake -S/home/lfvmu/kobuki/src/ament_lint/ament_cmake_mypy -B/home/lfvmu/kobuki/build/ament_cmake_mypy --check-build-system CMakeFiles/Makefile.cmake 0
[1.186s] /usr/bin/cmake -E cmake_progress_start /home/lfvmu/kobuki/build/ament_cmake_mypy/CMakeFiles /home/lfvmu/kobuki/build/ament_cmake_mypy/CMakeFiles/progress.marks
[1.209s] /usr/bin/make -f CMakeFiles/Makefile2 all
[1.244s] make[1]: Entering directory '/home/lfvmu/kobuki/build/ament_cmake_mypy'
[1.244s] make[1]: Nothing to be done for 'all'.
[1.244s] make[1]: Leaving directory '/home/lfvmu/kobuki/build/ament_cmake_mypy'
[1.244s] /usr/bin/cmake -E cmake_progress_start /home/lfvmu/kobuki/build/ament_cmake_mypy/CMakeFiles 0
[1.409s] Invoked command in '/home/lfvmu/kobuki/build/ament_cmake_mypy' returned '0': /usr/bin/cmake --build /home/lfvmu/kobuki/build/ament_cmake_mypy -- -j4 -l4
[1.768s] Invoking command in '/home/lfvmu/kobuki/build/ament_cmake_mypy': /usr/bin/cmake --install /home/lfvmu/kobuki/build/ament_cmake_mypy
[1.790s] -- Install configuration: "RelWithDebInfo"
[1.791s] -- Up-to-date: /home/lfvmu/kobuki/install/share/ament_index/resource_index/package_run_dependencies/ament_cmake_mypy
[1.791s] -- Up-to-date: /home/lfvmu/kobuki/install/share/ament_index/resource_index/parent_prefix_path/ament_cmake_mypy
[1.792s] -- Up-to-date: /home/lfvmu/kobuki/install/share/ament_cmake_mypy/environment/ament_prefix_path.sh
[1.793s] -- Installing: /home/lfvmu/kobuki/install/share/ament_cmake_mypy/environment/ament_prefix_path.dsv
[1.794s] -- Up-to-date: /home/lfvmu/kobuki/install/share/ament_cmake_mypy/environment/path.sh
[1.795s] -- Installing: /home/lfvmu/kobuki/install/share/ament_cmake_mypy/environment/path.dsv
[1.796s] -- Up-to-date: /home/lfvmu/kobuki/install/share/ament_cmake_mypy/local_setup.bash
[1.796s] -- Up-to-date: /home/lfvmu/kobuki/install/share/ament_cmake_mypy/local_setup.sh
[1.797s] -- Up-to-date: /home/lfvmu/kobuki/install/share/ament_cmake_mypy/local_setup.zsh
[1.797s] -- Installing: /home/lfvmu/kobuki/install/share/ament_cmake_mypy/local_setup.dsv
[1.799s] -- Installing: /home/lfvmu/kobuki/install/share/ament_cmake_mypy/package.dsv
[1.799s] -- Up-to-date: /home/lfvmu/kobuki/install/share/ament_index/resource_index/packages/ament_cmake_mypy
[1.800s] -- Up-to-date: /home/lfvmu/kobuki/install/share/ament_cmake_mypy/cmake/ament_cmake_mypy-extras.cmake
[1.803s] -- Up-to-date: /home/lfvmu/kobuki/install/share/ament_cmake_mypy/cmake/ament_cmake_mypyConfig.cmake
[1.804s] -- Up-to-date: /home/lfvmu/kobuki/install/share/ament_cmake_mypy/cmake/ament_cmake_mypyConfig-version.cmake
[1.804s] -- Up-to-date: /home/lfvmu/kobuki/install/share/ament_cmake_mypy/package.xml
[1.805s] -- Up-to-date: /home/lfvmu/kobuki/install/share/ament_cmake_mypy/cmake
[1.805s] -- Up-to-date: /home/lfvmu/kobuki/install/share/ament_cmake_mypy/cmake/ament_cmake_mypy_lint_hook.cmake
[1.806s] -- Up-to-date: /home/lfvmu/kobuki/install/share/ament_cmake_mypy/cmake/ament_mypy.cmake
[1.820s] Invoked command in '/home/lfvmu/kobuki/build/ament_cmake_mypy' returned '0': /usr/bin/cmake --install /home/lfvmu/kobuki/build/ament_cmake_mypy
