[0.366s] Invoking command in '/home/lfvmu/kobuki/build/ecl_threads': /usr/bin/cmake /home/lfvmu/kobuki/src/ecl_core/ecl_threads -DBUILD_TESTING=OFF -DCMAKE_INSTALL_PREFIX=/home/lfvmu/kobuki/install
[0.421s] -- Found ament_cmake_ros: 0.9.2 (/home/lfvmu/kobuki/install/share/ament_cmake_ros/cmake)
[0.461s] -- Using PYTHON_EXECUTABLE: /usr/bin/python3
[0.822s] -- Found ecl_build: 1.0.3 (/home/lfvmu/kobuki/install/share/ecl_build/cmake)
[0.856s] -- Found ecl_config: 1.1.0 (/home/lfvmu/kobuki/install/share/ecl_config/cmake)
[0.857s] -- Found ecl_errors: 1.1.0 (/home/lfvmu/kobuki/install/share/ecl_errors/cmake)
[0.870s] -- Found ecl_concepts: 1.2.1 (/home/lfvmu/kobuki/install/share/ecl_concepts/cmake)
[0.925s] -- Found ecl_exceptions: 1.2.1 (/home/lfvmu/kobuki/install/share/ecl_exceptions/cmake)
[0.930s] -- Found ecl_time: 1.2.1 (/home/lfvmu/kobuki/install/share/ecl_time/cmake)
[0.968s] -- Found ecl_utilities: 1.2.1 (/home/lfvmu/kobuki/install/share/ecl_utilities/cmake)
[1.145s] -- Configuring done
[1.200s] -- Generating done
[1.212s] -- Build files have been written to: /home/lfvmu/kobuki/build/ecl_threads
[1.221s] Invoked command in '/home/lfvmu/kobuki/build/ecl_threads' returned '0': /usr/bin/cmake /home/lfvmu/kobuki/src/ecl_core/ecl_threads -DBUILD_TESTING=OFF -DCMAKE_INSTALL_PREFIX=/home/lfvmu/kobuki/install
[1.227s] Invoking command in '/home/lfvmu/kobuki/build/ecl_threads': /usr/bin/cmake --build /home/lfvmu/kobuki/build/ecl_threads -- -j4 -l4
[1.371s] [ 63%] Built target ecl_threads
[1.418s] [ 81%] Built target ecl_demo_thread
[1.424s] [100%] Built target ecl_demo_mutex
[1.625s] Invoked command in '/home/lfvmu/kobuki/build/ecl_threads' returned '0': /usr/bin/cmake --build /home/lfvmu/kobuki/build/ecl_threads -- -j4 -l4
[1.700s] Invoking command in '/home/lfvmu/kobuki/build/ecl_threads': /usr/bin/cmake --install /home/lfvmu/kobuki/build/ecl_threads
[1.720s] -- Install configuration: "RelWithDebInfo"
[1.721s] -- Up-to-date: /home/lfvmu/kobuki/install/share/ecl_threads/environment/library_path.sh
[1.721s] -- Installing: /home/lfvmu/kobuki/install/share/ecl_threads/environment/library_path.dsv
[1.723s] -- Up-to-date: /home/lfvmu/kobuki/install/share/ament_index/resource_index/package_run_dependencies/ecl_threads
[1.723s] -- Up-to-date: /home/lfvmu/kobuki/install/share/ament_index/resource_index/parent_prefix_path/ecl_threads
[1.723s] -- Up-to-date: /home/lfvmu/kobuki/install/share/ecl_threads/environment/ament_prefix_path.sh
[1.724s] -- Installing: /home/lfvmu/kobuki/install/share/ecl_threads/environment/ament_prefix_path.dsv
[1.725s] -- Up-to-date: /home/lfvmu/kobuki/install/share/ecl_threads/environment/path.sh
[1.725s] -- Installing: /home/lfvmu/kobuki/install/share/ecl_threads/environment/path.dsv
[1.726s] -- Up-to-date: /home/lfvmu/kobuki/install/share/ecl_threads/local_setup.bash
[1.726s] -- Up-to-date: /home/lfvmu/kobuki/install/share/ecl_threads/local_setup.sh
[1.727s] -- Up-to-date: /home/lfvmu/kobuki/install/share/ecl_threads/local_setup.zsh
[1.727s] -- Installing: /home/lfvmu/kobuki/install/share/ecl_threads/local_setup.dsv
[1.728s] -- Installing: /home/lfvmu/kobuki/install/share/ecl_threads/package.dsv
[1.728s] -- Up-to-date: /home/lfvmu/kobuki/install/share/ament_index/resource_index/packages/ecl_threads
[1.729s] -- Up-to-date: /home/lfvmu/kobuki/install/share/ecl_threads/cmake/ecl_threadsExport.cmake
[1.729s] -- Installing: /home/lfvmu/kobuki/install/share/ecl_threads/cmake/ecl_threadsExport-relwithdebinfo.cmake
[1.730s] -- Up-to-date: /home/lfvmu/kobuki/install/share/ecl_threads/cmake/ecl_threads-extras.cmake
[1.731s] -- Up-to-date: /home/lfvmu/kobuki/install/share/ecl_threads/cmake/ament_cmake_export_targets-extras.cmake
[1.731s] -- Up-to-date: /home/lfvmu/kobuki/install/share/ecl_threads/cmake/ament_cmake_export_include_directories-extras.cmake
[1.731s] -- Up-to-date: /home/lfvmu/kobuki/install/share/ecl_threads/cmake/ament_cmake_export_libraries-extras.cmake
[1.732s] -- Up-to-date: /home/lfvmu/kobuki/install/share/ecl_threads/cmake/ament_cmake_export_dependencies-extras.cmake
[1.732s] -- Up-to-date: /home/lfvmu/kobuki/install/share/ecl_threads/cmake/ecl_threadsConfig.cmake
[1.733s] -- Up-to-date: /home/lfvmu/kobuki/install/share/ecl_threads/cmake/ecl_threadsConfig-version.cmake
[1.733s] -- Up-to-date: /home/lfvmu/kobuki/install/share/ecl_threads/package.xml
[1.734s] -- Up-to-date: /home/lfvmu/kobuki/install/include/ecl/threads.hpp
[1.735s] -- Up-to-date: /home/lfvmu/kobuki/install/include/ecl/threads/macros.hpp
[1.735s] -- Up-to-date: /home/lfvmu/kobuki/install/include/ecl/threads/mutex.hpp
[1.736s] -- Up-to-date: /home/lfvmu/kobuki/install/include/ecl/threads/mutex_pos.hpp
[1.736s] -- Up-to-date: /home/lfvmu/kobuki/install/include/ecl/threads/mutex_w32.hpp
[1.736s] -- Up-to-date: /home/lfvmu/kobuki/install/include/ecl/threads/priority.hpp
[1.737s] -- Up-to-date: /home/lfvmu/kobuki/install/include/ecl/threads/priority_common.hpp
[1.737s] -- Up-to-date: /home/lfvmu/kobuki/install/include/ecl/threads/priority_pos.hpp
[1.737s] -- Up-to-date: /home/lfvmu/kobuki/install/include/ecl/threads/priority_win.hpp
[1.737s] -- Up-to-date: /home/lfvmu/kobuki/install/include/ecl/threads/thread.hpp
[1.738s] -- Up-to-date: /home/lfvmu/kobuki/install/include/ecl/threads/thread_exceptions_pos.hpp
[1.738s] -- Up-to-date: /home/lfvmu/kobuki/install/include/ecl/threads/thread_pos.hpp
[1.739s] -- Up-to-date: /home/lfvmu/kobuki/install/include/ecl/threads/thread_win.hpp
[1.739s] -- Up-to-date: /home/lfvmu/kobuki/install/include/ecl/threads/threadable.hpp
[1.741s] -- Up-to-date: /home/lfvmu/kobuki/install/lib/libecl_threads.so.1.2.1
[1.742s] -- Up-to-date: /home/lfvmu/kobuki/install/lib/libecl_threads.so
[1.744s] -- Up-to-date: /home/lfvmu/kobuki/install/lib/ecl_threads/demo_thread
[1.747s] -- Up-to-date: /home/lfvmu/kobuki/install/lib/ecl_threads/demo_mutex
[1.757s] Invoked command in '/home/lfvmu/kobuki/build/ecl_threads' returned '0': /usr/bin/cmake --install /home/lfvmu/kobuki/build/ecl_threads
