[0.110s] Invoking command in '/home/lfvmu/kobuki/build/ament_cmake_cpplint': AMENT_PREFIX_PATH=/home/lfvmu/kobuki/install CMAKE_PREFIX_PATH=/home/lfvmu/kobuki/install PATH=/home/lfvmu/kobuki/install/bin:${PATH} PYTHONPATH=/home/lfvmu/kobuki/install/lib/python3.8/site-packages /usr/bin/cmake /home/lfvmu/kobuki/src/ament_lint/ament_cmake_cpplint -DBUILD_TESTING=OFF -DCMAKE_INSTALL_PREFIX=/home/lfvmu/kobuki/install
[0.156s] -- Found ament_cmake_core: 0.9.11 (/home/lfvmu/kobuki/install/share/ament_cmake_core/cmake)
[0.197s] -- Found PythonInterp: /usr/bin/python3 (found suitable version "3.8.10", minimum required is "3") 
[0.198s] -- Using PYTHON_EXECUTABLE: /usr/bin/python3
[0.549s] -- Found ament_cmake_test: 0.9.11 (/home/lfvmu/kobuki/install/share/ament_cmake_test/cmake)
[0.721s] -- Configuring done
[0.749s] -- Generating done
[0.759s] -- Build files have been written to: /home/lfvmu/kobuki/build/ament_cmake_cpplint
[0.910s] Invoked command in '/home/lfvmu/kobuki/build/ament_cmake_cpplint' returned '0': AMENT_PREFIX_PATH=/home/lfvmu/kobuki/install CMAKE_PREFIX_PATH=/home/lfvmu/kobuki/install PATH=/home/lfvmu/kobuki/install/bin:${PATH} PYTHONPATH=/home/lfvmu/kobuki/install/lib/python3.8/site-packages /usr/bin/cmake /home/lfvmu/kobuki/src/ament_lint/ament_cmake_cpplint -DBUILD_TESTING=OFF -DCMAKE_INSTALL_PREFIX=/home/lfvmu/kobuki/install
[0.916s] Invoking command in '/home/lfvmu/kobuki/build/ament_cmake_cpplint': AMENT_PREFIX_PATH=/home/lfvmu/kobuki/install CMAKE_PREFIX_PATH=/home/lfvmu/kobuki/install PATH=/home/lfvmu/kobuki/install/bin:${PATH} PYTHONPATH=/home/lfvmu/kobuki/install/lib/python3.8/site-packages /usr/bin/cmake --build /home/lfvmu/kobuki/build/ament_cmake_cpplint -- -j4 -l4
[1.034s] Invoked command in '/home/lfvmu/kobuki/build/ament_cmake_cpplint' returned '0': AMENT_PREFIX_PATH=/home/lfvmu/kobuki/install CMAKE_PREFIX_PATH=/home/lfvmu/kobuki/install PATH=/home/lfvmu/kobuki/install/bin:${PATH} PYTHONPATH=/home/lfvmu/kobuki/install/lib/python3.8/site-packages /usr/bin/cmake --build /home/lfvmu/kobuki/build/ament_cmake_cpplint -- -j4 -l4
[1.092s] Invoking command in '/home/lfvmu/kobuki/build/ament_cmake_cpplint': AMENT_PREFIX_PATH=/home/lfvmu/kobuki/install CMAKE_PREFIX_PATH=/home/lfvmu/kobuki/install PATH=/home/lfvmu/kobuki/install/bin:${PATH} PYTHONPATH=/home/lfvmu/kobuki/install/lib/python3.8/site-packages /usr/bin/cmake --install /home/lfvmu/kobuki/build/ament_cmake_cpplint
[1.111s] -- Install configuration: ""
[1.111s] -- Installing: /home/lfvmu/kobuki/install/share/ament_index/resource_index/package_run_dependencies/ament_cmake_cpplint
[1.112s] -- Installing: /home/lfvmu/kobuki/install/share/ament_index/resource_index/parent_prefix_path/ament_cmake_cpplint
[1.112s] -- Installing: /home/lfvmu/kobuki/install/share/ament_cmake_cpplint/environment/ament_prefix_path.sh
[1.113s] -- Installing: /home/lfvmu/kobuki/install/share/ament_cmake_cpplint/environment/ament_prefix_path.dsv
[1.113s] -- Installing: /home/lfvmu/kobuki/install/share/ament_cmake_cpplint/environment/path.sh
[1.113s] -- Installing: /home/lfvmu/kobuki/install/share/ament_cmake_cpplint/environment/path.dsv
[1.114s] -- Installing: /home/lfvmu/kobuki/install/share/ament_cmake_cpplint/local_setup.bash
[1.114s] -- Installing: /home/lfvmu/kobuki/install/share/ament_cmake_cpplint/local_setup.sh
[1.115s] -- Installing: /home/lfvmu/kobuki/install/share/ament_cmake_cpplint/local_setup.zsh
[1.115s] -- Installing: /home/lfvmu/kobuki/install/share/ament_cmake_cpplint/local_setup.dsv
[1.115s] -- Installing: /home/lfvmu/kobuki/install/share/ament_cmake_cpplint/package.dsv
[1.116s] -- Installing: /home/lfvmu/kobuki/install/share/ament_index/resource_index/packages/ament_cmake_cpplint
[1.117s] -- Installing: /home/lfvmu/kobuki/install/share/ament_cmake_cpplint/cmake/ament_cmake_cpplint-extras.cmake
[1.117s] -- Installing: /home/lfvmu/kobuki/install/share/ament_cmake_cpplint/cmake/ament_cmake_cpplintConfig.cmake
[1.117s] -- Installing: /home/lfvmu/kobuki/install/share/ament_cmake_cpplint/cmake/ament_cmake_cpplintConfig-version.cmake
[1.118s] -- Installing: /home/lfvmu/kobuki/install/share/ament_cmake_cpplint/package.xml
[1.119s] -- Up-to-date: /home/lfvmu/kobuki/install/share/ament_cmake_cpplint/cmake
[1.119s] -- Installing: /home/lfvmu/kobuki/install/share/ament_cmake_cpplint/cmake/ament_cpplint.cmake
[1.119s] -- Installing: /home/lfvmu/kobuki/install/share/ament_cmake_cpplint/cmake/ament_cmake_cpplint_lint_hook.cmake
[1.134s] Invoked command in '/home/lfvmu/kobuki/build/ament_cmake_cpplint' returned '0': AMENT_PREFIX_PATH=/home/lfvmu/kobuki/install CMAKE_PREFIX_PATH=/home/lfvmu/kobuki/install PATH=/home/lfvmu/kobuki/install/bin:${PATH} PYTHONPATH=/home/lfvmu/kobuki/install/lib/python3.8/site-packages /usr/bin/cmake --install /home/lfvmu/kobuki/build/ament_cmake_cpplint
