[0.251s] Invoking command in '/home/lfvmu/kobuki/build/ecl_mpl': AMENT_PREFIX_PATH=/home/lfvmu/kobuki/install CMAKE_PREFIX_PATH=/home/lfvmu/kobuki/install LD_LIBRARY_PATH=/home/lfvmu/kobuki/install/lib PATH=/home/lfvmu/kobuki/install/bin:${PATH} PYTHONPATH=/home/lfvmu/kobuki/install/lib/python3.8/site-packages /usr/bin/cmake /home/lfvmu/kobuki/src/ecl_core/ecl_mpl -DBUILD_TESTING=OFF -DCMAKE_INSTALL_PREFIX=/home/lfvmu/kobuki/install
[0.462s] -- The C compiler identification is GNU 9.4.0
[0.668s] -- The CXX compiler identification is GNU 9.4.0
[0.668s] -- Check for working C compiler: /usr/bin/cc
[0.925s] -- Check for working C compiler: /usr/bin/cc -- works
[0.926s] -- Detecting C compiler ABI info
[1.124s] -- Detecting C compiler ABI info - done
[1.170s] -- Detecting C compile features
[1.171s] -- Detecting C compile features - done
[1.180s] -- Check for working CXX compiler: /usr/bin/c++
[1.431s] -- Check for working CXX compiler: /usr/bin/c++ -- works
[1.434s] -- Detecting CXX compiler ABI info
[1.693s] -- Detecting CXX compiler ABI info - done
[1.746s] -- Detecting CXX compile features
[1.747s] -- Detecting CXX compile features - done
[1.750s] -- Found ament_cmake_ros: 0.9.2 (/home/lfvmu/kobuki/install/share/ament_cmake_ros/cmake)
[1.795s] -- Found PythonInterp: /usr/bin/python3 (found suitable version "3.8.10", minimum required is "3") 
[1.795s] -- Using PYTHON_EXECUTABLE: /usr/bin/python3
[2.156s] -- Found ecl_build: 1.0.3 (/home/lfvmu/kobuki/install/share/ecl_build/cmake)
[2.338s] -- Configuring done
[2.350s] -- Generating done
[2.355s] -- Build files have been written to: /home/lfvmu/kobuki/build/ecl_mpl
[2.364s] Invoked command in '/home/lfvmu/kobuki/build/ecl_mpl' returned '0': AMENT_PREFIX_PATH=/home/lfvmu/kobuki/install CMAKE_PREFIX_PATH=/home/lfvmu/kobuki/install LD_LIBRARY_PATH=/home/lfvmu/kobuki/install/lib PATH=/home/lfvmu/kobuki/install/bin:${PATH} PYTHONPATH=/home/lfvmu/kobuki/install/lib/python3.8/site-packages /usr/bin/cmake /home/lfvmu/kobuki/src/ecl_core/ecl_mpl -DBUILD_TESTING=OFF -DCMAKE_INSTALL_PREFIX=/home/lfvmu/kobuki/install
[2.371s] Invoking command in '/home/lfvmu/kobuki/build/ecl_mpl': AMENT_PREFIX_PATH=/home/lfvmu/kobuki/install CMAKE_PREFIX_PATH=/home/lfvmu/kobuki/install LD_LIBRARY_PATH=/home/lfvmu/kobuki/install/lib PATH=/home/lfvmu/kobuki/install/bin:${PATH} PYTHONPATH=/home/lfvmu/kobuki/install/lib/python3.8/site-packages /usr/bin/cmake --build /home/lfvmu/kobuki/build/ecl_mpl -- -j4 -l4
[2.457s] Invoked command in '/home/lfvmu/kobuki/build/ecl_mpl' returned '0': AMENT_PREFIX_PATH=/home/lfvmu/kobuki/install CMAKE_PREFIX_PATH=/home/lfvmu/kobuki/install LD_LIBRARY_PATH=/home/lfvmu/kobuki/install/lib PATH=/home/lfvmu/kobuki/install/bin:${PATH} PYTHONPATH=/home/lfvmu/kobuki/install/lib/python3.8/site-packages /usr/bin/cmake --build /home/lfvmu/kobuki/build/ecl_mpl -- -j4 -l4
[2.514s] Invoking command in '/home/lfvmu/kobuki/build/ecl_mpl': AMENT_PREFIX_PATH=/home/lfvmu/kobuki/install CMAKE_PREFIX_PATH=/home/lfvmu/kobuki/install LD_LIBRARY_PATH=/home/lfvmu/kobuki/install/lib PATH=/home/lfvmu/kobuki/install/bin:${PATH} PYTHONPATH=/home/lfvmu/kobuki/install/lib/python3.8/site-packages /usr/bin/cmake --install /home/lfvmu/kobuki/build/ecl_mpl
[2.543s] -- Install configuration: ""
[2.543s] -- Installing: /home/lfvmu/kobuki/install/share/ament_index/resource_index/package_run_dependencies/ecl_mpl
[2.544s] -- Installing: /home/lfvmu/kobuki/install/share/ament_index/resource_index/parent_prefix_path/ecl_mpl
[2.544s] -- Installing: /home/lfvmu/kobuki/install/share/ecl_mpl/environment/ament_prefix_path.sh
[2.544s] -- Installing: /home/lfvmu/kobuki/install/share/ecl_mpl/environment/ament_prefix_path.dsv
[2.545s] -- Installing: /home/lfvmu/kobuki/install/share/ecl_mpl/environment/path.sh
[2.545s] -- Installing: /home/lfvmu/kobuki/install/share/ecl_mpl/environment/path.dsv
[2.546s] -- Installing: /home/lfvmu/kobuki/install/share/ecl_mpl/local_setup.bash
[2.546s] -- Installing: /home/lfvmu/kobuki/install/share/ecl_mpl/local_setup.sh
[2.546s] -- Installing: /home/lfvmu/kobuki/install/share/ecl_mpl/local_setup.zsh
[2.547s] -- Installing: /home/lfvmu/kobuki/install/share/ecl_mpl/local_setup.dsv
[2.547s] -- Installing: /home/lfvmu/kobuki/install/share/ecl_mpl/package.dsv
[2.547s] -- Installing: /home/lfvmu/kobuki/install/share/ament_index/resource_index/packages/ecl_mpl
[2.548s] -- Installing: /home/lfvmu/kobuki/install/share/ecl_mpl/cmake/ecl_mplExport.cmake
[2.548s] -- Installing: /home/lfvmu/kobuki/install/share/ecl_mpl/cmake/ament_cmake_export_targets-extras.cmake
[2.549s] -- Installing: /home/lfvmu/kobuki/install/share/ecl_mpl/cmake/ament_cmake_export_include_directories-extras.cmake
[2.549s] -- Installing: /home/lfvmu/kobuki/install/share/ecl_mpl/cmake/ecl_mplConfig.cmake
[2.549s] -- Installing: /home/lfvmu/kobuki/install/share/ecl_mpl/cmake/ecl_mplConfig-version.cmake
[2.550s] -- Installing: /home/lfvmu/kobuki/install/share/ecl_mpl/package.xml
[2.551s] -- Installing: /home/lfvmu/kobuki/install/include/ecl/mpl.hpp
[2.552s] -- Installing: /home/lfvmu/kobuki/install/include/ecl/mpl/bool.hpp
[2.552s] -- Installing: /home/lfvmu/kobuki/install/include/ecl/mpl/converters.hpp
[2.552s] -- Installing: /home/lfvmu/kobuki/install/include/ecl/mpl/enable_if.hpp
[2.553s] -- Installing: /home/lfvmu/kobuki/install/include/ecl/mpl/failed_object.hpp
[2.553s] -- Installing: /home/lfvmu/kobuki/install/include/ecl/mpl/if.hpp
[2.573s] Invoked command in '/home/lfvmu/kobuki/build/ecl_mpl' returned '0': AMENT_PREFIX_PATH=/home/lfvmu/kobuki/install CMAKE_PREFIX_PATH=/home/lfvmu/kobuki/install LD_LIBRARY_PATH=/home/lfvmu/kobuki/install/lib PATH=/home/lfvmu/kobuki/install/bin:${PATH} PYTHONPATH=/home/lfvmu/kobuki/install/lib/python3.8/site-packages /usr/bin/cmake --install /home/lfvmu/kobuki/build/ecl_mpl
