[0.202s] Invoking command in '/home/lfvmu/kobuki/build/ament_cmake_export_interfaces': AMENT_PREFIX_PATH=/home/lfvmu/kobuki/install CMAKE_PREFIX_PATH=/home/lfvmu/kobuki/install LD_LIBRARY_PATH=/home/lfvmu/kobuki/install/lib PATH=/home/lfvmu/kobuki/install/bin:${PATH} PYTHONPATH=/home/lfvmu/kobuki/install/lib/python3.8/site-packages /usr/bin/cmake /home/lfvmu/kobuki/src/ament_cmake/ament_cmake_export_interfaces -DBUILD_TESTING=OFF -DCMAKE_BUILD_TYPE=RelWithDebInfo -DCMAKE_INSTALL_PREFIX=/home/lfvmu/kobuki/install
[0.234s] -- Found ament_cmake_core: 0.9.11 (/home/lfvmu/kobuki/install/share/ament_cmake_core/cmake)
[0.271s] -- Using PYTHON_EXECUTABLE: /usr/bin/python3
[0.745s] -- Configuring done
[0.745s] -- Generating done
[0.746s] -- Build files have been written to: /home/lfvmu/kobuki/build/ament_cmake_export_interfaces
[0.797s] Invoked command in '/home/lfvmu/kobuki/build/ament_cmake_export_interfaces' returned '0': AMENT_PREFIX_PATH=/home/lfvmu/kobuki/install CMAKE_PREFIX_PATH=/home/lfvmu/kobuki/install LD_LIBRARY_PATH=/home/lfvmu/kobuki/install/lib PATH=/home/lfvmu/kobuki/install/bin:${PATH} PYTHONPATH=/home/lfvmu/kobuki/install/lib/python3.8/site-packages /usr/bin/cmake /home/lfvmu/kobuki/src/ament_cmake/ament_cmake_export_interfaces -DBUILD_TESTING=OFF -DCMAKE_BUILD_TYPE=RelWithDebInfo -DCMAKE_INSTALL_PREFIX=/home/lfvmu/kobuki/install
[0.803s] Invoking command in '/home/lfvmu/kobuki/build/ament_cmake_export_interfaces': AMENT_PREFIX_PATH=/home/lfvmu/kobuki/install CMAKE_PREFIX_PATH=/home/lfvmu/kobuki/install LD_LIBRARY_PATH=/home/lfvmu/kobuki/install/lib PATH=/home/lfvmu/kobuki/install/bin:${PATH} PYTHONPATH=/home/lfvmu/kobuki/install/lib/python3.8/site-packages /usr/bin/cmake --build /home/lfvmu/kobuki/build/ament_cmake_export_interfaces -- -j4 -l4
[1.171s] Invoked command in '/home/lfvmu/kobuki/build/ament_cmake_export_interfaces' returned '0': AMENT_PREFIX_PATH=/home/lfvmu/kobuki/install CMAKE_PREFIX_PATH=/home/lfvmu/kobuki/install LD_LIBRARY_PATH=/home/lfvmu/kobuki/install/lib PATH=/home/lfvmu/kobuki/install/bin:${PATH} PYTHONPATH=/home/lfvmu/kobuki/install/lib/python3.8/site-packages /usr/bin/cmake --build /home/lfvmu/kobuki/build/ament_cmake_export_interfaces -- -j4 -l4
[1.417s] Invoking command in '/home/lfvmu/kobuki/build/ament_cmake_export_interfaces': AMENT_PREFIX_PATH=/home/lfvmu/kobuki/install CMAKE_PREFIX_PATH=/home/lfvmu/kobuki/install LD_LIBRARY_PATH=/home/lfvmu/kobuki/install/lib PATH=/home/lfvmu/kobuki/install/bin:${PATH} PYTHONPATH=/home/lfvmu/kobuki/install/lib/python3.8/site-packages /usr/bin/cmake --install /home/lfvmu/kobuki/build/ament_cmake_export_interfaces
[1.434s] -- Install configuration: "RelWithDebInfo"
[1.435s] -- Up-to-date: /home/lfvmu/kobuki/install/share/ament_index/resource_index/package_run_dependencies/ament_cmake_export_interfaces
[1.435s] -- Up-to-date: /home/lfvmu/kobuki/install/share/ament_index/resource_index/parent_prefix_path/ament_cmake_export_interfaces
[1.436s] -- Up-to-date: /home/lfvmu/kobuki/install/share/ament_cmake_export_interfaces/environment/ament_prefix_path.sh
[1.436s] -- Installing: /home/lfvmu/kobuki/install/share/ament_cmake_export_interfaces/environment/ament_prefix_path.dsv
[1.436s] -- Up-to-date: /home/lfvmu/kobuki/install/share/ament_cmake_export_interfaces/environment/path.sh
[1.437s] -- Installing: /home/lfvmu/kobuki/install/share/ament_cmake_export_interfaces/environment/path.dsv
[1.437s] -- Up-to-date: /home/lfvmu/kobuki/install/share/ament_cmake_export_interfaces/local_setup.bash
[1.437s] -- Up-to-date: /home/lfvmu/kobuki/install/share/ament_cmake_export_interfaces/local_setup.sh
[1.437s] -- Up-to-date: /home/lfvmu/kobuki/install/share/ament_cmake_export_interfaces/local_setup.zsh
[1.438s] -- Installing: /home/lfvmu/kobuki/install/share/ament_cmake_export_interfaces/local_setup.dsv
[1.438s] -- Installing: /home/lfvmu/kobuki/install/share/ament_cmake_export_interfaces/package.dsv
[1.439s] -- Up-to-date: /home/lfvmu/kobuki/install/share/ament_index/resource_index/packages/ament_cmake_export_interfaces
[1.439s] -- Up-to-date: /home/lfvmu/kobuki/install/share/ament_cmake_export_interfaces/cmake/ament_cmake_export_interfaces-extras.cmake
[1.439s] -- Up-to-date: /home/lfvmu/kobuki/install/share/ament_cmake_export_interfaces/cmake/ament_cmake_export_interfacesConfig.cmake
[1.440s] -- Up-to-date: /home/lfvmu/kobuki/install/share/ament_cmake_export_interfaces/cmake/ament_cmake_export_interfacesConfig-version.cmake
[1.440s] -- Up-to-date: /home/lfvmu/kobuki/install/share/ament_cmake_export_interfaces/package.xml
[1.441s] -- Up-to-date: /home/lfvmu/kobuki/install/share/ament_cmake_export_interfaces/cmake
[1.441s] -- Up-to-date: /home/lfvmu/kobuki/install/share/ament_cmake_export_interfaces/cmake/ament_export_interfaces.cmake
[1.441s] -- Up-to-date: /home/lfvmu/kobuki/install/share/ament_cmake_export_interfaces/cmake/ament_cmake_export_interfaces_package_hook.cmake
[1.442s] -- Up-to-date: /home/lfvmu/kobuki/install/share/ament_cmake_export_interfaces/cmake/ament_cmake_export_interfaces-extras.cmake.in
[1.454s] Invoked command in '/home/lfvmu/kobuki/build/ament_cmake_export_interfaces' returned '0': AMENT_PREFIX_PATH=/home/lfvmu/kobuki/install CMAKE_PREFIX_PATH=/home/lfvmu/kobuki/install LD_LIBRARY_PATH=/home/lfvmu/kobuki/install/lib PATH=/home/lfvmu/kobuki/install/bin:${PATH} PYTHONPATH=/home/lfvmu/kobuki/install/lib/python3.8/site-packages /usr/bin/cmake --install /home/lfvmu/kobuki/build/ament_cmake_export_interfaces
