[0.567s] Invoking command in '/home/lfvmu/kobuki/build/ecl_build': /usr/bin/cmake /home/lfvmu/kobuki/src/ecl_tools/ecl_build -DBUILD_TESTING=OFF --no-warn-unused-cli -DCMAKE_INSTALL_PREFIX=/home/lfvmu/kobuki/install
[0.597s] Not searching for unused variables given on the command line.
[0.620s] -- Found ament_cmake: 0.9.11 (/home/lfvmu/kobuki/install/share/ament_cmake/cmake)
[0.681s] -- Using PYTHON_EXECUTABLE: /usr/bin/python3
[1.172s] -- Configuring done
[1.180s] -- Generating done
[1.184s] -- Build files have been written to: /home/lfvmu/kobuki/build/ecl_build
[1.430s] Invoked command in '/home/lfvmu/kobuki/build/ecl_build' returned '0': /usr/bin/cmake /home/lfvmu/kobuki/src/ecl_tools/ecl_build -DBUILD_TESTING=OFF --no-warn-unused-cli -DCMAKE_INSTALL_PREFIX=/home/lfvmu/kobuki/install
[1.437s] Invoking command in '/home/lfvmu/kobuki/build/ecl_build': /usr/bin/cmake --build /home/lfvmu/kobuki/build/ecl_build -- -j4 -l4
[1.537s] Invoked command in '/home/lfvmu/kobuki/build/ecl_build' returned '0': /usr/bin/cmake --build /home/lfvmu/kobuki/build/ecl_build -- -j4 -l4
[1.755s] Invoking command in '/home/lfvmu/kobuki/build/ecl_build': /usr/bin/cmake --install /home/lfvmu/kobuki/build/ecl_build
[1.791s] -- Install configuration: "RelWithDebInfo"
[1.792s] -- Up-to-date: /home/lfvmu/kobuki/install/share/ament_index/resource_index/package_run_dependencies/ecl_build
[1.793s] -- Up-to-date: /home/lfvmu/kobuki/install/share/ament_index/resource_index/parent_prefix_path/ecl_build
[1.793s] -- Up-to-date: /home/lfvmu/kobuki/install/share/ecl_build/environment/ament_prefix_path.sh
[1.794s] -- Installing: /home/lfvmu/kobuki/install/share/ecl_build/environment/ament_prefix_path.dsv
[1.794s] -- Up-to-date: /home/lfvmu/kobuki/install/share/ecl_build/environment/path.sh
[1.794s] -- Installing: /home/lfvmu/kobuki/install/share/ecl_build/environment/path.dsv
[1.795s] -- Up-to-date: /home/lfvmu/kobuki/install/share/ecl_build/local_setup.bash
[1.795s] -- Up-to-date: /home/lfvmu/kobuki/install/share/ecl_build/local_setup.sh
[1.795s] -- Up-to-date: /home/lfvmu/kobuki/install/share/ecl_build/local_setup.zsh
[1.795s] -- Installing: /home/lfvmu/kobuki/install/share/ecl_build/local_setup.dsv
[1.796s] -- Installing: /home/lfvmu/kobuki/install/share/ecl_build/package.dsv
[1.796s] -- Up-to-date: /home/lfvmu/kobuki/install/share/ament_index/resource_index/packages/ecl_build
[1.796s] -- Up-to-date: /home/lfvmu/kobuki/install/share/ecl_build/cmake/ecl_platform_detection.cmake
[1.796s] -- Up-to-date: /home/lfvmu/kobuki/install/share/ecl_build/cmake/ecl_package.cmake
[1.796s] -- Up-to-date: /home/lfvmu/kobuki/install/share/ecl_build/cmake/ecl_find_sse.cmake
[1.797s] -- Up-to-date: /home/lfvmu/kobuki/install/share/ecl_build/cmake/ecl_build_utilities.cmake
[1.798s] -- Up-to-date: /home/lfvmu/kobuki/install/share/ecl_build/cmake/ecl_cxx.cmake
[1.798s] -- Up-to-date: /home/lfvmu/kobuki/install/share/ecl_build/cmake/cotire.cmake
[1.798s] -- Up-to-date: /home/lfvmu/kobuki/install/share/ecl_build/cmake/ecl_buildConfig.cmake
[1.798s] -- Up-to-date: /home/lfvmu/kobuki/install/share/ecl_build/cmake/ecl_buildConfig-version.cmake
[1.798s] -- Up-to-date: /home/lfvmu/kobuki/install/share/ecl_build/package.xml
[1.799s] -- Up-to-date: /home/lfvmu/kobuki/install/share/cmake
[1.799s] -- Up-to-date: /home/lfvmu/kobuki/install/share/cmake/cotire.cmake
[1.799s] -- Up-to-date: /home/lfvmu/kobuki/install/share/cmake/ecl_build_utilities.cmake
[1.799s] -- Up-to-date: /home/lfvmu/kobuki/install/share/cmake/ecl_cxx.cmake
[1.799s] -- Up-to-date: /home/lfvmu/kobuki/install/share/cmake/ecl_package.cmake
[1.799s] -- Up-to-date: /home/lfvmu/kobuki/install/share/cmake/ecl_find_sse.cmake
[1.800s] -- Up-to-date: /home/lfvmu/kobuki/install/share/cmake/templates
[1.800s] -- Up-to-date: /home/lfvmu/kobuki/install/share/cmake/templates/uninstall.cmake.in
[1.800s] -- Up-to-date: /home/lfvmu/kobuki/install/share/cmake/ecl_platform_detection.cmake
[1.800s] -- Up-to-date: /home/lfvmu/kobuki/install/share/cmake/tests
[1.800s] -- Up-to-date: /home/lfvmu/kobuki/install/share/cmake/tests/is_char_signed.cpp
[1.822s] Invoked command in '/home/lfvmu/kobuki/build/ecl_build' returned '0': /usr/bin/cmake --install /home/lfvmu/kobuki/build/ecl_build
