[0.303s] Invoking command in '/home/lfvmu/kobuki/build/ecl_formatters': /usr/bin/cmake /home/lfvmu/kobuki/src/ecl_core/ecl_formatters -DBUILD_TESTING=OFF -DCMAKE_INSTALL_PREFIX=/home/lfvmu/kobuki/install
[0.326s] Re-run cmake no build system arguments
[0.358s] -- Found ament_cmake_ros: 0.9.2 (/home/lfvmu/kobuki/install/share/ament_cmake_ros/cmake)
[0.411s] -- Using PYTHON_EXECUTABLE: /usr/bin/python3
[0.778s] -- Found ecl_build: 1.0.3 (/home/lfvmu/kobuki/install/share/ecl_build/cmake)
[0.778s] -- Found ecl_config: 1.1.0 (/home/lfvmu/kobuki/install/share/ecl_config/cmake)
[0.778s] -- Found ecl_converters: 1.2.1 (/home/lfvmu/kobuki/install/share/ecl_converters/cmake)
[0.992s] -- Configuring done
[1.041s] -- Generating done
[1.051s] -- Build files have been written to: /home/lfvmu/kobuki/build/ecl_formatters
[1.090s] Invoked command in '/home/lfvmu/kobuki/build/ecl_formatters' returned '0': /usr/bin/cmake /home/lfvmu/kobuki/src/ecl_core/ecl_formatters -DBUILD_TESTING=OFF -DCMAKE_INSTALL_PREFIX=/home/lfvmu/kobuki/install
[1.097s] Invoking command in '/home/lfvmu/kobuki/build/ecl_formatters': /usr/bin/cmake --build /home/lfvmu/kobuki/build/ecl_formatters -- -j4 -l4
[1.149s] /usr/bin/cmake -S/home/lfvmu/kobuki/src/ecl_core/ecl_formatters -B/home/lfvmu/kobuki/build/ecl_formatters --check-build-system CMakeFiles/Makefile.cmake 0
[1.188s] /usr/bin/cmake -E cmake_progress_start /home/lfvmu/kobuki/build/ecl_formatters/CMakeFiles /home/lfvmu/kobuki/build/ecl_formatters/CMakeFiles/progress.marks
[1.207s] /usr/bin/make -f CMakeFiles/Makefile2 all
[1.207s] make[1]: Entering directory '/home/lfvmu/kobuki/build/ecl_formatters'
[1.207s] /usr/bin/make -f src/lib/CMakeFiles/ecl_formatters.dir/build.make src/lib/CMakeFiles/ecl_formatters.dir/depend
[1.208s] make[2]: Entering directory '/home/lfvmu/kobuki/build/ecl_formatters'
[1.208s] cd /home/lfvmu/kobuki/build/ecl_formatters && /usr/bin/cmake -E cmake_depends "Unix Makefiles" /home/lfvmu/kobuki/src/ecl_core/ecl_formatters /home/lfvmu/kobuki/src/ecl_core/ecl_formatters/src/lib /home/lfvmu/kobuki/build/ecl_formatters /home/lfvmu/kobuki/build/ecl_formatters/src/lib /home/lfvmu/kobuki/build/ecl_formatters/src/lib/CMakeFiles/ecl_formatters.dir/DependInfo.cmake --color=
[1.230s] make[2]: Leaving directory '/home/lfvmu/kobuki/build/ecl_formatters'
[1.230s] /usr/bin/make -f src/lib/CMakeFiles/ecl_formatters.dir/build.make src/lib/CMakeFiles/ecl_formatters.dir/build
[1.239s] make[2]: Entering directory '/home/lfvmu/kobuki/build/ecl_formatters'
[1.239s] make[2]: Nothing to be done for 'src/lib/CMakeFiles/ecl_formatters.dir/build'.
[1.240s] make[2]: Leaving directory '/home/lfvmu/kobuki/build/ecl_formatters'
[1.262s] [ 50%] Built target ecl_formatters
[1.263s] /usr/bin/make -f src/examples/CMakeFiles/ecl_demo_formatters.dir/build.make src/examples/CMakeFiles/ecl_demo_formatters.dir/depend
[1.263s] make[2]: Entering directory '/home/lfvmu/kobuki/build/ecl_formatters'
[1.263s] cd /home/lfvmu/kobuki/build/ecl_formatters && /usr/bin/cmake -E cmake_depends "Unix Makefiles" /home/lfvmu/kobuki/src/ecl_core/ecl_formatters /home/lfvmu/kobuki/src/ecl_core/ecl_formatters/src/examples /home/lfvmu/kobuki/build/ecl_formatters /home/lfvmu/kobuki/build/ecl_formatters/src/examples /home/lfvmu/kobuki/build/ecl_formatters/src/examples/CMakeFiles/ecl_demo_formatters.dir/DependInfo.cmake --color=
[1.296s] make[2]: Leaving directory '/home/lfvmu/kobuki/build/ecl_formatters'
[1.296s] /usr/bin/make -f src/examples/CMakeFiles/ecl_demo_formatters.dir/build.make src/examples/CMakeFiles/ecl_demo_formatters.dir/build
[1.296s] make[2]: Entering directory '/home/lfvmu/kobuki/build/ecl_formatters'
[1.297s] make[2]: Nothing to be done for 'src/examples/CMakeFiles/ecl_demo_formatters.dir/build'.
[1.297s] make[2]: Leaving directory '/home/lfvmu/kobuki/build/ecl_formatters'
[1.318s] [100%] Built target ecl_demo_formatters
[1.321s] make[1]: Leaving directory '/home/lfvmu/kobuki/build/ecl_formatters'
[1.322s] /usr/bin/cmake -E cmake_progress_start /home/lfvmu/kobuki/build/ecl_formatters/CMakeFiles 0
[1.364s] Invoked command in '/home/lfvmu/kobuki/build/ecl_formatters' returned '0': /usr/bin/cmake --build /home/lfvmu/kobuki/build/ecl_formatters -- -j4 -l4
[1.598s] Invoking command in '/home/lfvmu/kobuki/build/ecl_formatters': /usr/bin/cmake --install /home/lfvmu/kobuki/build/ecl_formatters
[1.633s] -- Install configuration: "RelWithDebInfo"
[1.634s] -- Up-to-date: /home/lfvmu/kobuki/install/share/ecl_formatters/environment/library_path.sh
[1.634s] -- Installing: /home/lfvmu/kobuki/install/share/ecl_formatters/environment/library_path.dsv
[1.635s] -- Up-to-date: /home/lfvmu/kobuki/install/share/ament_index/resource_index/package_run_dependencies/ecl_formatters
[1.635s] -- Up-to-date: /home/lfvmu/kobuki/install/share/ament_index/resource_index/parent_prefix_path/ecl_formatters
[1.635s] -- Up-to-date: /home/lfvmu/kobuki/install/share/ecl_formatters/environment/ament_prefix_path.sh
[1.636s] -- Installing: /home/lfvmu/kobuki/install/share/ecl_formatters/environment/ament_prefix_path.dsv
[1.636s] -- Up-to-date: /home/lfvmu/kobuki/install/share/ecl_formatters/environment/path.sh
[1.636s] -- Installing: /home/lfvmu/kobuki/install/share/ecl_formatters/environment/path.dsv
[1.636s] -- Up-to-date: /home/lfvmu/kobuki/install/share/ecl_formatters/local_setup.bash
[1.637s] -- Up-to-date: /home/lfvmu/kobuki/install/share/ecl_formatters/local_setup.sh
[1.637s] -- Up-to-date: /home/lfvmu/kobuki/install/share/ecl_formatters/local_setup.zsh
[1.637s] -- Installing: /home/lfvmu/kobuki/install/share/ecl_formatters/local_setup.dsv
[1.638s] -- Installing: /home/lfvmu/kobuki/install/share/ecl_formatters/package.dsv
[1.638s] -- Up-to-date: /home/lfvmu/kobuki/install/share/ament_index/resource_index/packages/ecl_formatters
[1.638s] -- Up-to-date: /home/lfvmu/kobuki/install/share/ecl_formatters/cmake/ecl_formattersExport.cmake
[1.646s] -- Installing: /home/lfvmu/kobuki/install/share/ecl_formatters/cmake/ecl_formattersExport-relwithdebinfo.cmake
[1.648s] -- Up-to-date: /home/lfvmu/kobuki/install/share/ecl_formatters/cmake/ament_cmake_export_targets-extras.cmake
[1.648s] -- Up-to-date: /home/lfvmu/kobuki/install/share/ecl_formatters/cmake/ament_cmake_export_include_directories-extras.cmake
[1.649s] -- Up-to-date: /home/lfvmu/kobuki/install/share/ecl_formatters/cmake/ament_cmake_export_libraries-extras.cmake
[1.649s] -- Up-to-date: /home/lfvmu/kobuki/install/share/ecl_formatters/cmake/ament_cmake_export_dependencies-extras.cmake
[1.649s] -- Up-to-date: /home/lfvmu/kobuki/install/share/ecl_formatters/cmake/ecl_formattersConfig.cmake
[1.650s] -- Up-to-date: /home/lfvmu/kobuki/install/share/ecl_formatters/cmake/ecl_formattersConfig-version.cmake
[1.650s] -- Up-to-date: /home/lfvmu/kobuki/install/share/ecl_formatters/package.xml
[1.651s] -- Up-to-date: /home/lfvmu/kobuki/install/include/ecl/formatters.hpp
[1.651s] -- Up-to-date: /home/lfvmu/kobuki/install/include/ecl/formatters/common.hpp
[1.652s] -- Up-to-date: /home/lfvmu/kobuki/install/include/ecl/formatters/floats.hpp
[1.652s] -- Up-to-date: /home/lfvmu/kobuki/install/include/ecl/formatters/macros.hpp
[1.652s] -- Up-to-date: /home/lfvmu/kobuki/install/include/ecl/formatters/number.hpp
[1.653s] -- Up-to-date: /home/lfvmu/kobuki/install/include/ecl/formatters/strings.hpp
[1.653s] -- Up-to-date: /home/lfvmu/kobuki/install/lib/libecl_formatters.so.1.2.1
[1.653s] -- Up-to-date: /home/lfvmu/kobuki/install/lib/libecl_formatters.so
[1.655s] -- Up-to-date: /home/lfvmu/kobuki/install/lib/ecl_formatters/demo_formatters
[1.676s] Invoked command in '/home/lfvmu/kobuki/build/ecl_formatters' returned '0': /usr/bin/cmake --install /home/lfvmu/kobuki/build/ecl_formatters
