[0.463s] Invoking command in '/home/lfvmu/kobuki/build/ecl_license': /usr/bin/cmake /home/lfvmu/kobuki/src/ecl_tools/ecl_license -DBUILD_TESTING=OFF -DCMAKE_BUILD_TYPE=RelWithDebInfo -DCMAKE_INSTALL_PREFIX=/home/lfvmu/kobuki/install
[0.523s] -- Found ament_cmake: 0.9.11 (/home/lfvmu/kobuki/install/share/ament_cmake/cmake)
[0.564s] -- Using PYTHON_EXECUTABLE: /usr/bin/python3
[1.081s] -- Configuring done
[1.088s] -- Generating done
[1.092s] -- Build files have been written to: /home/lfvmu/kobuki/build/ecl_license
[1.481s] Invoked command in '/home/lfvmu/kobuki/build/ecl_license' returned '0': /usr/bin/cmake /home/lfvmu/kobuki/src/ecl_tools/ecl_license -DBUILD_TESTING=OFF -DCMAKE_BUILD_TYPE=RelWithDebInfo -DCMAKE_INSTALL_PREFIX=/home/lfvmu/kobuki/install
[1.487s] Invoking command in '/home/lfvmu/kobuki/build/ecl_license': /usr/bin/cmake --build /home/lfvmu/kobuki/build/ecl_license -- -j4 -l4
[2.008s] Invoked command in '/home/lfvmu/kobuki/build/ecl_license' returned '0': /usr/bin/cmake --build /home/lfvmu/kobuki/build/ecl_license -- -j4 -l4
[2.335s] Invoking command in '/home/lfvmu/kobuki/build/ecl_license': /usr/bin/cmake --install /home/lfvmu/kobuki/build/ecl_license
[2.361s] -- Install configuration: "RelWithDebInfo"
[2.362s] -- Up-to-date: /home/lfvmu/kobuki/install/share/licenses
[2.362s] -- Up-to-date: /home/lfvmu/kobuki/install/share/licenses/COPYING
[2.362s] -- Up-to-date: /home/lfvmu/kobuki/install/share/licenses/AUTHORS
[2.363s] -- Up-to-date: /home/lfvmu/kobuki/install/share/licenses/COPYING-PLAIN
[2.363s] -- Up-to-date: /home/lfvmu/kobuki/install/share/ecl_license/environment/library_path.sh
[2.363s] -- Installing: /home/lfvmu/kobuki/install/share/ecl_license/environment/library_path.dsv
[2.363s] -- Up-to-date: /home/lfvmu/kobuki/install/share/ament_index/resource_index/package_run_dependencies/ecl_license
[2.364s] -- Up-to-date: /home/lfvmu/kobuki/install/share/ament_index/resource_index/parent_prefix_path/ecl_license
[2.364s] -- Up-to-date: /home/lfvmu/kobuki/install/share/ecl_license/environment/ament_prefix_path.sh
[2.364s] -- Installing: /home/lfvmu/kobuki/install/share/ecl_license/environment/ament_prefix_path.dsv
[2.364s] -- Up-to-date: /home/lfvmu/kobuki/install/share/ecl_license/environment/path.sh
[2.365s] -- Installing: /home/lfvmu/kobuki/install/share/ecl_license/environment/path.dsv
[2.365s] -- Up-to-date: /home/lfvmu/kobuki/install/share/ecl_license/local_setup.bash
[2.365s] -- Up-to-date: /home/lfvmu/kobuki/install/share/ecl_license/local_setup.sh
[2.365s] -- Up-to-date: /home/lfvmu/kobuki/install/share/ecl_license/local_setup.zsh
[2.366s] -- Installing: /home/lfvmu/kobuki/install/share/ecl_license/local_setup.dsv
[2.366s] -- Installing: /home/lfvmu/kobuki/install/share/ecl_license/package.dsv
[2.366s] -- Up-to-date: /home/lfvmu/kobuki/install/share/ament_index/resource_index/packages/ecl_license
[2.366s] -- Up-to-date: /home/lfvmu/kobuki/install/share/ecl_license/cmake/ament_cmake_export_libraries-extras.cmake
[2.367s] -- Up-to-date: /home/lfvmu/kobuki/install/share/ecl_license/cmake/ecl_licenseConfig.cmake
[2.367s] -- Up-to-date: /home/lfvmu/kobuki/install/share/ecl_license/cmake/ecl_licenseConfig-version.cmake
[2.367s] -- Up-to-date: /home/lfvmu/kobuki/install/share/ecl_license/package.xml
[2.375s] Invoked command in '/home/lfvmu/kobuki/build/ecl_license' returned '0': /usr/bin/cmake --install /home/lfvmu/kobuki/build/ecl_license
