[0.088s] Invoking command in '/home/lfvmu/kobuki/build/ament_cmake_pclint': /usr/bin/cmake /home/lfvmu/kobuki/src/ament_lint/ament_cmake_pclint -DBUILD_TESTING=OFF -DCMAKE_BUILD_TYPE=RelWithDebInfo -DCMAKE_INSTALL_PREFIX=/home/lfvmu/kobuki/install
[0.117s] -- Found ament_cmake_core: 0.9.11 (/home/lfvmu/kobuki/install/share/ament_cmake_core/cmake)
[0.164s] -- Using PYTHON_EXECUTABLE: /usr/bin/python3
[0.499s] -- Found ament_cmake_test: 0.9.11 (/home/lfvmu/kobuki/install/share/ament_cmake_test/cmake)
[0.633s] -- Configuring done
[0.640s] -- Generating done
[0.641s] -- Build files have been written to: /home/lfvmu/kobuki/build/ament_cmake_pclint
[0.656s] Invoked command in '/home/lfvmu/kobuki/build/ament_cmake_pclint' returned '0': /usr/bin/cmake /home/lfvmu/kobuki/src/ament_lint/ament_cmake_pclint -DBUILD_TESTING=OFF -DCMAKE_BUILD_TYPE=RelWithDebInfo -DCMAKE_INSTALL_PREFIX=/home/lfvmu/kobuki/install
[0.662s] Invoking command in '/home/lfvmu/kobuki/build/ament_cmake_pclint': /usr/bin/cmake --build /home/lfvmu/kobuki/build/ament_cmake_pclint -- -j4 -l4
[0.912s] Invoked command in '/home/lfvmu/kobuki/build/ament_cmake_pclint' returned '0': /usr/bin/cmake --build /home/lfvmu/kobuki/build/ament_cmake_pclint -- -j4 -l4
[1.250s] Invoking command in '/home/lfvmu/kobuki/build/ament_cmake_pclint': /usr/bin/cmake --install /home/lfvmu/kobuki/build/ament_cmake_pclint
[1.349s] -- Install configuration: "RelWithDebInfo"
[1.350s] -- Up-to-date: /home/lfvmu/kobuki/install/share/ament_index/resource_index/package_run_dependencies/ament_cmake_pclint
[1.350s] -- Up-to-date: /home/lfvmu/kobuki/install/share/ament_index/resource_index/parent_prefix_path/ament_cmake_pclint
[1.351s] -- Up-to-date: /home/lfvmu/kobuki/install/share/ament_cmake_pclint/environment/ament_prefix_path.sh
[1.351s] -- Installing: /home/lfvmu/kobuki/install/share/ament_cmake_pclint/environment/ament_prefix_path.dsv
[1.351s] -- Up-to-date: /home/lfvmu/kobuki/install/share/ament_cmake_pclint/environment/path.sh
[1.351s] -- Installing: /home/lfvmu/kobuki/install/share/ament_cmake_pclint/environment/path.dsv
[1.352s] -- Up-to-date: /home/lfvmu/kobuki/install/share/ament_cmake_pclint/local_setup.bash
[1.352s] -- Up-to-date: /home/lfvmu/kobuki/install/share/ament_cmake_pclint/local_setup.sh
[1.352s] -- Up-to-date: /home/lfvmu/kobuki/install/share/ament_cmake_pclint/local_setup.zsh
[1.352s] -- Installing: /home/lfvmu/kobuki/install/share/ament_cmake_pclint/local_setup.dsv
[1.352s] -- Installing: /home/lfvmu/kobuki/install/share/ament_cmake_pclint/package.dsv
[1.353s] -- Up-to-date: /home/lfvmu/kobuki/install/share/ament_index/resource_index/packages/ament_cmake_pclint
[1.353s] -- Up-to-date: /home/lfvmu/kobuki/install/share/ament_cmake_pclint/cmake/ament_cmake_pclint-extras.cmake
[1.353s] -- Up-to-date: /home/lfvmu/kobuki/install/share/ament_cmake_pclint/cmake/ament_cmake_pclintConfig.cmake
[1.353s] -- Up-to-date: /home/lfvmu/kobuki/install/share/ament_cmake_pclint/cmake/ament_cmake_pclintConfig-version.cmake
[1.354s] -- Up-to-date: /home/lfvmu/kobuki/install/share/ament_cmake_pclint/package.xml
[1.354s] -- Up-to-date: /home/lfvmu/kobuki/install/share/ament_cmake_pclint/cmake
[1.354s] -- Up-to-date: /home/lfvmu/kobuki/install/share/ament_cmake_pclint/cmake/ament_cmake_pclint_lint_hook.cmake
[1.354s] -- Up-to-date: /home/lfvmu/kobuki/install/share/ament_cmake_pclint/cmake/ament_pclint.cmake
[1.565s] Invoked command in '/home/lfvmu/kobuki/build/ament_cmake_pclint' returned '0': /usr/bin/cmake --install /home/lfvmu/kobuki/build/ament_cmake_pclint
