[0.668s] Invoking command in '/home/lfvmu/kobuki/build/eigen': /usr/bin/cmake /home/lfvmu/kobuki/src/eigen -DBUILD_TESTING=OFF --no-warn-unused-cli -DBUILD_TESTING=OFF -DEIGEN_TEST_NOQT=ON -DCMAKE_INSTALL_PREFIX=/home/lfvmu/kobuki/install
[0.686s] Not searching for unused variables given on the command line.
[0.738s] -- Performing Test COMPILER_SUPPORT_std=cpp03
[0.939s] -- Performing Test COMPILER_SUPPORT_std=cpp03 - Success
[0.940s] -- Standard libraries to link to explicitly: none
[4.244s] -- Could NOT find CHOLMOD (missing: CHOLMOD_INCLUDES CHOLMOD_LIBRARIES) 
[4.259s] -- Could NOT find UMFPACK (missing: UMFPACK_INCLUDES UMFPACK_LIBRARIES) 
[4.281s] -- A version of Pastix has been found but pastix_nompi.h does not exist in the include directory. Because Eigen tests require a version without MPI, we disable the Pastix backend.
[4.287s] -- 
[4.304s] -- Configured Eigen 3.3.9
[4.304s] -- 
[4.305s] -- Some things you can do now:
[4.305s] -- --------------+--------------------------------------------------------------
[4.305s] -- Command       |   Description
[4.305s] -- --------------+--------------------------------------------------------------
[4.305s] -- make install  | Install Eigen. Headers will be installed to:
[4.306s] --               |     <CMAKE_INSTALL_PREFIX>/<INCLUDE_INSTALL_DIR>
[4.306s] --               |   Using the following values:
[4.306s] --               |     CMAKE_INSTALL_PREFIX: /home/lfvmu/kobuki/install
[4.306s] --               |     INCLUDE_INSTALL_DIR:  include/eigen3
[4.307s] --               |   Change the install location of Eigen headers using:
[4.307s] --               |     cmake . -DCMAKE_INSTALL_PREFIX=yourprefix
[4.307s] --               |   Or:
[4.307s] --               |     cmake . -DINCLUDE_INSTALL_DIR=yourdir
[4.308s] -- make doc      | Generate the API documentation, requires Doxygen & LaTeX
[4.308s] -- make check    | Build and run the unit-tests. Read this page:
[4.308s] --               |   http://eigen.tuxfamily.org/index.php?title=Tests
[4.308s] -- make blas     | Build BLAS library (not the same thing as Eigen)
[4.308s] -- make uninstall| Removes files installed by make install
[4.309s] -- --------------+--------------------------------------------------------------
[4.309s] -- 
[4.320s] -- Configuring done
[6.295s] -- Generating done
[6.505s] -- Build files have been written to: /home/lfvmu/kobuki/build/eigen
[6.654s] Invoked command in '/home/lfvmu/kobuki/build/eigen' returned '0': /usr/bin/cmake /home/lfvmu/kobuki/src/eigen -DBUILD_TESTING=OFF --no-warn-unused-cli -DBUILD_TESTING=OFF -DEIGEN_TEST_NOQT=ON -DCMAKE_INSTALL_PREFIX=/home/lfvmu/kobuki/install
[6.660s] Invoking command in '/home/lfvmu/kobuki/build/eigen': /usr/bin/cmake --build /home/lfvmu/kobuki/build/eigen -- -j4 -l4
[7.051s] Invoked command in '/home/lfvmu/kobuki/build/eigen' returned '0': /usr/bin/cmake --build /home/lfvmu/kobuki/build/eigen -- -j4 -l4
[7.582s] Invoking command in '/home/lfvmu/kobuki/build/eigen': /usr/bin/cmake --install /home/lfvmu/kobuki/build/eigen
[7.615s] -- Install configuration: "RelWithDebInfo"
[7.616s] -- Up-to-date: /home/lfvmu/kobuki/install/include/eigen3/signature_of_eigen3_matrix_library
[7.617s] -- Up-to-date: /home/lfvmu/kobuki/install/share/pkgconfig/eigen3.pc
[7.617s] -- Up-to-date: /home/lfvmu/kobuki/install/share/eigen3/cmake/Eigen3Targets.cmake
[7.617s] -- Up-to-date: /home/lfvmu/kobuki/install/share/eigen3/cmake/UseEigen3.cmake
[7.618s] -- Up-to-date: /home/lfvmu/kobuki/install/share/eigen3/cmake/Eigen3Config.cmake
[7.618s] -- Up-to-date: /home/lfvmu/kobuki/install/share/eigen3/cmake/Eigen3ConfigVersion.cmake
[7.618s] -- Up-to-date: /home/lfvmu/kobuki/install/include/eigen3/Eigen/Cholesky
[7.618s] -- Up-to-date: /home/lfvmu/kobuki/install/include/eigen3/Eigen/CholmodSupport
[7.618s] -- Up-to-date: /home/lfvmu/kobuki/install/include/eigen3/Eigen/Core
[7.619s] -- Up-to-date: /home/lfvmu/kobuki/install/include/eigen3/Eigen/Dense
[7.619s] -- Up-to-date: /home/lfvmu/kobuki/install/include/eigen3/Eigen/Eigen
[7.619s] -- Up-to-date: /home/lfvmu/kobuki/install/include/eigen3/Eigen/Eigenvalues
[7.625s] -- Up-to-date: /home/lfvmu/kobuki/install/include/eigen3/Eigen/Geometry
[7.625s] -- Up-to-date: /home/lfvmu/kobuki/install/include/eigen3/Eigen/Householder
[7.625s] -- Up-to-date: /home/lfvmu/kobuki/install/include/eigen3/Eigen/IterativeLinearSolvers
[7.626s] -- Up-to-date: /home/lfvmu/kobuki/install/include/eigen3/Eigen/Jacobi
[7.626s] -- Up-to-date: /home/lfvmu/kobuki/install/include/eigen3/Eigen/LU
[7.626s] -- Up-to-date: /home/lfvmu/kobuki/install/include/eigen3/Eigen/MetisSupport
[7.626s] -- Up-to-date: /home/lfvmu/kobuki/install/include/eigen3/Eigen/OrderingMethods
[7.627s] -- Up-to-date: /home/lfvmu/kobuki/install/include/eigen3/Eigen/PaStiXSupport
[7.627s] -- Up-to-date: /home/lfvmu/kobuki/install/include/eigen3/Eigen/PardisoSupport
[7.627s] -- Up-to-date: /home/lfvmu/kobuki/install/include/eigen3/Eigen/QR
[7.627s] -- Up-to-date: /home/lfvmu/kobuki/install/include/eigen3/Eigen/QtAlignedMalloc
[7.628s] -- Up-to-date: /home/lfvmu/kobuki/install/include/eigen3/Eigen/SPQRSupport
[7.628s] -- Up-to-date: /home/lfvmu/kobuki/install/include/eigen3/Eigen/SVD
[7.628s] -- Up-to-date: /home/lfvmu/kobuki/install/include/eigen3/Eigen/Sparse
[7.628s] -- Up-to-date: /home/lfvmu/kobuki/install/include/eigen3/Eigen/SparseCholesky
[7.628s] -- Up-to-date: /home/lfvmu/kobuki/install/include/eigen3/Eigen/SparseCore
[7.629s] -- Up-to-date: /home/lfvmu/kobuki/install/include/eigen3/Eigen/SparseLU
[7.635s] -- Up-to-date: /home/lfvmu/kobuki/install/include/eigen3/Eigen/SparseQR
[7.642s] -- Up-to-date: /home/lfvmu/kobuki/install/include/eigen3/Eigen/StdDeque
[7.642s] -- Up-to-date: /home/lfvmu/kobuki/install/include/eigen3/Eigen/StdList
[7.643s] -- Up-to-date: /home/lfvmu/kobuki/install/include/eigen3/Eigen/StdVector
[7.643s] -- Up-to-date: /home/lfvmu/kobuki/install/include/eigen3/Eigen/SuperLUSupport
[7.643s] -- Up-to-date: /home/lfvmu/kobuki/install/include/eigen3/Eigen/UmfPackSupport
[7.643s] -- Up-to-date: /home/lfvmu/kobuki/install/include/eigen3/Eigen/src
[7.643s] -- Up-to-date: /home/lfvmu/kobuki/install/include/eigen3/Eigen/src/OrderingMethods
[7.644s] -- Up-to-date: /home/lfvmu/kobuki/install/include/eigen3/Eigen/src/OrderingMethods/Eigen_Colamd.h
[7.644s] -- Up-to-date: /home/lfvmu/kobuki/install/include/eigen3/Eigen/src/OrderingMethods/Ordering.h
[7.644s] -- Up-to-date: /home/lfvmu/kobuki/install/include/eigen3/Eigen/src/OrderingMethods/Amd.h
[7.644s] -- Up-to-date: /home/lfvmu/kobuki/install/include/eigen3/Eigen/src/UmfPackSupport
[7.645s] -- Up-to-date: /home/lfvmu/kobuki/install/include/eigen3/Eigen/src/UmfPackSupport/UmfPackSupport.h
[7.645s] -- Up-to-date: /home/lfvmu/kobuki/install/include/eigen3/Eigen/src/LU
[7.645s] -- Up-to-date: /home/lfvmu/kobuki/install/include/eigen3/Eigen/src/LU/PartialPivLU.h
[7.645s] -- Up-to-date: /home/lfvmu/kobuki/install/include/eigen3/Eigen/src/LU/InverseImpl.h
[7.645s] -- Up-to-date: /home/lfvmu/kobuki/install/include/eigen3/Eigen/src/LU/Determinant.h
[7.646s] -- Up-to-date: /home/lfvmu/kobuki/install/include/eigen3/Eigen/src/LU/FullPivLU.h
[7.646s] -- Up-to-date: /home/lfvmu/kobuki/install/include/eigen3/Eigen/src/LU/arch
[7.646s] -- Up-to-date: /home/lfvmu/kobuki/install/include/eigen3/Eigen/src/LU/arch/Inverse_SSE.h
[7.646s] -- Up-to-date: /home/lfvmu/kobuki/install/include/eigen3/Eigen/src/LU/PartialPivLU_LAPACKE.h
[7.647s] -- Up-to-date: /home/lfvmu/kobuki/install/include/eigen3/Eigen/src/SparseCholesky
[7.647s] -- Up-to-date: /home/lfvmu/kobuki/install/include/eigen3/Eigen/src/SparseCholesky/SimplicialCholesky_impl.h
[7.647s] -- Up-to-date: /home/lfvmu/kobuki/install/include/eigen3/Eigen/src/SparseCholesky/SimplicialCholesky.h
[7.647s] -- Up-to-date: /home/lfvmu/kobuki/install/include/eigen3/Eigen/src/Householder
[7.648s] -- Up-to-date: /home/lfvmu/kobuki/install/include/eigen3/Eigen/src/Householder/HouseholderSequence.h
[7.648s] -- Up-to-date: /home/lfvmu/kobuki/install/include/eigen3/Eigen/src/Householder/Householder.h
[7.648s] -- Up-to-date: /home/lfvmu/kobuki/install/include/eigen3/Eigen/src/Householder/BlockHouseholder.h
[7.648s] -- Up-to-date: /home/lfvmu/kobuki/install/include/eigen3/Eigen/src/SparseQR
[7.652s] -- Up-to-date: /home/lfvmu/kobuki/install/include/eigen3/Eigen/src/SparseQR/SparseQR.h
[7.653s] -- Up-to-date: /home/lfvmu/kobuki/install/include/eigen3/Eigen/src/SparseCore
[7.653s] -- Up-to-date: /home/lfvmu/kobuki/install/include/eigen3/Eigen/src/SparseCore/SparseSelfAdjointView.h
[7.653s] -- Up-to-date: /home/lfvmu/kobuki/install/include/eigen3/Eigen/src/SparseCore/SparseAssign.h
[7.653s] -- Up-to-date: /home/lfvmu/kobuki/install/include/eigen3/Eigen/src/SparseCore/SparseView.h
[7.654s] -- Up-to-date: /home/lfvmu/kobuki/install/include/eigen3/Eigen/src/SparseCore/SparseBlock.h
[7.654s] -- Up-to-date: /home/lfvmu/kobuki/install/include/eigen3/Eigen/src/SparseCore/MappedSparseMatrix.h
[7.654s] -- Up-to-date: /home/lfvmu/kobuki/install/include/eigen3/Eigen/src/SparseCore/AmbiVector.h
[7.654s] -- Up-to-date: /home/lfvmu/kobuki/install/include/eigen3/Eigen/src/SparseCore/ConservativeSparseSparseProduct.h
[7.655s] -- Up-to-date: /home/lfvmu/kobuki/install/include/eigen3/Eigen/src/SparseCore/SparseTranspose.h
[7.655s] -- Up-to-date: /home/lfvmu/kobuki/install/include/eigen3/Eigen/src/SparseCore/SparseUtil.h
[7.655s] -- Up-to-date: /home/lfvmu/kobuki/install/include/eigen3/Eigen/src/SparseCore/SparseFuzzy.h
[7.655s] -- Up-to-date: /home/lfvmu/kobuki/install/include/eigen3/Eigen/src/SparseCore/SparseDiagonalProduct.h
[7.655s] -- Up-to-date: /home/lfvmu/kobuki/install/include/eigen3/Eigen/src/SparseCore/SparseCompressedBase.h
[7.656s] -- Up-to-date: /home/lfvmu/kobuki/install/include/eigen3/Eigen/src/SparseCore/SparseMatrixBase.h
[7.656s] -- Up-to-date: /home/lfvmu/kobuki/install/include/eigen3/Eigen/src/SparseCore/SparseMatrix.h
[7.656s] -- Up-to-date: /home/lfvmu/kobuki/install/include/eigen3/Eigen/src/SparseCore/SparseRef.h
[7.656s] -- Up-to-date: /home/lfvmu/kobuki/install/include/eigen3/Eigen/src/SparseCore/SparseDenseProduct.h
[7.657s] -- Up-to-date: /home/lfvmu/kobuki/install/include/eigen3/Eigen/src/SparseCore/SparseCwiseBinaryOp.h
[7.657s] -- Up-to-date: /home/lfvmu/kobuki/install/include/eigen3/Eigen/src/SparseCore/SparseTriangularView.h
[7.657s] -- Up-to-date: /home/lfvmu/kobuki/install/include/eigen3/Eigen/src/SparseCore/SparseVector.h
[7.657s] -- Up-to-date: /home/lfvmu/kobuki/install/include/eigen3/Eigen/src/SparseCore/SparseSolverBase.h
[7.658s] -- Up-to-date: /home/lfvmu/kobuki/install/include/eigen3/Eigen/src/SparseCore/SparseRedux.h
[7.658s] -- Up-to-date: /home/lfvmu/kobuki/install/include/eigen3/Eigen/src/SparseCore/SparseColEtree.h
[7.658s] -- Up-to-date: /home/lfvmu/kobuki/install/include/eigen3/Eigen/src/SparseCore/SparseDot.h
[7.658s] -- Up-to-date: /home/lfvmu/kobuki/install/include/eigen3/Eigen/src/SparseCore/CompressedStorage.h
[7.659s] -- Up-to-date: /home/lfvmu/kobuki/install/include/eigen3/Eigen/src/SparseCore/SparsePermutation.h
[7.659s] -- Up-to-date: /home/lfvmu/kobuki/install/include/eigen3/Eigen/src/SparseCore/SparseMap.h
[7.659s] -- Up-to-date: /home/lfvmu/kobuki/install/include/eigen3/Eigen/src/SparseCore/TriangularSolver.h
[7.659s] -- Up-to-date: /home/lfvmu/kobuki/install/include/eigen3/Eigen/src/SparseCore/SparseSparseProductWithPruning.h
[7.659s] -- Up-to-date: /home/lfvmu/kobuki/install/include/eigen3/Eigen/src/SparseCore/SparseProduct.h
[7.659s] -- Up-to-date: /home/lfvmu/kobuki/install/include/eigen3/Eigen/src/SparseCore/SparseCwiseUnaryOp.h
[7.660s] -- Up-to-date: /home/lfvmu/kobuki/install/include/eigen3/Eigen/src/Geometry
[7.660s] -- Up-to-date: /home/lfvmu/kobuki/install/include/eigen3/Eigen/src/Geometry/EulerAngles.h
[7.660s] -- Up-to-date: /home/lfvmu/kobuki/install/include/eigen3/Eigen/src/Geometry/Rotation2D.h
[7.660s] -- Up-to-date: /home/lfvmu/kobuki/install/include/eigen3/Eigen/src/Geometry/ParametrizedLine.h
[7.660s] -- Up-to-date: /home/lfvmu/kobuki/install/include/eigen3/Eigen/src/Geometry/Quaternion.h
[7.661s] -- Up-to-date: /home/lfvmu/kobuki/install/include/eigen3/Eigen/src/Geometry/Translation.h
[7.661s] -- Up-to-date: /home/lfvmu/kobuki/install/include/eigen3/Eigen/src/Geometry/AngleAxis.h
[7.661s] -- Up-to-date: /home/lfvmu/kobuki/install/include/eigen3/Eigen/src/Geometry/Homogeneous.h
[7.662s] -- Up-to-date: /home/lfvmu/kobuki/install/include/eigen3/Eigen/src/Geometry/AlignedBox.h
[7.662s] -- Up-to-date: /home/lfvmu/kobuki/install/include/eigen3/Eigen/src/Geometry/Hyperplane.h
[7.662s] -- Up-to-date: /home/lfvmu/kobuki/install/include/eigen3/Eigen/src/Geometry/arch
[7.662s] -- Up-to-date: /home/lfvmu/kobuki/install/include/eigen3/Eigen/src/Geometry/arch/Geometry_SSE.h
[7.662s] -- Up-to-date: /home/lfvmu/kobuki/install/include/eigen3/Eigen/src/Geometry/OrthoMethods.h
[7.663s] -- Up-to-date: /home/lfvmu/kobuki/install/include/eigen3/Eigen/src/Geometry/Scaling.h
[7.663s] -- Up-to-date: /home/lfvmu/kobuki/install/include/eigen3/Eigen/src/Geometry/Umeyama.h
[7.663s] -- Up-to-date: /home/lfvmu/kobuki/install/include/eigen3/Eigen/src/Geometry/RotationBase.h
[7.663s] -- Up-to-date: /home/lfvmu/kobuki/install/include/eigen3/Eigen/src/Geometry/Transform.h
[7.663s] -- Up-to-date: /home/lfvmu/kobuki/install/include/eigen3/Eigen/src/SuperLUSupport
[7.664s] -- Up-to-date: /home/lfvmu/kobuki/install/include/eigen3/Eigen/src/SuperLUSupport/SuperLUSupport.h
[7.664s] -- Up-to-date: /home/lfvmu/kobuki/install/include/eigen3/Eigen/src/plugins
[7.664s] -- Up-to-date: /home/lfvmu/kobuki/install/include/eigen3/Eigen/src/plugins/MatrixCwiseBinaryOps.h
[7.664s] -- Up-to-date: /home/lfvmu/kobuki/install/include/eigen3/Eigen/src/plugins/ArrayCwiseBinaryOps.h
[7.664s] -- Up-to-date: /home/lfvmu/kobuki/install/include/eigen3/Eigen/src/plugins/CommonCwiseUnaryOps.h
[7.665s] -- Up-to-date: /home/lfvmu/kobuki/install/include/eigen3/Eigen/src/plugins/CommonCwiseBinaryOps.h
[7.665s] -- Up-to-date: /home/lfvmu/kobuki/install/include/eigen3/Eigen/src/plugins/MatrixCwiseUnaryOps.h
[7.665s] -- Up-to-date: /home/lfvmu/kobuki/install/include/eigen3/Eigen/src/plugins/BlockMethods.h
[7.665s] -- Up-to-date: /home/lfvmu/kobuki/install/include/eigen3/Eigen/src/plugins/ArrayCwiseUnaryOps.h
[7.666s] -- Up-to-date: /home/lfvmu/kobuki/install/include/eigen3/Eigen/src/IterativeLinearSolvers
[7.666s] -- Up-to-date: /home/lfvmu/kobuki/install/include/eigen3/Eigen/src/IterativeLinearSolvers/IncompleteLUT.h
[7.666s] -- Up-to-date: /home/lfvmu/kobuki/install/include/eigen3/Eigen/src/IterativeLinearSolvers/BiCGSTAB.h
[7.666s] -- Up-to-date: /home/lfvmu/kobuki/install/include/eigen3/Eigen/src/IterativeLinearSolvers/BasicPreconditioners.h
[7.667s] -- Up-to-date: /home/lfvmu/kobuki/install/include/eigen3/Eigen/src/IterativeLinearSolvers/IterativeSolverBase.h
[7.667s] -- Up-to-date: /home/lfvmu/kobuki/install/include/eigen3/Eigen/src/IterativeLinearSolvers/LeastSquareConjugateGradient.h
[7.667s] -- Up-to-date: /home/lfvmu/kobuki/install/include/eigen3/Eigen/src/IterativeLinearSolvers/IncompleteCholesky.h
[7.667s] -- Up-to-date: /home/lfvmu/kobuki/install/include/eigen3/Eigen/src/IterativeLinearSolvers/SolveWithGuess.h
[7.667s] -- Up-to-date: /home/lfvmu/kobuki/install/include/eigen3/Eigen/src/IterativeLinearSolvers/ConjugateGradient.h
[7.668s] -- Up-to-date: /home/lfvmu/kobuki/install/include/eigen3/Eigen/src/Jacobi
[7.668s] -- Up-to-date: /home/lfvmu/kobuki/install/include/eigen3/Eigen/src/Jacobi/Jacobi.h
[7.668s] -- Up-to-date: /home/lfvmu/kobuki/install/include/eigen3/Eigen/src/SparseLU
[7.668s] -- Up-to-date: /home/lfvmu/kobuki/install/include/eigen3/Eigen/src/SparseLU/SparseLU_copy_to_ucol.h
[7.669s] -- Up-to-date: /home/lfvmu/kobuki/install/include/eigen3/Eigen/src/SparseLU/SparseLU_gemm_kernel.h
[7.669s] -- Up-to-date: /home/lfvmu/kobuki/install/include/eigen3/Eigen/src/SparseLU/SparseLU_column_dfs.h
[7.669s] -- Up-to-date: /home/lfvmu/kobuki/install/include/eigen3/Eigen/src/SparseLU/SparseLU_SupernodalMatrix.h
[7.669s] -- Up-to-date: /home/lfvmu/kobuki/install/include/eigen3/Eigen/src/SparseLU/SparseLU_Memory.h
[7.670s] -- Up-to-date: /home/lfvmu/kobuki/install/include/eigen3/Eigen/src/SparseLU/SparseLU_Structs.h
[7.670s] -- Up-to-date: /home/lfvmu/kobuki/install/include/eigen3/Eigen/src/SparseLU/SparseLU_panel_bmod.h
[7.670s] -- Up-to-date: /home/lfvmu/kobuki/install/include/eigen3/Eigen/src/SparseLU/SparseLU_relax_snode.h
[7.670s] -- Up-to-date: /home/lfvmu/kobuki/install/include/eigen3/Eigen/src/SparseLU/SparseLU_pruneL.h
[7.671s] -- Up-to-date: /home/lfvmu/kobuki/install/include/eigen3/Eigen/src/SparseLU/SparseLU_heap_relax_snode.h
[7.671s] -- Up-to-date: /home/lfvmu/kobuki/install/include/eigen3/Eigen/src/SparseLU/SparseLU.h
[7.671s] -- Up-to-date: /home/lfvmu/kobuki/install/include/eigen3/Eigen/src/SparseLU/SparseLUImpl.h
[7.671s] -- Up-to-date: /home/lfvmu/kobuki/install/include/eigen3/Eigen/src/SparseLU/SparseLU_pivotL.h
[7.671s] -- Up-to-date: /home/lfvmu/kobuki/install/include/eigen3/Eigen/src/SparseLU/SparseLU_kernel_bmod.h
[7.672s] -- Up-to-date: /home/lfvmu/kobuki/install/include/eigen3/Eigen/src/SparseLU/SparseLU_Utils.h
[7.672s] -- Up-to-date: /home/lfvmu/kobuki/install/include/eigen3/Eigen/src/SparseLU/SparseLU_column_bmod.h
[7.672s] -- Up-to-date: /home/lfvmu/kobuki/install/include/eigen3/Eigen/src/SparseLU/SparseLU_panel_dfs.h
[7.672s] -- Up-to-date: /home/lfvmu/kobuki/install/include/eigen3/Eigen/src/Eigenvalues
[7.673s] -- Up-to-date: /home/lfvmu/kobuki/install/include/eigen3/Eigen/src/Eigenvalues/SelfAdjointEigenSolver_LAPACKE.h
[7.673s] -- Up-to-date: /home/lfvmu/kobuki/install/include/eigen3/Eigen/src/Eigenvalues/ComplexSchur.h
[7.673s] -- Up-to-date: /home/lfvmu/kobuki/install/include/eigen3/Eigen/src/Eigenvalues/RealQZ.h
[7.673s] -- Up-to-date: /home/lfvmu/kobuki/install/include/eigen3/Eigen/src/Eigenvalues/Tridiagonalization.h
[7.673s] -- Up-to-date: /home/lfvmu/kobuki/install/include/eigen3/Eigen/src/Eigenvalues/RealSchur.h
[7.674s] -- Up-to-date: /home/lfvmu/kobuki/install/include/eigen3/Eigen/src/Eigenvalues/ComplexSchur_LAPACKE.h
[7.674s] -- Up-to-date: /home/lfvmu/kobuki/install/include/eigen3/Eigen/src/Eigenvalues/EigenSolver.h
[7.674s] -- Up-to-date: /home/lfvmu/kobuki/install/include/eigen3/Eigen/src/Eigenvalues/GeneralizedEigenSolver.h
[7.674s] -- Up-to-date: /home/lfvmu/kobuki/install/include/eigen3/Eigen/src/Eigenvalues/GeneralizedSelfAdjointEigenSolver.h
[7.675s] -- Up-to-date: /home/lfvmu/kobuki/install/include/eigen3/Eigen/src/Eigenvalues/MatrixBaseEigenvalues.h
[7.675s] -- Up-to-date: /home/lfvmu/kobuki/install/include/eigen3/Eigen/src/Eigenvalues/ComplexEigenSolver.h
[7.675s] -- Up-to-date: /home/lfvmu/kobuki/install/include/eigen3/Eigen/src/Eigenvalues/HessenbergDecomposition.h
[7.675s] -- Up-to-date: /home/lfvmu/kobuki/install/include/eigen3/Eigen/src/Eigenvalues/RealSchur_LAPACKE.h
[7.676s] -- Up-to-date: /home/lfvmu/kobuki/install/include/eigen3/Eigen/src/Eigenvalues/SelfAdjointEigenSolver.h
[7.676s] -- Up-to-date: /home/lfvmu/kobuki/install/include/eigen3/Eigen/src/Cholesky
[7.676s] -- Up-to-date: /home/lfvmu/kobuki/install/include/eigen3/Eigen/src/Cholesky/LLT.h
[7.676s] -- Up-to-date: /home/lfvmu/kobuki/install/include/eigen3/Eigen/src/Cholesky/LLT_LAPACKE.h
[7.677s] -- Up-to-date: /home/lfvmu/kobuki/install/include/eigen3/Eigen/src/Cholesky/LDLT.h
[7.677s] -- Up-to-date: /home/lfvmu/kobuki/install/include/eigen3/Eigen/src/MetisSupport
[7.677s] -- Up-to-date: /home/lfvmu/kobuki/install/include/eigen3/Eigen/src/MetisSupport/MetisSupport.h
[7.677s] -- Up-to-date: /home/lfvmu/kobuki/install/include/eigen3/Eigen/src/StlSupport
[7.677s] -- Up-to-date: /home/lfvmu/kobuki/install/include/eigen3/Eigen/src/StlSupport/StdDeque.h
[7.678s] -- Up-to-date: /home/lfvmu/kobuki/install/include/eigen3/Eigen/src/StlSupport/StdList.h
[7.678s] -- Up-to-date: /home/lfvmu/kobuki/install/include/eigen3/Eigen/src/StlSupport/StdVector.h
[7.678s] -- Up-to-date: /home/lfvmu/kobuki/install/include/eigen3/Eigen/src/StlSupport/details.h
[7.678s] -- Up-to-date: /home/lfvmu/kobuki/install/include/eigen3/Eigen/src/PardisoSupport
[7.679s] -- Up-to-date: /home/lfvmu/kobuki/install/include/eigen3/Eigen/src/PardisoSupport/PardisoSupport.h
[7.679s] -- Up-to-date: /home/lfvmu/kobuki/install/include/eigen3/Eigen/src/CholmodSupport
[7.679s] -- Up-to-date: /home/lfvmu/kobuki/install/include/eigen3/Eigen/src/CholmodSupport/CholmodSupport.h
[7.679s] -- Up-to-date: /home/lfvmu/kobuki/install/include/eigen3/Eigen/src/misc
[7.680s] -- Up-to-date: /home/lfvmu/kobuki/install/include/eigen3/Eigen/src/misc/lapack.h
[7.680s] -- Up-to-date: /home/lfvmu/kobuki/install/include/eigen3/Eigen/src/misc/RealSvd2x2.h
[7.680s] -- Up-to-date: /home/lfvmu/kobuki/install/include/eigen3/Eigen/src/misc/lapacke_mangling.h
[7.680s] -- Up-to-date: /home/lfvmu/kobuki/install/include/eigen3/Eigen/src/misc/lapacke.h
[7.680s] -- Up-to-date: /home/lfvmu/kobuki/install/include/eigen3/Eigen/src/misc/Image.h
[7.681s] -- Up-to-date: /home/lfvmu/kobuki/install/include/eigen3/Eigen/src/misc/blas.h
[7.681s] -- Up-to-date: /home/lfvmu/kobuki/install/include/eigen3/Eigen/src/misc/Kernel.h
[7.681s] -- Up-to-date: /home/lfvmu/kobuki/install/include/eigen3/Eigen/src/Core
[7.681s] -- Up-to-date: /home/lfvmu/kobuki/install/include/eigen3/Eigen/src/Core/NoAlias.h
[7.681s] -- Up-to-date: /home/lfvmu/kobuki/install/include/eigen3/Eigen/src/Core/ArrayWrapper.h
[7.682s] -- Up-to-date: /home/lfvmu/kobuki/install/include/eigen3/Eigen/src/Core/Random.h
[7.682s] -- Up-to-date: /home/lfvmu/kobuki/install/include/eigen3/Eigen/src/Core/IO.h
[7.682s] -- Up-to-date: /home/lfvmu/kobuki/install/include/eigen3/Eigen/src/Core/Transpose.h
[7.682s] -- Up-to-date: /home/lfvmu/kobuki/install/include/eigen3/Eigen/src/Core/EigenBase.h
[7.683s] -- Up-to-date: /home/lfvmu/kobuki/install/include/eigen3/Eigen/src/Core/StableNorm.h
[7.683s] -- Up-to-date: /home/lfvmu/kobuki/install/include/eigen3/Eigen/src/Core/CwiseTernaryOp.h
[7.683s] -- Up-to-date: /home/lfvmu/kobuki/install/include/eigen3/Eigen/src/Core/Stride.h
[7.683s] -- Up-to-date: /home/lfvmu/kobuki/install/include/eigen3/Eigen/src/Core/Visitor.h
[7.683s] -- Up-to-date: /home/lfvmu/kobuki/install/include/eigen3/Eigen/src/Core/ForceAlignedAccess.h
[7.684s] -- Up-to-date: /home/lfvmu/kobuki/install/include/eigen3/Eigen/src/Core/MathFunctionsImpl.h
[7.684s] -- Up-to-date: /home/lfvmu/kobuki/install/include/eigen3/Eigen/src/Core/Product.h
[7.684s] -- Up-to-date: /home/lfvmu/kobuki/install/include/eigen3/Eigen/src/Core/Inverse.h
[7.684s] -- Up-to-date: /home/lfvmu/kobuki/install/include/eigen3/Eigen/src/Core/Redux.h
[7.684s] -- Up-to-date: /home/lfvmu/kobuki/install/include/eigen3/Eigen/src/Core/CwiseNullaryOp.h
[7.685s] -- Up-to-date: /home/lfvmu/kobuki/install/include/eigen3/Eigen/src/Core/Replicate.h
[7.685s] -- Up-to-date: /home/lfvmu/kobuki/install/include/eigen3/Eigen/src/Core/PermutationMatrix.h
[7.685s] -- Up-to-date: /home/lfvmu/kobuki/install/include/eigen3/Eigen/src/Core/Transpositions.h
[7.686s] -- Up-to-date: /home/lfvmu/kobuki/install/include/eigen3/Eigen/src/Core/TriangularMatrix.h
[7.686s] -- Up-to-date: /home/lfvmu/kobuki/install/include/eigen3/Eigen/src/Core/DenseBase.h
[7.686s] -- Up-to-date: /home/lfvmu/kobuki/install/include/eigen3/Eigen/src/Core/GenericPacketMath.h
[7.687s] -- Up-to-date: /home/lfvmu/kobuki/install/include/eigen3/Eigen/src/Core/Map.h
[7.687s] -- Up-to-date: /home/lfvmu/kobuki/install/include/eigen3/Eigen/src/Core/CwiseUnaryView.h
[7.687s] -- Up-to-date: /home/lfvmu/kobuki/install/include/eigen3/Eigen/src/Core/Solve.h
[7.688s] -- Up-to-date: /home/lfvmu/kobuki/install/include/eigen3/Eigen/src/Core/functors
[7.688s] -- Up-to-date: /home/lfvmu/kobuki/install/include/eigen3/Eigen/src/Core/functors/TernaryFunctors.h
[7.688s] -- Up-to-date: /home/lfvmu/kobuki/install/include/eigen3/Eigen/src/Core/functors/BinaryFunctors.h
[7.689s] -- Up-to-date: /home/lfvmu/kobuki/install/include/eigen3/Eigen/src/Core/functors/AssignmentFunctors.h
[7.689s] -- Up-to-date: /home/lfvmu/kobuki/install/include/eigen3/Eigen/src/Core/functors/UnaryFunctors.h
[7.689s] -- Up-to-date: /home/lfvmu/kobuki/install/include/eigen3/Eigen/src/Core/functors/NullaryFunctors.h
[7.690s] -- Up-to-date: /home/lfvmu/kobuki/install/include/eigen3/Eigen/src/Core/functors/StlFunctors.h
[7.690s] -- Up-to-date: /home/lfvmu/kobuki/install/include/eigen3/Eigen/src/Core/Swap.h
[7.690s] -- Up-to-date: /home/lfvmu/kobuki/install/include/eigen3/Eigen/src/Core/Block.h
[7.691s] -- Up-to-date: /home/lfvmu/kobuki/install/include/eigen3/Eigen/src/Core/Select.h
[7.691s] -- Up-to-date: /home/lfvmu/kobuki/install/include/eigen3/Eigen/src/Core/Reverse.h
[7.691s] -- Up-to-date: /home/lfvmu/kobuki/install/include/eigen3/Eigen/src/Core/NestByValue.h
[7.691s] -- Up-to-date: /home/lfvmu/kobuki/install/include/eigen3/Eigen/src/Core/SelfAdjointView.h
[7.691s] -- Up-to-date: /home/lfvmu/kobuki/install/include/eigen3/Eigen/src/Core/CommaInitializer.h
[7.692s] -- Up-to-date: /home/lfvmu/kobuki/install/include/eigen3/Eigen/src/Core/SelfCwiseBinaryOp.h
[7.692s] -- Up-to-date: /home/lfvmu/kobuki/install/include/eigen3/Eigen/src/Core/DiagonalMatrix.h
[7.692s] -- Up-to-date: /home/lfvmu/kobuki/install/include/eigen3/Eigen/src/Core/GeneralProduct.h
[7.692s] -- Up-to-date: /home/lfvmu/kobuki/install/include/eigen3/Eigen/src/Core/products
[7.693s] -- Up-to-date: /home/lfvmu/kobuki/install/include/eigen3/Eigen/src/Core/products/TriangularMatrixVector.h
[7.693s] -- Up-to-date: /home/lfvmu/kobuki/install/include/eigen3/Eigen/src/Core/products/GeneralMatrixVector_BLAS.h
[7.693s] -- Up-to-date: /home/lfvmu/kobuki/install/include/eigen3/Eigen/src/Core/products/SelfadjointMatrixVector_BLAS.h
[7.693s] -- Up-to-date: /home/lfvmu/kobuki/install/include/eigen3/Eigen/src/Core/products/GeneralBlockPanelKernel.h
[7.693s] -- Up-to-date: /home/lfvmu/kobuki/install/include/eigen3/Eigen/src/Core/products/TriangularSolverMatrix.h
[7.694s] -- Up-to-date: /home/lfvmu/kobuki/install/include/eigen3/Eigen/src/Core/products/TriangularMatrixVector_BLAS.h
[7.694s] -- Up-to-date: /home/lfvmu/kobuki/install/include/eigen3/Eigen/src/Core/products/Parallelizer.h
[7.694s] -- Up-to-date: /home/lfvmu/kobuki/install/include/eigen3/Eigen/src/Core/products/TriangularMatrixMatrix_BLAS.h
[7.694s] -- Up-to-date: /home/lfvmu/kobuki/install/include/eigen3/Eigen/src/Core/products/GeneralMatrixMatrixTriangular.h
[7.695s] -- Up-to-date: /home/lfvmu/kobuki/install/include/eigen3/Eigen/src/Core/products/SelfadjointRank2Update.h
[7.695s] -- Up-to-date: /home/lfvmu/kobuki/install/include/eigen3/Eigen/src/Core/products/GeneralMatrixMatrixTriangular_BLAS.h
[7.695s] -- Up-to-date: /home/lfvmu/kobuki/install/include/eigen3/Eigen/src/Core/products/SelfadjointMatrixMatrix.h
[7.695s] -- Up-to-date: /home/lfvmu/kobuki/install/include/eigen3/Eigen/src/Core/products/TriangularSolverMatrix_BLAS.h
[7.696s] -- Up-to-date: /home/lfvmu/kobuki/install/include/eigen3/Eigen/src/Core/products/SelfadjointMatrixVector.h
[7.696s] -- Up-to-date: /home/lfvmu/kobuki/install/include/eigen3/Eigen/src/Core/products/GeneralMatrixMatrix_BLAS.h
[7.696s] -- Up-to-date: /home/lfvmu/kobuki/install/include/eigen3/Eigen/src/Core/products/SelfadjointMatrixMatrix_BLAS.h
[7.696s] -- Up-to-date: /home/lfvmu/kobuki/install/include/eigen3/Eigen/src/Core/products/SelfadjointProduct.h
[7.696s] -- Up-to-date: /home/lfvmu/kobuki/install/include/eigen3/Eigen/src/Core/products/GeneralMatrixVector.h
[7.697s] -- Up-to-date: /home/lfvmu/kobuki/install/include/eigen3/Eigen/src/Core/products/GeneralMatrixMatrix.h
[7.697s] -- Up-to-date: /home/lfvmu/kobuki/install/include/eigen3/Eigen/src/Core/products/TriangularSolverVector.h
[7.697s] -- Up-to-date: /home/lfvmu/kobuki/install/include/eigen3/Eigen/src/Core/products/TriangularMatrixMatrix.h
[7.697s] -- Up-to-date: /home/lfvmu/kobuki/install/include/eigen3/Eigen/src/Core/ReturnByValue.h
[7.698s] -- Up-to-date: /home/lfvmu/kobuki/install/include/eigen3/Eigen/src/Core/Assign_MKL.h
[7.698s] -- Up-to-date: /home/lfvmu/kobuki/install/include/eigen3/Eigen/src/Core/PlainObjectBase.h
[7.698s] -- Up-to-date: /home/lfvmu/kobuki/install/include/eigen3/Eigen/src/Core/SolverBase.h
[7.698s] -- Up-to-date: /home/lfvmu/kobuki/install/include/eigen3/Eigen/src/Core/DenseStorage.h
[7.699s] -- Up-to-date: /home/lfvmu/kobuki/install/include/eigen3/Eigen/src/Core/arch
[7.699s] -- Up-to-date: /home/lfvmu/kobuki/install/include/eigen3/Eigen/src/Core/arch/AVX
[7.699s] -- Up-to-date: /home/lfvmu/kobuki/install/include/eigen3/Eigen/src/Core/arch/AVX/PacketMath.h
[7.699s] -- Up-to-date: /home/lfvmu/kobuki/install/include/eigen3/Eigen/src/Core/arch/AVX/TypeCasting.h
[7.699s] -- Up-to-date: /home/lfvmu/kobuki/install/include/eigen3/Eigen/src/Core/arch/AVX/MathFunctions.h
[7.700s] -- Up-to-date: /home/lfvmu/kobuki/install/include/eigen3/Eigen/src/Core/arch/AVX/Complex.h
[7.700s] -- Up-to-date: /home/lfvmu/kobuki/install/include/eigen3/Eigen/src/Core/arch/AltiVec
[7.700s] -- Up-to-date: /home/lfvmu/kobuki/install/include/eigen3/Eigen/src/Core/arch/AltiVec/PacketMath.h
[7.700s] -- Up-to-date: /home/lfvmu/kobuki/install/include/eigen3/Eigen/src/Core/arch/AltiVec/MathFunctions.h
[7.701s] -- Up-to-date: /home/lfvmu/kobuki/install/include/eigen3/Eigen/src/Core/arch/AltiVec/Complex.h
[7.701s] -- Up-to-date: /home/lfvmu/kobuki/install/include/eigen3/Eigen/src/Core/arch/ZVector
[7.701s] -- Up-to-date: /home/lfvmu/kobuki/install/include/eigen3/Eigen/src/Core/arch/ZVector/PacketMath.h
[7.701s] -- Up-to-date: /home/lfvmu/kobuki/install/include/eigen3/Eigen/src/Core/arch/ZVector/MathFunctions.h
[7.701s] -- Up-to-date: /home/lfvmu/kobuki/install/include/eigen3/Eigen/src/Core/arch/ZVector/Complex.h
[7.702s] -- Up-to-date: /home/lfvmu/kobuki/install/include/eigen3/Eigen/src/Core/arch/NEON
[7.702s] -- Up-to-date: /home/lfvmu/kobuki/install/include/eigen3/Eigen/src/Core/arch/NEON/PacketMath.h
[7.702s] -- Up-to-date: /home/lfvmu/kobuki/install/include/eigen3/Eigen/src/Core/arch/NEON/MathFunctions.h
[7.702s] -- Up-to-date: /home/lfvmu/kobuki/install/include/eigen3/Eigen/src/Core/arch/NEON/Complex.h
[7.703s] -- Up-to-date: /home/lfvmu/kobuki/install/include/eigen3/Eigen/src/Core/arch/CUDA
[7.703s] -- Up-to-date: /home/lfvmu/kobuki/install/include/eigen3/Eigen/src/Core/arch/CUDA/PacketMath.h
[7.703s] -- Up-to-date: /home/lfvmu/kobuki/install/include/eigen3/Eigen/src/Core/arch/CUDA/TypeCasting.h
[7.703s] -- Up-to-date: /home/lfvmu/kobuki/install/include/eigen3/Eigen/src/Core/arch/CUDA/PacketMathHalf.h
[7.703s] -- Up-to-date: /home/lfvmu/kobuki/install/include/eigen3/Eigen/src/Core/arch/CUDA/Half.h
[7.704s] -- Up-to-date: /home/lfvmu/kobuki/install/include/eigen3/Eigen/src/Core/arch/CUDA/MathFunctions.h
[7.704s] -- Up-to-date: /home/lfvmu/kobuki/install/include/eigen3/Eigen/src/Core/arch/CUDA/Complex.h
[7.704s] -- Up-to-date: /home/lfvmu/kobuki/install/include/eigen3/Eigen/src/Core/arch/Default
[7.704s] -- Up-to-date: /home/lfvmu/kobuki/install/include/eigen3/Eigen/src/Core/arch/Default/Settings.h
[7.705s] -- Up-to-date: /home/lfvmu/kobuki/install/include/eigen3/Eigen/src/Core/arch/Default/ConjHelper.h
[7.705s] -- Up-to-date: /home/lfvmu/kobuki/install/include/eigen3/Eigen/src/Core/arch/SSE
[7.705s] -- Up-to-date: /home/lfvmu/kobuki/install/include/eigen3/Eigen/src/Core/arch/SSE/PacketMath.h
[7.705s] -- Up-to-date: /home/lfvmu/kobuki/install/include/eigen3/Eigen/src/Core/arch/SSE/TypeCasting.h
[7.705s] -- Up-to-date: /home/lfvmu/kobuki/install/include/eigen3/Eigen/src/Core/arch/SSE/MathFunctions.h
[7.706s] -- Up-to-date: /home/lfvmu/kobuki/install/include/eigen3/Eigen/src/Core/arch/SSE/Complex.h
[7.706s] -- Up-to-date: /home/lfvmu/kobuki/install/include/eigen3/Eigen/src/Core/arch/AVX512
[7.706s] -- Up-to-date: /home/lfvmu/kobuki/install/include/eigen3/Eigen/src/Core/arch/AVX512/PacketMath.h
[7.706s] -- Up-to-date: /home/lfvmu/kobuki/install/include/eigen3/Eigen/src/Core/arch/AVX512/MathFunctions.h
[7.707s] -- Up-to-date: /home/lfvmu/kobuki/install/include/eigen3/Eigen/src/Core/Fuzzy.h
[7.707s] -- Up-to-date: /home/lfvmu/kobuki/install/include/eigen3/Eigen/src/Core/GlobalFunctions.h
[7.707s] -- Up-to-date: /home/lfvmu/kobuki/install/include/eigen3/Eigen/src/Core/Matrix.h
[7.707s] -- Up-to-date: /home/lfvmu/kobuki/install/include/eigen3/Eigen/src/Core/CoreIterators.h
[7.707s] -- Up-to-date: /home/lfvmu/kobuki/install/include/eigen3/Eigen/src/Core/ProductEvaluators.h
[7.708s] -- Up-to-date: /home/lfvmu/kobuki/install/include/eigen3/Eigen/src/Core/VectorwiseOp.h
[7.708s] -- Up-to-date: /home/lfvmu/kobuki/install/include/eigen3/Eigen/src/Core/MatrixBase.h
[7.708s] -- Up-to-date: /home/lfvmu/kobuki/install/include/eigen3/Eigen/src/Core/Diagonal.h
[7.708s] -- Up-to-date: /home/lfvmu/kobuki/install/include/eigen3/Eigen/src/Core/Dot.h
[7.709s] -- Up-to-date: /home/lfvmu/kobuki/install/include/eigen3/Eigen/src/Core/CwiseUnaryOp.h
[7.709s] -- Up-to-date: /home/lfvmu/kobuki/install/include/eigen3/Eigen/src/Core/CwiseBinaryOp.h
[7.709s] -- Up-to-date: /home/lfvmu/kobuki/install/include/eigen3/Eigen/src/Core/BandMatrix.h
[7.709s] -- Up-to-date: /home/lfvmu/kobuki/install/include/eigen3/Eigen/src/Core/util
[7.710s] -- Up-to-date: /home/lfvmu/kobuki/install/include/eigen3/Eigen/src/Core/util/Meta.h
[7.710s] -- Up-to-date: /home/lfvmu/kobuki/install/include/eigen3/Eigen/src/Core/util/ForwardDeclarations.h
[7.710s] -- Up-to-date: /home/lfvmu/kobuki/install/include/eigen3/Eigen/src/Core/util/StaticAssert.h
[7.710s] -- Up-to-date: /home/lfvmu/kobuki/install/include/eigen3/Eigen/src/Core/util/NonMPL2.h
[7.710s] -- Up-to-date: /home/lfvmu/kobuki/install/include/eigen3/Eigen/src/Core/util/DisableStupidWarnings.h
[7.711s] -- Up-to-date: /home/lfvmu/kobuki/install/include/eigen3/Eigen/src/Core/util/XprHelper.h
[7.711s] -- Up-to-date: /home/lfvmu/kobuki/install/include/eigen3/Eigen/src/Core/util/MKL_support.h
[7.711s] -- Up-to-date: /home/lfvmu/kobuki/install/include/eigen3/Eigen/src/Core/util/BlasUtil.h
[7.711s] -- Up-to-date: /home/lfvmu/kobuki/install/include/eigen3/Eigen/src/Core/util/Macros.h
[7.712s] -- Up-to-date: /home/lfvmu/kobuki/install/include/eigen3/Eigen/src/Core/util/ReenableStupidWarnings.h
[7.712s] -- Up-to-date: /home/lfvmu/kobuki/install/include/eigen3/Eigen/src/Core/util/Memory.h
[7.712s] -- Up-to-date: /home/lfvmu/kobuki/install/include/eigen3/Eigen/src/Core/util/Constants.h
[7.712s] -- Up-to-date: /home/lfvmu/kobuki/install/include/eigen3/Eigen/src/Core/AssignEvaluator.h
[7.712s] -- Up-to-date: /home/lfvmu/kobuki/install/include/eigen3/Eigen/src/Core/DiagonalProduct.h
[7.713s] -- Up-to-date: /home/lfvmu/kobuki/install/include/eigen3/Eigen/src/Core/Array.h
[7.713s] -- Up-to-date: /home/lfvmu/kobuki/install/include/eigen3/Eigen/src/Core/NumTraits.h
[7.713s] -- Up-to-date: /home/lfvmu/kobuki/install/include/eigen3/Eigen/src/Core/CoreEvaluators.h
[7.713s] -- Up-to-date: /home/lfvmu/kobuki/install/include/eigen3/Eigen/src/Core/SolveTriangular.h
[7.714s] -- Up-to-date: /home/lfvmu/kobuki/install/include/eigen3/Eigen/src/Core/MapBase.h
[7.714s] -- Up-to-date: /home/lfvmu/kobuki/install/include/eigen3/Eigen/src/Core/ConditionEstimator.h
[7.714s] -- Up-to-date: /home/lfvmu/kobuki/install/include/eigen3/Eigen/src/Core/BooleanRedux.h
[7.714s] -- Up-to-date: /home/lfvmu/kobuki/install/include/eigen3/Eigen/src/Core/Assign.h
[7.714s] -- Up-to-date: /home/lfvmu/kobuki/install/include/eigen3/Eigen/src/Core/MathFunctions.h
[7.715s] -- Up-to-date: /home/lfvmu/kobuki/install/include/eigen3/Eigen/src/Core/VectorBlock.h
[7.715s] -- Up-to-date: /home/lfvmu/kobuki/install/include/eigen3/Eigen/src/Core/Ref.h
[7.715s] -- Up-to-date: /home/lfvmu/kobuki/install/include/eigen3/Eigen/src/Core/DenseCoeffsBase.h
[7.715s] -- Up-to-date: /home/lfvmu/kobuki/install/include/eigen3/Eigen/src/Core/ArrayBase.h
[7.716s] -- Up-to-date: /home/lfvmu/kobuki/install/include/eigen3/Eigen/src/SPQRSupport
[7.716s] -- Up-to-date: /home/lfvmu/kobuki/install/include/eigen3/Eigen/src/SPQRSupport/SuiteSparseQRSupport.h
[7.716s] -- Up-to-date: /home/lfvmu/kobuki/install/include/eigen3/Eigen/src/QR
[7.716s] -- Up-to-date: /home/lfvmu/kobuki/install/include/eigen3/Eigen/src/QR/HouseholderQR_LAPACKE.h
[7.716s] -- Up-to-date: /home/lfvmu/kobuki/install/include/eigen3/Eigen/src/QR/CompleteOrthogonalDecomposition.h
[7.717s] -- Up-to-date: /home/lfvmu/kobuki/install/include/eigen3/Eigen/src/QR/FullPivHouseholderQR.h
[7.717s] -- Up-to-date: /home/lfvmu/kobuki/install/include/eigen3/Eigen/src/QR/HouseholderQR.h
[7.717s] -- Up-to-date: /home/lfvmu/kobuki/install/include/eigen3/Eigen/src/QR/ColPivHouseholderQR_LAPACKE.h
[7.717s] -- Up-to-date: /home/lfvmu/kobuki/install/include/eigen3/Eigen/src/QR/ColPivHouseholderQR.h
[7.718s] -- Up-to-date: /home/lfvmu/kobuki/install/include/eigen3/Eigen/src/PaStiXSupport
[7.718s] -- Up-to-date: /home/lfvmu/kobuki/install/include/eigen3/Eigen/src/PaStiXSupport/PaStiXSupport.h
[7.718s] -- Up-to-date: /home/lfvmu/kobuki/install/include/eigen3/Eigen/src/SVD
[7.718s] -- Up-to-date: /home/lfvmu/kobuki/install/include/eigen3/Eigen/src/SVD/JacobiSVD_LAPACKE.h
[7.719s] -- Up-to-date: /home/lfvmu/kobuki/install/include/eigen3/Eigen/src/SVD/JacobiSVD.h
[7.719s] -- Up-to-date: /home/lfvmu/kobuki/install/include/eigen3/Eigen/src/SVD/SVDBase.h
[7.719s] -- Up-to-date: /home/lfvmu/kobuki/install/include/eigen3/Eigen/src/SVD/UpperBidiagonalization.h
[7.719s] -- Up-to-date: /home/lfvmu/kobuki/install/include/eigen3/Eigen/src/SVD/BDCSVD.h
[7.720s] -- Up-to-date: /home/lfvmu/kobuki/install/include/eigen3/unsupported/Eigen/AdolcForward
[7.720s] -- Up-to-date: /home/lfvmu/kobuki/install/include/eigen3/unsupported/Eigen/AlignedVector3
[7.720s] -- Up-to-date: /home/lfvmu/kobuki/install/include/eigen3/unsupported/Eigen/ArpackSupport
[7.720s] -- Up-to-date: /home/lfvmu/kobuki/install/include/eigen3/unsupported/Eigen/AutoDiff
[7.721s] -- Up-to-date: /home/lfvmu/kobuki/install/include/eigen3/unsupported/Eigen/BVH
[7.721s] -- Up-to-date: /home/lfvmu/kobuki/install/include/eigen3/unsupported/Eigen/EulerAngles
[7.721s] -- Up-to-date: /home/lfvmu/kobuki/install/include/eigen3/unsupported/Eigen/FFT
[7.721s] -- Up-to-date: /home/lfvmu/kobuki/install/include/eigen3/unsupported/Eigen/IterativeSolvers
[7.722s] -- Up-to-date: /home/lfvmu/kobuki/install/include/eigen3/unsupported/Eigen/KroneckerProduct
[7.722s] -- Up-to-date: /home/lfvmu/kobuki/install/include/eigen3/unsupported/Eigen/LevenbergMarquardt
[7.722s] -- Up-to-date: /home/lfvmu/kobuki/install/include/eigen3/unsupported/Eigen/MatrixFunctions
[7.722s] -- Up-to-date: /home/lfvmu/kobuki/install/include/eigen3/unsupported/Eigen/MoreVectorization
[7.722s] -- Up-to-date: /home/lfvmu/kobuki/install/include/eigen3/unsupported/Eigen/MPRealSupport
[7.723s] -- Up-to-date: /home/lfvmu/kobuki/install/include/eigen3/unsupported/Eigen/NonLinearOptimization
[7.723s] -- Up-to-date: /home/lfvmu/kobuki/install/include/eigen3/unsupported/Eigen/NumericalDiff
[7.723s] -- Up-to-date: /home/lfvmu/kobuki/install/include/eigen3/unsupported/Eigen/OpenGLSupport
[7.723s] -- Up-to-date: /home/lfvmu/kobuki/install/include/eigen3/unsupported/Eigen/Polynomials
[7.724s] -- Up-to-date: /home/lfvmu/kobuki/install/include/eigen3/unsupported/Eigen/Skyline
[7.724s] -- Up-to-date: /home/lfvmu/kobuki/install/include/eigen3/unsupported/Eigen/SparseExtra
[7.724s] -- Up-to-date: /home/lfvmu/kobuki/install/include/eigen3/unsupported/Eigen/SpecialFunctions
[7.724s] -- Up-to-date: /home/lfvmu/kobuki/install/include/eigen3/unsupported/Eigen/Splines
[7.724s] -- Up-to-date: /home/lfvmu/kobuki/install/include/eigen3/unsupported/Eigen/src
[7.725s] -- Up-to-date: /home/lfvmu/kobuki/install/include/eigen3/unsupported/Eigen/src/NonLinearOptimization
[7.725s] -- Up-to-date: /home/lfvmu/kobuki/install/include/eigen3/unsupported/Eigen/src/NonLinearOptimization/LevenbergMarquardt.h
[7.725s] -- Up-to-date: /home/lfvmu/kobuki/install/include/eigen3/unsupported/Eigen/src/NonLinearOptimization/covar.h
[7.725s] -- Up-to-date: /home/lfvmu/kobuki/install/include/eigen3/unsupported/Eigen/src/NonLinearOptimization/qrsolv.h
[7.726s] -- Up-to-date: /home/lfvmu/kobuki/install/include/eigen3/unsupported/Eigen/src/NonLinearOptimization/r1updt.h
[7.726s] -- Up-to-date: /home/lfvmu/kobuki/install/include/eigen3/unsupported/Eigen/src/NonLinearOptimization/dogleg.h
[7.726s] -- Up-to-date: /home/lfvmu/kobuki/install/include/eigen3/unsupported/Eigen/src/NonLinearOptimization/rwupdt.h
[7.726s] -- Up-to-date: /home/lfvmu/kobuki/install/include/eigen3/unsupported/Eigen/src/NonLinearOptimization/lmpar.h
[7.727s] -- Up-to-date: /home/lfvmu/kobuki/install/include/eigen3/unsupported/Eigen/src/NonLinearOptimization/HybridNonLinearSolver.h
[7.727s] -- Up-to-date: /home/lfvmu/kobuki/install/include/eigen3/unsupported/Eigen/src/NonLinearOptimization/fdjac1.h
[7.727s] -- Up-to-date: /home/lfvmu/kobuki/install/include/eigen3/unsupported/Eigen/src/NonLinearOptimization/r1mpyq.h
[7.727s] -- Up-to-date: /home/lfvmu/kobuki/install/include/eigen3/unsupported/Eigen/src/NonLinearOptimization/chkder.h
[7.727s] -- Up-to-date: /home/lfvmu/kobuki/install/include/eigen3/unsupported/Eigen/src/SpecialFunctions
[7.728s] -- Up-to-date: /home/lfvmu/kobuki/install/include/eigen3/unsupported/Eigen/src/SpecialFunctions/SpecialFunctionsFunctors.h
[7.728s] -- Up-to-date: /home/lfvmu/kobuki/install/include/eigen3/unsupported/Eigen/src/SpecialFunctions/SpecialFunctionsArrayAPI.h
[7.728s] -- Up-to-date: /home/lfvmu/kobuki/install/include/eigen3/unsupported/Eigen/src/SpecialFunctions/SpecialFunctionsPacketMath.h
[7.728s] -- Up-to-date: /home/lfvmu/kobuki/install/include/eigen3/unsupported/Eigen/src/SpecialFunctions/arch
[7.729s] -- Up-to-date: /home/lfvmu/kobuki/install/include/eigen3/unsupported/Eigen/src/SpecialFunctions/arch/CUDA
[7.729s] -- Up-to-date: /home/lfvmu/kobuki/install/include/eigen3/unsupported/Eigen/src/SpecialFunctions/arch/CUDA/CudaSpecialFunctions.h
[7.729s] -- Up-to-date: /home/lfvmu/kobuki/install/include/eigen3/unsupported/Eigen/src/SpecialFunctions/SpecialFunctionsHalf.h
[7.729s] -- Up-to-date: /home/lfvmu/kobuki/install/include/eigen3/unsupported/Eigen/src/SpecialFunctions/SpecialFunctionsImpl.h
[7.729s] -- Up-to-date: /home/lfvmu/kobuki/install/include/eigen3/unsupported/Eigen/src/MatrixFunctions
[7.730s] -- Up-to-date: /home/lfvmu/kobuki/install/include/eigen3/unsupported/Eigen/src/MatrixFunctions/MatrixPower.h
[7.730s] -- Up-to-date: /home/lfvmu/kobuki/install/include/eigen3/unsupported/Eigen/src/MatrixFunctions/MatrixExponential.h
[7.730s] -- Up-to-date: /home/lfvmu/kobuki/install/include/eigen3/unsupported/Eigen/src/MatrixFunctions/MatrixLogarithm.h
[7.730s] -- Up-to-date: /home/lfvmu/kobuki/install/include/eigen3/unsupported/Eigen/src/MatrixFunctions/MatrixFunction.h
[7.731s] -- Up-to-date: /home/lfvmu/kobuki/install/include/eigen3/unsupported/Eigen/src/MatrixFunctions/MatrixSquareRoot.h
[7.731s] -- Up-to-date: /home/lfvmu/kobuki/install/include/eigen3/unsupported/Eigen/src/MatrixFunctions/StemFunction.h
[7.731s] -- Up-to-date: /home/lfvmu/kobuki/install/include/eigen3/unsupported/Eigen/src/MoreVectorization
[7.731s] -- Up-to-date: /home/lfvmu/kobuki/install/include/eigen3/unsupported/Eigen/src/MoreVectorization/MathFunctions.h
[7.731s] -- Up-to-date: /home/lfvmu/kobuki/install/include/eigen3/unsupported/Eigen/src/EulerAngles
[7.732s] -- Up-to-date: /home/lfvmu/kobuki/install/include/eigen3/unsupported/Eigen/src/EulerAngles/EulerAngles.h
[7.732s] -- Up-to-date: /home/lfvmu/kobuki/install/include/eigen3/unsupported/Eigen/src/EulerAngles/EulerSystem.h
[7.732s] -- Up-to-date: /home/lfvmu/kobuki/install/include/eigen3/unsupported/Eigen/src/LevenbergMarquardt
[7.732s] -- Up-to-date: /home/lfvmu/kobuki/install/include/eigen3/unsupported/Eigen/src/LevenbergMarquardt/LevenbergMarquardt.h
[7.732s] -- Up-to-date: /home/lfvmu/kobuki/install/include/eigen3/unsupported/Eigen/src/LevenbergMarquardt/LMonestep.h
[7.733s] -- Up-to-date: /home/lfvmu/kobuki/install/include/eigen3/unsupported/Eigen/src/LevenbergMarquardt/LMpar.h
[7.733s] -- Up-to-date: /home/lfvmu/kobuki/install/include/eigen3/unsupported/Eigen/src/LevenbergMarquardt/LMcovar.h
[7.733s] -- Up-to-date: /home/lfvmu/kobuki/install/include/eigen3/unsupported/Eigen/src/LevenbergMarquardt/LMqrsolv.h
[7.733s] -- Up-to-date: /home/lfvmu/kobuki/install/include/eigen3/unsupported/Eigen/src/BVH
[7.734s] -- Up-to-date: /home/lfvmu/kobuki/install/include/eigen3/unsupported/Eigen/src/BVH/BVAlgorithms.h
[7.734s] -- Up-to-date: /home/lfvmu/kobuki/install/include/eigen3/unsupported/Eigen/src/BVH/KdBVH.h
[7.734s] -- Up-to-date: /home/lfvmu/kobuki/install/include/eigen3/unsupported/Eigen/src/Eigenvalues
[7.734s] -- Up-to-date: /home/lfvmu/kobuki/install/include/eigen3/unsupported/Eigen/src/Eigenvalues/ArpackSelfAdjointEigenSolver.h
[7.735s] -- Up-to-date: /home/lfvmu/kobuki/install/include/eigen3/unsupported/Eigen/src/IterativeSolvers
[7.735s] -- Up-to-date: /home/lfvmu/kobuki/install/include/eigen3/unsupported/Eigen/src/IterativeSolvers/IncompleteLU.h
[7.735s] -- Up-to-date: /home/lfvmu/kobuki/install/include/eigen3/unsupported/Eigen/src/IterativeSolvers/GMRES.h
[7.735s] -- Up-to-date: /home/lfvmu/kobuki/install/include/eigen3/unsupported/Eigen/src/IterativeSolvers/MINRES.h
[7.735s] -- Up-to-date: /home/lfvmu/kobuki/install/include/eigen3/unsupported/Eigen/src/IterativeSolvers/DGMRES.h
[7.736s] -- Up-to-date: /home/lfvmu/kobuki/install/include/eigen3/unsupported/Eigen/src/IterativeSolvers/Scaling.h
[7.736s] -- Up-to-date: /home/lfvmu/kobuki/install/include/eigen3/unsupported/Eigen/src/IterativeSolvers/IterationController.h
[7.736s] -- Up-to-date: /home/lfvmu/kobuki/install/include/eigen3/unsupported/Eigen/src/IterativeSolvers/ConstrainedConjGrad.h
[7.736s] -- Up-to-date: /home/lfvmu/kobuki/install/include/eigen3/unsupported/Eigen/src/FFT
[7.737s] -- Up-to-date: /home/lfvmu/kobuki/install/include/eigen3/unsupported/Eigen/src/FFT/ei_fftw_impl.h
[7.737s] -- Up-to-date: /home/lfvmu/kobuki/install/include/eigen3/unsupported/Eigen/src/FFT/ei_kissfft_impl.h
[7.737s] -- Up-to-date: /home/lfvmu/kobuki/install/include/eigen3/unsupported/Eigen/src/Splines
[7.737s] -- Up-to-date: /home/lfvmu/kobuki/install/include/eigen3/unsupported/Eigen/src/Splines/SplineFitting.h
[7.737s] -- Up-to-date: /home/lfvmu/kobuki/install/include/eigen3/unsupported/Eigen/src/Splines/SplineFwd.h
[7.738s] -- Up-to-date: /home/lfvmu/kobuki/install/include/eigen3/unsupported/Eigen/src/Splines/Spline.h
[7.738s] -- Up-to-date: /home/lfvmu/kobuki/install/include/eigen3/unsupported/Eigen/src/Skyline
[7.738s] -- Up-to-date: /home/lfvmu/kobuki/install/include/eigen3/unsupported/Eigen/src/Skyline/SkylineMatrixBase.h
[7.738s] -- Up-to-date: /home/lfvmu/kobuki/install/include/eigen3/unsupported/Eigen/src/Skyline/SkylineProduct.h
[7.739s] -- Up-to-date: /home/lfvmu/kobuki/install/include/eigen3/unsupported/Eigen/src/Skyline/SkylineInplaceLU.h
[7.739s] -- Up-to-date: /home/lfvmu/kobuki/install/include/eigen3/unsupported/Eigen/src/Skyline/SkylineUtil.h
[7.739s] -- Up-to-date: /home/lfvmu/kobuki/install/include/eigen3/unsupported/Eigen/src/Skyline/SkylineStorage.h
[7.739s] -- Up-to-date: /home/lfvmu/kobuki/install/include/eigen3/unsupported/Eigen/src/Skyline/SkylineMatrix.h
[7.739s] -- Up-to-date: /home/lfvmu/kobuki/install/include/eigen3/unsupported/Eigen/src/KroneckerProduct
[7.740s] -- Up-to-date: /home/lfvmu/kobuki/install/include/eigen3/unsupported/Eigen/src/KroneckerProduct/KroneckerTensorProduct.h
[7.740s] -- Up-to-date: /home/lfvmu/kobuki/install/include/eigen3/unsupported/Eigen/src/SparseExtra
[7.740s] -- Up-to-date: /home/lfvmu/kobuki/install/include/eigen3/unsupported/Eigen/src/SparseExtra/DynamicSparseMatrix.h
[7.740s] -- Up-to-date: /home/lfvmu/kobuki/install/include/eigen3/unsupported/Eigen/src/SparseExtra/MarketIO.h
[7.741s] -- Up-to-date: /home/lfvmu/kobuki/install/include/eigen3/unsupported/Eigen/src/SparseExtra/BlockSparseMatrix.h
[7.741s] -- Up-to-date: /home/lfvmu/kobuki/install/include/eigen3/unsupported/Eigen/src/SparseExtra/MatrixMarketIterator.h
[7.741s] -- Up-to-date: /home/lfvmu/kobuki/install/include/eigen3/unsupported/Eigen/src/SparseExtra/RandomSetter.h
[7.741s] -- Up-to-date: /home/lfvmu/kobuki/install/include/eigen3/unsupported/Eigen/src/SparseExtra/BlockOfDynamicSparseMatrix.h
[7.741s] -- Up-to-date: /home/lfvmu/kobuki/install/include/eigen3/unsupported/Eigen/src/NumericalDiff
[7.741s] -- Up-to-date: /home/lfvmu/kobuki/install/include/eigen3/unsupported/Eigen/src/NumericalDiff/NumericalDiff.h
[7.742s] -- Up-to-date: /home/lfvmu/kobuki/install/include/eigen3/unsupported/Eigen/src/AutoDiff
[7.742s] -- Up-to-date: /home/lfvmu/kobuki/install/include/eigen3/unsupported/Eigen/src/AutoDiff/AutoDiffJacobian.h
[7.742s] -- Up-to-date: /home/lfvmu/kobuki/install/include/eigen3/unsupported/Eigen/src/AutoDiff/AutoDiffVector.h
[7.742s] -- Up-to-date: /home/lfvmu/kobuki/install/include/eigen3/unsupported/Eigen/src/AutoDiff/AutoDiffScalar.h
[7.743s] -- Up-to-date: /home/lfvmu/kobuki/install/include/eigen3/unsupported/Eigen/src/Polynomials
[7.743s] -- Up-to-date: /home/lfvmu/kobuki/install/include/eigen3/unsupported/Eigen/src/Polynomials/PolynomialUtils.h
[7.743s] -- Up-to-date: /home/lfvmu/kobuki/install/include/eigen3/unsupported/Eigen/src/Polynomials/Companion.h
[7.743s] -- Up-to-date: /home/lfvmu/kobuki/install/include/eigen3/unsupported/Eigen/src/Polynomials/PolynomialSolver.h
[7.744s] -- Up-to-date: /home/lfvmu/kobuki/install/include/eigen3/unsupported/Eigen/CXX11/Tensor
[7.744s] -- Up-to-date: /home/lfvmu/kobuki/install/include/eigen3/unsupported/Eigen/CXX11/TensorSymmetry
[7.744s] -- Up-to-date: /home/lfvmu/kobuki/install/include/eigen3/unsupported/Eigen/CXX11/ThreadPool
[7.744s] -- Up-to-date: /home/lfvmu/kobuki/install/include/eigen3/unsupported/Eigen/CXX11/src
[7.744s] -- Up-to-date: /home/lfvmu/kobuki/install/include/eigen3/unsupported/Eigen/CXX11/src/ThreadPool
[7.745s] -- Up-to-date: /home/lfvmu/kobuki/install/include/eigen3/unsupported/Eigen/CXX11/src/ThreadPool/ThreadEnvironment.h
[7.745s] -- Up-to-date: /home/lfvmu/kobuki/install/include/eigen3/unsupported/Eigen/CXX11/src/ThreadPool/NonBlockingThreadPool.h
[7.745s] -- Up-to-date: /home/lfvmu/kobuki/install/include/eigen3/unsupported/Eigen/CXX11/src/ThreadPool/ThreadLocal.h
[7.745s] -- Up-to-date: /home/lfvmu/kobuki/install/include/eigen3/unsupported/Eigen/CXX11/src/ThreadPool/ThreadYield.h
[7.746s] -- Up-to-date: /home/lfvmu/kobuki/install/include/eigen3/unsupported/Eigen/CXX11/src/ThreadPool/RunQueue.h
[7.746s] -- Up-to-date: /home/lfvmu/kobuki/install/include/eigen3/unsupported/Eigen/CXX11/src/ThreadPool/SimpleThreadPool.h
[7.746s] -- Up-to-date: /home/lfvmu/kobuki/install/include/eigen3/unsupported/Eigen/CXX11/src/ThreadPool/ThreadPoolInterface.h
[7.746s] -- Up-to-date: /home/lfvmu/kobuki/install/include/eigen3/unsupported/Eigen/CXX11/src/ThreadPool/EventCount.h
[7.746s] -- Up-to-date: /home/lfvmu/kobuki/install/include/eigen3/unsupported/Eigen/CXX11/src/Tensor
[7.747s] -- Up-to-date: /home/lfvmu/kobuki/install/include/eigen3/unsupported/Eigen/CXX11/src/Tensor/TensorRef.h
[7.747s] -- Up-to-date: /home/lfvmu/kobuki/install/include/eigen3/unsupported/Eigen/CXX11/src/Tensor/TensorForcedEval.h
[7.747s] -- Up-to-date: /home/lfvmu/kobuki/install/include/eigen3/unsupported/Eigen/CXX11/src/Tensor/TensorIntDiv.h
[7.747s] -- Up-to-date: /home/lfvmu/kobuki/install/include/eigen3/unsupported/Eigen/CXX11/src/Tensor/TensorMeta.h
[7.748s] -- Up-to-date: /home/lfvmu/kobuki/install/include/eigen3/unsupported/Eigen/CXX11/src/Tensor/TensorForwardDeclarations.h
[7.748s] -- Up-to-date: /home/lfvmu/kobuki/install/include/eigen3/unsupported/Eigen/CXX11/src/Tensor/TensorConversion.h
[7.748s] -- Up-to-date: /home/lfvmu/kobuki/install/include/eigen3/unsupported/Eigen/CXX11/src/Tensor/TensorFunctors.h
[7.748s] -- Up-to-date: /home/lfvmu/kobuki/install/include/eigen3/unsupported/Eigen/CXX11/src/Tensor/TensorEvaluator.h
[7.748s] -- Up-to-date: /home/lfvmu/kobuki/install/include/eigen3/unsupported/Eigen/CXX11/src/Tensor/TensorRandom.h
[7.749s] -- Up-to-date: /home/lfvmu/kobuki/install/include/eigen3/unsupported/Eigen/CXX11/src/Tensor/TensorShuffling.h
[7.749s] -- Up-to-date: /home/lfvmu/kobuki/install/include/eigen3/unsupported/Eigen/CXX11/src/Tensor/TensorExpr.h
[7.749s] -- Up-to-date: /home/lfvmu/kobuki/install/include/eigen3/unsupported/Eigen/CXX11/src/Tensor/TensorBroadcasting.h
[7.749s] -- Up-to-date: /home/lfvmu/kobuki/install/include/eigen3/unsupported/Eigen/CXX11/src/Tensor/TensorFFT.h
[7.750s] -- Up-to-date: /home/lfvmu/kobuki/install/include/eigen3/unsupported/Eigen/CXX11/src/Tensor/TensorInitializer.h
[7.750s] -- Up-to-date: /home/lfvmu/kobuki/install/include/eigen3/unsupported/Eigen/CXX11/src/Tensor/TensorPatch.h
[7.750s] -- Up-to-date: /home/lfvmu/kobuki/install/include/eigen3/unsupported/Eigen/CXX11/src/Tensor/TensorMacros.h
[7.750s] -- Up-to-date: /home/lfvmu/kobuki/install/include/eigen3/unsupported/Eigen/CXX11/src/Tensor/TensorContractionThreadPool.h
[7.751s] -- Up-to-date: /home/lfvmu/kobuki/install/include/eigen3/unsupported/Eigen/CXX11/src/Tensor/TensorGenerator.h
[7.751s] -- Up-to-date: /home/lfvmu/kobuki/install/include/eigen3/unsupported/Eigen/CXX11/src/Tensor/TensorSyclConvertToDeviceExpression.h
[7.751s] -- Up-to-date: /home/lfvmu/kobuki/install/include/eigen3/unsupported/Eigen/CXX11/src/Tensor/TensorSycl.h
[7.751s] -- Up-to-date: /home/lfvmu/kobuki/install/include/eigen3/unsupported/Eigen/CXX11/src/Tensor/TensorContractionBlocking.h
[7.751s] -- Up-to-date: /home/lfvmu/kobuki/install/include/eigen3/unsupported/Eigen/CXX11/src/Tensor/TensorSyclExtractAccessor.h
[7.752s] -- Up-to-date: /home/lfvmu/kobuki/install/include/eigen3/unsupported/Eigen/CXX11/src/Tensor/TensorSyclTuple.h
[7.752s] -- Up-to-date: /home/lfvmu/kobuki/install/include/eigen3/unsupported/Eigen/CXX11/src/Tensor/TensorDimensionList.h
[7.752s] -- Up-to-date: /home/lfvmu/kobuki/install/include/eigen3/unsupported/Eigen/CXX11/src/Tensor/TensorDeviceDefault.h
[7.753s] -- Up-to-date: /home/lfvmu/kobuki/install/include/eigen3/unsupported/Eigen/CXX11/src/Tensor/TensorExecutor.h
[7.753s] -- Up-to-date: /home/lfvmu/kobuki/install/include/eigen3/unsupported/Eigen/CXX11/src/Tensor/TensorDeviceThreadPool.h
[7.753s] -- Up-to-date: /home/lfvmu/kobuki/install/include/eigen3/unsupported/Eigen/CXX11/src/Tensor/TensorDeviceCuda.h
[7.753s] -- Up-to-date: /home/lfvmu/kobuki/install/include/eigen3/unsupported/Eigen/CXX11/src/Tensor/TensorSyclPlaceHolderExpr.h
[7.754s] -- Up-to-date: /home/lfvmu/kobuki/install/include/eigen3/unsupported/Eigen/CXX11/src/Tensor/TensorChipping.h
[7.754s] -- Up-to-date: /home/lfvmu/kobuki/install/include/eigen3/unsupported/Eigen/CXX11/src/Tensor/TensorBase.h
[7.754s] -- Up-to-date: /home/lfvmu/kobuki/install/include/eigen3/unsupported/Eigen/CXX11/src/Tensor/TensorGlobalFunctions.h
[7.754s] -- Up-to-date: /home/lfvmu/kobuki/install/include/eigen3/unsupported/Eigen/CXX11/src/Tensor/TensorStriding.h
[7.755s] -- Up-to-date: /home/lfvmu/kobuki/install/include/eigen3/unsupported/Eigen/CXX11/src/Tensor/TensorContraction.h
[7.755s] -- Up-to-date: /home/lfvmu/kobuki/install/include/eigen3/unsupported/Eigen/CXX11/src/Tensor/TensorContractionMapper.h
[7.755s] -- Up-to-date: /home/lfvmu/kobuki/install/include/eigen3/unsupported/Eigen/CXX11/src/Tensor/TensorArgMax.h
[7.755s] -- Up-to-date: /home/lfvmu/kobuki/install/include/eigen3/unsupported/Eigen/CXX11/src/Tensor/TensorReduction.h
[7.755s] -- Up-to-date: /home/lfvmu/kobuki/install/include/eigen3/unsupported/Eigen/CXX11/src/Tensor/TensorEvalTo.h
[7.756s] -- Up-to-date: /home/lfvmu/kobuki/install/include/eigen3/unsupported/Eigen/CXX11/src/Tensor/Tensor.h
[7.756s] -- Up-to-date: /home/lfvmu/kobuki/install/include/eigen3/unsupported/Eigen/CXX11/src/Tensor/TensorPadding.h
[7.756s] -- Up-to-date: /home/lfvmu/kobuki/install/include/eigen3/unsupported/Eigen/CXX11/src/Tensor/TensorReverse.h
[7.756s] -- Up-to-date: /home/lfvmu/kobuki/install/include/eigen3/unsupported/Eigen/CXX11/src/Tensor/TensorCostModel.h
[7.757s] -- Up-to-date: /home/lfvmu/kobuki/install/include/eigen3/unsupported/Eigen/CXX11/src/Tensor/TensorSyclLeafCount.h
[7.757s] -- Up-to-date: /home/lfvmu/kobuki/install/include/eigen3/unsupported/Eigen/CXX11/src/Tensor/TensorSyclExprConstructor.h
[7.757s] -- Up-to-date: /home/lfvmu/kobuki/install/include/eigen3/unsupported/Eigen/CXX11/src/Tensor/TensorImagePatch.h
[7.757s] -- Up-to-date: /home/lfvmu/kobuki/install/include/eigen3/unsupported/Eigen/CXX11/src/Tensor/TensorAssign.h
[7.757s] -- Up-to-date: /home/lfvmu/kobuki/install/include/eigen3/unsupported/Eigen/CXX11/src/Tensor/TensorScan.h
[7.758s] -- Up-to-date: /home/lfvmu/kobuki/install/include/eigen3/unsupported/Eigen/CXX11/src/Tensor/TensorStorage.h
[7.758s] -- Up-to-date: /home/lfvmu/kobuki/install/include/eigen3/unsupported/Eigen/CXX11/src/Tensor/TensorDeviceSycl.h
[7.758s] -- Up-to-date: /home/lfvmu/kobuki/install/include/eigen3/unsupported/Eigen/CXX11/src/Tensor/TensorReductionCuda.h
[7.758s] -- Up-to-date: /home/lfvmu/kobuki/install/include/eigen3/unsupported/Eigen/CXX11/src/Tensor/TensorVolumePatch.h
[7.759s] -- Up-to-date: /home/lfvmu/kobuki/install/include/eigen3/unsupported/Eigen/CXX11/src/Tensor/TensorIO.h
[7.759s] -- Up-to-date: /home/lfvmu/kobuki/install/include/eigen3/unsupported/Eigen/CXX11/src/Tensor/TensorConcatenation.h
[7.759s] -- Up-to-date: /home/lfvmu/kobuki/install/include/eigen3/unsupported/Eigen/CXX11/src/Tensor/TensorContractionCuda.h
[7.759s] -- Up-to-date: /home/lfvmu/kobuki/install/include/eigen3/unsupported/Eigen/CXX11/src/Tensor/TensorCustomOp.h
[7.760s] -- Up-to-date: /home/lfvmu/kobuki/install/include/eigen3/unsupported/Eigen/CXX11/src/Tensor/TensorReductionSycl.h
[7.760s] -- Up-to-date: /home/lfvmu/kobuki/install/include/eigen3/unsupported/Eigen/CXX11/src/Tensor/TensorIndexList.h
[7.760s] -- Up-to-date: /home/lfvmu/kobuki/install/include/eigen3/unsupported/Eigen/CXX11/src/Tensor/TensorLayoutSwap.h
[7.760s] -- Up-to-date: /home/lfvmu/kobuki/install/include/eigen3/unsupported/Eigen/CXX11/src/Tensor/TensorDimensions.h
[7.760s] -- Up-to-date: /home/lfvmu/kobuki/install/include/eigen3/unsupported/Eigen/CXX11/src/Tensor/TensorDevice.h
[7.761s] -- Up-to-date: /home/lfvmu/kobuki/install/include/eigen3/unsupported/Eigen/CXX11/src/Tensor/TensorUInt128.h
[7.761s] -- Up-to-date: /home/lfvmu/kobuki/install/include/eigen3/unsupported/Eigen/CXX11/src/Tensor/TensorSyclRun.h
[7.761s] -- Up-to-date: /home/lfvmu/kobuki/install/include/eigen3/unsupported/Eigen/CXX11/src/Tensor/TensorSyclExtractFunctors.h
[7.761s] -- Up-to-date: /home/lfvmu/kobuki/install/include/eigen3/unsupported/Eigen/CXX11/src/Tensor/TensorInflation.h
[7.762s] -- Up-to-date: /home/lfvmu/kobuki/install/include/eigen3/unsupported/Eigen/CXX11/src/Tensor/TensorTraits.h
[7.762s] -- Up-to-date: /home/lfvmu/kobuki/install/include/eigen3/unsupported/Eigen/CXX11/src/Tensor/TensorMorphing.h
[7.762s] -- Up-to-date: /home/lfvmu/kobuki/install/include/eigen3/unsupported/Eigen/CXX11/src/Tensor/TensorConvolution.h
[7.762s] -- Up-to-date: /home/lfvmu/kobuki/install/include/eigen3/unsupported/Eigen/CXX11/src/Tensor/TensorFixedSize.h
[7.762s] -- Up-to-date: /home/lfvmu/kobuki/install/include/eigen3/unsupported/Eigen/CXX11/src/Tensor/TensorMap.h
[7.763s] -- Up-to-date: /home/lfvmu/kobuki/install/include/eigen3/unsupported/Eigen/CXX11/src/util
[7.763s] -- Up-to-date: /home/lfvmu/kobuki/install/include/eigen3/unsupported/Eigen/CXX11/src/util/MaxSizeVector.h
[7.763s] -- Up-to-date: /home/lfvmu/kobuki/install/include/eigen3/unsupported/Eigen/CXX11/src/util/CXX11Meta.h
[7.763s] -- Up-to-date: /home/lfvmu/kobuki/install/include/eigen3/unsupported/Eigen/CXX11/src/util/EmulateArray.h
[7.764s] -- Up-to-date: /home/lfvmu/kobuki/install/include/eigen3/unsupported/Eigen/CXX11/src/util/EmulateCXX11Meta.h
[7.764s] -- Up-to-date: /home/lfvmu/kobuki/install/include/eigen3/unsupported/Eigen/CXX11/src/util/CXX11Workarounds.h
[7.764s] -- Up-to-date: /home/lfvmu/kobuki/install/include/eigen3/unsupported/Eigen/CXX11/src/TensorSymmetry
[7.764s] -- Up-to-date: /home/lfvmu/kobuki/install/include/eigen3/unsupported/Eigen/CXX11/src/TensorSymmetry/StaticSymmetry.h
[7.764s] -- Up-to-date: /home/lfvmu/kobuki/install/include/eigen3/unsupported/Eigen/CXX11/src/TensorSymmetry/Symmetry.h
[7.765s] -- Up-to-date: /home/lfvmu/kobuki/install/include/eigen3/unsupported/Eigen/CXX11/src/TensorSymmetry/DynamicSymmetry.h
[7.765s] -- Up-to-date: /home/lfvmu/kobuki/install/include/eigen3/unsupported/Eigen/CXX11/src/TensorSymmetry/util
[7.765s] -- Up-to-date: /home/lfvmu/kobuki/install/include/eigen3/unsupported/Eigen/CXX11/src/TensorSymmetry/util/TemplateGroupTheory.h
[7.969s] Invoked command in '/home/lfvmu/kobuki/build/eigen' returned '0': /usr/bin/cmake --install /home/lfvmu/kobuki/build/eigen
