[1.911s] Invoking command in '/home/lfvmu/kobuki/src/ament_lint/ament_lint_cmake': PYTHONPATH=/home/lfvmu/kobuki/build/ament_lint_cmake/prefix_override:/home/lfvmu/kobuki/install/lib/python3.8/site-packages:${PYTHONPATH} /usr/bin/python3 setup.py egg_info --egg-base ../../../build/ament_lint_cmake build --build-base /home/lfvmu/kobuki/build/ament_lint_cmake/build install --record /home/lfvmu/kobuki/build/ament_lint_cmake/install.log --single-version-externally-managed
[2.324s] running egg_info
[2.324s] writing ../../../build/ament_lint_cmake/ament_lint_cmake.egg-info/PKG-INFO
[2.324s] writing dependency_links to ../../../build/ament_lint_cmake/ament_lint_cmake.egg-info/dependency_links.txt
[2.324s] writing entry points to ../../../build/ament_lint_cmake/ament_lint_cmake.egg-info/entry_points.txt
[2.325s] writing requirements to ../../../build/ament_lint_cmake/ament_lint_cmake.egg-info/requires.txt
[2.325s] writing top-level names to ../../../build/ament_lint_cmake/ament_lint_cmake.egg-info/top_level.txt
[2.429s] reading manifest file '../../../build/ament_lint_cmake/ament_lint_cmake.egg-info/SOURCES.txt'
[2.432s] writing manifest file '../../../build/ament_lint_cmake/ament_lint_cmake.egg-info/SOURCES.txt'
[2.432s] running build
[2.432s] running build_py
[2.433s] running install
[2.434s] running install_lib
[2.437s] running install_data
[2.438s] running install_egg_info
[2.441s] removing '/home/lfvmu/kobuki/install/lib/python3.8/site-packages/ament_lint_cmake-0.9.7-py3.8.egg-info' (and everything under it)
[2.442s] Copying ../../../build/ament_lint_cmake/ament_lint_cmake.egg-info to /home/lfvmu/kobuki/install/lib/python3.8/site-packages/ament_lint_cmake-0.9.7-py3.8.egg-info
[2.445s] running install_scripts
[2.488s] Installing ament_lint_cmake script to /home/lfvmu/kobuki/install/bin
[2.489s] writing list of installed files to '/home/lfvmu/kobuki/build/ament_lint_cmake/install.log'
[3.074s] Invoked command in '/home/lfvmu/kobuki/src/ament_lint/ament_lint_cmake' returned '0': PYTHONPATH=/home/lfvmu/kobuki/build/ament_lint_cmake/prefix_override:/home/lfvmu/kobuki/install/lib/python3.8/site-packages:${PYTHONPATH} /usr/bin/python3 setup.py egg_info --egg-base ../../../build/ament_lint_cmake build --build-base /home/lfvmu/kobuki/build/ament_lint_cmake/build install --record /home/lfvmu/kobuki/build/ament_lint_cmake/install.log --single-version-externally-managed
