[0.152s] Invoking command in '/home/lfvmu/kobuki/build/ament_cmake_pep257': /usr/bin/cmake /home/lfvmu/kobuki/src/ament_lint/ament_cmake_pep257 -DBUILD_TESTING=OFF -DCMAKE_INSTALL_PREFIX=/home/lfvmu/kobuki/install
[0.190s] Re-run cmake no build system arguments
[0.190s] -- Found ament_cmake_core: 0.9.11 (/home/lfvmu/kobuki/install/share/ament_cmake_core/cmake)
[0.229s] -- Using PYTHON_EXECUTABLE: /usr/bin/python3
[0.615s] -- Found ament_cmake_test: 0.9.11 (/home/lfvmu/kobuki/install/share/ament_cmake_test/cmake)
[0.837s] -- Configuring done
[0.845s] -- Generating done
[0.846s] -- Build files have been written to: /home/lfvmu/kobuki/build/ament_cmake_pep257
[0.941s] Invoked command in '/home/lfvmu/kobuki/build/ament_cmake_pep257' returned '0': /usr/bin/cmake /home/lfvmu/kobuki/src/ament_lint/ament_cmake_pep257 -DBUILD_TESTING=OFF -DCMAKE_INSTALL_PREFIX=/home/lfvmu/kobuki/install
[0.947s] Invoking command in '/home/lfvmu/kobuki/build/ament_cmake_pep257': /usr/bin/cmake --build /home/lfvmu/kobuki/build/ament_cmake_pep257 -- -j4 -l4
[1.184s] /usr/bin/cmake -S/home/lfvmu/kobuki/src/ament_lint/ament_cmake_pep257 -B/home/lfvmu/kobuki/build/ament_cmake_pep257 --check-build-system CMakeFiles/Makefile.cmake 0
[1.184s] /usr/bin/cmake -E cmake_progress_start /home/lfvmu/kobuki/build/ament_cmake_pep257/CMakeFiles /home/lfvmu/kobuki/build/ament_cmake_pep257/CMakeFiles/progress.marks
[1.184s] /usr/bin/make -f CMakeFiles/Makefile2 all
[1.184s] make[1]: Entering directory '/home/lfvmu/kobuki/build/ament_cmake_pep257'
[1.185s] make[1]: Nothing to be done for 'all'.
[1.185s] make[1]: Leaving directory '/home/lfvmu/kobuki/build/ament_cmake_pep257'
[1.185s] /usr/bin/cmake -E cmake_progress_start /home/lfvmu/kobuki/build/ament_cmake_pep257/CMakeFiles 0
[1.238s] Invoked command in '/home/lfvmu/kobuki/build/ament_cmake_pep257' returned '0': /usr/bin/cmake --build /home/lfvmu/kobuki/build/ament_cmake_pep257 -- -j4 -l4
[1.351s] Invoking command in '/home/lfvmu/kobuki/build/ament_cmake_pep257': /usr/bin/cmake --install /home/lfvmu/kobuki/build/ament_cmake_pep257
[1.370s] -- Install configuration: "RelWithDebInfo"
[1.371s] -- Up-to-date: /home/lfvmu/kobuki/install/share/ament_index/resource_index/package_run_dependencies/ament_cmake_pep257
[1.371s] -- Up-to-date: /home/lfvmu/kobuki/install/share/ament_index/resource_index/parent_prefix_path/ament_cmake_pep257
[1.372s] -- Up-to-date: /home/lfvmu/kobuki/install/share/ament_cmake_pep257/environment/ament_prefix_path.sh
[1.372s] -- Installing: /home/lfvmu/kobuki/install/share/ament_cmake_pep257/environment/ament_prefix_path.dsv
[1.373s] -- Up-to-date: /home/lfvmu/kobuki/install/share/ament_cmake_pep257/environment/path.sh
[1.374s] -- Installing: /home/lfvmu/kobuki/install/share/ament_cmake_pep257/environment/path.dsv
[1.378s] -- Up-to-date: /home/lfvmu/kobuki/install/share/ament_cmake_pep257/local_setup.bash
[1.379s] -- Up-to-date: /home/lfvmu/kobuki/install/share/ament_cmake_pep257/local_setup.sh
[1.387s] -- Up-to-date: /home/lfvmu/kobuki/install/share/ament_cmake_pep257/local_setup.zsh
[1.408s] -- Installing: /home/lfvmu/kobuki/install/share/ament_cmake_pep257/local_setup.dsv
[1.409s] -- Installing: /home/lfvmu/kobuki/install/share/ament_cmake_pep257/package.dsv
[1.420s] -- Up-to-date: /home/lfvmu/kobuki/install/share/ament_index/resource_index/packages/ament_cmake_pep257
[1.420s] -- Up-to-date: /home/lfvmu/kobuki/install/share/ament_cmake_pep257/cmake/ament_cmake_pep257-extras.cmake
[1.420s] -- Up-to-date: /home/lfvmu/kobuki/install/share/ament_cmake_pep257/cmake/ament_cmake_pep257Config.cmake
[1.421s] -- Up-to-date: /home/lfvmu/kobuki/install/share/ament_cmake_pep257/cmake/ament_cmake_pep257Config-version.cmake
[1.421s] -- Up-to-date: /home/lfvmu/kobuki/install/share/ament_cmake_pep257/package.xml
[1.422s] -- Up-to-date: /home/lfvmu/kobuki/install/share/ament_cmake_pep257/cmake
[1.422s] -- Up-to-date: /home/lfvmu/kobuki/install/share/ament_cmake_pep257/cmake/ament_cmake_pep257_lint_hook.cmake
[1.423s] -- Up-to-date: /home/lfvmu/kobuki/install/share/ament_cmake_pep257/cmake/ament_pep257.cmake
[1.588s] Invoked command in '/home/lfvmu/kobuki/build/ament_cmake_pep257' returned '0': /usr/bin/cmake --install /home/lfvmu/kobuki/build/ament_cmake_pep257
