[0.101s] Invoking command in '/home/lfvmu/kobuki/build/ament_cmake_export_dependencies': /usr/bin/cmake /home/lfvmu/kobuki/src/ament_cmake/ament_cmake_export_dependencies -DBUILD_TESTING=OFF --no-warn-unused-cli -DCMAKE_INSTALL_PREFIX=/home/lfvmu/kobuki/install
[0.133s] Not searching for unused variables given on the command line.
[0.133s] -- Found ament_cmake_core: 0.9.11 (/home/lfvmu/kobuki/install/share/ament_cmake_core/cmake)
[0.183s] -- Using PYTHON_EXECUTABLE: /usr/bin/python3
[0.691s] -- Configuring done
[0.698s] -- Generating done
[0.699s] -- Build files have been written to: /home/lfvmu/kobuki/build/ament_cmake_export_dependencies
[0.772s] Invoked command in '/home/lfvmu/kobuki/build/ament_cmake_export_dependencies' returned '0': /usr/bin/cmake /home/lfvmu/kobuki/src/ament_cmake/ament_cmake_export_dependencies -DBUILD_TESTING=OFF --no-warn-unused-cli -DCMAKE_INSTALL_PREFIX=/home/lfvmu/kobuki/install
[0.777s] Invoking command in '/home/lfvmu/kobuki/build/ament_cmake_export_dependencies': /usr/bin/cmake --build /home/lfvmu/kobuki/build/ament_cmake_export_dependencies -- -j4 -l4
[1.086s] Invoked command in '/home/lfvmu/kobuki/build/ament_cmake_export_dependencies' returned '0': /usr/bin/cmake --build /home/lfvmu/kobuki/build/ament_cmake_export_dependencies -- -j4 -l4
[1.146s] Invoking command in '/home/lfvmu/kobuki/build/ament_cmake_export_dependencies': /usr/bin/cmake --install /home/lfvmu/kobuki/build/ament_cmake_export_dependencies
[1.165s] -- Install configuration: "RelWithDebInfo"
[1.166s] -- Up-to-date: /home/lfvmu/kobuki/install/share/ament_index/resource_index/package_run_dependencies/ament_cmake_export_dependencies
[1.166s] -- Up-to-date: /home/lfvmu/kobuki/install/share/ament_index/resource_index/parent_prefix_path/ament_cmake_export_dependencies
[1.167s] -- Up-to-date: /home/lfvmu/kobuki/install/share/ament_cmake_export_dependencies/environment/ament_prefix_path.sh
[1.167s] -- Installing: /home/lfvmu/kobuki/install/share/ament_cmake_export_dependencies/environment/ament_prefix_path.dsv
[1.167s] -- Up-to-date: /home/lfvmu/kobuki/install/share/ament_cmake_export_dependencies/environment/path.sh
[1.168s] -- Installing: /home/lfvmu/kobuki/install/share/ament_cmake_export_dependencies/environment/path.dsv
[1.168s] -- Up-to-date: /home/lfvmu/kobuki/install/share/ament_cmake_export_dependencies/local_setup.bash
[1.168s] -- Up-to-date: /home/lfvmu/kobuki/install/share/ament_cmake_export_dependencies/local_setup.sh
[1.168s] -- Up-to-date: /home/lfvmu/kobuki/install/share/ament_cmake_export_dependencies/local_setup.zsh
[1.169s] -- Installing: /home/lfvmu/kobuki/install/share/ament_cmake_export_dependencies/local_setup.dsv
[1.169s] -- Installing: /home/lfvmu/kobuki/install/share/ament_cmake_export_dependencies/package.dsv
[1.170s] -- Up-to-date: /home/lfvmu/kobuki/install/share/ament_index/resource_index/packages/ament_cmake_export_dependencies
[1.170s] -- Up-to-date: /home/lfvmu/kobuki/install/share/ament_cmake_export_dependencies/cmake/ament_cmake_export_dependencies-extras.cmake
[1.170s] -- Up-to-date: /home/lfvmu/kobuki/install/share/ament_cmake_export_dependencies/cmake/ament_cmake_export_dependenciesConfig.cmake
[1.170s] -- Up-to-date: /home/lfvmu/kobuki/install/share/ament_cmake_export_dependencies/cmake/ament_cmake_export_dependenciesConfig-version.cmake
[1.171s] -- Up-to-date: /home/lfvmu/kobuki/install/share/ament_cmake_export_dependencies/package.xml
[1.171s] -- Up-to-date: /home/lfvmu/kobuki/install/share/ament_cmake_export_dependencies/cmake
[1.171s] -- Up-to-date: /home/lfvmu/kobuki/install/share/ament_cmake_export_dependencies/cmake/ament_cmake_export_dependencies_package_hook.cmake
[1.171s] -- Up-to-date: /home/lfvmu/kobuki/install/share/ament_cmake_export_dependencies/cmake/ament_export_dependencies.cmake
[1.172s] -- Up-to-date: /home/lfvmu/kobuki/install/share/ament_cmake_export_dependencies/cmake/ament_cmake_export_dependencies-extras.cmake.in
[1.184s] Invoked command in '/home/lfvmu/kobuki/build/ament_cmake_export_dependencies' returned '0': /usr/bin/cmake --install /home/lfvmu/kobuki/build/ament_cmake_export_dependencies
