[0.570s] Invoking command in '/home/lfvmu/kobuki/build/ecl_ipc': AMENT_PREFIX_PATH=/home/lfvmu/kobuki/install CMAKE_PREFIX_PATH=/home/lfvmu/kobuki/install LD_LIBRARY_PATH=/home/lfvmu/kobuki/install/lib PATH=/home/lfvmu/kobuki/install/bin:${PATH} PYTHONPATH=/home/lfvmu/kobuki/install/lib/python3.8/site-packages /usr/bin/cmake /home/lfvmu/kobuki/src/ecl_core/ecl_ipc -DBUILD_TESTING=OFF -DCMAKE_INSTALL_PREFIX=/home/lfvmu/kobuki/install
[0.655s] Re-run cmake no build system arguments
[0.657s] -- Found ament_cmake_ros: 0.9.2 (/home/lfvmu/kobuki/install/share/ament_cmake_ros/cmake)
[0.684s] -- Using PYTHON_EXECUTABLE: /usr/bin/python3
[1.008s] -- Found ecl_build: 1.0.3 (/home/lfvmu/kobuki/install/share/ecl_build/cmake)
[1.036s] -- Found ecl_config: 1.1.0 (/home/lfvmu/kobuki/install/share/ecl_config/cmake)
[1.038s] -- Found ecl_errors: 1.1.0 (/home/lfvmu/kobuki/install/share/ecl_errors/cmake)
[1.045s] -- Found ecl_time_lite: 1.1.0 (/home/lfvmu/kobuki/install/share/ecl_time_lite/cmake)
[1.073s] -- Found ecl_exceptions: 1.2.1 (/home/lfvmu/kobuki/install/share/ecl_exceptions/cmake)
[1.074s] -- Found ecl_threads: 1.2.1 (/home/lfvmu/kobuki/install/share/ecl_threads/cmake)
[1.300s] -- Configuring done
[1.330s] -- Generating done
[1.345s] -- Build files have been written to: /home/lfvmu/kobuki/build/ecl_ipc
[1.502s] Invoked command in '/home/lfvmu/kobuki/build/ecl_ipc' returned '0': AMENT_PREFIX_PATH=/home/lfvmu/kobuki/install CMAKE_PREFIX_PATH=/home/lfvmu/kobuki/install LD_LIBRARY_PATH=/home/lfvmu/kobuki/install/lib PATH=/home/lfvmu/kobuki/install/bin:${PATH} PYTHONPATH=/home/lfvmu/kobuki/install/lib/python3.8/site-packages /usr/bin/cmake /home/lfvmu/kobuki/src/ecl_core/ecl_ipc -DBUILD_TESTING=OFF -DCMAKE_INSTALL_PREFIX=/home/lfvmu/kobuki/install
[1.505s] Invoking command in '/home/lfvmu/kobuki/build/ecl_ipc': AMENT_PREFIX_PATH=/home/lfvmu/kobuki/install CMAKE_PREFIX_PATH=/home/lfvmu/kobuki/install LD_LIBRARY_PATH=/home/lfvmu/kobuki/install/lib PATH=/home/lfvmu/kobuki/install/bin:${PATH} PYTHONPATH=/home/lfvmu/kobuki/install/lib/python3.8/site-packages /usr/bin/cmake --build /home/lfvmu/kobuki/build/ecl_ipc -- -j4 -l4
[1.555s] /usr/bin/cmake -S/home/lfvmu/kobuki/src/ecl_core/ecl_ipc -B/home/lfvmu/kobuki/build/ecl_ipc --check-build-system CMakeFiles/Makefile.cmake 0
[1.580s] /usr/bin/cmake -E cmake_progress_start /home/lfvmu/kobuki/build/ecl_ipc/CMakeFiles /home/lfvmu/kobuki/build/ecl_ipc/CMakeFiles/progress.marks
[1.606s] /usr/bin/make -f CMakeFiles/Makefile2 all
[1.609s] make[1]: Entering directory '/home/lfvmu/kobuki/build/ecl_ipc'
[1.609s] /usr/bin/make -f src/lib/CMakeFiles/ecl_ipc.dir/build.make src/lib/CMakeFiles/ecl_ipc.dir/depend
[1.612s] make[2]: Entering directory '/home/lfvmu/kobuki/build/ecl_ipc'
[1.612s] cd /home/lfvmu/kobuki/build/ecl_ipc && /usr/bin/cmake -E cmake_depends "Unix Makefiles" /home/lfvmu/kobuki/src/ecl_core/ecl_ipc /home/lfvmu/kobuki/src/ecl_core/ecl_ipc/src/lib /home/lfvmu/kobuki/build/ecl_ipc /home/lfvmu/kobuki/build/ecl_ipc/src/lib /home/lfvmu/kobuki/build/ecl_ipc/src/lib/CMakeFiles/ecl_ipc.dir/DependInfo.cmake --color=
[1.653s] make[2]: Leaving directory '/home/lfvmu/kobuki/build/ecl_ipc'
[1.654s] /usr/bin/make -f src/lib/CMakeFiles/ecl_ipc.dir/build.make src/lib/CMakeFiles/ecl_ipc.dir/build
[1.662s] make[2]: Entering directory '/home/lfvmu/kobuki/build/ecl_ipc'
[1.662s] make[2]: Nothing to be done for 'src/lib/CMakeFiles/ecl_ipc.dir/build'.
[1.662s] make[2]: Leaving directory '/home/lfvmu/kobuki/build/ecl_ipc'
[1.688s] [100%] Built target ecl_ipc
[1.703s] make[1]: Leaving directory '/home/lfvmu/kobuki/build/ecl_ipc'
[1.703s] /usr/bin/cmake -E cmake_progress_start /home/lfvmu/kobuki/build/ecl_ipc/CMakeFiles 0
[1.876s] Invoked command in '/home/lfvmu/kobuki/build/ecl_ipc' returned '0': AMENT_PREFIX_PATH=/home/lfvmu/kobuki/install CMAKE_PREFIX_PATH=/home/lfvmu/kobuki/install LD_LIBRARY_PATH=/home/lfvmu/kobuki/install/lib PATH=/home/lfvmu/kobuki/install/bin:${PATH} PYTHONPATH=/home/lfvmu/kobuki/install/lib/python3.8/site-packages /usr/bin/cmake --build /home/lfvmu/kobuki/build/ecl_ipc -- -j4 -l4
[2.190s] Invoking command in '/home/lfvmu/kobuki/build/ecl_ipc': AMENT_PREFIX_PATH=/home/lfvmu/kobuki/install CMAKE_PREFIX_PATH=/home/lfvmu/kobuki/install LD_LIBRARY_PATH=/home/lfvmu/kobuki/install/lib PATH=/home/lfvmu/kobuki/install/bin:${PATH} PYTHONPATH=/home/lfvmu/kobuki/install/lib/python3.8/site-packages /usr/bin/cmake --install /home/lfvmu/kobuki/build/ecl_ipc
[2.210s] -- Install configuration: ""
[2.210s] -- Up-to-date: /home/lfvmu/kobuki/install/share/ecl_ipc/environment/library_path.sh
[2.211s] -- Installing: /home/lfvmu/kobuki/install/share/ecl_ipc/environment/library_path.dsv
[2.211s] -- Up-to-date: /home/lfvmu/kobuki/install/share/ament_index/resource_index/package_run_dependencies/ecl_ipc
[2.212s] -- Up-to-date: /home/lfvmu/kobuki/install/share/ament_index/resource_index/parent_prefix_path/ecl_ipc
[2.212s] -- Up-to-date: /home/lfvmu/kobuki/install/share/ecl_ipc/environment/ament_prefix_path.sh
[2.213s] -- Installing: /home/lfvmu/kobuki/install/share/ecl_ipc/environment/ament_prefix_path.dsv
[2.213s] -- Up-to-date: /home/lfvmu/kobuki/install/share/ecl_ipc/environment/path.sh
[2.213s] -- Installing: /home/lfvmu/kobuki/install/share/ecl_ipc/environment/path.dsv
[2.214s] -- Up-to-date: /home/lfvmu/kobuki/install/share/ecl_ipc/local_setup.bash
[2.214s] -- Up-to-date: /home/lfvmu/kobuki/install/share/ecl_ipc/local_setup.sh
[2.214s] -- Up-to-date: /home/lfvmu/kobuki/install/share/ecl_ipc/local_setup.zsh
[2.215s] -- Installing: /home/lfvmu/kobuki/install/share/ecl_ipc/local_setup.dsv
[2.215s] -- Installing: /home/lfvmu/kobuki/install/share/ecl_ipc/package.dsv
[2.215s] -- Up-to-date: /home/lfvmu/kobuki/install/share/ament_index/resource_index/packages/ecl_ipc
[2.216s] -- Up-to-date: /home/lfvmu/kobuki/install/share/ecl_ipc/cmake/ecl_ipcExport.cmake
[2.216s] -- Installing: /home/lfvmu/kobuki/install/share/ecl_ipc/cmake/ecl_ipcExport-noconfig.cmake
[2.216s] -- Up-to-date: /home/lfvmu/kobuki/install/share/ecl_ipc/cmake/ament_cmake_export_targets-extras.cmake
[2.216s] -- Up-to-date: /home/lfvmu/kobuki/install/share/ecl_ipc/cmake/ament_cmake_export_include_directories-extras.cmake
[2.217s] -- Up-to-date: /home/lfvmu/kobuki/install/share/ecl_ipc/cmake/ament_cmake_export_libraries-extras.cmake
[2.217s] -- Up-to-date: /home/lfvmu/kobuki/install/share/ecl_ipc/cmake/ament_cmake_export_dependencies-extras.cmake
[2.217s] -- Up-to-date: /home/lfvmu/kobuki/install/share/ecl_ipc/cmake/ecl_ipcConfig.cmake
[2.217s] -- Up-to-date: /home/lfvmu/kobuki/install/share/ecl_ipc/cmake/ecl_ipcConfig-version.cmake
[2.217s] -- Up-to-date: /home/lfvmu/kobuki/install/share/ecl_ipc/package.xml
[2.218s] -- Up-to-date: /home/lfvmu/kobuki/install/include/ecl/ipc.hpp
[2.218s] -- Up-to-date: /home/lfvmu/kobuki/install/include/ecl/ipc/semaphore.hpp
[2.218s] -- Up-to-date: /home/lfvmu/kobuki/install/include/ecl/ipc/semaphore_pos.hpp
[2.218s] -- Up-to-date: /home/lfvmu/kobuki/install/include/ecl/ipc/shared_memory.hpp
[2.219s] -- Up-to-date: /home/lfvmu/kobuki/install/include/ecl/ipc/shared_memory_pos.hpp
[2.219s] -- Up-to-date: /home/lfvmu/kobuki/install/lib/libecl_ipc.so.1.2.1
[2.219s] -- Up-to-date: /home/lfvmu/kobuki/install/lib/libecl_ipc.so
[2.229s] Invoked command in '/home/lfvmu/kobuki/build/ecl_ipc' returned '0': AMENT_PREFIX_PATH=/home/lfvmu/kobuki/install CMAKE_PREFIX_PATH=/home/lfvmu/kobuki/install LD_LIBRARY_PATH=/home/lfvmu/kobuki/install/lib PATH=/home/lfvmu/kobuki/install/bin:${PATH} PYTHONPATH=/home/lfvmu/kobuki/install/lib/python3.8/site-packages /usr/bin/cmake --install /home/lfvmu/kobuki/build/ecl_ipc
