[0.211s] Invoking command in '/home/lfvmu/kobuki/build/ecl_console': /usr/bin/cmake /home/lfvmu/kobuki/src/ecl_lite/ecl_console -DBUILD_TESTING=OFF -DCMAKE_BUILD_TYPE=RelWithDebInfo -DCMAKE_INSTALL_PREFIX=/home/lfvmu/kobuki/install
[0.266s] -- Found ament_cmake_ros: 0.9.2 (/home/lfvmu/kobuki/install/share/ament_cmake_ros/cmake)
[0.296s] -- Using PYTHON_EXECUTABLE: /usr/bin/python3
[0.682s] -- Found ecl_build: 1.0.3 (/home/lfvmu/kobuki/install/share/ecl_build/cmake)
[0.699s] -- Found ecl_config: 1.1.0 (/home/lfvmu/kobuki/install/share/ecl_config/cmake)
[0.857s] -- Configuring done
[0.858s] -- Generating done
[0.858s] -- Build files have been written to: /home/lfvmu/kobuki/build/ecl_console
[1.040s] Invoked command in '/home/lfvmu/kobuki/build/ecl_console' returned '0': /usr/bin/cmake /home/lfvmu/kobuki/src/ecl_lite/ecl_console -DBUILD_TESTING=OFF -DCMAKE_BUILD_TYPE=RelWithDebInfo -DCMAKE_INSTALL_PREFIX=/home/lfvmu/kobuki/install
[1.046s] Invoking command in '/home/lfvmu/kobuki/build/ecl_console': /usr/bin/cmake --build /home/lfvmu/kobuki/build/ecl_console -- -j4 -l4
[1.245s] Invoked command in '/home/lfvmu/kobuki/build/ecl_console' returned '0': /usr/bin/cmake --build /home/lfvmu/kobuki/build/ecl_console -- -j4 -l4
[1.527s] Invoking command in '/home/lfvmu/kobuki/build/ecl_console': /usr/bin/cmake --install /home/lfvmu/kobuki/build/ecl_console
[1.549s] -- Install configuration: "RelWithDebInfo"
[1.549s] -- Up-to-date: /home/lfvmu/kobuki/install/include/ecl
[1.550s] -- Up-to-date: /home/lfvmu/kobuki/install/include/ecl/console.hpp
[1.550s] -- Up-to-date: /home/lfvmu/kobuki/install/share/ament_index/resource_index/package_run_dependencies/ecl_console
[1.551s] -- Up-to-date: /home/lfvmu/kobuki/install/share/ament_index/resource_index/parent_prefix_path/ecl_console
[1.552s] -- Up-to-date: /home/lfvmu/kobuki/install/share/ecl_console/environment/ament_prefix_path.sh
[1.552s] -- Installing: /home/lfvmu/kobuki/install/share/ecl_console/environment/ament_prefix_path.dsv
[1.553s] -- Up-to-date: /home/lfvmu/kobuki/install/share/ecl_console/environment/path.sh
[1.553s] -- Installing: /home/lfvmu/kobuki/install/share/ecl_console/environment/path.dsv
[1.553s] -- Up-to-date: /home/lfvmu/kobuki/install/share/ecl_console/local_setup.bash
[1.554s] -- Up-to-date: /home/lfvmu/kobuki/install/share/ecl_console/local_setup.sh
[1.554s] -- Up-to-date: /home/lfvmu/kobuki/install/share/ecl_console/local_setup.zsh
[1.556s] -- Installing: /home/lfvmu/kobuki/install/share/ecl_console/local_setup.dsv
[1.556s] -- Installing: /home/lfvmu/kobuki/install/share/ecl_console/package.dsv
[1.556s] -- Up-to-date: /home/lfvmu/kobuki/install/share/ament_index/resource_index/packages/ecl_console
[1.557s] -- Up-to-date: /home/lfvmu/kobuki/install/share/ecl_console/cmake/ecl_consoleExport.cmake
[1.557s] -- Up-to-date: /home/lfvmu/kobuki/install/share/ecl_console/cmake/ament_cmake_export_targets-extras.cmake
[1.557s] -- Up-to-date: /home/lfvmu/kobuki/install/share/ecl_console/cmake/ament_cmake_export_include_directories-extras.cmake
[1.558s] -- Up-to-date: /home/lfvmu/kobuki/install/share/ecl_console/cmake/ament_cmake_export_dependencies-extras.cmake
[1.558s] -- Up-to-date: /home/lfvmu/kobuki/install/share/ecl_console/cmake/ecl_consoleConfig.cmake
[1.559s] -- Up-to-date: /home/lfvmu/kobuki/install/share/ecl_console/cmake/ecl_consoleConfig-version.cmake
[1.559s] -- Up-to-date: /home/lfvmu/kobuki/install/share/ecl_console/package.xml
[1.568s] Invoked command in '/home/lfvmu/kobuki/build/ecl_console' returned '0': /usr/bin/cmake --install /home/lfvmu/kobuki/build/ecl_console
