[0.287s] Invoking command in '/home/lfvmu/kobuki/build/ecl_exceptions': /usr/bin/cmake /home/lfvmu/kobuki/src/ecl_core/ecl_exceptions -DBUILD_TESTING=OFF -DCMAKE_BUILD_TYPE=RelWithDebInfo -DCMAKE_INSTALL_PREFIX=/home/lfvmu/kobuki/install
[0.345s] -- Found ament_cmake_ros: 0.9.2 (/home/lfvmu/kobuki/install/share/ament_cmake_ros/cmake)
[0.395s] -- Using PYTHON_EXECUTABLE: /usr/bin/python3
[0.732s] -- Found ecl_build: 1.0.3 (/home/lfvmu/kobuki/install/share/ecl_build/cmake)
[0.754s] -- Found ecl_config: 1.1.0 (/home/lfvmu/kobuki/install/share/ecl_config/cmake)
[0.761s] -- Found ecl_errors: 1.1.0 (/home/lfvmu/kobuki/install/share/ecl_errors/cmake)
[0.962s] -- Configuring done
[0.990s] -- Generating done
[1.002s] -- Build files have been written to: /home/lfvmu/kobuki/build/ecl_exceptions
[1.242s] Invoked command in '/home/lfvmu/kobuki/build/ecl_exceptions' returned '0': /usr/bin/cmake /home/lfvmu/kobuki/src/ecl_core/ecl_exceptions -DBUILD_TESTING=OFF -DCMAKE_BUILD_TYPE=RelWithDebInfo -DCMAKE_INSTALL_PREFIX=/home/lfvmu/kobuki/install
[1.249s] Invoking command in '/home/lfvmu/kobuki/build/ecl_exceptions': /usr/bin/cmake --build /home/lfvmu/kobuki/build/ecl_exceptions -- -j4 -l4
[1.414s] [ 33%] Built target ecl_exceptions
[1.457s] [ 66%] Built target ecl_demo_exception_tracer
[1.478s] [100%] Built target ecl_demo_exceptions
[1.553s] Invoked command in '/home/lfvmu/kobuki/build/ecl_exceptions' returned '0': /usr/bin/cmake --build /home/lfvmu/kobuki/build/ecl_exceptions -- -j4 -l4
[1.620s] Invoking command in '/home/lfvmu/kobuki/build/ecl_exceptions': /usr/bin/cmake --install /home/lfvmu/kobuki/build/ecl_exceptions
[1.643s] -- Install configuration: "RelWithDebInfo"
[1.644s] -- Up-to-date: /home/lfvmu/kobuki/install/share/ecl_exceptions/environment/library_path.sh
[1.644s] -- Installing: /home/lfvmu/kobuki/install/share/ecl_exceptions/environment/library_path.dsv
[1.645s] -- Up-to-date: /home/lfvmu/kobuki/install/share/ament_index/resource_index/package_run_dependencies/ecl_exceptions
[1.645s] -- Up-to-date: /home/lfvmu/kobuki/install/share/ament_index/resource_index/parent_prefix_path/ecl_exceptions
[1.646s] -- Up-to-date: /home/lfvmu/kobuki/install/share/ecl_exceptions/environment/ament_prefix_path.sh
[1.646s] -- Installing: /home/lfvmu/kobuki/install/share/ecl_exceptions/environment/ament_prefix_path.dsv
[1.647s] -- Up-to-date: /home/lfvmu/kobuki/install/share/ecl_exceptions/environment/path.sh
[1.647s] -- Installing: /home/lfvmu/kobuki/install/share/ecl_exceptions/environment/path.dsv
[1.648s] -- Up-to-date: /home/lfvmu/kobuki/install/share/ecl_exceptions/local_setup.bash
[1.648s] -- Up-to-date: /home/lfvmu/kobuki/install/share/ecl_exceptions/local_setup.sh
[1.649s] -- Up-to-date: /home/lfvmu/kobuki/install/share/ecl_exceptions/local_setup.zsh
[1.649s] -- Installing: /home/lfvmu/kobuki/install/share/ecl_exceptions/local_setup.dsv
[1.650s] -- Installing: /home/lfvmu/kobuki/install/share/ecl_exceptions/package.dsv
[1.651s] -- Up-to-date: /home/lfvmu/kobuki/install/share/ament_index/resource_index/packages/ecl_exceptions
[1.651s] -- Up-to-date: /home/lfvmu/kobuki/install/share/ecl_exceptions/cmake/ecl_exceptionsExport.cmake
[1.652s] -- Installing: /home/lfvmu/kobuki/install/share/ecl_exceptions/cmake/ecl_exceptionsExport-relwithdebinfo.cmake
[1.653s] -- Up-to-date: /home/lfvmu/kobuki/install/share/ecl_exceptions/cmake/ament_cmake_export_targets-extras.cmake
[1.653s] -- Up-to-date: /home/lfvmu/kobuki/install/share/ecl_exceptions/cmake/ament_cmake_export_include_directories-extras.cmake
[1.653s] -- Up-to-date: /home/lfvmu/kobuki/install/share/ecl_exceptions/cmake/ament_cmake_export_libraries-extras.cmake
[1.654s] -- Up-to-date: /home/lfvmu/kobuki/install/share/ecl_exceptions/cmake/ament_cmake_export_dependencies-extras.cmake
[1.655s] -- Up-to-date: /home/lfvmu/kobuki/install/share/ecl_exceptions/cmake/ecl_exceptionsConfig.cmake
[1.655s] -- Up-to-date: /home/lfvmu/kobuki/install/share/ecl_exceptions/cmake/ecl_exceptionsConfig-version.cmake
[1.656s] -- Up-to-date: /home/lfvmu/kobuki/install/share/ecl_exceptions/package.xml
[1.657s] -- Up-to-date: /home/lfvmu/kobuki/install/include/ecl/exceptions.hpp
[1.658s] -- Up-to-date: /home/lfvmu/kobuki/install/include/ecl/exceptions/data_exception.hpp
[1.658s] -- Up-to-date: /home/lfvmu/kobuki/install/include/ecl/exceptions/exception.hpp
[1.658s] -- Up-to-date: /home/lfvmu/kobuki/install/include/ecl/exceptions/macros.hpp
[1.659s] -- Up-to-date: /home/lfvmu/kobuki/install/include/ecl/exceptions/posix_error_handler.hpp
[1.659s] -- Up-to-date: /home/lfvmu/kobuki/install/include/ecl/exceptions/standard_exception.hpp
[1.661s] -- Up-to-date: /home/lfvmu/kobuki/install/lib/libecl_exceptions.so.1.2.1
[1.661s] -- Up-to-date: /home/lfvmu/kobuki/install/lib/libecl_exceptions.so
[1.663s] -- Up-to-date: /home/lfvmu/kobuki/install/lib/ecl_exceptions/demo_exceptions
[1.664s] -- Up-to-date: /home/lfvmu/kobuki/install/lib/ecl_exceptions/demo_exception_tracer
[1.674s] Invoked command in '/home/lfvmu/kobuki/build/ecl_exceptions' returned '0': /usr/bin/cmake --install /home/lfvmu/kobuki/build/ecl_exceptions
