[0.282s] Invoking command in '/home/lfvmu/kobuki/build/ecl_command_line': AMENT_PREFIX_PATH=/home/lfvmu/kobuki/install CMAKE_PREFIX_PATH=/home/lfvmu/kobuki/install LD_LIBRARY_PATH=/home/lfvmu/kobuki/install/lib PATH=/home/lfvmu/kobuki/install/bin:${PATH} PYTHONPATH=/home/lfvmu/kobuki/install/lib/python3.8/site-packages /usr/bin/cmake /home/lfvmu/kobuki/src/ecl_core/ecl_command_line -DBUILD_TESTING=OFF --no-warn-unused-cli -DCMAKE_INSTALL_PREFIX=/home/lfvmu/kobuki/install
[0.299s] Not searching for unused variables given on the command line.
[0.322s] -- Found ament_cmake_ros: 0.9.2 (/home/lfvmu/kobuki/install/share/ament_cmake_ros/cmake)
[0.366s] -- Using PYTHON_EXECUTABLE: /usr/bin/python3
[0.742s] -- Found ecl_build: 1.0.3 (/home/lfvmu/kobuki/install/share/ecl_build/cmake)
[0.913s] -- Configuring done
[0.944s] -- Generating done
[0.946s] -- Build files have been written to: /home/lfvmu/kobuki/build/ecl_command_line
[1.056s] Invoked command in '/home/lfvmu/kobuki/build/ecl_command_line' returned '0': AMENT_PREFIX_PATH=/home/lfvmu/kobuki/install CMAKE_PREFIX_PATH=/home/lfvmu/kobuki/install LD_LIBRARY_PATH=/home/lfvmu/kobuki/install/lib PATH=/home/lfvmu/kobuki/install/bin:${PATH} PYTHONPATH=/home/lfvmu/kobuki/install/lib/python3.8/site-packages /usr/bin/cmake /home/lfvmu/kobuki/src/ecl_core/ecl_command_line -DBUILD_TESTING=OFF --no-warn-unused-cli -DCMAKE_INSTALL_PREFIX=/home/lfvmu/kobuki/install
[1.063s] Invoking command in '/home/lfvmu/kobuki/build/ecl_command_line': AMENT_PREFIX_PATH=/home/lfvmu/kobuki/install CMAKE_PREFIX_PATH=/home/lfvmu/kobuki/install LD_LIBRARY_PATH=/home/lfvmu/kobuki/install/lib PATH=/home/lfvmu/kobuki/install/bin:${PATH} PYTHONPATH=/home/lfvmu/kobuki/install/lib/python3.8/site-packages /usr/bin/cmake --build /home/lfvmu/kobuki/build/ecl_command_line -- -j4 -l4
[1.222s] [100%] Built target ecl_demo_command_line
[1.303s] Invoked command in '/home/lfvmu/kobuki/build/ecl_command_line' returned '0': AMENT_PREFIX_PATH=/home/lfvmu/kobuki/install CMAKE_PREFIX_PATH=/home/lfvmu/kobuki/install LD_LIBRARY_PATH=/home/lfvmu/kobuki/install/lib PATH=/home/lfvmu/kobuki/install/bin:${PATH} PYTHONPATH=/home/lfvmu/kobuki/install/lib/python3.8/site-packages /usr/bin/cmake --build /home/lfvmu/kobuki/build/ecl_command_line -- -j4 -l4
[1.578s] Invoking command in '/home/lfvmu/kobuki/build/ecl_command_line': AMENT_PREFIX_PATH=/home/lfvmu/kobuki/install CMAKE_PREFIX_PATH=/home/lfvmu/kobuki/install LD_LIBRARY_PATH=/home/lfvmu/kobuki/install/lib PATH=/home/lfvmu/kobuki/install/bin:${PATH} PYTHONPATH=/home/lfvmu/kobuki/install/lib/python3.8/site-packages /usr/bin/cmake --install /home/lfvmu/kobuki/build/ecl_command_line
[1.601s] -- Install configuration: ""
[1.601s] -- Up-to-date: /home/lfvmu/kobuki/install/share/ament_index/resource_index/package_run_dependencies/ecl_command_line
[1.602s] -- Up-to-date: /home/lfvmu/kobuki/install/share/ament_index/resource_index/parent_prefix_path/ecl_command_line
[1.602s] -- Up-to-date: /home/lfvmu/kobuki/install/share/ecl_command_line/environment/ament_prefix_path.sh
[1.602s] -- Installing: /home/lfvmu/kobuki/install/share/ecl_command_line/environment/ament_prefix_path.dsv
[1.603s] -- Up-to-date: /home/lfvmu/kobuki/install/share/ecl_command_line/environment/path.sh
[1.603s] -- Installing: /home/lfvmu/kobuki/install/share/ecl_command_line/environment/path.dsv
[1.603s] -- Up-to-date: /home/lfvmu/kobuki/install/share/ecl_command_line/local_setup.bash
[1.604s] -- Up-to-date: /home/lfvmu/kobuki/install/share/ecl_command_line/local_setup.sh
[1.604s] -- Up-to-date: /home/lfvmu/kobuki/install/share/ecl_command_line/local_setup.zsh
[1.604s] -- Installing: /home/lfvmu/kobuki/install/share/ecl_command_line/local_setup.dsv
[1.604s] -- Installing: /home/lfvmu/kobuki/install/share/ecl_command_line/package.dsv
[1.604s] -- Up-to-date: /home/lfvmu/kobuki/install/share/ament_index/resource_index/packages/ecl_command_line
[1.605s] -- Up-to-date: /home/lfvmu/kobuki/install/share/ecl_command_line/cmake/ecl_command_lineExport.cmake
[1.605s] -- Up-to-date: /home/lfvmu/kobuki/install/share/ecl_command_line/cmake/ament_cmake_export_targets-extras.cmake
[1.605s] -- Up-to-date: /home/lfvmu/kobuki/install/share/ecl_command_line/cmake/ament_cmake_export_include_directories-extras.cmake
[1.605s] -- Up-to-date: /home/lfvmu/kobuki/install/share/ecl_command_line/cmake/ecl_command_lineConfig.cmake
[1.606s] -- Up-to-date: /home/lfvmu/kobuki/install/share/ecl_command_line/cmake/ecl_command_lineConfig-version.cmake
[1.606s] -- Up-to-date: /home/lfvmu/kobuki/install/share/ecl_command_line/package.xml
[1.606s] -- Up-to-date: /home/lfvmu/kobuki/install/include/ecl/command_line.hpp
[1.606s] -- Up-to-date: /home/lfvmu/kobuki/install/include/ecl/command_line/arg.hpp
[1.607s] -- Up-to-date: /home/lfvmu/kobuki/install/include/ecl/command_line/arg_exception.hpp
[1.607s] -- Up-to-date: /home/lfvmu/kobuki/install/include/ecl/command_line/cmd_line.hpp
[1.607s] -- Up-to-date: /home/lfvmu/kobuki/install/include/ecl/command_line/cmd_line_interface.hpp
[1.607s] -- Up-to-date: /home/lfvmu/kobuki/install/include/ecl/command_line/cmd_line_output.hpp
[1.607s] -- Up-to-date: /home/lfvmu/kobuki/install/include/ecl/command_line/constraint.hpp
[1.608s] -- Up-to-date: /home/lfvmu/kobuki/install/include/ecl/command_line/docbook_output.hpp
[1.608s] -- Up-to-date: /home/lfvmu/kobuki/install/include/ecl/command_line/help_visitor.hpp
[1.608s] -- Up-to-date: /home/lfvmu/kobuki/install/include/ecl/command_line/ignore_rest_visitor.hpp
[1.608s] -- Up-to-date: /home/lfvmu/kobuki/install/include/ecl/command_line/multi_arg.hpp
[1.609s] -- Up-to-date: /home/lfvmu/kobuki/install/include/ecl/command_line/multi_switch_arg.hpp
[1.609s] -- Up-to-date: /home/lfvmu/kobuki/install/include/ecl/command_line/optional_unlabeled_tracker.hpp
[1.609s] -- Up-to-date: /home/lfvmu/kobuki/install/include/ecl/command_line/std_output.hpp
[1.610s] -- Up-to-date: /home/lfvmu/kobuki/install/include/ecl/command_line/switch_arg.hpp
[1.610s] -- Up-to-date: /home/lfvmu/kobuki/install/include/ecl/command_line/unlabeled_multi_arg.hpp
[1.610s] -- Up-to-date: /home/lfvmu/kobuki/install/include/ecl/command_line/unlabeled_value_arg.hpp
[1.611s] -- Up-to-date: /home/lfvmu/kobuki/install/include/ecl/command_line/value_arg.hpp
[1.611s] -- Up-to-date: /home/lfvmu/kobuki/install/include/ecl/command_line/values_constraint.hpp
[1.611s] -- Up-to-date: /home/lfvmu/kobuki/install/include/ecl/command_line/version_visitor.hpp
[1.612s] -- Up-to-date: /home/lfvmu/kobuki/install/include/ecl/command_line/visitor.hpp
[1.612s] -- Up-to-date: /home/lfvmu/kobuki/install/include/ecl/command_line/xor_handler.hpp
[1.612s] -- Up-to-date: /home/lfvmu/kobuki/install/lib/ecl_command_line/demo_command_line
[1.620s] Invoked command in '/home/lfvmu/kobuki/build/ecl_command_line' returned '0': AMENT_PREFIX_PATH=/home/lfvmu/kobuki/install CMAKE_PREFIX_PATH=/home/lfvmu/kobuki/install LD_LIBRARY_PATH=/home/lfvmu/kobuki/install/lib PATH=/home/lfvmu/kobuki/install/bin:${PATH} PYTHONPATH=/home/lfvmu/kobuki/install/lib/python3.8/site-packages /usr/bin/cmake --install /home/lfvmu/kobuki/build/ecl_command_line
