[0.123s] Invoking command in '/home/lfvmu/kobuki/build/ament_cmake_xmllint': AMENT_PREFIX_PATH=/home/lfvmu/kobuki/install CMAKE_PREFIX_PATH=/home/lfvmu/kobuki/install LD_LIBRARY_PATH=/home/lfvmu/kobuki/install/lib PATH=/home/lfvmu/kobuki/install/bin:${PATH} PYTHONPATH=/home/lfvmu/kobuki/install/lib/python3.8/site-packages /usr/bin/cmake /home/lfvmu/kobuki/src/ament_lint/ament_cmake_xmllint -DBUILD_TESTING=OFF --no-warn-unused-cli -DCMAKE_INSTALL_PREFIX=/home/lfvmu/kobuki/install
[0.150s] Not searching for unused variables given on the command line.
[0.150s] -- Found ament_cmake_core: 0.9.11 (/home/lfvmu/kobuki/install/share/ament_cmake_core/cmake)
[0.200s] -- Using PYTHON_EXECUTABLE: /usr/bin/python3
[0.528s] -- Found ament_cmake_test: 0.9.11 (/home/lfvmu/kobuki/install/share/ament_cmake_test/cmake)
[0.680s] -- Configuring done
[0.731s] -- Generating done
[0.731s] -- Build files have been written to: /home/lfvmu/kobuki/build/ament_cmake_xmllint
[0.923s] Invoked command in '/home/lfvmu/kobuki/build/ament_cmake_xmllint' returned '0': AMENT_PREFIX_PATH=/home/lfvmu/kobuki/install CMAKE_PREFIX_PATH=/home/lfvmu/kobuki/install LD_LIBRARY_PATH=/home/lfvmu/kobuki/install/lib PATH=/home/lfvmu/kobuki/install/bin:${PATH} PYTHONPATH=/home/lfvmu/kobuki/install/lib/python3.8/site-packages /usr/bin/cmake /home/lfvmu/kobuki/src/ament_lint/ament_cmake_xmllint -DBUILD_TESTING=OFF --no-warn-unused-cli -DCMAKE_INSTALL_PREFIX=/home/lfvmu/kobuki/install
[0.925s] Invoking command in '/home/lfvmu/kobuki/build/ament_cmake_xmllint': AMENT_PREFIX_PATH=/home/lfvmu/kobuki/install CMAKE_PREFIX_PATH=/home/lfvmu/kobuki/install LD_LIBRARY_PATH=/home/lfvmu/kobuki/install/lib PATH=/home/lfvmu/kobuki/install/bin:${PATH} PYTHONPATH=/home/lfvmu/kobuki/install/lib/python3.8/site-packages /usr/bin/cmake --build /home/lfvmu/kobuki/build/ament_cmake_xmllint -- -j4 -l4
[1.204s] Invoked command in '/home/lfvmu/kobuki/build/ament_cmake_xmllint' returned '0': AMENT_PREFIX_PATH=/home/lfvmu/kobuki/install CMAKE_PREFIX_PATH=/home/lfvmu/kobuki/install LD_LIBRARY_PATH=/home/lfvmu/kobuki/install/lib PATH=/home/lfvmu/kobuki/install/bin:${PATH} PYTHONPATH=/home/lfvmu/kobuki/install/lib/python3.8/site-packages /usr/bin/cmake --build /home/lfvmu/kobuki/build/ament_cmake_xmllint -- -j4 -l4
[1.463s] Invoking command in '/home/lfvmu/kobuki/build/ament_cmake_xmllint': AMENT_PREFIX_PATH=/home/lfvmu/kobuki/install CMAKE_PREFIX_PATH=/home/lfvmu/kobuki/install LD_LIBRARY_PATH=/home/lfvmu/kobuki/install/lib PATH=/home/lfvmu/kobuki/install/bin:${PATH} PYTHONPATH=/home/lfvmu/kobuki/install/lib/python3.8/site-packages /usr/bin/cmake --install /home/lfvmu/kobuki/build/ament_cmake_xmllint
[1.485s] -- Install configuration: ""
[1.486s] -- Up-to-date: /home/lfvmu/kobuki/install/share/ament_index/resource_index/package_run_dependencies/ament_cmake_xmllint
[1.487s] -- Up-to-date: /home/lfvmu/kobuki/install/share/ament_index/resource_index/parent_prefix_path/ament_cmake_xmllint
[1.487s] -- Up-to-date: /home/lfvmu/kobuki/install/share/ament_cmake_xmllint/environment/ament_prefix_path.sh
[1.487s] -- Installing: /home/lfvmu/kobuki/install/share/ament_cmake_xmllint/environment/ament_prefix_path.dsv
[1.488s] -- Up-to-date: /home/lfvmu/kobuki/install/share/ament_cmake_xmllint/environment/path.sh
[1.489s] -- Installing: /home/lfvmu/kobuki/install/share/ament_cmake_xmllint/environment/path.dsv
[1.489s] -- Up-to-date: /home/lfvmu/kobuki/install/share/ament_cmake_xmllint/local_setup.bash
[1.489s] -- Up-to-date: /home/lfvmu/kobuki/install/share/ament_cmake_xmllint/local_setup.sh
[1.489s] -- Up-to-date: /home/lfvmu/kobuki/install/share/ament_cmake_xmllint/local_setup.zsh
[1.492s] -- Installing: /home/lfvmu/kobuki/install/share/ament_cmake_xmllint/local_setup.dsv
[1.492s] -- Installing: /home/lfvmu/kobuki/install/share/ament_cmake_xmllint/package.dsv
[1.493s] -- Up-to-date: /home/lfvmu/kobuki/install/share/ament_index/resource_index/packages/ament_cmake_xmllint
[1.493s] -- Up-to-date: /home/lfvmu/kobuki/install/share/ament_cmake_xmllint/cmake/ament_cmake_xmllint-extras.cmake
[1.494s] -- Up-to-date: /home/lfvmu/kobuki/install/share/ament_cmake_xmllint/cmake/ament_cmake_xmllintConfig.cmake
[1.495s] -- Up-to-date: /home/lfvmu/kobuki/install/share/ament_cmake_xmllint/cmake/ament_cmake_xmllintConfig-version.cmake
[1.496s] -- Up-to-date: /home/lfvmu/kobuki/install/share/ament_cmake_xmllint/package.xml
[1.497s] -- Up-to-date: /home/lfvmu/kobuki/install/share/ament_cmake_xmllint/cmake
[1.498s] -- Up-to-date: /home/lfvmu/kobuki/install/share/ament_cmake_xmllint/cmake/ament_xmllint.cmake
[1.498s] -- Up-to-date: /home/lfvmu/kobuki/install/share/ament_cmake_xmllint/cmake/ament_cmake_xmllint_lint_hook.cmake
[1.513s] Invoked command in '/home/lfvmu/kobuki/build/ament_cmake_xmllint' returned '0': AMENT_PREFIX_PATH=/home/lfvmu/kobuki/install CMAKE_PREFIX_PATH=/home/lfvmu/kobuki/install LD_LIBRARY_PATH=/home/lfvmu/kobuki/install/lib PATH=/home/lfvmu/kobuki/install/bin:${PATH} PYTHONPATH=/home/lfvmu/kobuki/install/lib/python3.8/site-packages /usr/bin/cmake --install /home/lfvmu/kobuki/build/ament_cmake_xmllint
