[0.348s] Invoking command in '/home/lfvmu/kobuki/build/ecl_mobile_robot': /usr/bin/cmake /home/lfvmu/kobuki/src/ecl_core/ecl_mobile_robot -DBUILD_TESTING=OFF -DCMAKE_BUILD_TYPE=RelWithDebInfo -DCMAKE_INSTALL_PREFIX=/home/lfvmu/kobuki/install
[0.419s] -- Found ament_cmake_ros: 0.9.2 (/home/lfvmu/kobuki/install/share/ament_cmake_ros/cmake)
[0.452s] -- Using PYTHON_EXECUTABLE: /usr/bin/python3
[0.817s] -- Found ecl_build: 1.0.3 (/home/lfvmu/kobuki/install/share/ecl_build/cmake)
[0.841s] -- Found ecl_errors: 1.1.0 (/home/lfvmu/kobuki/install/share/ecl_errors/cmake)
[0.858s] -- Found ecl_formatters: 1.2.1 (/home/lfvmu/kobuki/install/share/ecl_formatters/cmake)
[0.933s] -- Found ecl_geometry: 1.2.1 (/home/lfvmu/kobuki/install/share/ecl_geometry/cmake)
[1.246s] -- Configuring done
[1.276s] -- Generating done
[1.286s] -- Build files have been written to: /home/lfvmu/kobuki/build/ecl_mobile_robot
[1.300s] Invoked command in '/home/lfvmu/kobuki/build/ecl_mobile_robot' returned '0': /usr/bin/cmake /home/lfvmu/kobuki/src/ecl_core/ecl_mobile_robot -DBUILD_TESTING=OFF -DCMAKE_BUILD_TYPE=RelWithDebInfo -DCMAKE_INSTALL_PREFIX=/home/lfvmu/kobuki/install
[1.313s] Invoking command in '/home/lfvmu/kobuki/build/ecl_mobile_robot': /usr/bin/cmake --build /home/lfvmu/kobuki/build/ecl_mobile_robot -- -j4 -l4
[1.467s] [100%] Built target ecl_mobile_robot
[1.491s] Invoked command in '/home/lfvmu/kobuki/build/ecl_mobile_robot' returned '0': /usr/bin/cmake --build /home/lfvmu/kobuki/build/ecl_mobile_robot -- -j4 -l4
[1.543s] Invoking command in '/home/lfvmu/kobuki/build/ecl_mobile_robot': /usr/bin/cmake --install /home/lfvmu/kobuki/build/ecl_mobile_robot
[1.560s] -- Install configuration: "RelWithDebInfo"
[1.561s] -- Up-to-date: /home/lfvmu/kobuki/install/share/ecl_mobile_robot/environment/library_path.sh
[1.561s] -- Installing: /home/lfvmu/kobuki/install/share/ecl_mobile_robot/environment/library_path.dsv
[1.561s] -- Up-to-date: /home/lfvmu/kobuki/install/share/ament_index/resource_index/package_run_dependencies/ecl_mobile_robot
[1.561s] -- Up-to-date: /home/lfvmu/kobuki/install/share/ament_index/resource_index/parent_prefix_path/ecl_mobile_robot
[1.562s] -- Up-to-date: /home/lfvmu/kobuki/install/share/ecl_mobile_robot/environment/ament_prefix_path.sh
[1.562s] -- Installing: /home/lfvmu/kobuki/install/share/ecl_mobile_robot/environment/ament_prefix_path.dsv
[1.562s] -- Up-to-date: /home/lfvmu/kobuki/install/share/ecl_mobile_robot/environment/path.sh
[1.563s] -- Installing: /home/lfvmu/kobuki/install/share/ecl_mobile_robot/environment/path.dsv
[1.563s] -- Up-to-date: /home/lfvmu/kobuki/install/share/ecl_mobile_robot/local_setup.bash
[1.563s] -- Up-to-date: /home/lfvmu/kobuki/install/share/ecl_mobile_robot/local_setup.sh
[1.563s] -- Up-to-date: /home/lfvmu/kobuki/install/share/ecl_mobile_robot/local_setup.zsh
[1.564s] -- Installing: /home/lfvmu/kobuki/install/share/ecl_mobile_robot/local_setup.dsv
[1.564s] -- Installing: /home/lfvmu/kobuki/install/share/ecl_mobile_robot/package.dsv
[1.564s] -- Up-to-date: /home/lfvmu/kobuki/install/share/ament_index/resource_index/packages/ecl_mobile_robot
[1.565s] -- Up-to-date: /home/lfvmu/kobuki/install/share/ecl_mobile_robot/cmake/ecl_mobile_robotExport.cmake
[1.565s] -- Installing: /home/lfvmu/kobuki/install/share/ecl_mobile_robot/cmake/ecl_mobile_robotExport-relwithdebinfo.cmake
[1.565s] -- Up-to-date: /home/lfvmu/kobuki/install/share/ecl_mobile_robot/cmake/ament_cmake_export_targets-extras.cmake
[1.565s] -- Up-to-date: /home/lfvmu/kobuki/install/share/ecl_mobile_robot/cmake/ament_cmake_export_include_directories-extras.cmake
[1.566s] -- Up-to-date: /home/lfvmu/kobuki/install/share/ecl_mobile_robot/cmake/ament_cmake_export_libraries-extras.cmake
[1.566s] -- Up-to-date: /home/lfvmu/kobuki/install/share/ecl_mobile_robot/cmake/ament_cmake_export_dependencies-extras.cmake
[1.566s] -- Up-to-date: /home/lfvmu/kobuki/install/share/ecl_mobile_robot/cmake/ecl_mobile_robotConfig.cmake
[1.566s] -- Up-to-date: /home/lfvmu/kobuki/install/share/ecl_mobile_robot/cmake/ecl_mobile_robotConfig-version.cmake
[1.567s] -- Up-to-date: /home/lfvmu/kobuki/install/share/ecl_mobile_robot/package.xml
[1.567s] -- Up-to-date: /home/lfvmu/kobuki/install/include/ecl/mobile_robot.hpp
[1.567s] -- Up-to-date: /home/lfvmu/kobuki/install/include/ecl/mobile_robot/differential_drive.hpp
[1.567s] -- Up-to-date: /home/lfvmu/kobuki/install/include/ecl/mobile_robot/macros.hpp
[1.568s] -- Up-to-date: /home/lfvmu/kobuki/install/include/ecl/mobile_robot/kinematics/differential_drive.hpp
[1.569s] -- Up-to-date: /home/lfvmu/kobuki/install/lib/libecl_mobile_robot.so.1.2.1
[1.570s] -- Up-to-date: /home/lfvmu/kobuki/install/lib/libecl_mobile_robot.so
[1.574s] Invoked command in '/home/lfvmu/kobuki/build/ecl_mobile_robot' returned '0': /usr/bin/cmake --install /home/lfvmu/kobuki/build/ecl_mobile_robot
