[0.302s] Invoking command in '/home/lfvmu/kobuki/build/ament_cmake_pyflakes': /usr/bin/cmake /home/lfvmu/kobuki/src/ament_lint/ament_cmake_pyflakes -DBUILD_TESTING=OFF -DCMAKE_BUILD_TYPE=RelWithDebInfo -DCMAKE_INSTALL_PREFIX=/home/lfvmu/kobuki/install
[0.325s] -- Found ament_cmake_core: 0.9.11 (/home/lfvmu/kobuki/install/share/ament_cmake_core/cmake)
[0.388s] -- Using PYTHON_EXECUTABLE: /usr/bin/python3
[0.703s] -- Found ament_cmake_test: 0.9.11 (/home/lfvmu/kobuki/install/share/ament_cmake_test/cmake)
[0.853s] -- Configuring done
[0.874s] -- Generating done
[0.882s] -- Build files have been written to: /home/lfvmu/kobuki/build/ament_cmake_pyflakes
[1.007s] Invoked command in '/home/lfvmu/kobuki/build/ament_cmake_pyflakes' returned '0': /usr/bin/cmake /home/lfvmu/kobuki/src/ament_lint/ament_cmake_pyflakes -DBUILD_TESTING=OFF -DCMAKE_BUILD_TYPE=RelWithDebInfo -DCMAKE_INSTALL_PREFIX=/home/lfvmu/kobuki/install
[1.009s] Invoking command in '/home/lfvmu/kobuki/build/ament_cmake_pyflakes': /usr/bin/cmake --build /home/lfvmu/kobuki/build/ament_cmake_pyflakes -- -j4 -l4
[1.287s] Invoked command in '/home/lfvmu/kobuki/build/ament_cmake_pyflakes' returned '0': /usr/bin/cmake --build /home/lfvmu/kobuki/build/ament_cmake_pyflakes -- -j4 -l4
[1.367s] Invoking command in '/home/lfvmu/kobuki/build/ament_cmake_pyflakes': /usr/bin/cmake --install /home/lfvmu/kobuki/build/ament_cmake_pyflakes
[1.383s] -- Install configuration: "RelWithDebInfo"
[1.383s] -- Up-to-date: /home/lfvmu/kobuki/install/share/ament_index/resource_index/package_run_dependencies/ament_cmake_pyflakes
[1.384s] -- Up-to-date: /home/lfvmu/kobuki/install/share/ament_index/resource_index/parent_prefix_path/ament_cmake_pyflakes
[1.384s] -- Up-to-date: /home/lfvmu/kobuki/install/share/ament_cmake_pyflakes/environment/ament_prefix_path.sh
[1.385s] -- Installing: /home/lfvmu/kobuki/install/share/ament_cmake_pyflakes/environment/ament_prefix_path.dsv
[1.385s] -- Up-to-date: /home/lfvmu/kobuki/install/share/ament_cmake_pyflakes/environment/path.sh
[1.385s] -- Installing: /home/lfvmu/kobuki/install/share/ament_cmake_pyflakes/environment/path.dsv
[1.385s] -- Up-to-date: /home/lfvmu/kobuki/install/share/ament_cmake_pyflakes/local_setup.bash
[1.386s] -- Up-to-date: /home/lfvmu/kobuki/install/share/ament_cmake_pyflakes/local_setup.sh
[1.388s] -- Up-to-date: /home/lfvmu/kobuki/install/share/ament_cmake_pyflakes/local_setup.zsh
[1.388s] -- Installing: /home/lfvmu/kobuki/install/share/ament_cmake_pyflakes/local_setup.dsv
[1.388s] -- Installing: /home/lfvmu/kobuki/install/share/ament_cmake_pyflakes/package.dsv
[1.389s] -- Up-to-date: /home/lfvmu/kobuki/install/share/ament_index/resource_index/packages/ament_cmake_pyflakes
[1.389s] -- Up-to-date: /home/lfvmu/kobuki/install/share/ament_cmake_pyflakes/cmake/ament_cmake_pyflakes-extras.cmake
[1.389s] -- Up-to-date: /home/lfvmu/kobuki/install/share/ament_cmake_pyflakes/cmake/ament_cmake_pyflakesConfig.cmake
[1.390s] -- Up-to-date: /home/lfvmu/kobuki/install/share/ament_cmake_pyflakes/cmake/ament_cmake_pyflakesConfig-version.cmake
[1.390s] -- Up-to-date: /home/lfvmu/kobuki/install/share/ament_cmake_pyflakes/package.xml
[1.390s] -- Up-to-date: /home/lfvmu/kobuki/install/share/ament_cmake_pyflakes/cmake
[1.391s] -- Up-to-date: /home/lfvmu/kobuki/install/share/ament_cmake_pyflakes/cmake/ament_cmake_pyflakes_lint_hook.cmake
[1.391s] -- Up-to-date: /home/lfvmu/kobuki/install/share/ament_cmake_pyflakes/cmake/ament_pyflakes.cmake
[1.415s] Invoked command in '/home/lfvmu/kobuki/build/ament_cmake_pyflakes' returned '0': /usr/bin/cmake --install /home/lfvmu/kobuki/build/ament_cmake_pyflakes
