[0.322s] Invoking command in '/home/lfvmu/kobuki/build/ament_cmake_export_dependencies': /usr/bin/cmake /home/lfvmu/kobuki/src/ament_cmake/ament_cmake_export_dependencies -DBUILD_TESTING=OFF -DCMAKE_BUILD_TYPE=RelWithDebInfo -DCMAKE_INSTALL_PREFIX=/home/lfvmu/kobuki/install
[0.378s] -- Found ament_cmake_core: 0.9.11 (/home/lfvmu/kobuki/install/share/ament_cmake_core/cmake)
[0.422s] -- Using PYTHON_EXECUTABLE: /usr/bin/python3
[0.931s] -- Configuring done
[0.935s] -- Generating done
[0.938s] -- Build files have been written to: /home/lfvmu/kobuki/build/ament_cmake_export_dependencies
[0.943s] Invoked command in '/home/lfvmu/kobuki/build/ament_cmake_export_dependencies' returned '0': /usr/bin/cmake /home/lfvmu/kobuki/src/ament_cmake/ament_cmake_export_dependencies -DBUILD_TESTING=OFF -DCMAKE_BUILD_TYPE=RelWithDebInfo -DCMAKE_INSTALL_PREFIX=/home/lfvmu/kobuki/install
[0.949s] Invoking command in '/home/lfvmu/kobuki/build/ament_cmake_export_dependencies': /usr/bin/cmake --build /home/lfvmu/kobuki/build/ament_cmake_export_dependencies -- -j4 -l4
[1.045s] Invoked command in '/home/lfvmu/kobuki/build/ament_cmake_export_dependencies' returned '0': /usr/bin/cmake --build /home/lfvmu/kobuki/build/ament_cmake_export_dependencies -- -j4 -l4
[1.099s] Invoking command in '/home/lfvmu/kobuki/build/ament_cmake_export_dependencies': /usr/bin/cmake --install /home/lfvmu/kobuki/build/ament_cmake_export_dependencies
[1.120s] -- Install configuration: "RelWithDebInfo"
[1.121s] -- Up-to-date: /home/lfvmu/kobuki/install/share/ament_index/resource_index/package_run_dependencies/ament_cmake_export_dependencies
[1.121s] -- Up-to-date: /home/lfvmu/kobuki/install/share/ament_index/resource_index/parent_prefix_path/ament_cmake_export_dependencies
[1.121s] -- Up-to-date: /home/lfvmu/kobuki/install/share/ament_cmake_export_dependencies/environment/ament_prefix_path.sh
[1.129s] -- Installing: /home/lfvmu/kobuki/install/share/ament_cmake_export_dependencies/environment/ament_prefix_path.dsv
[1.129s] -- Up-to-date: /home/lfvmu/kobuki/install/share/ament_cmake_export_dependencies/environment/path.sh
[1.130s] -- Installing: /home/lfvmu/kobuki/install/share/ament_cmake_export_dependencies/environment/path.dsv
[1.130s] -- Up-to-date: /home/lfvmu/kobuki/install/share/ament_cmake_export_dependencies/local_setup.bash
[1.130s] -- Up-to-date: /home/lfvmu/kobuki/install/share/ament_cmake_export_dependencies/local_setup.sh
[1.130s] -- Up-to-date: /home/lfvmu/kobuki/install/share/ament_cmake_export_dependencies/local_setup.zsh
[1.130s] -- Installing: /home/lfvmu/kobuki/install/share/ament_cmake_export_dependencies/local_setup.dsv
[1.130s] -- Installing: /home/lfvmu/kobuki/install/share/ament_cmake_export_dependencies/package.dsv
[1.131s] -- Up-to-date: /home/lfvmu/kobuki/install/share/ament_index/resource_index/packages/ament_cmake_export_dependencies
[1.131s] -- Up-to-date: /home/lfvmu/kobuki/install/share/ament_cmake_export_dependencies/cmake/ament_cmake_export_dependencies-extras.cmake
[1.132s] -- Up-to-date: /home/lfvmu/kobuki/install/share/ament_cmake_export_dependencies/cmake/ament_cmake_export_dependenciesConfig.cmake
[1.132s] -- Up-to-date: /home/lfvmu/kobuki/install/share/ament_cmake_export_dependencies/cmake/ament_cmake_export_dependenciesConfig-version.cmake
[1.132s] -- Up-to-date: /home/lfvmu/kobuki/install/share/ament_cmake_export_dependencies/package.xml
[1.132s] -- Up-to-date: /home/lfvmu/kobuki/install/share/ament_cmake_export_dependencies/cmake
[1.133s] -- Up-to-date: /home/lfvmu/kobuki/install/share/ament_cmake_export_dependencies/cmake/ament_cmake_export_dependencies_package_hook.cmake
[1.133s] -- Up-to-date: /home/lfvmu/kobuki/install/share/ament_cmake_export_dependencies/cmake/ament_export_dependencies.cmake
[1.133s] -- Up-to-date: /home/lfvmu/kobuki/install/share/ament_cmake_export_dependencies/cmake/ament_cmake_export_dependencies-extras.cmake.in
[1.149s] Invoked command in '/home/lfvmu/kobuki/build/ament_cmake_export_dependencies' returned '0': /usr/bin/cmake --install /home/lfvmu/kobuki/build/ament_cmake_export_dependencies
