[0.416s] Invoking command in '/home/lfvmu/kobuki/build/ecl_core_apps': AMENT_PREFIX_PATH=/home/lfvmu/kobuki/install CMAKE_PREFIX_PATH=/home/lfvmu/kobuki/install LD_LIBRARY_PATH=/home/lfvmu/kobuki/install/lib PATH=/home/lfvmu/kobuki/install/bin:${PATH} PKG_CONFIG_PATH=/home/lfvmu/kobuki/install/lib/x86_64-linux-gnu/pkgconfig:/home/lfvmu/kobuki/install/lib/pkgconfig PYTHONPATH=/home/lfvmu/kobuki/install/lib/python3.8/site-packages /usr/bin/cmake /home/lfvmu/kobuki/src/ecl_core/ecl_core_apps -DBUILD_TESTING=OFF -DCMAKE_INSTALL_PREFIX=/home/lfvmu/kobuki/install
[0.593s] -- The C compiler identification is GNU 9.4.0
[0.795s] -- The CXX compiler identification is GNU 9.4.0
[0.810s] -- Check for working C compiler: /usr/bin/cc
[1.033s] -- Check for working C compiler: /usr/bin/cc -- works
[1.038s] -- Detecting C compiler ABI info
[1.281s] -- Detecting C compiler ABI info - done
[1.361s] -- Detecting C compile features
[1.361s] -- Detecting C compile features - done
[1.378s] -- Check for working CXX compiler: /usr/bin/c++
[1.619s] -- Check for working CXX compiler: /usr/bin/c++ -- works
[1.623s] -- Detecting CXX compiler ABI info
[1.858s] -- Detecting CXX compiler ABI info - done
[1.932s] -- Detecting CXX compile features
[1.933s] -- Detecting CXX compile features - done
[1.937s] -- Found ament_cmake_ros: 0.9.2 (/home/lfvmu/kobuki/install/share/ament_cmake_ros/cmake)
[1.986s] -- Found PythonInterp: /usr/bin/python3 (found suitable version "3.8.10", minimum required is "3") 
[1.987s] -- Using PYTHON_EXECUTABLE: /usr/bin/python3
[2.361s] -- Found ecl_build: 1.0.3 (/home/lfvmu/kobuki/install/share/ecl_build/cmake)
[2.388s] -- Found ecl_config: 1.1.0 (/home/lfvmu/kobuki/install/share/ecl_config/cmake)
[2.397s] -- Found ecl_linear_algebra: 1.2.1 (/home/lfvmu/kobuki/install/share/ecl_linear_algebra/cmake)
[2.531s] -- Found ecl_command_line: 1.2.1 (/home/lfvmu/kobuki/install/share/ecl_command_line/cmake)
[2.538s] -- Found ecl_containers: 1.2.1 (/home/lfvmu/kobuki/install/share/ecl_containers/cmake)
[2.573s] -- Found ecl_devices: 1.2.1 (/home/lfvmu/kobuki/install/share/ecl_devices/cmake)
[2.592s] -- Looking for pthread.h
[2.803s] -- Looking for pthread.h - found
[2.804s] -- Performing Test CMAKE_HAVE_LIBC_PTHREAD
[3.020s] -- Performing Test CMAKE_HAVE_LIBC_PTHREAD - Failed
[3.020s] -- Looking for pthread_create in pthreads
[3.195s] -- Looking for pthread_create in pthreads - not found
[3.196s] -- Looking for pthread_create in pthread
[3.404s] -- Looking for pthread_create in pthread - found
[3.405s] -- Found Threads: TRUE  
[3.408s] -- Check if compiler accepts -pthread
[3.633s] -- Check if compiler accepts -pthread - yes
[3.696s] -- Found ecl_geometry: 1.2.1 (/home/lfvmu/kobuki/install/share/ecl_geometry/cmake)
[3.726s] -- Found ecl_ipc: 1.2.1 (/home/lfvmu/kobuki/install/share/ecl_ipc/cmake)
[3.749s] -- Found ecl_sigslots: 1.2.1 (/home/lfvmu/kobuki/install/share/ecl_sigslots/cmake)
[3.763s] -- Found ecl_streams: 1.2.1 (/home/lfvmu/kobuki/install/share/ecl_streams/cmake)
[3.956s] -- Configuring done
[4.091s] -- Generating done
[4.102s] -- Build files have been written to: /home/lfvmu/kobuki/build/ecl_core_apps
[4.115s] Invoked command in '/home/lfvmu/kobuki/build/ecl_core_apps' returned '0': AMENT_PREFIX_PATH=/home/lfvmu/kobuki/install CMAKE_PREFIX_PATH=/home/lfvmu/kobuki/install LD_LIBRARY_PATH=/home/lfvmu/kobuki/install/lib PATH=/home/lfvmu/kobuki/install/bin:${PATH} PKG_CONFIG_PATH=/home/lfvmu/kobuki/install/lib/x86_64-linux-gnu/pkgconfig:/home/lfvmu/kobuki/install/lib/pkgconfig PYTHONPATH=/home/lfvmu/kobuki/install/lib/python3.8/site-packages /usr/bin/cmake /home/lfvmu/kobuki/src/ecl_core/ecl_core_apps -DBUILD_TESTING=OFF -DCMAKE_INSTALL_PREFIX=/home/lfvmu/kobuki/install
[4.122s] Invoking command in '/home/lfvmu/kobuki/build/ecl_core_apps': AMENT_PREFIX_PATH=/home/lfvmu/kobuki/install CMAKE_PREFIX_PATH=/home/lfvmu/kobuki/install LD_LIBRARY_PATH=/home/lfvmu/kobuki/install/lib PATH=/home/lfvmu/kobuki/install/bin:${PATH} PKG_CONFIG_PATH=/home/lfvmu/kobuki/install/lib/x86_64-linux-gnu/pkgconfig:/home/lfvmu/kobuki/install/lib/pkgconfig PYTHONPATH=/home/lfvmu/kobuki/install/lib/python3.8/site-packages /usr/bin/cmake --build /home/lfvmu/kobuki/build/ecl_core_apps -- -j4 -l4
[4.244s] [35m[1mScanning dependencies of target ecl_bench_snooze[0m
[4.277s] [  2%] [32mBuilding CXX object src/benchmarks/CMakeFiles/ecl_bench_snooze.dir/snooze.cpp.o[0m
[5.444s] [  5%] [32m[1mLinking CXX executable ecl_bench_snooze[0m
[5.695s] [  5%] Built target ecl_bench_snooze
[5.726s] [35m[1mScanning dependencies of target ecl_bench_exceptions[0m
[5.771s] [  8%] [32mBuilding CXX object src/benchmarks/CMakeFiles/ecl_bench_exceptions.dir/exceptions.cpp.o[0m
[6.912s] [ 11%] [32m[1mLinking CXX executable ecl_bench_exceptions[0m
[7.169s] [ 11%] Built target ecl_bench_exceptions
[7.193s] [35m[1mScanning dependencies of target ecl_bench_streams[0m
[7.257s] [ 14%] [32mBuilding CXX object src/benchmarks/CMakeFiles/ecl_bench_streams.dir/streams.cpp.o[0m
[9.134s] [ 17%] [32m[1mLinking CXX executable ecl_bench_streams[0m
[9.410s] [ 17%] Built target ecl_bench_streams
[9.434s] [35m[1mScanning dependencies of target ecl_bench_eigen3_transforms[0m
[9.629s] [ 20%] [32mBuilding CXX object src/benchmarks/CMakeFiles/ecl_bench_eigen3_transforms.dir/eigen3_transforms.cpp.o[0m
[16.606s] [35m[1mScanning dependencies of target ecl_bench_eigen3_inverse[0m
[16.790s] [ 23%] [32mBuilding CXX object src/benchmarks/CMakeFiles/ecl_bench_eigen3_inverse.dir/eigen3_inverse.cpp.o[0m
[18.818s] [35m[1mScanning dependencies of target ecl_bench_files[0m
[18.912s] [ 26%] [32mBuilding CXX object src/benchmarks/CMakeFiles/ecl_bench_files.dir/files.cpp.o[0m
[20.926s] [35m[1mScanning dependencies of target ecl_bench_string_conversions[0m
[21.045s] [ 29%] [32mBuilding CXX object src/benchmarks/CMakeFiles/ecl_bench_string_conversions.dir/string_conversions.cpp.o[0m
[21.443s] [ 32%] [32m[1mLinking CXX executable ecl_bench_files[0m
[21.956s] [ 32%] Built target ecl_bench_files
[22.763s] [ 35%] [32m[1mLinking CXX executable ecl_bench_string_conversions[0m
[23.087s] [ 35%] Built target ecl_bench_string_conversions
[31.428s] [ 38%] [32m[1mLinking CXX executable ecl_bench_eigen3_inverse[0m
[31.869s] [ 38%] Built target ecl_bench_eigen3_inverse
[32.739s] [ 41%] [32m[1mLinking CXX executable ecl_bench_eigen3_transforms[0m
[33.401s] [ 41%] Built target ecl_bench_eigen3_transforms
[33.423s] [35m[1mScanning dependencies of target ecl_bench_flops[0m
[33.460s] [ 44%] [32mBuilding CXX object src/benchmarks/CMakeFiles/ecl_bench_flops.dir/flops.cpp.o[0m
[36.039s] [ 47%] [32m[1mLinking CXX executable ecl_bench_flops[0m
[36.295s] [ 47%] Built target ecl_bench_flops
[36.315s] [35m[1mScanning dependencies of target ecl_hex[0m
[36.370s] [ 50%] [32mBuilding CXX object src/utils/CMakeFiles/ecl_hex.dir/hex.cpp.o[0m
[37.375s] [35m[1mScanning dependencies of target ecl_socket_server[0m
[37.424s] [ 52%] [32mBuilding CXX object src/utils/CMakeFiles/ecl_socket_server.dir/socket_server.cpp.o[0m
[38.467s] [35m[1mScanning dependencies of target ecl_bench_containers[0m
[38.582s] [ 55%] [32mBuilding CXX object src/benchmarks/CMakeFiles/ecl_bench_containers.dir/containers.cpp.o[0m
[39.614s] [35m[1mScanning dependencies of target ecl_bench_eigen3_decompositions[0m
[40.042s] [ 58%] [32mBuilding CXX object src/benchmarks/CMakeFiles/ecl_bench_eigen3_decompositions.dir/eigen3_decompositions.cpp.o[0m
[41.142s] [ 61%] [32m[1mLinking CXX executable ecl_hex[0m
[41.418s] [ 64%] [32m[1mLinking CXX executable ecl_bench_containers[0m
[41.902s] [ 64%] Built target ecl_hex
[41.981s] [ 64%] Built target ecl_bench_containers
[42.473s] [ 67%] [32m[1mLinking CXX executable ecl_socket_server[0m
[42.903s] [ 67%] Built target ecl_socket_server
[56.944s] [35m[1mScanning dependencies of target ecl_quaternion2yaw[0m
[57.134s] [ 70%] [32mBuilding CXX object src/utils/CMakeFiles/ecl_quaternion2yaw.dir/quaternion2yaw.cpp.o[0m
[58.152s] [35m[1mScanning dependencies of target ecl_process_statistics[0m
[58.229s] [ 73%] [32mBuilding CXX object src/utils/CMakeFiles/ecl_process_statistics.dir/process_statistics.cpp.o[0m
[59.290s] [35m[1mScanning dependencies of target ecl_serial[0m
[59.366s] [ 76%] [32mBuilding CXX object src/utils/CMakeFiles/ecl_serial.dir/serial.cpp.o[0m
[59.737s] [ 79%] [32m[1mLinking CXX executable bin/ecl_process_statistics[0m
[60.242s] [ 79%] Built target ecl_process_statistics
[60.312s] [35m[1mScanning dependencies of target ecl_yaw2quaternion[0m
[60.670s] [ 82%] [32mBuilding CXX object src/utils/CMakeFiles/ecl_yaw2quaternion.dir/yaw2quaternion.cpp.o[0m
[65.822s] [ 85%] [32m[1mLinking CXX executable ecl_serial[0m
[66.640s] [ 85%] Built target ecl_serial
[70.049s] [ 88%] [32m[1mLinking CXX executable bin/ecl_quaternion2yaw[0m
[70.664s] [ 88%] Built target ecl_quaternion2yaw
[74.091s] [ 91%] [32m[1mLinking CXX executable bin/ecl_yaw2quaternion[0m
[74.574s] [ 91%] Built target ecl_yaw2quaternion
[79.165s] [ 94%] [32m[1mLinking CXX executable ecl_bench_eigen3_decompositions[0m
[79.962s] [ 94%] Built target ecl_bench_eigen3_decompositions
[79.986s] [35m[1mScanning dependencies of target ecl_socket_client[0m
[80.031s] [ 97%] [32mBuilding CXX object src/utils/CMakeFiles/ecl_socket_client.dir/socket_client.cpp.o[0m
[83.190s] [100%] [32m[1mLinking CXX executable ecl_socket_client[0m
[83.478s] [100%] Built target ecl_socket_client
[83.509s] Invoked command in '/home/lfvmu/kobuki/build/ecl_core_apps' returned '0': AMENT_PREFIX_PATH=/home/lfvmu/kobuki/install CMAKE_PREFIX_PATH=/home/lfvmu/kobuki/install LD_LIBRARY_PATH=/home/lfvmu/kobuki/install/lib PATH=/home/lfvmu/kobuki/install/bin:${PATH} PKG_CONFIG_PATH=/home/lfvmu/kobuki/install/lib/x86_64-linux-gnu/pkgconfig:/home/lfvmu/kobuki/install/lib/pkgconfig PYTHONPATH=/home/lfvmu/kobuki/install/lib/python3.8/site-packages /usr/bin/cmake --build /home/lfvmu/kobuki/build/ecl_core_apps -- -j4 -l4
[83.568s] Invoking command in '/home/lfvmu/kobuki/build/ecl_core_apps': AMENT_PREFIX_PATH=/home/lfvmu/kobuki/install CMAKE_PREFIX_PATH=/home/lfvmu/kobuki/install LD_LIBRARY_PATH=/home/lfvmu/kobuki/install/lib PATH=/home/lfvmu/kobuki/install/bin:${PATH} PKG_CONFIG_PATH=/home/lfvmu/kobuki/install/lib/x86_64-linux-gnu/pkgconfig:/home/lfvmu/kobuki/install/lib/pkgconfig PYTHONPATH=/home/lfvmu/kobuki/install/lib/python3.8/site-packages /usr/bin/cmake --install /home/lfvmu/kobuki/build/ecl_core_apps
[83.590s] -- Install configuration: ""
[83.591s] -- Installing: /home/lfvmu/kobuki/install/share/ament_index/resource_index/package_run_dependencies/ecl_core_apps
[83.592s] -- Installing: /home/lfvmu/kobuki/install/share/ament_index/resource_index/parent_prefix_path/ecl_core_apps
[83.594s] -- Installing: /home/lfvmu/kobuki/install/share/ecl_core_apps/environment/ament_prefix_path.sh
[83.594s] -- Installing: /home/lfvmu/kobuki/install/share/ecl_core_apps/environment/ament_prefix_path.dsv
[83.595s] -- Installing: /home/lfvmu/kobuki/install/share/ecl_core_apps/environment/path.sh
[83.596s] -- Installing: /home/lfvmu/kobuki/install/share/ecl_core_apps/environment/path.dsv
[83.599s] -- Installing: /home/lfvmu/kobuki/install/share/ecl_core_apps/local_setup.bash
[83.601s] -- Installing: /home/lfvmu/kobuki/install/share/ecl_core_apps/local_setup.sh
[83.602s] -- Installing: /home/lfvmu/kobuki/install/share/ecl_core_apps/local_setup.zsh
[83.603s] -- Installing: /home/lfvmu/kobuki/install/share/ecl_core_apps/local_setup.dsv
[83.604s] -- Installing: /home/lfvmu/kobuki/install/share/ecl_core_apps/package.dsv
[83.605s] -- Installing: /home/lfvmu/kobuki/install/share/ament_index/resource_index/packages/ecl_core_apps
[83.606s] -- Installing: /home/lfvmu/kobuki/install/share/ecl_core_apps/cmake/ecl_core_appsConfig.cmake
[83.607s] -- Installing: /home/lfvmu/kobuki/install/share/ecl_core_apps/cmake/ecl_core_appsConfig-version.cmake
[83.608s] -- Installing: /home/lfvmu/kobuki/install/share/ecl_core_apps/package.xml
[83.610s] -- Installing: /home/lfvmu/kobuki/install/bin/ecl_bench_containers
[83.612s] -- Set runtime path of "/home/lfvmu/kobuki/install/bin/ecl_bench_containers" to ""
[83.612s] -- Installing: /home/lfvmu/kobuki/install/bin/ecl_bench_files
[83.613s] -- Set runtime path of "/home/lfvmu/kobuki/install/bin/ecl_bench_files" to ""
[83.614s] -- Installing: /home/lfvmu/kobuki/install/bin/ecl_bench_flops
[83.615s] -- Set runtime path of "/home/lfvmu/kobuki/install/bin/ecl_bench_flops" to ""
[83.616s] -- Installing: /home/lfvmu/kobuki/install/bin/ecl_bench_exceptions
[83.617s] -- Set runtime path of "/home/lfvmu/kobuki/install/bin/ecl_bench_exceptions" to ""
[83.618s] -- Installing: /home/lfvmu/kobuki/install/bin/ecl_bench_snooze
[83.619s] -- Set runtime path of "/home/lfvmu/kobuki/install/bin/ecl_bench_snooze" to ""
[83.620s] -- Installing: /home/lfvmu/kobuki/install/bin/ecl_bench_streams
[83.622s] -- Set runtime path of "/home/lfvmu/kobuki/install/bin/ecl_bench_streams" to ""
[83.623s] -- Installing: /home/lfvmu/kobuki/install/bin/ecl_bench_string_conversions
[83.624s] -- Set runtime path of "/home/lfvmu/kobuki/install/bin/ecl_bench_string_conversions" to ""
[83.625s] -- Installing: /home/lfvmu/kobuki/install/bin/ecl_bench_eigen3_inverse
[83.628s] -- Set runtime path of "/home/lfvmu/kobuki/install/bin/ecl_bench_eigen3_inverse" to ""
[83.629s] -- Installing: /home/lfvmu/kobuki/install/bin/ecl_bench_eigen3_decompositions
[83.637s] -- Set runtime path of "/home/lfvmu/kobuki/install/bin/ecl_bench_eigen3_decompositions" to ""
[83.638s] -- Installing: /home/lfvmu/kobuki/install/bin/ecl_bench_eigen3_transforms
[83.644s] -- Set runtime path of "/home/lfvmu/kobuki/install/bin/ecl_bench_eigen3_transforms" to ""
[83.646s] -- Installing: /home/lfvmu/kobuki/install/lib/ecl_core_apps/ecl_hex
[83.648s] -- Set runtime path of "/home/lfvmu/kobuki/install/lib/ecl_core_apps/ecl_hex" to ""
[83.648s] -- Installing: /home/lfvmu/kobuki/install/lib/ecl_core_apps/ecl_serial
[83.650s] -- Set runtime path of "/home/lfvmu/kobuki/install/lib/ecl_core_apps/ecl_serial" to ""
[83.651s] -- Installing: /home/lfvmu/kobuki/install/lib/ecl_core_apps/ecl_socket_client
[83.652s] -- Set runtime path of "/home/lfvmu/kobuki/install/lib/ecl_core_apps/ecl_socket_client" to ""
[83.653s] -- Installing: /home/lfvmu/kobuki/install/lib/ecl_core_apps/ecl_socket_server
[83.655s] -- Set runtime path of "/home/lfvmu/kobuki/install/lib/ecl_core_apps/ecl_socket_server" to ""
[83.655s] -- Installing: /home/lfvmu/kobuki/install/bin/ecl_process_statistics
[83.656s] -- Set runtime path of "/home/lfvmu/kobuki/install/bin/ecl_process_statistics" to ""
[83.657s] -- Installing: /home/lfvmu/kobuki/install/bin/ecl_quaternion2yaw
[83.658s] -- Set runtime path of "/home/lfvmu/kobuki/install/bin/ecl_quaternion2yaw" to ""
[83.659s] -- Installing: /home/lfvmu/kobuki/install/bin/ecl_yaw2quaternion
[83.661s] -- Set runtime path of "/home/lfvmu/kobuki/install/bin/ecl_yaw2quaternion" to ""
[83.665s] Invoked command in '/home/lfvmu/kobuki/build/ecl_core_apps' returned '0': AMENT_PREFIX_PATH=/home/lfvmu/kobuki/install CMAKE_PREFIX_PATH=/home/lfvmu/kobuki/install LD_LIBRARY_PATH=/home/lfvmu/kobuki/install/lib PATH=/home/lfvmu/kobuki/install/bin:${PATH} PKG_CONFIG_PATH=/home/lfvmu/kobuki/install/lib/x86_64-linux-gnu/pkgconfig:/home/lfvmu/kobuki/install/lib/pkgconfig PYTHONPATH=/home/lfvmu/kobuki/install/lib/python3.8/site-packages /usr/bin/cmake --install /home/lfvmu/kobuki/build/ecl_core_apps
