[0.469s] Invoking command in '/home/lfvmu/kobuki/build/ecl_linear_algebra': /usr/bin/cmake /home/lfvmu/kobuki/src/ecl_core/ecl_linear_algebra -DBUILD_TESTING=OFF -DCMAKE_INSTALL_PREFIX=/home/lfvmu/kobuki/install
[0.517s] -- Found ament_cmake_ros: 0.9.2 (/home/lfvmu/kobuki/install/share/ament_cmake_ros/cmake)
[0.569s] -- Using PYTHON_EXECUTABLE: /usr/bin/python3
[0.931s] -- Found ecl_build: 1.0.3 (/home/lfvmu/kobuki/install/share/ecl_build/cmake)
[0.954s] -- Found ecl_eigen: 1.2.1 (/home/lfvmu/kobuki/install/share/ecl_eigen/cmake)
[0.967s] -- Found ecl_exceptions: 1.2.1 (/home/lfvmu/kobuki/install/share/ecl_exceptions/cmake)
[0.994s] -- Found ecl_formatters: 1.2.1 (/home/lfvmu/kobuki/install/share/ecl_formatters/cmake)
[1.064s] -- Found ecl_math: 1.2.1 (/home/lfvmu/kobuki/install/share/ecl_math/cmake)
[1.273s] -- Configuring done
[1.327s] -- Generating done
[1.339s] -- Build files have been written to: /home/lfvmu/kobuki/build/ecl_linear_algebra
[1.349s] Invoked command in '/home/lfvmu/kobuki/build/ecl_linear_algebra' returned '0': /usr/bin/cmake /home/lfvmu/kobuki/src/ecl_core/ecl_linear_algebra -DBUILD_TESTING=OFF -DCMAKE_INSTALL_PREFIX=/home/lfvmu/kobuki/install
[1.358s] Invoking command in '/home/lfvmu/kobuki/build/ecl_linear_algebra': /usr/bin/cmake --build /home/lfvmu/kobuki/build/ecl_linear_algebra -- -j4 -l4
[1.525s] [100%] Built target ecl_linear_algebra
[1.600s] Invoked command in '/home/lfvmu/kobuki/build/ecl_linear_algebra' returned '0': /usr/bin/cmake --build /home/lfvmu/kobuki/build/ecl_linear_algebra -- -j4 -l4
[1.897s] Invoking command in '/home/lfvmu/kobuki/build/ecl_linear_algebra': /usr/bin/cmake --install /home/lfvmu/kobuki/build/ecl_linear_algebra
[1.940s] -- Install configuration: "RelWithDebInfo"
[1.940s] -- Up-to-date: /home/lfvmu/kobuki/install/share/ecl_linear_algebra/environment/library_path.sh
[1.940s] -- Installing: /home/lfvmu/kobuki/install/share/ecl_linear_algebra/environment/library_path.dsv
[1.941s] -- Up-to-date: /home/lfvmu/kobuki/install/share/ament_index/resource_index/package_run_dependencies/ecl_linear_algebra
[1.941s] -- Up-to-date: /home/lfvmu/kobuki/install/share/ament_index/resource_index/parent_prefix_path/ecl_linear_algebra
[1.942s] -- Up-to-date: /home/lfvmu/kobuki/install/share/ecl_linear_algebra/environment/ament_prefix_path.sh
[1.942s] -- Installing: /home/lfvmu/kobuki/install/share/ecl_linear_algebra/environment/ament_prefix_path.dsv
[1.950s] -- Up-to-date: /home/lfvmu/kobuki/install/share/ecl_linear_algebra/environment/path.sh
[1.951s] -- Installing: /home/lfvmu/kobuki/install/share/ecl_linear_algebra/environment/path.dsv
[1.951s] -- Up-to-date: /home/lfvmu/kobuki/install/share/ecl_linear_algebra/local_setup.bash
[1.951s] -- Up-to-date: /home/lfvmu/kobuki/install/share/ecl_linear_algebra/local_setup.sh
[1.952s] -- Up-to-date: /home/lfvmu/kobuki/install/share/ecl_linear_algebra/local_setup.zsh
[1.952s] -- Installing: /home/lfvmu/kobuki/install/share/ecl_linear_algebra/local_setup.dsv
[1.952s] -- Installing: /home/lfvmu/kobuki/install/share/ecl_linear_algebra/package.dsv
[1.952s] -- Up-to-date: /home/lfvmu/kobuki/install/share/ament_index/resource_index/packages/ecl_linear_algebra
[1.953s] -- Up-to-date: /home/lfvmu/kobuki/install/share/ecl_linear_algebra/cmake/ecl_linear_algebraExport.cmake
[1.953s] -- Installing: /home/lfvmu/kobuki/install/share/ecl_linear_algebra/cmake/ecl_linear_algebraExport-relwithdebinfo.cmake
[1.953s] -- Up-to-date: /home/lfvmu/kobuki/install/share/ecl_linear_algebra/cmake/ament_cmake_export_targets-extras.cmake
[1.953s] -- Up-to-date: /home/lfvmu/kobuki/install/share/ecl_linear_algebra/cmake/ament_cmake_export_include_directories-extras.cmake
[1.954s] -- Up-to-date: /home/lfvmu/kobuki/install/share/ecl_linear_algebra/cmake/ament_cmake_export_libraries-extras.cmake
[1.954s] -- Up-to-date: /home/lfvmu/kobuki/install/share/ecl_linear_algebra/cmake/ament_cmake_export_dependencies-extras.cmake
[1.954s] -- Up-to-date: /home/lfvmu/kobuki/install/share/ecl_linear_algebra/cmake/ecl_linear_algebraConfig.cmake
[1.954s] -- Up-to-date: /home/lfvmu/kobuki/install/share/ecl_linear_algebra/cmake/ecl_linear_algebraConfig-version.cmake
[1.954s] -- Up-to-date: /home/lfvmu/kobuki/install/share/ecl_linear_algebra/package.xml
[1.955s] -- Up-to-date: /home/lfvmu/kobuki/install/include/ecl/linear_algebra.hpp
[1.955s] -- Up-to-date: /home/lfvmu/kobuki/install/include/ecl/linear_algebra/eigen.hpp
[1.955s] -- Up-to-date: /home/lfvmu/kobuki/install/include/ecl/linear_algebra/sophus.hpp
[1.956s] -- Up-to-date: /home/lfvmu/kobuki/install/include/ecl/linear_algebra/eigen/formatters.hpp
[1.956s] -- Up-to-date: /home/lfvmu/kobuki/install/include/ecl/linear_algebra/eigen/plugin.hpp
[1.956s] -- Up-to-date: /home/lfvmu/kobuki/install/include/ecl/linear_algebra/eigen/unsupported/nonlinear_optimization.hpp
[1.956s] -- Up-to-date: /home/lfvmu/kobuki/install/include/ecl/linear_algebra/eigen/unsupported/numerical_diff.hpp
[1.956s] -- Up-to-date: /home/lfvmu/kobuki/install/include/ecl/linear_algebra/sophus/formatters.hpp
[1.957s] -- Up-to-date: /home/lfvmu/kobuki/install/include/ecl/linear_algebra/sophus/helpers.hpp
[1.957s] -- Up-to-date: /home/lfvmu/kobuki/install/include/ecl/linear_algebra/sophus/interpolators.hpp
[1.960s] -- Up-to-date: /home/lfvmu/kobuki/install/lib/libecl_linear_algebra.so.1.2.1
[1.960s] -- Up-to-date: /home/lfvmu/kobuki/install/lib/libecl_linear_algebra.so
[1.969s] Invoked command in '/home/lfvmu/kobuki/build/ecl_linear_algebra' returned '0': /usr/bin/cmake --install /home/lfvmu/kobuki/build/ecl_linear_algebra
