[0.332s] Invoking command in '/home/lfvmu/kobuki/build/ecl_mpl': /usr/bin/cmake /home/lfvmu/kobuki/src/ecl_core/ecl_mpl -DBUILD_TESTING=OFF --no-warn-unused-cli -DCMAKE_INSTALL_PREFIX=/home/lfvmu/kobuki/install
[0.375s] Not searching for unused variables given on the command line.
[0.375s] -- Found ament_cmake_ros: 0.9.2 (/home/lfvmu/kobuki/install/share/ament_cmake_ros/cmake)
[0.423s] -- Using PYTHON_EXECUTABLE: /usr/bin/python3
[0.771s] -- Found ecl_build: 1.0.3 (/home/lfvmu/kobuki/install/share/ecl_build/cmake)
[0.947s] -- Configuring done
[0.970s] -- Generating done
[0.971s] -- Build files have been written to: /home/lfvmu/kobuki/build/ecl_mpl
[1.057s] Invoked command in '/home/lfvmu/kobuki/build/ecl_mpl' returned '0': /usr/bin/cmake /home/lfvmu/kobuki/src/ecl_core/ecl_mpl -DBUILD_TESTING=OFF --no-warn-unused-cli -DCMAKE_INSTALL_PREFIX=/home/lfvmu/kobuki/install
[1.058s] Invoking command in '/home/lfvmu/kobuki/build/ecl_mpl': /usr/bin/cmake --build /home/lfvmu/kobuki/build/ecl_mpl -- -j4 -l4
[1.191s] Invoked command in '/home/lfvmu/kobuki/build/ecl_mpl' returned '0': /usr/bin/cmake --build /home/lfvmu/kobuki/build/ecl_mpl -- -j4 -l4
[1.238s] Invoking command in '/home/lfvmu/kobuki/build/ecl_mpl': /usr/bin/cmake --install /home/lfvmu/kobuki/build/ecl_mpl
[1.261s] -- Install configuration: "RelWithDebInfo"
[1.262s] -- Up-to-date: /home/lfvmu/kobuki/install/share/ament_index/resource_index/package_run_dependencies/ecl_mpl
[1.263s] -- Up-to-date: /home/lfvmu/kobuki/install/share/ament_index/resource_index/parent_prefix_path/ecl_mpl
[1.263s] -- Up-to-date: /home/lfvmu/kobuki/install/share/ecl_mpl/environment/ament_prefix_path.sh
[1.263s] -- Installing: /home/lfvmu/kobuki/install/share/ecl_mpl/environment/ament_prefix_path.dsv
[1.264s] -- Up-to-date: /home/lfvmu/kobuki/install/share/ecl_mpl/environment/path.sh
[1.265s] -- Installing: /home/lfvmu/kobuki/install/share/ecl_mpl/environment/path.dsv
[1.265s] -- Up-to-date: /home/lfvmu/kobuki/install/share/ecl_mpl/local_setup.bash
[1.266s] -- Up-to-date: /home/lfvmu/kobuki/install/share/ecl_mpl/local_setup.sh
[1.266s] -- Up-to-date: /home/lfvmu/kobuki/install/share/ecl_mpl/local_setup.zsh
[1.267s] -- Installing: /home/lfvmu/kobuki/install/share/ecl_mpl/local_setup.dsv
[1.267s] -- Installing: /home/lfvmu/kobuki/install/share/ecl_mpl/package.dsv
[1.268s] -- Up-to-date: /home/lfvmu/kobuki/install/share/ament_index/resource_index/packages/ecl_mpl
[1.269s] -- Up-to-date: /home/lfvmu/kobuki/install/share/ecl_mpl/cmake/ecl_mplExport.cmake
[1.269s] -- Up-to-date: /home/lfvmu/kobuki/install/share/ecl_mpl/cmake/ament_cmake_export_targets-extras.cmake
[1.270s] -- Up-to-date: /home/lfvmu/kobuki/install/share/ecl_mpl/cmake/ament_cmake_export_include_directories-extras.cmake
[1.270s] -- Up-to-date: /home/lfvmu/kobuki/install/share/ecl_mpl/cmake/ecl_mplConfig.cmake
[1.272s] -- Up-to-date: /home/lfvmu/kobuki/install/share/ecl_mpl/cmake/ecl_mplConfig-version.cmake
[1.273s] -- Up-to-date: /home/lfvmu/kobuki/install/share/ecl_mpl/package.xml
[1.273s] -- Up-to-date: /home/lfvmu/kobuki/install/include/ecl/mpl.hpp
[1.273s] -- Up-to-date: /home/lfvmu/kobuki/install/include/ecl/mpl/bool.hpp
[1.273s] -- Up-to-date: /home/lfvmu/kobuki/install/include/ecl/mpl/converters.hpp
[1.275s] -- Up-to-date: /home/lfvmu/kobuki/install/include/ecl/mpl/enable_if.hpp
[1.275s] -- Up-to-date: /home/lfvmu/kobuki/install/include/ecl/mpl/failed_object.hpp
[1.275s] -- Up-to-date: /home/lfvmu/kobuki/install/include/ecl/mpl/if.hpp
[1.286s] Invoked command in '/home/lfvmu/kobuki/build/ecl_mpl' returned '0': /usr/bin/cmake --install /home/lfvmu/kobuki/build/ecl_mpl
