[0.392s] Invoking command in '/home/lfvmu/kobuki/build/ament_cmake_ros': AMENT_PREFIX_PATH=/home/lfvmu/kobuki/install CMAKE_PREFIX_PATH=/home/lfvmu/kobuki/install PATH=/home/lfvmu/kobuki/install/bin:${PATH} PYTHONPATH=/home/lfvmu/kobuki/install/lib/python3.8/site-packages /usr/bin/cmake /home/lfvmu/kobuki/src/ament_cmake_ros/ament_cmake_ros -DBUILD_TESTING=OFF -DCMAKE_INSTALL_PREFIX=/home/lfvmu/kobuki/install
[0.434s] -- Found ament_cmake: 0.9.11 (/home/lfvmu/kobuki/install/share/ament_cmake/cmake)
[0.471s] -- Found PythonInterp: /usr/bin/python3 (found suitable version "3.8.10", minimum required is "3") 
[0.471s] -- Using PYTHON_EXECUTABLE: /usr/bin/python3
[0.960s] -- Configuring done
[0.966s] -- Generating done
[0.968s] -- Build files have been written to: /home/lfvmu/kobuki/build/ament_cmake_ros
[0.973s] Invoked command in '/home/lfvmu/kobuki/build/ament_cmake_ros' returned '0': AMENT_PREFIX_PATH=/home/lfvmu/kobuki/install CMAKE_PREFIX_PATH=/home/lfvmu/kobuki/install PATH=/home/lfvmu/kobuki/install/bin:${PATH} PYTHONPATH=/home/lfvmu/kobuki/install/lib/python3.8/site-packages /usr/bin/cmake /home/lfvmu/kobuki/src/ament_cmake_ros/ament_cmake_ros -DBUILD_TESTING=OFF -DCMAKE_INSTALL_PREFIX=/home/lfvmu/kobuki/install
[0.978s] Invoking command in '/home/lfvmu/kobuki/build/ament_cmake_ros': AMENT_PREFIX_PATH=/home/lfvmu/kobuki/install CMAKE_PREFIX_PATH=/home/lfvmu/kobuki/install PATH=/home/lfvmu/kobuki/install/bin:${PATH} PYTHONPATH=/home/lfvmu/kobuki/install/lib/python3.8/site-packages /usr/bin/cmake --build /home/lfvmu/kobuki/build/ament_cmake_ros -- -j4 -l4
[1.195s] Invoked command in '/home/lfvmu/kobuki/build/ament_cmake_ros' returned '0': AMENT_PREFIX_PATH=/home/lfvmu/kobuki/install CMAKE_PREFIX_PATH=/home/lfvmu/kobuki/install PATH=/home/lfvmu/kobuki/install/bin:${PATH} PYTHONPATH=/home/lfvmu/kobuki/install/lib/python3.8/site-packages /usr/bin/cmake --build /home/lfvmu/kobuki/build/ament_cmake_ros -- -j4 -l4
[1.423s] Invoking command in '/home/lfvmu/kobuki/build/ament_cmake_ros': AMENT_PREFIX_PATH=/home/lfvmu/kobuki/install CMAKE_PREFIX_PATH=/home/lfvmu/kobuki/install PATH=/home/lfvmu/kobuki/install/bin:${PATH} PYTHONPATH=/home/lfvmu/kobuki/install/lib/python3.8/site-packages /usr/bin/cmake --install /home/lfvmu/kobuki/build/ament_cmake_ros
[1.459s] -- Install configuration: ""
[1.459s] -- Installing: /home/lfvmu/kobuki/install/share/ament_index/resource_index/package_run_dependencies/ament_cmake_ros
[1.460s] -- Installing: /home/lfvmu/kobuki/install/share/ament_index/resource_index/parent_prefix_path/ament_cmake_ros
[1.461s] -- Installing: /home/lfvmu/kobuki/install/share/ament_cmake_ros/environment/ament_prefix_path.sh
[1.461s] -- Installing: /home/lfvmu/kobuki/install/share/ament_cmake_ros/environment/ament_prefix_path.dsv
[1.462s] -- Installing: /home/lfvmu/kobuki/install/share/ament_cmake_ros/environment/path.sh
[1.462s] -- Installing: /home/lfvmu/kobuki/install/share/ament_cmake_ros/environment/path.dsv
[1.463s] -- Installing: /home/lfvmu/kobuki/install/share/ament_cmake_ros/local_setup.bash
[1.463s] -- Installing: /home/lfvmu/kobuki/install/share/ament_cmake_ros/local_setup.sh
[1.463s] -- Installing: /home/lfvmu/kobuki/install/share/ament_cmake_ros/local_setup.zsh
[1.464s] -- Installing: /home/lfvmu/kobuki/install/share/ament_cmake_ros/local_setup.dsv
[1.464s] -- Installing: /home/lfvmu/kobuki/install/share/ament_cmake_ros/package.dsv
[1.465s] -- Installing: /home/lfvmu/kobuki/install/share/ament_index/resource_index/packages/ament_cmake_ros
[1.465s] -- Installing: /home/lfvmu/kobuki/install/share/ament_cmake_ros/cmake/ament_cmake_ros-extras.cmake
[1.466s] -- Installing: /home/lfvmu/kobuki/install/share/ament_cmake_ros/cmake/ament_cmake_export_dependencies-extras.cmake
[1.466s] -- Installing: /home/lfvmu/kobuki/install/share/ament_cmake_ros/cmake/ament_cmake_rosConfig.cmake
[1.466s] -- Installing: /home/lfvmu/kobuki/install/share/ament_cmake_ros/cmake/ament_cmake_rosConfig-version.cmake
[1.467s] -- Installing: /home/lfvmu/kobuki/install/share/ament_cmake_ros/package.xml
[1.467s] -- Up-to-date: /home/lfvmu/kobuki/install/share/ament_cmake_ros/cmake
[1.468s] -- Installing: /home/lfvmu/kobuki/install/share/ament_cmake_ros/cmake/run_test_isolated.py
[1.468s] -- Installing: /home/lfvmu/kobuki/install/share/ament_cmake_ros/cmake/ament_add_ros_isolated_pytest.cmake
[1.468s] -- Installing: /home/lfvmu/kobuki/install/share/ament_cmake_ros/cmake/build_shared_libs.cmake
[1.469s] -- Installing: /home/lfvmu/kobuki/install/share/ament_cmake_ros/cmake/ament_add_ros_isolated_gtest.cmake
[1.469s] -- Installing: /home/lfvmu/kobuki/install/share/ament_cmake_ros/cmake/ament_add_ros_isolated_gmock.cmake
[1.512s] Invoked command in '/home/lfvmu/kobuki/build/ament_cmake_ros' returned '0': AMENT_PREFIX_PATH=/home/lfvmu/kobuki/install CMAKE_PREFIX_PATH=/home/lfvmu/kobuki/install PATH=/home/lfvmu/kobuki/install/bin:${PATH} PYTHONPATH=/home/lfvmu/kobuki/install/lib/python3.8/site-packages /usr/bin/cmake --install /home/lfvmu/kobuki/build/ament_cmake_ros
