[0.425s] Invoking command in '/home/lfvmu/kobuki/build/ament_lint_common': AMENT_PREFIX_PATH=/home/lfvmu/kobuki/install CMAKE_PREFIX_PATH=/home/lfvmu/kobuki/install LD_LIBRARY_PATH=/home/lfvmu/kobuki/install/lib PATH=/home/lfvmu/kobuki/install/bin:${PATH} PYTHONPATH=/home/lfvmu/kobuki/install/lib/python3.8/site-packages /usr/bin/cmake /home/lfvmu/kobuki/src/ament_lint/ament_lint_common -DBUILD_TESTING=OFF --no-warn-unused-cli -DCMAKE_INSTALL_PREFIX=/home/lfvmu/kobuki/install
[0.462s] Not searching for unused variables given on the command line.
[0.474s] -- Found ament_cmake_core: 0.9.11 (/home/lfvmu/kobuki/install/share/ament_cmake_core/cmake)
[0.491s] -- Using PYTHON_EXECUTABLE: /usr/bin/python3
[0.854s] -- Found ament_cmake_export_dependencies: 0.9.11 (/home/lfvmu/kobuki/install/share/ament_cmake_export_dependencies/cmake)
[1.006s] -- Configuring done
[1.006s] -- Generating done
[1.012s] -- Build files have been written to: /home/lfvmu/kobuki/build/ament_lint_common
[1.180s] Invoked command in '/home/lfvmu/kobuki/build/ament_lint_common' returned '0': AMENT_PREFIX_PATH=/home/lfvmu/kobuki/install CMAKE_PREFIX_PATH=/home/lfvmu/kobuki/install LD_LIBRARY_PATH=/home/lfvmu/kobuki/install/lib PATH=/home/lfvmu/kobuki/install/bin:${PATH} PYTHONPATH=/home/lfvmu/kobuki/install/lib/python3.8/site-packages /usr/bin/cmake /home/lfvmu/kobuki/src/ament_lint/ament_lint_common -DBUILD_TESTING=OFF --no-warn-unused-cli -DCMAKE_INSTALL_PREFIX=/home/lfvmu/kobuki/install
[1.187s] Invoking command in '/home/lfvmu/kobuki/build/ament_lint_common': AMENT_PREFIX_PATH=/home/lfvmu/kobuki/install CMAKE_PREFIX_PATH=/home/lfvmu/kobuki/install LD_LIBRARY_PATH=/home/lfvmu/kobuki/install/lib PATH=/home/lfvmu/kobuki/install/bin:${PATH} PYTHONPATH=/home/lfvmu/kobuki/install/lib/python3.8/site-packages /usr/bin/cmake --build /home/lfvmu/kobuki/build/ament_lint_common -- -j4 -l4
[1.433s] Invoked command in '/home/lfvmu/kobuki/build/ament_lint_common' returned '0': AMENT_PREFIX_PATH=/home/lfvmu/kobuki/install CMAKE_PREFIX_PATH=/home/lfvmu/kobuki/install LD_LIBRARY_PATH=/home/lfvmu/kobuki/install/lib PATH=/home/lfvmu/kobuki/install/bin:${PATH} PYTHONPATH=/home/lfvmu/kobuki/install/lib/python3.8/site-packages /usr/bin/cmake --build /home/lfvmu/kobuki/build/ament_lint_common -- -j4 -l4
[1.517s] Invoking command in '/home/lfvmu/kobuki/build/ament_lint_common': AMENT_PREFIX_PATH=/home/lfvmu/kobuki/install CMAKE_PREFIX_PATH=/home/lfvmu/kobuki/install LD_LIBRARY_PATH=/home/lfvmu/kobuki/install/lib PATH=/home/lfvmu/kobuki/install/bin:${PATH} PYTHONPATH=/home/lfvmu/kobuki/install/lib/python3.8/site-packages /usr/bin/cmake --install /home/lfvmu/kobuki/build/ament_lint_common
[1.540s] -- Install configuration: ""
[1.541s] -- Up-to-date: /home/lfvmu/kobuki/install/share/ament_index/resource_index/package_run_dependencies/ament_lint_common
[1.542s] -- Up-to-date: /home/lfvmu/kobuki/install/share/ament_index/resource_index/parent_prefix_path/ament_lint_common
[1.542s] -- Up-to-date: /home/lfvmu/kobuki/install/share/ament_lint_common/environment/ament_prefix_path.sh
[1.543s] -- Installing: /home/lfvmu/kobuki/install/share/ament_lint_common/environment/ament_prefix_path.dsv
[1.543s] -- Up-to-date: /home/lfvmu/kobuki/install/share/ament_lint_common/environment/path.sh
[1.544s] -- Installing: /home/lfvmu/kobuki/install/share/ament_lint_common/environment/path.dsv
[1.545s] -- Up-to-date: /home/lfvmu/kobuki/install/share/ament_lint_common/local_setup.bash
[1.545s] -- Up-to-date: /home/lfvmu/kobuki/install/share/ament_lint_common/local_setup.sh
[1.546s] -- Up-to-date: /home/lfvmu/kobuki/install/share/ament_lint_common/local_setup.zsh
[1.546s] -- Installing: /home/lfvmu/kobuki/install/share/ament_lint_common/local_setup.dsv
[1.547s] -- Installing: /home/lfvmu/kobuki/install/share/ament_lint_common/package.dsv
[1.550s] -- Up-to-date: /home/lfvmu/kobuki/install/share/ament_index/resource_index/packages/ament_lint_common
[1.551s] -- Up-to-date: /home/lfvmu/kobuki/install/share/ament_lint_common/cmake/ament_cmake_export_dependencies-extras.cmake
[1.551s] -- Up-to-date: /home/lfvmu/kobuki/install/share/ament_lint_common/cmake/ament_lint_commonConfig.cmake
[1.551s] -- Up-to-date: /home/lfvmu/kobuki/install/share/ament_lint_common/cmake/ament_lint_commonConfig-version.cmake
[1.551s] -- Up-to-date: /home/lfvmu/kobuki/install/share/ament_lint_common/package.xml
[1.568s] Invoked command in '/home/lfvmu/kobuki/build/ament_lint_common' returned '0': AMENT_PREFIX_PATH=/home/lfvmu/kobuki/install CMAKE_PREFIX_PATH=/home/lfvmu/kobuki/install LD_LIBRARY_PATH=/home/lfvmu/kobuki/install/lib PATH=/home/lfvmu/kobuki/install/bin:${PATH} PYTHONPATH=/home/lfvmu/kobuki/install/lib/python3.8/site-packages /usr/bin/cmake --install /home/lfvmu/kobuki/build/ament_lint_common
