[0.110s] Invoking command in '/home/lfvmu/kobuki/build/ament_cmake_lint_cmake': /usr/bin/cmake /home/lfvmu/kobuki/src/ament_lint/ament_cmake_lint_cmake -DBUILD_TESTING=OFF --no-warn-unused-cli -DCMAKE_INSTALL_PREFIX=/home/lfvmu/kobuki/install
[0.135s] Not searching for unused variables given on the command line.
[0.141s] -- Found ament_cmake_core: 0.9.11 (/home/lfvmu/kobuki/install/share/ament_cmake_core/cmake)
[0.181s] -- Using PYTHON_EXECUTABLE: /usr/bin/python3
[0.531s] -- Found ament_cmake_test: 0.9.11 (/home/lfvmu/kobuki/install/share/ament_cmake_test/cmake)
[0.704s] -- Configuring done
[0.704s] -- Generating done
[0.713s] -- Build files have been written to: /home/lfvmu/kobuki/build/ament_cmake_lint_cmake
[0.877s] Invoked command in '/home/lfvmu/kobuki/build/ament_cmake_lint_cmake' returned '0': /usr/bin/cmake /home/lfvmu/kobuki/src/ament_lint/ament_cmake_lint_cmake -DBUILD_TESTING=OFF --no-warn-unused-cli -DCMAKE_INSTALL_PREFIX=/home/lfvmu/kobuki/install
[0.880s] Invoking command in '/home/lfvmu/kobuki/build/ament_cmake_lint_cmake': /usr/bin/cmake --build /home/lfvmu/kobuki/build/ament_cmake_lint_cmake -- -j4 -l4
[1.430s] Invoked command in '/home/lfvmu/kobuki/build/ament_cmake_lint_cmake' returned '0': /usr/bin/cmake --build /home/lfvmu/kobuki/build/ament_cmake_lint_cmake -- -j4 -l4
[1.494s] Invoking command in '/home/lfvmu/kobuki/build/ament_cmake_lint_cmake': /usr/bin/cmake --install /home/lfvmu/kobuki/build/ament_cmake_lint_cmake
[1.516s] -- Install configuration: "RelWithDebInfo"
[1.517s] -- Up-to-date: /home/lfvmu/kobuki/install/share/ament_index/resource_index/package_run_dependencies/ament_cmake_lint_cmake
[1.517s] -- Up-to-date: /home/lfvmu/kobuki/install/share/ament_index/resource_index/parent_prefix_path/ament_cmake_lint_cmake
[1.517s] -- Up-to-date: /home/lfvmu/kobuki/install/share/ament_cmake_lint_cmake/environment/ament_prefix_path.sh
[1.518s] -- Installing: /home/lfvmu/kobuki/install/share/ament_cmake_lint_cmake/environment/ament_prefix_path.dsv
[1.518s] -- Up-to-date: /home/lfvmu/kobuki/install/share/ament_cmake_lint_cmake/environment/path.sh
[1.518s] -- Installing: /home/lfvmu/kobuki/install/share/ament_cmake_lint_cmake/environment/path.dsv
[1.518s] -- Up-to-date: /home/lfvmu/kobuki/install/share/ament_cmake_lint_cmake/local_setup.bash
[1.519s] -- Up-to-date: /home/lfvmu/kobuki/install/share/ament_cmake_lint_cmake/local_setup.sh
[1.519s] -- Up-to-date: /home/lfvmu/kobuki/install/share/ament_cmake_lint_cmake/local_setup.zsh
[1.520s] -- Installing: /home/lfvmu/kobuki/install/share/ament_cmake_lint_cmake/local_setup.dsv
[1.520s] -- Installing: /home/lfvmu/kobuki/install/share/ament_cmake_lint_cmake/package.dsv
[1.520s] -- Up-to-date: /home/lfvmu/kobuki/install/share/ament_index/resource_index/packages/ament_cmake_lint_cmake
[1.520s] -- Up-to-date: /home/lfvmu/kobuki/install/share/ament_cmake_lint_cmake/cmake/ament_cmake_lint_cmake-extras.cmake
[1.521s] -- Up-to-date: /home/lfvmu/kobuki/install/share/ament_cmake_lint_cmake/cmake/ament_cmake_lint_cmakeConfig.cmake
[1.521s] -- Up-to-date: /home/lfvmu/kobuki/install/share/ament_cmake_lint_cmake/cmake/ament_cmake_lint_cmakeConfig-version.cmake
[1.521s] -- Up-to-date: /home/lfvmu/kobuki/install/share/ament_cmake_lint_cmake/package.xml
[1.521s] -- Up-to-date: /home/lfvmu/kobuki/install/share/ament_cmake_lint_cmake/cmake
[1.522s] -- Up-to-date: /home/lfvmu/kobuki/install/share/ament_cmake_lint_cmake/cmake/ament_lint_cmake.cmake
[1.529s] -- Up-to-date: /home/lfvmu/kobuki/install/share/ament_cmake_lint_cmake/cmake/ament_cmake_lint_cmake_lint_hook.cmake
[1.761s] Invoked command in '/home/lfvmu/kobuki/build/ament_cmake_lint_cmake' returned '0': /usr/bin/cmake --install /home/lfvmu/kobuki/build/ament_cmake_lint_cmake
