[0.329s] Invoking command in '/home/lfvmu/kobuki/build/ecl_eigen': /usr/bin/cmake /home/lfvmu/kobuki/src/ecl_core/ecl_eigen -DBUILD_TESTING=OFF -DCMAKE_INSTALL_PREFIX=/home/lfvmu/kobuki/install
[0.382s] -- Found ament_cmake_ros: 0.9.2 (/home/lfvmu/kobuki/install/share/ament_cmake_ros/cmake)
[0.407s] -- Using PYTHON_EXECUTABLE: /usr/bin/python3
[0.919s] -- Configuring done
[0.939s] -- Generating done
[0.940s] -- Build files have been written to: /home/lfvmu/kobuki/build/ecl_eigen
[1.155s] Invoked command in '/home/lfvmu/kobuki/build/ecl_eigen' returned '0': /usr/bin/cmake /home/lfvmu/kobuki/src/ecl_core/ecl_eigen -DBUILD_TESTING=OFF -DCMAKE_INSTALL_PREFIX=/home/lfvmu/kobuki/install
[1.158s] Invoking command in '/home/lfvmu/kobuki/build/ecl_eigen': /usr/bin/cmake --build /home/lfvmu/kobuki/build/ecl_eigen -- -j4 -l4
[1.257s] Invoked command in '/home/lfvmu/kobuki/build/ecl_eigen' returned '0': /usr/bin/cmake --build /home/lfvmu/kobuki/build/ecl_eigen -- -j4 -l4
[1.454s] Invoking command in '/home/lfvmu/kobuki/build/ecl_eigen': /usr/bin/cmake --install /home/lfvmu/kobuki/build/ecl_eigen
[1.478s] -- Install configuration: "RelWithDebInfo"
[1.479s] -- Up-to-date: /home/lfvmu/kobuki/install/include/ecl/eigen.hpp
[1.479s] -- Up-to-date: /home/lfvmu/kobuki/install/share/ament_index/resource_index/package_run_dependencies/ecl_eigen
[1.479s] -- Up-to-date: /home/lfvmu/kobuki/install/share/ament_index/resource_index/parent_prefix_path/ecl_eigen
[1.479s] -- Up-to-date: /home/lfvmu/kobuki/install/share/ecl_eigen/environment/ament_prefix_path.sh
[1.480s] -- Installing: /home/lfvmu/kobuki/install/share/ecl_eigen/environment/ament_prefix_path.dsv
[1.480s] -- Up-to-date: /home/lfvmu/kobuki/install/share/ecl_eigen/environment/path.sh
[1.480s] -- Installing: /home/lfvmu/kobuki/install/share/ecl_eigen/environment/path.dsv
[1.481s] -- Up-to-date: /home/lfvmu/kobuki/install/share/ecl_eigen/local_setup.bash
[1.481s] -- Up-to-date: /home/lfvmu/kobuki/install/share/ecl_eigen/local_setup.sh
[1.481s] -- Up-to-date: /home/lfvmu/kobuki/install/share/ecl_eigen/local_setup.zsh
[1.482s] -- Installing: /home/lfvmu/kobuki/install/share/ecl_eigen/local_setup.dsv
[1.482s] -- Installing: /home/lfvmu/kobuki/install/share/ecl_eigen/package.dsv
[1.483s] -- Up-to-date: /home/lfvmu/kobuki/install/share/ament_index/resource_index/packages/ecl_eigen
[1.484s] -- Up-to-date: /home/lfvmu/kobuki/install/share/ecl_eigen/cmake/ecl_eigenExport.cmake
[1.485s] -- Up-to-date: /home/lfvmu/kobuki/install/share/ecl_eigen/cmake/ament_cmake_export_targets-extras.cmake
[1.485s] -- Up-to-date: /home/lfvmu/kobuki/install/share/ecl_eigen/cmake/ament_cmake_export_include_directories-extras.cmake
[1.485s] -- Up-to-date: /home/lfvmu/kobuki/install/share/ecl_eigen/cmake/ament_cmake_export_dependencies-extras.cmake
[1.486s] -- Up-to-date: /home/lfvmu/kobuki/install/share/ecl_eigen/cmake/ecl_eigenConfig.cmake
[1.486s] -- Up-to-date: /home/lfvmu/kobuki/install/share/ecl_eigen/cmake/ecl_eigenConfig-version.cmake
[1.486s] -- Up-to-date: /home/lfvmu/kobuki/install/share/ecl_eigen/package.xml
[1.487s] -- Up-to-date: /home/lfvmu/kobuki/install/share/licenses/eigen/COPYING.LESSER
[1.505s] Invoked command in '/home/lfvmu/kobuki/build/ecl_eigen' returned '0': /usr/bin/cmake --install /home/lfvmu/kobuki/build/ecl_eigen
