[0.352s] Invoking command in '/home/lfvmu/kobuki/build/ament_cmake_cppcheck': /usr/bin/cmake /home/lfvmu/kobuki/src/ament_lint/ament_cmake_cppcheck -DBUILD_TESTING=OFF --no-warn-unused-cli -DCMAKE_INSTALL_PREFIX=/home/lfvmu/kobuki/install
[0.381s] Not searching for unused variables given on the command line.
[0.385s] -- Found ament_cmake_core: 0.9.11 (/home/lfvmu/kobuki/install/share/ament_cmake_core/cmake)
[0.423s] -- Using PYTHON_EXECUTABLE: /usr/bin/python3
[0.777s] -- Found ament_cmake_test: 0.9.11 (/home/lfvmu/kobuki/install/share/ament_cmake_test/cmake)
[0.921s] -- Configuring done
[0.929s] -- Generating done
[0.939s] -- Build files have been written to: /home/lfvmu/kobuki/build/ament_cmake_cppcheck
[1.239s] Invoked command in '/home/lfvmu/kobuki/build/ament_cmake_cppcheck' returned '0': /usr/bin/cmake /home/lfvmu/kobuki/src/ament_lint/ament_cmake_cppcheck -DBUILD_TESTING=OFF --no-warn-unused-cli -DCMAKE_INSTALL_PREFIX=/home/lfvmu/kobuki/install
[1.240s] Invoking command in '/home/lfvmu/kobuki/build/ament_cmake_cppcheck': /usr/bin/cmake --build /home/lfvmu/kobuki/build/ament_cmake_cppcheck -- -j4 -l4
[1.351s] Invoked command in '/home/lfvmu/kobuki/build/ament_cmake_cppcheck' returned '0': /usr/bin/cmake --build /home/lfvmu/kobuki/build/ament_cmake_cppcheck -- -j4 -l4
[1.405s] Invoking command in '/home/lfvmu/kobuki/build/ament_cmake_cppcheck': /usr/bin/cmake --install /home/lfvmu/kobuki/build/ament_cmake_cppcheck
[1.423s] -- Install configuration: "RelWithDebInfo"
[1.423s] -- Up-to-date: /home/lfvmu/kobuki/install/share/ament_index/resource_index/package_run_dependencies/ament_cmake_cppcheck
[1.423s] -- Up-to-date: /home/lfvmu/kobuki/install/share/ament_index/resource_index/parent_prefix_path/ament_cmake_cppcheck
[1.424s] -- Up-to-date: /home/lfvmu/kobuki/install/share/ament_cmake_cppcheck/environment/ament_prefix_path.sh
[1.424s] -- Installing: /home/lfvmu/kobuki/install/share/ament_cmake_cppcheck/environment/ament_prefix_path.dsv
[1.425s] -- Up-to-date: /home/lfvmu/kobuki/install/share/ament_cmake_cppcheck/environment/path.sh
[1.425s] -- Installing: /home/lfvmu/kobuki/install/share/ament_cmake_cppcheck/environment/path.dsv
[1.425s] -- Up-to-date: /home/lfvmu/kobuki/install/share/ament_cmake_cppcheck/local_setup.bash
[1.425s] -- Up-to-date: /home/lfvmu/kobuki/install/share/ament_cmake_cppcheck/local_setup.sh
[1.426s] -- Up-to-date: /home/lfvmu/kobuki/install/share/ament_cmake_cppcheck/local_setup.zsh
[1.426s] -- Installing: /home/lfvmu/kobuki/install/share/ament_cmake_cppcheck/local_setup.dsv
[1.426s] -- Installing: /home/lfvmu/kobuki/install/share/ament_cmake_cppcheck/package.dsv
[1.426s] -- Up-to-date: /home/lfvmu/kobuki/install/share/ament_index/resource_index/packages/ament_cmake_cppcheck
[1.426s] -- Up-to-date: /home/lfvmu/kobuki/install/share/ament_cmake_cppcheck/cmake/ament_cmake_cppcheck-extras.cmake
[1.427s] -- Up-to-date: /home/lfvmu/kobuki/install/share/ament_cmake_cppcheck/cmake/ament_cmake_cppcheckConfig.cmake
[1.427s] -- Up-to-date: /home/lfvmu/kobuki/install/share/ament_cmake_cppcheck/cmake/ament_cmake_cppcheckConfig-version.cmake
[1.427s] -- Up-to-date: /home/lfvmu/kobuki/install/share/ament_cmake_cppcheck/package.xml
[1.427s] -- Up-to-date: /home/lfvmu/kobuki/install/share/ament_cmake_cppcheck/cmake
[1.428s] -- Up-to-date: /home/lfvmu/kobuki/install/share/ament_cmake_cppcheck/cmake/ament_cmake_cppcheck_lint_hook.cmake
[1.428s] -- Up-to-date: /home/lfvmu/kobuki/install/share/ament_cmake_cppcheck/cmake/ament_cppcheck.cmake
[1.438s] Invoked command in '/home/lfvmu/kobuki/build/ament_cmake_cppcheck' returned '0': /usr/bin/cmake --install /home/lfvmu/kobuki/build/ament_cmake_cppcheck
