[1.639s] Invoking command in '/home/lfvmu/kobuki/src/ament_lint/ament_pep257': AMENT_PREFIX_PATH=/home/lfvmu/kobuki/install CMAKE_PREFIX_PATH=/home/lfvmu/kobuki/install LD_LIBRARY_PATH=/home/lfvmu/kobuki/install/lib PATH=/home/lfvmu/kobuki/install/bin:${PATH} PYTHONPATH=/home/lfvmu/kobuki/build/ament_pep257/prefix_override:/home/lfvmu/kobuki/install/lib/python3.8/site-packages:/home/lfvmu/kobuki/install/lib/python3.8/site-packages /usr/bin/python3 setup.py egg_info --egg-base ../../../build/ament_pep257 build --build-base /home/lfvmu/kobuki/build/ament_pep257/build install --record /home/lfvmu/kobuki/build/ament_pep257/install.log --single-version-externally-managed
[2.050s] running egg_info
[2.051s] writing ../../../build/ament_pep257/ament_pep257.egg-info/PKG-INFO
[2.051s] writing dependency_links to ../../../build/ament_pep257/ament_pep257.egg-info/dependency_links.txt
[2.051s] writing entry points to ../../../build/ament_pep257/ament_pep257.egg-info/entry_points.txt
[2.052s] writing requirements to ../../../build/ament_pep257/ament_pep257.egg-info/requires.txt
[2.052s] writing top-level names to ../../../build/ament_pep257/ament_pep257.egg-info/top_level.txt
[2.154s] reading manifest file '../../../build/ament_pep257/ament_pep257.egg-info/SOURCES.txt'
[2.158s] writing manifest file '../../../build/ament_pep257/ament_pep257.egg-info/SOURCES.txt'
[2.158s] running build
[2.158s] running build_py
[2.160s] running install
[2.165s] running install_lib
[2.166s] running install_data
[2.167s] running install_egg_info
[2.170s] removing '/home/lfvmu/kobuki/install/lib/python3.8/site-packages/ament_pep257-0.9.7-py3.8.egg-info' (and everything under it)
[2.171s] Copying ../../../build/ament_pep257/ament_pep257.egg-info to /home/lfvmu/kobuki/install/lib/python3.8/site-packages/ament_pep257-0.9.7-py3.8.egg-info
[2.173s] running install_scripts
[2.222s] Installing ament_pep257 script to /home/lfvmu/kobuki/install/bin
[2.222s] writing list of installed files to '/home/lfvmu/kobuki/build/ament_pep257/install.log'
[2.291s] Invoked command in '/home/lfvmu/kobuki/src/ament_lint/ament_pep257' returned '0': AMENT_PREFIX_PATH=/home/lfvmu/kobuki/install CMAKE_PREFIX_PATH=/home/lfvmu/kobuki/install LD_LIBRARY_PATH=/home/lfvmu/kobuki/install/lib PATH=/home/lfvmu/kobuki/install/bin:${PATH} PYTHONPATH=/home/lfvmu/kobuki/build/ament_pep257/prefix_override:/home/lfvmu/kobuki/install/lib/python3.8/site-packages:/home/lfvmu/kobuki/install/lib/python3.8/site-packages /usr/bin/python3 setup.py egg_info --egg-base ../../../build/ament_pep257 build --build-base /home/lfvmu/kobuki/build/ament_pep257/build install --record /home/lfvmu/kobuki/build/ament_pep257/install.log --single-version-externally-managed
