[0.625s] Invoking command in '/home/lfvmu/kobuki/build/eigen': /usr/bin/cmake /home/lfvmu/kobuki/src/eigen -DBUILD_TESTING=OFF --no-warn-unused-cli -DBUILD_TESTING=OFF -DEIGEN_TEST_NOQT=ON -DCMAKE_INSTALL_PREFIX=/home/lfvmu/kobuki/install
[0.685s] Not searching for unused variables given on the command line.
[0.697s] -- Performing Test COMPILER_SUPPORT_std=cpp03
[0.916s] -- Performing Test COMPILER_SUPPORT_std=cpp03 - Success
[0.918s] -- Standard libraries to link to explicitly: none
[5.191s] -- Could NOT find CHOLMOD (missing: CHOLMOD_INCLUDES CHOLMOD_LIBRARIES) 
[5.214s] -- Could NOT find UMFPACK (missing: UMFPACK_INCLUDES UMFPACK_LIBRARIES) 
[5.234s] -- A version of Pastix has been found but pastix_nompi.h does not exist in the include directory. Because Eigen tests require a version without MPI, we disable the Pastix backend.
[5.234s] -- 
[5.235s] -- Configured Eigen 3.3.9
[5.235s] -- 
[5.235s] -- Some things you can do now:
[5.235s] -- --------------+--------------------------------------------------------------
[5.236s] -- Command       |   Description
[5.236s] -- --------------+--------------------------------------------------------------
[5.236s] -- make install  | Install Eigen. Headers will be installed to:
[5.236s] --               |     <CMAKE_INSTALL_PREFIX>/<INCLUDE_INSTALL_DIR>
[5.237s] --               |   Using the following values:
[5.237s] --               |     CMAKE_INSTALL_PREFIX: /home/lfvmu/kobuki/install
[5.237s] --               |     INCLUDE_INSTALL_DIR:  include/eigen3
[5.238s] --               |   Change the install location of Eigen headers using:
[5.238s] --               |     cmake . -DCMAKE_INSTALL_PREFIX=yourprefix
[5.238s] --               |   Or:
[5.238s] --               |     cmake . -DINCLUDE_INSTALL_DIR=yourdir
[5.239s] -- make doc      | Generate the API documentation, requires Doxygen & LaTeX
[5.239s] -- make check    | Build and run the unit-tests. Read this page:
[5.239s] --               |   http://eigen.tuxfamily.org/index.php?title=Tests
[5.239s] -- make blas     | Build BLAS library (not the same thing as Eigen)
[5.240s] -- make uninstall| Removes files installed by make install
[5.240s] -- --------------+--------------------------------------------------------------
[5.240s] -- 
[5.262s] -- Configuring done
[7.693s] -- Generating done
[7.968s] -- Build files have been written to: /home/lfvmu/kobuki/build/eigen
[8.157s] Invoked command in '/home/lfvmu/kobuki/build/eigen' returned '0': /usr/bin/cmake /home/lfvmu/kobuki/src/eigen -DBUILD_TESTING=OFF --no-warn-unused-cli -DBUILD_TESTING=OFF -DEIGEN_TEST_NOQT=ON -DCMAKE_INSTALL_PREFIX=/home/lfvmu/kobuki/install
[8.166s] Invoking command in '/home/lfvmu/kobuki/build/eigen': /usr/bin/cmake --build /home/lfvmu/kobuki/build/eigen -- -j4 -l4
[8.540s] Invoked command in '/home/lfvmu/kobuki/build/eigen' returned '0': /usr/bin/cmake --build /home/lfvmu/kobuki/build/eigen -- -j4 -l4
[9.332s] Invoking command in '/home/lfvmu/kobuki/build/eigen': /usr/bin/cmake --install /home/lfvmu/kobuki/build/eigen
[9.374s] -- Install configuration: "Release"
[9.400s] -- Up-to-date: /home/lfvmu/kobuki/install/include/eigen3/signature_of_eigen3_matrix_library
[9.400s] -- Up-to-date: /home/lfvmu/kobuki/install/share/pkgconfig/eigen3.pc
[9.400s] -- Up-to-date: /home/lfvmu/kobuki/install/share/eigen3/cmake/Eigen3Targets.cmake
[9.400s] -- Up-to-date: /home/lfvmu/kobuki/install/share/eigen3/cmake/UseEigen3.cmake
[9.400s] -- Up-to-date: /home/lfvmu/kobuki/install/share/eigen3/cmake/Eigen3Config.cmake
[9.401s] -- Up-to-date: /home/lfvmu/kobuki/install/share/eigen3/cmake/Eigen3ConfigVersion.cmake
[9.401s] -- Up-to-date: /home/lfvmu/kobuki/install/include/eigen3/Eigen/Cholesky
[9.401s] -- Up-to-date: /home/lfvmu/kobuki/install/include/eigen3/Eigen/CholmodSupport
[9.402s] -- Up-to-date: /home/lfvmu/kobuki/install/include/eigen3/Eigen/Core
[9.402s] -- Up-to-date: /home/lfvmu/kobuki/install/include/eigen3/Eigen/Dense
[9.403s] -- Up-to-date: /home/lfvmu/kobuki/install/include/eigen3/Eigen/Eigen
[9.403s] -- Up-to-date: /home/lfvmu/kobuki/install/include/eigen3/Eigen/Eigenvalues
[9.404s] -- Up-to-date: /home/lfvmu/kobuki/install/include/eigen3/Eigen/Geometry
[9.404s] -- Up-to-date: /home/lfvmu/kobuki/install/include/eigen3/Eigen/Householder
[9.405s] -- Up-to-date: /home/lfvmu/kobuki/install/include/eigen3/Eigen/IterativeLinearSolvers
[9.405s] -- Up-to-date: /home/lfvmu/kobuki/install/include/eigen3/Eigen/Jacobi
[9.405s] -- Up-to-date: /home/lfvmu/kobuki/install/include/eigen3/Eigen/LU
[9.405s] -- Up-to-date: /home/lfvmu/kobuki/install/include/eigen3/Eigen/MetisSupport
[9.405s] -- Up-to-date: /home/lfvmu/kobuki/install/include/eigen3/Eigen/OrderingMethods
[9.406s] -- Up-to-date: /home/lfvmu/kobuki/install/include/eigen3/Eigen/PaStiXSupport
[9.406s] -- Up-to-date: /home/lfvmu/kobuki/install/include/eigen3/Eigen/PardisoSupport
[9.406s] -- Up-to-date: /home/lfvmu/kobuki/install/include/eigen3/Eigen/QR
[9.406s] -- Up-to-date: /home/lfvmu/kobuki/install/include/eigen3/Eigen/QtAlignedMalloc
[9.407s] -- Up-to-date: /home/lfvmu/kobuki/install/include/eigen3/Eigen/SPQRSupport
[9.407s] -- Up-to-date: /home/lfvmu/kobuki/install/include/eigen3/Eigen/SVD
[9.407s] -- Up-to-date: /home/lfvmu/kobuki/install/include/eigen3/Eigen/Sparse
[9.407s] -- Up-to-date: /home/lfvmu/kobuki/install/include/eigen3/Eigen/SparseCholesky
[9.408s] -- Up-to-date: /home/lfvmu/kobuki/install/include/eigen3/Eigen/SparseCore
[9.408s] -- Up-to-date: /home/lfvmu/kobuki/install/include/eigen3/Eigen/SparseLU
[9.408s] -- Up-to-date: /home/lfvmu/kobuki/install/include/eigen3/Eigen/SparseQR
[9.409s] -- Up-to-date: /home/lfvmu/kobuki/install/include/eigen3/Eigen/StdDeque
[9.409s] -- Up-to-date: /home/lfvmu/kobuki/install/include/eigen3/Eigen/StdList
[9.409s] -- Up-to-date: /home/lfvmu/kobuki/install/include/eigen3/Eigen/StdVector
[9.409s] -- Up-to-date: /home/lfvmu/kobuki/install/include/eigen3/Eigen/SuperLUSupport
[9.409s] -- Up-to-date: /home/lfvmu/kobuki/install/include/eigen3/Eigen/UmfPackSupport
[9.410s] -- Up-to-date: /home/lfvmu/kobuki/install/include/eigen3/Eigen/src
[9.410s] -- Up-to-date: /home/lfvmu/kobuki/install/include/eigen3/Eigen/src/OrderingMethods
[9.410s] -- Up-to-date: /home/lfvmu/kobuki/install/include/eigen3/Eigen/src/OrderingMethods/Eigen_Colamd.h
[9.410s] -- Up-to-date: /home/lfvmu/kobuki/install/include/eigen3/Eigen/src/OrderingMethods/Ordering.h
[9.411s] -- Up-to-date: /home/lfvmu/kobuki/install/include/eigen3/Eigen/src/OrderingMethods/Amd.h
[9.411s] -- Up-to-date: /home/lfvmu/kobuki/install/include/eigen3/Eigen/src/UmfPackSupport
[9.411s] -- Up-to-date: /home/lfvmu/kobuki/install/include/eigen3/Eigen/src/UmfPackSupport/UmfPackSupport.h
[9.411s] -- Up-to-date: /home/lfvmu/kobuki/install/include/eigen3/Eigen/src/LU
[9.412s] -- Up-to-date: /home/lfvmu/kobuki/install/include/eigen3/Eigen/src/LU/PartialPivLU.h
[9.412s] -- Up-to-date: /home/lfvmu/kobuki/install/include/eigen3/Eigen/src/LU/InverseImpl.h
[9.412s] -- Up-to-date: /home/lfvmu/kobuki/install/include/eigen3/Eigen/src/LU/Determinant.h
[9.414s] -- Up-to-date: /home/lfvmu/kobuki/install/include/eigen3/Eigen/src/LU/FullPivLU.h
[9.414s] -- Up-to-date: /home/lfvmu/kobuki/install/include/eigen3/Eigen/src/LU/arch
[9.414s] -- Up-to-date: /home/lfvmu/kobuki/install/include/eigen3/Eigen/src/LU/arch/Inverse_SSE.h
[9.414s] -- Up-to-date: /home/lfvmu/kobuki/install/include/eigen3/Eigen/src/LU/PartialPivLU_LAPACKE.h
[9.415s] -- Up-to-date: /home/lfvmu/kobuki/install/include/eigen3/Eigen/src/SparseCholesky
[9.415s] -- Up-to-date: /home/lfvmu/kobuki/install/include/eigen3/Eigen/src/SparseCholesky/SimplicialCholesky_impl.h
[9.423s] -- Up-to-date: /home/lfvmu/kobuki/install/include/eigen3/Eigen/src/SparseCholesky/SimplicialCholesky.h
[9.424s] -- Up-to-date: /home/lfvmu/kobuki/install/include/eigen3/Eigen/src/Householder
[9.424s] -- Up-to-date: /home/lfvmu/kobuki/install/include/eigen3/Eigen/src/Householder/HouseholderSequence.h
[9.424s] -- Up-to-date: /home/lfvmu/kobuki/install/include/eigen3/Eigen/src/Householder/Householder.h
[9.424s] -- Up-to-date: /home/lfvmu/kobuki/install/include/eigen3/Eigen/src/Householder/BlockHouseholder.h
[9.425s] -- Up-to-date: /home/lfvmu/kobuki/install/include/eigen3/Eigen/src/SparseQR
[9.425s] -- Up-to-date: /home/lfvmu/kobuki/install/include/eigen3/Eigen/src/SparseQR/SparseQR.h
[9.427s] -- Up-to-date: /home/lfvmu/kobuki/install/include/eigen3/Eigen/src/SparseCore
[9.427s] -- Up-to-date: /home/lfvmu/kobuki/install/include/eigen3/Eigen/src/SparseCore/SparseSelfAdjointView.h
[9.428s] -- Up-to-date: /home/lfvmu/kobuki/install/include/eigen3/Eigen/src/SparseCore/SparseAssign.h
[9.428s] -- Up-to-date: /home/lfvmu/kobuki/install/include/eigen3/Eigen/src/SparseCore/SparseView.h
[9.428s] -- Up-to-date: /home/lfvmu/kobuki/install/include/eigen3/Eigen/src/SparseCore/SparseBlock.h
[9.428s] -- Up-to-date: /home/lfvmu/kobuki/install/include/eigen3/Eigen/src/SparseCore/MappedSparseMatrix.h
[9.429s] -- Up-to-date: /home/lfvmu/kobuki/install/include/eigen3/Eigen/src/SparseCore/AmbiVector.h
[9.429s] -- Up-to-date: /home/lfvmu/kobuki/install/include/eigen3/Eigen/src/SparseCore/ConservativeSparseSparseProduct.h
[9.429s] -- Up-to-date: /home/lfvmu/kobuki/install/include/eigen3/Eigen/src/SparseCore/SparseTranspose.h
[9.430s] -- Up-to-date: /home/lfvmu/kobuki/install/include/eigen3/Eigen/src/SparseCore/SparseUtil.h
[9.430s] -- Up-to-date: /home/lfvmu/kobuki/install/include/eigen3/Eigen/src/SparseCore/SparseFuzzy.h
[9.430s] -- Up-to-date: /home/lfvmu/kobuki/install/include/eigen3/Eigen/src/SparseCore/SparseDiagonalProduct.h
[9.430s] -- Up-to-date: /home/lfvmu/kobuki/install/include/eigen3/Eigen/src/SparseCore/SparseCompressedBase.h
[9.431s] -- Up-to-date: /home/lfvmu/kobuki/install/include/eigen3/Eigen/src/SparseCore/SparseMatrixBase.h
[9.431s] -- Up-to-date: /home/lfvmu/kobuki/install/include/eigen3/Eigen/src/SparseCore/SparseMatrix.h
[9.431s] -- Up-to-date: /home/lfvmu/kobuki/install/include/eigen3/Eigen/src/SparseCore/SparseRef.h
[9.431s] -- Up-to-date: /home/lfvmu/kobuki/install/include/eigen3/Eigen/src/SparseCore/SparseDenseProduct.h
[9.431s] -- Up-to-date: /home/lfvmu/kobuki/install/include/eigen3/Eigen/src/SparseCore/SparseCwiseBinaryOp.h
[9.432s] -- Up-to-date: /home/lfvmu/kobuki/install/include/eigen3/Eigen/src/SparseCore/SparseTriangularView.h
[9.432s] -- Up-to-date: /home/lfvmu/kobuki/install/include/eigen3/Eigen/src/SparseCore/SparseVector.h
[9.432s] -- Up-to-date: /home/lfvmu/kobuki/install/include/eigen3/Eigen/src/SparseCore/SparseSolverBase.h
[9.432s] -- Up-to-date: /home/lfvmu/kobuki/install/include/eigen3/Eigen/src/SparseCore/SparseRedux.h
[9.433s] -- Up-to-date: /home/lfvmu/kobuki/install/include/eigen3/Eigen/src/SparseCore/SparseColEtree.h
[9.433s] -- Up-to-date: /home/lfvmu/kobuki/install/include/eigen3/Eigen/src/SparseCore/SparseDot.h
[9.433s] -- Up-to-date: /home/lfvmu/kobuki/install/include/eigen3/Eigen/src/SparseCore/CompressedStorage.h
[9.433s] -- Up-to-date: /home/lfvmu/kobuki/install/include/eigen3/Eigen/src/SparseCore/SparsePermutation.h
[9.433s] -- Up-to-date: /home/lfvmu/kobuki/install/include/eigen3/Eigen/src/SparseCore/SparseMap.h
[9.434s] -- Up-to-date: /home/lfvmu/kobuki/install/include/eigen3/Eigen/src/SparseCore/TriangularSolver.h
[9.434s] -- Up-to-date: /home/lfvmu/kobuki/install/include/eigen3/Eigen/src/SparseCore/SparseSparseProductWithPruning.h
[9.434s] -- Up-to-date: /home/lfvmu/kobuki/install/include/eigen3/Eigen/src/SparseCore/SparseProduct.h
[9.434s] -- Up-to-date: /home/lfvmu/kobuki/install/include/eigen3/Eigen/src/SparseCore/SparseCwiseUnaryOp.h
[9.435s] -- Up-to-date: /home/lfvmu/kobuki/install/include/eigen3/Eigen/src/Geometry
[9.435s] -- Up-to-date: /home/lfvmu/kobuki/install/include/eigen3/Eigen/src/Geometry/EulerAngles.h
[9.435s] -- Up-to-date: /home/lfvmu/kobuki/install/include/eigen3/Eigen/src/Geometry/Rotation2D.h
[9.435s] -- Up-to-date: /home/lfvmu/kobuki/install/include/eigen3/Eigen/src/Geometry/ParametrizedLine.h
[9.435s] -- Up-to-date: /home/lfvmu/kobuki/install/include/eigen3/Eigen/src/Geometry/Quaternion.h
[9.436s] -- Up-to-date: /home/lfvmu/kobuki/install/include/eigen3/Eigen/src/Geometry/Translation.h
[9.436s] -- Up-to-date: /home/lfvmu/kobuki/install/include/eigen3/Eigen/src/Geometry/AngleAxis.h
[9.436s] -- Up-to-date: /home/lfvmu/kobuki/install/include/eigen3/Eigen/src/Geometry/Homogeneous.h
[9.436s] -- Up-to-date: /home/lfvmu/kobuki/install/include/eigen3/Eigen/src/Geometry/AlignedBox.h
[9.437s] -- Up-to-date: /home/lfvmu/kobuki/install/include/eigen3/Eigen/src/Geometry/Hyperplane.h
[9.437s] -- Up-to-date: /home/lfvmu/kobuki/install/include/eigen3/Eigen/src/Geometry/arch
[9.437s] -- Up-to-date: /home/lfvmu/kobuki/install/include/eigen3/Eigen/src/Geometry/arch/Geometry_SSE.h
[9.437s] -- Up-to-date: /home/lfvmu/kobuki/install/include/eigen3/Eigen/src/Geometry/OrthoMethods.h
[9.437s] -- Up-to-date: /home/lfvmu/kobuki/install/include/eigen3/Eigen/src/Geometry/Scaling.h
[9.438s] -- Up-to-date: /home/lfvmu/kobuki/install/include/eigen3/Eigen/src/Geometry/Umeyama.h
[9.438s] -- Up-to-date: /home/lfvmu/kobuki/install/include/eigen3/Eigen/src/Geometry/RotationBase.h
[9.438s] -- Up-to-date: /home/lfvmu/kobuki/install/include/eigen3/Eigen/src/Geometry/Transform.h
[9.438s] -- Up-to-date: /home/lfvmu/kobuki/install/include/eigen3/Eigen/src/SuperLUSupport
[9.439s] -- Up-to-date: /home/lfvmu/kobuki/install/include/eigen3/Eigen/src/SuperLUSupport/SuperLUSupport.h
[9.439s] -- Up-to-date: /home/lfvmu/kobuki/install/include/eigen3/Eigen/src/plugins
[9.439s] -- Up-to-date: /home/lfvmu/kobuki/install/include/eigen3/Eigen/src/plugins/MatrixCwiseBinaryOps.h
[9.439s] -- Up-to-date: /home/lfvmu/kobuki/install/include/eigen3/Eigen/src/plugins/ArrayCwiseBinaryOps.h
[9.440s] -- Up-to-date: /home/lfvmu/kobuki/install/include/eigen3/Eigen/src/plugins/CommonCwiseUnaryOps.h
[9.440s] -- Up-to-date: /home/lfvmu/kobuki/install/include/eigen3/Eigen/src/plugins/CommonCwiseBinaryOps.h
[9.440s] -- Up-to-date: /home/lfvmu/kobuki/install/include/eigen3/Eigen/src/plugins/MatrixCwiseUnaryOps.h
[9.440s] -- Up-to-date: /home/lfvmu/kobuki/install/include/eigen3/Eigen/src/plugins/BlockMethods.h
[9.440s] -- Up-to-date: /home/lfvmu/kobuki/install/include/eigen3/Eigen/src/plugins/ArrayCwiseUnaryOps.h
[9.441s] -- Up-to-date: /home/lfvmu/kobuki/install/include/eigen3/Eigen/src/IterativeLinearSolvers
[9.441s] -- Up-to-date: /home/lfvmu/kobuki/install/include/eigen3/Eigen/src/IterativeLinearSolvers/IncompleteLUT.h
[9.441s] -- Up-to-date: /home/lfvmu/kobuki/install/include/eigen3/Eigen/src/IterativeLinearSolvers/BiCGSTAB.h
[9.441s] -- Up-to-date: /home/lfvmu/kobuki/install/include/eigen3/Eigen/src/IterativeLinearSolvers/BasicPreconditioners.h
[9.442s] -- Up-to-date: /home/lfvmu/kobuki/install/include/eigen3/Eigen/src/IterativeLinearSolvers/IterativeSolverBase.h
[9.442s] -- Up-to-date: /home/lfvmu/kobuki/install/include/eigen3/Eigen/src/IterativeLinearSolvers/LeastSquareConjugateGradient.h
[9.442s] -- Up-to-date: /home/lfvmu/kobuki/install/include/eigen3/Eigen/src/IterativeLinearSolvers/IncompleteCholesky.h
[9.442s] -- Up-to-date: /home/lfvmu/kobuki/install/include/eigen3/Eigen/src/IterativeLinearSolvers/SolveWithGuess.h
[9.442s] -- Up-to-date: /home/lfvmu/kobuki/install/include/eigen3/Eigen/src/IterativeLinearSolvers/ConjugateGradient.h
[9.442s] -- Up-to-date: /home/lfvmu/kobuki/install/include/eigen3/Eigen/src/Jacobi
[9.443s] -- Up-to-date: /home/lfvmu/kobuki/install/include/eigen3/Eigen/src/Jacobi/Jacobi.h
[9.443s] -- Up-to-date: /home/lfvmu/kobuki/install/include/eigen3/Eigen/src/SparseLU
[9.443s] -- Up-to-date: /home/lfvmu/kobuki/install/include/eigen3/Eigen/src/SparseLU/SparseLU_copy_to_ucol.h
[9.443s] -- Up-to-date: /home/lfvmu/kobuki/install/include/eigen3/Eigen/src/SparseLU/SparseLU_gemm_kernel.h
[9.444s] -- Up-to-date: /home/lfvmu/kobuki/install/include/eigen3/Eigen/src/SparseLU/SparseLU_column_dfs.h
[9.444s] -- Up-to-date: /home/lfvmu/kobuki/install/include/eigen3/Eigen/src/SparseLU/SparseLU_SupernodalMatrix.h
[9.444s] -- Up-to-date: /home/lfvmu/kobuki/install/include/eigen3/Eigen/src/SparseLU/SparseLU_Memory.h
[9.444s] -- Up-to-date: /home/lfvmu/kobuki/install/include/eigen3/Eigen/src/SparseLU/SparseLU_Structs.h
[9.444s] -- Up-to-date: /home/lfvmu/kobuki/install/include/eigen3/Eigen/src/SparseLU/SparseLU_panel_bmod.h
[9.445s] -- Up-to-date: /home/lfvmu/kobuki/install/include/eigen3/Eigen/src/SparseLU/SparseLU_relax_snode.h
[9.445s] -- Up-to-date: /home/lfvmu/kobuki/install/include/eigen3/Eigen/src/SparseLU/SparseLU_pruneL.h
[9.445s] -- Up-to-date: /home/lfvmu/kobuki/install/include/eigen3/Eigen/src/SparseLU/SparseLU_heap_relax_snode.h
[9.445s] -- Up-to-date: /home/lfvmu/kobuki/install/include/eigen3/Eigen/src/SparseLU/SparseLU.h
[9.446s] -- Up-to-date: /home/lfvmu/kobuki/install/include/eigen3/Eigen/src/SparseLU/SparseLUImpl.h
[9.446s] -- Up-to-date: /home/lfvmu/kobuki/install/include/eigen3/Eigen/src/SparseLU/SparseLU_pivotL.h
[9.446s] -- Up-to-date: /home/lfvmu/kobuki/install/include/eigen3/Eigen/src/SparseLU/SparseLU_kernel_bmod.h
[9.446s] -- Up-to-date: /home/lfvmu/kobuki/install/include/eigen3/Eigen/src/SparseLU/SparseLU_Utils.h
[9.446s] -- Up-to-date: /home/lfvmu/kobuki/install/include/eigen3/Eigen/src/SparseLU/SparseLU_column_bmod.h
[9.447s] -- Up-to-date: /home/lfvmu/kobuki/install/include/eigen3/Eigen/src/SparseLU/SparseLU_panel_dfs.h
[9.447s] -- Up-to-date: /home/lfvmu/kobuki/install/include/eigen3/Eigen/src/Eigenvalues
[9.447s] -- Up-to-date: /home/lfvmu/kobuki/install/include/eigen3/Eigen/src/Eigenvalues/SelfAdjointEigenSolver_LAPACKE.h
[9.447s] -- Up-to-date: /home/lfvmu/kobuki/install/include/eigen3/Eigen/src/Eigenvalues/ComplexSchur.h
[9.448s] -- Up-to-date: /home/lfvmu/kobuki/install/include/eigen3/Eigen/src/Eigenvalues/RealQZ.h
[9.448s] -- Up-to-date: /home/lfvmu/kobuki/install/include/eigen3/Eigen/src/Eigenvalues/Tridiagonalization.h
[9.448s] -- Up-to-date: /home/lfvmu/kobuki/install/include/eigen3/Eigen/src/Eigenvalues/RealSchur.h
[9.448s] -- Up-to-date: /home/lfvmu/kobuki/install/include/eigen3/Eigen/src/Eigenvalues/ComplexSchur_LAPACKE.h
[9.449s] -- Up-to-date: /home/lfvmu/kobuki/install/include/eigen3/Eigen/src/Eigenvalues/EigenSolver.h
[9.449s] -- Up-to-date: /home/lfvmu/kobuki/install/include/eigen3/Eigen/src/Eigenvalues/GeneralizedEigenSolver.h
[9.449s] -- Up-to-date: /home/lfvmu/kobuki/install/include/eigen3/Eigen/src/Eigenvalues/GeneralizedSelfAdjointEigenSolver.h
[9.449s] -- Up-to-date: /home/lfvmu/kobuki/install/include/eigen3/Eigen/src/Eigenvalues/MatrixBaseEigenvalues.h
[9.450s] -- Up-to-date: /home/lfvmu/kobuki/install/include/eigen3/Eigen/src/Eigenvalues/ComplexEigenSolver.h
[9.450s] -- Up-to-date: /home/lfvmu/kobuki/install/include/eigen3/Eigen/src/Eigenvalues/HessenbergDecomposition.h
[9.450s] -- Up-to-date: /home/lfvmu/kobuki/install/include/eigen3/Eigen/src/Eigenvalues/RealSchur_LAPACKE.h
[9.450s] -- Up-to-date: /home/lfvmu/kobuki/install/include/eigen3/Eigen/src/Eigenvalues/SelfAdjointEigenSolver.h
[9.450s] -- Up-to-date: /home/lfvmu/kobuki/install/include/eigen3/Eigen/src/Cholesky
[9.451s] -- Up-to-date: /home/lfvmu/kobuki/install/include/eigen3/Eigen/src/Cholesky/LLT.h
[9.451s] -- Up-to-date: /home/lfvmu/kobuki/install/include/eigen3/Eigen/src/Cholesky/LLT_LAPACKE.h
[9.451s] -- Up-to-date: /home/lfvmu/kobuki/install/include/eigen3/Eigen/src/Cholesky/LDLT.h
[9.451s] -- Up-to-date: /home/lfvmu/kobuki/install/include/eigen3/Eigen/src/MetisSupport
[9.452s] -- Up-to-date: /home/lfvmu/kobuki/install/include/eigen3/Eigen/src/MetisSupport/MetisSupport.h
[9.452s] -- Up-to-date: /home/lfvmu/kobuki/install/include/eigen3/Eigen/src/StlSupport
[9.452s] -- Up-to-date: /home/lfvmu/kobuki/install/include/eigen3/Eigen/src/StlSupport/StdDeque.h
[9.452s] -- Up-to-date: /home/lfvmu/kobuki/install/include/eigen3/Eigen/src/StlSupport/StdList.h
[9.453s] -- Up-to-date: /home/lfvmu/kobuki/install/include/eigen3/Eigen/src/StlSupport/StdVector.h
[9.453s] -- Up-to-date: /home/lfvmu/kobuki/install/include/eigen3/Eigen/src/StlSupport/details.h
[9.453s] -- Up-to-date: /home/lfvmu/kobuki/install/include/eigen3/Eigen/src/PardisoSupport
[9.453s] -- Up-to-date: /home/lfvmu/kobuki/install/include/eigen3/Eigen/src/PardisoSupport/PardisoSupport.h
[9.453s] -- Up-to-date: /home/lfvmu/kobuki/install/include/eigen3/Eigen/src/CholmodSupport
[9.454s] -- Up-to-date: /home/lfvmu/kobuki/install/include/eigen3/Eigen/src/CholmodSupport/CholmodSupport.h
[9.454s] -- Up-to-date: /home/lfvmu/kobuki/install/include/eigen3/Eigen/src/misc
[9.454s] -- Up-to-date: /home/lfvmu/kobuki/install/include/eigen3/Eigen/src/misc/lapack.h
[9.454s] -- Up-to-date: /home/lfvmu/kobuki/install/include/eigen3/Eigen/src/misc/RealSvd2x2.h
[9.455s] -- Up-to-date: /home/lfvmu/kobuki/install/include/eigen3/Eigen/src/misc/lapacke_mangling.h
[9.455s] -- Up-to-date: /home/lfvmu/kobuki/install/include/eigen3/Eigen/src/misc/lapacke.h
[9.455s] -- Up-to-date: /home/lfvmu/kobuki/install/include/eigen3/Eigen/src/misc/Image.h
[9.455s] -- Up-to-date: /home/lfvmu/kobuki/install/include/eigen3/Eigen/src/misc/blas.h
[9.456s] -- Up-to-date: /home/lfvmu/kobuki/install/include/eigen3/Eigen/src/misc/Kernel.h
[9.456s] -- Up-to-date: /home/lfvmu/kobuki/install/include/eigen3/Eigen/src/Core
[9.456s] -- Up-to-date: /home/lfvmu/kobuki/install/include/eigen3/Eigen/src/Core/NoAlias.h
[9.456s] -- Up-to-date: /home/lfvmu/kobuki/install/include/eigen3/Eigen/src/Core/ArrayWrapper.h
[9.456s] -- Up-to-date: /home/lfvmu/kobuki/install/include/eigen3/Eigen/src/Core/Random.h
[9.457s] -- Up-to-date: /home/lfvmu/kobuki/install/include/eigen3/Eigen/src/Core/IO.h
[9.457s] -- Up-to-date: /home/lfvmu/kobuki/install/include/eigen3/Eigen/src/Core/Transpose.h
[9.457s] -- Up-to-date: /home/lfvmu/kobuki/install/include/eigen3/Eigen/src/Core/EigenBase.h
[9.457s] -- Up-to-date: /home/lfvmu/kobuki/install/include/eigen3/Eigen/src/Core/StableNorm.h
[9.458s] -- Up-to-date: /home/lfvmu/kobuki/install/include/eigen3/Eigen/src/Core/CwiseTernaryOp.h
[9.458s] -- Up-to-date: /home/lfvmu/kobuki/install/include/eigen3/Eigen/src/Core/Stride.h
[9.458s] -- Up-to-date: /home/lfvmu/kobuki/install/include/eigen3/Eigen/src/Core/Visitor.h
[9.458s] -- Up-to-date: /home/lfvmu/kobuki/install/include/eigen3/Eigen/src/Core/ForceAlignedAccess.h
[9.458s] -- Up-to-date: /home/lfvmu/kobuki/install/include/eigen3/Eigen/src/Core/MathFunctionsImpl.h
[9.459s] -- Up-to-date: /home/lfvmu/kobuki/install/include/eigen3/Eigen/src/Core/Product.h
[9.459s] -- Up-to-date: /home/lfvmu/kobuki/install/include/eigen3/Eigen/src/Core/Inverse.h
[9.459s] -- Up-to-date: /home/lfvmu/kobuki/install/include/eigen3/Eigen/src/Core/Redux.h
[9.459s] -- Up-to-date: /home/lfvmu/kobuki/install/include/eigen3/Eigen/src/Core/CwiseNullaryOp.h
[9.460s] -- Up-to-date: /home/lfvmu/kobuki/install/include/eigen3/Eigen/src/Core/Replicate.h
[9.460s] -- Up-to-date: /home/lfvmu/kobuki/install/include/eigen3/Eigen/src/Core/PermutationMatrix.h
[9.460s] -- Up-to-date: /home/lfvmu/kobuki/install/include/eigen3/Eigen/src/Core/Transpositions.h
[9.460s] -- Up-to-date: /home/lfvmu/kobuki/install/include/eigen3/Eigen/src/Core/TriangularMatrix.h
[9.460s] -- Up-to-date: /home/lfvmu/kobuki/install/include/eigen3/Eigen/src/Core/DenseBase.h
[9.461s] -- Up-to-date: /home/lfvmu/kobuki/install/include/eigen3/Eigen/src/Core/GenericPacketMath.h
[9.461s] -- Up-to-date: /home/lfvmu/kobuki/install/include/eigen3/Eigen/src/Core/Map.h
[9.461s] -- Up-to-date: /home/lfvmu/kobuki/install/include/eigen3/Eigen/src/Core/CwiseUnaryView.h
[9.461s] -- Up-to-date: /home/lfvmu/kobuki/install/include/eigen3/Eigen/src/Core/Solve.h
[9.462s] -- Up-to-date: /home/lfvmu/kobuki/install/include/eigen3/Eigen/src/Core/functors
[9.462s] -- Up-to-date: /home/lfvmu/kobuki/install/include/eigen3/Eigen/src/Core/functors/TernaryFunctors.h
[9.462s] -- Up-to-date: /home/lfvmu/kobuki/install/include/eigen3/Eigen/src/Core/functors/BinaryFunctors.h
[9.462s] -- Up-to-date: /home/lfvmu/kobuki/install/include/eigen3/Eigen/src/Core/functors/AssignmentFunctors.h
[9.462s] -- Up-to-date: /home/lfvmu/kobuki/install/include/eigen3/Eigen/src/Core/functors/UnaryFunctors.h
[9.463s] -- Up-to-date: /home/lfvmu/kobuki/install/include/eigen3/Eigen/src/Core/functors/NullaryFunctors.h
[9.463s] -- Up-to-date: /home/lfvmu/kobuki/install/include/eigen3/Eigen/src/Core/functors/StlFunctors.h
[9.463s] -- Up-to-date: /home/lfvmu/kobuki/install/include/eigen3/Eigen/src/Core/Swap.h
[9.463s] -- Up-to-date: /home/lfvmu/kobuki/install/include/eigen3/Eigen/src/Core/Block.h
[9.464s] -- Up-to-date: /home/lfvmu/kobuki/install/include/eigen3/Eigen/src/Core/Select.h
[9.464s] -- Up-to-date: /home/lfvmu/kobuki/install/include/eigen3/Eigen/src/Core/Reverse.h
[9.464s] -- Up-to-date: /home/lfvmu/kobuki/install/include/eigen3/Eigen/src/Core/NestByValue.h
[9.464s] -- Up-to-date: /home/lfvmu/kobuki/install/include/eigen3/Eigen/src/Core/SelfAdjointView.h
[9.464s] -- Up-to-date: /home/lfvmu/kobuki/install/include/eigen3/Eigen/src/Core/CommaInitializer.h
[9.465s] -- Up-to-date: /home/lfvmu/kobuki/install/include/eigen3/Eigen/src/Core/SelfCwiseBinaryOp.h
[9.465s] -- Up-to-date: /home/lfvmu/kobuki/install/include/eigen3/Eigen/src/Core/DiagonalMatrix.h
[9.465s] -- Up-to-date: /home/lfvmu/kobuki/install/include/eigen3/Eigen/src/Core/GeneralProduct.h
[9.465s] -- Up-to-date: /home/lfvmu/kobuki/install/include/eigen3/Eigen/src/Core/products
[9.466s] -- Up-to-date: /home/lfvmu/kobuki/install/include/eigen3/Eigen/src/Core/products/TriangularMatrixVector.h
[9.466s] -- Up-to-date: /home/lfvmu/kobuki/install/include/eigen3/Eigen/src/Core/products/GeneralMatrixVector_BLAS.h
[9.466s] -- Up-to-date: /home/lfvmu/kobuki/install/include/eigen3/Eigen/src/Core/products/SelfadjointMatrixVector_BLAS.h
[9.466s] -- Up-to-date: /home/lfvmu/kobuki/install/include/eigen3/Eigen/src/Core/products/GeneralBlockPanelKernel.h
[9.466s] -- Up-to-date: /home/lfvmu/kobuki/install/include/eigen3/Eigen/src/Core/products/TriangularSolverMatrix.h
[9.467s] -- Up-to-date: /home/lfvmu/kobuki/install/include/eigen3/Eigen/src/Core/products/TriangularMatrixVector_BLAS.h
[9.467s] -- Up-to-date: /home/lfvmu/kobuki/install/include/eigen3/Eigen/src/Core/products/Parallelizer.h
[9.467s] -- Up-to-date: /home/lfvmu/kobuki/install/include/eigen3/Eigen/src/Core/products/TriangularMatrixMatrix_BLAS.h
[9.467s] -- Up-to-date: /home/lfvmu/kobuki/install/include/eigen3/Eigen/src/Core/products/GeneralMatrixMatrixTriangular.h
[9.468s] -- Up-to-date: /home/lfvmu/kobuki/install/include/eigen3/Eigen/src/Core/products/SelfadjointRank2Update.h
[9.468s] -- Up-to-date: /home/lfvmu/kobuki/install/include/eigen3/Eigen/src/Core/products/GeneralMatrixMatrixTriangular_BLAS.h
[9.468s] -- Up-to-date: /home/lfvmu/kobuki/install/include/eigen3/Eigen/src/Core/products/SelfadjointMatrixMatrix.h
[9.468s] -- Up-to-date: /home/lfvmu/kobuki/install/include/eigen3/Eigen/src/Core/products/TriangularSolverMatrix_BLAS.h
[9.469s] -- Up-to-date: /home/lfvmu/kobuki/install/include/eigen3/Eigen/src/Core/products/SelfadjointMatrixVector.h
[9.469s] -- Up-to-date: /home/lfvmu/kobuki/install/include/eigen3/Eigen/src/Core/products/GeneralMatrixMatrix_BLAS.h
[9.469s] -- Up-to-date: /home/lfvmu/kobuki/install/include/eigen3/Eigen/src/Core/products/SelfadjointMatrixMatrix_BLAS.h
[9.469s] -- Up-to-date: /home/lfvmu/kobuki/install/include/eigen3/Eigen/src/Core/products/SelfadjointProduct.h
[9.469s] -- Up-to-date: /home/lfvmu/kobuki/install/include/eigen3/Eigen/src/Core/products/GeneralMatrixVector.h
[9.470s] -- Up-to-date: /home/lfvmu/kobuki/install/include/eigen3/Eigen/src/Core/products/GeneralMatrixMatrix.h
[9.470s] -- Up-to-date: /home/lfvmu/kobuki/install/include/eigen3/Eigen/src/Core/products/TriangularSolverVector.h
[9.470s] -- Up-to-date: /home/lfvmu/kobuki/install/include/eigen3/Eigen/src/Core/products/TriangularMatrixMatrix.h
[9.470s] -- Up-to-date: /home/lfvmu/kobuki/install/include/eigen3/Eigen/src/Core/ReturnByValue.h
[9.470s] -- Up-to-date: /home/lfvmu/kobuki/install/include/eigen3/Eigen/src/Core/Assign_MKL.h
[9.471s] -- Up-to-date: /home/lfvmu/kobuki/install/include/eigen3/Eigen/src/Core/PlainObjectBase.h
[9.471s] -- Up-to-date: /home/lfvmu/kobuki/install/include/eigen3/Eigen/src/Core/SolverBase.h
[9.471s] -- Up-to-date: /home/lfvmu/kobuki/install/include/eigen3/Eigen/src/Core/DenseStorage.h
[9.472s] -- Up-to-date: /home/lfvmu/kobuki/install/include/eigen3/Eigen/src/Core/arch
[9.472s] -- Up-to-date: /home/lfvmu/kobuki/install/include/eigen3/Eigen/src/Core/arch/AVX
[9.472s] -- Up-to-date: /home/lfvmu/kobuki/install/include/eigen3/Eigen/src/Core/arch/AVX/PacketMath.h
[9.472s] -- Up-to-date: /home/lfvmu/kobuki/install/include/eigen3/Eigen/src/Core/arch/AVX/TypeCasting.h
[9.472s] -- Up-to-date: /home/lfvmu/kobuki/install/include/eigen3/Eigen/src/Core/arch/AVX/MathFunctions.h
[9.473s] -- Up-to-date: /home/lfvmu/kobuki/install/include/eigen3/Eigen/src/Core/arch/AVX/Complex.h
[9.473s] -- Up-to-date: /home/lfvmu/kobuki/install/include/eigen3/Eigen/src/Core/arch/AltiVec
[9.473s] -- Up-to-date: /home/lfvmu/kobuki/install/include/eigen3/Eigen/src/Core/arch/AltiVec/PacketMath.h
[9.473s] -- Up-to-date: /home/lfvmu/kobuki/install/include/eigen3/Eigen/src/Core/arch/AltiVec/MathFunctions.h
[9.474s] -- Up-to-date: /home/lfvmu/kobuki/install/include/eigen3/Eigen/src/Core/arch/AltiVec/Complex.h
[9.474s] -- Up-to-date: /home/lfvmu/kobuki/install/include/eigen3/Eigen/src/Core/arch/ZVector
[9.474s] -- Up-to-date: /home/lfvmu/kobuki/install/include/eigen3/Eigen/src/Core/arch/ZVector/PacketMath.h
[9.474s] -- Up-to-date: /home/lfvmu/kobuki/install/include/eigen3/Eigen/src/Core/arch/ZVector/MathFunctions.h
[9.475s] -- Up-to-date: /home/lfvmu/kobuki/install/include/eigen3/Eigen/src/Core/arch/ZVector/Complex.h
[9.475s] -- Up-to-date: /home/lfvmu/kobuki/install/include/eigen3/Eigen/src/Core/arch/NEON
[9.475s] -- Up-to-date: /home/lfvmu/kobuki/install/include/eigen3/Eigen/src/Core/arch/NEON/PacketMath.h
[9.475s] -- Up-to-date: /home/lfvmu/kobuki/install/include/eigen3/Eigen/src/Core/arch/NEON/MathFunctions.h
[9.475s] -- Up-to-date: /home/lfvmu/kobuki/install/include/eigen3/Eigen/src/Core/arch/NEON/Complex.h
[9.476s] -- Up-to-date: /home/lfvmu/kobuki/install/include/eigen3/Eigen/src/Core/arch/CUDA
[9.476s] -- Up-to-date: /home/lfvmu/kobuki/install/include/eigen3/Eigen/src/Core/arch/CUDA/PacketMath.h
[9.476s] -- Up-to-date: /home/lfvmu/kobuki/install/include/eigen3/Eigen/src/Core/arch/CUDA/TypeCasting.h
[9.476s] -- Up-to-date: /home/lfvmu/kobuki/install/include/eigen3/Eigen/src/Core/arch/CUDA/PacketMathHalf.h
[9.476s] -- Up-to-date: /home/lfvmu/kobuki/install/include/eigen3/Eigen/src/Core/arch/CUDA/Half.h
[9.477s] -- Up-to-date: /home/lfvmu/kobuki/install/include/eigen3/Eigen/src/Core/arch/CUDA/MathFunctions.h
[9.477s] -- Up-to-date: /home/lfvmu/kobuki/install/include/eigen3/Eigen/src/Core/arch/CUDA/Complex.h
[9.477s] -- Up-to-date: /home/lfvmu/kobuki/install/include/eigen3/Eigen/src/Core/arch/Default
[9.477s] -- Up-to-date: /home/lfvmu/kobuki/install/include/eigen3/Eigen/src/Core/arch/Default/Settings.h
[9.478s] -- Up-to-date: /home/lfvmu/kobuki/install/include/eigen3/Eigen/src/Core/arch/Default/ConjHelper.h
[9.478s] -- Up-to-date: /home/lfvmu/kobuki/install/include/eigen3/Eigen/src/Core/arch/SSE
[9.478s] -- Up-to-date: /home/lfvmu/kobuki/install/include/eigen3/Eigen/src/Core/arch/SSE/PacketMath.h
[9.478s] -- Up-to-date: /home/lfvmu/kobuki/install/include/eigen3/Eigen/src/Core/arch/SSE/TypeCasting.h
[9.478s] -- Up-to-date: /home/lfvmu/kobuki/install/include/eigen3/Eigen/src/Core/arch/SSE/MathFunctions.h
[9.479s] -- Up-to-date: /home/lfvmu/kobuki/install/include/eigen3/Eigen/src/Core/arch/SSE/Complex.h
[9.479s] -- Up-to-date: /home/lfvmu/kobuki/install/include/eigen3/Eigen/src/Core/arch/AVX512
[9.479s] -- Up-to-date: /home/lfvmu/kobuki/install/include/eigen3/Eigen/src/Core/arch/AVX512/PacketMath.h
[9.479s] -- Up-to-date: /home/lfvmu/kobuki/install/include/eigen3/Eigen/src/Core/arch/AVX512/MathFunctions.h
[9.480s] -- Up-to-date: /home/lfvmu/kobuki/install/include/eigen3/Eigen/src/Core/Fuzzy.h
[9.480s] -- Up-to-date: /home/lfvmu/kobuki/install/include/eigen3/Eigen/src/Core/GlobalFunctions.h
[9.480s] -- Up-to-date: /home/lfvmu/kobuki/install/include/eigen3/Eigen/src/Core/Matrix.h
[9.480s] -- Up-to-date: /home/lfvmu/kobuki/install/include/eigen3/Eigen/src/Core/CoreIterators.h
[9.481s] -- Up-to-date: /home/lfvmu/kobuki/install/include/eigen3/Eigen/src/Core/ProductEvaluators.h
[9.481s] -- Up-to-date: /home/lfvmu/kobuki/install/include/eigen3/Eigen/src/Core/VectorwiseOp.h
[9.481s] -- Up-to-date: /home/lfvmu/kobuki/install/include/eigen3/Eigen/src/Core/MatrixBase.h
[9.481s] -- Up-to-date: /home/lfvmu/kobuki/install/include/eigen3/Eigen/src/Core/Diagonal.h
[9.481s] -- Up-to-date: /home/lfvmu/kobuki/install/include/eigen3/Eigen/src/Core/Dot.h
[9.482s] -- Up-to-date: /home/lfvmu/kobuki/install/include/eigen3/Eigen/src/Core/CwiseUnaryOp.h
[9.482s] -- Up-to-date: /home/lfvmu/kobuki/install/include/eigen3/Eigen/src/Core/CwiseBinaryOp.h
[9.482s] -- Up-to-date: /home/lfvmu/kobuki/install/include/eigen3/Eigen/src/Core/BandMatrix.h
[9.482s] -- Up-to-date: /home/lfvmu/kobuki/install/include/eigen3/Eigen/src/Core/util
[9.483s] -- Up-to-date: /home/lfvmu/kobuki/install/include/eigen3/Eigen/src/Core/util/Meta.h
[9.483s] -- Up-to-date: /home/lfvmu/kobuki/install/include/eigen3/Eigen/src/Core/util/ForwardDeclarations.h
[9.483s] -- Up-to-date: /home/lfvmu/kobuki/install/include/eigen3/Eigen/src/Core/util/StaticAssert.h
[9.483s] -- Up-to-date: /home/lfvmu/kobuki/install/include/eigen3/Eigen/src/Core/util/NonMPL2.h
[9.484s] -- Up-to-date: /home/lfvmu/kobuki/install/include/eigen3/Eigen/src/Core/util/DisableStupidWarnings.h
[9.484s] -- Up-to-date: /home/lfvmu/kobuki/install/include/eigen3/Eigen/src/Core/util/XprHelper.h
[9.484s] -- Up-to-date: /home/lfvmu/kobuki/install/include/eigen3/Eigen/src/Core/util/MKL_support.h
[9.484s] -- Up-to-date: /home/lfvmu/kobuki/install/include/eigen3/Eigen/src/Core/util/BlasUtil.h
[9.484s] -- Up-to-date: /home/lfvmu/kobuki/install/include/eigen3/Eigen/src/Core/util/Macros.h
[9.485s] -- Up-to-date: /home/lfvmu/kobuki/install/include/eigen3/Eigen/src/Core/util/ReenableStupidWarnings.h
[9.485s] -- Up-to-date: /home/lfvmu/kobuki/install/include/eigen3/Eigen/src/Core/util/Memory.h
[9.485s] -- Up-to-date: /home/lfvmu/kobuki/install/include/eigen3/Eigen/src/Core/util/Constants.h
[9.485s] -- Up-to-date: /home/lfvmu/kobuki/install/include/eigen3/Eigen/src/Core/AssignEvaluator.h
[9.486s] -- Up-to-date: /home/lfvmu/kobuki/install/include/eigen3/Eigen/src/Core/DiagonalProduct.h
[9.486s] -- Up-to-date: /home/lfvmu/kobuki/install/include/eigen3/Eigen/src/Core/Array.h
[9.486s] -- Up-to-date: /home/lfvmu/kobuki/install/include/eigen3/Eigen/src/Core/NumTraits.h
[9.486s] -- Up-to-date: /home/lfvmu/kobuki/install/include/eigen3/Eigen/src/Core/CoreEvaluators.h
[9.486s] -- Up-to-date: /home/lfvmu/kobuki/install/include/eigen3/Eigen/src/Core/SolveTriangular.h
[9.487s] -- Up-to-date: /home/lfvmu/kobuki/install/include/eigen3/Eigen/src/Core/MapBase.h
[9.487s] -- Up-to-date: /home/lfvmu/kobuki/install/include/eigen3/Eigen/src/Core/ConditionEstimator.h
[9.487s] -- Up-to-date: /home/lfvmu/kobuki/install/include/eigen3/Eigen/src/Core/BooleanRedux.h
[9.487s] -- Up-to-date: /home/lfvmu/kobuki/install/include/eigen3/Eigen/src/Core/Assign.h
[9.487s] -- Up-to-date: /home/lfvmu/kobuki/install/include/eigen3/Eigen/src/Core/MathFunctions.h
[9.488s] -- Up-to-date: /home/lfvmu/kobuki/install/include/eigen3/Eigen/src/Core/VectorBlock.h
[9.488s] -- Up-to-date: /home/lfvmu/kobuki/install/include/eigen3/Eigen/src/Core/Ref.h
[9.488s] -- Up-to-date: /home/lfvmu/kobuki/install/include/eigen3/Eigen/src/Core/DenseCoeffsBase.h
[9.488s] -- Up-to-date: /home/lfvmu/kobuki/install/include/eigen3/Eigen/src/Core/ArrayBase.h
[9.489s] -- Up-to-date: /home/lfvmu/kobuki/install/include/eigen3/Eigen/src/SPQRSupport
[9.489s] -- Up-to-date: /home/lfvmu/kobuki/install/include/eigen3/Eigen/src/SPQRSupport/SuiteSparseQRSupport.h
[9.489s] -- Up-to-date: /home/lfvmu/kobuki/install/include/eigen3/Eigen/src/QR
[9.489s] -- Up-to-date: /home/lfvmu/kobuki/install/include/eigen3/Eigen/src/QR/HouseholderQR_LAPACKE.h
[9.489s] -- Up-to-date: /home/lfvmu/kobuki/install/include/eigen3/Eigen/src/QR/CompleteOrthogonalDecomposition.h
[9.490s] -- Up-to-date: /home/lfvmu/kobuki/install/include/eigen3/Eigen/src/QR/FullPivHouseholderQR.h
[9.490s] -- Up-to-date: /home/lfvmu/kobuki/install/include/eigen3/Eigen/src/QR/HouseholderQR.h
[9.490s] -- Up-to-date: /home/lfvmu/kobuki/install/include/eigen3/Eigen/src/QR/ColPivHouseholderQR_LAPACKE.h
[9.490s] -- Up-to-date: /home/lfvmu/kobuki/install/include/eigen3/Eigen/src/QR/ColPivHouseholderQR.h
[9.491s] -- Up-to-date: /home/lfvmu/kobuki/install/include/eigen3/Eigen/src/PaStiXSupport
[9.491s] -- Up-to-date: /home/lfvmu/kobuki/install/include/eigen3/Eigen/src/PaStiXSupport/PaStiXSupport.h
[9.491s] -- Up-to-date: /home/lfvmu/kobuki/install/include/eigen3/Eigen/src/SVD
[9.491s] -- Up-to-date: /home/lfvmu/kobuki/install/include/eigen3/Eigen/src/SVD/JacobiSVD_LAPACKE.h
[9.492s] -- Up-to-date: /home/lfvmu/kobuki/install/include/eigen3/Eigen/src/SVD/JacobiSVD.h
[9.492s] -- Up-to-date: /home/lfvmu/kobuki/install/include/eigen3/Eigen/src/SVD/SVDBase.h
[9.492s] -- Up-to-date: /home/lfvmu/kobuki/install/include/eigen3/Eigen/src/SVD/UpperBidiagonalization.h
[9.492s] -- Up-to-date: /home/lfvmu/kobuki/install/include/eigen3/Eigen/src/SVD/BDCSVD.h
[9.492s] -- Up-to-date: /home/lfvmu/kobuki/install/include/eigen3/unsupported/Eigen/AdolcForward
[9.493s] -- Up-to-date: /home/lfvmu/kobuki/install/include/eigen3/unsupported/Eigen/AlignedVector3
[9.493s] -- Up-to-date: /home/lfvmu/kobuki/install/include/eigen3/unsupported/Eigen/ArpackSupport
[9.493s] -- Up-to-date: /home/lfvmu/kobuki/install/include/eigen3/unsupported/Eigen/AutoDiff
[9.493s] -- Up-to-date: /home/lfvmu/kobuki/install/include/eigen3/unsupported/Eigen/BVH
[9.493s] -- Up-to-date: /home/lfvmu/kobuki/install/include/eigen3/unsupported/Eigen/EulerAngles
[9.494s] -- Up-to-date: /home/lfvmu/kobuki/install/include/eigen3/unsupported/Eigen/FFT
[9.494s] -- Up-to-date: /home/lfvmu/kobuki/install/include/eigen3/unsupported/Eigen/IterativeSolvers
[9.494s] -- Up-to-date: /home/lfvmu/kobuki/install/include/eigen3/unsupported/Eigen/KroneckerProduct
[9.494s] -- Up-to-date: /home/lfvmu/kobuki/install/include/eigen3/unsupported/Eigen/LevenbergMarquardt
[9.495s] -- Up-to-date: /home/lfvmu/kobuki/install/include/eigen3/unsupported/Eigen/MatrixFunctions
[9.495s] -- Up-to-date: /home/lfvmu/kobuki/install/include/eigen3/unsupported/Eigen/MoreVectorization
[9.495s] -- Up-to-date: /home/lfvmu/kobuki/install/include/eigen3/unsupported/Eigen/MPRealSupport
[9.495s] -- Up-to-date: /home/lfvmu/kobuki/install/include/eigen3/unsupported/Eigen/NonLinearOptimization
[9.496s] -- Up-to-date: /home/lfvmu/kobuki/install/include/eigen3/unsupported/Eigen/NumericalDiff
[9.496s] -- Up-to-date: /home/lfvmu/kobuki/install/include/eigen3/unsupported/Eigen/OpenGLSupport
[9.496s] -- Up-to-date: /home/lfvmu/kobuki/install/include/eigen3/unsupported/Eigen/Polynomials
[9.496s] -- Up-to-date: /home/lfvmu/kobuki/install/include/eigen3/unsupported/Eigen/Skyline
[9.497s] -- Up-to-date: /home/lfvmu/kobuki/install/include/eigen3/unsupported/Eigen/SparseExtra
[9.497s] -- Up-to-date: /home/lfvmu/kobuki/install/include/eigen3/unsupported/Eigen/SpecialFunctions
[9.497s] -- Up-to-date: /home/lfvmu/kobuki/install/include/eigen3/unsupported/Eigen/Splines
[9.497s] -- Up-to-date: /home/lfvmu/kobuki/install/include/eigen3/unsupported/Eigen/src
[9.498s] -- Up-to-date: /home/lfvmu/kobuki/install/include/eigen3/unsupported/Eigen/src/NonLinearOptimization
[9.498s] -- Up-to-date: /home/lfvmu/kobuki/install/include/eigen3/unsupported/Eigen/src/NonLinearOptimization/LevenbergMarquardt.h
[9.498s] -- Up-to-date: /home/lfvmu/kobuki/install/include/eigen3/unsupported/Eigen/src/NonLinearOptimization/covar.h
[9.498s] -- Up-to-date: /home/lfvmu/kobuki/install/include/eigen3/unsupported/Eigen/src/NonLinearOptimization/qrsolv.h
[9.498s] -- Up-to-date: /home/lfvmu/kobuki/install/include/eigen3/unsupported/Eigen/src/NonLinearOptimization/r1updt.h
[9.499s] -- Up-to-date: /home/lfvmu/kobuki/install/include/eigen3/unsupported/Eigen/src/NonLinearOptimization/dogleg.h
[9.499s] -- Up-to-date: /home/lfvmu/kobuki/install/include/eigen3/unsupported/Eigen/src/NonLinearOptimization/rwupdt.h
[9.499s] -- Up-to-date: /home/lfvmu/kobuki/install/include/eigen3/unsupported/Eigen/src/NonLinearOptimization/lmpar.h
[9.500s] -- Up-to-date: /home/lfvmu/kobuki/install/include/eigen3/unsupported/Eigen/src/NonLinearOptimization/HybridNonLinearSolver.h
[9.500s] -- Up-to-date: /home/lfvmu/kobuki/install/include/eigen3/unsupported/Eigen/src/NonLinearOptimization/fdjac1.h
[9.500s] -- Up-to-date: /home/lfvmu/kobuki/install/include/eigen3/unsupported/Eigen/src/NonLinearOptimization/r1mpyq.h
[9.500s] -- Up-to-date: /home/lfvmu/kobuki/install/include/eigen3/unsupported/Eigen/src/NonLinearOptimization/chkder.h
[9.501s] -- Up-to-date: /home/lfvmu/kobuki/install/include/eigen3/unsupported/Eigen/src/SpecialFunctions
[9.501s] -- Up-to-date: /home/lfvmu/kobuki/install/include/eigen3/unsupported/Eigen/src/SpecialFunctions/SpecialFunctionsFunctors.h
[9.501s] -- Up-to-date: /home/lfvmu/kobuki/install/include/eigen3/unsupported/Eigen/src/SpecialFunctions/SpecialFunctionsArrayAPI.h
[9.501s] -- Up-to-date: /home/lfvmu/kobuki/install/include/eigen3/unsupported/Eigen/src/SpecialFunctions/SpecialFunctionsPacketMath.h
[9.502s] -- Up-to-date: /home/lfvmu/kobuki/install/include/eigen3/unsupported/Eigen/src/SpecialFunctions/arch
[9.502s] -- Up-to-date: /home/lfvmu/kobuki/install/include/eigen3/unsupported/Eigen/src/SpecialFunctions/arch/CUDA
[9.502s] -- Up-to-date: /home/lfvmu/kobuki/install/include/eigen3/unsupported/Eigen/src/SpecialFunctions/arch/CUDA/CudaSpecialFunctions.h
[9.502s] -- Up-to-date: /home/lfvmu/kobuki/install/include/eigen3/unsupported/Eigen/src/SpecialFunctions/SpecialFunctionsHalf.h
[9.502s] -- Up-to-date: /home/lfvmu/kobuki/install/include/eigen3/unsupported/Eigen/src/SpecialFunctions/SpecialFunctionsImpl.h
[9.503s] -- Up-to-date: /home/lfvmu/kobuki/install/include/eigen3/unsupported/Eigen/src/MatrixFunctions
[9.503s] -- Up-to-date: /home/lfvmu/kobuki/install/include/eigen3/unsupported/Eigen/src/MatrixFunctions/MatrixPower.h
[9.503s] -- Up-to-date: /home/lfvmu/kobuki/install/include/eigen3/unsupported/Eigen/src/MatrixFunctions/MatrixExponential.h
[9.503s] -- Up-to-date: /home/lfvmu/kobuki/install/include/eigen3/unsupported/Eigen/src/MatrixFunctions/MatrixLogarithm.h
[9.504s] -- Up-to-date: /home/lfvmu/kobuki/install/include/eigen3/unsupported/Eigen/src/MatrixFunctions/MatrixFunction.h
[9.504s] -- Up-to-date: /home/lfvmu/kobuki/install/include/eigen3/unsupported/Eigen/src/MatrixFunctions/MatrixSquareRoot.h
[9.504s] -- Up-to-date: /home/lfvmu/kobuki/install/include/eigen3/unsupported/Eigen/src/MatrixFunctions/StemFunction.h
[9.504s] -- Up-to-date: /home/lfvmu/kobuki/install/include/eigen3/unsupported/Eigen/src/MoreVectorization
[9.504s] -- Up-to-date: /home/lfvmu/kobuki/install/include/eigen3/unsupported/Eigen/src/MoreVectorization/MathFunctions.h
[9.505s] -- Up-to-date: /home/lfvmu/kobuki/install/include/eigen3/unsupported/Eigen/src/EulerAngles
[9.505s] -- Up-to-date: /home/lfvmu/kobuki/install/include/eigen3/unsupported/Eigen/src/EulerAngles/EulerAngles.h
[9.505s] -- Up-to-date: /home/lfvmu/kobuki/install/include/eigen3/unsupported/Eigen/src/EulerAngles/EulerSystem.h
[9.505s] -- Up-to-date: /home/lfvmu/kobuki/install/include/eigen3/unsupported/Eigen/src/LevenbergMarquardt
[9.506s] -- Up-to-date: /home/lfvmu/kobuki/install/include/eigen3/unsupported/Eigen/src/LevenbergMarquardt/LevenbergMarquardt.h
[9.506s] -- Up-to-date: /home/lfvmu/kobuki/install/include/eigen3/unsupported/Eigen/src/LevenbergMarquardt/LMonestep.h
[9.506s] -- Up-to-date: /home/lfvmu/kobuki/install/include/eigen3/unsupported/Eigen/src/LevenbergMarquardt/LMpar.h
[9.506s] -- Up-to-date: /home/lfvmu/kobuki/install/include/eigen3/unsupported/Eigen/src/LevenbergMarquardt/LMcovar.h
[9.506s] -- Up-to-date: /home/lfvmu/kobuki/install/include/eigen3/unsupported/Eigen/src/LevenbergMarquardt/LMqrsolv.h
[9.507s] -- Up-to-date: /home/lfvmu/kobuki/install/include/eigen3/unsupported/Eigen/src/BVH
[9.507s] -- Up-to-date: /home/lfvmu/kobuki/install/include/eigen3/unsupported/Eigen/src/BVH/BVAlgorithms.h
[9.507s] -- Up-to-date: /home/lfvmu/kobuki/install/include/eigen3/unsupported/Eigen/src/BVH/KdBVH.h
[9.507s] -- Up-to-date: /home/lfvmu/kobuki/install/include/eigen3/unsupported/Eigen/src/Eigenvalues
[9.507s] -- Up-to-date: /home/lfvmu/kobuki/install/include/eigen3/unsupported/Eigen/src/Eigenvalues/ArpackSelfAdjointEigenSolver.h
[9.508s] -- Up-to-date: /home/lfvmu/kobuki/install/include/eigen3/unsupported/Eigen/src/IterativeSolvers
[9.508s] -- Up-to-date: /home/lfvmu/kobuki/install/include/eigen3/unsupported/Eigen/src/IterativeSolvers/IncompleteLU.h
[9.508s] -- Up-to-date: /home/lfvmu/kobuki/install/include/eigen3/unsupported/Eigen/src/IterativeSolvers/GMRES.h
[9.508s] -- Up-to-date: /home/lfvmu/kobuki/install/include/eigen3/unsupported/Eigen/src/IterativeSolvers/MINRES.h
[9.509s] -- Up-to-date: /home/lfvmu/kobuki/install/include/eigen3/unsupported/Eigen/src/IterativeSolvers/DGMRES.h
[9.509s] -- Up-to-date: /home/lfvmu/kobuki/install/include/eigen3/unsupported/Eigen/src/IterativeSolvers/Scaling.h
[9.509s] -- Up-to-date: /home/lfvmu/kobuki/install/include/eigen3/unsupported/Eigen/src/IterativeSolvers/IterationController.h
[9.509s] -- Up-to-date: /home/lfvmu/kobuki/install/include/eigen3/unsupported/Eigen/src/IterativeSolvers/ConstrainedConjGrad.h
[9.509s] -- Up-to-date: /home/lfvmu/kobuki/install/include/eigen3/unsupported/Eigen/src/FFT
[9.510s] -- Up-to-date: /home/lfvmu/kobuki/install/include/eigen3/unsupported/Eigen/src/FFT/ei_fftw_impl.h
[9.510s] -- Up-to-date: /home/lfvmu/kobuki/install/include/eigen3/unsupported/Eigen/src/FFT/ei_kissfft_impl.h
[9.510s] -- Up-to-date: /home/lfvmu/kobuki/install/include/eigen3/unsupported/Eigen/src/Splines
[9.510s] -- Up-to-date: /home/lfvmu/kobuki/install/include/eigen3/unsupported/Eigen/src/Splines/SplineFitting.h
[9.510s] -- Up-to-date: /home/lfvmu/kobuki/install/include/eigen3/unsupported/Eigen/src/Splines/SplineFwd.h
[9.511s] -- Up-to-date: /home/lfvmu/kobuki/install/include/eigen3/unsupported/Eigen/src/Splines/Spline.h
[9.511s] -- Up-to-date: /home/lfvmu/kobuki/install/include/eigen3/unsupported/Eigen/src/Skyline
[9.511s] -- Up-to-date: /home/lfvmu/kobuki/install/include/eigen3/unsupported/Eigen/src/Skyline/SkylineMatrixBase.h
[9.511s] -- Up-to-date: /home/lfvmu/kobuki/install/include/eigen3/unsupported/Eigen/src/Skyline/SkylineProduct.h
[9.512s] -- Up-to-date: /home/lfvmu/kobuki/install/include/eigen3/unsupported/Eigen/src/Skyline/SkylineInplaceLU.h
[9.512s] -- Up-to-date: /home/lfvmu/kobuki/install/include/eigen3/unsupported/Eigen/src/Skyline/SkylineUtil.h
[9.512s] -- Up-to-date: /home/lfvmu/kobuki/install/include/eigen3/unsupported/Eigen/src/Skyline/SkylineStorage.h
[9.512s] -- Up-to-date: /home/lfvmu/kobuki/install/include/eigen3/unsupported/Eigen/src/Skyline/SkylineMatrix.h
[9.513s] -- Up-to-date: /home/lfvmu/kobuki/install/include/eigen3/unsupported/Eigen/src/KroneckerProduct
[9.513s] -- Up-to-date: /home/lfvmu/kobuki/install/include/eigen3/unsupported/Eigen/src/KroneckerProduct/KroneckerTensorProduct.h
[9.513s] -- Up-to-date: /home/lfvmu/kobuki/install/include/eigen3/unsupported/Eigen/src/SparseExtra
[9.513s] -- Up-to-date: /home/lfvmu/kobuki/install/include/eigen3/unsupported/Eigen/src/SparseExtra/DynamicSparseMatrix.h
[9.514s] -- Up-to-date: /home/lfvmu/kobuki/install/include/eigen3/unsupported/Eigen/src/SparseExtra/MarketIO.h
[9.514s] -- Up-to-date: /home/lfvmu/kobuki/install/include/eigen3/unsupported/Eigen/src/SparseExtra/BlockSparseMatrix.h
[9.514s] -- Up-to-date: /home/lfvmu/kobuki/install/include/eigen3/unsupported/Eigen/src/SparseExtra/MatrixMarketIterator.h
[9.514s] -- Up-to-date: /home/lfvmu/kobuki/install/include/eigen3/unsupported/Eigen/src/SparseExtra/RandomSetter.h
[9.514s] -- Up-to-date: /home/lfvmu/kobuki/install/include/eigen3/unsupported/Eigen/src/SparseExtra/BlockOfDynamicSparseMatrix.h
[9.515s] -- Up-to-date: /home/lfvmu/kobuki/install/include/eigen3/unsupported/Eigen/src/NumericalDiff
[9.515s] -- Up-to-date: /home/lfvmu/kobuki/install/include/eigen3/unsupported/Eigen/src/NumericalDiff/NumericalDiff.h
[9.515s] -- Up-to-date: /home/lfvmu/kobuki/install/include/eigen3/unsupported/Eigen/src/AutoDiff
[9.515s] -- Up-to-date: /home/lfvmu/kobuki/install/include/eigen3/unsupported/Eigen/src/AutoDiff/AutoDiffJacobian.h
[9.516s] -- Up-to-date: /home/lfvmu/kobuki/install/include/eigen3/unsupported/Eigen/src/AutoDiff/AutoDiffVector.h
[9.516s] -- Up-to-date: /home/lfvmu/kobuki/install/include/eigen3/unsupported/Eigen/src/AutoDiff/AutoDiffScalar.h
[9.516s] -- Up-to-date: /home/lfvmu/kobuki/install/include/eigen3/unsupported/Eigen/src/Polynomials
[9.516s] -- Up-to-date: /home/lfvmu/kobuki/install/include/eigen3/unsupported/Eigen/src/Polynomials/PolynomialUtils.h
[9.516s] -- Up-to-date: /home/lfvmu/kobuki/install/include/eigen3/unsupported/Eigen/src/Polynomials/Companion.h
[9.517s] -- Up-to-date: /home/lfvmu/kobuki/install/include/eigen3/unsupported/Eigen/src/Polynomials/PolynomialSolver.h
[9.517s] -- Up-to-date: /home/lfvmu/kobuki/install/include/eigen3/unsupported/Eigen/CXX11/Tensor
[9.517s] -- Up-to-date: /home/lfvmu/kobuki/install/include/eigen3/unsupported/Eigen/CXX11/TensorSymmetry
[9.517s] -- Up-to-date: /home/lfvmu/kobuki/install/include/eigen3/unsupported/Eigen/CXX11/ThreadPool
[9.518s] -- Up-to-date: /home/lfvmu/kobuki/install/include/eigen3/unsupported/Eigen/CXX11/src
[9.518s] -- Up-to-date: /home/lfvmu/kobuki/install/include/eigen3/unsupported/Eigen/CXX11/src/ThreadPool
[9.518s] -- Up-to-date: /home/lfvmu/kobuki/install/include/eigen3/unsupported/Eigen/CXX11/src/ThreadPool/ThreadEnvironment.h
[9.518s] -- Up-to-date: /home/lfvmu/kobuki/install/include/eigen3/unsupported/Eigen/CXX11/src/ThreadPool/NonBlockingThreadPool.h
[9.518s] -- Up-to-date: /home/lfvmu/kobuki/install/include/eigen3/unsupported/Eigen/CXX11/src/ThreadPool/ThreadLocal.h
[9.519s] -- Up-to-date: /home/lfvmu/kobuki/install/include/eigen3/unsupported/Eigen/CXX11/src/ThreadPool/ThreadYield.h
[9.519s] -- Up-to-date: /home/lfvmu/kobuki/install/include/eigen3/unsupported/Eigen/CXX11/src/ThreadPool/RunQueue.h
[9.519s] -- Up-to-date: /home/lfvmu/kobuki/install/include/eigen3/unsupported/Eigen/CXX11/src/ThreadPool/SimpleThreadPool.h
[9.520s] -- Up-to-date: /home/lfvmu/kobuki/install/include/eigen3/unsupported/Eigen/CXX11/src/ThreadPool/ThreadPoolInterface.h
[9.520s] -- Up-to-date: /home/lfvmu/kobuki/install/include/eigen3/unsupported/Eigen/CXX11/src/ThreadPool/EventCount.h
[9.520s] -- Up-to-date: /home/lfvmu/kobuki/install/include/eigen3/unsupported/Eigen/CXX11/src/Tensor
[9.520s] -- Up-to-date: /home/lfvmu/kobuki/install/include/eigen3/unsupported/Eigen/CXX11/src/Tensor/TensorRef.h
[9.520s] -- Up-to-date: /home/lfvmu/kobuki/install/include/eigen3/unsupported/Eigen/CXX11/src/Tensor/TensorForcedEval.h
[9.521s] -- Up-to-date: /home/lfvmu/kobuki/install/include/eigen3/unsupported/Eigen/CXX11/src/Tensor/TensorIntDiv.h
[9.521s] -- Up-to-date: /home/lfvmu/kobuki/install/include/eigen3/unsupported/Eigen/CXX11/src/Tensor/TensorMeta.h
[9.521s] -- Up-to-date: /home/lfvmu/kobuki/install/include/eigen3/unsupported/Eigen/CXX11/src/Tensor/TensorForwardDeclarations.h
[9.521s] -- Up-to-date: /home/lfvmu/kobuki/install/include/eigen3/unsupported/Eigen/CXX11/src/Tensor/TensorConversion.h
[9.521s] -- Up-to-date: /home/lfvmu/kobuki/install/include/eigen3/unsupported/Eigen/CXX11/src/Tensor/TensorFunctors.h
[9.522s] -- Up-to-date: /home/lfvmu/kobuki/install/include/eigen3/unsupported/Eigen/CXX11/src/Tensor/TensorEvaluator.h
[9.522s] -- Up-to-date: /home/lfvmu/kobuki/install/include/eigen3/unsupported/Eigen/CXX11/src/Tensor/TensorRandom.h
[9.522s] -- Up-to-date: /home/lfvmu/kobuki/install/include/eigen3/unsupported/Eigen/CXX11/src/Tensor/TensorShuffling.h
[9.522s] -- Up-to-date: /home/lfvmu/kobuki/install/include/eigen3/unsupported/Eigen/CXX11/src/Tensor/TensorExpr.h
[9.523s] -- Up-to-date: /home/lfvmu/kobuki/install/include/eigen3/unsupported/Eigen/CXX11/src/Tensor/TensorBroadcasting.h
[9.523s] -- Up-to-date: /home/lfvmu/kobuki/install/include/eigen3/unsupported/Eigen/CXX11/src/Tensor/TensorFFT.h
[9.523s] -- Up-to-date: /home/lfvmu/kobuki/install/include/eigen3/unsupported/Eigen/CXX11/src/Tensor/TensorInitializer.h
[9.523s] -- Up-to-date: /home/lfvmu/kobuki/install/include/eigen3/unsupported/Eigen/CXX11/src/Tensor/TensorPatch.h
[9.524s] -- Up-to-date: /home/lfvmu/kobuki/install/include/eigen3/unsupported/Eigen/CXX11/src/Tensor/TensorMacros.h
[9.524s] -- Up-to-date: /home/lfvmu/kobuki/install/include/eigen3/unsupported/Eigen/CXX11/src/Tensor/TensorContractionThreadPool.h
[9.524s] -- Up-to-date: /home/lfvmu/kobuki/install/include/eigen3/unsupported/Eigen/CXX11/src/Tensor/TensorGenerator.h
[9.524s] -- Up-to-date: /home/lfvmu/kobuki/install/include/eigen3/unsupported/Eigen/CXX11/src/Tensor/TensorSyclConvertToDeviceExpression.h
[9.524s] -- Up-to-date: /home/lfvmu/kobuki/install/include/eigen3/unsupported/Eigen/CXX11/src/Tensor/TensorSycl.h
[9.525s] -- Up-to-date: /home/lfvmu/kobuki/install/include/eigen3/unsupported/Eigen/CXX11/src/Tensor/TensorContractionBlocking.h
[9.525s] -- Up-to-date: /home/lfvmu/kobuki/install/include/eigen3/unsupported/Eigen/CXX11/src/Tensor/TensorSyclExtractAccessor.h
[9.525s] -- Up-to-date: /home/lfvmu/kobuki/install/include/eigen3/unsupported/Eigen/CXX11/src/Tensor/TensorSyclTuple.h
[9.525s] -- Up-to-date: /home/lfvmu/kobuki/install/include/eigen3/unsupported/Eigen/CXX11/src/Tensor/TensorDimensionList.h
[9.526s] -- Up-to-date: /home/lfvmu/kobuki/install/include/eigen3/unsupported/Eigen/CXX11/src/Tensor/TensorDeviceDefault.h
[9.526s] -- Up-to-date: /home/lfvmu/kobuki/install/include/eigen3/unsupported/Eigen/CXX11/src/Tensor/TensorExecutor.h
[9.526s] -- Up-to-date: /home/lfvmu/kobuki/install/include/eigen3/unsupported/Eigen/CXX11/src/Tensor/TensorDeviceThreadPool.h
[9.526s] -- Up-to-date: /home/lfvmu/kobuki/install/include/eigen3/unsupported/Eigen/CXX11/src/Tensor/TensorDeviceCuda.h
[9.526s] -- Up-to-date: /home/lfvmu/kobuki/install/include/eigen3/unsupported/Eigen/CXX11/src/Tensor/TensorSyclPlaceHolderExpr.h
[9.527s] -- Up-to-date: /home/lfvmu/kobuki/install/include/eigen3/unsupported/Eigen/CXX11/src/Tensor/TensorChipping.h
[9.527s] -- Up-to-date: /home/lfvmu/kobuki/install/include/eigen3/unsupported/Eigen/CXX11/src/Tensor/TensorBase.h
[9.527s] -- Up-to-date: /home/lfvmu/kobuki/install/include/eigen3/unsupported/Eigen/CXX11/src/Tensor/TensorGlobalFunctions.h
[9.527s] -- Up-to-date: /home/lfvmu/kobuki/install/include/eigen3/unsupported/Eigen/CXX11/src/Tensor/TensorStriding.h
[9.528s] -- Up-to-date: /home/lfvmu/kobuki/install/include/eigen3/unsupported/Eigen/CXX11/src/Tensor/TensorContraction.h
[9.528s] -- Up-to-date: /home/lfvmu/kobuki/install/include/eigen3/unsupported/Eigen/CXX11/src/Tensor/TensorContractionMapper.h
[9.528s] -- Up-to-date: /home/lfvmu/kobuki/install/include/eigen3/unsupported/Eigen/CXX11/src/Tensor/TensorArgMax.h
[9.528s] -- Up-to-date: /home/lfvmu/kobuki/install/include/eigen3/unsupported/Eigen/CXX11/src/Tensor/TensorReduction.h
[9.529s] -- Up-to-date: /home/lfvmu/kobuki/install/include/eigen3/unsupported/Eigen/CXX11/src/Tensor/TensorEvalTo.h
[9.529s] -- Up-to-date: /home/lfvmu/kobuki/install/include/eigen3/unsupported/Eigen/CXX11/src/Tensor/Tensor.h
[9.529s] -- Up-to-date: /home/lfvmu/kobuki/install/include/eigen3/unsupported/Eigen/CXX11/src/Tensor/TensorPadding.h
[9.529s] -- Up-to-date: /home/lfvmu/kobuki/install/include/eigen3/unsupported/Eigen/CXX11/src/Tensor/TensorReverse.h
[9.529s] -- Up-to-date: /home/lfvmu/kobuki/install/include/eigen3/unsupported/Eigen/CXX11/src/Tensor/TensorCostModel.h
[9.530s] -- Up-to-date: /home/lfvmu/kobuki/install/include/eigen3/unsupported/Eigen/CXX11/src/Tensor/TensorSyclLeafCount.h
[9.530s] -- Up-to-date: /home/lfvmu/kobuki/install/include/eigen3/unsupported/Eigen/CXX11/src/Tensor/TensorSyclExprConstructor.h
[9.530s] -- Up-to-date: /home/lfvmu/kobuki/install/include/eigen3/unsupported/Eigen/CXX11/src/Tensor/TensorImagePatch.h
[9.530s] -- Up-to-date: /home/lfvmu/kobuki/install/include/eigen3/unsupported/Eigen/CXX11/src/Tensor/TensorAssign.h
[9.530s] -- Up-to-date: /home/lfvmu/kobuki/install/include/eigen3/unsupported/Eigen/CXX11/src/Tensor/TensorScan.h
[9.531s] -- Up-to-date: /home/lfvmu/kobuki/install/include/eigen3/unsupported/Eigen/CXX11/src/Tensor/TensorStorage.h
[9.531s] -- Up-to-date: /home/lfvmu/kobuki/install/include/eigen3/unsupported/Eigen/CXX11/src/Tensor/TensorDeviceSycl.h
[9.531s] -- Up-to-date: /home/lfvmu/kobuki/install/include/eigen3/unsupported/Eigen/CXX11/src/Tensor/TensorReductionCuda.h
[9.531s] -- Up-to-date: /home/lfvmu/kobuki/install/include/eigen3/unsupported/Eigen/CXX11/src/Tensor/TensorVolumePatch.h
[9.532s] -- Up-to-date: /home/lfvmu/kobuki/install/include/eigen3/unsupported/Eigen/CXX11/src/Tensor/TensorIO.h
[9.532s] -- Up-to-date: /home/lfvmu/kobuki/install/include/eigen3/unsupported/Eigen/CXX11/src/Tensor/TensorConcatenation.h
[9.532s] -- Up-to-date: /home/lfvmu/kobuki/install/include/eigen3/unsupported/Eigen/CXX11/src/Tensor/TensorContractionCuda.h
[9.532s] -- Up-to-date: /home/lfvmu/kobuki/install/include/eigen3/unsupported/Eigen/CXX11/src/Tensor/TensorCustomOp.h
[9.533s] -- Up-to-date: /home/lfvmu/kobuki/install/include/eigen3/unsupported/Eigen/CXX11/src/Tensor/TensorReductionSycl.h
[9.533s] -- Up-to-date: /home/lfvmu/kobuki/install/include/eigen3/unsupported/Eigen/CXX11/src/Tensor/TensorIndexList.h
[9.533s] -- Up-to-date: /home/lfvmu/kobuki/install/include/eigen3/unsupported/Eigen/CXX11/src/Tensor/TensorLayoutSwap.h
[9.533s] -- Up-to-date: /home/lfvmu/kobuki/install/include/eigen3/unsupported/Eigen/CXX11/src/Tensor/TensorDimensions.h
[9.533s] -- Up-to-date: /home/lfvmu/kobuki/install/include/eigen3/unsupported/Eigen/CXX11/src/Tensor/TensorDevice.h
[9.534s] -- Up-to-date: /home/lfvmu/kobuki/install/include/eigen3/unsupported/Eigen/CXX11/src/Tensor/TensorUInt128.h
[9.534s] -- Up-to-date: /home/lfvmu/kobuki/install/include/eigen3/unsupported/Eigen/CXX11/src/Tensor/TensorSyclRun.h
[9.534s] -- Up-to-date: /home/lfvmu/kobuki/install/include/eigen3/unsupported/Eigen/CXX11/src/Tensor/TensorSyclExtractFunctors.h
[9.534s] -- Up-to-date: /home/lfvmu/kobuki/install/include/eigen3/unsupported/Eigen/CXX11/src/Tensor/TensorInflation.h
[9.535s] -- Up-to-date: /home/lfvmu/kobuki/install/include/eigen3/unsupported/Eigen/CXX11/src/Tensor/TensorTraits.h
[9.535s] -- Up-to-date: /home/lfvmu/kobuki/install/include/eigen3/unsupported/Eigen/CXX11/src/Tensor/TensorMorphing.h
[9.535s] -- Up-to-date: /home/lfvmu/kobuki/install/include/eigen3/unsupported/Eigen/CXX11/src/Tensor/TensorConvolution.h
[9.535s] -- Up-to-date: /home/lfvmu/kobuki/install/include/eigen3/unsupported/Eigen/CXX11/src/Tensor/TensorFixedSize.h
[9.536s] -- Up-to-date: /home/lfvmu/kobuki/install/include/eigen3/unsupported/Eigen/CXX11/src/Tensor/TensorMap.h
[9.536s] -- Up-to-date: /home/lfvmu/kobuki/install/include/eigen3/unsupported/Eigen/CXX11/src/util
[9.536s] -- Up-to-date: /home/lfvmu/kobuki/install/include/eigen3/unsupported/Eigen/CXX11/src/util/MaxSizeVector.h
[9.536s] -- Up-to-date: /home/lfvmu/kobuki/install/include/eigen3/unsupported/Eigen/CXX11/src/util/CXX11Meta.h
[9.537s] -- Up-to-date: /home/lfvmu/kobuki/install/include/eigen3/unsupported/Eigen/CXX11/src/util/EmulateArray.h
[9.537s] -- Up-to-date: /home/lfvmu/kobuki/install/include/eigen3/unsupported/Eigen/CXX11/src/util/EmulateCXX11Meta.h
[9.537s] -- Up-to-date: /home/lfvmu/kobuki/install/include/eigen3/unsupported/Eigen/CXX11/src/util/CXX11Workarounds.h
[9.537s] -- Up-to-date: /home/lfvmu/kobuki/install/include/eigen3/unsupported/Eigen/CXX11/src/TensorSymmetry
[9.537s] -- Up-to-date: /home/lfvmu/kobuki/install/include/eigen3/unsupported/Eigen/CXX11/src/TensorSymmetry/StaticSymmetry.h
[9.538s] -- Up-to-date: /home/lfvmu/kobuki/install/include/eigen3/unsupported/Eigen/CXX11/src/TensorSymmetry/Symmetry.h
[9.538s] -- Up-to-date: /home/lfvmu/kobuki/install/include/eigen3/unsupported/Eigen/CXX11/src/TensorSymmetry/DynamicSymmetry.h
[9.538s] -- Up-to-date: /home/lfvmu/kobuki/install/include/eigen3/unsupported/Eigen/CXX11/src/TensorSymmetry/util
[9.539s] -- Up-to-date: /home/lfvmu/kobuki/install/include/eigen3/unsupported/Eigen/CXX11/src/TensorSymmetry/util/TemplateGroupTheory.h
[9.710s] Invoked command in '/home/lfvmu/kobuki/build/eigen' returned '0': /usr/bin/cmake --install /home/lfvmu/kobuki/build/eigen
