[0.082s] Invoking command in '/home/lfvmu/kobuki/build/ament_cmake_export_targets': /usr/bin/cmake /home/lfvmu/kobuki/src/ament_cmake/ament_cmake_export_targets -DBUILD_TESTING=OFF --no-warn-unused-cli -DCMAKE_INSTALL_PREFIX=/home/lfvmu/kobuki/install
[0.097s] Not searching for unused variables given on the command line.
[0.101s] -- Found ament_cmake_core: 0.9.11 (/home/lfvmu/kobuki/install/share/ament_cmake_core/cmake)
[0.138s] -- Using PYTHON_EXECUTABLE: /usr/bin/python3
[0.578s] -- Configuring done
[0.583s] -- Generating done
[0.585s] -- Build files have been written to: /home/lfvmu/kobuki/build/ament_cmake_export_targets
[0.607s] Invoked command in '/home/lfvmu/kobuki/build/ament_cmake_export_targets' returned '0': /usr/bin/cmake /home/lfvmu/kobuki/src/ament_cmake/ament_cmake_export_targets -DBUILD_TESTING=OFF --no-warn-unused-cli -DCMAKE_INSTALL_PREFIX=/home/lfvmu/kobuki/install
[0.612s] Invoking command in '/home/lfvmu/kobuki/build/ament_cmake_export_targets': /usr/bin/cmake --build /home/lfvmu/kobuki/build/ament_cmake_export_targets -- -j4 -l4
[0.951s] Invoked command in '/home/lfvmu/kobuki/build/ament_cmake_export_targets' returned '0': /usr/bin/cmake --build /home/lfvmu/kobuki/build/ament_cmake_export_targets -- -j4 -l4
[1.394s] Invoking command in '/home/lfvmu/kobuki/build/ament_cmake_export_targets': /usr/bin/cmake --install /home/lfvmu/kobuki/build/ament_cmake_export_targets
[1.463s] -- Install configuration: "RelWithDebInfo"
[1.464s] -- Up-to-date: /home/lfvmu/kobuki/install/share/ament_index/resource_index/package_run_dependencies/ament_cmake_export_targets
[1.464s] -- Up-to-date: /home/lfvmu/kobuki/install/share/ament_index/resource_index/parent_prefix_path/ament_cmake_export_targets
[1.464s] -- Up-to-date: /home/lfvmu/kobuki/install/share/ament_cmake_export_targets/environment/ament_prefix_path.sh
[1.464s] -- Installing: /home/lfvmu/kobuki/install/share/ament_cmake_export_targets/environment/ament_prefix_path.dsv
[1.465s] -- Up-to-date: /home/lfvmu/kobuki/install/share/ament_cmake_export_targets/environment/path.sh
[1.465s] -- Installing: /home/lfvmu/kobuki/install/share/ament_cmake_export_targets/environment/path.dsv
[1.465s] -- Up-to-date: /home/lfvmu/kobuki/install/share/ament_cmake_export_targets/local_setup.bash
[1.465s] -- Up-to-date: /home/lfvmu/kobuki/install/share/ament_cmake_export_targets/local_setup.sh
[1.466s] -- Up-to-date: /home/lfvmu/kobuki/install/share/ament_cmake_export_targets/local_setup.zsh
[1.466s] -- Installing: /home/lfvmu/kobuki/install/share/ament_cmake_export_targets/local_setup.dsv
[1.466s] -- Installing: /home/lfvmu/kobuki/install/share/ament_cmake_export_targets/package.dsv
[1.467s] -- Up-to-date: /home/lfvmu/kobuki/install/share/ament_index/resource_index/packages/ament_cmake_export_targets
[1.467s] -- Up-to-date: /home/lfvmu/kobuki/install/share/ament_cmake_export_targets/cmake/ament_cmake_export_targets-extras.cmake
[1.467s] -- Up-to-date: /home/lfvmu/kobuki/install/share/ament_cmake_export_targets/cmake/ament_cmake_export_targetsConfig.cmake
[1.467s] -- Up-to-date: /home/lfvmu/kobuki/install/share/ament_cmake_export_targets/cmake/ament_cmake_export_targetsConfig-version.cmake
[1.468s] -- Up-to-date: /home/lfvmu/kobuki/install/share/ament_cmake_export_targets/package.xml
[1.468s] -- Up-to-date: /home/lfvmu/kobuki/install/share/ament_cmake_export_targets/cmake
[1.468s] -- Up-to-date: /home/lfvmu/kobuki/install/share/ament_cmake_export_targets/cmake/ament_export_targets.cmake
[1.468s] -- Up-to-date: /home/lfvmu/kobuki/install/share/ament_cmake_export_targets/cmake/ament_cmake_export_targets-extras.cmake.in
[1.469s] -- Up-to-date: /home/lfvmu/kobuki/install/share/ament_cmake_export_targets/cmake/ament_cmake_export_targets_package_hook.cmake
[1.486s] Invoked command in '/home/lfvmu/kobuki/build/ament_cmake_export_targets' returned '0': /usr/bin/cmake --install /home/lfvmu/kobuki/build/ament_cmake_export_targets
