[0.317s] Invoking command in '/home/lfvmu/kobuki/build/ecl_lite': /usr/bin/cmake /home/lfvmu/kobuki/src/ecl_lite/ecl_lite -DBUILD_TESTING=OFF --no-warn-unused-cli -DCMAKE_INSTALL_PREFIX=/home/lfvmu/kobuki/install
[0.337s] Not searching for unused variables given on the command line.
[0.376s] -- Found ament_cmake_ros: 0.9.2 (/home/lfvmu/kobuki/install/share/ament_cmake_ros/cmake)
[0.421s] -- Using PYTHON_EXECUTABLE: /usr/bin/python3
[1.047s] -- Configuring done
[1.047s] -- Generating done
[1.048s] -- Build files have been written to: /home/lfvmu/kobuki/build/ecl_lite
[1.289s] Invoked command in '/home/lfvmu/kobuki/build/ecl_lite' returned '0': /usr/bin/cmake /home/lfvmu/kobuki/src/ecl_lite/ecl_lite -DBUILD_TESTING=OFF --no-warn-unused-cli -DCMAKE_INSTALL_PREFIX=/home/lfvmu/kobuki/install
[1.299s] Invoking command in '/home/lfvmu/kobuki/build/ecl_lite': /usr/bin/cmake --build /home/lfvmu/kobuki/build/ecl_lite -- -j4 -l4
[1.594s] Invoked command in '/home/lfvmu/kobuki/build/ecl_lite' returned '0': /usr/bin/cmake --build /home/lfvmu/kobuki/build/ecl_lite -- -j4 -l4
[1.663s] Invoking command in '/home/lfvmu/kobuki/build/ecl_lite': /usr/bin/cmake --install /home/lfvmu/kobuki/build/ecl_lite
[1.730s] -- Install configuration: "RelWithDebInfo"
[1.755s] -- Up-to-date: /home/lfvmu/kobuki/install/share/ament_index/resource_index/package_run_dependencies/ecl_lite
[1.756s] -- Up-to-date: /home/lfvmu/kobuki/install/share/ament_index/resource_index/parent_prefix_path/ecl_lite
[1.759s] -- Up-to-date: /home/lfvmu/kobuki/install/share/ecl_lite/environment/ament_prefix_path.sh
[1.760s] -- Installing: /home/lfvmu/kobuki/install/share/ecl_lite/environment/ament_prefix_path.dsv
[1.760s] -- Up-to-date: /home/lfvmu/kobuki/install/share/ecl_lite/environment/path.sh
[1.760s] -- Installing: /home/lfvmu/kobuki/install/share/ecl_lite/environment/path.dsv
[1.760s] -- Up-to-date: /home/lfvmu/kobuki/install/share/ecl_lite/local_setup.bash
[1.761s] -- Up-to-date: /home/lfvmu/kobuki/install/share/ecl_lite/local_setup.sh
[1.761s] -- Up-to-date: /home/lfvmu/kobuki/install/share/ecl_lite/local_setup.zsh
[1.761s] -- Installing: /home/lfvmu/kobuki/install/share/ecl_lite/local_setup.dsv
[1.761s] -- Installing: /home/lfvmu/kobuki/install/share/ecl_lite/package.dsv
[1.761s] -- Up-to-date: /home/lfvmu/kobuki/install/share/ament_index/resource_index/packages/ecl_lite
[1.762s] -- Up-to-date: /home/lfvmu/kobuki/install/share/ecl_lite/cmake/ecl_liteConfig.cmake
[1.762s] -- Up-to-date: /home/lfvmu/kobuki/install/share/ecl_lite/cmake/ecl_liteConfig-version.cmake
[1.762s] -- Up-to-date: /home/lfvmu/kobuki/install/share/ecl_lite/package.xml
[2.047s] Invoked command in '/home/lfvmu/kobuki/build/ecl_lite' returned '0': /usr/bin/cmake --install /home/lfvmu/kobuki/build/ecl_lite
