[0.333s] Invoking command in '/home/lfvmu/kobuki/build/ecl_streams': /usr/bin/cmake /home/lfvmu/kobuki/src/ecl_core/ecl_streams -DBUILD_TESTING=OFF -DCMAKE_INSTALL_PREFIX=/home/lfvmu/kobuki/install
[0.368s] Re-run cmake no build system arguments
[0.389s] -- Found ament_cmake_ros: 0.9.2 (/home/lfvmu/kobuki/install/share/ament_cmake_ros/cmake)
[0.435s] -- Using PYTHON_EXECUTABLE: /usr/bin/python3
[0.807s] -- Found ecl_build: 1.0.3 (/home/lfvmu/kobuki/install/share/ecl_build/cmake)
[0.837s] -- Found ecl_concepts: 1.2.1 (/home/lfvmu/kobuki/install/share/ecl_concepts/cmake)
[0.872s] -- Found ecl_converters: 1.2.1 (/home/lfvmu/kobuki/install/share/ecl_converters/cmake)
[0.903s] -- Found ecl_devices: 1.2.1 (/home/lfvmu/kobuki/install/share/ecl_devices/cmake)
[1.233s] -- Configuring done
[1.286s] -- Generating done
[1.288s] -- Build files have been written to: /home/lfvmu/kobuki/build/ecl_streams
[1.341s] Invoked command in '/home/lfvmu/kobuki/build/ecl_streams' returned '0': /usr/bin/cmake /home/lfvmu/kobuki/src/ecl_core/ecl_streams -DBUILD_TESTING=OFF -DCMAKE_INSTALL_PREFIX=/home/lfvmu/kobuki/install
[1.350s] Invoking command in '/home/lfvmu/kobuki/build/ecl_streams': /usr/bin/cmake --build /home/lfvmu/kobuki/build/ecl_streams -- -j4 -l4
[1.440s] /usr/bin/cmake -S/home/lfvmu/kobuki/src/ecl_core/ecl_streams -B/home/lfvmu/kobuki/build/ecl_streams --check-build-system CMakeFiles/Makefile.cmake 0
[1.458s] /usr/bin/cmake -E cmake_progress_start /home/lfvmu/kobuki/build/ecl_streams/CMakeFiles /home/lfvmu/kobuki/build/ecl_streams/CMakeFiles/progress.marks
[1.490s] /usr/bin/make -f CMakeFiles/Makefile2 all
[1.493s] make[1]: Entering directory '/home/lfvmu/kobuki/build/ecl_streams'
[1.493s] /usr/bin/make -f src/lib/CMakeFiles/ecl_streams.dir/build.make src/lib/CMakeFiles/ecl_streams.dir/depend
[1.494s] make[2]: Entering directory '/home/lfvmu/kobuki/build/ecl_streams'
[1.494s] cd /home/lfvmu/kobuki/build/ecl_streams && /usr/bin/cmake -E cmake_depends "Unix Makefiles" /home/lfvmu/kobuki/src/ecl_core/ecl_streams /home/lfvmu/kobuki/src/ecl_core/ecl_streams/src/lib /home/lfvmu/kobuki/build/ecl_streams /home/lfvmu/kobuki/build/ecl_streams/src/lib /home/lfvmu/kobuki/build/ecl_streams/src/lib/CMakeFiles/ecl_streams.dir/DependInfo.cmake --color=
[1.515s] make[2]: Leaving directory '/home/lfvmu/kobuki/build/ecl_streams'
[1.516s] /usr/bin/make -f src/lib/CMakeFiles/ecl_streams.dir/build.make src/lib/CMakeFiles/ecl_streams.dir/build
[1.542s] make[2]: Entering directory '/home/lfvmu/kobuki/build/ecl_streams'
[1.554s] make[2]: Nothing to be done for 'src/lib/CMakeFiles/ecl_streams.dir/build'.
[1.556s] make[2]: Leaving directory '/home/lfvmu/kobuki/build/ecl_streams'
[1.557s] [ 42%] Built target ecl_streams
[1.558s] /usr/bin/make -f src/examples/CMakeFiles/ecl_time_example_log_streams.dir/build.make src/examples/CMakeFiles/ecl_time_example_log_streams.dir/depend
[1.558s] /usr/bin/make -f src/examples/CMakeFiles/ecl_time_example_console_streams.dir/build.make src/examples/CMakeFiles/ecl_time_example_console_streams.dir/depend
[1.558s] make[2]: Entering directory '/home/lfvmu/kobuki/build/ecl_streams'
[1.560s] cd /home/lfvmu/kobuki/build/ecl_streams && /usr/bin/cmake -E cmake_depends "Unix Makefiles" /home/lfvmu/kobuki/src/ecl_core/ecl_streams /home/lfvmu/kobuki/src/ecl_core/ecl_streams/src/examples /home/lfvmu/kobuki/build/ecl_streams /home/lfvmu/kobuki/build/ecl_streams/src/examples /home/lfvmu/kobuki/build/ecl_streams/src/examples/CMakeFiles/ecl_time_example_console_streams.dir/DependInfo.cmake --color=
[1.560s] make[2]: Entering directory '/home/lfvmu/kobuki/build/ecl_streams'
[1.561s] cd /home/lfvmu/kobuki/build/ecl_streams && /usr/bin/cmake -E cmake_depends "Unix Makefiles" /home/lfvmu/kobuki/src/ecl_core/ecl_streams /home/lfvmu/kobuki/src/ecl_core/ecl_streams/src/examples /home/lfvmu/kobuki/build/ecl_streams /home/lfvmu/kobuki/build/ecl_streams/src/examples /home/lfvmu/kobuki/build/ecl_streams/src/examples/CMakeFiles/ecl_time_example_log_streams.dir/DependInfo.cmake --color=
[1.580s] make[2]: Leaving directory '/home/lfvmu/kobuki/build/ecl_streams'
[1.581s] /usr/bin/make -f src/examples/CMakeFiles/ecl_time_example_console_streams.dir/build.make src/examples/CMakeFiles/ecl_time_example_console_streams.dir/build
[1.581s] make[2]: Leaving directory '/home/lfvmu/kobuki/build/ecl_streams'
[1.582s] /usr/bin/make -f src/examples/CMakeFiles/ecl_time_example_log_streams.dir/build.make src/examples/CMakeFiles/ecl_time_example_log_streams.dir/build
[1.591s] make[2]: Entering directory '/home/lfvmu/kobuki/build/ecl_streams'
[1.597s] make[2]: Nothing to be done for 'src/examples/CMakeFiles/ecl_time_example_console_streams.dir/build'.
[1.603s] make[2]: Leaving directory '/home/lfvmu/kobuki/build/ecl_streams'
[1.604s] make[2]: Entering directory '/home/lfvmu/kobuki/build/ecl_streams'
[1.605s] make[2]: Nothing to be done for 'src/examples/CMakeFiles/ecl_time_example_log_streams.dir/build'.
[1.607s] make[2]: Leaving directory '/home/lfvmu/kobuki/build/ecl_streams'
[1.607s] [ 71%] Built target ecl_time_example_log_streams
[1.610s] [100%] Built target ecl_time_example_console_streams
[1.617s] make[1]: Leaving directory '/home/lfvmu/kobuki/build/ecl_streams'
[1.618s] /usr/bin/cmake -E cmake_progress_start /home/lfvmu/kobuki/build/ecl_streams/CMakeFiles 0
[1.657s] Invoked command in '/home/lfvmu/kobuki/build/ecl_streams' returned '0': /usr/bin/cmake --build /home/lfvmu/kobuki/build/ecl_streams -- -j4 -l4
[1.747s] Invoking command in '/home/lfvmu/kobuki/build/ecl_streams': /usr/bin/cmake --install /home/lfvmu/kobuki/build/ecl_streams
[1.772s] -- Install configuration: "RelWithDebInfo"
[1.773s] -- Up-to-date: /home/lfvmu/kobuki/install/share/ecl_streams/environment/library_path.sh
[1.773s] -- Installing: /home/lfvmu/kobuki/install/share/ecl_streams/environment/library_path.dsv
[1.774s] -- Up-to-date: /home/lfvmu/kobuki/install/share/ament_index/resource_index/package_run_dependencies/ecl_streams
[1.774s] -- Up-to-date: /home/lfvmu/kobuki/install/share/ament_index/resource_index/parent_prefix_path/ecl_streams
[1.775s] -- Up-to-date: /home/lfvmu/kobuki/install/share/ecl_streams/environment/ament_prefix_path.sh
[1.775s] -- Installing: /home/lfvmu/kobuki/install/share/ecl_streams/environment/ament_prefix_path.dsv
[1.775s] -- Up-to-date: /home/lfvmu/kobuki/install/share/ecl_streams/environment/path.sh
[1.776s] -- Installing: /home/lfvmu/kobuki/install/share/ecl_streams/environment/path.dsv
[1.776s] -- Up-to-date: /home/lfvmu/kobuki/install/share/ecl_streams/local_setup.bash
[1.777s] -- Up-to-date: /home/lfvmu/kobuki/install/share/ecl_streams/local_setup.sh
[1.777s] -- Up-to-date: /home/lfvmu/kobuki/install/share/ecl_streams/local_setup.zsh
[1.777s] -- Installing: /home/lfvmu/kobuki/install/share/ecl_streams/local_setup.dsv
[1.778s] -- Installing: /home/lfvmu/kobuki/install/share/ecl_streams/package.dsv
[1.778s] -- Up-to-date: /home/lfvmu/kobuki/install/share/ament_index/resource_index/packages/ecl_streams
[1.779s] -- Up-to-date: /home/lfvmu/kobuki/install/share/ecl_streams/cmake/ecl_streamsExport.cmake
[1.779s] -- Installing: /home/lfvmu/kobuki/install/share/ecl_streams/cmake/ecl_streamsExport-relwithdebinfo.cmake
[1.780s] -- Up-to-date: /home/lfvmu/kobuki/install/share/ecl_streams/cmake/ament_cmake_export_targets-extras.cmake
[1.780s] -- Up-to-date: /home/lfvmu/kobuki/install/share/ecl_streams/cmake/ament_cmake_export_include_directories-extras.cmake
[1.781s] -- Up-to-date: /home/lfvmu/kobuki/install/share/ecl_streams/cmake/ament_cmake_export_libraries-extras.cmake
[1.781s] -- Up-to-date: /home/lfvmu/kobuki/install/share/ecl_streams/cmake/ament_cmake_export_dependencies-extras.cmake
[1.781s] -- Up-to-date: /home/lfvmu/kobuki/install/share/ecl_streams/cmake/ecl_streamsConfig.cmake
[1.782s] -- Up-to-date: /home/lfvmu/kobuki/install/share/ecl_streams/cmake/ecl_streamsConfig-version.cmake
[1.782s] -- Up-to-date: /home/lfvmu/kobuki/install/share/ecl_streams/package.xml
[1.783s] -- Up-to-date: /home/lfvmu/kobuki/install/include/ecl/streams.hpp
[1.783s] -- Up-to-date: /home/lfvmu/kobuki/install/include/ecl/streams/console_streams.hpp
[1.784s] -- Up-to-date: /home/lfvmu/kobuki/install/include/ecl/streams/file_streams.hpp
[1.785s] -- Up-to-date: /home/lfvmu/kobuki/install/include/ecl/streams/log_stream.hpp
[1.785s] -- Up-to-date: /home/lfvmu/kobuki/install/include/ecl/streams/macros.hpp
[1.785s] -- Up-to-date: /home/lfvmu/kobuki/install/include/ecl/streams/manipulators.hpp
[1.790s] -- Up-to-date: /home/lfvmu/kobuki/install/include/ecl/streams/serial_stream.hpp
[1.790s] -- Up-to-date: /home/lfvmu/kobuki/install/include/ecl/streams/shared_file_stream.hpp
[1.790s] -- Up-to-date: /home/lfvmu/kobuki/install/include/ecl/streams/socket_streams.hpp
[1.791s] -- Up-to-date: /home/lfvmu/kobuki/install/include/ecl/streams/string_stream.hpp
[1.791s] -- Up-to-date: /home/lfvmu/kobuki/install/include/ecl/streams/text_stream.hpp
[1.791s] -- Up-to-date: /home/lfvmu/kobuki/install/include/ecl/streams/manipulators/clear_screen.hpp
[1.791s] -- Up-to-date: /home/lfvmu/kobuki/install/include/ecl/streams/manipulators/end_of_line.hpp
[1.792s] -- Up-to-date: /home/lfvmu/kobuki/install/include/ecl/streams/manipulators/manipulator.hpp
[1.792s] -- Up-to-date: /home/lfvmu/kobuki/install/include/ecl/streams/text_streams/base_text_stream.hpp
[1.792s] -- Up-to-date: /home/lfvmu/kobuki/install/include/ecl/streams/text_streams/input_text_stream.hpp
[1.792s] -- Up-to-date: /home/lfvmu/kobuki/install/include/ecl/streams/text_streams/output_text_stream.hpp
[1.793s] -- Up-to-date: /home/lfvmu/kobuki/install/lib/libecl_streams.so.1.2.1
[1.793s] -- Up-to-date: /home/lfvmu/kobuki/install/lib/libecl_streams.so
[1.797s] -- Up-to-date: /home/lfvmu/kobuki/install/lib/ecl_streams/demo_console_streams
[1.798s] -- Up-to-date: /home/lfvmu/kobuki/install/lib/ecl_streams/demo_log_streams
[1.809s] Invoked command in '/home/lfvmu/kobuki/build/ecl_streams' returned '0': /usr/bin/cmake --install /home/lfvmu/kobuki/build/ecl_streams
