[0.270s] Invoking command in '/home/lfvmu/kobuki/build/ecl_io': AMENT_PREFIX_PATH=/home/lfvmu/kobuki/install CMAKE_PREFIX_PATH=/home/lfvmu/kobuki/install LD_LIBRARY_PATH=/home/lfvmu/kobuki/install/lib PATH=/home/lfvmu/kobuki/install/bin:${PATH} PYTHONPATH=/home/lfvmu/kobuki/install/lib/python3.8/site-packages /usr/bin/cmake /home/lfvmu/kobuki/src/ecl_lite/ecl_io -DBUILD_TESTING=OFF --no-warn-unused-cli -DCMAKE_INSTALL_PREFIX=/home/lfvmu/kobuki/install
[0.296s] Not searching for unused variables given on the command line.
[0.328s] -- Found ament_cmake_ros: 0.9.2 (/home/lfvmu/kobuki/install/share/ament_cmake_ros/cmake)
[0.371s] -- Using PYTHON_EXECUTABLE: /usr/bin/python3
[0.747s] -- Found ecl_build: 1.0.3 (/home/lfvmu/kobuki/install/share/ecl_build/cmake)
[0.773s] -- Found ecl_config: 1.1.0 (/home/lfvmu/kobuki/install/share/ecl_config/cmake)
[0.784s] -- Found ecl_errors: 1.1.0 (/home/lfvmu/kobuki/install/share/ecl_errors/cmake)
[0.970s] -- Configuring done
[1.021s] -- Generating done
[1.028s] -- Build files have been written to: /home/lfvmu/kobuki/build/ecl_io
[1.056s] Invoked command in '/home/lfvmu/kobuki/build/ecl_io' returned '0': AMENT_PREFIX_PATH=/home/lfvmu/kobuki/install CMAKE_PREFIX_PATH=/home/lfvmu/kobuki/install LD_LIBRARY_PATH=/home/lfvmu/kobuki/install/lib PATH=/home/lfvmu/kobuki/install/bin:${PATH} PYTHONPATH=/home/lfvmu/kobuki/install/lib/python3.8/site-packages /usr/bin/cmake /home/lfvmu/kobuki/src/ecl_lite/ecl_io -DBUILD_TESTING=OFF --no-warn-unused-cli -DCMAKE_INSTALL_PREFIX=/home/lfvmu/kobuki/install
[1.070s] Invoking command in '/home/lfvmu/kobuki/build/ecl_io': AMENT_PREFIX_PATH=/home/lfvmu/kobuki/install CMAKE_PREFIX_PATH=/home/lfvmu/kobuki/install LD_LIBRARY_PATH=/home/lfvmu/kobuki/install/lib PATH=/home/lfvmu/kobuki/install/bin:${PATH} PYTHONPATH=/home/lfvmu/kobuki/install/lib/python3.8/site-packages /usr/bin/cmake --build /home/lfvmu/kobuki/build/ecl_io -- -j4 -l4
[1.253s] [ 40%] Built target ecl_io
[1.318s] [ 60%] Built target ecl_io_example_socketpair
[1.320s] [ 80%] Built target ecl_io_example_sockets
[1.321s] [100%] Built target ecl_io_example_poll
[1.561s] Invoked command in '/home/lfvmu/kobuki/build/ecl_io' returned '0': AMENT_PREFIX_PATH=/home/lfvmu/kobuki/install CMAKE_PREFIX_PATH=/home/lfvmu/kobuki/install LD_LIBRARY_PATH=/home/lfvmu/kobuki/install/lib PATH=/home/lfvmu/kobuki/install/bin:${PATH} PYTHONPATH=/home/lfvmu/kobuki/install/lib/python3.8/site-packages /usr/bin/cmake --build /home/lfvmu/kobuki/build/ecl_io -- -j4 -l4
[1.648s] Invoking command in '/home/lfvmu/kobuki/build/ecl_io': AMENT_PREFIX_PATH=/home/lfvmu/kobuki/install CMAKE_PREFIX_PATH=/home/lfvmu/kobuki/install LD_LIBRARY_PATH=/home/lfvmu/kobuki/install/lib PATH=/home/lfvmu/kobuki/install/bin:${PATH} PYTHONPATH=/home/lfvmu/kobuki/install/lib/python3.8/site-packages /usr/bin/cmake --install /home/lfvmu/kobuki/build/ecl_io
[1.667s] -- Install configuration: ""
[1.667s] -- Up-to-date: /home/lfvmu/kobuki/install/share/ecl_io/environment/library_path.sh
[1.668s] -- Installing: /home/lfvmu/kobuki/install/share/ecl_io/environment/library_path.dsv
[1.668s] -- Up-to-date: /home/lfvmu/kobuki/install/share/ament_index/resource_index/package_run_dependencies/ecl_io
[1.668s] -- Up-to-date: /home/lfvmu/kobuki/install/share/ament_index/resource_index/parent_prefix_path/ecl_io
[1.668s] -- Up-to-date: /home/lfvmu/kobuki/install/share/ecl_io/environment/ament_prefix_path.sh
[1.669s] -- Installing: /home/lfvmu/kobuki/install/share/ecl_io/environment/ament_prefix_path.dsv
[1.670s] -- Up-to-date: /home/lfvmu/kobuki/install/share/ecl_io/environment/path.sh
[1.670s] -- Installing: /home/lfvmu/kobuki/install/share/ecl_io/environment/path.dsv
[1.670s] -- Up-to-date: /home/lfvmu/kobuki/install/share/ecl_io/local_setup.bash
[1.670s] -- Up-to-date: /home/lfvmu/kobuki/install/share/ecl_io/local_setup.sh
[1.670s] -- Up-to-date: /home/lfvmu/kobuki/install/share/ecl_io/local_setup.zsh
[1.671s] -- Installing: /home/lfvmu/kobuki/install/share/ecl_io/local_setup.dsv
[1.671s] -- Installing: /home/lfvmu/kobuki/install/share/ecl_io/package.dsv
[1.671s] -- Up-to-date: /home/lfvmu/kobuki/install/share/ament_index/resource_index/packages/ecl_io
[1.672s] -- Up-to-date: /home/lfvmu/kobuki/install/share/ecl_io/cmake/ecl_ioExport.cmake
[1.672s] -- Installing: /home/lfvmu/kobuki/install/share/ecl_io/cmake/ecl_ioExport-noconfig.cmake
[1.672s] -- Up-to-date: /home/lfvmu/kobuki/install/share/ecl_io/cmake/ament_cmake_export_targets-extras.cmake
[1.672s] -- Up-to-date: /home/lfvmu/kobuki/install/share/ecl_io/cmake/ament_cmake_export_include_directories-extras.cmake
[1.673s] -- Up-to-date: /home/lfvmu/kobuki/install/share/ecl_io/cmake/ament_cmake_export_libraries-extras.cmake
[1.673s] -- Up-to-date: /home/lfvmu/kobuki/install/share/ecl_io/cmake/ament_cmake_export_dependencies-extras.cmake
[1.673s] -- Up-to-date: /home/lfvmu/kobuki/install/share/ecl_io/cmake/ecl_ioConfig.cmake
[1.674s] -- Up-to-date: /home/lfvmu/kobuki/install/share/ecl_io/cmake/ecl_ioConfig-version.cmake
[1.674s] -- Up-to-date: /home/lfvmu/kobuki/install/share/ecl_io/package.xml
[1.674s] -- Up-to-date: /home/lfvmu/kobuki/install/include/ecl/io.hpp
[1.675s] -- Up-to-date: /home/lfvmu/kobuki/install/include/ecl/sockets/macros.hpp
[1.675s] -- Up-to-date: /home/lfvmu/kobuki/install/include/ecl/sockets/poll.hpp
[1.675s] -- Up-to-date: /home/lfvmu/kobuki/install/include/ecl/sockets/socketpair.hpp
[1.675s] -- Up-to-date: /home/lfvmu/kobuki/install/include/ecl/sockets/sockets.hpp
[1.675s] -- Up-to-date: /home/lfvmu/kobuki/install/lib/libecl_io.so.1.1.0
[1.676s] -- Up-to-date: /home/lfvmu/kobuki/install/lib/libecl_io.so
[1.696s] -- Up-to-date: /home/lfvmu/kobuki/install/lib/ecl_io/demo_sockets
[1.697s] -- Up-to-date: /home/lfvmu/kobuki/install/lib/ecl_io/demo_socketpair
[1.697s] -- Up-to-date: /home/lfvmu/kobuki/install/lib/ecl_io/demo_poll
[1.709s] Invoked command in '/home/lfvmu/kobuki/build/ecl_io' returned '0': AMENT_PREFIX_PATH=/home/lfvmu/kobuki/install CMAKE_PREFIX_PATH=/home/lfvmu/kobuki/install LD_LIBRARY_PATH=/home/lfvmu/kobuki/install/lib PATH=/home/lfvmu/kobuki/install/bin:${PATH} PYTHONPATH=/home/lfvmu/kobuki/install/lib/python3.8/site-packages /usr/bin/cmake --install /home/lfvmu/kobuki/build/ecl_io
