[0.264s] Invoking command in '/home/lfvmu/kobuki/build/ament_cmake_pep257': /usr/bin/cmake /home/lfvmu/kobuki/src/ament_lint/ament_cmake_pep257 -DBUILD_TESTING=OFF -DCMAKE_INSTALL_PREFIX=/home/lfvmu/kobuki/install
[0.279s] Re-run cmake no build system arguments
[0.283s] -- Found ament_cmake_core: 0.9.11 (/home/lfvmu/kobuki/install/share/ament_cmake_core/cmake)
[0.334s] -- Using PYTHON_EXECUTABLE: /usr/bin/python3
[0.695s] -- Found ament_cmake_test: 0.9.11 (/home/lfvmu/kobuki/install/share/ament_cmake_test/cmake)
[0.872s] -- Configuring done
[0.878s] -- Generating done
[0.880s] -- Build files have been written to: /home/lfvmu/kobuki/build/ament_cmake_pep257
[0.895s] Invoked command in '/home/lfvmu/kobuki/build/ament_cmake_pep257' returned '0': /usr/bin/cmake /home/lfvmu/kobuki/src/ament_lint/ament_cmake_pep257 -DBUILD_TESTING=OFF -DCMAKE_INSTALL_PREFIX=/home/lfvmu/kobuki/install
[0.910s] Invoking command in '/home/lfvmu/kobuki/build/ament_cmake_pep257': /usr/bin/cmake --build /home/lfvmu/kobuki/build/ament_cmake_pep257 -- -j4 -l4
[0.972s] /usr/bin/cmake -S/home/lfvmu/kobuki/src/ament_lint/ament_cmake_pep257 -B/home/lfvmu/kobuki/build/ament_cmake_pep257 --check-build-system CMakeFiles/Makefile.cmake 0
[1.006s] /usr/bin/cmake -E cmake_progress_start /home/lfvmu/kobuki/build/ament_cmake_pep257/CMakeFiles /home/lfvmu/kobuki/build/ament_cmake_pep257/CMakeFiles/progress.marks
[1.028s] /usr/bin/make -f CMakeFiles/Makefile2 all
[1.029s] make[1]: Entering directory '/home/lfvmu/kobuki/build/ament_cmake_pep257'
[1.029s] make[1]: Nothing to be done for 'all'.
[1.036s] make[1]: Leaving directory '/home/lfvmu/kobuki/build/ament_cmake_pep257'
[1.037s] /usr/bin/cmake -E cmake_progress_start /home/lfvmu/kobuki/build/ament_cmake_pep257/CMakeFiles 0
[1.130s] Invoked command in '/home/lfvmu/kobuki/build/ament_cmake_pep257' returned '0': /usr/bin/cmake --build /home/lfvmu/kobuki/build/ament_cmake_pep257 -- -j4 -l4
[1.477s] Invoking command in '/home/lfvmu/kobuki/build/ament_cmake_pep257': /usr/bin/cmake --install /home/lfvmu/kobuki/build/ament_cmake_pep257
[1.556s] -- Install configuration: "RelWithDebInfo"
[1.556s] -- Up-to-date: /home/lfvmu/kobuki/install/share/ament_index/resource_index/package_run_dependencies/ament_cmake_pep257
[1.556s] -- Up-to-date: /home/lfvmu/kobuki/install/share/ament_index/resource_index/parent_prefix_path/ament_cmake_pep257
[1.557s] -- Up-to-date: /home/lfvmu/kobuki/install/share/ament_cmake_pep257/environment/ament_prefix_path.sh
[1.558s] -- Installing: /home/lfvmu/kobuki/install/share/ament_cmake_pep257/environment/ament_prefix_path.dsv
[1.558s] -- Up-to-date: /home/lfvmu/kobuki/install/share/ament_cmake_pep257/environment/path.sh
[1.559s] -- Installing: /home/lfvmu/kobuki/install/share/ament_cmake_pep257/environment/path.dsv
[1.567s] -- Up-to-date: /home/lfvmu/kobuki/install/share/ament_cmake_pep257/local_setup.bash
[1.567s] -- Up-to-date: /home/lfvmu/kobuki/install/share/ament_cmake_pep257/local_setup.sh
[1.567s] -- Up-to-date: /home/lfvmu/kobuki/install/share/ament_cmake_pep257/local_setup.zsh
[1.567s] -- Installing: /home/lfvmu/kobuki/install/share/ament_cmake_pep257/local_setup.dsv
[1.568s] -- Installing: /home/lfvmu/kobuki/install/share/ament_cmake_pep257/package.dsv
[1.568s] -- Up-to-date: /home/lfvmu/kobuki/install/share/ament_index/resource_index/packages/ament_cmake_pep257
[1.568s] -- Up-to-date: /home/lfvmu/kobuki/install/share/ament_cmake_pep257/cmake/ament_cmake_pep257-extras.cmake
[1.568s] -- Up-to-date: /home/lfvmu/kobuki/install/share/ament_cmake_pep257/cmake/ament_cmake_pep257Config.cmake
[1.568s] -- Up-to-date: /home/lfvmu/kobuki/install/share/ament_cmake_pep257/cmake/ament_cmake_pep257Config-version.cmake
[1.569s] -- Up-to-date: /home/lfvmu/kobuki/install/share/ament_cmake_pep257/package.xml
[1.569s] -- Up-to-date: /home/lfvmu/kobuki/install/share/ament_cmake_pep257/cmake
[1.569s] -- Up-to-date: /home/lfvmu/kobuki/install/share/ament_cmake_pep257/cmake/ament_cmake_pep257_lint_hook.cmake
[1.569s] -- Up-to-date: /home/lfvmu/kobuki/install/share/ament_cmake_pep257/cmake/ament_pep257.cmake
[1.780s] Invoked command in '/home/lfvmu/kobuki/build/ament_cmake_pep257' returned '0': /usr/bin/cmake --install /home/lfvmu/kobuki/build/ament_cmake_pep257
