[0.253s] Invoking command in '/home/lfvmu/kobuki/build/ament_cmake_copyright': AMENT_PREFIX_PATH=/home/lfvmu/kobuki/install CMAKE_PREFIX_PATH=/home/lfvmu/kobuki/install LD_LIBRARY_PATH=/home/lfvmu/kobuki/install/lib PATH=/home/lfvmu/kobuki/install/bin:${PATH} PYTHONPATH=/home/lfvmu/kobuki/install/lib/python3.8/site-packages /usr/bin/cmake /home/lfvmu/kobuki/src/ament_lint/ament_cmake_copyright -DBUILD_TESTING=OFF --no-warn-unused-cli -DCMAKE_INSTALL_PREFIX=/home/lfvmu/kobuki/install
[0.289s] Not searching for unused variables given on the command line.
[0.296s] -- Found ament_cmake_core: 0.9.11 (/home/lfvmu/kobuki/install/share/ament_cmake_core/cmake)
[0.332s] -- Using PYTHON_EXECUTABLE: /usr/bin/python3
[0.666s] -- Found ament_cmake_test: 0.9.11 (/home/lfvmu/kobuki/install/share/ament_cmake_test/cmake)
[0.819s] -- Configuring done
[0.829s] -- Generating done
[0.832s] -- Build files have been written to: /home/lfvmu/kobuki/build/ament_cmake_copyright
[0.837s] Invoked command in '/home/lfvmu/kobuki/build/ament_cmake_copyright' returned '0': AMENT_PREFIX_PATH=/home/lfvmu/kobuki/install CMAKE_PREFIX_PATH=/home/lfvmu/kobuki/install LD_LIBRARY_PATH=/home/lfvmu/kobuki/install/lib PATH=/home/lfvmu/kobuki/install/bin:${PATH} PYTHONPATH=/home/lfvmu/kobuki/install/lib/python3.8/site-packages /usr/bin/cmake /home/lfvmu/kobuki/src/ament_lint/ament_cmake_copyright -DBUILD_TESTING=OFF --no-warn-unused-cli -DCMAKE_INSTALL_PREFIX=/home/lfvmu/kobuki/install
[0.844s] Invoking command in '/home/lfvmu/kobuki/build/ament_cmake_copyright': AMENT_PREFIX_PATH=/home/lfvmu/kobuki/install CMAKE_PREFIX_PATH=/home/lfvmu/kobuki/install LD_LIBRARY_PATH=/home/lfvmu/kobuki/install/lib PATH=/home/lfvmu/kobuki/install/bin:${PATH} PYTHONPATH=/home/lfvmu/kobuki/install/lib/python3.8/site-packages /usr/bin/cmake --build /home/lfvmu/kobuki/build/ament_cmake_copyright -- -j4 -l4
[1.085s] Invoked command in '/home/lfvmu/kobuki/build/ament_cmake_copyright' returned '0': AMENT_PREFIX_PATH=/home/lfvmu/kobuki/install CMAKE_PREFIX_PATH=/home/lfvmu/kobuki/install LD_LIBRARY_PATH=/home/lfvmu/kobuki/install/lib PATH=/home/lfvmu/kobuki/install/bin:${PATH} PYTHONPATH=/home/lfvmu/kobuki/install/lib/python3.8/site-packages /usr/bin/cmake --build /home/lfvmu/kobuki/build/ament_cmake_copyright -- -j4 -l4
[1.600s] Invoking command in '/home/lfvmu/kobuki/build/ament_cmake_copyright': AMENT_PREFIX_PATH=/home/lfvmu/kobuki/install CMAKE_PREFIX_PATH=/home/lfvmu/kobuki/install LD_LIBRARY_PATH=/home/lfvmu/kobuki/install/lib PATH=/home/lfvmu/kobuki/install/bin:${PATH} PYTHONPATH=/home/lfvmu/kobuki/install/lib/python3.8/site-packages /usr/bin/cmake --install /home/lfvmu/kobuki/build/ament_cmake_copyright
[1.630s] -- Install configuration: ""
[1.631s] -- Up-to-date: /home/lfvmu/kobuki/install/share/ament_index/resource_index/package_run_dependencies/ament_cmake_copyright
[1.632s] -- Up-to-date: /home/lfvmu/kobuki/install/share/ament_index/resource_index/parent_prefix_path/ament_cmake_copyright
[1.632s] -- Up-to-date: /home/lfvmu/kobuki/install/share/ament_cmake_copyright/environment/ament_prefix_path.sh
[1.632s] -- Installing: /home/lfvmu/kobuki/install/share/ament_cmake_copyright/environment/ament_prefix_path.dsv
[1.633s] -- Up-to-date: /home/lfvmu/kobuki/install/share/ament_cmake_copyright/environment/path.sh
[1.633s] -- Installing: /home/lfvmu/kobuki/install/share/ament_cmake_copyright/environment/path.dsv
[1.634s] -- Up-to-date: /home/lfvmu/kobuki/install/share/ament_cmake_copyright/local_setup.bash
[1.634s] -- Up-to-date: /home/lfvmu/kobuki/install/share/ament_cmake_copyright/local_setup.sh
[1.635s] -- Up-to-date: /home/lfvmu/kobuki/install/share/ament_cmake_copyright/local_setup.zsh
[1.635s] -- Installing: /home/lfvmu/kobuki/install/share/ament_cmake_copyright/local_setup.dsv
[1.636s] -- Installing: /home/lfvmu/kobuki/install/share/ament_cmake_copyright/package.dsv
[1.637s] -- Up-to-date: /home/lfvmu/kobuki/install/share/ament_index/resource_index/packages/ament_cmake_copyright
[1.637s] -- Up-to-date: /home/lfvmu/kobuki/install/share/ament_cmake_copyright/cmake/ament_cmake_copyright-extras.cmake
[1.637s] -- Up-to-date: /home/lfvmu/kobuki/install/share/ament_cmake_copyright/cmake/ament_cmake_copyrightConfig.cmake
[1.638s] -- Up-to-date: /home/lfvmu/kobuki/install/share/ament_cmake_copyright/cmake/ament_cmake_copyrightConfig-version.cmake
[1.638s] -- Up-to-date: /home/lfvmu/kobuki/install/share/ament_cmake_copyright/package.xml
[1.639s] -- Up-to-date: /home/lfvmu/kobuki/install/share/ament_cmake_copyright/cmake
[1.639s] -- Up-to-date: /home/lfvmu/kobuki/install/share/ament_cmake_copyright/cmake/ament_cmake_copyright_lint_hook.cmake
[1.639s] -- Up-to-date: /home/lfvmu/kobuki/install/share/ament_cmake_copyright/cmake/ament_copyright.cmake
[1.649s] Invoked command in '/home/lfvmu/kobuki/build/ament_cmake_copyright' returned '0': AMENT_PREFIX_PATH=/home/lfvmu/kobuki/install CMAKE_PREFIX_PATH=/home/lfvmu/kobuki/install LD_LIBRARY_PATH=/home/lfvmu/kobuki/install/lib PATH=/home/lfvmu/kobuki/install/bin:${PATH} PYTHONPATH=/home/lfvmu/kobuki/install/lib/python3.8/site-packages /usr/bin/cmake --install /home/lfvmu/kobuki/build/ament_cmake_copyright
