[0.167s] Invoking command in '/home/lfvmu/kobuki/build/ecl_license': /usr/bin/cmake /home/lfvmu/kobuki/src/ecl_tools/ecl_license -DBUILD_TESTING=OFF --no-warn-unused-cli -DCMAKE_INSTALL_PREFIX=/home/lfvmu/kobuki/install
[0.215s] Not searching for unused variables given on the command line.
[0.220s] -- Found ament_cmake: 0.9.11 (/home/lfvmu/kobuki/install/share/ament_cmake/cmake)
[0.269s] -- Using PYTHON_EXECUTABLE: /usr/bin/python3
[0.734s] -- Configuring done
[0.740s] -- Generating done
[0.744s] -- Build files have been written to: /home/lfvmu/kobuki/build/ecl_license
[1.128s] Invoked command in '/home/lfvmu/kobuki/build/ecl_license' returned '0': /usr/bin/cmake /home/lfvmu/kobuki/src/ecl_tools/ecl_license -DBUILD_TESTING=OFF --no-warn-unused-cli -DCMAKE_INSTALL_PREFIX=/home/lfvmu/kobuki/install
[1.130s] Invoking command in '/home/lfvmu/kobuki/build/ecl_license': /usr/bin/cmake --build /home/lfvmu/kobuki/build/ecl_license -- -j4 -l4
[1.308s] Invoked command in '/home/lfvmu/kobuki/build/ecl_license' returned '0': /usr/bin/cmake --build /home/lfvmu/kobuki/build/ecl_license -- -j4 -l4
[1.721s] Invoking command in '/home/lfvmu/kobuki/build/ecl_license': /usr/bin/cmake --install /home/lfvmu/kobuki/build/ecl_license
[1.803s] -- Install configuration: "RelWithDebInfo"
[1.803s] -- Up-to-date: /home/lfvmu/kobuki/install/share/licenses
[1.804s] -- Up-to-date: /home/lfvmu/kobuki/install/share/licenses/COPYING
[1.804s] -- Up-to-date: /home/lfvmu/kobuki/install/share/licenses/AUTHORS
[1.804s] -- Up-to-date: /home/lfvmu/kobuki/install/share/licenses/COPYING-PLAIN
[1.804s] -- Up-to-date: /home/lfvmu/kobuki/install/share/ecl_license/environment/library_path.sh
[1.804s] -- Installing: /home/lfvmu/kobuki/install/share/ecl_license/environment/library_path.dsv
[1.805s] -- Up-to-date: /home/lfvmu/kobuki/install/share/ament_index/resource_index/package_run_dependencies/ecl_license
[1.806s] -- Up-to-date: /home/lfvmu/kobuki/install/share/ament_index/resource_index/parent_prefix_path/ecl_license
[1.806s] -- Up-to-date: /home/lfvmu/kobuki/install/share/ecl_license/environment/ament_prefix_path.sh
[1.806s] -- Installing: /home/lfvmu/kobuki/install/share/ecl_license/environment/ament_prefix_path.dsv
[1.806s] -- Up-to-date: /home/lfvmu/kobuki/install/share/ecl_license/environment/path.sh
[1.808s] -- Installing: /home/lfvmu/kobuki/install/share/ecl_license/environment/path.dsv
[1.809s] -- Up-to-date: /home/lfvmu/kobuki/install/share/ecl_license/local_setup.bash
[1.809s] -- Up-to-date: /home/lfvmu/kobuki/install/share/ecl_license/local_setup.sh
[1.809s] -- Up-to-date: /home/lfvmu/kobuki/install/share/ecl_license/local_setup.zsh
[1.809s] -- Installing: /home/lfvmu/kobuki/install/share/ecl_license/local_setup.dsv
[1.810s] -- Installing: /home/lfvmu/kobuki/install/share/ecl_license/package.dsv
[1.810s] -- Up-to-date: /home/lfvmu/kobuki/install/share/ament_index/resource_index/packages/ecl_license
[1.810s] -- Up-to-date: /home/lfvmu/kobuki/install/share/ecl_license/cmake/ament_cmake_export_libraries-extras.cmake
[1.810s] -- Up-to-date: /home/lfvmu/kobuki/install/share/ecl_license/cmake/ecl_licenseConfig.cmake
[1.811s] -- Up-to-date: /home/lfvmu/kobuki/install/share/ecl_license/cmake/ecl_licenseConfig-version.cmake
[1.811s] -- Up-to-date: /home/lfvmu/kobuki/install/share/ecl_license/package.xml
[1.843s] Invoked command in '/home/lfvmu/kobuki/build/ecl_license' returned '0': /usr/bin/cmake --install /home/lfvmu/kobuki/build/ecl_license
