[0.154s] Invoking command in '/home/lfvmu/kobuki/build/ecl_license': /usr/bin/cmake /home/lfvmu/kobuki/src/ecl_tools/ecl_license -DBUILD_TESTING=OFF -DCMAKE_INSTALL_PREFIX=/home/lfvmu/kobuki/install
[0.185s] Re-run cmake no build system arguments
[0.218s] -- Found ament_cmake: 0.9.11 (/home/lfvmu/kobuki/install/share/ament_cmake/cmake)
[0.270s] -- Using PYTHON_EXECUTABLE: /usr/bin/python3
[0.781s] -- Configuring done
[0.782s] -- Generating done
[0.783s] -- Build files have been written to: /home/lfvmu/kobuki/build/ecl_license
[0.936s] Invoked command in '/home/lfvmu/kobuki/build/ecl_license' returned '0': /usr/bin/cmake /home/lfvmu/kobuki/src/ecl_tools/ecl_license -DBUILD_TESTING=OFF -DCMAKE_INSTALL_PREFIX=/home/lfvmu/kobuki/install
[0.943s] Invoking command in '/home/lfvmu/kobuki/build/ecl_license': /usr/bin/cmake --build /home/lfvmu/kobuki/build/ecl_license -- -j4 -l4
[1.152s] /usr/bin/cmake -S/home/lfvmu/kobuki/src/ecl_tools/ecl_license -B/home/lfvmu/kobuki/build/ecl_license --check-build-system CMakeFiles/Makefile.cmake 0
[1.153s] /usr/bin/cmake -E cmake_progress_start /home/lfvmu/kobuki/build/ecl_license/CMakeFiles /home/lfvmu/kobuki/build/ecl_license/CMakeFiles/progress.marks
[1.154s] /usr/bin/make -f CMakeFiles/Makefile2 all
[1.155s] make[1]: Entering directory '/home/lfvmu/kobuki/build/ecl_license'
[1.160s] make[1]: Nothing to be done for 'all'.
[1.172s] make[1]: Leaving directory '/home/lfvmu/kobuki/build/ecl_license'
[1.183s] /usr/bin/cmake -E cmake_progress_start /home/lfvmu/kobuki/build/ecl_license/CMakeFiles 0
[1.206s] Invoked command in '/home/lfvmu/kobuki/build/ecl_license' returned '0': /usr/bin/cmake --build /home/lfvmu/kobuki/build/ecl_license -- -j4 -l4
[1.782s] Invoking command in '/home/lfvmu/kobuki/build/ecl_license': /usr/bin/cmake --install /home/lfvmu/kobuki/build/ecl_license
[1.984s] -- Install configuration: "RelWithDebInfo"
[1.986s] -- Up-to-date: /home/lfvmu/kobuki/install/share/licenses
[1.986s] -- Up-to-date: /home/lfvmu/kobuki/install/share/licenses/COPYING
[1.987s] -- Up-to-date: /home/lfvmu/kobuki/install/share/licenses/AUTHORS
[1.987s] -- Up-to-date: /home/lfvmu/kobuki/install/share/licenses/COPYING-PLAIN
[1.987s] -- Up-to-date: /home/lfvmu/kobuki/install/share/ecl_license/environment/library_path.sh
[2.012s] -- Installing: /home/lfvmu/kobuki/install/share/ecl_license/environment/library_path.dsv
[2.018s] -- Up-to-date: /home/lfvmu/kobuki/install/share/ament_index/resource_index/package_run_dependencies/ecl_license
[2.019s] -- Up-to-date: /home/lfvmu/kobuki/install/share/ament_index/resource_index/parent_prefix_path/ecl_license
[2.020s] -- Up-to-date: /home/lfvmu/kobuki/install/share/ecl_license/environment/ament_prefix_path.sh
[2.020s] -- Installing: /home/lfvmu/kobuki/install/share/ecl_license/environment/ament_prefix_path.dsv
[2.026s] -- Up-to-date: /home/lfvmu/kobuki/install/share/ecl_license/environment/path.sh
[2.026s] -- Installing: /home/lfvmu/kobuki/install/share/ecl_license/environment/path.dsv
[2.032s] -- Up-to-date: /home/lfvmu/kobuki/install/share/ecl_license/local_setup.bash
[2.034s] -- Up-to-date: /home/lfvmu/kobuki/install/share/ecl_license/local_setup.sh
[2.034s] -- Up-to-date: /home/lfvmu/kobuki/install/share/ecl_license/local_setup.zsh
[2.035s] -- Installing: /home/lfvmu/kobuki/install/share/ecl_license/local_setup.dsv
[2.035s] -- Installing: /home/lfvmu/kobuki/install/share/ecl_license/package.dsv
[2.035s] -- Up-to-date: /home/lfvmu/kobuki/install/share/ament_index/resource_index/packages/ecl_license
[2.035s] -- Up-to-date: /home/lfvmu/kobuki/install/share/ecl_license/cmake/ament_cmake_export_libraries-extras.cmake
[2.036s] -- Up-to-date: /home/lfvmu/kobuki/install/share/ecl_license/cmake/ecl_licenseConfig.cmake
[2.036s] -- Up-to-date: /home/lfvmu/kobuki/install/share/ecl_license/cmake/ecl_licenseConfig-version.cmake
[2.036s] -- Up-to-date: /home/lfvmu/kobuki/install/share/ecl_license/package.xml
[2.064s] Invoked command in '/home/lfvmu/kobuki/build/ecl_license' returned '0': /usr/bin/cmake --install /home/lfvmu/kobuki/build/ecl_license
