[0.366s] Invoking command in '/home/lfvmu/kobuki/build/ecl_lite': /usr/bin/cmake /home/lfvmu/kobuki/src/ecl_lite/ecl_lite -DBUILD_TESTING=OFF -DCMAKE_INSTALL_PREFIX=/home/lfvmu/kobuki/install
[0.435s] -- Found ament_cmake_ros: 0.9.2 (/home/lfvmu/kobuki/install/share/ament_cmake_ros/cmake)
[0.472s] -- Using PYTHON_EXECUTABLE: /usr/bin/python3
[1.015s] -- Configuring done
[1.017s] -- Generating done
[1.035s] -- Build files have been written to: /home/lfvmu/kobuki/build/ecl_lite
[1.183s] Invoked command in '/home/lfvmu/kobuki/build/ecl_lite' returned '0': /usr/bin/cmake /home/lfvmu/kobuki/src/ecl_lite/ecl_lite -DBUILD_TESTING=OFF -DCMAKE_INSTALL_PREFIX=/home/lfvmu/kobuki/install
[1.186s] Invoking command in '/home/lfvmu/kobuki/build/ecl_lite': /usr/bin/cmake --build /home/lfvmu/kobuki/build/ecl_lite -- -j4 -l4
[1.316s] Invoked command in '/home/lfvmu/kobuki/build/ecl_lite' returned '0': /usr/bin/cmake --build /home/lfvmu/kobuki/build/ecl_lite -- -j4 -l4
[1.386s] Invoking command in '/home/lfvmu/kobuki/build/ecl_lite': /usr/bin/cmake --install /home/lfvmu/kobuki/build/ecl_lite
[1.409s] -- Install configuration: "RelWithDebInfo"
[1.409s] -- Up-to-date: /home/lfvmu/kobuki/install/share/ament_index/resource_index/package_run_dependencies/ecl_lite
[1.410s] -- Up-to-date: /home/lfvmu/kobuki/install/share/ament_index/resource_index/parent_prefix_path/ecl_lite
[1.410s] -- Up-to-date: /home/lfvmu/kobuki/install/share/ecl_lite/environment/ament_prefix_path.sh
[1.410s] -- Installing: /home/lfvmu/kobuki/install/share/ecl_lite/environment/ament_prefix_path.dsv
[1.410s] -- Up-to-date: /home/lfvmu/kobuki/install/share/ecl_lite/environment/path.sh
[1.411s] -- Installing: /home/lfvmu/kobuki/install/share/ecl_lite/environment/path.dsv
[1.411s] -- Up-to-date: /home/lfvmu/kobuki/install/share/ecl_lite/local_setup.bash
[1.411s] -- Up-to-date: /home/lfvmu/kobuki/install/share/ecl_lite/local_setup.sh
[1.411s] -- Up-to-date: /home/lfvmu/kobuki/install/share/ecl_lite/local_setup.zsh
[1.412s] -- Installing: /home/lfvmu/kobuki/install/share/ecl_lite/local_setup.dsv
[1.412s] -- Installing: /home/lfvmu/kobuki/install/share/ecl_lite/package.dsv
[1.412s] -- Up-to-date: /home/lfvmu/kobuki/install/share/ament_index/resource_index/packages/ecl_lite
[1.413s] -- Up-to-date: /home/lfvmu/kobuki/install/share/ecl_lite/cmake/ecl_liteConfig.cmake
[1.413s] -- Up-to-date: /home/lfvmu/kobuki/install/share/ecl_lite/cmake/ecl_liteConfig-version.cmake
[1.413s] -- Up-to-date: /home/lfvmu/kobuki/install/share/ecl_lite/package.xml
[1.422s] Invoked command in '/home/lfvmu/kobuki/build/ecl_lite' returned '0': /usr/bin/cmake --install /home/lfvmu/kobuki/build/ecl_lite
