[0.326s] Invoking command in '/home/lfvmu/kobuki/build/ecl_converters_lite': /usr/bin/cmake /home/lfvmu/kobuki/src/ecl_lite/ecl_converters_lite -DBUILD_TESTING=OFF -DCMAKE_INSTALL_PREFIX=/home/lfvmu/kobuki/install
[0.352s] Re-run cmake no build system arguments
[0.376s] -- Found ament_cmake_ros: 0.9.2 (/home/lfvmu/kobuki/install/share/ament_cmake_ros/cmake)
[0.427s] -- Using PYTHON_EXECUTABLE: /usr/bin/python3
[0.862s] -- Found ecl_build: 1.0.3 (/home/lfvmu/kobuki/install/share/ecl_build/cmake)
[0.883s] -- Found ecl_config: 1.1.0 (/home/lfvmu/kobuki/install/share/ecl_config/cmake)
[1.038s] -- Configuring done
[1.058s] -- Generating done
[1.059s] -- Build files have been written to: /home/lfvmu/kobuki/build/ecl_converters_lite
[1.175s] Invoked command in '/home/lfvmu/kobuki/build/ecl_converters_lite' returned '0': /usr/bin/cmake /home/lfvmu/kobuki/src/ecl_lite/ecl_converters_lite -DBUILD_TESTING=OFF -DCMAKE_INSTALL_PREFIX=/home/lfvmu/kobuki/install
[1.184s] Invoking command in '/home/lfvmu/kobuki/build/ecl_converters_lite': /usr/bin/cmake --build /home/lfvmu/kobuki/build/ecl_converters_lite -- -j4 -l4
[1.402s] /usr/bin/cmake -S/home/lfvmu/kobuki/src/ecl_lite/ecl_converters_lite -B/home/lfvmu/kobuki/build/ecl_converters_lite --check-build-system CMakeFiles/Makefile.cmake 0
[1.402s] /usr/bin/cmake -E cmake_progress_start /home/lfvmu/kobuki/build/ecl_converters_lite/CMakeFiles /home/lfvmu/kobuki/build/ecl_converters_lite/CMakeFiles/progress.marks
[1.407s] /usr/bin/make -f CMakeFiles/Makefile2 all
[1.412s] make[1]: Entering directory '/home/lfvmu/kobuki/build/ecl_converters_lite'
[1.412s] make[1]: Nothing to be done for 'all'.
[1.413s] make[1]: Leaving directory '/home/lfvmu/kobuki/build/ecl_converters_lite'
[1.413s] /usr/bin/cmake -E cmake_progress_start /home/lfvmu/kobuki/build/ecl_converters_lite/CMakeFiles 0
[1.438s] Invoked command in '/home/lfvmu/kobuki/build/ecl_converters_lite' returned '0': /usr/bin/cmake --build /home/lfvmu/kobuki/build/ecl_converters_lite -- -j4 -l4
[1.550s] Invoking command in '/home/lfvmu/kobuki/build/ecl_converters_lite': /usr/bin/cmake --install /home/lfvmu/kobuki/build/ecl_converters_lite
[1.579s] -- Install configuration: "RelWithDebInfo"
[1.580s] -- Up-to-date: /home/lfvmu/kobuki/install/share/ament_index/resource_index/package_run_dependencies/ecl_converters_lite
[1.581s] -- Up-to-date: /home/lfvmu/kobuki/install/share/ament_index/resource_index/parent_prefix_path/ecl_converters_lite
[1.581s] -- Up-to-date: /home/lfvmu/kobuki/install/share/ecl_converters_lite/environment/ament_prefix_path.sh
[1.581s] -- Installing: /home/lfvmu/kobuki/install/share/ecl_converters_lite/environment/ament_prefix_path.dsv
[1.583s] -- Up-to-date: /home/lfvmu/kobuki/install/share/ecl_converters_lite/environment/path.sh
[1.583s] -- Installing: /home/lfvmu/kobuki/install/share/ecl_converters_lite/environment/path.dsv
[1.584s] -- Up-to-date: /home/lfvmu/kobuki/install/share/ecl_converters_lite/local_setup.bash
[1.584s] -- Up-to-date: /home/lfvmu/kobuki/install/share/ecl_converters_lite/local_setup.sh
[1.585s] -- Up-to-date: /home/lfvmu/kobuki/install/share/ecl_converters_lite/local_setup.zsh
[1.585s] -- Installing: /home/lfvmu/kobuki/install/share/ecl_converters_lite/local_setup.dsv
[1.586s] -- Installing: /home/lfvmu/kobuki/install/share/ecl_converters_lite/package.dsv
[1.586s] -- Up-to-date: /home/lfvmu/kobuki/install/share/ament_index/resource_index/packages/ecl_converters_lite
[1.587s] -- Up-to-date: /home/lfvmu/kobuki/install/share/ecl_converters_lite/cmake/ecl_converters_liteExport.cmake
[1.588s] -- Up-to-date: /home/lfvmu/kobuki/install/share/ecl_converters_lite/cmake/ament_cmake_export_targets-extras.cmake
[1.588s] -- Up-to-date: /home/lfvmu/kobuki/install/share/ecl_converters_lite/cmake/ament_cmake_export_include_directories-extras.cmake
[1.589s] -- Up-to-date: /home/lfvmu/kobuki/install/share/ecl_converters_lite/cmake/ament_cmake_export_dependencies-extras.cmake
[1.589s] -- Up-to-date: /home/lfvmu/kobuki/install/share/ecl_converters_lite/cmake/ecl_converters_liteConfig.cmake
[1.590s] -- Up-to-date: /home/lfvmu/kobuki/install/share/ecl_converters_lite/cmake/ecl_converters_liteConfig-version.cmake
[1.590s] -- Up-to-date: /home/lfvmu/kobuki/install/share/ecl_converters_lite/package.xml
[1.591s] -- Up-to-date: /home/lfvmu/kobuki/install/include/ecl/converters_lite.hpp
[1.592s] -- Up-to-date: /home/lfvmu/kobuki/install/include/ecl/converters_lite/byte_array.hpp
[1.610s] Invoked command in '/home/lfvmu/kobuki/build/ecl_converters_lite' returned '0': /usr/bin/cmake --install /home/lfvmu/kobuki/build/ecl_converters_lite
