[0.088s] Invoking command in '/home/lfvmu/kobuki/build/ecl_license': AMENT_PREFIX_PATH=/home/lfvmu/kobuki/install CMAKE_PREFIX_PATH=/home/lfvmu/kobuki/install PATH=/home/lfvmu/kobuki/install/bin:${PATH} PYTHONPATH=/home/lfvmu/kobuki/install/lib/python3.8/site-packages /usr/bin/cmake /home/lfvmu/kobuki/src/ecl_tools/ecl_license -DBUILD_TESTING=OFF -DCMAKE_INSTALL_PREFIX=/home/lfvmu/kobuki/install
[0.278s] -- The C compiler identification is GNU 9.4.0
[0.480s] -- The CXX compiler identification is GNU 9.4.0
[0.494s] -- Check for working C compiler: /usr/bin/cc
[0.680s] -- Check for working C compiler: /usr/bin/cc -- works
[0.682s] -- Detecting C compiler ABI info
[0.869s] -- Detecting C compiler ABI info - done
[0.923s] -- Detecting C compile features
[0.924s] -- Detecting C compile features - done
[0.933s] -- Check for working CXX compiler: /usr/bin/c++
[1.193s] -- Check for working CXX compiler: /usr/bin/c++ -- works
[1.196s] -- Detecting CXX compiler ABI info
[1.426s] -- Detecting CXX compiler ABI info - done
[1.480s] -- Detecting CXX compile features
[1.482s] -- Detecting CXX compile features - done
[1.487s] -- Found ament_cmake: 0.9.11 (/home/lfvmu/kobuki/install/share/ament_cmake/cmake)
[1.524s] -- Found PythonInterp: /usr/bin/python3 (found suitable version "3.8.10", minimum required is "3") 
[1.525s] -- Using PYTHON_EXECUTABLE: /usr/bin/python3
[2.022s] -- Configuring done
[2.028s] -- Generating done
[2.028s] -- Build files have been written to: /home/lfvmu/kobuki/build/ecl_license
[2.101s] Invoked command in '/home/lfvmu/kobuki/build/ecl_license' returned '0': AMENT_PREFIX_PATH=/home/lfvmu/kobuki/install CMAKE_PREFIX_PATH=/home/lfvmu/kobuki/install PATH=/home/lfvmu/kobuki/install/bin:${PATH} PYTHONPATH=/home/lfvmu/kobuki/install/lib/python3.8/site-packages /usr/bin/cmake /home/lfvmu/kobuki/src/ecl_tools/ecl_license -DBUILD_TESTING=OFF -DCMAKE_INSTALL_PREFIX=/home/lfvmu/kobuki/install
[2.103s] Invoking command in '/home/lfvmu/kobuki/build/ecl_license': AMENT_PREFIX_PATH=/home/lfvmu/kobuki/install CMAKE_PREFIX_PATH=/home/lfvmu/kobuki/install PATH=/home/lfvmu/kobuki/install/bin:${PATH} PYTHONPATH=/home/lfvmu/kobuki/install/lib/python3.8/site-packages /usr/bin/cmake --build /home/lfvmu/kobuki/build/ecl_license -- -j4 -l4
[2.601s] Invoked command in '/home/lfvmu/kobuki/build/ecl_license' returned '0': AMENT_PREFIX_PATH=/home/lfvmu/kobuki/install CMAKE_PREFIX_PATH=/home/lfvmu/kobuki/install PATH=/home/lfvmu/kobuki/install/bin:${PATH} PYTHONPATH=/home/lfvmu/kobuki/install/lib/python3.8/site-packages /usr/bin/cmake --build /home/lfvmu/kobuki/build/ecl_license -- -j4 -l4
[2.651s] Invoking command in '/home/lfvmu/kobuki/build/ecl_license': AMENT_PREFIX_PATH=/home/lfvmu/kobuki/install CMAKE_PREFIX_PATH=/home/lfvmu/kobuki/install PATH=/home/lfvmu/kobuki/install/bin:${PATH} PYTHONPATH=/home/lfvmu/kobuki/install/lib/python3.8/site-packages /usr/bin/cmake --install /home/lfvmu/kobuki/build/ecl_license
[2.675s] -- Install configuration: ""
[2.676s] -- Installing: /home/lfvmu/kobuki/install/share/licenses
[2.676s] -- Installing: /home/lfvmu/kobuki/install/share/licenses/COPYING
[2.677s] -- Installing: /home/lfvmu/kobuki/install/share/licenses/AUTHORS
[2.677s] -- Installing: /home/lfvmu/kobuki/install/share/licenses/COPYING-PLAIN
[2.678s] -- Installing: /home/lfvmu/kobuki/install/share/ecl_license/environment/library_path.sh
[2.679s] -- Installing: /home/lfvmu/kobuki/install/share/ecl_license/environment/library_path.dsv
[2.680s] -- Installing: /home/lfvmu/kobuki/install/share/ament_index/resource_index/package_run_dependencies/ecl_license
[2.681s] -- Installing: /home/lfvmu/kobuki/install/share/ament_index/resource_index/parent_prefix_path/ecl_license
[2.682s] -- Installing: /home/lfvmu/kobuki/install/share/ecl_license/environment/ament_prefix_path.sh
[2.682s] -- Installing: /home/lfvmu/kobuki/install/share/ecl_license/environment/ament_prefix_path.dsv
[2.683s] -- Installing: /home/lfvmu/kobuki/install/share/ecl_license/environment/path.sh
[2.684s] -- Installing: /home/lfvmu/kobuki/install/share/ecl_license/environment/path.dsv
[2.684s] -- Installing: /home/lfvmu/kobuki/install/share/ecl_license/local_setup.bash
[2.685s] -- Installing: /home/lfvmu/kobuki/install/share/ecl_license/local_setup.sh
[2.686s] -- Installing: /home/lfvmu/kobuki/install/share/ecl_license/local_setup.zsh
[2.686s] -- Installing: /home/lfvmu/kobuki/install/share/ecl_license/local_setup.dsv
[2.687s] -- Installing: /home/lfvmu/kobuki/install/share/ecl_license/package.dsv
[2.688s] -- Installing: /home/lfvmu/kobuki/install/share/ament_index/resource_index/packages/ecl_license
[2.688s] -- Installing: /home/lfvmu/kobuki/install/share/ecl_license/cmake/ament_cmake_export_libraries-extras.cmake
[2.689s] -- Installing: /home/lfvmu/kobuki/install/share/ecl_license/cmake/ecl_licenseConfig.cmake
[2.689s] -- Installing: /home/lfvmu/kobuki/install/share/ecl_license/cmake/ecl_licenseConfig-version.cmake
[2.690s] -- Installing: /home/lfvmu/kobuki/install/share/ecl_license/package.xml
[2.694s] Invoked command in '/home/lfvmu/kobuki/build/ecl_license' returned '0': AMENT_PREFIX_PATH=/home/lfvmu/kobuki/install CMAKE_PREFIX_PATH=/home/lfvmu/kobuki/install PATH=/home/lfvmu/kobuki/install/bin:${PATH} PYTHONPATH=/home/lfvmu/kobuki/install/lib/python3.8/site-packages /usr/bin/cmake --install /home/lfvmu/kobuki/build/ecl_license
