[0.396s] Invoking command in '/home/lfvmu/kobuki/build/ecl_manipulators': AMENT_PREFIX_PATH=/home/lfvmu/kobuki/install CMAKE_PREFIX_PATH=/home/lfvmu/kobuki/install LD_LIBRARY_PATH=/home/lfvmu/kobuki/install/lib PATH=/home/lfvmu/kobuki/install/bin:${PATH} PKG_CONFIG_PATH=/home/lfvmu/kobuki/install/lib/x86_64-linux-gnu/pkgconfig:/home/lfvmu/kobuki/install/lib/pkgconfig PYTHONPATH=/home/lfvmu/kobuki/install/lib/python3.8/site-packages /usr/bin/cmake /home/lfvmu/kobuki/src/ecl_core/ecl_manipulators -DBUILD_TESTING=OFF -DCMAKE_INSTALL_PREFIX=/home/lfvmu/kobuki/install
[0.413s] Re-run cmake no build system arguments
[0.439s] -- Found ament_cmake_ros: 0.9.2 (/home/lfvmu/kobuki/install/share/ament_cmake_ros/cmake)
[0.494s] -- Using PYTHON_EXECUTABLE: /usr/bin/python3
[0.859s] -- Found ecl_build: 1.0.3 (/home/lfvmu/kobuki/install/share/ecl_build/cmake)
[0.900s] -- Found ecl_exceptions: 1.2.1 (/home/lfvmu/kobuki/install/share/ecl_exceptions/cmake)
[0.952s] -- Found ecl_formatters: 1.2.1 (/home/lfvmu/kobuki/install/share/ecl_formatters/cmake)
[1.014s] -- Found ecl_geometry: 1.2.1 (/home/lfvmu/kobuki/install/share/ecl_geometry/cmake)
[1.283s] -- Configuring done
[1.307s] -- Generating done
[1.317s] -- Build files have been written to: /home/lfvmu/kobuki/build/ecl_manipulators
[1.321s] Invoked command in '/home/lfvmu/kobuki/build/ecl_manipulators' returned '0': AMENT_PREFIX_PATH=/home/lfvmu/kobuki/install CMAKE_PREFIX_PATH=/home/lfvmu/kobuki/install LD_LIBRARY_PATH=/home/lfvmu/kobuki/install/lib PATH=/home/lfvmu/kobuki/install/bin:${PATH} PKG_CONFIG_PATH=/home/lfvmu/kobuki/install/lib/x86_64-linux-gnu/pkgconfig:/home/lfvmu/kobuki/install/lib/pkgconfig PYTHONPATH=/home/lfvmu/kobuki/install/lib/python3.8/site-packages /usr/bin/cmake /home/lfvmu/kobuki/src/ecl_core/ecl_manipulators -DBUILD_TESTING=OFF -DCMAKE_INSTALL_PREFIX=/home/lfvmu/kobuki/install
[1.330s] Invoking command in '/home/lfvmu/kobuki/build/ecl_manipulators': AMENT_PREFIX_PATH=/home/lfvmu/kobuki/install CMAKE_PREFIX_PATH=/home/lfvmu/kobuki/install LD_LIBRARY_PATH=/home/lfvmu/kobuki/install/lib PATH=/home/lfvmu/kobuki/install/bin:${PATH} PKG_CONFIG_PATH=/home/lfvmu/kobuki/install/lib/x86_64-linux-gnu/pkgconfig:/home/lfvmu/kobuki/install/lib/pkgconfig PYTHONPATH=/home/lfvmu/kobuki/install/lib/python3.8/site-packages /usr/bin/cmake --build /home/lfvmu/kobuki/build/ecl_manipulators -- -j4 -l4
[1.367s] /usr/bin/cmake -S/home/lfvmu/kobuki/src/ecl_core/ecl_manipulators -B/home/lfvmu/kobuki/build/ecl_manipulators --check-build-system CMakeFiles/Makefile.cmake 0
[1.397s] /usr/bin/cmake -E cmake_progress_start /home/lfvmu/kobuki/build/ecl_manipulators/CMakeFiles /home/lfvmu/kobuki/build/ecl_manipulators/CMakeFiles/progress.marks
[1.422s] /usr/bin/make -f CMakeFiles/Makefile2 all
[1.424s] make[1]: Entering directory '/home/lfvmu/kobuki/build/ecl_manipulators'
[1.424s] /usr/bin/make -f src/lib/CMakeFiles/ecl_manipulators.dir/build.make src/lib/CMakeFiles/ecl_manipulators.dir/depend
[1.440s] make[2]: Entering directory '/home/lfvmu/kobuki/build/ecl_manipulators'
[1.441s] cd /home/lfvmu/kobuki/build/ecl_manipulators && /usr/bin/cmake -E cmake_depends "Unix Makefiles" /home/lfvmu/kobuki/src/ecl_core/ecl_manipulators /home/lfvmu/kobuki/src/ecl_core/ecl_manipulators/src/lib /home/lfvmu/kobuki/build/ecl_manipulators /home/lfvmu/kobuki/build/ecl_manipulators/src/lib /home/lfvmu/kobuki/build/ecl_manipulators/src/lib/CMakeFiles/ecl_manipulators.dir/DependInfo.cmake --color=
[1.471s] make[2]: Leaving directory '/home/lfvmu/kobuki/build/ecl_manipulators'
[1.472s] /usr/bin/make -f src/lib/CMakeFiles/ecl_manipulators.dir/build.make src/lib/CMakeFiles/ecl_manipulators.dir/build
[1.524s] make[2]: Entering directory '/home/lfvmu/kobuki/build/ecl_manipulators'
[1.524s] make[2]: Nothing to be done for 'src/lib/CMakeFiles/ecl_manipulators.dir/build'.
[1.524s] make[2]: Leaving directory '/home/lfvmu/kobuki/build/ecl_manipulators'
[1.546s] [100%] Built target ecl_manipulators
[1.549s] make[1]: Leaving directory '/home/lfvmu/kobuki/build/ecl_manipulators'
[1.550s] /usr/bin/cmake -E cmake_progress_start /home/lfvmu/kobuki/build/ecl_manipulators/CMakeFiles 0
[1.587s] Invoked command in '/home/lfvmu/kobuki/build/ecl_manipulators' returned '0': AMENT_PREFIX_PATH=/home/lfvmu/kobuki/install CMAKE_PREFIX_PATH=/home/lfvmu/kobuki/install LD_LIBRARY_PATH=/home/lfvmu/kobuki/install/lib PATH=/home/lfvmu/kobuki/install/bin:${PATH} PKG_CONFIG_PATH=/home/lfvmu/kobuki/install/lib/x86_64-linux-gnu/pkgconfig:/home/lfvmu/kobuki/install/lib/pkgconfig PYTHONPATH=/home/lfvmu/kobuki/install/lib/python3.8/site-packages /usr/bin/cmake --build /home/lfvmu/kobuki/build/ecl_manipulators -- -j4 -l4
[1.795s] Invoking command in '/home/lfvmu/kobuki/build/ecl_manipulators': AMENT_PREFIX_PATH=/home/lfvmu/kobuki/install CMAKE_PREFIX_PATH=/home/lfvmu/kobuki/install LD_LIBRARY_PATH=/home/lfvmu/kobuki/install/lib PATH=/home/lfvmu/kobuki/install/bin:${PATH} PKG_CONFIG_PATH=/home/lfvmu/kobuki/install/lib/x86_64-linux-gnu/pkgconfig:/home/lfvmu/kobuki/install/lib/pkgconfig PYTHONPATH=/home/lfvmu/kobuki/install/lib/python3.8/site-packages /usr/bin/cmake --install /home/lfvmu/kobuki/build/ecl_manipulators
[1.819s] -- Install configuration: ""
[1.820s] -- Up-to-date: /home/lfvmu/kobuki/install/share/ecl_manipulators/scripts
[1.820s] -- Up-to-date: /home/lfvmu/kobuki/install/share/ecl_manipulators/scripts/linear.x11
[1.820s] -- Up-to-date: /home/lfvmu/kobuki/install/share/ecl_manipulators/scripts/tension.x11
[1.821s] -- Up-to-date: /home/lfvmu/kobuki/install/share/ecl_manipulators/scripts/Makefile
[1.821s] -- Up-to-date: /home/lfvmu/kobuki/install/share/ecl_manipulators/environment/library_path.sh
[1.821s] -- Installing: /home/lfvmu/kobuki/install/share/ecl_manipulators/environment/library_path.dsv
[1.822s] -- Up-to-date: /home/lfvmu/kobuki/install/share/ament_index/resource_index/package_run_dependencies/ecl_manipulators
[1.822s] -- Up-to-date: /home/lfvmu/kobuki/install/share/ament_index/resource_index/parent_prefix_path/ecl_manipulators
[1.822s] -- Up-to-date: /home/lfvmu/kobuki/install/share/ecl_manipulators/environment/ament_prefix_path.sh
[1.822s] -- Installing: /home/lfvmu/kobuki/install/share/ecl_manipulators/environment/ament_prefix_path.dsv
[1.823s] -- Up-to-date: /home/lfvmu/kobuki/install/share/ecl_manipulators/environment/path.sh
[1.823s] -- Installing: /home/lfvmu/kobuki/install/share/ecl_manipulators/environment/path.dsv
[1.824s] -- Up-to-date: /home/lfvmu/kobuki/install/share/ecl_manipulators/local_setup.bash
[1.824s] -- Up-to-date: /home/lfvmu/kobuki/install/share/ecl_manipulators/local_setup.sh
[1.824s] -- Up-to-date: /home/lfvmu/kobuki/install/share/ecl_manipulators/local_setup.zsh
[1.824s] -- Installing: /home/lfvmu/kobuki/install/share/ecl_manipulators/local_setup.dsv
[1.825s] -- Installing: /home/lfvmu/kobuki/install/share/ecl_manipulators/package.dsv
[1.825s] -- Up-to-date: /home/lfvmu/kobuki/install/share/ament_index/resource_index/packages/ecl_manipulators
[1.826s] -- Up-to-date: /home/lfvmu/kobuki/install/share/ecl_manipulators/cmake/ecl_manipulatorsExport.cmake
[1.827s] -- Installing: /home/lfvmu/kobuki/install/share/ecl_manipulators/cmake/ecl_manipulatorsExport-noconfig.cmake
[1.827s] -- Up-to-date: /home/lfvmu/kobuki/install/share/ecl_manipulators/cmake/ament_cmake_export_targets-extras.cmake
[1.827s] -- Up-to-date: /home/lfvmu/kobuki/install/share/ecl_manipulators/cmake/ament_cmake_export_include_directories-extras.cmake
[1.827s] -- Up-to-date: /home/lfvmu/kobuki/install/share/ecl_manipulators/cmake/ament_cmake_export_libraries-extras.cmake
[1.827s] -- Up-to-date: /home/lfvmu/kobuki/install/share/ecl_manipulators/cmake/ament_cmake_export_dependencies-extras.cmake
[1.828s] -- Up-to-date: /home/lfvmu/kobuki/install/share/ecl_manipulators/cmake/ecl_manipulatorsConfig.cmake
[1.828s] -- Up-to-date: /home/lfvmu/kobuki/install/share/ecl_manipulators/cmake/ecl_manipulatorsConfig-version.cmake
[1.829s] -- Up-to-date: /home/lfvmu/kobuki/install/share/ecl_manipulators/package.xml
[1.834s] -- Up-to-date: /home/lfvmu/kobuki/install/include/ecl/manipulators.hpp
[1.835s] -- Up-to-date: /home/lfvmu/kobuki/install/include/ecl/manipulators/trajectory.hpp
[1.836s] -- Up-to-date: /home/lfvmu/kobuki/install/include/ecl/manipulators/types.hpp
[1.836s] -- Up-to-date: /home/lfvmu/kobuki/install/include/ecl/manipulators/waypoint.hpp
[1.837s] -- Up-to-date: /home/lfvmu/kobuki/install/lib/libecl_manipulators.so.1.2.1
[1.837s] -- Up-to-date: /home/lfvmu/kobuki/install/lib/libecl_manipulators.so
[1.855s] Invoked command in '/home/lfvmu/kobuki/build/ecl_manipulators' returned '0': AMENT_PREFIX_PATH=/home/lfvmu/kobuki/install CMAKE_PREFIX_PATH=/home/lfvmu/kobuki/install LD_LIBRARY_PATH=/home/lfvmu/kobuki/install/lib PATH=/home/lfvmu/kobuki/install/bin:${PATH} PKG_CONFIG_PATH=/home/lfvmu/kobuki/install/lib/x86_64-linux-gnu/pkgconfig:/home/lfvmu/kobuki/install/lib/pkgconfig PYTHONPATH=/home/lfvmu/kobuki/install/lib/python3.8/site-packages /usr/bin/cmake --install /home/lfvmu/kobuki/build/ecl_manipulators
