[0.217s] Invoking command in '/home/lfvmu/kobuki/build/ament_cmake_export_interfaces': /usr/bin/cmake /home/lfvmu/kobuki/src/ament_cmake/ament_cmake_export_interfaces -DBUILD_TESTING=OFF -DCMAKE_BUILD_TYPE=RelWithDebInfo -DCMAKE_INSTALL_PREFIX=/home/lfvmu/kobuki/install
[0.263s] -- Found ament_cmake_core: 0.9.11 (/home/lfvmu/kobuki/install/share/ament_cmake_core/cmake)
[0.294s] -- Using PYTHON_EXECUTABLE: /usr/bin/python3
[0.769s] -- Configuring done
[0.789s] -- Generating done
[0.795s] -- Build files have been written to: /home/lfvmu/kobuki/build/ament_cmake_export_interfaces
[1.114s] Invoked command in '/home/lfvmu/kobuki/build/ament_cmake_export_interfaces' returned '0': /usr/bin/cmake /home/lfvmu/kobuki/src/ament_cmake/ament_cmake_export_interfaces -DBUILD_TESTING=OFF -DCMAKE_BUILD_TYPE=RelWithDebInfo -DCMAKE_INSTALL_PREFIX=/home/lfvmu/kobuki/install
[1.116s] Invoking command in '/home/lfvmu/kobuki/build/ament_cmake_export_interfaces': /usr/bin/cmake --build /home/lfvmu/kobuki/build/ament_cmake_export_interfaces -- -j4 -l4
[1.389s] Invoked command in '/home/lfvmu/kobuki/build/ament_cmake_export_interfaces' returned '0': /usr/bin/cmake --build /home/lfvmu/kobuki/build/ament_cmake_export_interfaces -- -j4 -l4
[1.452s] Invoking command in '/home/lfvmu/kobuki/build/ament_cmake_export_interfaces': /usr/bin/cmake --install /home/lfvmu/kobuki/build/ament_cmake_export_interfaces
[1.476s] -- Install configuration: "RelWithDebInfo"
[1.476s] -- Up-to-date: /home/lfvmu/kobuki/install/share/ament_index/resource_index/package_run_dependencies/ament_cmake_export_interfaces
[1.476s] -- Up-to-date: /home/lfvmu/kobuki/install/share/ament_index/resource_index/parent_prefix_path/ament_cmake_export_interfaces
[1.477s] -- Up-to-date: /home/lfvmu/kobuki/install/share/ament_cmake_export_interfaces/environment/ament_prefix_path.sh
[1.477s] -- Installing: /home/lfvmu/kobuki/install/share/ament_cmake_export_interfaces/environment/ament_prefix_path.dsv
[1.477s] -- Up-to-date: /home/lfvmu/kobuki/install/share/ament_cmake_export_interfaces/environment/path.sh
[1.477s] -- Installing: /home/lfvmu/kobuki/install/share/ament_cmake_export_interfaces/environment/path.dsv
[1.478s] -- Up-to-date: /home/lfvmu/kobuki/install/share/ament_cmake_export_interfaces/local_setup.bash
[1.478s] -- Up-to-date: /home/lfvmu/kobuki/install/share/ament_cmake_export_interfaces/local_setup.sh
[1.478s] -- Up-to-date: /home/lfvmu/kobuki/install/share/ament_cmake_export_interfaces/local_setup.zsh
[1.479s] -- Installing: /home/lfvmu/kobuki/install/share/ament_cmake_export_interfaces/local_setup.dsv
[1.479s] -- Installing: /home/lfvmu/kobuki/install/share/ament_cmake_export_interfaces/package.dsv
[1.480s] -- Up-to-date: /home/lfvmu/kobuki/install/share/ament_index/resource_index/packages/ament_cmake_export_interfaces
[1.480s] -- Up-to-date: /home/lfvmu/kobuki/install/share/ament_cmake_export_interfaces/cmake/ament_cmake_export_interfaces-extras.cmake
[1.480s] -- Up-to-date: /home/lfvmu/kobuki/install/share/ament_cmake_export_interfaces/cmake/ament_cmake_export_interfacesConfig.cmake
[1.483s] -- Up-to-date: /home/lfvmu/kobuki/install/share/ament_cmake_export_interfaces/cmake/ament_cmake_export_interfacesConfig-version.cmake
[1.483s] -- Up-to-date: /home/lfvmu/kobuki/install/share/ament_cmake_export_interfaces/package.xml
[1.483s] -- Up-to-date: /home/lfvmu/kobuki/install/share/ament_cmake_export_interfaces/cmake
[1.483s] -- Up-to-date: /home/lfvmu/kobuki/install/share/ament_cmake_export_interfaces/cmake/ament_export_interfaces.cmake
[1.484s] -- Up-to-date: /home/lfvmu/kobuki/install/share/ament_cmake_export_interfaces/cmake/ament_cmake_export_interfaces_package_hook.cmake
[1.484s] -- Up-to-date: /home/lfvmu/kobuki/install/share/ament_cmake_export_interfaces/cmake/ament_cmake_export_interfaces-extras.cmake.in
[1.506s] Invoked command in '/home/lfvmu/kobuki/build/ament_cmake_export_interfaces' returned '0': /usr/bin/cmake --install /home/lfvmu/kobuki/build/ament_cmake_export_interfaces
