[0.282s] Invoking command in '/home/lfvmu/kobuki/build/ecl_sigslots_lite': /usr/bin/cmake /home/lfvmu/kobuki/src/ecl_lite/ecl_sigslots_lite -DBUILD_TESTING=OFF --no-warn-unused-cli -DCMAKE_INSTALL_PREFIX=/home/lfvmu/kobuki/install
[0.306s] Not searching for unused variables given on the command line.
[0.354s] -- Found ament_cmake_ros: 0.9.2 (/home/lfvmu/kobuki/install/share/ament_cmake_ros/cmake)
[0.390s] -- Using PYTHON_EXECUTABLE: /usr/bin/python3
[0.767s] -- Found ecl_build: 1.0.3 (/home/lfvmu/kobuki/install/share/ecl_build/cmake)
[0.779s] -- Found ecl_config: 1.1.0 (/home/lfvmu/kobuki/install/share/ecl_config/cmake)
[0.785s] -- Found ecl_errors: 1.1.0 (/home/lfvmu/kobuki/install/share/ecl_errors/cmake)
[0.953s] -- Configuring done
[0.973s] -- Generating done
[0.992s] -- Build files have been written to: /home/lfvmu/kobuki/build/ecl_sigslots_lite
[1.122s] Invoked command in '/home/lfvmu/kobuki/build/ecl_sigslots_lite' returned '0': /usr/bin/cmake /home/lfvmu/kobuki/src/ecl_lite/ecl_sigslots_lite -DBUILD_TESTING=OFF --no-warn-unused-cli -DCMAKE_INSTALL_PREFIX=/home/lfvmu/kobuki/install
[1.124s] Invoking command in '/home/lfvmu/kobuki/build/ecl_sigslots_lite': /usr/bin/cmake --build /home/lfvmu/kobuki/build/ecl_sigslots_lite -- -j4 -l4
[1.287s] [100%] Built target demo_sigslots_lite
[1.450s] Invoked command in '/home/lfvmu/kobuki/build/ecl_sigslots_lite' returned '0': /usr/bin/cmake --build /home/lfvmu/kobuki/build/ecl_sigslots_lite -- -j4 -l4
[1.522s] Invoking command in '/home/lfvmu/kobuki/build/ecl_sigslots_lite': /usr/bin/cmake --install /home/lfvmu/kobuki/build/ecl_sigslots_lite
[1.553s] -- Install configuration: "RelWithDebInfo"
[1.554s] -- Up-to-date: /home/lfvmu/kobuki/install/share/ament_index/resource_index/package_run_dependencies/ecl_sigslots_lite
[1.554s] -- Up-to-date: /home/lfvmu/kobuki/install/share/ament_index/resource_index/parent_prefix_path/ecl_sigslots_lite
[1.554s] -- Up-to-date: /home/lfvmu/kobuki/install/share/ecl_sigslots_lite/environment/ament_prefix_path.sh
[1.554s] -- Installing: /home/lfvmu/kobuki/install/share/ecl_sigslots_lite/environment/ament_prefix_path.dsv
[1.554s] -- Up-to-date: /home/lfvmu/kobuki/install/share/ecl_sigslots_lite/environment/path.sh
[1.554s] -- Installing: /home/lfvmu/kobuki/install/share/ecl_sigslots_lite/environment/path.dsv
[1.555s] -- Up-to-date: /home/lfvmu/kobuki/install/share/ecl_sigslots_lite/local_setup.bash
[1.555s] -- Up-to-date: /home/lfvmu/kobuki/install/share/ecl_sigslots_lite/local_setup.sh
[1.555s] -- Up-to-date: /home/lfvmu/kobuki/install/share/ecl_sigslots_lite/local_setup.zsh
[1.555s] -- Installing: /home/lfvmu/kobuki/install/share/ecl_sigslots_lite/local_setup.dsv
[1.556s] -- Installing: /home/lfvmu/kobuki/install/share/ecl_sigslots_lite/package.dsv
[1.556s] -- Up-to-date: /home/lfvmu/kobuki/install/share/ament_index/resource_index/packages/ecl_sigslots_lite
[1.556s] -- Up-to-date: /home/lfvmu/kobuki/install/share/ecl_sigslots_lite/cmake/ecl_sigslots_liteExport.cmake
[1.556s] -- Up-to-date: /home/lfvmu/kobuki/install/share/ecl_sigslots_lite/cmake/ament_cmake_export_targets-extras.cmake
[1.556s] -- Up-to-date: /home/lfvmu/kobuki/install/share/ecl_sigslots_lite/cmake/ament_cmake_export_include_directories-extras.cmake
[1.557s] -- Up-to-date: /home/lfvmu/kobuki/install/share/ecl_sigslots_lite/cmake/ament_cmake_export_dependencies-extras.cmake
[1.557s] -- Up-to-date: /home/lfvmu/kobuki/install/share/ecl_sigslots_lite/cmake/ecl_sigslots_liteConfig.cmake
[1.557s] -- Up-to-date: /home/lfvmu/kobuki/install/share/ecl_sigslots_lite/cmake/ecl_sigslots_liteConfig-version.cmake
[1.557s] -- Up-to-date: /home/lfvmu/kobuki/install/share/ecl_sigslots_lite/package.xml
[1.557s] -- Up-to-date: /home/lfvmu/kobuki/install/include/ecl/sigslots_lite.hpp
[1.558s] -- Up-to-date: /home/lfvmu/kobuki/install/include/ecl/sigslots_lite/connect.hpp
[1.558s] -- Up-to-date: /home/lfvmu/kobuki/install/include/ecl/sigslots_lite/errors.hpp
[1.558s] -- Up-to-date: /home/lfvmu/kobuki/install/include/ecl/sigslots_lite/managers.hpp
[1.559s] -- Up-to-date: /home/lfvmu/kobuki/install/include/ecl/sigslots_lite/signal.hpp
[1.559s] -- Up-to-date: /home/lfvmu/kobuki/install/include/ecl/sigslots_lite/slot.hpp
[1.559s] -- Up-to-date: /home/lfvmu/kobuki/install/include/ecl/sigslots_lite/utilities.hpp
[1.559s] -- Up-to-date: /home/lfvmu/kobuki/install/lib/ecl_sigslots_lite/demo_sigslots_lite
[1.802s] Invoked command in '/home/lfvmu/kobuki/build/ecl_sigslots_lite' returned '0': /usr/bin/cmake --install /home/lfvmu/kobuki/build/ecl_sigslots_lite
