[0.344s] Invoking command in '/home/lfvmu/kobuki/build/ament_lint_common': /usr/bin/cmake /home/lfvmu/kobuki/src/ament_lint/ament_lint_common -DBUILD_TESTING=OFF --no-warn-unused-cli -DCMAKE_INSTALL_PREFIX=/home/lfvmu/kobuki/install
[0.381s] Not searching for unused variables given on the command line.
[0.381s] -- Found ament_cmake_core: 0.9.11 (/home/lfvmu/kobuki/install/share/ament_cmake_core/cmake)
[0.411s] -- Using PYTHON_EXECUTABLE: /usr/bin/python3
[0.728s] -- Found ament_cmake_export_dependencies: 0.9.11 (/home/lfvmu/kobuki/install/share/ament_cmake_export_dependencies/cmake)
[0.867s] -- Configuring done
[0.872s] -- Generating done
[0.872s] -- Build files have been written to: /home/lfvmu/kobuki/build/ament_lint_common
[0.992s] Invoked command in '/home/lfvmu/kobuki/build/ament_lint_common' returned '0': /usr/bin/cmake /home/lfvmu/kobuki/src/ament_lint/ament_lint_common -DBUILD_TESTING=OFF --no-warn-unused-cli -DCMAKE_INSTALL_PREFIX=/home/lfvmu/kobuki/install
[0.994s] Invoking command in '/home/lfvmu/kobuki/build/ament_lint_common': /usr/bin/cmake --build /home/lfvmu/kobuki/build/ament_lint_common -- -j4 -l4
[1.272s] Invoked command in '/home/lfvmu/kobuki/build/ament_lint_common' returned '0': /usr/bin/cmake --build /home/lfvmu/kobuki/build/ament_lint_common -- -j4 -l4
[1.531s] Invoking command in '/home/lfvmu/kobuki/build/ament_lint_common': /usr/bin/cmake --install /home/lfvmu/kobuki/build/ament_lint_common
[1.559s] -- Install configuration: "RelWithDebInfo"
[1.560s] -- Up-to-date: /home/lfvmu/kobuki/install/share/ament_index/resource_index/package_run_dependencies/ament_lint_common
[1.561s] -- Up-to-date: /home/lfvmu/kobuki/install/share/ament_index/resource_index/parent_prefix_path/ament_lint_common
[1.561s] -- Up-to-date: /home/lfvmu/kobuki/install/share/ament_lint_common/environment/ament_prefix_path.sh
[1.562s] -- Installing: /home/lfvmu/kobuki/install/share/ament_lint_common/environment/ament_prefix_path.dsv
[1.576s] -- Up-to-date: /home/lfvmu/kobuki/install/share/ament_lint_common/environment/path.sh
[1.576s] -- Installing: /home/lfvmu/kobuki/install/share/ament_lint_common/environment/path.dsv
[1.577s] -- Up-to-date: /home/lfvmu/kobuki/install/share/ament_lint_common/local_setup.bash
[1.577s] -- Up-to-date: /home/lfvmu/kobuki/install/share/ament_lint_common/local_setup.sh
[1.577s] -- Up-to-date: /home/lfvmu/kobuki/install/share/ament_lint_common/local_setup.zsh
[1.578s] -- Installing: /home/lfvmu/kobuki/install/share/ament_lint_common/local_setup.dsv
[1.590s] -- Installing: /home/lfvmu/kobuki/install/share/ament_lint_common/package.dsv
[1.590s] -- Up-to-date: /home/lfvmu/kobuki/install/share/ament_index/resource_index/packages/ament_lint_common
[1.590s] -- Up-to-date: /home/lfvmu/kobuki/install/share/ament_lint_common/cmake/ament_cmake_export_dependencies-extras.cmake
[1.590s] -- Up-to-date: /home/lfvmu/kobuki/install/share/ament_lint_common/cmake/ament_lint_commonConfig.cmake
[1.590s] -- Up-to-date: /home/lfvmu/kobuki/install/share/ament_lint_common/cmake/ament_lint_commonConfig-version.cmake
[1.591s] -- Up-to-date: /home/lfvmu/kobuki/install/share/ament_lint_common/package.xml
[1.591s] Invoked command in '/home/lfvmu/kobuki/build/ament_lint_common' returned '0': /usr/bin/cmake --install /home/lfvmu/kobuki/build/ament_lint_common
