[0.285s] Invoking command in '/home/lfvmu/kobuki/build/ament_cmake_version': /usr/bin/cmake /home/lfvmu/kobuki/src/ament_cmake/ament_cmake_version -DBUILD_TESTING=OFF -DCMAKE_INSTALL_PREFIX=/home/lfvmu/kobuki/install
[0.314s] Re-run cmake no build system arguments
[0.323s] -- Found ament_cmake_core: 0.9.11 (/home/lfvmu/kobuki/install/share/ament_cmake_core/cmake)
[0.374s] -- Using PYTHON_EXECUTABLE: /usr/bin/python3
[0.854s] -- Configuring done
[0.856s] -- Generating done
[0.859s] -- Build files have been written to: /home/lfvmu/kobuki/build/ament_cmake_version
[1.049s] Invoked command in '/home/lfvmu/kobuki/build/ament_cmake_version' returned '0': /usr/bin/cmake /home/lfvmu/kobuki/src/ament_cmake/ament_cmake_version -DBUILD_TESTING=OFF -DCMAKE_INSTALL_PREFIX=/home/lfvmu/kobuki/install
[1.054s] Invoking command in '/home/lfvmu/kobuki/build/ament_cmake_version': /usr/bin/cmake --build /home/lfvmu/kobuki/build/ament_cmake_version -- -j4 -l4
[1.274s] /usr/bin/cmake -S/home/lfvmu/kobuki/src/ament_cmake/ament_cmake_version -B/home/lfvmu/kobuki/build/ament_cmake_version --check-build-system CMakeFiles/Makefile.cmake 0
[1.275s] /usr/bin/cmake -E cmake_progress_start /home/lfvmu/kobuki/build/ament_cmake_version/CMakeFiles /home/lfvmu/kobuki/build/ament_cmake_version/CMakeFiles/progress.marks
[1.275s] /usr/bin/make -f CMakeFiles/Makefile2 all
[1.275s] make[1]: Entering directory '/home/lfvmu/kobuki/build/ament_cmake_version'
[1.276s] make[1]: Nothing to be done for 'all'.
[1.276s] make[1]: Leaving directory '/home/lfvmu/kobuki/build/ament_cmake_version'
[1.276s] /usr/bin/cmake -E cmake_progress_start /home/lfvmu/kobuki/build/ament_cmake_version/CMakeFiles 0
[1.288s] Invoked command in '/home/lfvmu/kobuki/build/ament_cmake_version' returned '0': /usr/bin/cmake --build /home/lfvmu/kobuki/build/ament_cmake_version -- -j4 -l4
[1.382s] Invoking command in '/home/lfvmu/kobuki/build/ament_cmake_version': /usr/bin/cmake --install /home/lfvmu/kobuki/build/ament_cmake_version
[1.409s] -- Install configuration: "RelWithDebInfo"
[1.409s] -- Up-to-date: /home/lfvmu/kobuki/install/share/ament_index/resource_index/package_run_dependencies/ament_cmake_version
[1.409s] -- Up-to-date: /home/lfvmu/kobuki/install/share/ament_index/resource_index/parent_prefix_path/ament_cmake_version
[1.410s] -- Up-to-date: /home/lfvmu/kobuki/install/share/ament_cmake_version/environment/ament_prefix_path.sh
[1.410s] -- Installing: /home/lfvmu/kobuki/install/share/ament_cmake_version/environment/ament_prefix_path.dsv
[1.410s] -- Up-to-date: /home/lfvmu/kobuki/install/share/ament_cmake_version/environment/path.sh
[1.411s] -- Installing: /home/lfvmu/kobuki/install/share/ament_cmake_version/environment/path.dsv
[1.411s] -- Up-to-date: /home/lfvmu/kobuki/install/share/ament_cmake_version/local_setup.bash
[1.411s] -- Up-to-date: /home/lfvmu/kobuki/install/share/ament_cmake_version/local_setup.sh
[1.412s] -- Up-to-date: /home/lfvmu/kobuki/install/share/ament_cmake_version/local_setup.zsh
[1.412s] -- Installing: /home/lfvmu/kobuki/install/share/ament_cmake_version/local_setup.dsv
[1.412s] -- Installing: /home/lfvmu/kobuki/install/share/ament_cmake_version/package.dsv
[1.413s] -- Up-to-date: /home/lfvmu/kobuki/install/share/ament_index/resource_index/packages/ament_cmake_version
[1.413s] -- Up-to-date: /home/lfvmu/kobuki/install/share/ament_cmake_version/cmake/ament_cmake_version-extras.cmake
[1.413s] -- Up-to-date: /home/lfvmu/kobuki/install/share/ament_cmake_version/cmake/ament_cmake_versionConfig.cmake
[1.414s] -- Up-to-date: /home/lfvmu/kobuki/install/share/ament_cmake_version/cmake/ament_cmake_versionConfig-version.cmake
[1.414s] -- Up-to-date: /home/lfvmu/kobuki/install/share/ament_cmake_version/package.xml
[1.416s] -- Up-to-date: /home/lfvmu/kobuki/install/share/ament_cmake_version/cmake
[1.417s] -- Up-to-date: /home/lfvmu/kobuki/install/share/ament_cmake_version/cmake/ament_export_development_version_if_higher_than_manifest.cmake
[1.444s] Invoked command in '/home/lfvmu/kobuki/build/ament_cmake_version' returned '0': /usr/bin/cmake --install /home/lfvmu/kobuki/build/ament_cmake_version
