[0.257s] Invoking command in '/home/lfvmu/kobuki/build/ament_cmake_flake8': /usr/bin/cmake /home/lfvmu/kobuki/src/ament_lint/ament_cmake_flake8 -DBUILD_TESTING=OFF --no-warn-unused-cli -DCMAKE_INSTALL_PREFIX=/home/lfvmu/kobuki/install
[0.279s] Not searching for unused variables given on the command line.
[0.280s] -- Found ament_cmake_core: 0.9.11 (/home/lfvmu/kobuki/install/share/ament_cmake_core/cmake)
[0.315s] -- Using PYTHON_EXECUTABLE: /usr/bin/python3
[0.643s] -- Found ament_cmake_test: 0.9.11 (/home/lfvmu/kobuki/install/share/ament_cmake_test/cmake)
[0.771s] -- Configuring done
[0.776s] -- Generating done
[0.781s] -- Build files have been written to: /home/lfvmu/kobuki/build/ament_cmake_flake8
[0.795s] Invoked command in '/home/lfvmu/kobuki/build/ament_cmake_flake8' returned '0': /usr/bin/cmake /home/lfvmu/kobuki/src/ament_lint/ament_cmake_flake8 -DBUILD_TESTING=OFF --no-warn-unused-cli -DCMAKE_INSTALL_PREFIX=/home/lfvmu/kobuki/install
[0.797s] Invoking command in '/home/lfvmu/kobuki/build/ament_cmake_flake8': /usr/bin/cmake --build /home/lfvmu/kobuki/build/ament_cmake_flake8 -- -j4 -l4
[0.899s] Invoked command in '/home/lfvmu/kobuki/build/ament_cmake_flake8' returned '0': /usr/bin/cmake --build /home/lfvmu/kobuki/build/ament_cmake_flake8 -- -j4 -l4
[1.107s] Invoking command in '/home/lfvmu/kobuki/build/ament_cmake_flake8': /usr/bin/cmake --install /home/lfvmu/kobuki/build/ament_cmake_flake8
[1.129s] -- Install configuration: "RelWithDebInfo"
[1.129s] -- Up-to-date: /home/lfvmu/kobuki/install/share/ament_index/resource_index/package_run_dependencies/ament_cmake_flake8
[1.129s] -- Up-to-date: /home/lfvmu/kobuki/install/share/ament_index/resource_index/parent_prefix_path/ament_cmake_flake8
[1.129s] -- Up-to-date: /home/lfvmu/kobuki/install/share/ament_cmake_flake8/environment/ament_prefix_path.sh
[1.130s] -- Installing: /home/lfvmu/kobuki/install/share/ament_cmake_flake8/environment/ament_prefix_path.dsv
[1.130s] -- Up-to-date: /home/lfvmu/kobuki/install/share/ament_cmake_flake8/environment/path.sh
[1.130s] -- Installing: /home/lfvmu/kobuki/install/share/ament_cmake_flake8/environment/path.dsv
[1.130s] -- Up-to-date: /home/lfvmu/kobuki/install/share/ament_cmake_flake8/local_setup.bash
[1.131s] -- Up-to-date: /home/lfvmu/kobuki/install/share/ament_cmake_flake8/local_setup.sh
[1.131s] -- Up-to-date: /home/lfvmu/kobuki/install/share/ament_cmake_flake8/local_setup.zsh
[1.131s] -- Installing: /home/lfvmu/kobuki/install/share/ament_cmake_flake8/local_setup.dsv
[1.133s] -- Installing: /home/lfvmu/kobuki/install/share/ament_cmake_flake8/package.dsv
[1.133s] -- Up-to-date: /home/lfvmu/kobuki/install/share/ament_index/resource_index/packages/ament_cmake_flake8
[1.133s] -- Up-to-date: /home/lfvmu/kobuki/install/share/ament_cmake_flake8/cmake/ament_cmake_flake8-extras.cmake
[1.133s] -- Up-to-date: /home/lfvmu/kobuki/install/share/ament_cmake_flake8/cmake/ament_cmake_flake8Config.cmake
[1.133s] -- Up-to-date: /home/lfvmu/kobuki/install/share/ament_cmake_flake8/cmake/ament_cmake_flake8Config-version.cmake
[1.133s] -- Up-to-date: /home/lfvmu/kobuki/install/share/ament_cmake_flake8/package.xml
[1.133s] -- Up-to-date: /home/lfvmu/kobuki/install/share/ament_cmake_flake8/cmake
[1.134s] -- Up-to-date: /home/lfvmu/kobuki/install/share/ament_cmake_flake8/cmake/ament_cmake_flake8_lint_hook.cmake
[1.134s] -- Up-to-date: /home/lfvmu/kobuki/install/share/ament_cmake_flake8/cmake/ament_flake8.cmake
[1.141s] Invoked command in '/home/lfvmu/kobuki/build/ament_cmake_flake8' returned '0': /usr/bin/cmake --install /home/lfvmu/kobuki/build/ament_cmake_flake8
