[0.392s] Invoking command in '/home/lfvmu/kobuki/build/ecl_core_apps': /usr/bin/cmake /home/lfvmu/kobuki/src/ecl_core/ecl_core_apps -DBUILD_TESTING=OFF -DCMAKE_INSTALL_PREFIX=/home/lfvmu/kobuki/install
[0.440s] -- Found ament_cmake_ros: 0.9.2 (/home/lfvmu/kobuki/install/share/ament_cmake_ros/cmake)
[0.480s] -- Using PYTHON_EXECUTABLE: /usr/bin/python3
[0.835s] -- Found ecl_build: 1.0.3 (/home/lfvmu/kobuki/install/share/ecl_build/cmake)
[0.855s] -- Found ecl_config: 1.1.0 (/home/lfvmu/kobuki/install/share/ecl_config/cmake)
[0.855s] -- Found ecl_linear_algebra: 1.2.1 (/home/lfvmu/kobuki/install/share/ecl_linear_algebra/cmake)
[0.982s] -- Found ecl_command_line: 1.2.1 (/home/lfvmu/kobuki/install/share/ecl_command_line/cmake)
[0.991s] -- Found ecl_containers: 1.2.1 (/home/lfvmu/kobuki/install/share/ecl_containers/cmake)
[1.030s] -- Found ecl_devices: 1.2.1 (/home/lfvmu/kobuki/install/share/ecl_devices/cmake)
[1.112s] -- Found ecl_geometry: 1.2.1 (/home/lfvmu/kobuki/install/share/ecl_geometry/cmake)
[1.136s] -- Found ecl_ipc: 1.2.1 (/home/lfvmu/kobuki/install/share/ecl_ipc/cmake)
[1.170s] -- Found ecl_sigslots: 1.2.1 (/home/lfvmu/kobuki/install/share/ecl_sigslots/cmake)
[1.191s] -- Found ecl_streams: 1.2.1 (/home/lfvmu/kobuki/install/share/ecl_streams/cmake)
[1.381s] -- Configuring done
[1.555s] -- Generating done
[1.568s] -- Build files have been written to: /home/lfvmu/kobuki/build/ecl_core_apps
[1.579s] Invoked command in '/home/lfvmu/kobuki/build/ecl_core_apps' returned '0': /usr/bin/cmake /home/lfvmu/kobuki/src/ecl_core/ecl_core_apps -DBUILD_TESTING=OFF -DCMAKE_INSTALL_PREFIX=/home/lfvmu/kobuki/install
[1.585s] Invoking command in '/home/lfvmu/kobuki/build/ecl_core_apps': /usr/bin/cmake --build /home/lfvmu/kobuki/build/ecl_core_apps -- -j4 -l4
[1.714s] [  5%] Built target ecl_bench_snooze
[1.719s] [ 11%] Built target ecl_bench_exceptions
[1.728s] [ 17%] Built target ecl_bench_string_conversions
[1.749s] [ 23%] Built target ecl_bench_files
[1.774s] [ 29%] Built target ecl_bench_streams
[1.823s] [ 35%] Built target ecl_bench_eigen3_inverse
[1.825s] [ 41%] Built target ecl_bench_eigen3_transforms
[1.851s] [ 47%] Built target ecl_bench_containers
[1.857s] [ 52%] Built target ecl_bench_eigen3_decompositions
[1.884s] [ 58%] Built target ecl_bench_flops
[1.916s] [ 64%] Built target ecl_hex
[1.921s] [ 70%] Built target ecl_socket_server
[1.933s] [ 76%] Built target ecl_process_statistics
[1.945s] [ 82%] Built target ecl_serial
[1.995s] [ 88%] Built target ecl_socket_client
[2.010s] [ 94%] Built target ecl_yaw2quaternion
[2.021s] [100%] Built target ecl_quaternion2yaw
[2.052s] Invoked command in '/home/lfvmu/kobuki/build/ecl_core_apps' returned '0': /usr/bin/cmake --build /home/lfvmu/kobuki/build/ecl_core_apps -- -j4 -l4
[2.122s] Invoking command in '/home/lfvmu/kobuki/build/ecl_core_apps': /usr/bin/cmake --install /home/lfvmu/kobuki/build/ecl_core_apps
[2.140s] -- Install configuration: "RelWithDebInfo"
[2.141s] -- Up-to-date: /home/lfvmu/kobuki/install/share/ament_index/resource_index/package_run_dependencies/ecl_core_apps
[2.141s] -- Up-to-date: /home/lfvmu/kobuki/install/share/ament_index/resource_index/parent_prefix_path/ecl_core_apps
[2.142s] -- Up-to-date: /home/lfvmu/kobuki/install/share/ecl_core_apps/environment/ament_prefix_path.sh
[2.143s] -- Installing: /home/lfvmu/kobuki/install/share/ecl_core_apps/environment/ament_prefix_path.dsv
[2.143s] -- Up-to-date: /home/lfvmu/kobuki/install/share/ecl_core_apps/environment/path.sh
[2.143s] -- Installing: /home/lfvmu/kobuki/install/share/ecl_core_apps/environment/path.dsv
[2.143s] -- Up-to-date: /home/lfvmu/kobuki/install/share/ecl_core_apps/local_setup.bash
[2.144s] -- Up-to-date: /home/lfvmu/kobuki/install/share/ecl_core_apps/local_setup.sh
[2.144s] -- Up-to-date: /home/lfvmu/kobuki/install/share/ecl_core_apps/local_setup.zsh
[2.144s] -- Installing: /home/lfvmu/kobuki/install/share/ecl_core_apps/local_setup.dsv
[2.144s] -- Installing: /home/lfvmu/kobuki/install/share/ecl_core_apps/package.dsv
[2.145s] -- Up-to-date: /home/lfvmu/kobuki/install/share/ament_index/resource_index/packages/ecl_core_apps
[2.145s] -- Up-to-date: /home/lfvmu/kobuki/install/share/ecl_core_apps/cmake/ecl_core_appsConfig.cmake
[2.145s] -- Up-to-date: /home/lfvmu/kobuki/install/share/ecl_core_apps/cmake/ecl_core_appsConfig-version.cmake
[2.145s] -- Up-to-date: /home/lfvmu/kobuki/install/share/ecl_core_apps/package.xml
[2.148s] -- Up-to-date: /home/lfvmu/kobuki/install/bin/ecl_bench_containers
[2.150s] -- Up-to-date: /home/lfvmu/kobuki/install/bin/ecl_bench_files
[2.153s] -- Up-to-date: /home/lfvmu/kobuki/install/bin/ecl_bench_flops
[2.156s] -- Up-to-date: /home/lfvmu/kobuki/install/bin/ecl_bench_exceptions
[2.158s] -- Up-to-date: /home/lfvmu/kobuki/install/bin/ecl_bench_snooze
[2.161s] -- Up-to-date: /home/lfvmu/kobuki/install/bin/ecl_bench_streams
[2.164s] -- Up-to-date: /home/lfvmu/kobuki/install/bin/ecl_bench_string_conversions
[2.167s] -- Up-to-date: /home/lfvmu/kobuki/install/bin/ecl_bench_eigen3_inverse
[2.169s] -- Up-to-date: /home/lfvmu/kobuki/install/bin/ecl_bench_eigen3_decompositions
[2.170s] -- Up-to-date: /home/lfvmu/kobuki/install/bin/ecl_bench_eigen3_transforms
[2.172s] -- Up-to-date: /home/lfvmu/kobuki/install/lib/ecl_core_apps/ecl_hex
[2.173s] -- Up-to-date: /home/lfvmu/kobuki/install/lib/ecl_core_apps/ecl_serial
[2.174s] -- Up-to-date: /home/lfvmu/kobuki/install/lib/ecl_core_apps/ecl_socket_client
[2.175s] -- Up-to-date: /home/lfvmu/kobuki/install/lib/ecl_core_apps/ecl_socket_server
[2.176s] -- Up-to-date: /home/lfvmu/kobuki/install/bin/ecl_process_statistics
[2.176s] -- Up-to-date: /home/lfvmu/kobuki/install/bin/ecl_quaternion2yaw
[2.177s] -- Up-to-date: /home/lfvmu/kobuki/install/bin/ecl_yaw2quaternion
[2.187s] Invoked command in '/home/lfvmu/kobuki/build/ecl_core_apps' returned '0': /usr/bin/cmake --install /home/lfvmu/kobuki/build/ecl_core_apps
