[0.345s] Invoking command in '/home/lfvmu/kobuki/build/ecl_statistics': /usr/bin/cmake /home/lfvmu/kobuki/src/ecl_core/ecl_statistics -DBUILD_TESTING=OFF -DCMAKE_BUILD_TYPE=RelWithDebInfo -DCMAKE_INSTALL_PREFIX=/home/lfvmu/kobuki/install
[0.396s] -- Found ament_cmake_ros: 0.9.2 (/home/lfvmu/kobuki/install/share/ament_cmake_ros/cmake)
[0.443s] -- Using PYTHON_EXECUTABLE: /usr/bin/python3
[0.789s] -- Found ecl_build: 1.0.3 (/home/lfvmu/kobuki/install/share/ecl_build/cmake)
[0.811s] -- Found ecl_config: 1.1.0 (/home/lfvmu/kobuki/install/share/ecl_config/cmake)
[0.812s] -- Found ecl_linear_algebra: 1.2.1 (/home/lfvmu/kobuki/install/share/ecl_linear_algebra/cmake)
[1.103s] -- Configuring done
[1.130s] -- Generating done
[1.135s] -- Build files have been written to: /home/lfvmu/kobuki/build/ecl_statistics
[1.151s] Invoked command in '/home/lfvmu/kobuki/build/ecl_statistics' returned '0': /usr/bin/cmake /home/lfvmu/kobuki/src/ecl_core/ecl_statistics -DBUILD_TESTING=OFF -DCMAKE_BUILD_TYPE=RelWithDebInfo -DCMAKE_INSTALL_PREFIX=/home/lfvmu/kobuki/install
[1.159s] Invoking command in '/home/lfvmu/kobuki/build/ecl_statistics': /usr/bin/cmake --build /home/lfvmu/kobuki/build/ecl_statistics -- -j4 -l4
[1.300s] [100%] Built target ecl_statistics
[1.395s] Invoked command in '/home/lfvmu/kobuki/build/ecl_statistics' returned '0': /usr/bin/cmake --build /home/lfvmu/kobuki/build/ecl_statistics -- -j4 -l4
[1.454s] Invoking command in '/home/lfvmu/kobuki/build/ecl_statistics': /usr/bin/cmake --install /home/lfvmu/kobuki/build/ecl_statistics
[1.478s] -- Install configuration: "RelWithDebInfo"
[1.479s] -- Up-to-date: /home/lfvmu/kobuki/install/share/ecl_statistics/environment/library_path.sh
[1.479s] -- Installing: /home/lfvmu/kobuki/install/share/ecl_statistics/environment/library_path.dsv
[1.480s] -- Up-to-date: /home/lfvmu/kobuki/install/share/ament_index/resource_index/package_run_dependencies/ecl_statistics
[1.480s] -- Up-to-date: /home/lfvmu/kobuki/install/share/ament_index/resource_index/parent_prefix_path/ecl_statistics
[1.481s] -- Up-to-date: /home/lfvmu/kobuki/install/share/ecl_statistics/environment/ament_prefix_path.sh
[1.481s] -- Installing: /home/lfvmu/kobuki/install/share/ecl_statistics/environment/ament_prefix_path.dsv
[1.482s] -- Up-to-date: /home/lfvmu/kobuki/install/share/ecl_statistics/environment/path.sh
[1.482s] -- Installing: /home/lfvmu/kobuki/install/share/ecl_statistics/environment/path.dsv
[1.483s] -- Up-to-date: /home/lfvmu/kobuki/install/share/ecl_statistics/local_setup.bash
[1.483s] -- Up-to-date: /home/lfvmu/kobuki/install/share/ecl_statistics/local_setup.sh
[1.483s] -- Up-to-date: /home/lfvmu/kobuki/install/share/ecl_statistics/local_setup.zsh
[1.484s] -- Installing: /home/lfvmu/kobuki/install/share/ecl_statistics/local_setup.dsv
[1.485s] -- Installing: /home/lfvmu/kobuki/install/share/ecl_statistics/package.dsv
[1.485s] -- Up-to-date: /home/lfvmu/kobuki/install/share/ament_index/resource_index/packages/ecl_statistics
[1.486s] -- Up-to-date: /home/lfvmu/kobuki/install/share/ecl_statistics/cmake/ecl_statisticsExport.cmake
[1.486s] -- Installing: /home/lfvmu/kobuki/install/share/ecl_statistics/cmake/ecl_statisticsExport-relwithdebinfo.cmake
[1.487s] -- Up-to-date: /home/lfvmu/kobuki/install/share/ecl_statistics/cmake/ament_cmake_export_targets-extras.cmake
[1.488s] -- Up-to-date: /home/lfvmu/kobuki/install/share/ecl_statistics/cmake/ament_cmake_export_include_directories-extras.cmake
[1.488s] -- Up-to-date: /home/lfvmu/kobuki/install/share/ecl_statistics/cmake/ament_cmake_export_libraries-extras.cmake
[1.488s] -- Up-to-date: /home/lfvmu/kobuki/install/share/ecl_statistics/cmake/ament_cmake_export_dependencies-extras.cmake
[1.489s] -- Up-to-date: /home/lfvmu/kobuki/install/share/ecl_statistics/cmake/ecl_statisticsConfig.cmake
[1.489s] -- Up-to-date: /home/lfvmu/kobuki/install/share/ecl_statistics/cmake/ecl_statisticsConfig-version.cmake
[1.490s] -- Up-to-date: /home/lfvmu/kobuki/install/share/ecl_statistics/package.xml
[1.491s] -- Up-to-date: /home/lfvmu/kobuki/install/include/ecl/statistics.hpp
[1.492s] -- Up-to-date: /home/lfvmu/kobuki/install/include/ecl/statistics/covariance_ellipsoid.hpp
[1.492s] -- Up-to-date: /home/lfvmu/kobuki/install/include/ecl/statistics/cumulative_statistics.hpp
[1.493s] -- Up-to-date: /home/lfvmu/kobuki/install/lib/libecl_statistics.so.1.2.1
[1.494s] -- Up-to-date: /home/lfvmu/kobuki/install/lib/libecl_statistics.so
[1.499s] Invoked command in '/home/lfvmu/kobuki/build/ecl_statistics' returned '0': /usr/bin/cmake --install /home/lfvmu/kobuki/build/ecl_statistics
