[0.257s] Invoking command in '/home/lfvmu/kobuki/build/ament_cmake_mypy': AMENT_PREFIX_PATH=/home/lfvmu/kobuki/install CMAKE_PREFIX_PATH=/home/lfvmu/kobuki/install LD_LIBRARY_PATH=/home/lfvmu/kobuki/install/lib PATH=/home/lfvmu/kobuki/install/bin:${PATH} PYTHONPATH=/home/lfvmu/kobuki/install/lib/python3.8/site-packages /usr/bin/cmake /home/lfvmu/kobuki/src/ament_lint/ament_cmake_mypy -DBUILD_TESTING=OFF -DCMAKE_INSTALL_PREFIX=/home/lfvmu/kobuki/install
[0.279s] Re-run cmake no build system arguments
[0.290s] -- Found ament_cmake_core: 0.9.11 (/home/lfvmu/kobuki/install/share/ament_cmake_core/cmake)
[0.351s] -- Using PYTHON_EXECUTABLE: /usr/bin/python3
[0.678s] -- Found ament_cmake_test: 0.9.11 (/home/lfvmu/kobuki/install/share/ament_cmake_test/cmake)
[0.826s] -- Configuring done
[0.829s] -- Generating done
[0.832s] -- Build files have been written to: /home/lfvmu/kobuki/build/ament_cmake_mypy
[0.868s] Invoked command in '/home/lfvmu/kobuki/build/ament_cmake_mypy' returned '0': AMENT_PREFIX_PATH=/home/lfvmu/kobuki/install CMAKE_PREFIX_PATH=/home/lfvmu/kobuki/install LD_LIBRARY_PATH=/home/lfvmu/kobuki/install/lib PATH=/home/lfvmu/kobuki/install/bin:${PATH} PYTHONPATH=/home/lfvmu/kobuki/install/lib/python3.8/site-packages /usr/bin/cmake /home/lfvmu/kobuki/src/ament_lint/ament_cmake_mypy -DBUILD_TESTING=OFF -DCMAKE_INSTALL_PREFIX=/home/lfvmu/kobuki/install
[0.870s] Invoking command in '/home/lfvmu/kobuki/build/ament_cmake_mypy': AMENT_PREFIX_PATH=/home/lfvmu/kobuki/install CMAKE_PREFIX_PATH=/home/lfvmu/kobuki/install LD_LIBRARY_PATH=/home/lfvmu/kobuki/install/lib PATH=/home/lfvmu/kobuki/install/bin:${PATH} PYTHONPATH=/home/lfvmu/kobuki/install/lib/python3.8/site-packages /usr/bin/cmake --build /home/lfvmu/kobuki/build/ament_cmake_mypy -- -j4 -l4
[0.911s] /usr/bin/cmake -S/home/lfvmu/kobuki/src/ament_lint/ament_cmake_mypy -B/home/lfvmu/kobuki/build/ament_cmake_mypy --check-build-system CMakeFiles/Makefile.cmake 0
[0.943s] /usr/bin/cmake -E cmake_progress_start /home/lfvmu/kobuki/build/ament_cmake_mypy/CMakeFiles /home/lfvmu/kobuki/build/ament_cmake_mypy/CMakeFiles/progress.marks
[0.954s] /usr/bin/make -f CMakeFiles/Makefile2 all
[0.977s] make[1]: Entering directory '/home/lfvmu/kobuki/build/ament_cmake_mypy'
[0.977s] make[1]: Nothing to be done for 'all'.
[0.977s] make[1]: Leaving directory '/home/lfvmu/kobuki/build/ament_cmake_mypy'
[0.978s] /usr/bin/cmake -E cmake_progress_start /home/lfvmu/kobuki/build/ament_cmake_mypy/CMakeFiles 0
[1.013s] Invoked command in '/home/lfvmu/kobuki/build/ament_cmake_mypy' returned '0': AMENT_PREFIX_PATH=/home/lfvmu/kobuki/install CMAKE_PREFIX_PATH=/home/lfvmu/kobuki/install LD_LIBRARY_PATH=/home/lfvmu/kobuki/install/lib PATH=/home/lfvmu/kobuki/install/bin:${PATH} PYTHONPATH=/home/lfvmu/kobuki/install/lib/python3.8/site-packages /usr/bin/cmake --build /home/lfvmu/kobuki/build/ament_cmake_mypy -- -j4 -l4
[1.130s] Invoking command in '/home/lfvmu/kobuki/build/ament_cmake_mypy': AMENT_PREFIX_PATH=/home/lfvmu/kobuki/install CMAKE_PREFIX_PATH=/home/lfvmu/kobuki/install LD_LIBRARY_PATH=/home/lfvmu/kobuki/install/lib PATH=/home/lfvmu/kobuki/install/bin:${PATH} PYTHONPATH=/home/lfvmu/kobuki/install/lib/python3.8/site-packages /usr/bin/cmake --install /home/lfvmu/kobuki/build/ament_cmake_mypy
[1.148s] -- Install configuration: ""
[1.149s] -- Up-to-date: /home/lfvmu/kobuki/install/share/ament_index/resource_index/package_run_dependencies/ament_cmake_mypy
[1.149s] -- Up-to-date: /home/lfvmu/kobuki/install/share/ament_index/resource_index/parent_prefix_path/ament_cmake_mypy
[1.149s] -- Up-to-date: /home/lfvmu/kobuki/install/share/ament_cmake_mypy/environment/ament_prefix_path.sh
[1.150s] -- Installing: /home/lfvmu/kobuki/install/share/ament_cmake_mypy/environment/ament_prefix_path.dsv
[1.150s] -- Up-to-date: /home/lfvmu/kobuki/install/share/ament_cmake_mypy/environment/path.sh
[1.151s] -- Installing: /home/lfvmu/kobuki/install/share/ament_cmake_mypy/environment/path.dsv
[1.152s] -- Up-to-date: /home/lfvmu/kobuki/install/share/ament_cmake_mypy/local_setup.bash
[1.152s] -- Up-to-date: /home/lfvmu/kobuki/install/share/ament_cmake_mypy/local_setup.sh
[1.152s] -- Up-to-date: /home/lfvmu/kobuki/install/share/ament_cmake_mypy/local_setup.zsh
[1.153s] -- Installing: /home/lfvmu/kobuki/install/share/ament_cmake_mypy/local_setup.dsv
[1.153s] -- Installing: /home/lfvmu/kobuki/install/share/ament_cmake_mypy/package.dsv
[1.153s] -- Up-to-date: /home/lfvmu/kobuki/install/share/ament_index/resource_index/packages/ament_cmake_mypy
[1.154s] -- Up-to-date: /home/lfvmu/kobuki/install/share/ament_cmake_mypy/cmake/ament_cmake_mypy-extras.cmake
[1.155s] -- Up-to-date: /home/lfvmu/kobuki/install/share/ament_cmake_mypy/cmake/ament_cmake_mypyConfig.cmake
[1.156s] -- Up-to-date: /home/lfvmu/kobuki/install/share/ament_cmake_mypy/cmake/ament_cmake_mypyConfig-version.cmake
[1.156s] -- Up-to-date: /home/lfvmu/kobuki/install/share/ament_cmake_mypy/package.xml
[1.162s] -- Up-to-date: /home/lfvmu/kobuki/install/share/ament_cmake_mypy/cmake
[1.162s] -- Up-to-date: /home/lfvmu/kobuki/install/share/ament_cmake_mypy/cmake/ament_cmake_mypy_lint_hook.cmake
[1.163s] -- Up-to-date: /home/lfvmu/kobuki/install/share/ament_cmake_mypy/cmake/ament_mypy.cmake
[1.165s] Invoked command in '/home/lfvmu/kobuki/build/ament_cmake_mypy' returned '0': AMENT_PREFIX_PATH=/home/lfvmu/kobuki/install CMAKE_PREFIX_PATH=/home/lfvmu/kobuki/install LD_LIBRARY_PATH=/home/lfvmu/kobuki/install/lib PATH=/home/lfvmu/kobuki/install/bin:${PATH} PYTHONPATH=/home/lfvmu/kobuki/install/lib/python3.8/site-packages /usr/bin/cmake --install /home/lfvmu/kobuki/build/ament_cmake_mypy
