Re-run cmake no build system arguments
-- Found ament_cmake_core: 0.9.11 (/home/lfvmu/kobuki/install/share/ament_cmake_core/cmake)
-- Using PYTHON_EXECUTABLE: /usr/bin/python3
-- Configuring done
-- Generating done
-- Build files have been written to: /home/lfvmu/kobuki/build/ament_cmake_version
/usr/bin/cmake -S/home/lfvmu/kobuki/src/ament_cmake/ament_cmake_version -B/home/lfvmu/kobuki/build/ament_cmake_version --check-build-system CMakeFiles/Makefile.cmake 0
/usr/bin/cmake -E cmake_progress_start /home/lfvmu/kobuki/build/ament_cmake_version/CMakeFiles /home/lfvmu/kobuki/build/ament_cmake_version/CMakeFiles/progress.marks
/usr/bin/make -f CMakeFiles/Makefile2 all
make[1]: Entering directory '/home/lfvmu/kobuki/build/ament_cmake_version'
make[1]: Nothing to be done for 'all'.
make[1]: Leaving directory '/home/lfvmu/kobuki/build/ament_cmake_version'
/usr/bin/cmake -E cmake_progress_start /home/lfvmu/kobuki/build/ament_cmake_version/CMakeFiles 0
-- Install configuration: ""
-- Up-to-date: /home/lfvmu/kobuki/install/share/ament_index/resource_index/package_run_dependencies/ament_cmake_version
-- Up-to-date: /home/lfvmu/kobuki/install/share/ament_index/resource_index/parent_prefix_path/ament_cmake_version
-- Up-to-date: /home/lfvmu/kobuki/install/share/ament_cmake_version/environment/ament_prefix_path.sh
-- Installing: /home/lfvmu/kobuki/install/share/ament_cmake_version/environment/ament_prefix_path.dsv
-- Up-to-date: /home/lfvmu/kobuki/install/share/ament_cmake_version/environment/path.sh
-- Installing: /home/lfvmu/kobuki/install/share/ament_cmake_version/environment/path.dsv
-- Up-to-date: /home/lfvmu/kobuki/install/share/ament_cmake_version/local_setup.bash
-- Up-to-date: /home/lfvmu/kobuki/install/share/ament_cmake_version/local_setup.sh
-- Up-to-date: /home/lfvmu/kobuki/install/share/ament_cmake_version/local_setup.zsh
-- Installing: /home/lfvmu/kobuki/install/share/ament_cmake_version/local_setup.dsv
-- Installing: /home/lfvmu/kobuki/install/share/ament_cmake_version/package.dsv
-- Up-to-date: /home/lfvmu/kobuki/install/share/ament_index/resource_index/packages/ament_cmake_version
-- Up-to-date: /home/lfvmu/kobuki/install/share/ament_cmake_version/cmake/ament_cmake_version-extras.cmake
-- Up-to-date: /home/lfvmu/kobuki/install/share/ament_cmake_version/cmake/ament_cmake_versionConfig.cmake
-- Up-to-date: /home/lfvmu/kobuki/install/share/ament_cmake_version/cmake/ament_cmake_versionConfig-version.cmake
-- Up-to-date: /home/lfvmu/kobuki/install/share/ament_cmake_version/package.xml
-- Up-to-date: /home/lfvmu/kobuki/install/share/ament_cmake_version/cmake
-- Up-to-date: /home/lfvmu/kobuki/install/share/ament_cmake_version/cmake/ament_export_development_version_if_higher_than_manifest.cmake
