[0.066s] Invoking command in '/home/lfvmu/kobuki/build/ament_cmake_version': AMENT_PREFIX_PATH=/home/lfvmu/kobuki/install CMAKE_PREFIX_PATH=/home/lfvmu/kobuki/install LD_LIBRARY_PATH=/home/lfvmu/kobuki/install/lib PATH=/home/lfvmu/kobuki/install/bin:${PATH} PYTHONPATH=/home/lfvmu/kobuki/install/lib/python3.8/site-packages /usr/bin/cmake /home/lfvmu/kobuki/src/ament_cmake/ament_cmake_version -DBUILD_TESTING=OFF -DCMAKE_INSTALL_PREFIX=/home/lfvmu/kobuki/install
[0.090s] Re-run cmake no build system arguments
[0.117s] -- Found ament_cmake_core: 0.9.11 (/home/lfvmu/kobuki/install/share/ament_cmake_core/cmake)
[0.146s] -- Using PYTHON_EXECUTABLE: /usr/bin/python3
[0.693s] -- Configuring done
[0.701s] -- Generating done
[0.701s] -- Build files have been written to: /home/lfvmu/kobuki/build/ament_cmake_version
[0.713s] Invoked command in '/home/lfvmu/kobuki/build/ament_cmake_version' returned '0': AMENT_PREFIX_PATH=/home/lfvmu/kobuki/install CMAKE_PREFIX_PATH=/home/lfvmu/kobuki/install LD_LIBRARY_PATH=/home/lfvmu/kobuki/install/lib PATH=/home/lfvmu/kobuki/install/bin:${PATH} PYTHONPATH=/home/lfvmu/kobuki/install/lib/python3.8/site-packages /usr/bin/cmake /home/lfvmu/kobuki/src/ament_cmake/ament_cmake_version -DBUILD_TESTING=OFF -DCMAKE_INSTALL_PREFIX=/home/lfvmu/kobuki/install
[0.717s] Invoking command in '/home/lfvmu/kobuki/build/ament_cmake_version': AMENT_PREFIX_PATH=/home/lfvmu/kobuki/install CMAKE_PREFIX_PATH=/home/lfvmu/kobuki/install LD_LIBRARY_PATH=/home/lfvmu/kobuki/install/lib PATH=/home/lfvmu/kobuki/install/bin:${PATH} PYTHONPATH=/home/lfvmu/kobuki/install/lib/python3.8/site-packages /usr/bin/cmake --build /home/lfvmu/kobuki/build/ament_cmake_version -- -j4 -l4
[0.777s] /usr/bin/cmake -S/home/lfvmu/kobuki/src/ament_cmake/ament_cmake_version -B/home/lfvmu/kobuki/build/ament_cmake_version --check-build-system CMakeFiles/Makefile.cmake 0
[0.799s] /usr/bin/cmake -E cmake_progress_start /home/lfvmu/kobuki/build/ament_cmake_version/CMakeFiles /home/lfvmu/kobuki/build/ament_cmake_version/CMakeFiles/progress.marks
[0.840s] /usr/bin/make -f CMakeFiles/Makefile2 all
[0.841s] make[1]: Entering directory '/home/lfvmu/kobuki/build/ament_cmake_version'
[0.841s] make[1]: Nothing to be done for 'all'.
[0.842s] make[1]: Leaving directory '/home/lfvmu/kobuki/build/ament_cmake_version'
[0.842s] /usr/bin/cmake -E cmake_progress_start /home/lfvmu/kobuki/build/ament_cmake_version/CMakeFiles 0
[0.927s] Invoked command in '/home/lfvmu/kobuki/build/ament_cmake_version' returned '0': AMENT_PREFIX_PATH=/home/lfvmu/kobuki/install CMAKE_PREFIX_PATH=/home/lfvmu/kobuki/install LD_LIBRARY_PATH=/home/lfvmu/kobuki/install/lib PATH=/home/lfvmu/kobuki/install/bin:${PATH} PYTHONPATH=/home/lfvmu/kobuki/install/lib/python3.8/site-packages /usr/bin/cmake --build /home/lfvmu/kobuki/build/ament_cmake_version -- -j4 -l4
[1.292s] Invoking command in '/home/lfvmu/kobuki/build/ament_cmake_version': AMENT_PREFIX_PATH=/home/lfvmu/kobuki/install CMAKE_PREFIX_PATH=/home/lfvmu/kobuki/install LD_LIBRARY_PATH=/home/lfvmu/kobuki/install/lib PATH=/home/lfvmu/kobuki/install/bin:${PATH} PYTHONPATH=/home/lfvmu/kobuki/install/lib/python3.8/site-packages /usr/bin/cmake --install /home/lfvmu/kobuki/build/ament_cmake_version
[1.337s] -- Install configuration: ""
[1.337s] -- Up-to-date: /home/lfvmu/kobuki/install/share/ament_index/resource_index/package_run_dependencies/ament_cmake_version
[1.338s] -- Up-to-date: /home/lfvmu/kobuki/install/share/ament_index/resource_index/parent_prefix_path/ament_cmake_version
[1.338s] -- Up-to-date: /home/lfvmu/kobuki/install/share/ament_cmake_version/environment/ament_prefix_path.sh
[1.338s] -- Installing: /home/lfvmu/kobuki/install/share/ament_cmake_version/environment/ament_prefix_path.dsv
[1.338s] -- Up-to-date: /home/lfvmu/kobuki/install/share/ament_cmake_version/environment/path.sh
[1.338s] -- Installing: /home/lfvmu/kobuki/install/share/ament_cmake_version/environment/path.dsv
[1.339s] -- Up-to-date: /home/lfvmu/kobuki/install/share/ament_cmake_version/local_setup.bash
[1.339s] -- Up-to-date: /home/lfvmu/kobuki/install/share/ament_cmake_version/local_setup.sh
[1.340s] -- Up-to-date: /home/lfvmu/kobuki/install/share/ament_cmake_version/local_setup.zsh
[1.340s] -- Installing: /home/lfvmu/kobuki/install/share/ament_cmake_version/local_setup.dsv
[1.340s] -- Installing: /home/lfvmu/kobuki/install/share/ament_cmake_version/package.dsv
[1.340s] -- Up-to-date: /home/lfvmu/kobuki/install/share/ament_index/resource_index/packages/ament_cmake_version
[1.340s] -- Up-to-date: /home/lfvmu/kobuki/install/share/ament_cmake_version/cmake/ament_cmake_version-extras.cmake
[1.341s] -- Up-to-date: /home/lfvmu/kobuki/install/share/ament_cmake_version/cmake/ament_cmake_versionConfig.cmake
[1.341s] -- Up-to-date: /home/lfvmu/kobuki/install/share/ament_cmake_version/cmake/ament_cmake_versionConfig-version.cmake
[1.341s] -- Up-to-date: /home/lfvmu/kobuki/install/share/ament_cmake_version/package.xml
[1.341s] -- Up-to-date: /home/lfvmu/kobuki/install/share/ament_cmake_version/cmake
[1.342s] -- Up-to-date: /home/lfvmu/kobuki/install/share/ament_cmake_version/cmake/ament_export_development_version_if_higher_than_manifest.cmake
[1.538s] Invoked command in '/home/lfvmu/kobuki/build/ament_cmake_version' returned '0': AMENT_PREFIX_PATH=/home/lfvmu/kobuki/install CMAKE_PREFIX_PATH=/home/lfvmu/kobuki/install LD_LIBRARY_PATH=/home/lfvmu/kobuki/install/lib PATH=/home/lfvmu/kobuki/install/bin:${PATH} PYTHONPATH=/home/lfvmu/kobuki/install/lib/python3.8/site-packages /usr/bin/cmake --install /home/lfvmu/kobuki/build/ament_cmake_version
