[1.141s] DEBUG:colcon:Command line arguments: ['/home/lfvmu/.local/bin/colcon', 'build', '--merge-install', '--cmake-args', '-DBUILD_TESTING=OFF', '--no-warn-unused-cli']
[1.142s] DEBUG:colcon:Parsed command line arguments: Namespace(ament_cmake_args=None, base_paths=['.'], build_base='build', catkin_cmake_args=None, catkin_skip_building_tests=False, cmake_args=['-DBUILD_TESTING=OFF', '--no-warn-unused-cli'], cmake_clean_cache=False, cmake_clean_first=False, cmake_force_configure=False, cmake_target=None, cmake_target_skip_unavailable=False, continue_on_error=False, event_handlers=None, executor='parallel', ignore_user_meta=False, install_base='install', log_base=None, log_level=None, main=<bound method BuildVerb.main of <colcon_core.verb.build.BuildVerb object at 0x7fbee3b07130>>, merge_install=True, metas=['./colcon.meta'], packages_above=None, packages_above_and_dependencies=None, packages_above_depth=None, packages_end=None, packages_ignore=None, packages_ignore_regex=None, packages_select=None, packages_select_build_failed=False, packages_select_by_dep=None, packages_select_regex=None, packages_select_test_failures=False, packages_skip=None, packages_skip_build_finished=False, packages_skip_by_dep=None, packages_skip_regex=None, packages_skip_test_passed=False, packages_skip_up_to=None, packages_start=None, packages_up_to=None, packages_up_to_regex=None, parallel_workers=4, paths=None, symlink_install=False, test_result_base=None, verb_extension=<colcon_core.verb.build.BuildVerb object at 0x7fbee3b07130>, verb_name='build', verb_parser=<colcon_defaults.argument_parser.defaults.DefaultArgumentsDecorator object at 0x7fbee3b07670>)
[1.214s] Level 1:colcon.colcon_core.package_discovery:discover_packages(colcon_meta) check parameters
[1.218s] INFO:colcon.colcon_metadata.package_discovery.colcon_meta:Using configuration from '/home/lfvmu/kobuki/colcon.meta'
[1.218s] Level 1:colcon.colcon_core.package_discovery:discover_packages(recursive) check parameters
[1.218s] Level 1:colcon.colcon_core.package_discovery:discover_packages(ignore) check parameters
[1.218s] Level 1:colcon.colcon_core.package_discovery:discover_packages(path) check parameters
[1.218s] Level 1:colcon.colcon_core.package_discovery:discover_packages(colcon_meta) discover
[1.218s] Level 1:colcon.colcon_core.package_discovery:discover_packages(recursive) discover
[1.218s] INFO:colcon.colcon_core.package_discovery:Crawling recursively for packages in '/home/lfvmu/kobuki'
[1.218s] Level 1:colcon.colcon_core.package_identification:_identify(.) by extensions ['ignore', 'ignore_ament_install']
[1.219s] Level 1:colcon.colcon_core.package_identification:_identify(.) by extension 'ignore'
[1.219s] Level 1:colcon.colcon_core.package_identification:_identify(.) by extension 'ignore_ament_install'
[1.219s] Level 1:colcon.colcon_core.package_identification:_identify(.) by extensions ['colcon_pkg']
[1.219s] Level 1:colcon.colcon_core.package_identification:_identify(.) by extension 'colcon_pkg'
[1.219s] Level 1:colcon.colcon_core.package_identification:_identify(.) by extensions ['colcon_meta']
[1.219s] Level 1:colcon.colcon_core.package_identification:_identify(.) by extension 'colcon_meta'
[1.219s] Level 1:colcon.colcon_core.package_identification:_identify(.) by extensions ['ros']
[1.219s] Level 1:colcon.colcon_core.package_identification:_identify(.) by extension 'ros'
[1.245s] Level 1:colcon.colcon_core.package_identification:_identify(.) by extensions ['cmake', 'python']
[1.245s] Level 1:colcon.colcon_core.package_identification:_identify(.) by extension 'cmake'
[1.246s] Level 1:colcon.colcon_core.package_identification:_identify(.) by extension 'python'
[1.246s] Level 1:colcon.colcon_core.package_identification:_identify(.) by extensions ['python_setup_py']
[1.246s] Level 1:colcon.colcon_core.package_identification:_identify(.) by extension 'python_setup_py'
[1.246s] Level 1:colcon.colcon_core.package_identification:_identify(build) by extensions ['ignore', 'ignore_ament_install']
[1.246s] Level 1:colcon.colcon_core.package_identification:_identify(build) by extension 'ignore'
[1.246s] Level 1:colcon.colcon_core.package_identification:_identify(build) ignored
[1.247s] Level 1:colcon.colcon_core.package_identification:_identify(install) by extensions ['ignore', 'ignore_ament_install']
[1.247s] Level 1:colcon.colcon_core.package_identification:_identify(install) by extension 'ignore'
[1.247s] Level 1:colcon.colcon_core.package_identification:_identify(install) ignored
[1.247s] Level 1:colcon.colcon_core.package_identification:_identify(log) by extensions ['ignore', 'ignore_ament_install']
[1.247s] Level 1:colcon.colcon_core.package_identification:_identify(log) by extension 'ignore'
[1.247s] Level 1:colcon.colcon_core.package_identification:_identify(log) ignored
[1.248s] Level 1:colcon.colcon_core.package_identification:_identify(src) by extensions ['ignore', 'ignore_ament_install']
[1.248s] Level 1:colcon.colcon_core.package_identification:_identify(src) by extension 'ignore'
[1.248s] Level 1:colcon.colcon_core.package_identification:_identify(src) by extension 'ignore_ament_install'
[1.248s] Level 1:colcon.colcon_core.package_identification:_identify(src) by extensions ['colcon_pkg']
[1.248s] Level 1:colcon.colcon_core.package_identification:_identify(src) by extension 'colcon_pkg'
[1.248s] Level 1:colcon.colcon_core.package_identification:_identify(src) by extensions ['colcon_meta']
[1.248s] Level 1:colcon.colcon_core.package_identification:_identify(src) by extension 'colcon_meta'
[1.248s] Level 1:colcon.colcon_core.package_identification:_identify(src) by extensions ['ros']
[1.248s] Level 1:colcon.colcon_core.package_identification:_identify(src) by extension 'ros'
[1.249s] Level 1:colcon.colcon_core.package_identification:_identify(src) by extensions ['cmake', 'python']
[1.249s] Level 1:colcon.colcon_core.package_identification:_identify(src) by extension 'cmake'
[1.649s] Level 1:colcon.colcon_core.package_identification:_identify(src) by extension 'python'
[1.649s] DEBUG:colcon.colcon_core.package_identification:Package 'src' with type 'cmake' and name 'src'
[1.649s] Level 1:colcon.colcon_core.package_discovery:discover_packages(recursive) using defaults
[1.650s] Level 1:colcon.colcon_core.package_discovery:discover_packages(ignore) discover
[1.650s] Level 1:colcon.colcon_core.package_discovery:discover_packages(ignore) using defaults
[1.650s] Level 1:colcon.colcon_core.package_discovery:discover_packages(path) discover
[1.650s] Level 1:colcon.colcon_core.package_discovery:discover_packages(path) using defaults
[1.742s] Level 5:colcon.colcon_core.verb:set package 'src' build argument 'cmake_args' from command line to '['-DBUILD_TESTING=OFF', '--no-warn-unused-cli']'
[1.742s] Level 5:colcon.colcon_core.verb:set package 'src' build argument 'cmake_target' from command line to 'None'
[1.742s] Level 5:colcon.colcon_core.verb:set package 'src' build argument 'cmake_target_skip_unavailable' from command line to 'False'
[1.743s] Level 5:colcon.colcon_core.verb:set package 'src' build argument 'cmake_clean_cache' from command line to 'False'
[1.743s] Level 5:colcon.colcon_core.verb:set package 'src' build argument 'cmake_clean_first' from command line to 'False'
[1.743s] Level 5:colcon.colcon_core.verb:set package 'src' build argument 'cmake_force_configure' from command line to 'False'
[1.743s] Level 5:colcon.colcon_core.verb:set package 'src' build argument 'ament_cmake_args' from command line to 'None'
[1.743s] Level 5:colcon.colcon_core.verb:set package 'src' build argument 'catkin_cmake_args' from command line to 'None'
[1.743s] Level 5:colcon.colcon_core.verb:set package 'src' build argument 'catkin_skip_building_tests' from command line to 'False'
[1.743s] DEBUG:colcon.colcon_core.verb:Building package 'src' with the following arguments: {'ament_cmake_args': None, 'build_base': '/home/lfvmu/kobuki/build/src', 'catkin_cmake_args': None, 'catkin_skip_building_tests': False, 'cmake_args': ['-DBUILD_TESTING=OFF', '--no-warn-unused-cli'], 'cmake_clean_cache': False, 'cmake_clean_first': False, 'cmake_force_configure': False, 'cmake_target': None, 'cmake_target_skip_unavailable': False, 'install_base': '/home/lfvmu/kobuki/install', 'merge_install': True, 'path': '/home/lfvmu/kobuki/src', 'symlink_install': False, 'test_result_base': None}
[1.748s] INFO:colcon.colcon_core.executor:Executing jobs using 'parallel' executor
[1.782s] DEBUG:colcon.colcon_parallel_executor.executor.parallel:run_until_complete
[1.783s] INFO:colcon.colcon_cmake.task.cmake.build:Building CMake package in '/home/lfvmu/kobuki/src'
[1.805s] INFO:colcon.colcon_core.plugin_system:Skipping extension 'colcon_core.shell.bat': Not used on non-Windows systems
[1.806s] INFO:colcon.colcon_core.shell:Skip shell extension 'powershell' for command environment: Not usable outside of PowerShell
[1.806s] DEBUG:colcon.colcon_core.shell:Skip shell extension 'dsv' for command environment
[1.852s] DEBUG:colcon.colcon_core.event_handler.log_command:Invoking command in '/home/lfvmu/kobuki/build/src': /usr/bin/cmake /home/lfvmu/kobuki/src -DBUILD_TESTING=OFF --no-warn-unused-cli -DCMAKE_INSTALL_PREFIX=/home/lfvmu/kobuki/install
[1.910s] DEBUG:colcon.colcon_core.event_handler.log_command:Invoked command in '/home/lfvmu/kobuki/build/src' returned '0': /usr/bin/cmake /home/lfvmu/kobuki/src -DBUILD_TESTING=OFF --no-warn-unused-cli -DCMAKE_INSTALL_PREFIX=/home/lfvmu/kobuki/install
[1.916s] DEBUG:colcon.colcon_core.event_handler.log_command:Invoking command in '/home/lfvmu/kobuki/build/src': /usr/bin/cmake --build /home/lfvmu/kobuki/build/src -- -j4 -l4
[1.990s] DEBUG:colcon.colcon_core.event_handler.log_command:Invoked command in '/home/lfvmu/kobuki/build/src' returned '0': /usr/bin/cmake --build /home/lfvmu/kobuki/build/src -- -j4 -l4
[2.022s] WARNING:colcon.colcon_cmake.task.cmake.build:Could not run installation step for package 'src' because it has no 'install' target
[2.023s] Level 1:colcon.colcon_core.environment:create_environment_scripts_only(src)
[2.049s] Level 1:colcon.colcon_core.environment:checking '/home/lfvmu/kobuki/install' for CMake module files
[2.050s] Level 1:colcon.colcon_core.environment:checking '/home/lfvmu/kobuki/install' for CMake config files
[2.062s] Level 1:colcon.colcon_core.shell:create_environment_hook('src', 'cmake_prefix_path')
[2.077s] INFO:colcon.colcon_core.shell:Creating environment hook '/home/lfvmu/kobuki/install/share/src/hook/cmake_prefix_path.ps1'
[2.078s] INFO:colcon.colcon_core.shell:Creating environment descriptor '/home/lfvmu/kobuki/install/share/src/hook/cmake_prefix_path.dsv'
[2.079s] INFO:colcon.colcon_core.shell:Creating environment hook '/home/lfvmu/kobuki/install/share/src/hook/cmake_prefix_path.sh'
[2.081s] Level 1:colcon.colcon_core.environment:checking '/home/lfvmu/kobuki/install/lib'
[2.081s] Level 1:colcon.colcon_core.shell:create_environment_hook('src', 'ld_library_path_lib')
[2.096s] INFO:colcon.colcon_core.shell:Creating environment hook '/home/lfvmu/kobuki/install/share/src/hook/ld_library_path_lib.ps1'
[2.097s] INFO:colcon.colcon_core.shell:Creating environment descriptor '/home/lfvmu/kobuki/install/share/src/hook/ld_library_path_lib.dsv'
[2.097s] INFO:colcon.colcon_core.shell:Creating environment hook '/home/lfvmu/kobuki/install/share/src/hook/ld_library_path_lib.sh'
[2.098s] Level 1:colcon.colcon_core.environment:checking '/home/lfvmu/kobuki/install/bin'
[2.098s] Level 1:colcon.colcon_core.shell:create_environment_hook('src', 'path')
[2.114s] INFO:colcon.colcon_core.shell:Creating environment hook '/home/lfvmu/kobuki/install/share/src/hook/path.ps1'
[2.114s] INFO:colcon.colcon_core.shell:Creating environment descriptor '/home/lfvmu/kobuki/install/share/src/hook/path.dsv'
[2.115s] INFO:colcon.colcon_core.shell:Creating environment hook '/home/lfvmu/kobuki/install/share/src/hook/path.sh'
[2.116s] Level 1:colcon.colcon_core.environment:checking '/home/lfvmu/kobuki/install/lib/pkgconfig/src.pc'
[2.118s] Level 1:colcon.colcon_core.environment:checking '/home/lfvmu/kobuki/install/lib/python3.8/site-packages'
[2.118s] Level 1:colcon.colcon_core.shell:create_environment_hook('src', 'pythonpath')
[2.133s] INFO:colcon.colcon_core.shell:Creating environment hook '/home/lfvmu/kobuki/install/share/src/hook/pythonpath.ps1'
[2.134s] INFO:colcon.colcon_core.shell:Creating environment descriptor '/home/lfvmu/kobuki/install/share/src/hook/pythonpath.dsv'
[2.134s] INFO:colcon.colcon_core.shell:Creating environment hook '/home/lfvmu/kobuki/install/share/src/hook/pythonpath.sh'
[2.135s] Level 1:colcon.colcon_core.environment:checking '/home/lfvmu/kobuki/install/bin'
[2.135s] Level 1:colcon.colcon_core.shell:create_environment_hook('src', 'pythonscriptspath')
[2.150s] INFO:colcon.colcon_core.shell:Creating environment hook '/home/lfvmu/kobuki/install/share/src/hook/pythonscriptspath.ps1'
[2.151s] INFO:colcon.colcon_core.shell:Creating environment descriptor '/home/lfvmu/kobuki/install/share/src/hook/pythonscriptspath.dsv'
[2.151s] INFO:colcon.colcon_core.shell:Creating environment hook '/home/lfvmu/kobuki/install/share/src/hook/pythonscriptspath.sh'
[2.167s] INFO:colcon.colcon_core.shell:Creating package script '/home/lfvmu/kobuki/install/share/src/package.ps1'
[2.169s] INFO:colcon.colcon_core.shell:Creating package descriptor '/home/lfvmu/kobuki/install/share/src/package.dsv'
[2.171s] INFO:colcon.colcon_core.shell:Creating package script '/home/lfvmu/kobuki/install/share/src/package.sh'
[2.173s] INFO:colcon.colcon_core.shell:Creating package script '/home/lfvmu/kobuki/install/share/src/package.bash'
[2.174s] INFO:colcon.colcon_core.shell:Creating package script '/home/lfvmu/kobuki/install/share/src/package.zsh'
[2.176s] Level 1:colcon.colcon_core.environment:create_file_with_runtime_dependencies(/home/lfvmu/kobuki/install/share/colcon-core/packages/src)
[2.177s] DEBUG:colcon.colcon_parallel_executor.executor.parallel:closing loop
[2.177s] DEBUG:colcon.colcon_parallel_executor.executor.parallel:loop closed
[2.177s] DEBUG:colcon.colcon_parallel_executor.executor.parallel:run_until_complete finished with '0'
[2.177s] DEBUG:colcon.colcon_core.event_reactor:joining thread
[2.197s] INFO:colcon.colcon_core.plugin_system:Skipping extension 'colcon_notification.desktop_notification.terminal_notifier': Not used on non-Darwin systems
[2.198s] INFO:colcon.colcon_core.plugin_system:Skipping extension 'colcon_notification.desktop_notification.win32': Not used on non-Windows systems
[2.198s] INFO:colcon.colcon_notification.desktop_notification:Sending desktop notification using 'notify2'
[2.232s] DEBUG:colcon.colcon_core.event_reactor:joined thread
[2.247s] INFO:colcon.colcon_core.shell:Creating prefix script '/home/lfvmu/kobuki/install/local_setup.ps1'
[2.250s] INFO:colcon.colcon_core.shell:Creating prefix util module '/home/lfvmu/kobuki/install/_local_setup_util_ps1.py'
[2.253s] INFO:colcon.colcon_core.shell:Creating prefix chain script '/home/lfvmu/kobuki/install/setup.ps1'
[2.267s] INFO:colcon.colcon_core.shell:Creating prefix script '/home/lfvmu/kobuki/install/local_setup.sh'
[2.268s] INFO:colcon.colcon_core.shell:Creating prefix util module '/home/lfvmu/kobuki/install/_local_setup_util_sh.py'
[2.269s] INFO:colcon.colcon_core.shell:Creating prefix chain script '/home/lfvmu/kobuki/install/setup.sh'
[2.282s] INFO:colcon.colcon_core.shell:Creating prefix script '/home/lfvmu/kobuki/install/local_setup.bash'
[2.282s] INFO:colcon.colcon_core.shell:Creating prefix chain script '/home/lfvmu/kobuki/install/setup.bash'
[2.295s] INFO:colcon.colcon_core.shell:Creating prefix script '/home/lfvmu/kobuki/install/local_setup.zsh'
[2.296s] INFO:colcon.colcon_core.shell:Creating prefix chain script '/home/lfvmu/kobuki/install/setup.zsh'
