[0.094s] Invoking command in '/home/lfvmu/kobuki/build/ament_cmake_python': /usr/bin/cmake /home/lfvmu/kobuki/src/ament_cmake/ament_cmake_python -DBUILD_TESTING=OFF -DCMAKE_INSTALL_PREFIX=/home/lfvmu/kobuki/install
[0.133s] Re-run cmake no build system arguments
[0.138s] -- Found ament_cmake_core: 0.9.11 (/home/lfvmu/kobuki/install/share/ament_cmake_core/cmake)
[0.198s] -- Using PYTHON_EXECUTABLE: /usr/bin/python3
[0.719s] -- Configuring done
[0.722s] -- Generating done
[0.725s] -- Build files have been written to: /home/lfvmu/kobuki/build/ament_cmake_python
[0.730s] Invoked command in '/home/lfvmu/kobuki/build/ament_cmake_python' returned '0': /usr/bin/cmake /home/lfvmu/kobuki/src/ament_cmake/ament_cmake_python -DBUILD_TESTING=OFF -DCMAKE_INSTALL_PREFIX=/home/lfvmu/kobuki/install
[0.738s] Invoking command in '/home/lfvmu/kobuki/build/ament_cmake_python': /usr/bin/cmake --build /home/lfvmu/kobuki/build/ament_cmake_python -- -j4 -l4
[0.793s] /usr/bin/cmake -S/home/lfvmu/kobuki/src/ament_cmake/ament_cmake_python -B/home/lfvmu/kobuki/build/ament_cmake_python --check-build-system CMakeFiles/Makefile.cmake 0
[0.825s] /usr/bin/cmake -E cmake_progress_start /home/lfvmu/kobuki/build/ament_cmake_python/CMakeFiles /home/lfvmu/kobuki/build/ament_cmake_python/CMakeFiles/progress.marks
[0.844s] /usr/bin/make -f CMakeFiles/Makefile2 all
[0.854s] make[1]: Entering directory '/home/lfvmu/kobuki/build/ament_cmake_python'
[0.855s] make[1]: Nothing to be done for 'all'.
[0.855s] make[1]: Leaving directory '/home/lfvmu/kobuki/build/ament_cmake_python'
[0.855s] /usr/bin/cmake -E cmake_progress_start /home/lfvmu/kobuki/build/ament_cmake_python/CMakeFiles 0
[0.872s] Invoked command in '/home/lfvmu/kobuki/build/ament_cmake_python' returned '0': /usr/bin/cmake --build /home/lfvmu/kobuki/build/ament_cmake_python -- -j4 -l4
[1.156s] Invoking command in '/home/lfvmu/kobuki/build/ament_cmake_python': /usr/bin/cmake --install /home/lfvmu/kobuki/build/ament_cmake_python
[1.182s] -- Install configuration: "RelWithDebInfo"
[1.183s] -- Up-to-date: /home/lfvmu/kobuki/install/share/ament_index/resource_index/package_run_dependencies/ament_cmake_python
[1.183s] -- Up-to-date: /home/lfvmu/kobuki/install/share/ament_index/resource_index/parent_prefix_path/ament_cmake_python
[1.184s] -- Up-to-date: /home/lfvmu/kobuki/install/share/ament_cmake_python/environment/ament_prefix_path.sh
[1.185s] -- Installing: /home/lfvmu/kobuki/install/share/ament_cmake_python/environment/ament_prefix_path.dsv
[1.185s] -- Up-to-date: /home/lfvmu/kobuki/install/share/ament_cmake_python/environment/path.sh
[1.186s] -- Installing: /home/lfvmu/kobuki/install/share/ament_cmake_python/environment/path.dsv
[1.187s] -- Up-to-date: /home/lfvmu/kobuki/install/share/ament_cmake_python/local_setup.bash
[1.187s] -- Up-to-date: /home/lfvmu/kobuki/install/share/ament_cmake_python/local_setup.sh
[1.188s] -- Up-to-date: /home/lfvmu/kobuki/install/share/ament_cmake_python/local_setup.zsh
[1.189s] -- Installing: /home/lfvmu/kobuki/install/share/ament_cmake_python/local_setup.dsv
[1.190s] -- Installing: /home/lfvmu/kobuki/install/share/ament_cmake_python/package.dsv
[1.190s] -- Up-to-date: /home/lfvmu/kobuki/install/share/ament_index/resource_index/packages/ament_cmake_python
[1.191s] -- Up-to-date: /home/lfvmu/kobuki/install/share/ament_cmake_python/cmake/ament_cmake_python-extras.cmake
[1.195s] -- Up-to-date: /home/lfvmu/kobuki/install/share/ament_cmake_python/cmake/ament_cmake_pythonConfig.cmake
[1.195s] -- Up-to-date: /home/lfvmu/kobuki/install/share/ament_cmake_python/cmake/ament_cmake_pythonConfig-version.cmake
[1.196s] -- Up-to-date: /home/lfvmu/kobuki/install/share/ament_cmake_python/package.xml
[1.196s] -- Up-to-date: /home/lfvmu/kobuki/install/share/ament_cmake_python/cmake
[1.198s] -- Up-to-date: /home/lfvmu/kobuki/install/share/ament_cmake_python/cmake/ament_python_install_package.cmake
[1.198s] -- Up-to-date: /home/lfvmu/kobuki/install/share/ament_cmake_python/cmake/ament_python_install_module.cmake
[1.397s] Invoked command in '/home/lfvmu/kobuki/build/ament_cmake_python' returned '0': /usr/bin/cmake --install /home/lfvmu/kobuki/build/ament_cmake_python
