[2.106s] Invoking command in '/home/lfvmu/kobuki/src/ament_lint/ament_copyright': PYTHONPATH=/home/lfvmu/kobuki/build/ament_copyright/prefix_override:/home/lfvmu/kobuki/install/lib/python3.8/site-packages:${PYTHONPATH} /usr/bin/python3 setup.py egg_info --egg-base ../../../build/ament_copyright build --build-base /home/lfvmu/kobuki/build/ament_copyright/build install --record /home/lfvmu/kobuki/build/ament_copyright/install.log --single-version-externally-managed
[2.483s] running egg_info
[2.484s] writing ../../../build/ament_copyright/ament_copyright.egg-info/PKG-INFO
[2.486s] writing dependency_links to ../../../build/ament_copyright/ament_copyright.egg-info/dependency_links.txt
[2.492s] writing entry points to ../../../build/ament_copyright/ament_copyright.egg-info/entry_points.txt
[2.492s] writing requirements to ../../../build/ament_copyright/ament_copyright.egg-info/requires.txt
[2.492s] writing top-level names to ../../../build/ament_copyright/ament_copyright.egg-info/top_level.txt
[2.589s] reading manifest file '../../../build/ament_copyright/ament_copyright.egg-info/SOURCES.txt'
[2.593s] writing manifest file '../../../build/ament_copyright/ament_copyright.egg-info/SOURCES.txt'
[2.593s] running build
[2.593s] running build_py
[2.597s] running install
[2.599s] running install_lib
[2.603s] running install_data
[2.604s] running install_egg_info
[2.607s] removing '/home/lfvmu/kobuki/install/lib/python3.8/site-packages/ament_copyright-0.9.7-py3.8.egg-info' (and everything under it)
[2.608s] Copying ../../../build/ament_copyright/ament_copyright.egg-info to /home/lfvmu/kobuki/install/lib/python3.8/site-packages/ament_copyright-0.9.7-py3.8.egg-info
[2.610s] running install_scripts
[2.646s] Installing ament_copyright script to /home/lfvmu/kobuki/install/bin
[2.647s] writing list of installed files to '/home/lfvmu/kobuki/build/ament_copyright/install.log'
[2.986s] Invoked command in '/home/lfvmu/kobuki/src/ament_lint/ament_copyright' returned '0': PYTHONPATH=/home/lfvmu/kobuki/build/ament_copyright/prefix_override:/home/lfvmu/kobuki/install/lib/python3.8/site-packages:${PYTHONPATH} /usr/bin/python3 setup.py egg_info --egg-base ../../../build/ament_copyright build --build-base /home/lfvmu/kobuki/build/ament_copyright/build install --record /home/lfvmu/kobuki/build/ament_copyright/install.log --single-version-externally-managed
