[3.030s] Invoking command in '/home/lfvmu/kobuki/src/ament_lint/ament_lint': PYTHONPATH=/home/lfvmu/kobuki/build/ament_lint/prefix_override:/home/lfvmu/kobuki/install/lib/python3.8/site-packages:${PYTHONPATH} /usr/bin/python3 setup.py egg_info --egg-base ../../../build/ament_lint build --build-base /home/lfvmu/kobuki/build/ament_lint/build install --record /home/lfvmu/kobuki/build/ament_lint/install.log --single-version-externally-managed
[3.500s] running egg_info
[3.501s] writing ../../../build/ament_lint/ament_lint.egg-info/PKG-INFO
[3.502s] writing dependency_links to ../../../build/ament_lint/ament_lint.egg-info/dependency_links.txt
[3.502s] writing entry points to ../../../build/ament_lint/ament_lint.egg-info/entry_points.txt
[3.503s] writing requirements to ../../../build/ament_lint/ament_lint.egg-info/requires.txt
[3.503s] writing top-level names to ../../../build/ament_lint/ament_lint.egg-info/top_level.txt
[3.646s] reading manifest file '../../../build/ament_lint/ament_lint.egg-info/SOURCES.txt'
[3.646s] writing manifest file '../../../build/ament_lint/ament_lint.egg-info/SOURCES.txt'
[3.646s] running build
[3.646s] running build_py
[3.647s] running install
[3.648s] running install_lib
[3.656s] running install_data
[3.657s] running install_egg_info
[3.659s] removing '/home/lfvmu/kobuki/install/lib/python3.8/site-packages/ament_lint-0.9.7-py3.8.egg-info' (and everything under it)
[3.660s] Copying ../../../build/ament_lint/ament_lint.egg-info to /home/lfvmu/kobuki/install/lib/python3.8/site-packages/ament_lint-0.9.7-py3.8.egg-info
[3.660s] running install_scripts
[3.703s] writing list of installed files to '/home/lfvmu/kobuki/build/ament_lint/install.log'
[3.939s] Invoked command in '/home/lfvmu/kobuki/src/ament_lint/ament_lint' returned '0': PYTHONPATH=/home/lfvmu/kobuki/build/ament_lint/prefix_override:/home/lfvmu/kobuki/install/lib/python3.8/site-packages:${PYTHONPATH} /usr/bin/python3 setup.py egg_info --egg-base ../../../build/ament_lint build --build-base /home/lfvmu/kobuki/build/ament_lint/build install --record /home/lfvmu/kobuki/build/ament_lint/install.log --single-version-externally-managed
