[0.239s] Invoking command in '/home/lfvmu/kobuki/build/ament_cmake_flake8': AMENT_PREFIX_PATH=/home/lfvmu/kobuki/install CMAKE_PREFIX_PATH=/home/lfvmu/kobuki/install LD_LIBRARY_PATH=/home/lfvmu/kobuki/install/lib PATH=/home/lfvmu/kobuki/install/bin:${PATH} PYTHONPATH=/home/lfvmu/kobuki/install/lib/python3.8/site-packages /usr/bin/cmake /home/lfvmu/kobuki/src/ament_lint/ament_cmake_flake8 -DBUILD_TESTING=OFF --no-warn-unused-cli -DCMAKE_INSTALL_PREFIX=/home/lfvmu/kobuki/install
[0.272s] Not searching for unused variables given on the command line.
[0.276s] -- Found ament_cmake_core: 0.9.11 (/home/lfvmu/kobuki/install/share/ament_cmake_core/cmake)
[0.329s] -- Using PYTHON_EXECUTABLE: /usr/bin/python3
[0.628s] -- Found ament_cmake_test: 0.9.11 (/home/lfvmu/kobuki/install/share/ament_cmake_test/cmake)
[0.766s] -- Configuring done
[0.786s] -- Generating done
[0.786s] -- Build files have been written to: /home/lfvmu/kobuki/build/ament_cmake_flake8
[0.885s] Invoked command in '/home/lfvmu/kobuki/build/ament_cmake_flake8' returned '0': AMENT_PREFIX_PATH=/home/lfvmu/kobuki/install CMAKE_PREFIX_PATH=/home/lfvmu/kobuki/install LD_LIBRARY_PATH=/home/lfvmu/kobuki/install/lib PATH=/home/lfvmu/kobuki/install/bin:${PATH} PYTHONPATH=/home/lfvmu/kobuki/install/lib/python3.8/site-packages /usr/bin/cmake /home/lfvmu/kobuki/src/ament_lint/ament_cmake_flake8 -DBUILD_TESTING=OFF --no-warn-unused-cli -DCMAKE_INSTALL_PREFIX=/home/lfvmu/kobuki/install
[0.887s] Invoking command in '/home/lfvmu/kobuki/build/ament_cmake_flake8': AMENT_PREFIX_PATH=/home/lfvmu/kobuki/install CMAKE_PREFIX_PATH=/home/lfvmu/kobuki/install LD_LIBRARY_PATH=/home/lfvmu/kobuki/install/lib PATH=/home/lfvmu/kobuki/install/bin:${PATH} PYTHONPATH=/home/lfvmu/kobuki/install/lib/python3.8/site-packages /usr/bin/cmake --build /home/lfvmu/kobuki/build/ament_cmake_flake8 -- -j4 -l4
[1.121s] Invoked command in '/home/lfvmu/kobuki/build/ament_cmake_flake8' returned '0': AMENT_PREFIX_PATH=/home/lfvmu/kobuki/install CMAKE_PREFIX_PATH=/home/lfvmu/kobuki/install LD_LIBRARY_PATH=/home/lfvmu/kobuki/install/lib PATH=/home/lfvmu/kobuki/install/bin:${PATH} PYTHONPATH=/home/lfvmu/kobuki/install/lib/python3.8/site-packages /usr/bin/cmake --build /home/lfvmu/kobuki/build/ament_cmake_flake8 -- -j4 -l4
[1.176s] Invoking command in '/home/lfvmu/kobuki/build/ament_cmake_flake8': AMENT_PREFIX_PATH=/home/lfvmu/kobuki/install CMAKE_PREFIX_PATH=/home/lfvmu/kobuki/install LD_LIBRARY_PATH=/home/lfvmu/kobuki/install/lib PATH=/home/lfvmu/kobuki/install/bin:${PATH} PYTHONPATH=/home/lfvmu/kobuki/install/lib/python3.8/site-packages /usr/bin/cmake --install /home/lfvmu/kobuki/build/ament_cmake_flake8
[1.205s] -- Install configuration: ""
[1.206s] -- Up-to-date: /home/lfvmu/kobuki/install/share/ament_index/resource_index/package_run_dependencies/ament_cmake_flake8
[1.206s] -- Up-to-date: /home/lfvmu/kobuki/install/share/ament_index/resource_index/parent_prefix_path/ament_cmake_flake8
[1.207s] -- Up-to-date: /home/lfvmu/kobuki/install/share/ament_cmake_flake8/environment/ament_prefix_path.sh
[1.207s] -- Installing: /home/lfvmu/kobuki/install/share/ament_cmake_flake8/environment/ament_prefix_path.dsv
[1.207s] -- Up-to-date: /home/lfvmu/kobuki/install/share/ament_cmake_flake8/environment/path.sh
[1.208s] -- Installing: /home/lfvmu/kobuki/install/share/ament_cmake_flake8/environment/path.dsv
[1.208s] -- Up-to-date: /home/lfvmu/kobuki/install/share/ament_cmake_flake8/local_setup.bash
[1.208s] -- Up-to-date: /home/lfvmu/kobuki/install/share/ament_cmake_flake8/local_setup.sh
[1.208s] -- Up-to-date: /home/lfvmu/kobuki/install/share/ament_cmake_flake8/local_setup.zsh
[1.208s] -- Installing: /home/lfvmu/kobuki/install/share/ament_cmake_flake8/local_setup.dsv
[1.209s] -- Installing: /home/lfvmu/kobuki/install/share/ament_cmake_flake8/package.dsv
[1.209s] -- Up-to-date: /home/lfvmu/kobuki/install/share/ament_index/resource_index/packages/ament_cmake_flake8
[1.209s] -- Up-to-date: /home/lfvmu/kobuki/install/share/ament_cmake_flake8/cmake/ament_cmake_flake8-extras.cmake
[1.210s] -- Up-to-date: /home/lfvmu/kobuki/install/share/ament_cmake_flake8/cmake/ament_cmake_flake8Config.cmake
[1.210s] -- Up-to-date: /home/lfvmu/kobuki/install/share/ament_cmake_flake8/cmake/ament_cmake_flake8Config-version.cmake
[1.210s] -- Up-to-date: /home/lfvmu/kobuki/install/share/ament_cmake_flake8/package.xml
[1.210s] -- Up-to-date: /home/lfvmu/kobuki/install/share/ament_cmake_flake8/cmake
[1.211s] -- Up-to-date: /home/lfvmu/kobuki/install/share/ament_cmake_flake8/cmake/ament_cmake_flake8_lint_hook.cmake
[1.211s] -- Up-to-date: /home/lfvmu/kobuki/install/share/ament_cmake_flake8/cmake/ament_flake8.cmake
[1.225s] Invoked command in '/home/lfvmu/kobuki/build/ament_cmake_flake8' returned '0': AMENT_PREFIX_PATH=/home/lfvmu/kobuki/install CMAKE_PREFIX_PATH=/home/lfvmu/kobuki/install LD_LIBRARY_PATH=/home/lfvmu/kobuki/install/lib PATH=/home/lfvmu/kobuki/install/bin:${PATH} PYTHONPATH=/home/lfvmu/kobuki/install/lib/python3.8/site-packages /usr/bin/cmake --install /home/lfvmu/kobuki/build/ament_cmake_flake8
