[0.121s] Invoking command in '/home/lfvmu/kobuki/build/ament_cmake_mypy': /usr/bin/cmake /home/lfvmu/kobuki/src/ament_lint/ament_cmake_mypy -DBUILD_TESTING=OFF --no-warn-unused-cli -DCMAKE_INSTALL_PREFIX=/home/lfvmu/kobuki/install
[0.152s] Not searching for unused variables given on the command line.
[0.153s] -- Found ament_cmake_core: 0.9.11 (/home/lfvmu/kobuki/install/share/ament_cmake_core/cmake)
[0.189s] -- Using PYTHON_EXECUTABLE: /usr/bin/python3
[0.513s] -- Found ament_cmake_test: 0.9.11 (/home/lfvmu/kobuki/install/share/ament_cmake_test/cmake)
[0.675s] -- Configuring done
[0.691s] -- Generating done
[0.692s] -- Build files have been written to: /home/lfvmu/kobuki/build/ament_cmake_mypy
[0.810s] Invoked command in '/home/lfvmu/kobuki/build/ament_cmake_mypy' returned '0': /usr/bin/cmake /home/lfvmu/kobuki/src/ament_lint/ament_cmake_mypy -DBUILD_TESTING=OFF --no-warn-unused-cli -DCMAKE_INSTALL_PREFIX=/home/lfvmu/kobuki/install
[0.816s] Invoking command in '/home/lfvmu/kobuki/build/ament_cmake_mypy': /usr/bin/cmake --build /home/lfvmu/kobuki/build/ament_cmake_mypy -- -j4 -l4
[1.072s] Invoked command in '/home/lfvmu/kobuki/build/ament_cmake_mypy' returned '0': /usr/bin/cmake --build /home/lfvmu/kobuki/build/ament_cmake_mypy -- -j4 -l4
[1.127s] Invoking command in '/home/lfvmu/kobuki/build/ament_cmake_mypy': /usr/bin/cmake --install /home/lfvmu/kobuki/build/ament_cmake_mypy
[1.159s] -- Install configuration: "RelWithDebInfo"
[1.161s] -- Up-to-date: /home/lfvmu/kobuki/install/share/ament_index/resource_index/package_run_dependencies/ament_cmake_mypy
[1.162s] -- Up-to-date: /home/lfvmu/kobuki/install/share/ament_index/resource_index/parent_prefix_path/ament_cmake_mypy
[1.162s] -- Up-to-date: /home/lfvmu/kobuki/install/share/ament_cmake_mypy/environment/ament_prefix_path.sh
[1.162s] -- Installing: /home/lfvmu/kobuki/install/share/ament_cmake_mypy/environment/ament_prefix_path.dsv
[1.162s] -- Up-to-date: /home/lfvmu/kobuki/install/share/ament_cmake_mypy/environment/path.sh
[1.163s] -- Installing: /home/lfvmu/kobuki/install/share/ament_cmake_mypy/environment/path.dsv
[1.164s] -- Up-to-date: /home/lfvmu/kobuki/install/share/ament_cmake_mypy/local_setup.bash
[1.164s] -- Up-to-date: /home/lfvmu/kobuki/install/share/ament_cmake_mypy/local_setup.sh
[1.164s] -- Up-to-date: /home/lfvmu/kobuki/install/share/ament_cmake_mypy/local_setup.zsh
[1.166s] -- Installing: /home/lfvmu/kobuki/install/share/ament_cmake_mypy/local_setup.dsv
[1.166s] -- Installing: /home/lfvmu/kobuki/install/share/ament_cmake_mypy/package.dsv
[1.166s] -- Up-to-date: /home/lfvmu/kobuki/install/share/ament_index/resource_index/packages/ament_cmake_mypy
[1.167s] -- Up-to-date: /home/lfvmu/kobuki/install/share/ament_cmake_mypy/cmake/ament_cmake_mypy-extras.cmake
[1.167s] -- Up-to-date: /home/lfvmu/kobuki/install/share/ament_cmake_mypy/cmake/ament_cmake_mypyConfig.cmake
[1.167s] -- Up-to-date: /home/lfvmu/kobuki/install/share/ament_cmake_mypy/cmake/ament_cmake_mypyConfig-version.cmake
[1.168s] -- Up-to-date: /home/lfvmu/kobuki/install/share/ament_cmake_mypy/package.xml
[1.168s] -- Up-to-date: /home/lfvmu/kobuki/install/share/ament_cmake_mypy/cmake
[1.168s] -- Up-to-date: /home/lfvmu/kobuki/install/share/ament_cmake_mypy/cmake/ament_cmake_mypy_lint_hook.cmake
[1.169s] -- Up-to-date: /home/lfvmu/kobuki/install/share/ament_cmake_mypy/cmake/ament_mypy.cmake
[1.369s] Invoked command in '/home/lfvmu/kobuki/build/ament_cmake_mypy' returned '0': /usr/bin/cmake --install /home/lfvmu/kobuki/build/ament_cmake_mypy
