Re-run cmake no build system arguments
-- Found ament_cmake_ros: 0.9.2 (/home/lfvmu/kobuki/install/share/ament_cmake_ros/cmake)
-- Using PYTHON_EXECUTABLE: /usr/bin/python3
-- Found ecl_build: 1.0.3 (/home/lfvmu/kobuki/install/share/ecl_build/cmake)
-- Found ecl_errors: 1.1.0 (/home/lfvmu/kobuki/install/share/ecl_errors/cmake)
-- Found ecl_formatters: 1.2.1 (/home/lfvmu/kobuki/install/share/ecl_formatters/cmake)
-- Found ecl_geometry: 1.2.1 (/home/lfvmu/kobuki/install/share/ecl_geometry/cmake)
-- Configuring done
-- Generating done
-- Build files have been written to: /home/lfvmu/kobuki/build/ecl_mobile_robot
/usr/bin/cmake -S/home/lfvmu/kobuki/src/ecl_core/ecl_mobile_robot -B/home/lfvmu/kobuki/build/ecl_mobile_robot --check-build-system CMakeFiles/Makefile.cmake 0
/usr/bin/cmake -E cmake_progress_start /home/lfvmu/kobuki/build/ecl_mobile_robot/CMakeFiles /home/lfvmu/kobuki/build/ecl_mobile_robot/CMakeFiles/progress.marks
/usr/bin/make -f CMakeFiles/Makefile2 all
make[1]: Entering directory '/home/lfvmu/kobuki/build/ecl_mobile_robot'
/usr/bin/make -f src/lib/CMakeFiles/ecl_mobile_robot.dir/build.make src/lib/CMakeFiles/ecl_mobile_robot.dir/depend
make[2]: Entering directory '/home/lfvmu/kobuki/build/ecl_mobile_robot'
cd /home/lfvmu/kobuki/build/ecl_mobile_robot && /usr/bin/cmake -E cmake_depends "Unix Makefiles" /home/lfvmu/kobuki/src/ecl_core/ecl_mobile_robot /home/lfvmu/kobuki/src/ecl_core/ecl_mobile_robot/src/lib /home/lfvmu/kobuki/build/ecl_mobile_robot /home/lfvmu/kobuki/build/ecl_mobile_robot/src/lib /home/lfvmu/kobuki/build/ecl_mobile_robot/src/lib/CMakeFiles/ecl_mobile_robot.dir/DependInfo.cmake --color=
make[2]: Leaving directory '/home/lfvmu/kobuki/build/ecl_mobile_robot'
/usr/bin/make -f src/lib/CMakeFiles/ecl_mobile_robot.dir/build.make src/lib/CMakeFiles/ecl_mobile_robot.dir/build
make[2]: Entering directory '/home/lfvmu/kobuki/build/ecl_mobile_robot'
make[2]: Nothing to be done for 'src/lib/CMakeFiles/ecl_mobile_robot.dir/build'.
make[2]: Leaving directory '/home/lfvmu/kobuki/build/ecl_mobile_robot'
[100%] Built target ecl_mobile_robot
make[1]: Leaving directory '/home/lfvmu/kobuki/build/ecl_mobile_robot'
/usr/bin/cmake -E cmake_progress_start /home/lfvmu/kobuki/build/ecl_mobile_robot/CMakeFiles 0
-- Install configuration: "RelWithDebInfo"
-- Up-to-date: /home/lfvmu/kobuki/install/share/ecl_mobile_robot/environment/library_path.sh
-- Installing: /home/lfvmu/kobuki/install/share/ecl_mobile_robot/environment/library_path.dsv
-- Up-to-date: /home/lfvmu/kobuki/install/share/ament_index/resource_index/package_run_dependencies/ecl_mobile_robot
-- Up-to-date: /home/lfvmu/kobuki/install/share/ament_index/resource_index/parent_prefix_path/ecl_mobile_robot
-- Up-to-date: /home/lfvmu/kobuki/install/share/ecl_mobile_robot/environment/ament_prefix_path.sh
-- Installing: /home/lfvmu/kobuki/install/share/ecl_mobile_robot/environment/ament_prefix_path.dsv
-- Up-to-date: /home/lfvmu/kobuki/install/share/ecl_mobile_robot/environment/path.sh
-- Installing: /home/lfvmu/kobuki/install/share/ecl_mobile_robot/environment/path.dsv
-- Up-to-date: /home/lfvmu/kobuki/install/share/ecl_mobile_robot/local_setup.bash
-- Up-to-date: /home/lfvmu/kobuki/install/share/ecl_mobile_robot/local_setup.sh
-- Up-to-date: /home/lfvmu/kobuki/install/share/ecl_mobile_robot/local_setup.zsh
-- Installing: /home/lfvmu/kobuki/install/share/ecl_mobile_robot/local_setup.dsv
-- Installing: /home/lfvmu/kobuki/install/share/ecl_mobile_robot/package.dsv
-- Up-to-date: /home/lfvmu/kobuki/install/share/ament_index/resource_index/packages/ecl_mobile_robot
-- Up-to-date: /home/lfvmu/kobuki/install/share/ecl_mobile_robot/cmake/ecl_mobile_robotExport.cmake
-- Installing: /home/lfvmu/kobuki/install/share/ecl_mobile_robot/cmake/ecl_mobile_robotExport-relwithdebinfo.cmake
-- Up-to-date: /home/lfvmu/kobuki/install/share/ecl_mobile_robot/cmake/ament_cmake_export_targets-extras.cmake
-- Up-to-date: /home/lfvmu/kobuki/install/share/ecl_mobile_robot/cmake/ament_cmake_export_include_directories-extras.cmake
-- Up-to-date: /home/lfvmu/kobuki/install/share/ecl_mobile_robot/cmake/ament_cmake_export_libraries-extras.cmake
-- Up-to-date: /home/lfvmu/kobuki/install/share/ecl_mobile_robot/cmake/ament_cmake_export_dependencies-extras.cmake
-- Up-to-date: /home/lfvmu/kobuki/install/share/ecl_mobile_robot/cmake/ecl_mobile_robotConfig.cmake
-- Up-to-date: /home/lfvmu/kobuki/install/share/ecl_mobile_robot/cmake/ecl_mobile_robotConfig-version.cmake
-- Up-to-date: /home/lfvmu/kobuki/install/share/ecl_mobile_robot/package.xml
-- Up-to-date: /home/lfvmu/kobuki/install/include/ecl/mobile_robot.hpp
-- Up-to-date: /home/lfvmu/kobuki/install/include/ecl/mobile_robot/differential_drive.hpp
-- Up-to-date: /home/lfvmu/kobuki/install/include/ecl/mobile_robot/macros.hpp
-- Up-to-date: /home/lfvmu/kobuki/install/include/ecl/mobile_robot/kinematics/differential_drive.hpp
-- Up-to-date: /home/lfvmu/kobuki/install/lib/libecl_mobile_robot.so.1.2.1
-- Up-to-date: /home/lfvmu/kobuki/install/lib/libecl_mobile_robot.so
