[0.488s] Invoking command in '/home/lfvmu/kobuki/build/ecl_mobile_robot': /usr/bin/cmake /home/lfvmu/kobuki/src/ecl_core/ecl_mobile_robot -DBUILD_TESTING=OFF -DCMAKE_INSTALL_PREFIX=/home/lfvmu/kobuki/install
[0.523s] Re-run cmake no build system arguments
[0.524s] -- Found ament_cmake_ros: 0.9.2 (/home/lfvmu/kobuki/install/share/ament_cmake_ros/cmake)
[0.592s] -- Using PYTHON_EXECUTABLE: /usr/bin/python3
[0.985s] -- Found ecl_build: 1.0.3 (/home/lfvmu/kobuki/install/share/ecl_build/cmake)
[1.011s] -- Found ecl_errors: 1.1.0 (/home/lfvmu/kobuki/install/share/ecl_errors/cmake)
[1.029s] -- Found ecl_formatters: 1.2.1 (/home/lfvmu/kobuki/install/share/ecl_formatters/cmake)
[1.121s] -- Found ecl_geometry: 1.2.1 (/home/lfvmu/kobuki/install/share/ecl_geometry/cmake)
[1.398s] -- Configuring done
[1.425s] -- Generating done
[1.432s] -- Build files have been written to: /home/lfvmu/kobuki/build/ecl_mobile_robot
[1.441s] Invoked command in '/home/lfvmu/kobuki/build/ecl_mobile_robot' returned '0': /usr/bin/cmake /home/lfvmu/kobuki/src/ecl_core/ecl_mobile_robot -DBUILD_TESTING=OFF -DCMAKE_INSTALL_PREFIX=/home/lfvmu/kobuki/install
[1.449s] Invoking command in '/home/lfvmu/kobuki/build/ecl_mobile_robot': /usr/bin/cmake --build /home/lfvmu/kobuki/build/ecl_mobile_robot -- -j4 -l4
[1.509s] /usr/bin/cmake -S/home/lfvmu/kobuki/src/ecl_core/ecl_mobile_robot -B/home/lfvmu/kobuki/build/ecl_mobile_robot --check-build-system CMakeFiles/Makefile.cmake 0
[1.552s] /usr/bin/cmake -E cmake_progress_start /home/lfvmu/kobuki/build/ecl_mobile_robot/CMakeFiles /home/lfvmu/kobuki/build/ecl_mobile_robot/CMakeFiles/progress.marks
[1.579s] /usr/bin/make -f CMakeFiles/Makefile2 all
[1.579s] make[1]: Entering directory '/home/lfvmu/kobuki/build/ecl_mobile_robot'
[1.580s] /usr/bin/make -f src/lib/CMakeFiles/ecl_mobile_robot.dir/build.make src/lib/CMakeFiles/ecl_mobile_robot.dir/depend
[1.582s] make[2]: Entering directory '/home/lfvmu/kobuki/build/ecl_mobile_robot'
[1.583s] cd /home/lfvmu/kobuki/build/ecl_mobile_robot && /usr/bin/cmake -E cmake_depends "Unix Makefiles" /home/lfvmu/kobuki/src/ecl_core/ecl_mobile_robot /home/lfvmu/kobuki/src/ecl_core/ecl_mobile_robot/src/lib /home/lfvmu/kobuki/build/ecl_mobile_robot /home/lfvmu/kobuki/build/ecl_mobile_robot/src/lib /home/lfvmu/kobuki/build/ecl_mobile_robot/src/lib/CMakeFiles/ecl_mobile_robot.dir/DependInfo.cmake --color=
[1.617s] make[2]: Leaving directory '/home/lfvmu/kobuki/build/ecl_mobile_robot'
[1.617s] /usr/bin/make -f src/lib/CMakeFiles/ecl_mobile_robot.dir/build.make src/lib/CMakeFiles/ecl_mobile_robot.dir/build
[1.640s] make[2]: Entering directory '/home/lfvmu/kobuki/build/ecl_mobile_robot'
[1.646s] make[2]: Nothing to be done for 'src/lib/CMakeFiles/ecl_mobile_robot.dir/build'.
[1.646s] make[2]: Leaving directory '/home/lfvmu/kobuki/build/ecl_mobile_robot'
[1.664s] [100%] Built target ecl_mobile_robot
[1.667s] make[1]: Leaving directory '/home/lfvmu/kobuki/build/ecl_mobile_robot'
[1.667s] /usr/bin/cmake -E cmake_progress_start /home/lfvmu/kobuki/build/ecl_mobile_robot/CMakeFiles 0
[1.708s] Invoked command in '/home/lfvmu/kobuki/build/ecl_mobile_robot' returned '0': /usr/bin/cmake --build /home/lfvmu/kobuki/build/ecl_mobile_robot -- -j4 -l4
[2.003s] Invoking command in '/home/lfvmu/kobuki/build/ecl_mobile_robot': /usr/bin/cmake --install /home/lfvmu/kobuki/build/ecl_mobile_robot
[2.023s] -- Install configuration: "RelWithDebInfo"
[2.024s] -- Up-to-date: /home/lfvmu/kobuki/install/share/ecl_mobile_robot/environment/library_path.sh
[2.024s] -- Installing: /home/lfvmu/kobuki/install/share/ecl_mobile_robot/environment/library_path.dsv
[2.025s] -- Up-to-date: /home/lfvmu/kobuki/install/share/ament_index/resource_index/package_run_dependencies/ecl_mobile_robot
[2.025s] -- Up-to-date: /home/lfvmu/kobuki/install/share/ament_index/resource_index/parent_prefix_path/ecl_mobile_robot
[2.025s] -- Up-to-date: /home/lfvmu/kobuki/install/share/ecl_mobile_robot/environment/ament_prefix_path.sh
[2.026s] -- Installing: /home/lfvmu/kobuki/install/share/ecl_mobile_robot/environment/ament_prefix_path.dsv
[2.031s] -- Up-to-date: /home/lfvmu/kobuki/install/share/ecl_mobile_robot/environment/path.sh
[2.031s] -- Installing: /home/lfvmu/kobuki/install/share/ecl_mobile_robot/environment/path.dsv
[2.033s] -- Up-to-date: /home/lfvmu/kobuki/install/share/ecl_mobile_robot/local_setup.bash
[2.033s] -- Up-to-date: /home/lfvmu/kobuki/install/share/ecl_mobile_robot/local_setup.sh
[2.034s] -- Up-to-date: /home/lfvmu/kobuki/install/share/ecl_mobile_robot/local_setup.zsh
[2.034s] -- Installing: /home/lfvmu/kobuki/install/share/ecl_mobile_robot/local_setup.dsv
[2.034s] -- Installing: /home/lfvmu/kobuki/install/share/ecl_mobile_robot/package.dsv
[2.036s] -- Up-to-date: /home/lfvmu/kobuki/install/share/ament_index/resource_index/packages/ecl_mobile_robot
[2.036s] -- Up-to-date: /home/lfvmu/kobuki/install/share/ecl_mobile_robot/cmake/ecl_mobile_robotExport.cmake
[2.038s] -- Installing: /home/lfvmu/kobuki/install/share/ecl_mobile_robot/cmake/ecl_mobile_robotExport-relwithdebinfo.cmake
[2.048s] -- Up-to-date: /home/lfvmu/kobuki/install/share/ecl_mobile_robot/cmake/ament_cmake_export_targets-extras.cmake
[2.049s] -- Up-to-date: /home/lfvmu/kobuki/install/share/ecl_mobile_robot/cmake/ament_cmake_export_include_directories-extras.cmake
[2.049s] -- Up-to-date: /home/lfvmu/kobuki/install/share/ecl_mobile_robot/cmake/ament_cmake_export_libraries-extras.cmake
[2.049s] -- Up-to-date: /home/lfvmu/kobuki/install/share/ecl_mobile_robot/cmake/ament_cmake_export_dependencies-extras.cmake
[2.049s] -- Up-to-date: /home/lfvmu/kobuki/install/share/ecl_mobile_robot/cmake/ecl_mobile_robotConfig.cmake
[2.072s] -- Up-to-date: /home/lfvmu/kobuki/install/share/ecl_mobile_robot/cmake/ecl_mobile_robotConfig-version.cmake
[2.073s] -- Up-to-date: /home/lfvmu/kobuki/install/share/ecl_mobile_robot/package.xml
[2.074s] -- Up-to-date: /home/lfvmu/kobuki/install/include/ecl/mobile_robot.hpp
[2.074s] -- Up-to-date: /home/lfvmu/kobuki/install/include/ecl/mobile_robot/differential_drive.hpp
[2.074s] -- Up-to-date: /home/lfvmu/kobuki/install/include/ecl/mobile_robot/macros.hpp
[2.074s] -- Up-to-date: /home/lfvmu/kobuki/install/include/ecl/mobile_robot/kinematics/differential_drive.hpp
[2.075s] -- Up-to-date: /home/lfvmu/kobuki/install/lib/libecl_mobile_robot.so.1.2.1
[2.075s] -- Up-to-date: /home/lfvmu/kobuki/install/lib/libecl_mobile_robot.so
[2.219s] Invoked command in '/home/lfvmu/kobuki/build/ecl_mobile_robot' returned '0': /usr/bin/cmake --install /home/lfvmu/kobuki/build/ecl_mobile_robot
