[0.307s] Invoking command in '/home/lfvmu/kobuki/build/ecl_sigslots_lite': /usr/bin/cmake /home/lfvmu/kobuki/src/ecl_lite/ecl_sigslots_lite -DBUILD_TESTING=OFF -DCMAKE_INSTALL_PREFIX=/home/lfvmu/kobuki/install
[0.350s] -- Found ament_cmake_ros: 0.9.2 (/home/lfvmu/kobuki/install/share/ament_cmake_ros/cmake)
[0.400s] -- Using PYTHON_EXECUTABLE: /usr/bin/python3
[0.772s] -- Found ecl_build: 1.0.3 (/home/lfvmu/kobuki/install/share/ecl_build/cmake)
[0.794s] -- Found ecl_config: 1.1.0 (/home/lfvmu/kobuki/install/share/ecl_config/cmake)
[0.804s] -- Found ecl_errors: 1.1.0 (/home/lfvmu/kobuki/install/share/ecl_errors/cmake)
[1.003s] -- Configuring done
[1.032s] -- Generating done
[1.041s] -- Build files have been written to: /home/lfvmu/kobuki/build/ecl_sigslots_lite
[1.132s] Invoked command in '/home/lfvmu/kobuki/build/ecl_sigslots_lite' returned '0': /usr/bin/cmake /home/lfvmu/kobuki/src/ecl_lite/ecl_sigslots_lite -DBUILD_TESTING=OFF -DCMAKE_INSTALL_PREFIX=/home/lfvmu/kobuki/install
[1.134s] Invoking command in '/home/lfvmu/kobuki/build/ecl_sigslots_lite': /usr/bin/cmake --build /home/lfvmu/kobuki/build/ecl_sigslots_lite -- -j4 -l4
[1.282s] [100%] Built target demo_sigslots_lite
[1.463s] Invoked command in '/home/lfvmu/kobuki/build/ecl_sigslots_lite' returned '0': /usr/bin/cmake --build /home/lfvmu/kobuki/build/ecl_sigslots_lite -- -j4 -l4
[1.775s] Invoking command in '/home/lfvmu/kobuki/build/ecl_sigslots_lite': /usr/bin/cmake --install /home/lfvmu/kobuki/build/ecl_sigslots_lite
[1.803s] -- Install configuration: "RelWithDebInfo"
[1.804s] -- Up-to-date: /home/lfvmu/kobuki/install/share/ament_index/resource_index/package_run_dependencies/ecl_sigslots_lite
[1.804s] -- Up-to-date: /home/lfvmu/kobuki/install/share/ament_index/resource_index/parent_prefix_path/ecl_sigslots_lite
[1.805s] -- Up-to-date: /home/lfvmu/kobuki/install/share/ecl_sigslots_lite/environment/ament_prefix_path.sh
[1.805s] -- Installing: /home/lfvmu/kobuki/install/share/ecl_sigslots_lite/environment/ament_prefix_path.dsv
[1.805s] -- Up-to-date: /home/lfvmu/kobuki/install/share/ecl_sigslots_lite/environment/path.sh
[1.806s] -- Installing: /home/lfvmu/kobuki/install/share/ecl_sigslots_lite/environment/path.dsv
[1.806s] -- Up-to-date: /home/lfvmu/kobuki/install/share/ecl_sigslots_lite/local_setup.bash
[1.807s] -- Up-to-date: /home/lfvmu/kobuki/install/share/ecl_sigslots_lite/local_setup.sh
[1.807s] -- Up-to-date: /home/lfvmu/kobuki/install/share/ecl_sigslots_lite/local_setup.zsh
[1.807s] -- Installing: /home/lfvmu/kobuki/install/share/ecl_sigslots_lite/local_setup.dsv
[1.808s] -- Installing: /home/lfvmu/kobuki/install/share/ecl_sigslots_lite/package.dsv
[1.809s] -- Up-to-date: /home/lfvmu/kobuki/install/share/ament_index/resource_index/packages/ecl_sigslots_lite
[1.809s] -- Up-to-date: /home/lfvmu/kobuki/install/share/ecl_sigslots_lite/cmake/ecl_sigslots_liteExport.cmake
[1.810s] -- Up-to-date: /home/lfvmu/kobuki/install/share/ecl_sigslots_lite/cmake/ament_cmake_export_targets-extras.cmake
[1.810s] -- Up-to-date: /home/lfvmu/kobuki/install/share/ecl_sigslots_lite/cmake/ament_cmake_export_include_directories-extras.cmake
[1.810s] -- Up-to-date: /home/lfvmu/kobuki/install/share/ecl_sigslots_lite/cmake/ament_cmake_export_dependencies-extras.cmake
[1.810s] -- Up-to-date: /home/lfvmu/kobuki/install/share/ecl_sigslots_lite/cmake/ecl_sigslots_liteConfig.cmake
[1.811s] -- Up-to-date: /home/lfvmu/kobuki/install/share/ecl_sigslots_lite/cmake/ecl_sigslots_liteConfig-version.cmake
[1.811s] -- Up-to-date: /home/lfvmu/kobuki/install/share/ecl_sigslots_lite/package.xml
[1.811s] -- Up-to-date: /home/lfvmu/kobuki/install/include/ecl/sigslots_lite.hpp
[1.811s] -- Up-to-date: /home/lfvmu/kobuki/install/include/ecl/sigslots_lite/connect.hpp
[1.812s] -- Up-to-date: /home/lfvmu/kobuki/install/include/ecl/sigslots_lite/errors.hpp
[1.812s] -- Up-to-date: /home/lfvmu/kobuki/install/include/ecl/sigslots_lite/managers.hpp
[1.812s] -- Up-to-date: /home/lfvmu/kobuki/install/include/ecl/sigslots_lite/signal.hpp
[1.813s] -- Up-to-date: /home/lfvmu/kobuki/install/include/ecl/sigslots_lite/slot.hpp
[1.813s] -- Up-to-date: /home/lfvmu/kobuki/install/include/ecl/sigslots_lite/utilities.hpp
[1.813s] -- Up-to-date: /home/lfvmu/kobuki/install/lib/ecl_sigslots_lite/demo_sigslots_lite
[1.815s] Invoked command in '/home/lfvmu/kobuki/build/ecl_sigslots_lite' returned '0': /usr/bin/cmake --install /home/lfvmu/kobuki/build/ecl_sigslots_lite
