[0.325s] Invoking command in '/home/lfvmu/kobuki/build/ament_cmake_ros': /usr/bin/cmake /home/lfvmu/kobuki/src/ament_cmake_ros/ament_cmake_ros -DBUILD_TESTING=OFF -DCMAKE_BUILD_TYPE=RelWithDebInfo -DCMAKE_INSTALL_PREFIX=/home/lfvmu/kobuki/install
[0.356s] -- Found ament_cmake: 0.9.11 (/home/lfvmu/kobuki/install/share/ament_cmake/cmake)
[0.388s] -- Using PYTHON_EXECUTABLE: /usr/bin/python3
[0.859s] -- Configuring done
[0.861s] -- Generating done
[0.874s] -- Build files have been written to: /home/lfvmu/kobuki/build/ament_cmake_ros
[1.125s] Invoked command in '/home/lfvmu/kobuki/build/ament_cmake_ros' returned '0': /usr/bin/cmake /home/lfvmu/kobuki/src/ament_cmake_ros/ament_cmake_ros -DBUILD_TESTING=OFF -DCMAKE_BUILD_TYPE=RelWithDebInfo -DCMAKE_INSTALL_PREFIX=/home/lfvmu/kobuki/install
[1.132s] Invoking command in '/home/lfvmu/kobuki/build/ament_cmake_ros': /usr/bin/cmake --build /home/lfvmu/kobuki/build/ament_cmake_ros -- -j4 -l4
[1.426s] Invoked command in '/home/lfvmu/kobuki/build/ament_cmake_ros' returned '0': /usr/bin/cmake --build /home/lfvmu/kobuki/build/ament_cmake_ros -- -j4 -l4
[1.487s] Invoking command in '/home/lfvmu/kobuki/build/ament_cmake_ros': /usr/bin/cmake --install /home/lfvmu/kobuki/build/ament_cmake_ros
[1.507s] -- Install configuration: "RelWithDebInfo"
[1.508s] -- Up-to-date: /home/lfvmu/kobuki/install/share/ament_index/resource_index/package_run_dependencies/ament_cmake_ros
[1.508s] -- Up-to-date: /home/lfvmu/kobuki/install/share/ament_index/resource_index/parent_prefix_path/ament_cmake_ros
[1.508s] -- Up-to-date: /home/lfvmu/kobuki/install/share/ament_cmake_ros/environment/ament_prefix_path.sh
[1.508s] -- Installing: /home/lfvmu/kobuki/install/share/ament_cmake_ros/environment/ament_prefix_path.dsv
[1.509s] -- Up-to-date: /home/lfvmu/kobuki/install/share/ament_cmake_ros/environment/path.sh
[1.509s] -- Installing: /home/lfvmu/kobuki/install/share/ament_cmake_ros/environment/path.dsv
[1.511s] -- Up-to-date: /home/lfvmu/kobuki/install/share/ament_cmake_ros/local_setup.bash
[1.512s] -- Up-to-date: /home/lfvmu/kobuki/install/share/ament_cmake_ros/local_setup.sh
[1.512s] -- Up-to-date: /home/lfvmu/kobuki/install/share/ament_cmake_ros/local_setup.zsh
[1.512s] -- Installing: /home/lfvmu/kobuki/install/share/ament_cmake_ros/local_setup.dsv
[1.512s] -- Installing: /home/lfvmu/kobuki/install/share/ament_cmake_ros/package.dsv
[1.513s] -- Up-to-date: /home/lfvmu/kobuki/install/share/ament_index/resource_index/packages/ament_cmake_ros
[1.513s] -- Up-to-date: /home/lfvmu/kobuki/install/share/ament_cmake_ros/cmake/ament_cmake_ros-extras.cmake
[1.513s] -- Up-to-date: /home/lfvmu/kobuki/install/share/ament_cmake_ros/cmake/ament_cmake_export_dependencies-extras.cmake
[1.513s] -- Up-to-date: /home/lfvmu/kobuki/install/share/ament_cmake_ros/cmake/ament_cmake_rosConfig.cmake
[1.513s] -- Up-to-date: /home/lfvmu/kobuki/install/share/ament_cmake_ros/cmake/ament_cmake_rosConfig-version.cmake
[1.514s] -- Up-to-date: /home/lfvmu/kobuki/install/share/ament_cmake_ros/package.xml
[1.514s] -- Up-to-date: /home/lfvmu/kobuki/install/share/ament_cmake_ros/cmake
[1.514s] -- Up-to-date: /home/lfvmu/kobuki/install/share/ament_cmake_ros/cmake/run_test_isolated.py
[1.514s] -- Up-to-date: /home/lfvmu/kobuki/install/share/ament_cmake_ros/cmake/ament_add_ros_isolated_pytest.cmake
[1.514s] -- Up-to-date: /home/lfvmu/kobuki/install/share/ament_cmake_ros/cmake/build_shared_libs.cmake
[1.516s] -- Up-to-date: /home/lfvmu/kobuki/install/share/ament_cmake_ros/cmake/ament_add_ros_isolated_gtest.cmake
[1.516s] -- Up-to-date: /home/lfvmu/kobuki/install/share/ament_cmake_ros/cmake/ament_add_ros_isolated_gmock.cmake
[1.523s] Invoked command in '/home/lfvmu/kobuki/build/ament_cmake_ros' returned '0': /usr/bin/cmake --install /home/lfvmu/kobuki/build/ament_cmake_ros
