[0.265s] Invoking command in '/home/lfvmu/kobuki/build/ecl_sigslots_lite': AMENT_PREFIX_PATH=/home/lfvmu/kobuki/install CMAKE_PREFIX_PATH=/home/lfvmu/kobuki/install LD_LIBRARY_PATH=/home/lfvmu/kobuki/install/lib PATH=/home/lfvmu/kobuki/install/bin:${PATH} PYTHONPATH=/home/lfvmu/kobuki/install/lib/python3.8/site-packages /usr/bin/cmake /home/lfvmu/kobuki/src/ecl_lite/ecl_sigslots_lite -DBUILD_TESTING=OFF -DCMAKE_INSTALL_PREFIX=/home/lfvmu/kobuki/install
[0.440s] -- The C compiler identification is GNU 9.4.0
[0.669s] -- The CXX compiler identification is GNU 9.4.0
[0.674s] -- Check for working C compiler: /usr/bin/cc
[0.938s] -- Check for working C compiler: /usr/bin/cc -- works
[0.938s] -- Detecting C compiler ABI info
[1.186s] -- Detecting C compiler ABI info - done
[1.241s] -- Detecting C compile features
[1.243s] -- Detecting C compile features - done
[1.251s] -- Check for working CXX compiler: /usr/bin/c++
[1.498s] -- Check for working CXX compiler: /usr/bin/c++ -- works
[1.502s] -- Detecting CXX compiler ABI info
[1.773s] -- Detecting CXX compiler ABI info - done
[1.819s] -- Detecting CXX compile features
[1.837s] -- Detecting CXX compile features - done
[1.837s] -- Found ament_cmake_ros: 0.9.2 (/home/lfvmu/kobuki/install/share/ament_cmake_ros/cmake)
[1.878s] -- Found PythonInterp: /usr/bin/python3 (found suitable version "3.8.10", minimum required is "3") 
[1.880s] -- Using PYTHON_EXECUTABLE: /usr/bin/python3
[2.266s] -- Found ecl_build: 1.0.3 (/home/lfvmu/kobuki/install/share/ecl_build/cmake)
[2.290s] -- Found ecl_config: 1.1.0 (/home/lfvmu/kobuki/install/share/ecl_config/cmake)
[2.297s] -- Found ecl_errors: 1.1.0 (/home/lfvmu/kobuki/install/share/ecl_errors/cmake)
[2.478s] -- Configuring done
[2.497s] -- Generating done
[2.503s] -- Build files have been written to: /home/lfvmu/kobuki/build/ecl_sigslots_lite
[2.513s] Invoked command in '/home/lfvmu/kobuki/build/ecl_sigslots_lite' returned '0': AMENT_PREFIX_PATH=/home/lfvmu/kobuki/install CMAKE_PREFIX_PATH=/home/lfvmu/kobuki/install LD_LIBRARY_PATH=/home/lfvmu/kobuki/install/lib PATH=/home/lfvmu/kobuki/install/bin:${PATH} PYTHONPATH=/home/lfvmu/kobuki/install/lib/python3.8/site-packages /usr/bin/cmake /home/lfvmu/kobuki/src/ecl_lite/ecl_sigslots_lite -DBUILD_TESTING=OFF -DCMAKE_INSTALL_PREFIX=/home/lfvmu/kobuki/install
[2.523s] Invoking command in '/home/lfvmu/kobuki/build/ecl_sigslots_lite': AMENT_PREFIX_PATH=/home/lfvmu/kobuki/install CMAKE_PREFIX_PATH=/home/lfvmu/kobuki/install LD_LIBRARY_PATH=/home/lfvmu/kobuki/install/lib PATH=/home/lfvmu/kobuki/install/bin:${PATH} PYTHONPATH=/home/lfvmu/kobuki/install/lib/python3.8/site-packages /usr/bin/cmake --build /home/lfvmu/kobuki/build/ecl_sigslots_lite -- -j4 -l4
[2.605s] [35m[1mScanning dependencies of target demo_sigslots_lite[0m
[2.632s] [ 50%] [32mBuilding CXX object src/examples/CMakeFiles/demo_sigslots_lite.dir/sigslots.cpp.o[0m
[3.596s] [100%] [32m[1mLinking CXX executable demo_sigslots_lite[0m
[3.831s] [100%] Built target demo_sigslots_lite
[3.862s] Invoked command in '/home/lfvmu/kobuki/build/ecl_sigslots_lite' returned '0': AMENT_PREFIX_PATH=/home/lfvmu/kobuki/install CMAKE_PREFIX_PATH=/home/lfvmu/kobuki/install LD_LIBRARY_PATH=/home/lfvmu/kobuki/install/lib PATH=/home/lfvmu/kobuki/install/bin:${PATH} PYTHONPATH=/home/lfvmu/kobuki/install/lib/python3.8/site-packages /usr/bin/cmake --build /home/lfvmu/kobuki/build/ecl_sigslots_lite -- -j4 -l4
[4.101s] Invoking command in '/home/lfvmu/kobuki/build/ecl_sigslots_lite': AMENT_PREFIX_PATH=/home/lfvmu/kobuki/install CMAKE_PREFIX_PATH=/home/lfvmu/kobuki/install LD_LIBRARY_PATH=/home/lfvmu/kobuki/install/lib PATH=/home/lfvmu/kobuki/install/bin:${PATH} PYTHONPATH=/home/lfvmu/kobuki/install/lib/python3.8/site-packages /usr/bin/cmake --install /home/lfvmu/kobuki/build/ecl_sigslots_lite
[4.127s] -- Install configuration: ""
[4.127s] -- Installing: /home/lfvmu/kobuki/install/share/ament_index/resource_index/package_run_dependencies/ecl_sigslots_lite
[4.128s] -- Installing: /home/lfvmu/kobuki/install/share/ament_index/resource_index/parent_prefix_path/ecl_sigslots_lite
[4.129s] -- Installing: /home/lfvmu/kobuki/install/share/ecl_sigslots_lite/environment/ament_prefix_path.sh
[4.130s] -- Installing: /home/lfvmu/kobuki/install/share/ecl_sigslots_lite/environment/ament_prefix_path.dsv
[4.131s] -- Installing: /home/lfvmu/kobuki/install/share/ecl_sigslots_lite/environment/path.sh
[4.131s] -- Installing: /home/lfvmu/kobuki/install/share/ecl_sigslots_lite/environment/path.dsv
[4.132s] -- Installing: /home/lfvmu/kobuki/install/share/ecl_sigslots_lite/local_setup.bash
[4.133s] -- Installing: /home/lfvmu/kobuki/install/share/ecl_sigslots_lite/local_setup.sh
[4.134s] -- Installing: /home/lfvmu/kobuki/install/share/ecl_sigslots_lite/local_setup.zsh
[4.135s] -- Installing: /home/lfvmu/kobuki/install/share/ecl_sigslots_lite/local_setup.dsv
[4.135s] -- Installing: /home/lfvmu/kobuki/install/share/ecl_sigslots_lite/package.dsv
[4.136s] -- Installing: /home/lfvmu/kobuki/install/share/ament_index/resource_index/packages/ecl_sigslots_lite
[4.137s] -- Installing: /home/lfvmu/kobuki/install/share/ecl_sigslots_lite/cmake/ecl_sigslots_liteExport.cmake
[4.138s] -- Installing: /home/lfvmu/kobuki/install/share/ecl_sigslots_lite/cmake/ament_cmake_export_targets-extras.cmake
[4.138s] -- Installing: /home/lfvmu/kobuki/install/share/ecl_sigslots_lite/cmake/ament_cmake_export_include_directories-extras.cmake
[4.139s] -- Installing: /home/lfvmu/kobuki/install/share/ecl_sigslots_lite/cmake/ament_cmake_export_dependencies-extras.cmake
[4.140s] -- Installing: /home/lfvmu/kobuki/install/share/ecl_sigslots_lite/cmake/ecl_sigslots_liteConfig.cmake
[4.140s] -- Installing: /home/lfvmu/kobuki/install/share/ecl_sigslots_lite/cmake/ecl_sigslots_liteConfig-version.cmake
[4.141s] -- Installing: /home/lfvmu/kobuki/install/share/ecl_sigslots_lite/package.xml
[4.142s] -- Installing: /home/lfvmu/kobuki/install/include/ecl/sigslots_lite.hpp
[4.143s] -- Installing: /home/lfvmu/kobuki/install/include/ecl/sigslots_lite/connect.hpp
[4.144s] -- Installing: /home/lfvmu/kobuki/install/include/ecl/sigslots_lite/errors.hpp
[4.145s] -- Installing: /home/lfvmu/kobuki/install/include/ecl/sigslots_lite/managers.hpp
[4.145s] -- Installing: /home/lfvmu/kobuki/install/include/ecl/sigslots_lite/signal.hpp
[4.146s] -- Installing: /home/lfvmu/kobuki/install/include/ecl/sigslots_lite/slot.hpp
[4.146s] -- Installing: /home/lfvmu/kobuki/install/include/ecl/sigslots_lite/utilities.hpp
[4.148s] -- Installing: /home/lfvmu/kobuki/install/lib/ecl_sigslots_lite/demo_sigslots_lite
[4.149s] -- Set runtime path of "/home/lfvmu/kobuki/install/lib/ecl_sigslots_lite/demo_sigslots_lite" to ""
[4.159s] Invoked command in '/home/lfvmu/kobuki/build/ecl_sigslots_lite' returned '0': AMENT_PREFIX_PATH=/home/lfvmu/kobuki/install CMAKE_PREFIX_PATH=/home/lfvmu/kobuki/install LD_LIBRARY_PATH=/home/lfvmu/kobuki/install/lib PATH=/home/lfvmu/kobuki/install/bin:${PATH} PYTHONPATH=/home/lfvmu/kobuki/install/lib/python3.8/site-packages /usr/bin/cmake --install /home/lfvmu/kobuki/build/ecl_sigslots_lite
