[1.773s] Invoking command in '/home/lfvmu/kobuki/src/ament_lint/ament_clang_format': PYTHONPATH=/home/lfvmu/kobuki/build/ament_clang_format/prefix_override:/home/lfvmu/kobuki/install/lib/python3.8/site-packages:${PYTHONPATH} /usr/bin/python3 setup.py egg_info --egg-base ../../../build/ament_clang_format build --build-base /home/lfvmu/kobuki/build/ament_clang_format/build install --record /home/lfvmu/kobuki/build/ament_clang_format/install.log --single-version-externally-managed
[2.138s] running egg_info
[2.139s] writing ../../../build/ament_clang_format/ament_clang_format.egg-info/PKG-INFO
[2.140s] writing dependency_links to ../../../build/ament_clang_format/ament_clang_format.egg-info/dependency_links.txt
[2.140s] writing entry points to ../../../build/ament_clang_format/ament_clang_format.egg-info/entry_points.txt
[2.140s] writing requirements to ../../../build/ament_clang_format/ament_clang_format.egg-info/requires.txt
[2.141s] writing top-level names to ../../../build/ament_clang_format/ament_clang_format.egg-info/top_level.txt
[2.233s] reading manifest file '../../../build/ament_clang_format/ament_clang_format.egg-info/SOURCES.txt'
[2.235s] writing manifest file '../../../build/ament_clang_format/ament_clang_format.egg-info/SOURCES.txt'
[2.235s] running build
[2.235s] running build_py
[2.236s] running install
[2.237s] running install_lib
[2.240s] running install_data
[2.241s] running install_egg_info
[2.244s] removing '/home/lfvmu/kobuki/install/lib/python3.8/site-packages/ament_clang_format-0.9.7-py3.8.egg-info' (and everything under it)
[2.244s] Copying ../../../build/ament_clang_format/ament_clang_format.egg-info to /home/lfvmu/kobuki/install/lib/python3.8/site-packages/ament_clang_format-0.9.7-py3.8.egg-info
[2.246s] running install_scripts
[2.299s] Installing ament_clang_format script to /home/lfvmu/kobuki/install/bin
[2.300s] writing list of installed files to '/home/lfvmu/kobuki/build/ament_clang_format/install.log'
[2.797s] Invoked command in '/home/lfvmu/kobuki/src/ament_lint/ament_clang_format' returned '0': PYTHONPATH=/home/lfvmu/kobuki/build/ament_clang_format/prefix_override:/home/lfvmu/kobuki/install/lib/python3.8/site-packages:${PYTHONPATH} /usr/bin/python3 setup.py egg_info --egg-base ../../../build/ament_clang_format build --build-base /home/lfvmu/kobuki/build/ament_clang_format/build install --record /home/lfvmu/kobuki/build/ament_clang_format/install.log --single-version-externally-managed
