[1.847s] Invoking command in '/home/lfvmu/kobuki/src/ament_lint/ament_pep257': PYTHONPATH=/home/lfvmu/kobuki/build/ament_pep257/prefix_override:/home/lfvmu/kobuki/install/lib/python3.8/site-packages:${PYTHONPATH} /usr/bin/python3 setup.py egg_info --egg-base ../../../build/ament_pep257 build --build-base /home/lfvmu/kobuki/build/ament_pep257/build install --record /home/lfvmu/kobuki/build/ament_pep257/install.log --single-version-externally-managed
[2.223s] running egg_info
[2.224s] writing ../../../build/ament_pep257/ament_pep257.egg-info/PKG-INFO
[2.225s] writing dependency_links to ../../../build/ament_pep257/ament_pep257.egg-info/dependency_links.txt
[2.225s] writing entry points to ../../../build/ament_pep257/ament_pep257.egg-info/entry_points.txt
[2.226s] writing requirements to ../../../build/ament_pep257/ament_pep257.egg-info/requires.txt
[2.226s] writing top-level names to ../../../build/ament_pep257/ament_pep257.egg-info/top_level.txt
[2.330s] reading manifest file '../../../build/ament_pep257/ament_pep257.egg-info/SOURCES.txt'
[2.330s] writing manifest file '../../../build/ament_pep257/ament_pep257.egg-info/SOURCES.txt'
[2.330s] running build
[2.331s] running build_py
[2.331s] running install
[2.331s] running install_lib
[2.332s] running install_data
[2.333s] running install_egg_info
[2.346s] removing '/home/lfvmu/kobuki/install/lib/python3.8/site-packages/ament_pep257-0.9.7-py3.8.egg-info' (and everything under it)
[2.347s] Copying ../../../build/ament_pep257/ament_pep257.egg-info to /home/lfvmu/kobuki/install/lib/python3.8/site-packages/ament_pep257-0.9.7-py3.8.egg-info
[2.347s] running install_scripts
[2.400s] Installing ament_pep257 script to /home/lfvmu/kobuki/install/bin
[2.400s] writing list of installed files to '/home/lfvmu/kobuki/build/ament_pep257/install.log'
[2.455s] Invoked command in '/home/lfvmu/kobuki/src/ament_lint/ament_pep257' returned '0': PYTHONPATH=/home/lfvmu/kobuki/build/ament_pep257/prefix_override:/home/lfvmu/kobuki/install/lib/python3.8/site-packages:${PYTHONPATH} /usr/bin/python3 setup.py egg_info --egg-base ../../../build/ament_pep257 build --build-base /home/lfvmu/kobuki/build/ament_pep257/build install --record /home/lfvmu/kobuki/build/ament_pep257/install.log --single-version-externally-managed
