[0.301s] Invoking command in '/home/lfvmu/kobuki/build/ecl_errors': /usr/bin/cmake /home/lfvmu/kobuki/src/ecl_lite/ecl_errors -DBUILD_TESTING=OFF -DCMAKE_BUILD_TYPE=RelWithDebInfo -DCMAKE_INSTALL_PREFIX=/home/lfvmu/kobuki/install
[0.335s] -- Found ament_cmake_ros: 0.9.2 (/home/lfvmu/kobuki/install/share/ament_cmake_ros/cmake)
[0.387s] -- Using PYTHON_EXECUTABLE: /usr/bin/python3
[0.745s] -- Found ecl_build: 1.0.3 (/home/lfvmu/kobuki/install/share/ecl_build/cmake)
[0.764s] -- Found ecl_config: 1.1.0 (/home/lfvmu/kobuki/install/share/ecl_config/cmake)
[0.971s] -- Configuring done
[0.998s] -- Generating done
[0.998s] -- Build files have been written to: /home/lfvmu/kobuki/build/ecl_errors
[1.113s] Invoked command in '/home/lfvmu/kobuki/build/ecl_errors' returned '0': /usr/bin/cmake /home/lfvmu/kobuki/src/ecl_lite/ecl_errors -DBUILD_TESTING=OFF -DCMAKE_BUILD_TYPE=RelWithDebInfo -DCMAKE_INSTALL_PREFIX=/home/lfvmu/kobuki/install
[1.120s] Invoking command in '/home/lfvmu/kobuki/build/ecl_errors': /usr/bin/cmake --build /home/lfvmu/kobuki/build/ecl_errors -- -j4 -l4
[1.286s] [ 50%] Built target ecl_errors
[1.346s] [100%] Built target ecl_errors_example_errors
[1.379s] Invoked command in '/home/lfvmu/kobuki/build/ecl_errors' returned '0': /usr/bin/cmake --build /home/lfvmu/kobuki/build/ecl_errors -- -j4 -l4
[1.648s] Invoking command in '/home/lfvmu/kobuki/build/ecl_errors': /usr/bin/cmake --install /home/lfvmu/kobuki/build/ecl_errors
[1.680s] -- Install configuration: "RelWithDebInfo"
[1.680s] -- Up-to-date: /home/lfvmu/kobuki/install/share/ecl_errors/environment/library_path.sh
[1.681s] -- Installing: /home/lfvmu/kobuki/install/share/ecl_errors/environment/library_path.dsv
[1.681s] -- Up-to-date: /home/lfvmu/kobuki/install/share/ament_index/resource_index/package_run_dependencies/ecl_errors
[1.681s] -- Up-to-date: /home/lfvmu/kobuki/install/share/ament_index/resource_index/parent_prefix_path/ecl_errors
[1.682s] -- Up-to-date: /home/lfvmu/kobuki/install/share/ecl_errors/environment/ament_prefix_path.sh
[1.682s] -- Installing: /home/lfvmu/kobuki/install/share/ecl_errors/environment/ament_prefix_path.dsv
[1.682s] -- Up-to-date: /home/lfvmu/kobuki/install/share/ecl_errors/environment/path.sh
[1.683s] -- Installing: /home/lfvmu/kobuki/install/share/ecl_errors/environment/path.dsv
[1.683s] -- Up-to-date: /home/lfvmu/kobuki/install/share/ecl_errors/local_setup.bash
[1.683s] -- Up-to-date: /home/lfvmu/kobuki/install/share/ecl_errors/local_setup.sh
[1.683s] -- Up-to-date: /home/lfvmu/kobuki/install/share/ecl_errors/local_setup.zsh
[1.683s] -- Installing: /home/lfvmu/kobuki/install/share/ecl_errors/local_setup.dsv
[1.684s] -- Installing: /home/lfvmu/kobuki/install/share/ecl_errors/package.dsv
[1.684s] -- Up-to-date: /home/lfvmu/kobuki/install/share/ament_index/resource_index/packages/ecl_errors
[1.684s] -- Up-to-date: /home/lfvmu/kobuki/install/share/ecl_errors/cmake/ecl_errorsExport.cmake
[1.685s] -- Installing: /home/lfvmu/kobuki/install/share/ecl_errors/cmake/ecl_errorsExport-relwithdebinfo.cmake
[1.685s] -- Up-to-date: /home/lfvmu/kobuki/install/share/ecl_errors/cmake/ament_cmake_export_targets-extras.cmake
[1.685s] -- Up-to-date: /home/lfvmu/kobuki/install/share/ecl_errors/cmake/ament_cmake_export_include_directories-extras.cmake
[1.686s] -- Up-to-date: /home/lfvmu/kobuki/install/share/ecl_errors/cmake/ament_cmake_export_libraries-extras.cmake
[1.686s] -- Up-to-date: /home/lfvmu/kobuki/install/share/ecl_errors/cmake/ament_cmake_export_dependencies-extras.cmake
[1.686s] -- Up-to-date: /home/lfvmu/kobuki/install/share/ecl_errors/cmake/ecl_errorsConfig.cmake
[1.686s] -- Up-to-date: /home/lfvmu/kobuki/install/share/ecl_errors/cmake/ecl_errorsConfig-version.cmake
[1.686s] -- Up-to-date: /home/lfvmu/kobuki/install/share/ecl_errors/package.xml
[1.687s] -- Up-to-date: /home/lfvmu/kobuki/install/include/ecl/errors.hpp
[1.687s] -- Up-to-date: /home/lfvmu/kobuki/install/include/ecl/errors/compile_time_assert.hpp
[1.687s] -- Up-to-date: /home/lfvmu/kobuki/install/include/ecl/errors/flags.hpp
[1.687s] -- Up-to-date: /home/lfvmu/kobuki/install/include/ecl/errors/handlers.hpp
[1.687s] -- Up-to-date: /home/lfvmu/kobuki/install/include/ecl/errors/macros.hpp
[1.688s] -- Up-to-date: /home/lfvmu/kobuki/install/include/ecl/errors/run_time_functions.hpp
[1.688s] -- Up-to-date: /home/lfvmu/kobuki/install/lib/libecl_errors.so.1.1.0
[1.688s] -- Up-to-date: /home/lfvmu/kobuki/install/lib/libecl_errors.so
[1.689s] -- Up-to-date: /home/lfvmu/kobuki/install/lib/ecl_errors/demo_errors
[1.704s] Invoked command in '/home/lfvmu/kobuki/build/ecl_errors' returned '0': /usr/bin/cmake --install /home/lfvmu/kobuki/build/ecl_errors
