[0.082s] Invoking command in '/home/lfvmu/kobuki/build/ament_cmake_include_directories': /usr/bin/cmake /home/lfvmu/kobuki/src/ament_cmake/ament_cmake_include_directories -DBUILD_TESTING=OFF -DCMAKE_INSTALL_PREFIX=/home/lfvmu/kobuki/install
[0.113s] Re-run cmake no build system arguments
[0.121s] -- Found ament_cmake_core: 0.9.11 (/home/lfvmu/kobuki/install/share/ament_cmake_core/cmake)
[0.175s] -- Using PYTHON_EXECUTABLE: /usr/bin/python3
[0.673s] -- Configuring done
[0.689s] -- Generating done
[0.689s] -- Build files have been written to: /home/lfvmu/kobuki/build/ament_cmake_include_directories
[0.726s] Invoked command in '/home/lfvmu/kobuki/build/ament_cmake_include_directories' returned '0': /usr/bin/cmake /home/lfvmu/kobuki/src/ament_cmake/ament_cmake_include_directories -DBUILD_TESTING=OFF -DCMAKE_INSTALL_PREFIX=/home/lfvmu/kobuki/install
[0.734s] Invoking command in '/home/lfvmu/kobuki/build/ament_cmake_include_directories': /usr/bin/cmake --build /home/lfvmu/kobuki/build/ament_cmake_include_directories -- -j4 -l4
[0.947s] /usr/bin/cmake -S/home/lfvmu/kobuki/src/ament_cmake/ament_cmake_include_directories -B/home/lfvmu/kobuki/build/ament_cmake_include_directories --check-build-system CMakeFiles/Makefile.cmake 0
[0.949s] /usr/bin/cmake -E cmake_progress_start /home/lfvmu/kobuki/build/ament_cmake_include_directories/CMakeFiles /home/lfvmu/kobuki/build/ament_cmake_include_directories/CMakeFiles/progress.marks
[0.949s] /usr/bin/make -f CMakeFiles/Makefile2 all
[0.950s] make[1]: Entering directory '/home/lfvmu/kobuki/build/ament_cmake_include_directories'
[0.950s] make[1]: Nothing to be done for 'all'.
[0.950s] make[1]: Leaving directory '/home/lfvmu/kobuki/build/ament_cmake_include_directories'
[0.951s] /usr/bin/cmake -E cmake_progress_start /home/lfvmu/kobuki/build/ament_cmake_include_directories/CMakeFiles 0
[0.982s] Invoked command in '/home/lfvmu/kobuki/build/ament_cmake_include_directories' returned '0': /usr/bin/cmake --build /home/lfvmu/kobuki/build/ament_cmake_include_directories -- -j4 -l4
[1.247s] Invoking command in '/home/lfvmu/kobuki/build/ament_cmake_include_directories': /usr/bin/cmake --install /home/lfvmu/kobuki/build/ament_cmake_include_directories
[1.267s] -- Install configuration: "RelWithDebInfo"
[1.267s] -- Up-to-date: /home/lfvmu/kobuki/install/share/ament_index/resource_index/package_run_dependencies/ament_cmake_include_directories
[1.268s] -- Up-to-date: /home/lfvmu/kobuki/install/share/ament_index/resource_index/parent_prefix_path/ament_cmake_include_directories
[1.268s] -- Up-to-date: /home/lfvmu/kobuki/install/share/ament_cmake_include_directories/environment/ament_prefix_path.sh
[1.268s] -- Installing: /home/lfvmu/kobuki/install/share/ament_cmake_include_directories/environment/ament_prefix_path.dsv
[1.269s] -- Up-to-date: /home/lfvmu/kobuki/install/share/ament_cmake_include_directories/environment/path.sh
[1.269s] -- Installing: /home/lfvmu/kobuki/install/share/ament_cmake_include_directories/environment/path.dsv
[1.269s] -- Up-to-date: /home/lfvmu/kobuki/install/share/ament_cmake_include_directories/local_setup.bash
[1.270s] -- Up-to-date: /home/lfvmu/kobuki/install/share/ament_cmake_include_directories/local_setup.sh
[1.270s] -- Up-to-date: /home/lfvmu/kobuki/install/share/ament_cmake_include_directories/local_setup.zsh
[1.270s] -- Installing: /home/lfvmu/kobuki/install/share/ament_cmake_include_directories/local_setup.dsv
[1.271s] -- Installing: /home/lfvmu/kobuki/install/share/ament_cmake_include_directories/package.dsv
[1.271s] -- Up-to-date: /home/lfvmu/kobuki/install/share/ament_index/resource_index/packages/ament_cmake_include_directories
[1.272s] -- Up-to-date: /home/lfvmu/kobuki/install/share/ament_cmake_include_directories/cmake/ament_cmake_include_directories-extras.cmake
[1.272s] -- Up-to-date: /home/lfvmu/kobuki/install/share/ament_cmake_include_directories/cmake/ament_cmake_include_directoriesConfig.cmake
[1.272s] -- Up-to-date: /home/lfvmu/kobuki/install/share/ament_cmake_include_directories/cmake/ament_cmake_include_directoriesConfig-version.cmake
[1.272s] -- Up-to-date: /home/lfvmu/kobuki/install/share/ament_cmake_include_directories/package.xml
[1.273s] -- Up-to-date: /home/lfvmu/kobuki/install/share/ament_cmake_include_directories/cmake
[1.273s] -- Up-to-date: /home/lfvmu/kobuki/install/share/ament_cmake_include_directories/cmake/ament_include_directories_order.cmake
[1.286s] Invoked command in '/home/lfvmu/kobuki/build/ament_cmake_include_directories' returned '0': /usr/bin/cmake --install /home/lfvmu/kobuki/build/ament_cmake_include_directories
