[0.330s] Invoking command in '/home/lfvmu/kobuki/build/ecl_config': /usr/bin/cmake /home/lfvmu/kobuki/src/ecl_lite/ecl_config -DBUILD_TESTING=OFF -DCMAKE_INSTALL_PREFIX=/home/lfvmu/kobuki/install
[0.370s] -- Found ament_cmake_ros: 0.9.2 (/home/lfvmu/kobuki/install/share/ament_cmake_ros/cmake)
[0.434s] -- Using PYTHON_EXECUTABLE: /usr/bin/python3
[0.787s] -- Found ecl_build: 1.0.3 (/home/lfvmu/kobuki/install/share/ecl_build/cmake)
[0.994s] -- Configuring done
[1.032s] -- Generating done
[1.045s] -- Build files have been written to: /home/lfvmu/kobuki/build/ecl_config
[1.060s] Invoked command in '/home/lfvmu/kobuki/build/ecl_config' returned '0': /usr/bin/cmake /home/lfvmu/kobuki/src/ecl_lite/ecl_config -DBUILD_TESTING=OFF -DCMAKE_INSTALL_PREFIX=/home/lfvmu/kobuki/install
[1.062s] Invoking command in '/home/lfvmu/kobuki/build/ecl_config': /usr/bin/cmake --build /home/lfvmu/kobuki/build/ecl_config -- -j4 -l4
[1.191s] [ 50%] Built target ecl_detect_posix
[1.229s] [100%] Built target ecl_detect_endian
[1.300s] Invoked command in '/home/lfvmu/kobuki/build/ecl_config' returned '0': /usr/bin/cmake --build /home/lfvmu/kobuki/build/ecl_config -- -j4 -l4
[1.575s] Invoking command in '/home/lfvmu/kobuki/build/ecl_config': /usr/bin/cmake --install /home/lfvmu/kobuki/build/ecl_config
[1.601s] -- Install configuration: "RelWithDebInfo"
[1.603s] -- Up-to-date: /home/lfvmu/kobuki/install/share/ament_index/resource_index/package_run_dependencies/ecl_config
[1.603s] -- Up-to-date: /home/lfvmu/kobuki/install/share/ament_index/resource_index/parent_prefix_path/ecl_config
[1.603s] -- Up-to-date: /home/lfvmu/kobuki/install/share/ecl_config/environment/ament_prefix_path.sh
[1.603s] -- Installing: /home/lfvmu/kobuki/install/share/ecl_config/environment/ament_prefix_path.dsv
[1.604s] -- Up-to-date: /home/lfvmu/kobuki/install/share/ecl_config/environment/path.sh
[1.604s] -- Installing: /home/lfvmu/kobuki/install/share/ecl_config/environment/path.dsv
[1.605s] -- Up-to-date: /home/lfvmu/kobuki/install/share/ecl_config/local_setup.bash
[1.605s] -- Up-to-date: /home/lfvmu/kobuki/install/share/ecl_config/local_setup.sh
[1.605s] -- Up-to-date: /home/lfvmu/kobuki/install/share/ecl_config/local_setup.zsh
[1.606s] -- Installing: /home/lfvmu/kobuki/install/share/ecl_config/local_setup.dsv
[1.606s] -- Installing: /home/lfvmu/kobuki/install/share/ecl_config/package.dsv
[1.606s] -- Up-to-date: /home/lfvmu/kobuki/install/share/ament_index/resource_index/packages/ecl_config
[1.607s] -- Up-to-date: /home/lfvmu/kobuki/install/share/ecl_config/cmake/ecl_configExport.cmake
[1.608s] -- Up-to-date: /home/lfvmu/kobuki/install/share/ecl_config/cmake/ament_cmake_export_targets-extras.cmake
[1.608s] -- Up-to-date: /home/lfvmu/kobuki/install/share/ecl_config/cmake/ament_cmake_export_include_directories-extras.cmake
[1.608s] -- Up-to-date: /home/lfvmu/kobuki/install/share/ecl_config/cmake/ecl_configConfig.cmake
[1.609s] -- Up-to-date: /home/lfvmu/kobuki/install/share/ecl_config/cmake/ecl_configConfig-version.cmake
[1.609s] -- Up-to-date: /home/lfvmu/kobuki/install/share/ecl_config/package.xml
[1.610s] -- Up-to-date: /home/lfvmu/kobuki/install/include/ecl/config.hpp
[1.610s] -- Up-to-date: /home/lfvmu/kobuki/install/include/ecl/config/ecl.hpp
[1.611s] -- Up-to-date: /home/lfvmu/kobuki/install/include/ecl/config/char_sign.hpp
[1.611s] -- Up-to-date: /home/lfvmu/kobuki/install/include/ecl/config/ecl_unknown.hpp
[1.611s] -- Up-to-date: /home/lfvmu/kobuki/install/include/ecl/config/endianness.hpp
[1.612s] -- Up-to-date: /home/lfvmu/kobuki/install/include/ecl/config/macros.hpp
[1.612s] -- Up-to-date: /home/lfvmu/kobuki/install/include/ecl/config/portable_types.hpp
[1.612s] -- Up-to-date: /home/lfvmu/kobuki/install/include/ecl/config/windows.hpp
[1.615s] -- Up-to-date: /home/lfvmu/kobuki/install/bin/ecl_detect_endian
[1.617s] -- Up-to-date: /home/lfvmu/kobuki/install/bin/ecl_detect_posix
[1.626s] Invoked command in '/home/lfvmu/kobuki/build/ecl_config' returned '0': /usr/bin/cmake --install /home/lfvmu/kobuki/build/ecl_config
