[0.248s] Invoking command in '/home/lfvmu/kobuki/build/ament_cmake_xmllint': AMENT_PREFIX_PATH=/home/lfvmu/kobuki/install CMAKE_PREFIX_PATH=/home/lfvmu/kobuki/install PATH=/home/lfvmu/kobuki/install/bin:${PATH} PYTHONPATH=/home/lfvmu/kobuki/install/lib/python3.8/site-packages /usr/bin/cmake /home/lfvmu/kobuki/src/ament_lint/ament_cmake_xmllint -DBUILD_TESTING=OFF -DCMAKE_INSTALL_PREFIX=/home/lfvmu/kobuki/install
[0.307s] -- Found ament_cmake_core: 0.9.11 (/home/lfvmu/kobuki/install/share/ament_cmake_core/cmake)
[0.341s] -- Found PythonInterp: /usr/bin/python3 (found suitable version "3.8.10", minimum required is "3") 
[0.342s] -- Using PYTHON_EXECUTABLE: /usr/bin/python3
[0.660s] -- Found ament_cmake_test: 0.9.11 (/home/lfvmu/kobuki/install/share/ament_cmake_test/cmake)
[0.809s] -- Configuring done
[0.814s] -- Generating done
[0.816s] -- Build files have been written to: /home/lfvmu/kobuki/build/ament_cmake_xmllint
[0.936s] Invoked command in '/home/lfvmu/kobuki/build/ament_cmake_xmllint' returned '0': AMENT_PREFIX_PATH=/home/lfvmu/kobuki/install CMAKE_PREFIX_PATH=/home/lfvmu/kobuki/install PATH=/home/lfvmu/kobuki/install/bin:${PATH} PYTHONPATH=/home/lfvmu/kobuki/install/lib/python3.8/site-packages /usr/bin/cmake /home/lfvmu/kobuki/src/ament_lint/ament_cmake_xmllint -DBUILD_TESTING=OFF -DCMAKE_INSTALL_PREFIX=/home/lfvmu/kobuki/install
[0.938s] Invoking command in '/home/lfvmu/kobuki/build/ament_cmake_xmllint': AMENT_PREFIX_PATH=/home/lfvmu/kobuki/install CMAKE_PREFIX_PATH=/home/lfvmu/kobuki/install PATH=/home/lfvmu/kobuki/install/bin:${PATH} PYTHONPATH=/home/lfvmu/kobuki/install/lib/python3.8/site-packages /usr/bin/cmake --build /home/lfvmu/kobuki/build/ament_cmake_xmllint -- -j4 -l4
[1.213s] Invoked command in '/home/lfvmu/kobuki/build/ament_cmake_xmllint' returned '0': AMENT_PREFIX_PATH=/home/lfvmu/kobuki/install CMAKE_PREFIX_PATH=/home/lfvmu/kobuki/install PATH=/home/lfvmu/kobuki/install/bin:${PATH} PYTHONPATH=/home/lfvmu/kobuki/install/lib/python3.8/site-packages /usr/bin/cmake --build /home/lfvmu/kobuki/build/ament_cmake_xmllint -- -j4 -l4
[1.689s] Invoking command in '/home/lfvmu/kobuki/build/ament_cmake_xmllint': AMENT_PREFIX_PATH=/home/lfvmu/kobuki/install CMAKE_PREFIX_PATH=/home/lfvmu/kobuki/install PATH=/home/lfvmu/kobuki/install/bin:${PATH} PYTHONPATH=/home/lfvmu/kobuki/install/lib/python3.8/site-packages /usr/bin/cmake --install /home/lfvmu/kobuki/build/ament_cmake_xmllint
[1.714s] -- Install configuration: ""
[1.714s] -- Installing: /home/lfvmu/kobuki/install/share/ament_index/resource_index/package_run_dependencies/ament_cmake_xmllint
[1.714s] -- Installing: /home/lfvmu/kobuki/install/share/ament_index/resource_index/parent_prefix_path/ament_cmake_xmllint
[1.715s] -- Installing: /home/lfvmu/kobuki/install/share/ament_cmake_xmllint/environment/ament_prefix_path.sh
[1.715s] -- Installing: /home/lfvmu/kobuki/install/share/ament_cmake_xmllint/environment/ament_prefix_path.dsv
[1.715s] -- Installing: /home/lfvmu/kobuki/install/share/ament_cmake_xmllint/environment/path.sh
[1.716s] -- Installing: /home/lfvmu/kobuki/install/share/ament_cmake_xmllint/environment/path.dsv
[1.716s] -- Installing: /home/lfvmu/kobuki/install/share/ament_cmake_xmllint/local_setup.bash
[1.717s] -- Installing: /home/lfvmu/kobuki/install/share/ament_cmake_xmllint/local_setup.sh
[1.717s] -- Installing: /home/lfvmu/kobuki/install/share/ament_cmake_xmllint/local_setup.zsh
[1.719s] -- Installing: /home/lfvmu/kobuki/install/share/ament_cmake_xmllint/local_setup.dsv
[1.719s] -- Installing: /home/lfvmu/kobuki/install/share/ament_cmake_xmllint/package.dsv
[1.719s] -- Installing: /home/lfvmu/kobuki/install/share/ament_index/resource_index/packages/ament_cmake_xmllint
[1.720s] -- Installing: /home/lfvmu/kobuki/install/share/ament_cmake_xmllint/cmake/ament_cmake_xmllint-extras.cmake
[1.720s] -- Installing: /home/lfvmu/kobuki/install/share/ament_cmake_xmllint/cmake/ament_cmake_xmllintConfig.cmake
[1.720s] -- Installing: /home/lfvmu/kobuki/install/share/ament_cmake_xmllint/cmake/ament_cmake_xmllintConfig-version.cmake
[1.727s] -- Installing: /home/lfvmu/kobuki/install/share/ament_cmake_xmllint/package.xml
[1.728s] -- Up-to-date: /home/lfvmu/kobuki/install/share/ament_cmake_xmllint/cmake
[1.728s] -- Installing: /home/lfvmu/kobuki/install/share/ament_cmake_xmllint/cmake/ament_xmllint.cmake
[1.728s] -- Installing: /home/lfvmu/kobuki/install/share/ament_cmake_xmllint/cmake/ament_cmake_xmllint_lint_hook.cmake
[1.741s] Invoked command in '/home/lfvmu/kobuki/build/ament_cmake_xmllint' returned '0': AMENT_PREFIX_PATH=/home/lfvmu/kobuki/install CMAKE_PREFIX_PATH=/home/lfvmu/kobuki/install PATH=/home/lfvmu/kobuki/install/bin:${PATH} PYTHONPATH=/home/lfvmu/kobuki/install/lib/python3.8/site-packages /usr/bin/cmake --install /home/lfvmu/kobuki/build/ament_cmake_xmllint
