[2.088s] Invoking command in '/home/lfvmu/kobuki/src/ament_lint/ament_copyright': PYTHONPATH=/home/lfvmu/kobuki/build/ament_copyright/prefix_override:/home/lfvmu/kobuki/install/lib/python3.8/site-packages:${PYTHONPATH} /usr/bin/python3 setup.py egg_info --egg-base ../../../build/ament_copyright build --build-base /home/lfvmu/kobuki/build/ament_copyright/build install --record /home/lfvmu/kobuki/build/ament_copyright/install.log --single-version-externally-managed
[2.469s] running egg_info
[2.469s] writing ../../../build/ament_copyright/ament_copyright.egg-info/PKG-INFO
[2.469s] writing dependency_links to ../../../build/ament_copyright/ament_copyright.egg-info/dependency_links.txt
[2.469s] writing entry points to ../../../build/ament_copyright/ament_copyright.egg-info/entry_points.txt
[2.470s] writing requirements to ../../../build/ament_copyright/ament_copyright.egg-info/requires.txt
[2.470s] writing top-level names to ../../../build/ament_copyright/ament_copyright.egg-info/top_level.txt
[2.566s] reading manifest file '../../../build/ament_copyright/ament_copyright.egg-info/SOURCES.txt'
[2.576s] writing manifest file '../../../build/ament_copyright/ament_copyright.egg-info/SOURCES.txt'
[2.577s] running build
[2.577s] running build_py
[2.583s] running install
[2.583s] running install_lib
[2.584s] running install_data
[2.585s] running install_egg_info
[2.586s] removing '/home/lfvmu/kobuki/install/lib/python3.8/site-packages/ament_copyright-0.9.7-py3.8.egg-info' (and everything under it)
[2.587s] Copying ../../../build/ament_copyright/ament_copyright.egg-info to /home/lfvmu/kobuki/install/lib/python3.8/site-packages/ament_copyright-0.9.7-py3.8.egg-info
[2.590s] running install_scripts
[2.636s] Installing ament_copyright script to /home/lfvmu/kobuki/install/bin
[2.637s] writing list of installed files to '/home/lfvmu/kobuki/build/ament_copyright/install.log'
[2.810s] Invoked command in '/home/lfvmu/kobuki/src/ament_lint/ament_copyright' returned '0': PYTHONPATH=/home/lfvmu/kobuki/build/ament_copyright/prefix_override:/home/lfvmu/kobuki/install/lib/python3.8/site-packages:${PYTHONPATH} /usr/bin/python3 setup.py egg_info --egg-base ../../../build/ament_copyright build --build-base /home/lfvmu/kobuki/build/ament_copyright/build install --record /home/lfvmu/kobuki/build/ament_copyright/install.log --single-version-externally-managed
