[0.308s] Invoking command in '/home/lfvmu/kobuki/build/ecl_time': AMENT_PREFIX_PATH=/home/lfvmu/kobuki/install CMAKE_PREFIX_PATH=/home/lfvmu/kobuki/install LD_LIBRARY_PATH=/home/lfvmu/kobuki/install/lib PATH=/home/lfvmu/kobuki/install/bin:${PATH} PYTHONPATH=/home/lfvmu/kobuki/install/lib/python3.8/site-packages /usr/bin/cmake /home/lfvmu/kobuki/src/ecl_core/ecl_time -DBUILD_TESTING=OFF -DCMAKE_INSTALL_PREFIX=/home/lfvmu/kobuki/install
[0.325s] Re-run cmake no build system arguments
[0.344s] -- Found ament_cmake_ros: 0.9.2 (/home/lfvmu/kobuki/install/share/ament_cmake_ros/cmake)
[0.411s] -- Using PYTHON_EXECUTABLE: /usr/bin/python3
[0.827s] -- Found ecl_build: 1.0.3 (/home/lfvmu/kobuki/install/share/ecl_build/cmake)
[0.831s] -- Found ecl_config: 1.1.0 (/home/lfvmu/kobuki/install/share/ecl_config/cmake)
[0.841s] -- Found ecl_errors: 1.1.0 (/home/lfvmu/kobuki/install/share/ecl_errors/cmake)
[0.847s] -- Found ecl_exceptions: 1.2.1 (/home/lfvmu/kobuki/install/share/ecl_exceptions/cmake)
[0.865s] -- Found ecl_time_lite: 1.1.0 (/home/lfvmu/kobuki/install/share/ecl_time_lite/cmake)
[1.100s] -- Configuring done
[1.145s] -- Generating done
[1.148s] -- Build files have been written to: /home/lfvmu/kobuki/build/ecl_time
[1.197s] Invoked command in '/home/lfvmu/kobuki/build/ecl_time' returned '0': AMENT_PREFIX_PATH=/home/lfvmu/kobuki/install CMAKE_PREFIX_PATH=/home/lfvmu/kobuki/install LD_LIBRARY_PATH=/home/lfvmu/kobuki/install/lib PATH=/home/lfvmu/kobuki/install/bin:${PATH} PYTHONPATH=/home/lfvmu/kobuki/install/lib/python3.8/site-packages /usr/bin/cmake /home/lfvmu/kobuki/src/ecl_core/ecl_time -DBUILD_TESTING=OFF -DCMAKE_INSTALL_PREFIX=/home/lfvmu/kobuki/install
[1.205s] Invoking command in '/home/lfvmu/kobuki/build/ecl_time': AMENT_PREFIX_PATH=/home/lfvmu/kobuki/install CMAKE_PREFIX_PATH=/home/lfvmu/kobuki/install LD_LIBRARY_PATH=/home/lfvmu/kobuki/install/lib PATH=/home/lfvmu/kobuki/install/bin:${PATH} PYTHONPATH=/home/lfvmu/kobuki/install/lib/python3.8/site-packages /usr/bin/cmake --build /home/lfvmu/kobuki/build/ecl_time -- -j4 -l4
[1.250s] /usr/bin/cmake -S/home/lfvmu/kobuki/src/ecl_core/ecl_time -B/home/lfvmu/kobuki/build/ecl_time --check-build-system CMakeFiles/Makefile.cmake 0
[1.273s] /usr/bin/cmake -E cmake_progress_start /home/lfvmu/kobuki/build/ecl_time/CMakeFiles /home/lfvmu/kobuki/build/ecl_time/CMakeFiles/progress.marks
[1.291s] /usr/bin/make -f CMakeFiles/Makefile2 all
[1.294s] make[1]: Entering directory '/home/lfvmu/kobuki/build/ecl_time'
[1.294s] /usr/bin/make -f src/lib/CMakeFiles/ecl_time.dir/build.make src/lib/CMakeFiles/ecl_time.dir/depend
[1.311s] make[2]: Entering directory '/home/lfvmu/kobuki/build/ecl_time'
[1.311s] cd /home/lfvmu/kobuki/build/ecl_time && /usr/bin/cmake -E cmake_depends "Unix Makefiles" /home/lfvmu/kobuki/src/ecl_core/ecl_time /home/lfvmu/kobuki/src/ecl_core/ecl_time/src/lib /home/lfvmu/kobuki/build/ecl_time /home/lfvmu/kobuki/build/ecl_time/src/lib /home/lfvmu/kobuki/build/ecl_time/src/lib/CMakeFiles/ecl_time.dir/DependInfo.cmake --color=
[1.344s] make[2]: Leaving directory '/home/lfvmu/kobuki/build/ecl_time'
[1.344s] /usr/bin/make -f src/lib/CMakeFiles/ecl_time.dir/build.make src/lib/CMakeFiles/ecl_time.dir/build
[1.356s] make[2]: Entering directory '/home/lfvmu/kobuki/build/ecl_time'
[1.356s] make[2]: Nothing to be done for 'src/lib/CMakeFiles/ecl_time.dir/build'.
[1.357s] make[2]: Leaving directory '/home/lfvmu/kobuki/build/ecl_time'
[1.385s] [ 75%] Built target ecl_time
[1.389s] /usr/bin/make -f src/examples/CMakeFiles/ecl_time_example_sleep.dir/build.make src/examples/CMakeFiles/ecl_time_example_sleep.dir/depend
[1.396s] /usr/bin/make -f src/examples/CMakeFiles/ecl_time_example_random_number_generator.dir/build.make src/examples/CMakeFiles/ecl_time_example_random_number_generator.dir/depend
[1.400s] make[2]: Entering directory '/home/lfvmu/kobuki/build/ecl_time'
[1.401s] cd /home/lfvmu/kobuki/build/ecl_time && /usr/bin/cmake -E cmake_depends "Unix Makefiles" /home/lfvmu/kobuki/src/ecl_core/ecl_time /home/lfvmu/kobuki/src/ecl_core/ecl_time/src/examples /home/lfvmu/kobuki/build/ecl_time /home/lfvmu/kobuki/build/ecl_time/src/examples /home/lfvmu/kobuki/build/ecl_time/src/examples/CMakeFiles/ecl_time_example_sleep.dir/DependInfo.cmake --color=
[1.403s] make[2]: Entering directory '/home/lfvmu/kobuki/build/ecl_time'
[1.403s] cd /home/lfvmu/kobuki/build/ecl_time && /usr/bin/cmake -E cmake_depends "Unix Makefiles" /home/lfvmu/kobuki/src/ecl_core/ecl_time /home/lfvmu/kobuki/src/ecl_core/ecl_time/src/examples /home/lfvmu/kobuki/build/ecl_time /home/lfvmu/kobuki/build/ecl_time/src/examples /home/lfvmu/kobuki/build/ecl_time/src/examples/CMakeFiles/ecl_time_example_random_number_generator.dir/DependInfo.cmake --color=
[1.435s] make[2]: Leaving directory '/home/lfvmu/kobuki/build/ecl_time'
[1.436s] /usr/bin/make -f src/examples/CMakeFiles/ecl_time_example_random_number_generator.dir/build.make src/examples/CMakeFiles/ecl_time_example_random_number_generator.dir/build
[1.444s] make[2]: Entering directory '/home/lfvmu/kobuki/build/ecl_time'
[1.444s] make[2]: Nothing to be done for 'src/examples/CMakeFiles/ecl_time_example_random_number_generator.dir/build'.
[1.444s] make[2]: Leaving directory '/home/lfvmu/kobuki/build/ecl_time'
[1.444s] make[2]: Leaving directory '/home/lfvmu/kobuki/build/ecl_time'
[1.446s] /usr/bin/make -f src/examples/CMakeFiles/ecl_time_example_sleep.dir/build.make src/examples/CMakeFiles/ecl_time_example_sleep.dir/build
[1.455s] make[2]: Entering directory '/home/lfvmu/kobuki/build/ecl_time'
[1.456s] make[2]: Nothing to be done for 'src/examples/CMakeFiles/ecl_time_example_sleep.dir/build'.
[1.456s] make[2]: Leaving directory '/home/lfvmu/kobuki/build/ecl_time'
[1.462s] [ 87%] Built target ecl_time_example_random_number_generator
[1.487s] [100%] Built target ecl_time_example_sleep
[1.488s] make[1]: Leaving directory '/home/lfvmu/kobuki/build/ecl_time'
[1.488s] /usr/bin/cmake -E cmake_progress_start /home/lfvmu/kobuki/build/ecl_time/CMakeFiles 0
[1.521s] Invoked command in '/home/lfvmu/kobuki/build/ecl_time' returned '0': AMENT_PREFIX_PATH=/home/lfvmu/kobuki/install CMAKE_PREFIX_PATH=/home/lfvmu/kobuki/install LD_LIBRARY_PATH=/home/lfvmu/kobuki/install/lib PATH=/home/lfvmu/kobuki/install/bin:${PATH} PYTHONPATH=/home/lfvmu/kobuki/install/lib/python3.8/site-packages /usr/bin/cmake --build /home/lfvmu/kobuki/build/ecl_time -- -j4 -l4
[1.819s] Invoking command in '/home/lfvmu/kobuki/build/ecl_time': AMENT_PREFIX_PATH=/home/lfvmu/kobuki/install CMAKE_PREFIX_PATH=/home/lfvmu/kobuki/install LD_LIBRARY_PATH=/home/lfvmu/kobuki/install/lib PATH=/home/lfvmu/kobuki/install/bin:${PATH} PYTHONPATH=/home/lfvmu/kobuki/install/lib/python3.8/site-packages /usr/bin/cmake --install /home/lfvmu/kobuki/build/ecl_time
[1.839s] -- Install configuration: ""
[1.839s] -- Up-to-date: /home/lfvmu/kobuki/install/share/ecl_time/environment/library_path.sh
[1.839s] -- Installing: /home/lfvmu/kobuki/install/share/ecl_time/environment/library_path.dsv
[1.840s] -- Up-to-date: /home/lfvmu/kobuki/install/share/ament_index/resource_index/package_run_dependencies/ecl_time
[1.840s] -- Up-to-date: /home/lfvmu/kobuki/install/share/ament_index/resource_index/parent_prefix_path/ecl_time
[1.849s] -- Up-to-date: /home/lfvmu/kobuki/install/share/ecl_time/environment/ament_prefix_path.sh
[1.850s] -- Installing: /home/lfvmu/kobuki/install/share/ecl_time/environment/ament_prefix_path.dsv
[1.850s] -- Up-to-date: /home/lfvmu/kobuki/install/share/ecl_time/environment/path.sh
[1.850s] -- Installing: /home/lfvmu/kobuki/install/share/ecl_time/environment/path.dsv
[1.850s] -- Up-to-date: /home/lfvmu/kobuki/install/share/ecl_time/local_setup.bash
[1.851s] -- Up-to-date: /home/lfvmu/kobuki/install/share/ecl_time/local_setup.sh
[1.851s] -- Up-to-date: /home/lfvmu/kobuki/install/share/ecl_time/local_setup.zsh
[1.852s] -- Installing: /home/lfvmu/kobuki/install/share/ecl_time/local_setup.dsv
[1.852s] -- Installing: /home/lfvmu/kobuki/install/share/ecl_time/package.dsv
[1.852s] -- Up-to-date: /home/lfvmu/kobuki/install/share/ament_index/resource_index/packages/ecl_time
[1.852s] -- Up-to-date: /home/lfvmu/kobuki/install/share/ecl_time/cmake/ecl_timeExport.cmake
[1.853s] -- Installing: /home/lfvmu/kobuki/install/share/ecl_time/cmake/ecl_timeExport-noconfig.cmake
[1.853s] -- Up-to-date: /home/lfvmu/kobuki/install/share/ecl_time/cmake/ament_cmake_export_targets-extras.cmake
[1.853s] -- Up-to-date: /home/lfvmu/kobuki/install/share/ecl_time/cmake/ament_cmake_export_include_directories-extras.cmake
[1.853s] -- Up-to-date: /home/lfvmu/kobuki/install/share/ecl_time/cmake/ament_cmake_export_libraries-extras.cmake
[1.853s] -- Up-to-date: /home/lfvmu/kobuki/install/share/ecl_time/cmake/ament_cmake_export_dependencies-extras.cmake
[1.854s] -- Up-to-date: /home/lfvmu/kobuki/install/share/ecl_time/cmake/ecl_timeConfig.cmake
[1.854s] -- Up-to-date: /home/lfvmu/kobuki/install/share/ecl_time/cmake/ecl_timeConfig-version.cmake
[1.854s] -- Up-to-date: /home/lfvmu/kobuki/install/share/ecl_time/package.xml
[1.855s] -- Up-to-date: /home/lfvmu/kobuki/install/include/ecl/time.hpp
[1.856s] -- Up-to-date: /home/lfvmu/kobuki/install/include/ecl/time/cpuwatch.hpp
[1.856s] -- Up-to-date: /home/lfvmu/kobuki/install/include/ecl/time/cpuwatch_rt.hpp
[1.856s] -- Up-to-date: /home/lfvmu/kobuki/install/include/ecl/time/duration.hpp
[1.856s] -- Up-to-date: /home/lfvmu/kobuki/install/include/ecl/time/frequency.hpp
[1.856s] -- Up-to-date: /home/lfvmu/kobuki/install/include/ecl/time/macros.hpp
[1.857s] -- Up-to-date: /home/lfvmu/kobuki/install/include/ecl/time/random_number_generator.hpp
[1.857s] -- Up-to-date: /home/lfvmu/kobuki/install/include/ecl/time/sleep.hpp
[1.858s] -- Up-to-date: /home/lfvmu/kobuki/install/include/ecl/time/sleep_pos.hpp
[1.858s] -- Up-to-date: /home/lfvmu/kobuki/install/include/ecl/time/sleep_win.hpp
[1.858s] -- Up-to-date: /home/lfvmu/kobuki/install/include/ecl/time/snooze.hpp
[1.858s] -- Up-to-date: /home/lfvmu/kobuki/install/include/ecl/time/snooze_pos.hpp
[1.859s] -- Up-to-date: /home/lfvmu/kobuki/install/include/ecl/time/snooze_win.hpp
[1.859s] -- Up-to-date: /home/lfvmu/kobuki/install/include/ecl/time/stopwatch.hpp
[1.859s] -- Up-to-date: /home/lfvmu/kobuki/install/include/ecl/time/time_data.hpp
[1.860s] -- Up-to-date: /home/lfvmu/kobuki/install/include/ecl/time/timestamp.hpp
[1.860s] -- Up-to-date: /home/lfvmu/kobuki/install/include/ecl/time/timestamp_base.hpp
[1.860s] -- Up-to-date: /home/lfvmu/kobuki/install/include/ecl/time/timestamp_pos.hpp
[1.860s] -- Up-to-date: /home/lfvmu/kobuki/install/include/ecl/time/timestamp_win.hpp
[1.860s] -- Up-to-date: /home/lfvmu/kobuki/install/lib/libecl_time.so.1.2.1
[1.861s] -- Up-to-date: /home/lfvmu/kobuki/install/lib/libecl_time.so
[1.861s] -- Up-to-date: /home/lfvmu/kobuki/install/lib/ecl_time/demo_random_number_generator
[1.861s] -- Up-to-date: /home/lfvmu/kobuki/install/lib/ecl_time/demo_sleep
[1.890s] Invoked command in '/home/lfvmu/kobuki/build/ecl_time' returned '0': AMENT_PREFIX_PATH=/home/lfvmu/kobuki/install CMAKE_PREFIX_PATH=/home/lfvmu/kobuki/install LD_LIBRARY_PATH=/home/lfvmu/kobuki/install/lib PATH=/home/lfvmu/kobuki/install/bin:${PATH} PYTHONPATH=/home/lfvmu/kobuki/install/lib/python3.8/site-packages /usr/bin/cmake --install /home/lfvmu/kobuki/build/ecl_time
