[0.564s] Invoking command in '/home/lfvmu/kobuki/build/ecl_geometry': /usr/bin/cmake /home/lfvmu/kobuki/src/ecl_core/ecl_geometry -DBUILD_TESTING=OFF --no-warn-unused-cli -DCMAKE_INSTALL_PREFIX=/home/lfvmu/kobuki/install
[0.574s] Not searching for unused variables given on the command line.
[0.608s] -- Found ament_cmake_ros: 0.9.2 (/home/lfvmu/kobuki/install/share/ament_cmake_ros/cmake)
[0.648s] -- Using PYTHON_EXECUTABLE: /usr/bin/python3
[0.990s] -- Found ecl_build: 1.0.3 (/home/lfvmu/kobuki/install/share/ecl_build/cmake)
[1.009s] -- Found ecl_config: 1.1.0 (/home/lfvmu/kobuki/install/share/ecl_config/cmake)
[1.016s] -- Found ecl_containers: 1.2.1 (/home/lfvmu/kobuki/install/share/ecl_containers/cmake)
[1.134s] -- Found ecl_linear_algebra: 1.2.1 (/home/lfvmu/kobuki/install/share/ecl_linear_algebra/cmake)
[1.346s] -- Configuring done
[1.380s] -- Generating done
[1.387s] -- Build files have been written to: /home/lfvmu/kobuki/build/ecl_geometry
[1.403s] Invoked command in '/home/lfvmu/kobuki/build/ecl_geometry' returned '0': /usr/bin/cmake /home/lfvmu/kobuki/src/ecl_core/ecl_geometry -DBUILD_TESTING=OFF --no-warn-unused-cli -DCMAKE_INSTALL_PREFIX=/home/lfvmu/kobuki/install
[1.408s] Invoking command in '/home/lfvmu/kobuki/build/ecl_geometry': /usr/bin/cmake --build /home/lfvmu/kobuki/build/ecl_geometry -- -j4 -l4
[1.646s] [100%] Built target ecl_geometry
[1.883s] Invoked command in '/home/lfvmu/kobuki/build/ecl_geometry' returned '0': /usr/bin/cmake --build /home/lfvmu/kobuki/build/ecl_geometry -- -j4 -l4
[1.951s] Invoking command in '/home/lfvmu/kobuki/build/ecl_geometry': /usr/bin/cmake --install /home/lfvmu/kobuki/build/ecl_geometry
[1.973s] -- Install configuration: "RelWithDebInfo"
[1.974s] -- Up-to-date: /home/lfvmu/kobuki/install/share/ecl_geometry/environment/library_path.sh
[1.974s] -- Installing: /home/lfvmu/kobuki/install/share/ecl_geometry/environment/library_path.dsv
[1.975s] -- Up-to-date: /home/lfvmu/kobuki/install/share/ament_index/resource_index/package_run_dependencies/ecl_geometry
[1.975s] -- Up-to-date: /home/lfvmu/kobuki/install/share/ament_index/resource_index/parent_prefix_path/ecl_geometry
[1.976s] -- Up-to-date: /home/lfvmu/kobuki/install/share/ecl_geometry/environment/ament_prefix_path.sh
[1.976s] -- Installing: /home/lfvmu/kobuki/install/share/ecl_geometry/environment/ament_prefix_path.dsv
[1.977s] -- Up-to-date: /home/lfvmu/kobuki/install/share/ecl_geometry/environment/path.sh
[1.977s] -- Installing: /home/lfvmu/kobuki/install/share/ecl_geometry/environment/path.dsv
[1.977s] -- Up-to-date: /home/lfvmu/kobuki/install/share/ecl_geometry/local_setup.bash
[1.977s] -- Up-to-date: /home/lfvmu/kobuki/install/share/ecl_geometry/local_setup.sh
[1.977s] -- Up-to-date: /home/lfvmu/kobuki/install/share/ecl_geometry/local_setup.zsh
[1.978s] -- Installing: /home/lfvmu/kobuki/install/share/ecl_geometry/local_setup.dsv
[1.978s] -- Installing: /home/lfvmu/kobuki/install/share/ecl_geometry/package.dsv
[1.978s] -- Up-to-date: /home/lfvmu/kobuki/install/share/ament_index/resource_index/packages/ecl_geometry
[1.978s] -- Up-to-date: /home/lfvmu/kobuki/install/share/ecl_geometry/cmake/ecl_geometryExport.cmake
[1.979s] -- Installing: /home/lfvmu/kobuki/install/share/ecl_geometry/cmake/ecl_geometryExport-relwithdebinfo.cmake
[1.979s] -- Up-to-date: /home/lfvmu/kobuki/install/share/ecl_geometry/cmake/ament_cmake_export_targets-extras.cmake
[1.979s] -- Up-to-date: /home/lfvmu/kobuki/install/share/ecl_geometry/cmake/ament_cmake_export_include_directories-extras.cmake
[1.980s] -- Up-to-date: /home/lfvmu/kobuki/install/share/ecl_geometry/cmake/ament_cmake_export_libraries-extras.cmake
[1.980s] -- Up-to-date: /home/lfvmu/kobuki/install/share/ecl_geometry/cmake/ament_cmake_export_dependencies-extras.cmake
[1.980s] -- Up-to-date: /home/lfvmu/kobuki/install/share/ecl_geometry/cmake/ecl_geometryConfig.cmake
[1.980s] -- Up-to-date: /home/lfvmu/kobuki/install/share/ecl_geometry/cmake/ecl_geometryConfig-version.cmake
[1.980s] -- Up-to-date: /home/lfvmu/kobuki/install/share/ecl_geometry/package.xml
[1.981s] -- Up-to-date: /home/lfvmu/kobuki/install/include/ecl/geometry.hpp
[1.982s] -- Up-to-date: /home/lfvmu/kobuki/install/include/ecl/geometry/angle.hpp
[1.982s] -- Up-to-date: /home/lfvmu/kobuki/install/include/ecl/geometry/cartesian_point.hpp
[1.982s] -- Up-to-date: /home/lfvmu/kobuki/install/include/ecl/geometry/cubic_spline.hpp
[1.983s] -- Up-to-date: /home/lfvmu/kobuki/install/include/ecl/geometry/function_math.hpp
[1.983s] -- Up-to-date: /home/lfvmu/kobuki/install/include/ecl/geometry/homogeneous_point.hpp
[1.983s] -- Up-to-date: /home/lfvmu/kobuki/install/include/ecl/geometry/legacy_pose2d.hpp
[1.983s] -- Up-to-date: /home/lfvmu/kobuki/install/include/ecl/geometry/legacy_pose3d.hpp
[1.983s] -- Up-to-date: /home/lfvmu/kobuki/install/include/ecl/geometry/linear_segment.hpp
[1.984s] -- Up-to-date: /home/lfvmu/kobuki/install/include/ecl/geometry/macros.hpp
[1.984s] -- Up-to-date: /home/lfvmu/kobuki/install/include/ecl/geometry/odometry.hpp
[1.984s] -- Up-to-date: /home/lfvmu/kobuki/install/include/ecl/geometry/odometry_helper.hpp
[1.984s] -- Up-to-date: /home/lfvmu/kobuki/install/include/ecl/geometry/odometry_typedefs.hpp
[1.984s] -- Up-to-date: /home/lfvmu/kobuki/install/include/ecl/geometry/pascals_triangle.hpp
[1.985s] -- Up-to-date: /home/lfvmu/kobuki/install/include/ecl/geometry/polynomial.hpp
[1.985s] -- Up-to-date: /home/lfvmu/kobuki/install/include/ecl/geometry/pose2d.hpp
[1.985s] -- Up-to-date: /home/lfvmu/kobuki/install/include/ecl/geometry/smooth_linear_spline.hpp
[1.985s] -- Up-to-date: /home/lfvmu/kobuki/install/include/ecl/geometry/spline_function.hpp
[1.986s] -- Up-to-date: /home/lfvmu/kobuki/install/include/ecl/geometry/tension_function.hpp
[1.986s] -- Up-to-date: /home/lfvmu/kobuki/install/include/ecl/geometry/tension_spline.hpp
[1.986s] -- Up-to-date: /home/lfvmu/kobuki/install/lib/libecl_geometry.so.1.2.1
[1.986s] -- Up-to-date: /home/lfvmu/kobuki/install/lib/libecl_geometry.so
[1.989s] Invoked command in '/home/lfvmu/kobuki/build/ecl_geometry' returned '0': /usr/bin/cmake --install /home/lfvmu/kobuki/build/ecl_geometry
