[0.283s] Invoking command in '/home/lfvmu/kobuki/build/ecl_errors': AMENT_PREFIX_PATH=/home/lfvmu/kobuki/install CMAKE_PREFIX_PATH=/home/lfvmu/kobuki/install LD_LIBRARY_PATH=/home/lfvmu/kobuki/install/lib PATH=/home/lfvmu/kobuki/install/bin:${PATH} PYTHONPATH=/home/lfvmu/kobuki/install/lib/python3.8/site-packages /usr/bin/cmake /home/lfvmu/kobuki/src/ecl_lite/ecl_errors -DBUILD_TESTING=OFF --no-warn-unused-cli -DCMAKE_INSTALL_PREFIX=/home/lfvmu/kobuki/install
[0.306s] Not searching for unused variables given on the command line.
[0.335s] -- Found ament_cmake_ros: 0.9.2 (/home/lfvmu/kobuki/install/share/ament_cmake_ros/cmake)
[0.372s] -- Using PYTHON_EXECUTABLE: /usr/bin/python3
[0.756s] -- Found ecl_build: 1.0.3 (/home/lfvmu/kobuki/install/share/ecl_build/cmake)
[0.770s] -- Found ecl_config: 1.1.0 (/home/lfvmu/kobuki/install/share/ecl_config/cmake)
[0.945s] -- Configuring done
[0.978s] -- Generating done
[0.990s] -- Build files have been written to: /home/lfvmu/kobuki/build/ecl_errors
[1.056s] Invoked command in '/home/lfvmu/kobuki/build/ecl_errors' returned '0': AMENT_PREFIX_PATH=/home/lfvmu/kobuki/install CMAKE_PREFIX_PATH=/home/lfvmu/kobuki/install LD_LIBRARY_PATH=/home/lfvmu/kobuki/install/lib PATH=/home/lfvmu/kobuki/install/bin:${PATH} PYTHONPATH=/home/lfvmu/kobuki/install/lib/python3.8/site-packages /usr/bin/cmake /home/lfvmu/kobuki/src/ecl_lite/ecl_errors -DBUILD_TESTING=OFF --no-warn-unused-cli -DCMAKE_INSTALL_PREFIX=/home/lfvmu/kobuki/install
[1.059s] Invoking command in '/home/lfvmu/kobuki/build/ecl_errors': AMENT_PREFIX_PATH=/home/lfvmu/kobuki/install CMAKE_PREFIX_PATH=/home/lfvmu/kobuki/install LD_LIBRARY_PATH=/home/lfvmu/kobuki/install/lib PATH=/home/lfvmu/kobuki/install/bin:${PATH} PYTHONPATH=/home/lfvmu/kobuki/install/lib/python3.8/site-packages /usr/bin/cmake --build /home/lfvmu/kobuki/build/ecl_errors -- -j4 -l4
[1.239s] [ 50%] Built target ecl_errors
[1.285s] [100%] Built target ecl_errors_example_errors
[1.323s] Invoked command in '/home/lfvmu/kobuki/build/ecl_errors' returned '0': AMENT_PREFIX_PATH=/home/lfvmu/kobuki/install CMAKE_PREFIX_PATH=/home/lfvmu/kobuki/install LD_LIBRARY_PATH=/home/lfvmu/kobuki/install/lib PATH=/home/lfvmu/kobuki/install/bin:${PATH} PYTHONPATH=/home/lfvmu/kobuki/install/lib/python3.8/site-packages /usr/bin/cmake --build /home/lfvmu/kobuki/build/ecl_errors -- -j4 -l4
[1.609s] Invoking command in '/home/lfvmu/kobuki/build/ecl_errors': AMENT_PREFIX_PATH=/home/lfvmu/kobuki/install CMAKE_PREFIX_PATH=/home/lfvmu/kobuki/install LD_LIBRARY_PATH=/home/lfvmu/kobuki/install/lib PATH=/home/lfvmu/kobuki/install/bin:${PATH} PYTHONPATH=/home/lfvmu/kobuki/install/lib/python3.8/site-packages /usr/bin/cmake --install /home/lfvmu/kobuki/build/ecl_errors
[1.660s] -- Install configuration: ""
[1.660s] -- Up-to-date: /home/lfvmu/kobuki/install/share/ecl_errors/environment/library_path.sh
[1.661s] -- Installing: /home/lfvmu/kobuki/install/share/ecl_errors/environment/library_path.dsv
[1.661s] -- Up-to-date: /home/lfvmu/kobuki/install/share/ament_index/resource_index/package_run_dependencies/ecl_errors
[1.661s] -- Up-to-date: /home/lfvmu/kobuki/install/share/ament_index/resource_index/parent_prefix_path/ecl_errors
[1.661s] -- Up-to-date: /home/lfvmu/kobuki/install/share/ecl_errors/environment/ament_prefix_path.sh
[1.662s] -- Installing: /home/lfvmu/kobuki/install/share/ecl_errors/environment/ament_prefix_path.dsv
[1.662s] -- Up-to-date: /home/lfvmu/kobuki/install/share/ecl_errors/environment/path.sh
[1.662s] -- Installing: /home/lfvmu/kobuki/install/share/ecl_errors/environment/path.dsv
[1.663s] -- Up-to-date: /home/lfvmu/kobuki/install/share/ecl_errors/local_setup.bash
[1.663s] -- Up-to-date: /home/lfvmu/kobuki/install/share/ecl_errors/local_setup.sh
[1.664s] -- Up-to-date: /home/lfvmu/kobuki/install/share/ecl_errors/local_setup.zsh
[1.664s] -- Installing: /home/lfvmu/kobuki/install/share/ecl_errors/local_setup.dsv
[1.664s] -- Installing: /home/lfvmu/kobuki/install/share/ecl_errors/package.dsv
[1.664s] -- Up-to-date: /home/lfvmu/kobuki/install/share/ament_index/resource_index/packages/ecl_errors
[1.665s] -- Up-to-date: /home/lfvmu/kobuki/install/share/ecl_errors/cmake/ecl_errorsExport.cmake
[1.665s] -- Installing: /home/lfvmu/kobuki/install/share/ecl_errors/cmake/ecl_errorsExport-noconfig.cmake
[1.665s] -- Up-to-date: /home/lfvmu/kobuki/install/share/ecl_errors/cmake/ament_cmake_export_targets-extras.cmake
[1.666s] -- Up-to-date: /home/lfvmu/kobuki/install/share/ecl_errors/cmake/ament_cmake_export_include_directories-extras.cmake
[1.666s] -- Up-to-date: /home/lfvmu/kobuki/install/share/ecl_errors/cmake/ament_cmake_export_libraries-extras.cmake
[1.666s] -- Up-to-date: /home/lfvmu/kobuki/install/share/ecl_errors/cmake/ament_cmake_export_dependencies-extras.cmake
[1.667s] -- Up-to-date: /home/lfvmu/kobuki/install/share/ecl_errors/cmake/ecl_errorsConfig.cmake
[1.667s] -- Up-to-date: /home/lfvmu/kobuki/install/share/ecl_errors/cmake/ecl_errorsConfig-version.cmake
[1.667s] -- Up-to-date: /home/lfvmu/kobuki/install/share/ecl_errors/package.xml
[1.667s] -- Up-to-date: /home/lfvmu/kobuki/install/include/ecl/errors.hpp
[1.667s] -- Up-to-date: /home/lfvmu/kobuki/install/include/ecl/errors/compile_time_assert.hpp
[1.668s] -- Up-to-date: /home/lfvmu/kobuki/install/include/ecl/errors/flags.hpp
[1.668s] -- Up-to-date: /home/lfvmu/kobuki/install/include/ecl/errors/handlers.hpp
[1.668s] -- Up-to-date: /home/lfvmu/kobuki/install/include/ecl/errors/macros.hpp
[1.668s] -- Up-to-date: /home/lfvmu/kobuki/install/include/ecl/errors/run_time_functions.hpp
[1.669s] -- Up-to-date: /home/lfvmu/kobuki/install/lib/libecl_errors.so.1.1.0
[1.669s] -- Up-to-date: /home/lfvmu/kobuki/install/lib/libecl_errors.so
[1.673s] -- Up-to-date: /home/lfvmu/kobuki/install/lib/ecl_errors/demo_errors
[1.683s] Invoked command in '/home/lfvmu/kobuki/build/ecl_errors' returned '0': AMENT_PREFIX_PATH=/home/lfvmu/kobuki/install CMAKE_PREFIX_PATH=/home/lfvmu/kobuki/install LD_LIBRARY_PATH=/home/lfvmu/kobuki/install/lib PATH=/home/lfvmu/kobuki/install/bin:${PATH} PYTHONPATH=/home/lfvmu/kobuki/install/lib/python3.8/site-packages /usr/bin/cmake --install /home/lfvmu/kobuki/build/ecl_errors
