[0.302s] Invoking command in '/home/lfvmu/kobuki/build/ecl_converters': /usr/bin/cmake /home/lfvmu/kobuki/src/ecl_core/ecl_converters -DBUILD_TESTING=OFF -DCMAKE_BUILD_TYPE=RelWithDebInfo -DCMAKE_INSTALL_PREFIX=/home/lfvmu/kobuki/install
[0.338s] -- Found ament_cmake_ros: 0.9.2 (/home/lfvmu/kobuki/install/share/ament_cmake_ros/cmake)
[0.385s] -- Using PYTHON_EXECUTABLE: /usr/bin/python3
[0.746s] -- Found ecl_build: 1.0.3 (/home/lfvmu/kobuki/install/share/ecl_build/cmake)
[0.766s] -- Found ecl_config: 1.1.0 (/home/lfvmu/kobuki/install/share/ecl_config/cmake)
[0.769s] -- Found ecl_concepts: 1.2.1 (/home/lfvmu/kobuki/install/share/ecl_concepts/cmake)
[0.804s] -- Found ecl_errors: 1.1.0 (/home/lfvmu/kobuki/install/share/ecl_errors/cmake)
[0.810s] -- Found ecl_exceptions: 1.2.1 (/home/lfvmu/kobuki/install/share/ecl_exceptions/cmake)
[0.991s] -- Configuring done
[1.013s] -- Generating done
[1.020s] -- Build files have been written to: /home/lfvmu/kobuki/build/ecl_converters
[1.103s] Invoked command in '/home/lfvmu/kobuki/build/ecl_converters' returned '0': /usr/bin/cmake /home/lfvmu/kobuki/src/ecl_core/ecl_converters -DBUILD_TESTING=OFF -DCMAKE_BUILD_TYPE=RelWithDebInfo -DCMAKE_INSTALL_PREFIX=/home/lfvmu/kobuki/install
[1.110s] Invoking command in '/home/lfvmu/kobuki/build/ecl_converters': /usr/bin/cmake --build /home/lfvmu/kobuki/build/ecl_converters -- -j4 -l4
[1.247s] [100%] Built target demo_float_converters
[1.355s] Invoked command in '/home/lfvmu/kobuki/build/ecl_converters' returned '0': /usr/bin/cmake --build /home/lfvmu/kobuki/build/ecl_converters -- -j4 -l4
[1.649s] Invoking command in '/home/lfvmu/kobuki/build/ecl_converters': /usr/bin/cmake --install /home/lfvmu/kobuki/build/ecl_converters
[1.666s] -- Install configuration: "RelWithDebInfo"
[1.666s] -- Up-to-date: /home/lfvmu/kobuki/install/share/ament_index/resource_index/package_run_dependencies/ecl_converters
[1.667s] -- Up-to-date: /home/lfvmu/kobuki/install/share/ament_index/resource_index/parent_prefix_path/ecl_converters
[1.667s] -- Up-to-date: /home/lfvmu/kobuki/install/share/ecl_converters/environment/ament_prefix_path.sh
[1.668s] -- Installing: /home/lfvmu/kobuki/install/share/ecl_converters/environment/ament_prefix_path.dsv
[1.668s] -- Up-to-date: /home/lfvmu/kobuki/install/share/ecl_converters/environment/path.sh
[1.668s] -- Installing: /home/lfvmu/kobuki/install/share/ecl_converters/environment/path.dsv
[1.668s] -- Up-to-date: /home/lfvmu/kobuki/install/share/ecl_converters/local_setup.bash
[1.669s] -- Up-to-date: /home/lfvmu/kobuki/install/share/ecl_converters/local_setup.sh
[1.669s] -- Up-to-date: /home/lfvmu/kobuki/install/share/ecl_converters/local_setup.zsh
[1.669s] -- Installing: /home/lfvmu/kobuki/install/share/ecl_converters/local_setup.dsv
[1.670s] -- Installing: /home/lfvmu/kobuki/install/share/ecl_converters/package.dsv
[1.670s] -- Up-to-date: /home/lfvmu/kobuki/install/share/ament_index/resource_index/packages/ecl_converters
[1.670s] -- Up-to-date: /home/lfvmu/kobuki/install/share/ecl_converters/cmake/ecl_convertersExport.cmake
[1.670s] -- Up-to-date: /home/lfvmu/kobuki/install/share/ecl_converters/cmake/ament_cmake_export_targets-extras.cmake
[1.671s] -- Up-to-date: /home/lfvmu/kobuki/install/share/ecl_converters/cmake/ament_cmake_export_include_directories-extras.cmake
[1.671s] -- Up-to-date: /home/lfvmu/kobuki/install/share/ecl_converters/cmake/ament_cmake_export_dependencies-extras.cmake
[1.671s] -- Up-to-date: /home/lfvmu/kobuki/install/share/ecl_converters/cmake/ecl_convertersConfig.cmake
[1.672s] -- Up-to-date: /home/lfvmu/kobuki/install/share/ecl_converters/cmake/ecl_convertersConfig-version.cmake
[1.672s] -- Up-to-date: /home/lfvmu/kobuki/install/share/ecl_converters/package.xml
[1.672s] -- Up-to-date: /home/lfvmu/kobuki/install/include/ecl/converters.hpp
[1.672s] -- Up-to-date: /home/lfvmu/kobuki/install/include/ecl/converters/char.hpp
[1.673s] -- Up-to-date: /home/lfvmu/kobuki/install/include/ecl/converters/char_strings.hpp
[1.673s] -- Up-to-date: /home/lfvmu/kobuki/install/include/ecl/converters/converter.hpp
[1.673s] -- Up-to-date: /home/lfvmu/kobuki/install/include/ecl/converters/from_byte_array.hpp
[1.674s] -- Up-to-date: /home/lfvmu/kobuki/install/include/ecl/converters/integers.hpp
[1.674s] -- Up-to-date: /home/lfvmu/kobuki/install/include/ecl/converters/string.hpp
[1.674s] -- Up-to-date: /home/lfvmu/kobuki/install/include/ecl/converters/to_byte_array.hpp
[1.674s] -- Up-to-date: /home/lfvmu/kobuki/install/lib/ecl_converters/demo_float_converters
[1.689s] Invoked command in '/home/lfvmu/kobuki/build/ecl_converters' returned '0': /usr/bin/cmake --install /home/lfvmu/kobuki/build/ecl_converters
