[0.294s] Invoking command in '/home/lfvmu/kobuki/build/ecl_io': AMENT_PREFIX_PATH=/home/lfvmu/kobuki/install CMAKE_PREFIX_PATH=/home/lfvmu/kobuki/install LD_LIBRARY_PATH=/home/lfvmu/kobuki/install/lib PATH=/home/lfvmu/kobuki/install/bin:${PATH} PYTHONPATH=/home/lfvmu/kobuki/install/lib/python3.8/site-packages /usr/bin/cmake /home/lfvmu/kobuki/src/ecl_lite/ecl_io -DBUILD_TESTING=OFF -DCMAKE_INSTALL_PREFIX=/home/lfvmu/kobuki/install
[0.341s] Re-run cmake no build system arguments
[0.355s] -- Found ament_cmake_ros: 0.9.2 (/home/lfvmu/kobuki/install/share/ament_cmake_ros/cmake)
[0.420s] -- Using PYTHON_EXECUTABLE: /usr/bin/python3
[0.794s] -- Found ecl_build: 1.0.3 (/home/lfvmu/kobuki/install/share/ecl_build/cmake)
[0.835s] -- Found ecl_config: 1.1.0 (/home/lfvmu/kobuki/install/share/ecl_config/cmake)
[0.842s] -- Found ecl_errors: 1.1.0 (/home/lfvmu/kobuki/install/share/ecl_errors/cmake)
[1.056s] -- Configuring done
[1.100s] -- Generating done
[1.113s] -- Build files have been written to: /home/lfvmu/kobuki/build/ecl_io
[1.382s] Invoked command in '/home/lfvmu/kobuki/build/ecl_io' returned '0': AMENT_PREFIX_PATH=/home/lfvmu/kobuki/install CMAKE_PREFIX_PATH=/home/lfvmu/kobuki/install LD_LIBRARY_PATH=/home/lfvmu/kobuki/install/lib PATH=/home/lfvmu/kobuki/install/bin:${PATH} PYTHONPATH=/home/lfvmu/kobuki/install/lib/python3.8/site-packages /usr/bin/cmake /home/lfvmu/kobuki/src/ecl_lite/ecl_io -DBUILD_TESTING=OFF -DCMAKE_INSTALL_PREFIX=/home/lfvmu/kobuki/install
[1.397s] Invoking command in '/home/lfvmu/kobuki/build/ecl_io': AMENT_PREFIX_PATH=/home/lfvmu/kobuki/install CMAKE_PREFIX_PATH=/home/lfvmu/kobuki/install LD_LIBRARY_PATH=/home/lfvmu/kobuki/install/lib PATH=/home/lfvmu/kobuki/install/bin:${PATH} PYTHONPATH=/home/lfvmu/kobuki/install/lib/python3.8/site-packages /usr/bin/cmake --build /home/lfvmu/kobuki/build/ecl_io -- -j4 -l4
[1.452s] /usr/bin/cmake -S/home/lfvmu/kobuki/src/ecl_lite/ecl_io -B/home/lfvmu/kobuki/build/ecl_io --check-build-system CMakeFiles/Makefile.cmake 0
[1.476s] /usr/bin/cmake -E cmake_progress_start /home/lfvmu/kobuki/build/ecl_io/CMakeFiles /home/lfvmu/kobuki/build/ecl_io/CMakeFiles/progress.marks
[1.496s] /usr/bin/make -f CMakeFiles/Makefile2 all
[1.500s] make[1]: Entering directory '/home/lfvmu/kobuki/build/ecl_io'
[1.500s] /usr/bin/make -f src/lib/CMakeFiles/ecl_io.dir/build.make src/lib/CMakeFiles/ecl_io.dir/depend
[1.503s] make[2]: Entering directory '/home/lfvmu/kobuki/build/ecl_io'
[1.503s] cd /home/lfvmu/kobuki/build/ecl_io && /usr/bin/cmake -E cmake_depends "Unix Makefiles" /home/lfvmu/kobuki/src/ecl_lite/ecl_io /home/lfvmu/kobuki/src/ecl_lite/ecl_io/src/lib /home/lfvmu/kobuki/build/ecl_io /home/lfvmu/kobuki/build/ecl_io/src/lib /home/lfvmu/kobuki/build/ecl_io/src/lib/CMakeFiles/ecl_io.dir/DependInfo.cmake --color=
[1.525s] make[2]: Leaving directory '/home/lfvmu/kobuki/build/ecl_io'
[1.525s] /usr/bin/make -f src/lib/CMakeFiles/ecl_io.dir/build.make src/lib/CMakeFiles/ecl_io.dir/build
[1.528s] make[2]: Entering directory '/home/lfvmu/kobuki/build/ecl_io'
[1.528s] make[2]: Nothing to be done for 'src/lib/CMakeFiles/ecl_io.dir/build'.
[1.529s] make[2]: Leaving directory '/home/lfvmu/kobuki/build/ecl_io'
[1.553s] [ 40%] Built target ecl_io
[1.554s] /usr/bin/make -f src/examples/CMakeFiles/ecl_io_example_poll.dir/build.make src/examples/CMakeFiles/ecl_io_example_poll.dir/depend
[1.554s] /usr/bin/make -f src/examples/CMakeFiles/ecl_io_example_socketpair.dir/build.make src/examples/CMakeFiles/ecl_io_example_socketpair.dir/depend
[1.556s] /usr/bin/make -f src/examples/CMakeFiles/ecl_io_example_sockets.dir/build.make src/examples/CMakeFiles/ecl_io_example_sockets.dir/depend
[1.557s] make[2]: Entering directory '/home/lfvmu/kobuki/build/ecl_io'
[1.557s] cd /home/lfvmu/kobuki/build/ecl_io && /usr/bin/cmake -E cmake_depends "Unix Makefiles" /home/lfvmu/kobuki/src/ecl_lite/ecl_io /home/lfvmu/kobuki/src/ecl_lite/ecl_io/src/examples /home/lfvmu/kobuki/build/ecl_io /home/lfvmu/kobuki/build/ecl_io/src/examples /home/lfvmu/kobuki/build/ecl_io/src/examples/CMakeFiles/ecl_io_example_poll.dir/DependInfo.cmake --color=
[1.559s] make[2]: Entering directory '/home/lfvmu/kobuki/build/ecl_io'
[1.559s] cd /home/lfvmu/kobuki/build/ecl_io && /usr/bin/cmake -E cmake_depends "Unix Makefiles" /home/lfvmu/kobuki/src/ecl_lite/ecl_io /home/lfvmu/kobuki/src/ecl_lite/ecl_io/src/examples /home/lfvmu/kobuki/build/ecl_io /home/lfvmu/kobuki/build/ecl_io/src/examples /home/lfvmu/kobuki/build/ecl_io/src/examples/CMakeFiles/ecl_io_example_socketpair.dir/DependInfo.cmake --color=
[1.564s] make[2]: Entering directory '/home/lfvmu/kobuki/build/ecl_io'
[1.564s] cd /home/lfvmu/kobuki/build/ecl_io && /usr/bin/cmake -E cmake_depends "Unix Makefiles" /home/lfvmu/kobuki/src/ecl_lite/ecl_io /home/lfvmu/kobuki/src/ecl_lite/ecl_io/src/examples /home/lfvmu/kobuki/build/ecl_io /home/lfvmu/kobuki/build/ecl_io/src/examples /home/lfvmu/kobuki/build/ecl_io/src/examples/CMakeFiles/ecl_io_example_sockets.dir/DependInfo.cmake --color=
[1.581s] make[2]: Leaving directory '/home/lfvmu/kobuki/build/ecl_io'
[1.581s] /usr/bin/make -f src/examples/CMakeFiles/ecl_io_example_poll.dir/build.make src/examples/CMakeFiles/ecl_io_example_poll.dir/build
[1.585s] make[2]: Entering directory '/home/lfvmu/kobuki/build/ecl_io'
[1.585s] make[2]: Nothing to be done for 'src/examples/CMakeFiles/ecl_io_example_poll.dir/build'.
[1.586s] make[2]: Leaving directory '/home/lfvmu/kobuki/build/ecl_io'
[1.593s] make[2]: Leaving directory '/home/lfvmu/kobuki/build/ecl_io'
[1.593s] /usr/bin/make -f src/examples/CMakeFiles/ecl_io_example_socketpair.dir/build.make src/examples/CMakeFiles/ecl_io_example_socketpair.dir/build
[1.598s] make[2]: Entering directory '/home/lfvmu/kobuki/build/ecl_io'
[1.598s] make[2]: Nothing to be done for 'src/examples/CMakeFiles/ecl_io_example_socketpair.dir/build'.
[1.599s] make[2]: Leaving directory '/home/lfvmu/kobuki/build/ecl_io'
[1.608s] make[2]: Leaving directory '/home/lfvmu/kobuki/build/ecl_io'
[1.608s] /usr/bin/make -f src/examples/CMakeFiles/ecl_io_example_sockets.dir/build.make src/examples/CMakeFiles/ecl_io_example_sockets.dir/build
[1.611s] make[2]: Entering directory '/home/lfvmu/kobuki/build/ecl_io'
[1.611s] make[2]: Nothing to be done for 'src/examples/CMakeFiles/ecl_io_example_sockets.dir/build'.
[1.612s] make[2]: Leaving directory '/home/lfvmu/kobuki/build/ecl_io'
[1.618s] [ 60%] Built target ecl_io_example_poll
[1.629s] [ 80%] Built target ecl_io_example_socketpair
[1.638s] [100%] Built target ecl_io_example_sockets
[1.648s] make[1]: Leaving directory '/home/lfvmu/kobuki/build/ecl_io'
[1.649s] /usr/bin/cmake -E cmake_progress_start /home/lfvmu/kobuki/build/ecl_io/CMakeFiles 0
[1.680s] Invoked command in '/home/lfvmu/kobuki/build/ecl_io' returned '0': AMENT_PREFIX_PATH=/home/lfvmu/kobuki/install CMAKE_PREFIX_PATH=/home/lfvmu/kobuki/install LD_LIBRARY_PATH=/home/lfvmu/kobuki/install/lib PATH=/home/lfvmu/kobuki/install/bin:${PATH} PYTHONPATH=/home/lfvmu/kobuki/install/lib/python3.8/site-packages /usr/bin/cmake --build /home/lfvmu/kobuki/build/ecl_io -- -j4 -l4
[1.803s] Invoking command in '/home/lfvmu/kobuki/build/ecl_io': AMENT_PREFIX_PATH=/home/lfvmu/kobuki/install CMAKE_PREFIX_PATH=/home/lfvmu/kobuki/install LD_LIBRARY_PATH=/home/lfvmu/kobuki/install/lib PATH=/home/lfvmu/kobuki/install/bin:${PATH} PYTHONPATH=/home/lfvmu/kobuki/install/lib/python3.8/site-packages /usr/bin/cmake --install /home/lfvmu/kobuki/build/ecl_io
[1.823s] -- Install configuration: ""
[1.823s] -- Up-to-date: /home/lfvmu/kobuki/install/share/ecl_io/environment/library_path.sh
[1.823s] -- Installing: /home/lfvmu/kobuki/install/share/ecl_io/environment/library_path.dsv
[1.824s] -- Up-to-date: /home/lfvmu/kobuki/install/share/ament_index/resource_index/package_run_dependencies/ecl_io
[1.824s] -- Up-to-date: /home/lfvmu/kobuki/install/share/ament_index/resource_index/parent_prefix_path/ecl_io
[1.824s] -- Up-to-date: /home/lfvmu/kobuki/install/share/ecl_io/environment/ament_prefix_path.sh
[1.825s] -- Installing: /home/lfvmu/kobuki/install/share/ecl_io/environment/ament_prefix_path.dsv
[1.825s] -- Up-to-date: /home/lfvmu/kobuki/install/share/ecl_io/environment/path.sh
[1.825s] -- Installing: /home/lfvmu/kobuki/install/share/ecl_io/environment/path.dsv
[1.826s] -- Up-to-date: /home/lfvmu/kobuki/install/share/ecl_io/local_setup.bash
[1.826s] -- Up-to-date: /home/lfvmu/kobuki/install/share/ecl_io/local_setup.sh
[1.826s] -- Up-to-date: /home/lfvmu/kobuki/install/share/ecl_io/local_setup.zsh
[1.827s] -- Installing: /home/lfvmu/kobuki/install/share/ecl_io/local_setup.dsv
[1.827s] -- Installing: /home/lfvmu/kobuki/install/share/ecl_io/package.dsv
[1.828s] -- Up-to-date: /home/lfvmu/kobuki/install/share/ament_index/resource_index/packages/ecl_io
[1.829s] -- Up-to-date: /home/lfvmu/kobuki/install/share/ecl_io/cmake/ecl_ioExport.cmake
[1.829s] -- Installing: /home/lfvmu/kobuki/install/share/ecl_io/cmake/ecl_ioExport-noconfig.cmake
[1.829s] -- Up-to-date: /home/lfvmu/kobuki/install/share/ecl_io/cmake/ament_cmake_export_targets-extras.cmake
[1.830s] -- Up-to-date: /home/lfvmu/kobuki/install/share/ecl_io/cmake/ament_cmake_export_include_directories-extras.cmake
[1.830s] -- Up-to-date: /home/lfvmu/kobuki/install/share/ecl_io/cmake/ament_cmake_export_libraries-extras.cmake
[1.831s] -- Up-to-date: /home/lfvmu/kobuki/install/share/ecl_io/cmake/ament_cmake_export_dependencies-extras.cmake
[1.831s] -- Up-to-date: /home/lfvmu/kobuki/install/share/ecl_io/cmake/ecl_ioConfig.cmake
[1.831s] -- Up-to-date: /home/lfvmu/kobuki/install/share/ecl_io/cmake/ecl_ioConfig-version.cmake
[1.831s] -- Up-to-date: /home/lfvmu/kobuki/install/share/ecl_io/package.xml
[1.832s] -- Up-to-date: /home/lfvmu/kobuki/install/include/ecl/io.hpp
[1.833s] -- Up-to-date: /home/lfvmu/kobuki/install/include/ecl/sockets/macros.hpp
[1.833s] -- Up-to-date: /home/lfvmu/kobuki/install/include/ecl/sockets/poll.hpp
[1.833s] -- Up-to-date: /home/lfvmu/kobuki/install/include/ecl/sockets/socketpair.hpp
[1.833s] -- Up-to-date: /home/lfvmu/kobuki/install/include/ecl/sockets/sockets.hpp
[1.835s] -- Up-to-date: /home/lfvmu/kobuki/install/lib/libecl_io.so.1.1.0
[1.836s] -- Up-to-date: /home/lfvmu/kobuki/install/lib/libecl_io.so
[1.837s] -- Up-to-date: /home/lfvmu/kobuki/install/lib/ecl_io/demo_sockets
[1.838s] -- Up-to-date: /home/lfvmu/kobuki/install/lib/ecl_io/demo_socketpair
[1.839s] -- Up-to-date: /home/lfvmu/kobuki/install/lib/ecl_io/demo_poll
[1.855s] Invoked command in '/home/lfvmu/kobuki/build/ecl_io' returned '0': AMENT_PREFIX_PATH=/home/lfvmu/kobuki/install CMAKE_PREFIX_PATH=/home/lfvmu/kobuki/install LD_LIBRARY_PATH=/home/lfvmu/kobuki/install/lib PATH=/home/lfvmu/kobuki/install/bin:${PATH} PYTHONPATH=/home/lfvmu/kobuki/install/lib/python3.8/site-packages /usr/bin/cmake --install /home/lfvmu/kobuki/build/ecl_io
