[1.395s] Invoking command in '/home/lfvmu/kobuki/src/ament_lint/ament_pclint': AMENT_PREFIX_PATH=/home/lfvmu/kobuki/install CMAKE_PREFIX_PATH=/home/lfvmu/kobuki/install PATH=/home/lfvmu/kobuki/install/bin:${PATH} PYTHONPATH=/home/lfvmu/kobuki/build/ament_pclint/prefix_override:/home/lfvmu/kobuki/install/lib/python3.8/site-packages:/home/lfvmu/kobuki/install/lib/python3.8/site-packages /usr/bin/python3 setup.py egg_info --egg-base ../../../build/ament_pclint build --build-base /home/lfvmu/kobuki/build/ament_pclint/build install --record /home/lfvmu/kobuki/build/ament_pclint/install.log --single-version-externally-managed
[1.790s] running egg_info
[1.790s] creating ../../../build/ament_pclint/ament_pclint.egg-info
[1.790s] writing ../../../build/ament_pclint/ament_pclint.egg-info/PKG-INFO
[1.790s] writing dependency_links to ../../../build/ament_pclint/ament_pclint.egg-info/dependency_links.txt
[1.790s] writing entry points to ../../../build/ament_pclint/ament_pclint.egg-info/entry_points.txt
[1.791s] writing requirements to ../../../build/ament_pclint/ament_pclint.egg-info/requires.txt
[1.791s] writing top-level names to ../../../build/ament_pclint/ament_pclint.egg-info/top_level.txt
[1.791s] writing manifest file '../../../build/ament_pclint/ament_pclint.egg-info/SOURCES.txt'
[1.887s] reading manifest file '../../../build/ament_pclint/ament_pclint.egg-info/SOURCES.txt'
[1.889s] writing manifest file '../../../build/ament_pclint/ament_pclint.egg-info/SOURCES.txt'
[1.890s] running build
[1.890s] running build_py
[1.890s] creating /home/lfvmu/kobuki/build/ament_pclint/build
[1.890s] creating /home/lfvmu/kobuki/build/ament_pclint/build/lib
[1.890s] creating /home/lfvmu/kobuki/build/ament_pclint/build/lib/ament_pclint
[1.891s] copying ament_pclint/main.py -> /home/lfvmu/kobuki/build/ament_pclint/build/lib/ament_pclint
[1.891s] copying ament_pclint/__init__.py -> /home/lfvmu/kobuki/build/ament_pclint/build/lib/ament_pclint
[1.891s] creating /home/lfvmu/kobuki/build/ament_pclint/build/lib/ament_pclint/config
[1.891s] creating /home/lfvmu/kobuki/build/ament_pclint/build/lib/ament_pclint/config/gcc
[1.891s] copying ament_pclint/config/gcc/co-g++.h -> /home/lfvmu/kobuki/build/ament_pclint/build/lib/ament_pclint/config/gcc
[1.892s] copying ament_pclint/config/gcc/co-g++.lnt -> /home/lfvmu/kobuki/build/ament_pclint/build/lib/ament_pclint/config/gcc
[1.892s] copying ament_pclint/config/gcc/co-gcc.h -> /home/lfvmu/kobuki/build/ament_pclint/build/lib/ament_pclint/config/gcc
[1.892s] copying ament_pclint/config/gcc/co-gcc.lnt -> /home/lfvmu/kobuki/build/ament_pclint/build/lib/ament_pclint/config/gcc
[1.892s] copying ament_pclint/config/gcc/co-osx-g++.h -> /home/lfvmu/kobuki/build/ament_pclint/build/lib/ament_pclint/config/gcc
[1.893s] copying ament_pclint/config/gcc/co-osx-g++.lnt -> /home/lfvmu/kobuki/build/ament_pclint/build/lib/ament_pclint/config/gcc
[1.894s] copying ament_pclint/config/gcc/co-osx-gcc.h -> /home/lfvmu/kobuki/build/ament_pclint/build/lib/ament_pclint/config/gcc
[1.894s] copying ament_pclint/config/gcc/co-osx-gcc.lnt -> /home/lfvmu/kobuki/build/ament_pclint/build/lib/ament_pclint/config/gcc
[1.895s] creating /home/lfvmu/kobuki/build/ament_pclint/build/lib/ament_pclint/config/msvc
[1.895s] copying ament_pclint/config/msvc/co-cl.lnt -> /home/lfvmu/kobuki/build/ament_pclint/build/lib/ament_pclint/config/msvc
[1.895s] copying ament_pclint/config/msvc/co-cl++.lnt -> /home/lfvmu/kobuki/build/ament_pclint/build/lib/ament_pclint/config/msvc
[1.896s] copying ament_pclint/config/msvc/co-cl.h -> /home/lfvmu/kobuki/build/ament_pclint/build/lib/ament_pclint/config/msvc
[1.896s] copying ament_pclint/config/au-misra3.lnt -> /home/lfvmu/kobuki/build/ament_pclint/build/lib/ament_pclint/config
[1.896s] copying ament_pclint/config/au-misra3-amd1.lnt -> /home/lfvmu/kobuki/build/ament_pclint/build/lib/ament_pclint/config
[1.897s] copying ament_pclint/config/au-misra-cpp.lnt -> /home/lfvmu/kobuki/build/ament_pclint/build/lib/ament_pclint/config
[1.897s] copying ament_pclint/config/c99.lnt -> /home/lfvmu/kobuki/build/ament_pclint/build/lib/ament_pclint/config
[1.897s] copying ament_pclint/config/c++.lnt -> /home/lfvmu/kobuki/build/ament_pclint/build/lib/ament_pclint/config
[1.898s] copying ament_pclint/config/deprecate.lnt -> /home/lfvmu/kobuki/build/ament_pclint/build/lib/ament_pclint/config
[1.898s] copying ament_pclint/config/env-xml.lnt -> /home/lfvmu/kobuki/build/ament_pclint/build/lib/ament_pclint/config
[1.898s] running install
[1.899s] running install_lib
[1.901s] creating /home/lfvmu/kobuki/install/lib/python3.8/site-packages/ament_pclint
[1.901s] copying /home/lfvmu/kobuki/build/ament_pclint/build/lib/ament_pclint/main.py -> /home/lfvmu/kobuki/install/lib/python3.8/site-packages/ament_pclint
[1.902s] creating /home/lfvmu/kobuki/install/lib/python3.8/site-packages/ament_pclint/config
[1.902s] creating /home/lfvmu/kobuki/install/lib/python3.8/site-packages/ament_pclint/config/gcc
[1.902s] copying /home/lfvmu/kobuki/build/ament_pclint/build/lib/ament_pclint/config/gcc/co-osx-g++.h -> /home/lfvmu/kobuki/install/lib/python3.8/site-packages/ament_pclint/config/gcc
[1.903s] copying /home/lfvmu/kobuki/build/ament_pclint/build/lib/ament_pclint/config/gcc/co-osx-g++.lnt -> /home/lfvmu/kobuki/install/lib/python3.8/site-packages/ament_pclint/config/gcc
[1.903s] copying /home/lfvmu/kobuki/build/ament_pclint/build/lib/ament_pclint/config/gcc/co-gcc.h -> /home/lfvmu/kobuki/install/lib/python3.8/site-packages/ament_pclint/config/gcc
[1.903s] copying /home/lfvmu/kobuki/build/ament_pclint/build/lib/ament_pclint/config/gcc/co-gcc.lnt -> /home/lfvmu/kobuki/install/lib/python3.8/site-packages/ament_pclint/config/gcc
[1.903s] copying /home/lfvmu/kobuki/build/ament_pclint/build/lib/ament_pclint/config/gcc/co-osx-gcc.h -> /home/lfvmu/kobuki/install/lib/python3.8/site-packages/ament_pclint/config/gcc
[1.904s] copying /home/lfvmu/kobuki/build/ament_pclint/build/lib/ament_pclint/config/gcc/co-g++.h -> /home/lfvmu/kobuki/install/lib/python3.8/site-packages/ament_pclint/config/gcc
[1.904s] copying /home/lfvmu/kobuki/build/ament_pclint/build/lib/ament_pclint/config/gcc/co-osx-gcc.lnt -> /home/lfvmu/kobuki/install/lib/python3.8/site-packages/ament_pclint/config/gcc
[1.904s] copying /home/lfvmu/kobuki/build/ament_pclint/build/lib/ament_pclint/config/gcc/co-g++.lnt -> /home/lfvmu/kobuki/install/lib/python3.8/site-packages/ament_pclint/config/gcc
[1.904s] copying /home/lfvmu/kobuki/build/ament_pclint/build/lib/ament_pclint/config/c99.lnt -> /home/lfvmu/kobuki/install/lib/python3.8/site-packages/ament_pclint/config
[1.905s] copying /home/lfvmu/kobuki/build/ament_pclint/build/lib/ament_pclint/config/c++.lnt -> /home/lfvmu/kobuki/install/lib/python3.8/site-packages/ament_pclint/config
[1.905s] copying /home/lfvmu/kobuki/build/ament_pclint/build/lib/ament_pclint/config/au-misra3.lnt -> /home/lfvmu/kobuki/install/lib/python3.8/site-packages/ament_pclint/config
[1.905s] copying /home/lfvmu/kobuki/build/ament_pclint/build/lib/ament_pclint/config/env-xml.lnt -> /home/lfvmu/kobuki/install/lib/python3.8/site-packages/ament_pclint/config
[1.906s] copying /home/lfvmu/kobuki/build/ament_pclint/build/lib/ament_pclint/config/au-misra-cpp.lnt -> /home/lfvmu/kobuki/install/lib/python3.8/site-packages/ament_pclint/config
[1.906s] copying /home/lfvmu/kobuki/build/ament_pclint/build/lib/ament_pclint/config/au-misra3-amd1.lnt -> /home/lfvmu/kobuki/install/lib/python3.8/site-packages/ament_pclint/config
[1.906s] creating /home/lfvmu/kobuki/install/lib/python3.8/site-packages/ament_pclint/config/msvc
[1.907s] copying /home/lfvmu/kobuki/build/ament_pclint/build/lib/ament_pclint/config/msvc/co-cl++.lnt -> /home/lfvmu/kobuki/install/lib/python3.8/site-packages/ament_pclint/config/msvc
[1.907s] copying /home/lfvmu/kobuki/build/ament_pclint/build/lib/ament_pclint/config/msvc/co-cl.h -> /home/lfvmu/kobuki/install/lib/python3.8/site-packages/ament_pclint/config/msvc
[1.907s] copying /home/lfvmu/kobuki/build/ament_pclint/build/lib/ament_pclint/config/msvc/co-cl.lnt -> /home/lfvmu/kobuki/install/lib/python3.8/site-packages/ament_pclint/config/msvc
[1.907s] copying /home/lfvmu/kobuki/build/ament_pclint/build/lib/ament_pclint/config/deprecate.lnt -> /home/lfvmu/kobuki/install/lib/python3.8/site-packages/ament_pclint/config
[1.907s] copying /home/lfvmu/kobuki/build/ament_pclint/build/lib/ament_pclint/__init__.py -> /home/lfvmu/kobuki/install/lib/python3.8/site-packages/ament_pclint
[1.908s] byte-compiling /home/lfvmu/kobuki/install/lib/python3.8/site-packages/ament_pclint/main.py to main.cpython-38.pyc
[1.917s] byte-compiling /home/lfvmu/kobuki/install/lib/python3.8/site-packages/ament_pclint/__init__.py to __init__.cpython-38.pyc
[1.918s] running install_data
[1.918s] copying package.xml -> /home/lfvmu/kobuki/install/share/ament_pclint
[1.918s] copying resource/ament_pclint -> /home/lfvmu/kobuki/install/share/ament_index/resource_index/packages
[1.919s] running install_egg_info
[1.922s] Copying ../../../build/ament_pclint/ament_pclint.egg-info to /home/lfvmu/kobuki/install/lib/python3.8/site-packages/ament_pclint-0.9.7-py3.8.egg-info
[1.923s] running install_scripts
[1.961s] Installing ament_pclint script to /home/lfvmu/kobuki/install/bin
[1.961s] writing list of installed files to '/home/lfvmu/kobuki/build/ament_pclint/install.log'
[2.015s] Invoked command in '/home/lfvmu/kobuki/src/ament_lint/ament_pclint' returned '0': AMENT_PREFIX_PATH=/home/lfvmu/kobuki/install CMAKE_PREFIX_PATH=/home/lfvmu/kobuki/install PATH=/home/lfvmu/kobuki/install/bin:${PATH} PYTHONPATH=/home/lfvmu/kobuki/build/ament_pclint/prefix_override:/home/lfvmu/kobuki/install/lib/python3.8/site-packages:/home/lfvmu/kobuki/install/lib/python3.8/site-packages /usr/bin/python3 setup.py egg_info --egg-base ../../../build/ament_pclint build --build-base /home/lfvmu/kobuki/build/ament_pclint/build install --record /home/lfvmu/kobuki/build/ament_pclint/install.log --single-version-externally-managed
