[0.423s] Invoking command in '/home/lfvmu/kobuki/build/ecl_linear_algebra': AMENT_PREFIX_PATH=/home/lfvmu/kobuki/install CMAKE_PREFIX_PATH=/home/lfvmu/kobuki/install LD_LIBRARY_PATH=/home/lfvmu/kobuki/install/lib PATH=/home/lfvmu/kobuki/install/bin:${PATH} PKG_CONFIG_PATH=/home/lfvmu/kobuki/install/lib/x86_64-linux-gnu/pkgconfig:/home/lfvmu/kobuki/install/lib/pkgconfig PYTHONPATH=/home/lfvmu/kobuki/install/lib/python3.8/site-packages /usr/bin/cmake /home/lfvmu/kobuki/src/ecl_core/ecl_linear_algebra -DBUILD_TESTING=OFF -DCMAKE_INSTALL_PREFIX=/home/lfvmu/kobuki/install
[0.466s] Re-run cmake no build system arguments
[0.473s] -- Found ament_cmake_ros: 0.9.2 (/home/lfvmu/kobuki/install/share/ament_cmake_ros/cmake)
[0.526s] -- Using PYTHON_EXECUTABLE: /usr/bin/python3
[0.909s] -- Found ecl_build: 1.0.3 (/home/lfvmu/kobuki/install/share/ecl_build/cmake)
[0.925s] -- Found ecl_eigen: 1.2.1 (/home/lfvmu/kobuki/install/share/ecl_eigen/cmake)
[0.946s] -- Found ecl_exceptions: 1.2.1 (/home/lfvmu/kobuki/install/share/ecl_exceptions/cmake)
[0.972s] -- Found ecl_formatters: 1.2.1 (/home/lfvmu/kobuki/install/share/ecl_formatters/cmake)
[1.047s] -- Found ecl_math: 1.2.1 (/home/lfvmu/kobuki/install/share/ecl_math/cmake)
[1.265s] -- Configuring done
[1.295s] -- Generating done
[1.307s] -- Build files have been written to: /home/lfvmu/kobuki/build/ecl_linear_algebra
[1.316s] Invoked command in '/home/lfvmu/kobuki/build/ecl_linear_algebra' returned '0': AMENT_PREFIX_PATH=/home/lfvmu/kobuki/install CMAKE_PREFIX_PATH=/home/lfvmu/kobuki/install LD_LIBRARY_PATH=/home/lfvmu/kobuki/install/lib PATH=/home/lfvmu/kobuki/install/bin:${PATH} PKG_CONFIG_PATH=/home/lfvmu/kobuki/install/lib/x86_64-linux-gnu/pkgconfig:/home/lfvmu/kobuki/install/lib/pkgconfig PYTHONPATH=/home/lfvmu/kobuki/install/lib/python3.8/site-packages /usr/bin/cmake /home/lfvmu/kobuki/src/ecl_core/ecl_linear_algebra -DBUILD_TESTING=OFF -DCMAKE_INSTALL_PREFIX=/home/lfvmu/kobuki/install
[1.319s] Invoking command in '/home/lfvmu/kobuki/build/ecl_linear_algebra': AMENT_PREFIX_PATH=/home/lfvmu/kobuki/install CMAKE_PREFIX_PATH=/home/lfvmu/kobuki/install LD_LIBRARY_PATH=/home/lfvmu/kobuki/install/lib PATH=/home/lfvmu/kobuki/install/bin:${PATH} PKG_CONFIG_PATH=/home/lfvmu/kobuki/install/lib/x86_64-linux-gnu/pkgconfig:/home/lfvmu/kobuki/install/lib/pkgconfig PYTHONPATH=/home/lfvmu/kobuki/install/lib/python3.8/site-packages /usr/bin/cmake --build /home/lfvmu/kobuki/build/ecl_linear_algebra -- -j4 -l4
[1.382s] /usr/bin/cmake -S/home/lfvmu/kobuki/src/ecl_core/ecl_linear_algebra -B/home/lfvmu/kobuki/build/ecl_linear_algebra --check-build-system CMakeFiles/Makefile.cmake 0
[1.418s] /usr/bin/cmake -E cmake_progress_start /home/lfvmu/kobuki/build/ecl_linear_algebra/CMakeFiles /home/lfvmu/kobuki/build/ecl_linear_algebra/CMakeFiles/progress.marks
[1.435s] /usr/bin/make -f CMakeFiles/Makefile2 all
[1.442s] make[1]: Entering directory '/home/lfvmu/kobuki/build/ecl_linear_algebra'
[1.442s] /usr/bin/make -f src/lib/CMakeFiles/ecl_linear_algebra.dir/build.make src/lib/CMakeFiles/ecl_linear_algebra.dir/depend
[1.454s] make[2]: Entering directory '/home/lfvmu/kobuki/build/ecl_linear_algebra'
[1.454s] cd /home/lfvmu/kobuki/build/ecl_linear_algebra && /usr/bin/cmake -E cmake_depends "Unix Makefiles" /home/lfvmu/kobuki/src/ecl_core/ecl_linear_algebra /home/lfvmu/kobuki/src/ecl_core/ecl_linear_algebra/src/lib /home/lfvmu/kobuki/build/ecl_linear_algebra /home/lfvmu/kobuki/build/ecl_linear_algebra/src/lib /home/lfvmu/kobuki/build/ecl_linear_algebra/src/lib/CMakeFiles/ecl_linear_algebra.dir/DependInfo.cmake --color=
[1.478s] make[2]: Leaving directory '/home/lfvmu/kobuki/build/ecl_linear_algebra'
[1.481s] /usr/bin/make -f src/lib/CMakeFiles/ecl_linear_algebra.dir/build.make src/lib/CMakeFiles/ecl_linear_algebra.dir/build
[1.500s] make[2]: Entering directory '/home/lfvmu/kobuki/build/ecl_linear_algebra'
[1.501s] make[2]: Nothing to be done for 'src/lib/CMakeFiles/ecl_linear_algebra.dir/build'.
[1.501s] make[2]: Leaving directory '/home/lfvmu/kobuki/build/ecl_linear_algebra'
[1.525s] [100%] Built target ecl_linear_algebra
[1.528s] make[1]: Leaving directory '/home/lfvmu/kobuki/build/ecl_linear_algebra'
[1.528s] /usr/bin/cmake -E cmake_progress_start /home/lfvmu/kobuki/build/ecl_linear_algebra/CMakeFiles 0
[1.556s] Invoked command in '/home/lfvmu/kobuki/build/ecl_linear_algebra' returned '0': AMENT_PREFIX_PATH=/home/lfvmu/kobuki/install CMAKE_PREFIX_PATH=/home/lfvmu/kobuki/install LD_LIBRARY_PATH=/home/lfvmu/kobuki/install/lib PATH=/home/lfvmu/kobuki/install/bin:${PATH} PKG_CONFIG_PATH=/home/lfvmu/kobuki/install/lib/x86_64-linux-gnu/pkgconfig:/home/lfvmu/kobuki/install/lib/pkgconfig PYTHONPATH=/home/lfvmu/kobuki/install/lib/python3.8/site-packages /usr/bin/cmake --build /home/lfvmu/kobuki/build/ecl_linear_algebra -- -j4 -l4
[1.643s] Invoking command in '/home/lfvmu/kobuki/build/ecl_linear_algebra': AMENT_PREFIX_PATH=/home/lfvmu/kobuki/install CMAKE_PREFIX_PATH=/home/lfvmu/kobuki/install LD_LIBRARY_PATH=/home/lfvmu/kobuki/install/lib PATH=/home/lfvmu/kobuki/install/bin:${PATH} PKG_CONFIG_PATH=/home/lfvmu/kobuki/install/lib/x86_64-linux-gnu/pkgconfig:/home/lfvmu/kobuki/install/lib/pkgconfig PYTHONPATH=/home/lfvmu/kobuki/install/lib/python3.8/site-packages /usr/bin/cmake --install /home/lfvmu/kobuki/build/ecl_linear_algebra
[1.665s] -- Install configuration: ""
[1.666s] -- Up-to-date: /home/lfvmu/kobuki/install/share/ecl_linear_algebra/environment/library_path.sh
[1.666s] -- Installing: /home/lfvmu/kobuki/install/share/ecl_linear_algebra/environment/library_path.dsv
[1.667s] -- Up-to-date: /home/lfvmu/kobuki/install/share/ament_index/resource_index/package_run_dependencies/ecl_linear_algebra
[1.667s] -- Up-to-date: /home/lfvmu/kobuki/install/share/ament_index/resource_index/parent_prefix_path/ecl_linear_algebra
[1.668s] -- Up-to-date: /home/lfvmu/kobuki/install/share/ecl_linear_algebra/environment/ament_prefix_path.sh
[1.668s] -- Installing: /home/lfvmu/kobuki/install/share/ecl_linear_algebra/environment/ament_prefix_path.dsv
[1.668s] -- Up-to-date: /home/lfvmu/kobuki/install/share/ecl_linear_algebra/environment/path.sh
[1.669s] -- Installing: /home/lfvmu/kobuki/install/share/ecl_linear_algebra/environment/path.dsv
[1.669s] -- Up-to-date: /home/lfvmu/kobuki/install/share/ecl_linear_algebra/local_setup.bash
[1.670s] -- Up-to-date: /home/lfvmu/kobuki/install/share/ecl_linear_algebra/local_setup.sh
[1.670s] -- Up-to-date: /home/lfvmu/kobuki/install/share/ecl_linear_algebra/local_setup.zsh
[1.670s] -- Installing: /home/lfvmu/kobuki/install/share/ecl_linear_algebra/local_setup.dsv
[1.671s] -- Installing: /home/lfvmu/kobuki/install/share/ecl_linear_algebra/package.dsv
[1.671s] -- Up-to-date: /home/lfvmu/kobuki/install/share/ament_index/resource_index/packages/ecl_linear_algebra
[1.672s] -- Up-to-date: /home/lfvmu/kobuki/install/share/ecl_linear_algebra/cmake/ecl_linear_algebraExport.cmake
[1.674s] -- Installing: /home/lfvmu/kobuki/install/share/ecl_linear_algebra/cmake/ecl_linear_algebraExport-noconfig.cmake
[1.675s] -- Up-to-date: /home/lfvmu/kobuki/install/share/ecl_linear_algebra/cmake/ament_cmake_export_targets-extras.cmake
[1.676s] -- Up-to-date: /home/lfvmu/kobuki/install/share/ecl_linear_algebra/cmake/ament_cmake_export_include_directories-extras.cmake
[1.680s] -- Up-to-date: /home/lfvmu/kobuki/install/share/ecl_linear_algebra/cmake/ament_cmake_export_libraries-extras.cmake
[1.680s] -- Up-to-date: /home/lfvmu/kobuki/install/share/ecl_linear_algebra/cmake/ament_cmake_export_dependencies-extras.cmake
[1.681s] -- Up-to-date: /home/lfvmu/kobuki/install/share/ecl_linear_algebra/cmake/ecl_linear_algebraConfig.cmake
[1.681s] -- Up-to-date: /home/lfvmu/kobuki/install/share/ecl_linear_algebra/cmake/ecl_linear_algebraConfig-version.cmake
[1.681s] -- Up-to-date: /home/lfvmu/kobuki/install/share/ecl_linear_algebra/package.xml
[1.682s] -- Up-to-date: /home/lfvmu/kobuki/install/include/ecl/linear_algebra.hpp
[1.682s] -- Up-to-date: /home/lfvmu/kobuki/install/include/ecl/linear_algebra/eigen.hpp
[1.682s] -- Up-to-date: /home/lfvmu/kobuki/install/include/ecl/linear_algebra/sophus.hpp
[1.683s] -- Up-to-date: /home/lfvmu/kobuki/install/include/ecl/linear_algebra/eigen/formatters.hpp
[1.683s] -- Up-to-date: /home/lfvmu/kobuki/install/include/ecl/linear_algebra/eigen/plugin.hpp
[1.683s] -- Up-to-date: /home/lfvmu/kobuki/install/include/ecl/linear_algebra/eigen/unsupported/nonlinear_optimization.hpp
[1.684s] -- Up-to-date: /home/lfvmu/kobuki/install/include/ecl/linear_algebra/eigen/unsupported/numerical_diff.hpp
[1.684s] -- Up-to-date: /home/lfvmu/kobuki/install/include/ecl/linear_algebra/sophus/formatters.hpp
[1.684s] -- Up-to-date: /home/lfvmu/kobuki/install/include/ecl/linear_algebra/sophus/helpers.hpp
[1.685s] -- Up-to-date: /home/lfvmu/kobuki/install/include/ecl/linear_algebra/sophus/interpolators.hpp
[1.687s] -- Up-to-date: /home/lfvmu/kobuki/install/lib/libecl_linear_algebra.so.1.2.1
[1.690s] -- Up-to-date: /home/lfvmu/kobuki/install/lib/libecl_linear_algebra.so
[1.749s] Invoked command in '/home/lfvmu/kobuki/build/ecl_linear_algebra' returned '0': AMENT_PREFIX_PATH=/home/lfvmu/kobuki/install CMAKE_PREFIX_PATH=/home/lfvmu/kobuki/install LD_LIBRARY_PATH=/home/lfvmu/kobuki/install/lib PATH=/home/lfvmu/kobuki/install/bin:${PATH} PKG_CONFIG_PATH=/home/lfvmu/kobuki/install/lib/x86_64-linux-gnu/pkgconfig:/home/lfvmu/kobuki/install/lib/pkgconfig PYTHONPATH=/home/lfvmu/kobuki/install/lib/python3.8/site-packages /usr/bin/cmake --install /home/lfvmu/kobuki/build/ecl_linear_algebra
