running egg_info
creating ../../../build/ament_pycodestyle/ament_pycodestyle.egg-info
writing ../../../build/ament_pycodestyle/ament_pycodestyle.egg-info/PKG-INFO
writing dependency_links to ../../../build/ament_pycodestyle/ament_pycodestyle.egg-info/dependency_links.txt
writing entry points to ../../../build/ament_pycodestyle/ament_pycodestyle.egg-info/entry_points.txt
writing requirements to ../../../build/ament_pycodestyle/ament_pycodestyle.egg-info/requires.txt
writing top-level names to ../../../build/ament_pycodestyle/ament_pycodestyle.egg-info/top_level.txt
writing manifest file '../../../build/ament_pycodestyle/ament_pycodestyle.egg-info/SOURCES.txt'
reading manifest file '../../../build/ament_pycodestyle/ament_pycodestyle.egg-info/SOURCES.txt'
writing manifest file '../../../build/ament_pycodestyle/ament_pycodestyle.egg-info/SOURCES.txt'
running build
running build_py
creating /home/lfvmu/kobuki/build/ament_pycodestyle/build
creating /home/lfvmu/kobuki/build/ament_pycodestyle/build/lib
creating /home/lfvmu/kobuki/build/ament_pycodestyle/build/lib/ament_pycodestyle
copying ament_pycodestyle/main.py -> /home/lfvmu/kobuki/build/ament_pycodestyle/build/lib/ament_pycodestyle
copying ament_pycodestyle/__init__.py -> /home/lfvmu/kobuki/build/ament_pycodestyle/build/lib/ament_pycodestyle
creating /home/lfvmu/kobuki/build/ament_pycodestyle/build/lib/ament_pycodestyle/configuration
copying ament_pycodestyle/configuration/ament_pycodestyle.ini -> /home/lfvmu/kobuki/build/ament_pycodestyle/build/lib/ament_pycodestyle/configuration
running install
running install_lib
creating /home/lfvmu/kobuki/install/lib/python3.8/site-packages/ament_pycodestyle
copying /home/lfvmu/kobuki/build/ament_pycodestyle/build/lib/ament_pycodestyle/main.py -> /home/lfvmu/kobuki/install/lib/python3.8/site-packages/ament_pycodestyle
copying /home/lfvmu/kobuki/build/ament_pycodestyle/build/lib/ament_pycodestyle/__init__.py -> /home/lfvmu/kobuki/install/lib/python3.8/site-packages/ament_pycodestyle
creating /home/lfvmu/kobuki/install/lib/python3.8/site-packages/ament_pycodestyle/configuration
copying /home/lfvmu/kobuki/build/ament_pycodestyle/build/lib/ament_pycodestyle/configuration/ament_pycodestyle.ini -> /home/lfvmu/kobuki/install/lib/python3.8/site-packages/ament_pycodestyle/configuration
byte-compiling /home/lfvmu/kobuki/install/lib/python3.8/site-packages/ament_pycodestyle/main.py to main.cpython-38.pyc
byte-compiling /home/lfvmu/kobuki/install/lib/python3.8/site-packages/ament_pycodestyle/__init__.py to __init__.cpython-38.pyc
running install_data
copying package.xml -> /home/lfvmu/kobuki/install/share/ament_pycodestyle
copying resource/ament_pycodestyle -> /home/lfvmu/kobuki/install/share/ament_index/resource_index/packages
running install_egg_info
Copying ../../../build/ament_pycodestyle/ament_pycodestyle.egg-info to /home/lfvmu/kobuki/install/lib/python3.8/site-packages/ament_pycodestyle-0.9.7-py3.8.egg-info
running install_scripts
Installing ament_pycodestyle script to /home/lfvmu/kobuki/install/bin
writing list of installed files to '/home/lfvmu/kobuki/build/ament_pycodestyle/install.log'
