[1.800s] Invoking command in '/home/lfvmu/kobuki/src/ament_lint/ament_pycodestyle': PYTHONPATH=/home/lfvmu/kobuki/build/ament_pycodestyle/prefix_override:/home/lfvmu/kobuki/install/lib/python3.8/site-packages: /usr/bin/python3 setup.py egg_info --egg-base ../../../build/ament_pycodestyle build --build-base /home/lfvmu/kobuki/build/ament_pycodestyle/build install --record /home/lfvmu/kobuki/build/ament_pycodestyle/install.log --single-version-externally-managed
[2.193s] running egg_info
[2.193s] creating ../../../build/ament_pycodestyle/ament_pycodestyle.egg-info
[2.193s] writing ../../../build/ament_pycodestyle/ament_pycodestyle.egg-info/PKG-INFO
[2.193s] writing dependency_links to ../../../build/ament_pycodestyle/ament_pycodestyle.egg-info/dependency_links.txt
[2.194s] writing entry points to ../../../build/ament_pycodestyle/ament_pycodestyle.egg-info/entry_points.txt
[2.194s] writing requirements to ../../../build/ament_pycodestyle/ament_pycodestyle.egg-info/requires.txt
[2.194s] writing top-level names to ../../../build/ament_pycodestyle/ament_pycodestyle.egg-info/top_level.txt
[2.195s] writing manifest file '../../../build/ament_pycodestyle/ament_pycodestyle.egg-info/SOURCES.txt'
[2.295s] reading manifest file '../../../build/ament_pycodestyle/ament_pycodestyle.egg-info/SOURCES.txt'
[2.297s] writing manifest file '../../../build/ament_pycodestyle/ament_pycodestyle.egg-info/SOURCES.txt'
[2.298s] running build
[2.298s] running build_py
[2.298s] creating /home/lfvmu/kobuki/build/ament_pycodestyle/build
[2.299s] creating /home/lfvmu/kobuki/build/ament_pycodestyle/build/lib
[2.299s] creating /home/lfvmu/kobuki/build/ament_pycodestyle/build/lib/ament_pycodestyle
[2.299s] copying ament_pycodestyle/main.py -> /home/lfvmu/kobuki/build/ament_pycodestyle/build/lib/ament_pycodestyle
[2.300s] copying ament_pycodestyle/__init__.py -> /home/lfvmu/kobuki/build/ament_pycodestyle/build/lib/ament_pycodestyle
[2.300s] creating /home/lfvmu/kobuki/build/ament_pycodestyle/build/lib/ament_pycodestyle/configuration
[2.301s] copying ament_pycodestyle/configuration/ament_pycodestyle.ini -> /home/lfvmu/kobuki/build/ament_pycodestyle/build/lib/ament_pycodestyle/configuration
[2.301s] running install
[2.303s] running install_lib
[2.305s] creating /home/lfvmu/kobuki/install/lib/python3.8/site-packages/ament_pycodestyle
[2.306s] copying /home/lfvmu/kobuki/build/ament_pycodestyle/build/lib/ament_pycodestyle/main.py -> /home/lfvmu/kobuki/install/lib/python3.8/site-packages/ament_pycodestyle
[2.307s] copying /home/lfvmu/kobuki/build/ament_pycodestyle/build/lib/ament_pycodestyle/__init__.py -> /home/lfvmu/kobuki/install/lib/python3.8/site-packages/ament_pycodestyle
[2.307s] creating /home/lfvmu/kobuki/install/lib/python3.8/site-packages/ament_pycodestyle/configuration
[2.307s] copying /home/lfvmu/kobuki/build/ament_pycodestyle/build/lib/ament_pycodestyle/configuration/ament_pycodestyle.ini -> /home/lfvmu/kobuki/install/lib/python3.8/site-packages/ament_pycodestyle/configuration
[2.309s] byte-compiling /home/lfvmu/kobuki/install/lib/python3.8/site-packages/ament_pycodestyle/main.py to main.cpython-38.pyc
[2.316s] byte-compiling /home/lfvmu/kobuki/install/lib/python3.8/site-packages/ament_pycodestyle/__init__.py to __init__.cpython-38.pyc
[2.316s] running install_data
[2.318s] copying package.xml -> /home/lfvmu/kobuki/install/share/ament_pycodestyle
[2.318s] copying resource/ament_pycodestyle -> /home/lfvmu/kobuki/install/share/ament_index/resource_index/packages
[2.318s] running install_egg_info
[2.321s] Copying ../../../build/ament_pycodestyle/ament_pycodestyle.egg-info to /home/lfvmu/kobuki/install/lib/python3.8/site-packages/ament_pycodestyle-0.9.7-py3.8.egg-info
[2.323s] running install_scripts
[2.384s] Installing ament_pycodestyle script to /home/lfvmu/kobuki/install/bin
[2.385s] writing list of installed files to '/home/lfvmu/kobuki/build/ament_pycodestyle/install.log'
[2.537s] Invoked command in '/home/lfvmu/kobuki/src/ament_lint/ament_pycodestyle' returned '0': PYTHONPATH=/home/lfvmu/kobuki/build/ament_pycodestyle/prefix_override:/home/lfvmu/kobuki/install/lib/python3.8/site-packages: /usr/bin/python3 setup.py egg_info --egg-base ../../../build/ament_pycodestyle build --build-base /home/lfvmu/kobuki/build/ament_pycodestyle/build install --record /home/lfvmu/kobuki/build/ament_pycodestyle/install.log --single-version-externally-managed
