[0.118s] Invoking command in '/home/lfvmu/kobuki/build/ament_cmake_cpplint': /usr/bin/cmake /home/lfvmu/kobuki/src/ament_lint/ament_cmake_cpplint -DBUILD_TESTING=OFF -DCMAKE_INSTALL_PREFIX=/home/lfvmu/kobuki/install
[0.142s] -- Found ament_cmake_core: 0.9.11 (/home/lfvmu/kobuki/install/share/ament_cmake_core/cmake)
[0.179s] -- Using PYTHON_EXECUTABLE: /usr/bin/python3
[0.522s] -- Found ament_cmake_test: 0.9.11 (/home/lfvmu/kobuki/install/share/ament_cmake_test/cmake)
[0.672s] -- Configuring done
[0.683s] -- Generating done
[0.688s] -- Build files have been written to: /home/lfvmu/kobuki/build/ament_cmake_cpplint
[0.918s] Invoked command in '/home/lfvmu/kobuki/build/ament_cmake_cpplint' returned '0': /usr/bin/cmake /home/lfvmu/kobuki/src/ament_lint/ament_cmake_cpplint -DBUILD_TESTING=OFF -DCMAKE_INSTALL_PREFIX=/home/lfvmu/kobuki/install
[0.920s] Invoking command in '/home/lfvmu/kobuki/build/ament_cmake_cpplint': /usr/bin/cmake --build /home/lfvmu/kobuki/build/ament_cmake_cpplint -- -j4 -l4
[1.150s] Invoked command in '/home/lfvmu/kobuki/build/ament_cmake_cpplint' returned '0': /usr/bin/cmake --build /home/lfvmu/kobuki/build/ament_cmake_cpplint -- -j4 -l4
[1.417s] Invoking command in '/home/lfvmu/kobuki/build/ament_cmake_cpplint': /usr/bin/cmake --install /home/lfvmu/kobuki/build/ament_cmake_cpplint
[1.468s] -- Install configuration: "RelWithDebInfo"
[1.469s] -- Up-to-date: /home/lfvmu/kobuki/install/share/ament_index/resource_index/package_run_dependencies/ament_cmake_cpplint
[1.469s] -- Up-to-date: /home/lfvmu/kobuki/install/share/ament_index/resource_index/parent_prefix_path/ament_cmake_cpplint
[1.470s] -- Up-to-date: /home/lfvmu/kobuki/install/share/ament_cmake_cpplint/environment/ament_prefix_path.sh
[1.471s] -- Installing: /home/lfvmu/kobuki/install/share/ament_cmake_cpplint/environment/ament_prefix_path.dsv
[1.472s] -- Up-to-date: /home/lfvmu/kobuki/install/share/ament_cmake_cpplint/environment/path.sh
[1.475s] -- Installing: /home/lfvmu/kobuki/install/share/ament_cmake_cpplint/environment/path.dsv
[1.475s] -- Up-to-date: /home/lfvmu/kobuki/install/share/ament_cmake_cpplint/local_setup.bash
[1.476s] -- Up-to-date: /home/lfvmu/kobuki/install/share/ament_cmake_cpplint/local_setup.sh
[1.476s] -- Up-to-date: /home/lfvmu/kobuki/install/share/ament_cmake_cpplint/local_setup.zsh
[1.476s] -- Installing: /home/lfvmu/kobuki/install/share/ament_cmake_cpplint/local_setup.dsv
[1.476s] -- Installing: /home/lfvmu/kobuki/install/share/ament_cmake_cpplint/package.dsv
[1.477s] -- Up-to-date: /home/lfvmu/kobuki/install/share/ament_index/resource_index/packages/ament_cmake_cpplint
[1.477s] -- Up-to-date: /home/lfvmu/kobuki/install/share/ament_cmake_cpplint/cmake/ament_cmake_cpplint-extras.cmake
[1.477s] -- Up-to-date: /home/lfvmu/kobuki/install/share/ament_cmake_cpplint/cmake/ament_cmake_cpplintConfig.cmake
[1.478s] -- Up-to-date: /home/lfvmu/kobuki/install/share/ament_cmake_cpplint/cmake/ament_cmake_cpplintConfig-version.cmake
[1.478s] -- Up-to-date: /home/lfvmu/kobuki/install/share/ament_cmake_cpplint/package.xml
[1.478s] -- Up-to-date: /home/lfvmu/kobuki/install/share/ament_cmake_cpplint/cmake
[1.479s] -- Up-to-date: /home/lfvmu/kobuki/install/share/ament_cmake_cpplint/cmake/ament_cpplint.cmake
[1.479s] -- Up-to-date: /home/lfvmu/kobuki/install/share/ament_cmake_cpplint/cmake/ament_cmake_cpplint_lint_hook.cmake
[1.503s] Invoked command in '/home/lfvmu/kobuki/build/ament_cmake_cpplint' returned '0': /usr/bin/cmake --install /home/lfvmu/kobuki/build/ament_cmake_cpplint
