[0.352s] Invoking command in '/home/lfvmu/kobuki/build/ecl_eigen': /usr/bin/cmake /home/lfvmu/kobuki/src/ecl_core/ecl_eigen -DBUILD_TESTING=OFF -DCMAKE_INSTALL_PREFIX=/home/lfvmu/kobuki/install
[0.415s] -- Found ament_cmake_ros: 0.9.2 (/home/lfvmu/kobuki/install/share/ament_cmake_ros/cmake)
[0.438s] -- Using PYTHON_EXECUTABLE: /usr/bin/python3
[0.933s] -- Configuring done
[0.953s] -- Generating done
[0.954s] -- Build files have been written to: /home/lfvmu/kobuki/build/ecl_eigen
[1.163s] Invoked command in '/home/lfvmu/kobuki/build/ecl_eigen' returned '0': /usr/bin/cmake /home/lfvmu/kobuki/src/ecl_core/ecl_eigen -DBUILD_TESTING=OFF -DCMAKE_INSTALL_PREFIX=/home/lfvmu/kobuki/install
[1.170s] Invoking command in '/home/lfvmu/kobuki/build/ecl_eigen': /usr/bin/cmake --build /home/lfvmu/kobuki/build/ecl_eigen -- -j4 -l4
[1.448s] Invoked command in '/home/lfvmu/kobuki/build/ecl_eigen' returned '0': /usr/bin/cmake --build /home/lfvmu/kobuki/build/ecl_eigen -- -j4 -l4
[1.745s] Invoking command in '/home/lfvmu/kobuki/build/ecl_eigen': /usr/bin/cmake --install /home/lfvmu/kobuki/build/ecl_eigen
[1.767s] -- Install configuration: "RelWithDebInfo"
[1.768s] -- Up-to-date: /home/lfvmu/kobuki/install/include/ecl/eigen.hpp
[1.768s] -- Up-to-date: /home/lfvmu/kobuki/install/share/ament_index/resource_index/package_run_dependencies/ecl_eigen
[1.768s] -- Up-to-date: /home/lfvmu/kobuki/install/share/ament_index/resource_index/parent_prefix_path/ecl_eigen
[1.768s] -- Up-to-date: /home/lfvmu/kobuki/install/share/ecl_eigen/environment/ament_prefix_path.sh
[1.769s] -- Installing: /home/lfvmu/kobuki/install/share/ecl_eigen/environment/ament_prefix_path.dsv
[1.769s] -- Up-to-date: /home/lfvmu/kobuki/install/share/ecl_eigen/environment/path.sh
[1.769s] -- Installing: /home/lfvmu/kobuki/install/share/ecl_eigen/environment/path.dsv
[1.769s] -- Up-to-date: /home/lfvmu/kobuki/install/share/ecl_eigen/local_setup.bash
[1.770s] -- Up-to-date: /home/lfvmu/kobuki/install/share/ecl_eigen/local_setup.sh
[1.770s] -- Up-to-date: /home/lfvmu/kobuki/install/share/ecl_eigen/local_setup.zsh
[1.771s] -- Installing: /home/lfvmu/kobuki/install/share/ecl_eigen/local_setup.dsv
[1.771s] -- Installing: /home/lfvmu/kobuki/install/share/ecl_eigen/package.dsv
[1.771s] -- Up-to-date: /home/lfvmu/kobuki/install/share/ament_index/resource_index/packages/ecl_eigen
[1.772s] -- Up-to-date: /home/lfvmu/kobuki/install/share/ecl_eigen/cmake/ecl_eigenExport.cmake
[1.772s] -- Up-to-date: /home/lfvmu/kobuki/install/share/ecl_eigen/cmake/ament_cmake_export_targets-extras.cmake
[1.772s] -- Up-to-date: /home/lfvmu/kobuki/install/share/ecl_eigen/cmake/ament_cmake_export_include_directories-extras.cmake
[1.772s] -- Up-to-date: /home/lfvmu/kobuki/install/share/ecl_eigen/cmake/ament_cmake_export_dependencies-extras.cmake
[1.772s] -- Up-to-date: /home/lfvmu/kobuki/install/share/ecl_eigen/cmake/ecl_eigenConfig.cmake
[1.773s] -- Up-to-date: /home/lfvmu/kobuki/install/share/ecl_eigen/cmake/ecl_eigenConfig-version.cmake
[1.773s] -- Up-to-date: /home/lfvmu/kobuki/install/share/ecl_eigen/package.xml
[1.773s] -- Up-to-date: /home/lfvmu/kobuki/install/share/licenses/eigen/COPYING.LESSER
[1.786s] Invoked command in '/home/lfvmu/kobuki/build/ecl_eigen' returned '0': /usr/bin/cmake --install /home/lfvmu/kobuki/build/ecl_eigen
