[0.351s] Invoking command in '/home/lfvmu/kobuki/build/ecl_time': /usr/bin/cmake /home/lfvmu/kobuki/src/ecl_core/ecl_time -DBUILD_TESTING=OFF --no-warn-unused-cli -DCMAKE_INSTALL_PREFIX=/home/lfvmu/kobuki/install
[0.393s] Not searching for unused variables given on the command line.
[0.424s] -- Found ament_cmake_ros: 0.9.2 (/home/lfvmu/kobuki/install/share/ament_cmake_ros/cmake)
[0.465s] -- Using PYTHON_EXECUTABLE: /usr/bin/python3
[0.848s] -- Found ecl_build: 1.0.3 (/home/lfvmu/kobuki/install/share/ecl_build/cmake)
[0.871s] -- Found ecl_config: 1.1.0 (/home/lfvmu/kobuki/install/share/ecl_config/cmake)
[0.899s] -- Found ecl_errors: 1.1.0 (/home/lfvmu/kobuki/install/share/ecl_errors/cmake)
[0.910s] -- Found ecl_exceptions: 1.2.1 (/home/lfvmu/kobuki/install/share/ecl_exceptions/cmake)
[0.911s] -- Found ecl_time_lite: 1.1.0 (/home/lfvmu/kobuki/install/share/ecl_time_lite/cmake)
[1.100s] -- Configuring done
[1.135s] -- Generating done
[1.138s] -- Build files have been written to: /home/lfvmu/kobuki/build/ecl_time
[1.148s] Invoked command in '/home/lfvmu/kobuki/build/ecl_time' returned '0': /usr/bin/cmake /home/lfvmu/kobuki/src/ecl_core/ecl_time -DBUILD_TESTING=OFF --no-warn-unused-cli -DCMAKE_INSTALL_PREFIX=/home/lfvmu/kobuki/install
[1.156s] Invoking command in '/home/lfvmu/kobuki/build/ecl_time': /usr/bin/cmake --build /home/lfvmu/kobuki/build/ecl_time -- -j4 -l4
[1.373s] [ 75%] Built target ecl_time
[1.443s] [ 87%] Built target ecl_time_example_random_number_generator
[1.470s] [100%] Built target ecl_time_example_sleep
[1.655s] Invoked command in '/home/lfvmu/kobuki/build/ecl_time' returned '0': /usr/bin/cmake --build /home/lfvmu/kobuki/build/ecl_time -- -j4 -l4
[1.761s] Invoking command in '/home/lfvmu/kobuki/build/ecl_time': /usr/bin/cmake --install /home/lfvmu/kobuki/build/ecl_time
[1.787s] -- Install configuration: "RelWithDebInfo"
[1.787s] -- Up-to-date: /home/lfvmu/kobuki/install/share/ecl_time/environment/library_path.sh
[1.788s] -- Installing: /home/lfvmu/kobuki/install/share/ecl_time/environment/library_path.dsv
[1.788s] -- Up-to-date: /home/lfvmu/kobuki/install/share/ament_index/resource_index/package_run_dependencies/ecl_time
[1.789s] -- Up-to-date: /home/lfvmu/kobuki/install/share/ament_index/resource_index/parent_prefix_path/ecl_time
[1.789s] -- Up-to-date: /home/lfvmu/kobuki/install/share/ecl_time/environment/ament_prefix_path.sh
[1.790s] -- Installing: /home/lfvmu/kobuki/install/share/ecl_time/environment/ament_prefix_path.dsv
[1.790s] -- Up-to-date: /home/lfvmu/kobuki/install/share/ecl_time/environment/path.sh
[1.790s] -- Installing: /home/lfvmu/kobuki/install/share/ecl_time/environment/path.dsv
[1.791s] -- Up-to-date: /home/lfvmu/kobuki/install/share/ecl_time/local_setup.bash
[1.791s] -- Up-to-date: /home/lfvmu/kobuki/install/share/ecl_time/local_setup.sh
[1.791s] -- Up-to-date: /home/lfvmu/kobuki/install/share/ecl_time/local_setup.zsh
[1.792s] -- Installing: /home/lfvmu/kobuki/install/share/ecl_time/local_setup.dsv
[1.792s] -- Installing: /home/lfvmu/kobuki/install/share/ecl_time/package.dsv
[1.793s] -- Up-to-date: /home/lfvmu/kobuki/install/share/ament_index/resource_index/packages/ecl_time
[1.793s] -- Up-to-date: /home/lfvmu/kobuki/install/share/ecl_time/cmake/ecl_timeExport.cmake
[1.793s] -- Installing: /home/lfvmu/kobuki/install/share/ecl_time/cmake/ecl_timeExport-relwithdebinfo.cmake
[1.794s] -- Up-to-date: /home/lfvmu/kobuki/install/share/ecl_time/cmake/ament_cmake_export_targets-extras.cmake
[1.794s] -- Up-to-date: /home/lfvmu/kobuki/install/share/ecl_time/cmake/ament_cmake_export_include_directories-extras.cmake
[1.795s] -- Up-to-date: /home/lfvmu/kobuki/install/share/ecl_time/cmake/ament_cmake_export_libraries-extras.cmake
[1.795s] -- Up-to-date: /home/lfvmu/kobuki/install/share/ecl_time/cmake/ament_cmake_export_dependencies-extras.cmake
[1.795s] -- Up-to-date: /home/lfvmu/kobuki/install/share/ecl_time/cmake/ecl_timeConfig.cmake
[1.795s] -- Up-to-date: /home/lfvmu/kobuki/install/share/ecl_time/cmake/ecl_timeConfig-version.cmake
[1.796s] -- Up-to-date: /home/lfvmu/kobuki/install/share/ecl_time/package.xml
[1.797s] -- Up-to-date: /home/lfvmu/kobuki/install/include/ecl/time.hpp
[1.797s] -- Up-to-date: /home/lfvmu/kobuki/install/include/ecl/time/cpuwatch.hpp
[1.798s] -- Up-to-date: /home/lfvmu/kobuki/install/include/ecl/time/cpuwatch_rt.hpp
[1.799s] -- Up-to-date: /home/lfvmu/kobuki/install/include/ecl/time/duration.hpp
[1.799s] -- Up-to-date: /home/lfvmu/kobuki/install/include/ecl/time/frequency.hpp
[1.799s] -- Up-to-date: /home/lfvmu/kobuki/install/include/ecl/time/macros.hpp
[1.800s] -- Up-to-date: /home/lfvmu/kobuki/install/include/ecl/time/random_number_generator.hpp
[1.800s] -- Up-to-date: /home/lfvmu/kobuki/install/include/ecl/time/sleep.hpp
[1.800s] -- Up-to-date: /home/lfvmu/kobuki/install/include/ecl/time/sleep_pos.hpp
[1.800s] -- Up-to-date: /home/lfvmu/kobuki/install/include/ecl/time/sleep_win.hpp
[1.801s] -- Up-to-date: /home/lfvmu/kobuki/install/include/ecl/time/snooze.hpp
[1.801s] -- Up-to-date: /home/lfvmu/kobuki/install/include/ecl/time/snooze_pos.hpp
[1.801s] -- Up-to-date: /home/lfvmu/kobuki/install/include/ecl/time/snooze_win.hpp
[1.801s] -- Up-to-date: /home/lfvmu/kobuki/install/include/ecl/time/stopwatch.hpp
[1.801s] -- Up-to-date: /home/lfvmu/kobuki/install/include/ecl/time/time_data.hpp
[1.802s] -- Up-to-date: /home/lfvmu/kobuki/install/include/ecl/time/timestamp.hpp
[1.803s] -- Up-to-date: /home/lfvmu/kobuki/install/include/ecl/time/timestamp_base.hpp
[1.804s] -- Up-to-date: /home/lfvmu/kobuki/install/include/ecl/time/timestamp_pos.hpp
[1.804s] -- Up-to-date: /home/lfvmu/kobuki/install/include/ecl/time/timestamp_win.hpp
[1.805s] -- Up-to-date: /home/lfvmu/kobuki/install/lib/libecl_time.so.1.2.1
[1.806s] -- Up-to-date: /home/lfvmu/kobuki/install/lib/libecl_time.so
[1.806s] -- Up-to-date: /home/lfvmu/kobuki/install/lib/ecl_time/demo_random_number_generator
[1.807s] -- Up-to-date: /home/lfvmu/kobuki/install/lib/ecl_time/demo_sleep
[1.825s] Invoked command in '/home/lfvmu/kobuki/build/ecl_time' returned '0': /usr/bin/cmake --install /home/lfvmu/kobuki/build/ecl_time
