[0.326s] Invoking command in '/home/lfvmu/kobuki/build/ecl_exceptions': /usr/bin/cmake /home/lfvmu/kobuki/src/ecl_core/ecl_exceptions -DBUILD_TESTING=OFF -DCMAKE_INSTALL_PREFIX=/home/lfvmu/kobuki/install
[0.348s] Re-run cmake no build system arguments
[0.409s] -- Found ament_cmake_ros: 0.9.2 (/home/lfvmu/kobuki/install/share/ament_cmake_ros/cmake)
[0.485s] -- Using PYTHON_EXECUTABLE: /usr/bin/python3
[0.884s] -- Found ecl_build: 1.0.3 (/home/lfvmu/kobuki/install/share/ecl_build/cmake)
[0.916s] -- Found ecl_config: 1.1.0 (/home/lfvmu/kobuki/install/share/ecl_config/cmake)
[0.924s] -- Found ecl_errors: 1.1.0 (/home/lfvmu/kobuki/install/share/ecl_errors/cmake)
[1.088s] -- Configuring done
[1.136s] -- Generating done
[1.138s] -- Build files have been written to: /home/lfvmu/kobuki/build/ecl_exceptions
[1.182s] Invoked command in '/home/lfvmu/kobuki/build/ecl_exceptions' returned '0': /usr/bin/cmake /home/lfvmu/kobuki/src/ecl_core/ecl_exceptions -DBUILD_TESTING=OFF -DCMAKE_INSTALL_PREFIX=/home/lfvmu/kobuki/install
[1.190s] Invoking command in '/home/lfvmu/kobuki/build/ecl_exceptions': /usr/bin/cmake --build /home/lfvmu/kobuki/build/ecl_exceptions -- -j4 -l4
[1.274s] /usr/bin/cmake -S/home/lfvmu/kobuki/src/ecl_core/ecl_exceptions -B/home/lfvmu/kobuki/build/ecl_exceptions --check-build-system CMakeFiles/Makefile.cmake 0
[1.295s] /usr/bin/cmake -E cmake_progress_start /home/lfvmu/kobuki/build/ecl_exceptions/CMakeFiles /home/lfvmu/kobuki/build/ecl_exceptions/CMakeFiles/progress.marks
[1.316s] /usr/bin/make -f CMakeFiles/Makefile2 all
[1.318s] make[1]: Entering directory '/home/lfvmu/kobuki/build/ecl_exceptions'
[1.319s] /usr/bin/make -f src/lib/CMakeFiles/ecl_exceptions.dir/build.make src/lib/CMakeFiles/ecl_exceptions.dir/depend
[1.319s] make[2]: Entering directory '/home/lfvmu/kobuki/build/ecl_exceptions'
[1.320s] cd /home/lfvmu/kobuki/build/ecl_exceptions && /usr/bin/cmake -E cmake_depends "Unix Makefiles" /home/lfvmu/kobuki/src/ecl_core/ecl_exceptions /home/lfvmu/kobuki/src/ecl_core/ecl_exceptions/src/lib /home/lfvmu/kobuki/build/ecl_exceptions /home/lfvmu/kobuki/build/ecl_exceptions/src/lib /home/lfvmu/kobuki/build/ecl_exceptions/src/lib/CMakeFiles/ecl_exceptions.dir/DependInfo.cmake --color=
[1.359s] make[2]: Leaving directory '/home/lfvmu/kobuki/build/ecl_exceptions'
[1.360s] /usr/bin/make -f src/lib/CMakeFiles/ecl_exceptions.dir/build.make src/lib/CMakeFiles/ecl_exceptions.dir/build
[1.360s] make[2]: Entering directory '/home/lfvmu/kobuki/build/ecl_exceptions'
[1.361s] make[2]: Nothing to be done for 'src/lib/CMakeFiles/ecl_exceptions.dir/build'.
[1.362s] make[2]: Leaving directory '/home/lfvmu/kobuki/build/ecl_exceptions'
[1.392s] [ 33%] Built target ecl_exceptions
[1.393s] /usr/bin/make -f src/examples/CMakeFiles/ecl_demo_exception_tracer.dir/build.make src/examples/CMakeFiles/ecl_demo_exception_tracer.dir/depend
[1.393s] /usr/bin/make -f src/examples/CMakeFiles/ecl_demo_exceptions.dir/build.make src/examples/CMakeFiles/ecl_demo_exceptions.dir/depend
[1.394s] make[2]: Entering directory '/home/lfvmu/kobuki/build/ecl_exceptions'
[1.394s] cd /home/lfvmu/kobuki/build/ecl_exceptions && /usr/bin/cmake -E cmake_depends "Unix Makefiles" /home/lfvmu/kobuki/src/ecl_core/ecl_exceptions /home/lfvmu/kobuki/src/ecl_core/ecl_exceptions/src/examples /home/lfvmu/kobuki/build/ecl_exceptions /home/lfvmu/kobuki/build/ecl_exceptions/src/examples /home/lfvmu/kobuki/build/ecl_exceptions/src/examples/CMakeFiles/ecl_demo_exception_tracer.dir/DependInfo.cmake --color=
[1.395s] make[2]: Entering directory '/home/lfvmu/kobuki/build/ecl_exceptions'
[1.395s] cd /home/lfvmu/kobuki/build/ecl_exceptions && /usr/bin/cmake -E cmake_depends "Unix Makefiles" /home/lfvmu/kobuki/src/ecl_core/ecl_exceptions /home/lfvmu/kobuki/src/ecl_core/ecl_exceptions/src/examples /home/lfvmu/kobuki/build/ecl_exceptions /home/lfvmu/kobuki/build/ecl_exceptions/src/examples /home/lfvmu/kobuki/build/ecl_exceptions/src/examples/CMakeFiles/ecl_demo_exceptions.dir/DependInfo.cmake --color=
[1.414s] make[2]: Leaving directory '/home/lfvmu/kobuki/build/ecl_exceptions'
[1.416s] /usr/bin/make -f src/examples/CMakeFiles/ecl_demo_exceptions.dir/build.make src/examples/CMakeFiles/ecl_demo_exceptions.dir/build
[1.419s] make[2]: Entering directory '/home/lfvmu/kobuki/build/ecl_exceptions'
[1.419s] make[2]: Nothing to be done for 'src/examples/CMakeFiles/ecl_demo_exceptions.dir/build'.
[1.419s] make[2]: Leaving directory '/home/lfvmu/kobuki/build/ecl_exceptions'
[1.420s] make[2]: Leaving directory '/home/lfvmu/kobuki/build/ecl_exceptions'
[1.420s] /usr/bin/make -f src/examples/CMakeFiles/ecl_demo_exception_tracer.dir/build.make src/examples/CMakeFiles/ecl_demo_exception_tracer.dir/build
[1.423s] make[2]: Entering directory '/home/lfvmu/kobuki/build/ecl_exceptions'
[1.424s] make[2]: Nothing to be done for 'src/examples/CMakeFiles/ecl_demo_exception_tracer.dir/build'.
[1.424s] make[2]: Leaving directory '/home/lfvmu/kobuki/build/ecl_exceptions'
[1.441s] [ 66%] Built target ecl_demo_exceptions
[1.454s] [100%] Built target ecl_demo_exception_tracer
[1.456s] make[1]: Leaving directory '/home/lfvmu/kobuki/build/ecl_exceptions'
[1.457s] /usr/bin/cmake -E cmake_progress_start /home/lfvmu/kobuki/build/ecl_exceptions/CMakeFiles 0
[1.751s] Invoked command in '/home/lfvmu/kobuki/build/ecl_exceptions' returned '0': /usr/bin/cmake --build /home/lfvmu/kobuki/build/ecl_exceptions -- -j4 -l4
[1.908s] Invoking command in '/home/lfvmu/kobuki/build/ecl_exceptions': /usr/bin/cmake --install /home/lfvmu/kobuki/build/ecl_exceptions
[1.944s] -- Install configuration: "RelWithDebInfo"
[1.945s] -- Up-to-date: /home/lfvmu/kobuki/install/share/ecl_exceptions/environment/library_path.sh
[1.946s] -- Installing: /home/lfvmu/kobuki/install/share/ecl_exceptions/environment/library_path.dsv
[1.947s] -- Up-to-date: /home/lfvmu/kobuki/install/share/ament_index/resource_index/package_run_dependencies/ecl_exceptions
[1.948s] -- Up-to-date: /home/lfvmu/kobuki/install/share/ament_index/resource_index/parent_prefix_path/ecl_exceptions
[1.949s] -- Up-to-date: /home/lfvmu/kobuki/install/share/ecl_exceptions/environment/ament_prefix_path.sh
[1.951s] -- Installing: /home/lfvmu/kobuki/install/share/ecl_exceptions/environment/ament_prefix_path.dsv
[1.952s] -- Up-to-date: /home/lfvmu/kobuki/install/share/ecl_exceptions/environment/path.sh
[1.952s] -- Installing: /home/lfvmu/kobuki/install/share/ecl_exceptions/environment/path.dsv
[1.953s] -- Up-to-date: /home/lfvmu/kobuki/install/share/ecl_exceptions/local_setup.bash
[1.955s] -- Up-to-date: /home/lfvmu/kobuki/install/share/ecl_exceptions/local_setup.sh
[1.955s] -- Up-to-date: /home/lfvmu/kobuki/install/share/ecl_exceptions/local_setup.zsh
[1.956s] -- Installing: /home/lfvmu/kobuki/install/share/ecl_exceptions/local_setup.dsv
[1.956s] -- Installing: /home/lfvmu/kobuki/install/share/ecl_exceptions/package.dsv
[1.957s] -- Up-to-date: /home/lfvmu/kobuki/install/share/ament_index/resource_index/packages/ecl_exceptions
[1.957s] -- Up-to-date: /home/lfvmu/kobuki/install/share/ecl_exceptions/cmake/ecl_exceptionsExport.cmake
[1.958s] -- Installing: /home/lfvmu/kobuki/install/share/ecl_exceptions/cmake/ecl_exceptionsExport-relwithdebinfo.cmake
[1.962s] -- Up-to-date: /home/lfvmu/kobuki/install/share/ecl_exceptions/cmake/ament_cmake_export_targets-extras.cmake
[1.963s] -- Up-to-date: /home/lfvmu/kobuki/install/share/ecl_exceptions/cmake/ament_cmake_export_include_directories-extras.cmake
[1.963s] -- Up-to-date: /home/lfvmu/kobuki/install/share/ecl_exceptions/cmake/ament_cmake_export_libraries-extras.cmake
[1.963s] -- Up-to-date: /home/lfvmu/kobuki/install/share/ecl_exceptions/cmake/ament_cmake_export_dependencies-extras.cmake
[1.971s] -- Up-to-date: /home/lfvmu/kobuki/install/share/ecl_exceptions/cmake/ecl_exceptionsConfig.cmake
[1.981s] -- Up-to-date: /home/lfvmu/kobuki/install/share/ecl_exceptions/cmake/ecl_exceptionsConfig-version.cmake
[1.982s] -- Up-to-date: /home/lfvmu/kobuki/install/share/ecl_exceptions/package.xml
[1.983s] -- Up-to-date: /home/lfvmu/kobuki/install/include/ecl/exceptions.hpp
[1.984s] -- Up-to-date: /home/lfvmu/kobuki/install/include/ecl/exceptions/data_exception.hpp
[1.984s] -- Up-to-date: /home/lfvmu/kobuki/install/include/ecl/exceptions/exception.hpp
[1.985s] -- Up-to-date: /home/lfvmu/kobuki/install/include/ecl/exceptions/macros.hpp
[1.985s] -- Up-to-date: /home/lfvmu/kobuki/install/include/ecl/exceptions/posix_error_handler.hpp
[1.985s] -- Up-to-date: /home/lfvmu/kobuki/install/include/ecl/exceptions/standard_exception.hpp
[1.985s] -- Up-to-date: /home/lfvmu/kobuki/install/lib/libecl_exceptions.so.1.2.1
[1.986s] -- Up-to-date: /home/lfvmu/kobuki/install/lib/libecl_exceptions.so
[1.988s] -- Up-to-date: /home/lfvmu/kobuki/install/lib/ecl_exceptions/demo_exceptions
[1.989s] -- Up-to-date: /home/lfvmu/kobuki/install/lib/ecl_exceptions/demo_exception_tracer
[2.004s] Invoked command in '/home/lfvmu/kobuki/build/ecl_exceptions' returned '0': /usr/bin/cmake --install /home/lfvmu/kobuki/build/ecl_exceptions
