[0.247s] Invoking command in '/home/lfvmu/kobuki/build/ament_cmake_cppcheck': AMENT_PREFIX_PATH=/home/lfvmu/kobuki/install CMAKE_PREFIX_PATH=/home/lfvmu/kobuki/install LD_LIBRARY_PATH=/home/lfvmu/kobuki/install/lib PATH=/home/lfvmu/kobuki/install/bin:${PATH} PYTHONPATH=/home/lfvmu/kobuki/install/lib/python3.8/site-packages /usr/bin/cmake /home/lfvmu/kobuki/src/ament_lint/ament_cmake_cppcheck -DBUILD_TESTING=OFF --no-warn-unused-cli -DCMAKE_INSTALL_PREFIX=/home/lfvmu/kobuki/install
[0.273s] Not searching for unused variables given on the command line.
[0.278s] -- Found ament_cmake_core: 0.9.11 (/home/lfvmu/kobuki/install/share/ament_cmake_core/cmake)
[0.323s] -- Using PYTHON_EXECUTABLE: /usr/bin/python3
[0.670s] -- Found ament_cmake_test: 0.9.11 (/home/lfvmu/kobuki/install/share/ament_cmake_test/cmake)
[0.835s] -- Configuring done
[0.852s] -- Generating done
[0.852s] -- Build files have been written to: /home/lfvmu/kobuki/build/ament_cmake_cppcheck
[0.998s] Invoked command in '/home/lfvmu/kobuki/build/ament_cmake_cppcheck' returned '0': AMENT_PREFIX_PATH=/home/lfvmu/kobuki/install CMAKE_PREFIX_PATH=/home/lfvmu/kobuki/install LD_LIBRARY_PATH=/home/lfvmu/kobuki/install/lib PATH=/home/lfvmu/kobuki/install/bin:${PATH} PYTHONPATH=/home/lfvmu/kobuki/install/lib/python3.8/site-packages /usr/bin/cmake /home/lfvmu/kobuki/src/ament_lint/ament_cmake_cppcheck -DBUILD_TESTING=OFF --no-warn-unused-cli -DCMAKE_INSTALL_PREFIX=/home/lfvmu/kobuki/install
[1.003s] Invoking command in '/home/lfvmu/kobuki/build/ament_cmake_cppcheck': AMENT_PREFIX_PATH=/home/lfvmu/kobuki/install CMAKE_PREFIX_PATH=/home/lfvmu/kobuki/install LD_LIBRARY_PATH=/home/lfvmu/kobuki/install/lib PATH=/home/lfvmu/kobuki/install/bin:${PATH} PYTHONPATH=/home/lfvmu/kobuki/install/lib/python3.8/site-packages /usr/bin/cmake --build /home/lfvmu/kobuki/build/ament_cmake_cppcheck -- -j4 -l4
[1.227s] Invoked command in '/home/lfvmu/kobuki/build/ament_cmake_cppcheck' returned '0': AMENT_PREFIX_PATH=/home/lfvmu/kobuki/install CMAKE_PREFIX_PATH=/home/lfvmu/kobuki/install LD_LIBRARY_PATH=/home/lfvmu/kobuki/install/lib PATH=/home/lfvmu/kobuki/install/bin:${PATH} PYTHONPATH=/home/lfvmu/kobuki/install/lib/python3.8/site-packages /usr/bin/cmake --build /home/lfvmu/kobuki/build/ament_cmake_cppcheck -- -j4 -l4
[1.465s] Invoking command in '/home/lfvmu/kobuki/build/ament_cmake_cppcheck': AMENT_PREFIX_PATH=/home/lfvmu/kobuki/install CMAKE_PREFIX_PATH=/home/lfvmu/kobuki/install LD_LIBRARY_PATH=/home/lfvmu/kobuki/install/lib PATH=/home/lfvmu/kobuki/install/bin:${PATH} PYTHONPATH=/home/lfvmu/kobuki/install/lib/python3.8/site-packages /usr/bin/cmake --install /home/lfvmu/kobuki/build/ament_cmake_cppcheck
[1.499s] -- Install configuration: ""
[1.500s] -- Up-to-date: /home/lfvmu/kobuki/install/share/ament_index/resource_index/package_run_dependencies/ament_cmake_cppcheck
[1.501s] -- Up-to-date: /home/lfvmu/kobuki/install/share/ament_index/resource_index/parent_prefix_path/ament_cmake_cppcheck
[1.501s] -- Up-to-date: /home/lfvmu/kobuki/install/share/ament_cmake_cppcheck/environment/ament_prefix_path.sh
[1.502s] -- Installing: /home/lfvmu/kobuki/install/share/ament_cmake_cppcheck/environment/ament_prefix_path.dsv
[1.502s] -- Up-to-date: /home/lfvmu/kobuki/install/share/ament_cmake_cppcheck/environment/path.sh
[1.502s] -- Installing: /home/lfvmu/kobuki/install/share/ament_cmake_cppcheck/environment/path.dsv
[1.502s] -- Up-to-date: /home/lfvmu/kobuki/install/share/ament_cmake_cppcheck/local_setup.bash
[1.503s] -- Up-to-date: /home/lfvmu/kobuki/install/share/ament_cmake_cppcheck/local_setup.sh
[1.503s] -- Up-to-date: /home/lfvmu/kobuki/install/share/ament_cmake_cppcheck/local_setup.zsh
[1.503s] -- Installing: /home/lfvmu/kobuki/install/share/ament_cmake_cppcheck/local_setup.dsv
[1.504s] -- Installing: /home/lfvmu/kobuki/install/share/ament_cmake_cppcheck/package.dsv
[1.505s] -- Up-to-date: /home/lfvmu/kobuki/install/share/ament_index/resource_index/packages/ament_cmake_cppcheck
[1.505s] -- Up-to-date: /home/lfvmu/kobuki/install/share/ament_cmake_cppcheck/cmake/ament_cmake_cppcheck-extras.cmake
[1.505s] -- Up-to-date: /home/lfvmu/kobuki/install/share/ament_cmake_cppcheck/cmake/ament_cmake_cppcheckConfig.cmake
[1.505s] -- Up-to-date: /home/lfvmu/kobuki/install/share/ament_cmake_cppcheck/cmake/ament_cmake_cppcheckConfig-version.cmake
[1.505s] -- Up-to-date: /home/lfvmu/kobuki/install/share/ament_cmake_cppcheck/package.xml
[1.506s] -- Up-to-date: /home/lfvmu/kobuki/install/share/ament_cmake_cppcheck/cmake
[1.506s] -- Up-to-date: /home/lfvmu/kobuki/install/share/ament_cmake_cppcheck/cmake/ament_cmake_cppcheck_lint_hook.cmake
[1.506s] -- Up-to-date: /home/lfvmu/kobuki/install/share/ament_cmake_cppcheck/cmake/ament_cppcheck.cmake
[1.705s] Invoked command in '/home/lfvmu/kobuki/build/ament_cmake_cppcheck' returned '0': AMENT_PREFIX_PATH=/home/lfvmu/kobuki/install CMAKE_PREFIX_PATH=/home/lfvmu/kobuki/install LD_LIBRARY_PATH=/home/lfvmu/kobuki/install/lib PATH=/home/lfvmu/kobuki/install/bin:${PATH} PYTHONPATH=/home/lfvmu/kobuki/install/lib/python3.8/site-packages /usr/bin/cmake --install /home/lfvmu/kobuki/build/ament_cmake_cppcheck
