[0.099s] Invoking command in '/home/lfvmu/kobuki/build/ament_cmake_lint_cmake': /usr/bin/cmake /home/lfvmu/kobuki/src/ament_lint/ament_cmake_lint_cmake -DBUILD_TESTING=OFF -DCMAKE_BUILD_TYPE=RelWithDebInfo -DCMAKE_INSTALL_PREFIX=/home/lfvmu/kobuki/install
[0.122s] -- Found ament_cmake_core: 0.9.11 (/home/lfvmu/kobuki/install/share/ament_cmake_core/cmake)
[0.162s] -- Using PYTHON_EXECUTABLE: /usr/bin/python3
[0.521s] -- Found ament_cmake_test: 0.9.11 (/home/lfvmu/kobuki/install/share/ament_cmake_test/cmake)
[0.690s] -- Configuring done
[0.697s] -- Generating done
[0.700s] -- Build files have been written to: /home/lfvmu/kobuki/build/ament_cmake_lint_cmake
[1.080s] Invoked command in '/home/lfvmu/kobuki/build/ament_cmake_lint_cmake' returned '0': /usr/bin/cmake /home/lfvmu/kobuki/src/ament_lint/ament_cmake_lint_cmake -DBUILD_TESTING=OFF -DCMAKE_BUILD_TYPE=RelWithDebInfo -DCMAKE_INSTALL_PREFIX=/home/lfvmu/kobuki/install
[1.082s] Invoking command in '/home/lfvmu/kobuki/build/ament_cmake_lint_cmake': /usr/bin/cmake --build /home/lfvmu/kobuki/build/ament_cmake_lint_cmake -- -j4 -l4
[1.328s] Invoked command in '/home/lfvmu/kobuki/build/ament_cmake_lint_cmake' returned '0': /usr/bin/cmake --build /home/lfvmu/kobuki/build/ament_cmake_lint_cmake -- -j4 -l4
[2.309s] Invoking command in '/home/lfvmu/kobuki/build/ament_cmake_lint_cmake': /usr/bin/cmake --install /home/lfvmu/kobuki/build/ament_cmake_lint_cmake
[2.335s] -- Install configuration: "RelWithDebInfo"
[2.335s] -- Up-to-date: /home/lfvmu/kobuki/install/share/ament_index/resource_index/package_run_dependencies/ament_cmake_lint_cmake
[2.335s] -- Up-to-date: /home/lfvmu/kobuki/install/share/ament_index/resource_index/parent_prefix_path/ament_cmake_lint_cmake
[2.336s] -- Up-to-date: /home/lfvmu/kobuki/install/share/ament_cmake_lint_cmake/environment/ament_prefix_path.sh
[2.336s] -- Installing: /home/lfvmu/kobuki/install/share/ament_cmake_lint_cmake/environment/ament_prefix_path.dsv
[2.336s] -- Up-to-date: /home/lfvmu/kobuki/install/share/ament_cmake_lint_cmake/environment/path.sh
[2.336s] -- Installing: /home/lfvmu/kobuki/install/share/ament_cmake_lint_cmake/environment/path.dsv
[2.336s] -- Up-to-date: /home/lfvmu/kobuki/install/share/ament_cmake_lint_cmake/local_setup.bash
[2.337s] -- Up-to-date: /home/lfvmu/kobuki/install/share/ament_cmake_lint_cmake/local_setup.sh
[2.337s] -- Up-to-date: /home/lfvmu/kobuki/install/share/ament_cmake_lint_cmake/local_setup.zsh
[2.337s] -- Installing: /home/lfvmu/kobuki/install/share/ament_cmake_lint_cmake/local_setup.dsv
[2.337s] -- Installing: /home/lfvmu/kobuki/install/share/ament_cmake_lint_cmake/package.dsv
[2.338s] -- Up-to-date: /home/lfvmu/kobuki/install/share/ament_index/resource_index/packages/ament_cmake_lint_cmake
[2.338s] -- Up-to-date: /home/lfvmu/kobuki/install/share/ament_cmake_lint_cmake/cmake/ament_cmake_lint_cmake-extras.cmake
[2.338s] -- Up-to-date: /home/lfvmu/kobuki/install/share/ament_cmake_lint_cmake/cmake/ament_cmake_lint_cmakeConfig.cmake
[2.338s] -- Up-to-date: /home/lfvmu/kobuki/install/share/ament_cmake_lint_cmake/cmake/ament_cmake_lint_cmakeConfig-version.cmake
[2.339s] -- Up-to-date: /home/lfvmu/kobuki/install/share/ament_cmake_lint_cmake/package.xml
[2.339s] -- Up-to-date: /home/lfvmu/kobuki/install/share/ament_cmake_lint_cmake/cmake
[2.339s] -- Up-to-date: /home/lfvmu/kobuki/install/share/ament_cmake_lint_cmake/cmake/ament_lint_cmake.cmake
[2.339s] -- Up-to-date: /home/lfvmu/kobuki/install/share/ament_cmake_lint_cmake/cmake/ament_cmake_lint_cmake_lint_hook.cmake
[2.573s] Invoked command in '/home/lfvmu/kobuki/build/ament_cmake_lint_cmake' returned '0': /usr/bin/cmake --install /home/lfvmu/kobuki/build/ament_cmake_lint_cmake
