[0.298s] Invoking command in '/home/lfvmu/kobuki/build/ecl_type_traits': /usr/bin/cmake /home/lfvmu/kobuki/src/ecl_core/ecl_type_traits -DBUILD_TESTING=OFF -DCMAKE_BUILD_TYPE=RelWithDebInfo -DCMAKE_INSTALL_PREFIX=/home/lfvmu/kobuki/install
[0.355s] -- Found ament_cmake_ros: 0.9.2 (/home/lfvmu/kobuki/install/share/ament_cmake_ros/cmake)
[0.390s] -- Using PYTHON_EXECUTABLE: /usr/bin/python3
[0.793s] -- Found ecl_build: 1.0.3 (/home/lfvmu/kobuki/install/share/ecl_build/cmake)
[0.794s] -- Found ecl_config: 1.1.0 (/home/lfvmu/kobuki/install/share/ecl_config/cmake)
[0.800s] -- Found ecl_mpl: 1.2.1 (/home/lfvmu/kobuki/install/share/ecl_mpl/cmake)
[0.979s] -- Configuring done
[1.022s] -- Generating done
[1.029s] -- Build files have been written to: /home/lfvmu/kobuki/build/ecl_type_traits
[1.039s] Invoked command in '/home/lfvmu/kobuki/build/ecl_type_traits' returned '0': /usr/bin/cmake /home/lfvmu/kobuki/src/ecl_core/ecl_type_traits -DBUILD_TESTING=OFF -DCMAKE_BUILD_TYPE=RelWithDebInfo -DCMAKE_INSTALL_PREFIX=/home/lfvmu/kobuki/install
[1.045s] Invoking command in '/home/lfvmu/kobuki/build/ecl_type_traits': /usr/bin/cmake --build /home/lfvmu/kobuki/build/ecl_type_traits -- -j4 -l4
[1.225s] [ 50%] Built target ecl_type_traits
[1.275s] [100%] Built target ecl_detect_sizes
[1.302s] Invoked command in '/home/lfvmu/kobuki/build/ecl_type_traits' returned '0': /usr/bin/cmake --build /home/lfvmu/kobuki/build/ecl_type_traits -- -j4 -l4
[1.579s] Invoking command in '/home/lfvmu/kobuki/build/ecl_type_traits': /usr/bin/cmake --install /home/lfvmu/kobuki/build/ecl_type_traits
[1.598s] -- Install configuration: "RelWithDebInfo"
[1.598s] -- Up-to-date: /home/lfvmu/kobuki/install/share/ecl_type_traits/environment/library_path.sh
[1.598s] -- Installing: /home/lfvmu/kobuki/install/share/ecl_type_traits/environment/library_path.dsv
[1.599s] -- Up-to-date: /home/lfvmu/kobuki/install/share/ament_index/resource_index/package_run_dependencies/ecl_type_traits
[1.599s] -- Up-to-date: /home/lfvmu/kobuki/install/share/ament_index/resource_index/parent_prefix_path/ecl_type_traits
[1.599s] -- Up-to-date: /home/lfvmu/kobuki/install/share/ecl_type_traits/environment/ament_prefix_path.sh
[1.599s] -- Installing: /home/lfvmu/kobuki/install/share/ecl_type_traits/environment/ament_prefix_path.dsv
[1.600s] -- Up-to-date: /home/lfvmu/kobuki/install/share/ecl_type_traits/environment/path.sh
[1.600s] -- Installing: /home/lfvmu/kobuki/install/share/ecl_type_traits/environment/path.dsv
[1.601s] -- Up-to-date: /home/lfvmu/kobuki/install/share/ecl_type_traits/local_setup.bash
[1.601s] -- Up-to-date: /home/lfvmu/kobuki/install/share/ecl_type_traits/local_setup.sh
[1.601s] -- Up-to-date: /home/lfvmu/kobuki/install/share/ecl_type_traits/local_setup.zsh
[1.601s] -- Installing: /home/lfvmu/kobuki/install/share/ecl_type_traits/local_setup.dsv
[1.603s] -- Installing: /home/lfvmu/kobuki/install/share/ecl_type_traits/package.dsv
[1.603s] -- Up-to-date: /home/lfvmu/kobuki/install/share/ament_index/resource_index/packages/ecl_type_traits
[1.604s] -- Up-to-date: /home/lfvmu/kobuki/install/share/ecl_type_traits/cmake/ecl_type_traitsExport.cmake
[1.604s] -- Installing: /home/lfvmu/kobuki/install/share/ecl_type_traits/cmake/ecl_type_traitsExport-relwithdebinfo.cmake
[1.604s] -- Up-to-date: /home/lfvmu/kobuki/install/share/ecl_type_traits/cmake/ament_cmake_export_targets-extras.cmake
[1.604s] -- Up-to-date: /home/lfvmu/kobuki/install/share/ecl_type_traits/cmake/ament_cmake_export_include_directories-extras.cmake
[1.605s] -- Up-to-date: /home/lfvmu/kobuki/install/share/ecl_type_traits/cmake/ament_cmake_export_libraries-extras.cmake
[1.605s] -- Up-to-date: /home/lfvmu/kobuki/install/share/ecl_type_traits/cmake/ament_cmake_export_dependencies-extras.cmake
[1.606s] -- Up-to-date: /home/lfvmu/kobuki/install/share/ecl_type_traits/cmake/ecl_type_traitsConfig.cmake
[1.606s] -- Up-to-date: /home/lfvmu/kobuki/install/share/ecl_type_traits/cmake/ecl_type_traitsConfig-version.cmake
[1.606s] -- Up-to-date: /home/lfvmu/kobuki/install/share/ecl_type_traits/package.xml
[1.606s] -- Up-to-date: /home/lfvmu/kobuki/install/include/ecl/type_traits.hpp
[1.607s] -- Up-to-date: /home/lfvmu/kobuki/install/include/ecl/type_traits/fundamental_types.hpp
[1.607s] -- Up-to-date: /home/lfvmu/kobuki/install/include/ecl/type_traits/macros.hpp
[1.608s] -- Up-to-date: /home/lfvmu/kobuki/install/include/ecl/type_traits/numeric_limits.hpp
[1.608s] -- Up-to-date: /home/lfvmu/kobuki/install/include/ecl/type_traits/traits.hpp
[1.609s] -- Up-to-date: /home/lfvmu/kobuki/install/lib/libecl_type_traits.so.1.2.1
[1.609s] -- Up-to-date: /home/lfvmu/kobuki/install/lib/libecl_type_traits.so
[1.610s] -- Up-to-date: /home/lfvmu/kobuki/install/bin/ecl_detect_sizes
[1.620s] Invoked command in '/home/lfvmu/kobuki/build/ecl_type_traits' returned '0': /usr/bin/cmake --install /home/lfvmu/kobuki/build/ecl_type_traits
