[0.097s] Invoking command in '/home/lfvmu/kobuki/build/ament_cmake_pycodestyle': /usr/bin/cmake /home/lfvmu/kobuki/src/ament_lint/ament_cmake_pycodestyle -DBUILD_TESTING=OFF -DCMAKE_INSTALL_PREFIX=/home/lfvmu/kobuki/install
[0.114s] Re-run cmake no build system arguments
[0.120s] -- Found ament_cmake_core: 0.9.11 (/home/lfvmu/kobuki/install/share/ament_cmake_core/cmake)
[0.168s] -- Using PYTHON_EXECUTABLE: /usr/bin/python3
[0.484s] -- Found ament_cmake_test: 0.9.11 (/home/lfvmu/kobuki/install/share/ament_cmake_test/cmake)
[0.610s] -- Configuring done
[0.629s] -- Generating done
[0.633s] -- Build files have been written to: /home/lfvmu/kobuki/build/ament_cmake_pycodestyle
[0.712s] Invoked command in '/home/lfvmu/kobuki/build/ament_cmake_pycodestyle' returned '0': /usr/bin/cmake /home/lfvmu/kobuki/src/ament_lint/ament_cmake_pycodestyle -DBUILD_TESTING=OFF -DCMAKE_INSTALL_PREFIX=/home/lfvmu/kobuki/install
[0.721s] Invoking command in '/home/lfvmu/kobuki/build/ament_cmake_pycodestyle': /usr/bin/cmake --build /home/lfvmu/kobuki/build/ament_cmake_pycodestyle -- -j4 -l4
[0.763s] /usr/bin/cmake -S/home/lfvmu/kobuki/src/ament_lint/ament_cmake_pycodestyle -B/home/lfvmu/kobuki/build/ament_cmake_pycodestyle --check-build-system CMakeFiles/Makefile.cmake 0
[0.799s] /usr/bin/cmake -E cmake_progress_start /home/lfvmu/kobuki/build/ament_cmake_pycodestyle/CMakeFiles /home/lfvmu/kobuki/build/ament_cmake_pycodestyle/CMakeFiles/progress.marks
[0.817s] /usr/bin/make -f CMakeFiles/Makefile2 all
[0.824s] make[1]: Entering directory '/home/lfvmu/kobuki/build/ament_cmake_pycodestyle'
[0.825s] make[1]: Nothing to be done for 'all'.
[0.828s] make[1]: Leaving directory '/home/lfvmu/kobuki/build/ament_cmake_pycodestyle'
[0.828s] /usr/bin/cmake -E cmake_progress_start /home/lfvmu/kobuki/build/ament_cmake_pycodestyle/CMakeFiles 0
[0.988s] Invoked command in '/home/lfvmu/kobuki/build/ament_cmake_pycodestyle' returned '0': /usr/bin/cmake --build /home/lfvmu/kobuki/build/ament_cmake_pycodestyle -- -j4 -l4
[1.357s] Invoking command in '/home/lfvmu/kobuki/build/ament_cmake_pycodestyle': /usr/bin/cmake --install /home/lfvmu/kobuki/build/ament_cmake_pycodestyle
[1.432s] -- Install configuration: "RelWithDebInfo"
[1.432s] -- Up-to-date: /home/lfvmu/kobuki/install/share/ament_index/resource_index/package_run_dependencies/ament_cmake_pycodestyle
[1.432s] -- Up-to-date: /home/lfvmu/kobuki/install/share/ament_index/resource_index/parent_prefix_path/ament_cmake_pycodestyle
[1.433s] -- Up-to-date: /home/lfvmu/kobuki/install/share/ament_cmake_pycodestyle/environment/ament_prefix_path.sh
[1.433s] -- Installing: /home/lfvmu/kobuki/install/share/ament_cmake_pycodestyle/environment/ament_prefix_path.dsv
[1.445s] -- Up-to-date: /home/lfvmu/kobuki/install/share/ament_cmake_pycodestyle/environment/path.sh
[1.451s] -- Installing: /home/lfvmu/kobuki/install/share/ament_cmake_pycodestyle/environment/path.dsv
[1.457s] -- Up-to-date: /home/lfvmu/kobuki/install/share/ament_cmake_pycodestyle/local_setup.bash
[1.471s] -- Up-to-date: /home/lfvmu/kobuki/install/share/ament_cmake_pycodestyle/local_setup.sh
[1.471s] -- Up-to-date: /home/lfvmu/kobuki/install/share/ament_cmake_pycodestyle/local_setup.zsh
[1.471s] -- Installing: /home/lfvmu/kobuki/install/share/ament_cmake_pycodestyle/local_setup.dsv
[1.472s] -- Installing: /home/lfvmu/kobuki/install/share/ament_cmake_pycodestyle/package.dsv
[1.472s] -- Up-to-date: /home/lfvmu/kobuki/install/share/ament_index/resource_index/packages/ament_cmake_pycodestyle
[1.472s] -- Up-to-date: /home/lfvmu/kobuki/install/share/ament_cmake_pycodestyle/cmake/ament_cmake_pycodestyle-extras.cmake
[1.473s] -- Up-to-date: /home/lfvmu/kobuki/install/share/ament_cmake_pycodestyle/cmake/ament_cmake_pycodestyleConfig.cmake
[1.473s] -- Up-to-date: /home/lfvmu/kobuki/install/share/ament_cmake_pycodestyle/cmake/ament_cmake_pycodestyleConfig-version.cmake
[1.474s] -- Up-to-date: /home/lfvmu/kobuki/install/share/ament_cmake_pycodestyle/package.xml
[1.474s] -- Up-to-date: /home/lfvmu/kobuki/install/share/ament_cmake_pycodestyle/cmake
[1.474s] -- Up-to-date: /home/lfvmu/kobuki/install/share/ament_cmake_pycodestyle/cmake/ament_cmake_pycodestyle_lint_hook.cmake
[1.474s] -- Up-to-date: /home/lfvmu/kobuki/install/share/ament_cmake_pycodestyle/cmake/ament_pycodestyle.cmake
[1.674s] Invoked command in '/home/lfvmu/kobuki/build/ament_cmake_pycodestyle' returned '0': /usr/bin/cmake --install /home/lfvmu/kobuki/build/ament_cmake_pycodestyle
