[0.275s] Invoking command in '/home/lfvmu/kobuki/build/ecl_core_apps': AMENT_PREFIX_PATH=/home/lfvmu/kobuki/install CMAKE_PREFIX_PATH=/home/lfvmu/kobuki/install LD_LIBRARY_PATH=/home/lfvmu/kobuki/install/lib PATH=/home/lfvmu/kobuki/install/bin:${PATH} PKG_CONFIG_PATH=/home/lfvmu/kobuki/install/lib/x86_64-linux-gnu/pkgconfig:/home/lfvmu/kobuki/install/lib/pkgconfig PYTHONPATH=/home/lfvmu/kobuki/install/lib/python3.8/site-packages /usr/bin/cmake /home/lfvmu/kobuki/src/ecl_core/ecl_core_apps -DBUILD_TESTING=OFF -DCMAKE_INSTALL_PREFIX=/home/lfvmu/kobuki/install
[0.302s] Re-run cmake no build system arguments
[0.331s] -- Found ament_cmake_ros: 0.9.2 (/home/lfvmu/kobuki/install/share/ament_cmake_ros/cmake)
[0.381s] -- Using PYTHON_EXECUTABLE: /usr/bin/python3
[0.737s] -- Found ecl_build: 1.0.3 (/home/lfvmu/kobuki/install/share/ecl_build/cmake)
[0.760s] -- Found ecl_config: 1.1.0 (/home/lfvmu/kobuki/install/share/ecl_config/cmake)
[0.765s] -- Found ecl_linear_algebra: 1.2.1 (/home/lfvmu/kobuki/install/share/ecl_linear_algebra/cmake)
[0.878s] -- Found ecl_command_line: 1.2.1 (/home/lfvmu/kobuki/install/share/ecl_command_line/cmake)
[0.887s] -- Found ecl_containers: 1.2.1 (/home/lfvmu/kobuki/install/share/ecl_containers/cmake)
[0.918s] -- Found ecl_devices: 1.2.1 (/home/lfvmu/kobuki/install/share/ecl_devices/cmake)
[0.993s] -- Found ecl_geometry: 1.2.1 (/home/lfvmu/kobuki/install/share/ecl_geometry/cmake)
[1.022s] -- Found ecl_ipc: 1.2.1 (/home/lfvmu/kobuki/install/share/ecl_ipc/cmake)
[1.043s] -- Found ecl_sigslots: 1.2.1 (/home/lfvmu/kobuki/install/share/ecl_sigslots/cmake)
[1.054s] -- Found ecl_streams: 1.2.1 (/home/lfvmu/kobuki/install/share/ecl_streams/cmake)
[1.250s] -- Configuring done
[1.378s] -- Generating done
[1.392s] -- Build files have been written to: /home/lfvmu/kobuki/build/ecl_core_apps
[1.412s] Invoked command in '/home/lfvmu/kobuki/build/ecl_core_apps' returned '0': AMENT_PREFIX_PATH=/home/lfvmu/kobuki/install CMAKE_PREFIX_PATH=/home/lfvmu/kobuki/install LD_LIBRARY_PATH=/home/lfvmu/kobuki/install/lib PATH=/home/lfvmu/kobuki/install/bin:${PATH} PKG_CONFIG_PATH=/home/lfvmu/kobuki/install/lib/x86_64-linux-gnu/pkgconfig:/home/lfvmu/kobuki/install/lib/pkgconfig PYTHONPATH=/home/lfvmu/kobuki/install/lib/python3.8/site-packages /usr/bin/cmake /home/lfvmu/kobuki/src/ecl_core/ecl_core_apps -DBUILD_TESTING=OFF -DCMAKE_INSTALL_PREFIX=/home/lfvmu/kobuki/install
[1.419s] Invoking command in '/home/lfvmu/kobuki/build/ecl_core_apps': AMENT_PREFIX_PATH=/home/lfvmu/kobuki/install CMAKE_PREFIX_PATH=/home/lfvmu/kobuki/install LD_LIBRARY_PATH=/home/lfvmu/kobuki/install/lib PATH=/home/lfvmu/kobuki/install/bin:${PATH} PKG_CONFIG_PATH=/home/lfvmu/kobuki/install/lib/x86_64-linux-gnu/pkgconfig:/home/lfvmu/kobuki/install/lib/pkgconfig PYTHONPATH=/home/lfvmu/kobuki/install/lib/python3.8/site-packages /usr/bin/cmake --build /home/lfvmu/kobuki/build/ecl_core_apps -- -j4 -l4
[1.498s] /usr/bin/cmake -S/home/lfvmu/kobuki/src/ecl_core/ecl_core_apps -B/home/lfvmu/kobuki/build/ecl_core_apps --check-build-system CMakeFiles/Makefile.cmake 0
[1.509s] /usr/bin/cmake -E cmake_progress_start /home/lfvmu/kobuki/build/ecl_core_apps/CMakeFiles /home/lfvmu/kobuki/build/ecl_core_apps/CMakeFiles/progress.marks
[1.532s] /usr/bin/make -f CMakeFiles/Makefile2 all
[1.533s] make[1]: Entering directory '/home/lfvmu/kobuki/build/ecl_core_apps'
[1.533s] /usr/bin/make -f src/benchmarks/CMakeFiles/ecl_bench_snooze.dir/build.make src/benchmarks/CMakeFiles/ecl_bench_snooze.dir/depend
[1.533s] /usr/bin/make -f src/benchmarks/CMakeFiles/ecl_bench_string_conversions.dir/build.make src/benchmarks/CMakeFiles/ecl_bench_string_conversions.dir/depend
[1.534s] /usr/bin/make -f src/benchmarks/CMakeFiles/ecl_bench_files.dir/build.make src/benchmarks/CMakeFiles/ecl_bench_files.dir/depend
[1.536s] make[2]: Entering directory '/home/lfvmu/kobuki/build/ecl_core_apps'
[1.536s] cd /home/lfvmu/kobuki/build/ecl_core_apps && /usr/bin/cmake -E cmake_depends "Unix Makefiles" /home/lfvmu/kobuki/src/ecl_core/ecl_core_apps /home/lfvmu/kobuki/src/ecl_core/ecl_core_apps/src/benchmarks /home/lfvmu/kobuki/build/ecl_core_apps /home/lfvmu/kobuki/build/ecl_core_apps/src/benchmarks /home/lfvmu/kobuki/build/ecl_core_apps/src/benchmarks/CMakeFiles/ecl_bench_snooze.dir/DependInfo.cmake --color=
[1.554s] make[2]: Entering directory '/home/lfvmu/kobuki/build/ecl_core_apps'
[1.555s] cd /home/lfvmu/kobuki/build/ecl_core_apps && /usr/bin/cmake -E cmake_depends "Unix Makefiles" /home/lfvmu/kobuki/src/ecl_core/ecl_core_apps /home/lfvmu/kobuki/src/ecl_core/ecl_core_apps/src/benchmarks /home/lfvmu/kobuki/build/ecl_core_apps /home/lfvmu/kobuki/build/ecl_core_apps/src/benchmarks /home/lfvmu/kobuki/build/ecl_core_apps/src/benchmarks/CMakeFiles/ecl_bench_files.dir/DependInfo.cmake --color=
[1.556s] make[2]: Entering directory '/home/lfvmu/kobuki/build/ecl_core_apps'
[1.558s] cd /home/lfvmu/kobuki/build/ecl_core_apps && /usr/bin/cmake -E cmake_depends "Unix Makefiles" /home/lfvmu/kobuki/src/ecl_core/ecl_core_apps /home/lfvmu/kobuki/src/ecl_core/ecl_core_apps/src/benchmarks /home/lfvmu/kobuki/build/ecl_core_apps /home/lfvmu/kobuki/build/ecl_core_apps/src/benchmarks /home/lfvmu/kobuki/build/ecl_core_apps/src/benchmarks/CMakeFiles/ecl_bench_string_conversions.dir/DependInfo.cmake --color=
[1.578s] make[2]: Leaving directory '/home/lfvmu/kobuki/build/ecl_core_apps'
[1.578s] /usr/bin/make -f src/benchmarks/CMakeFiles/ecl_bench_snooze.dir/build.make src/benchmarks/CMakeFiles/ecl_bench_snooze.dir/build
[1.579s] make[2]: Leaving directory '/home/lfvmu/kobuki/build/ecl_core_apps'
[1.579s] /usr/bin/make -f src/benchmarks/CMakeFiles/ecl_bench_files.dir/build.make src/benchmarks/CMakeFiles/ecl_bench_files.dir/build
[1.585s] make[2]: Entering directory '/home/lfvmu/kobuki/build/ecl_core_apps'
[1.586s] make[2]: Nothing to be done for 'src/benchmarks/CMakeFiles/ecl_bench_files.dir/build'.
[1.587s] make[2]: Leaving directory '/home/lfvmu/kobuki/build/ecl_core_apps'
[1.587s] make[2]: Entering directory '/home/lfvmu/kobuki/build/ecl_core_apps'
[1.587s] make[2]: Nothing to be done for 'src/benchmarks/CMakeFiles/ecl_bench_snooze.dir/build'.
[1.587s] make[2]: Leaving directory '/home/lfvmu/kobuki/build/ecl_core_apps'
[1.600s] make[2]: Leaving directory '/home/lfvmu/kobuki/build/ecl_core_apps'
[1.605s] /usr/bin/make -f src/benchmarks/CMakeFiles/ecl_bench_string_conversions.dir/build.make src/benchmarks/CMakeFiles/ecl_bench_string_conversions.dir/build
[1.610s] make[2]: Entering directory '/home/lfvmu/kobuki/build/ecl_core_apps'
[1.611s] make[2]: Nothing to be done for 'src/benchmarks/CMakeFiles/ecl_bench_string_conversions.dir/build'.
[1.611s] make[2]: Leaving directory '/home/lfvmu/kobuki/build/ecl_core_apps'
[1.611s] [  5%] Built target ecl_bench_snooze
[1.612s] /usr/bin/make -f src/benchmarks/CMakeFiles/ecl_bench_exceptions.dir/build.make src/benchmarks/CMakeFiles/ecl_bench_exceptions.dir/depend
[1.612s] [ 11%] Built target ecl_bench_files
[1.613s] make[2]: Entering directory '/home/lfvmu/kobuki/build/ecl_core_apps'
[1.613s] cd /home/lfvmu/kobuki/build/ecl_core_apps && /usr/bin/cmake -E cmake_depends "Unix Makefiles" /home/lfvmu/kobuki/src/ecl_core/ecl_core_apps /home/lfvmu/kobuki/src/ecl_core/ecl_core_apps/src/benchmarks /home/lfvmu/kobuki/build/ecl_core_apps /home/lfvmu/kobuki/build/ecl_core_apps/src/benchmarks /home/lfvmu/kobuki/build/ecl_core_apps/src/benchmarks/CMakeFiles/ecl_bench_exceptions.dir/DependInfo.cmake --color=
[1.614s] /usr/bin/make -f src/benchmarks/CMakeFiles/ecl_bench_streams.dir/build.make src/benchmarks/CMakeFiles/ecl_bench_streams.dir/depend
[1.615s] make[2]: Entering directory '/home/lfvmu/kobuki/build/ecl_core_apps'
[1.615s] cd /home/lfvmu/kobuki/build/ecl_core_apps && /usr/bin/cmake -E cmake_depends "Unix Makefiles" /home/lfvmu/kobuki/src/ecl_core/ecl_core_apps /home/lfvmu/kobuki/src/ecl_core/ecl_core_apps/src/benchmarks /home/lfvmu/kobuki/build/ecl_core_apps /home/lfvmu/kobuki/build/ecl_core_apps/src/benchmarks /home/lfvmu/kobuki/build/ecl_core_apps/src/benchmarks/CMakeFiles/ecl_bench_streams.dir/DependInfo.cmake --color=
[1.629s] [ 17%] Built target ecl_bench_string_conversions
[1.629s] /usr/bin/make -f src/benchmarks/CMakeFiles/ecl_bench_eigen3_transforms.dir/build.make src/benchmarks/CMakeFiles/ecl_bench_eigen3_transforms.dir/depend
[1.635s] make[2]: Leaving directory '/home/lfvmu/kobuki/build/ecl_core_apps'
[1.636s] /usr/bin/make -f src/benchmarks/CMakeFiles/ecl_bench_exceptions.dir/build.make src/benchmarks/CMakeFiles/ecl_bench_exceptions.dir/build
[1.644s] make[2]: Entering directory '/home/lfvmu/kobuki/build/ecl_core_apps'
[1.644s] cd /home/lfvmu/kobuki/build/ecl_core_apps && /usr/bin/cmake -E cmake_depends "Unix Makefiles" /home/lfvmu/kobuki/src/ecl_core/ecl_core_apps /home/lfvmu/kobuki/src/ecl_core/ecl_core_apps/src/benchmarks /home/lfvmu/kobuki/build/ecl_core_apps /home/lfvmu/kobuki/build/ecl_core_apps/src/benchmarks /home/lfvmu/kobuki/build/ecl_core_apps/src/benchmarks/CMakeFiles/ecl_bench_eigen3_transforms.dir/DependInfo.cmake --color=
[1.656s] make[2]: Entering directory '/home/lfvmu/kobuki/build/ecl_core_apps'
[1.659s] make[2]: Nothing to be done for 'src/benchmarks/CMakeFiles/ecl_bench_exceptions.dir/build'.
[1.660s] make[2]: Leaving directory '/home/lfvmu/kobuki/build/ecl_core_apps'
[1.661s] make[2]: Leaving directory '/home/lfvmu/kobuki/build/ecl_core_apps'
[1.661s] /usr/bin/make -f src/benchmarks/CMakeFiles/ecl_bench_streams.dir/build.make src/benchmarks/CMakeFiles/ecl_bench_streams.dir/build
[1.670s] make[2]: Entering directory '/home/lfvmu/kobuki/build/ecl_core_apps'
[1.670s] make[2]: Nothing to be done for 'src/benchmarks/CMakeFiles/ecl_bench_streams.dir/build'.
[1.671s] make[2]: Leaving directory '/home/lfvmu/kobuki/build/ecl_core_apps'
[1.678s] make[2]: Leaving directory '/home/lfvmu/kobuki/build/ecl_core_apps'
[1.679s] /usr/bin/make -f src/benchmarks/CMakeFiles/ecl_bench_eigen3_transforms.dir/build.make src/benchmarks/CMakeFiles/ecl_bench_eigen3_transforms.dir/build
[1.683s] [ 23%] Built target ecl_bench_exceptions
[1.684s] /usr/bin/make -f src/benchmarks/CMakeFiles/ecl_bench_eigen3_inverse.dir/build.make src/benchmarks/CMakeFiles/ecl_bench_eigen3_inverse.dir/depend
[1.693s] make[2]: Entering directory '/home/lfvmu/kobuki/build/ecl_core_apps'
[1.693s] cd /home/lfvmu/kobuki/build/ecl_core_apps && /usr/bin/cmake -E cmake_depends "Unix Makefiles" /home/lfvmu/kobuki/src/ecl_core/ecl_core_apps /home/lfvmu/kobuki/src/ecl_core/ecl_core_apps/src/benchmarks /home/lfvmu/kobuki/build/ecl_core_apps /home/lfvmu/kobuki/build/ecl_core_apps/src/benchmarks /home/lfvmu/kobuki/build/ecl_core_apps/src/benchmarks/CMakeFiles/ecl_bench_eigen3_inverse.dir/DependInfo.cmake --color=
[1.696s] [ 29%] Built target ecl_bench_streams
[1.699s] /usr/bin/make -f src/benchmarks/CMakeFiles/ecl_bench_eigen3_decompositions.dir/build.make src/benchmarks/CMakeFiles/ecl_bench_eigen3_decompositions.dir/depend
[1.711s] make[2]: Entering directory '/home/lfvmu/kobuki/build/ecl_core_apps'
[1.711s] make[2]: Entering directory '/home/lfvmu/kobuki/build/ecl_core_apps'
[1.711s] make[2]: Nothing to be done for 'src/benchmarks/CMakeFiles/ecl_bench_eigen3_transforms.dir/build'.
[1.711s] make[2]: Leaving directory '/home/lfvmu/kobuki/build/ecl_core_apps'
[1.712s] cd /home/lfvmu/kobuki/build/ecl_core_apps && /usr/bin/cmake -E cmake_depends "Unix Makefiles" /home/lfvmu/kobuki/src/ecl_core/ecl_core_apps /home/lfvmu/kobuki/src/ecl_core/ecl_core_apps/src/benchmarks /home/lfvmu/kobuki/build/ecl_core_apps /home/lfvmu/kobuki/build/ecl_core_apps/src/benchmarks /home/lfvmu/kobuki/build/ecl_core_apps/src/benchmarks/CMakeFiles/ecl_bench_eigen3_decompositions.dir/DependInfo.cmake --color=
[1.727s] [ 35%] Built target ecl_bench_eigen3_transforms
[1.729s] /usr/bin/make -f src/benchmarks/CMakeFiles/ecl_bench_containers.dir/build.make src/benchmarks/CMakeFiles/ecl_bench_containers.dir/depend
[1.734s] make[2]: Leaving directory '/home/lfvmu/kobuki/build/ecl_core_apps'
[1.734s] /usr/bin/make -f src/benchmarks/CMakeFiles/ecl_bench_eigen3_inverse.dir/build.make src/benchmarks/CMakeFiles/ecl_bench_eigen3_inverse.dir/build
[1.735s] make[2]: Entering directory '/home/lfvmu/kobuki/build/ecl_core_apps'
[1.736s] cd /home/lfvmu/kobuki/build/ecl_core_apps && /usr/bin/cmake -E cmake_depends "Unix Makefiles" /home/lfvmu/kobuki/src/ecl_core/ecl_core_apps /home/lfvmu/kobuki/src/ecl_core/ecl_core_apps/src/benchmarks /home/lfvmu/kobuki/build/ecl_core_apps /home/lfvmu/kobuki/build/ecl_core_apps/src/benchmarks /home/lfvmu/kobuki/build/ecl_core_apps/src/benchmarks/CMakeFiles/ecl_bench_containers.dir/DependInfo.cmake --color=
[1.751s] make[2]: Leaving directory '/home/lfvmu/kobuki/build/ecl_core_apps'
[1.751s] /usr/bin/make -f src/benchmarks/CMakeFiles/ecl_bench_eigen3_decompositions.dir/build.make src/benchmarks/CMakeFiles/ecl_bench_eigen3_decompositions.dir/build
[1.799s] make[2]: Entering directory '/home/lfvmu/kobuki/build/ecl_core_apps'
[1.807s] make[2]: Nothing to be done for 'src/benchmarks/CMakeFiles/ecl_bench_eigen3_inverse.dir/build'.
[1.807s] make[2]: Leaving directory '/home/lfvmu/kobuki/build/ecl_core_apps'
[1.808s] make[2]: Leaving directory '/home/lfvmu/kobuki/build/ecl_core_apps'
[1.808s] /usr/bin/make -f src/benchmarks/CMakeFiles/ecl_bench_containers.dir/build.make src/benchmarks/CMakeFiles/ecl_bench_containers.dir/build
[1.808s] make[2]: Entering directory '/home/lfvmu/kobuki/build/ecl_core_apps'
[1.809s] make[2]: Nothing to be done for 'src/benchmarks/CMakeFiles/ecl_bench_eigen3_decompositions.dir/build'.
[1.809s] make[2]: Leaving directory '/home/lfvmu/kobuki/build/ecl_core_apps'
[1.809s] [ 41%] Built target ecl_bench_eigen3_inverse
[1.809s] /usr/bin/make -f src/benchmarks/CMakeFiles/ecl_bench_flops.dir/build.make src/benchmarks/CMakeFiles/ecl_bench_flops.dir/depend
[1.810s] make[2]: Entering directory '/home/lfvmu/kobuki/build/ecl_core_apps'
[1.810s] make[2]: Nothing to be done for 'src/benchmarks/CMakeFiles/ecl_bench_containers.dir/build'.
[1.810s] make[2]: Leaving directory '/home/lfvmu/kobuki/build/ecl_core_apps'
[1.810s] make[2]: Entering directory '/home/lfvmu/kobuki/build/ecl_core_apps'
[1.811s] cd /home/lfvmu/kobuki/build/ecl_core_apps && /usr/bin/cmake -E cmake_depends "Unix Makefiles" /home/lfvmu/kobuki/src/ecl_core/ecl_core_apps /home/lfvmu/kobuki/src/ecl_core/ecl_core_apps/src/benchmarks /home/lfvmu/kobuki/build/ecl_core_apps /home/lfvmu/kobuki/build/ecl_core_apps/src/benchmarks /home/lfvmu/kobuki/build/ecl_core_apps/src/benchmarks/CMakeFiles/ecl_bench_flops.dir/DependInfo.cmake --color=
[1.811s] [ 47%] Built target ecl_bench_eigen3_decompositions
[1.811s] /usr/bin/make -f src/utils/CMakeFiles/ecl_hex.dir/build.make src/utils/CMakeFiles/ecl_hex.dir/depend
[1.812s] make[2]: Entering directory '/home/lfvmu/kobuki/build/ecl_core_apps'
[1.812s] cd /home/lfvmu/kobuki/build/ecl_core_apps && /usr/bin/cmake -E cmake_depends "Unix Makefiles" /home/lfvmu/kobuki/src/ecl_core/ecl_core_apps /home/lfvmu/kobuki/src/ecl_core/ecl_core_apps/src/utils /home/lfvmu/kobuki/build/ecl_core_apps /home/lfvmu/kobuki/build/ecl_core_apps/src/utils /home/lfvmu/kobuki/build/ecl_core_apps/src/utils/CMakeFiles/ecl_hex.dir/DependInfo.cmake --color=
[1.812s] [ 52%] Built target ecl_bench_containers
[1.813s] /usr/bin/make -f src/utils/CMakeFiles/ecl_socket_server.dir/build.make src/utils/CMakeFiles/ecl_socket_server.dir/depend
[1.813s] make[2]: Entering directory '/home/lfvmu/kobuki/build/ecl_core_apps'
[1.813s] cd /home/lfvmu/kobuki/build/ecl_core_apps && /usr/bin/cmake -E cmake_depends "Unix Makefiles" /home/lfvmu/kobuki/src/ecl_core/ecl_core_apps /home/lfvmu/kobuki/src/ecl_core/ecl_core_apps/src/utils /home/lfvmu/kobuki/build/ecl_core_apps /home/lfvmu/kobuki/build/ecl_core_apps/src/utils /home/lfvmu/kobuki/build/ecl_core_apps/src/utils/CMakeFiles/ecl_socket_server.dir/DependInfo.cmake --color=
[1.820s] make[2]: Leaving directory '/home/lfvmu/kobuki/build/ecl_core_apps'
[1.821s] /usr/bin/make -f src/benchmarks/CMakeFiles/ecl_bench_flops.dir/build.make src/benchmarks/CMakeFiles/ecl_bench_flops.dir/build
[1.826s] make[2]: Entering directory '/home/lfvmu/kobuki/build/ecl_core_apps'
[1.826s] make[2]: Nothing to be done for 'src/benchmarks/CMakeFiles/ecl_bench_flops.dir/build'.
[1.826s] make[2]: Leaving directory '/home/lfvmu/kobuki/build/ecl_core_apps'
[1.848s] make[2]: Leaving directory '/home/lfvmu/kobuki/build/ecl_core_apps'
[1.849s] /usr/bin/make -f src/utils/CMakeFiles/ecl_hex.dir/build.make src/utils/CMakeFiles/ecl_hex.dir/build
[1.850s] make[2]: Leaving directory '/home/lfvmu/kobuki/build/ecl_core_apps'
[1.850s] /usr/bin/make -f src/utils/CMakeFiles/ecl_socket_server.dir/build.make src/utils/CMakeFiles/ecl_socket_server.dir/build
[1.852s] [ 58%] Built target ecl_bench_flops
[1.853s] /usr/bin/make -f src/utils/CMakeFiles/ecl_serial.dir/build.make src/utils/CMakeFiles/ecl_serial.dir/depend
[1.860s] make[2]: Entering directory '/home/lfvmu/kobuki/build/ecl_core_apps'
[1.867s] make[2]: Nothing to be done for 'src/utils/CMakeFiles/ecl_hex.dir/build'.
[1.867s] make[2]: Leaving directory '/home/lfvmu/kobuki/build/ecl_core_apps'
[1.868s] make[2]: Entering directory '/home/lfvmu/kobuki/build/ecl_core_apps'
[1.868s] cd /home/lfvmu/kobuki/build/ecl_core_apps && /usr/bin/cmake -E cmake_depends "Unix Makefiles" /home/lfvmu/kobuki/src/ecl_core/ecl_core_apps /home/lfvmu/kobuki/src/ecl_core/ecl_core_apps/src/utils /home/lfvmu/kobuki/build/ecl_core_apps /home/lfvmu/kobuki/build/ecl_core_apps/src/utils /home/lfvmu/kobuki/build/ecl_core_apps/src/utils/CMakeFiles/ecl_serial.dir/DependInfo.cmake --color=
[1.875s] make[2]: Entering directory '/home/lfvmu/kobuki/build/ecl_core_apps'
[1.876s] make[2]: Nothing to be done for 'src/utils/CMakeFiles/ecl_socket_server.dir/build'.
[1.876s] make[2]: Leaving directory '/home/lfvmu/kobuki/build/ecl_core_apps'
[1.896s] [ 64%] Built target ecl_hex
[1.896s] /usr/bin/make -f src/utils/CMakeFiles/ecl_process_statistics.dir/build.make src/utils/CMakeFiles/ecl_process_statistics.dir/depend
[1.896s] make[2]: Leaving directory '/home/lfvmu/kobuki/build/ecl_core_apps'
[1.897s] /usr/bin/make -f src/utils/CMakeFiles/ecl_serial.dir/build.make src/utils/CMakeFiles/ecl_serial.dir/build
[1.897s] make[2]: Entering directory '/home/lfvmu/kobuki/build/ecl_core_apps'
[1.897s] cd /home/lfvmu/kobuki/build/ecl_core_apps && /usr/bin/cmake -E cmake_depends "Unix Makefiles" /home/lfvmu/kobuki/src/ecl_core/ecl_core_apps /home/lfvmu/kobuki/src/ecl_core/ecl_core_apps/src/utils /home/lfvmu/kobuki/build/ecl_core_apps /home/lfvmu/kobuki/build/ecl_core_apps/src/utils /home/lfvmu/kobuki/build/ecl_core_apps/src/utils/CMakeFiles/ecl_process_statistics.dir/DependInfo.cmake --color=
[1.898s] [ 70%] Built target ecl_socket_server
[1.901s] make[2]: Entering directory '/home/lfvmu/kobuki/build/ecl_core_apps'
[1.901s] make[2]: Nothing to be done for 'src/utils/CMakeFiles/ecl_serial.dir/build'.
[1.901s] make[2]: Leaving directory '/home/lfvmu/kobuki/build/ecl_core_apps'
[1.921s] /usr/bin/make -f src/utils/CMakeFiles/ecl_quaternion2yaw.dir/build.make src/utils/CMakeFiles/ecl_quaternion2yaw.dir/depend
[1.921s] [ 76%] Built target ecl_serial
[1.922s] make[2]: Leaving directory '/home/lfvmu/kobuki/build/ecl_core_apps'
[1.923s] /usr/bin/make -f src/utils/CMakeFiles/ecl_process_statistics.dir/build.make src/utils/CMakeFiles/ecl_process_statistics.dir/build
[1.923s] make[2]: Entering directory '/home/lfvmu/kobuki/build/ecl_core_apps'
[1.923s] cd /home/lfvmu/kobuki/build/ecl_core_apps && /usr/bin/cmake -E cmake_depends "Unix Makefiles" /home/lfvmu/kobuki/src/ecl_core/ecl_core_apps /home/lfvmu/kobuki/src/ecl_core/ecl_core_apps/src/utils /home/lfvmu/kobuki/build/ecl_core_apps /home/lfvmu/kobuki/build/ecl_core_apps/src/utils /home/lfvmu/kobuki/build/ecl_core_apps/src/utils/CMakeFiles/ecl_quaternion2yaw.dir/DependInfo.cmake --color=
[1.923s] /usr/bin/make -f src/utils/CMakeFiles/ecl_yaw2quaternion.dir/build.make src/utils/CMakeFiles/ecl_yaw2quaternion.dir/depend
[1.942s] make[2]: Entering directory '/home/lfvmu/kobuki/build/ecl_core_apps'
[1.943s] make[2]: Nothing to be done for 'src/utils/CMakeFiles/ecl_process_statistics.dir/build'.
[1.943s] make[2]: Leaving directory '/home/lfvmu/kobuki/build/ecl_core_apps'
[1.944s] make[2]: Entering directory '/home/lfvmu/kobuki/build/ecl_core_apps'
[1.944s] cd /home/lfvmu/kobuki/build/ecl_core_apps && /usr/bin/cmake -E cmake_depends "Unix Makefiles" /home/lfvmu/kobuki/src/ecl_core/ecl_core_apps /home/lfvmu/kobuki/src/ecl_core/ecl_core_apps/src/utils /home/lfvmu/kobuki/build/ecl_core_apps /home/lfvmu/kobuki/build/ecl_core_apps/src/utils /home/lfvmu/kobuki/build/ecl_core_apps/src/utils/CMakeFiles/ecl_yaw2quaternion.dir/DependInfo.cmake --color=
[1.946s] [ 82%] Built target ecl_process_statistics
[1.967s] /usr/bin/make -f src/utils/CMakeFiles/ecl_socket_client.dir/build.make src/utils/CMakeFiles/ecl_socket_client.dir/depend
[1.969s] make[2]: Entering directory '/home/lfvmu/kobuki/build/ecl_core_apps'
[1.970s] cd /home/lfvmu/kobuki/build/ecl_core_apps && /usr/bin/cmake -E cmake_depends "Unix Makefiles" /home/lfvmu/kobuki/src/ecl_core/ecl_core_apps /home/lfvmu/kobuki/src/ecl_core/ecl_core_apps/src/utils /home/lfvmu/kobuki/build/ecl_core_apps /home/lfvmu/kobuki/build/ecl_core_apps/src/utils /home/lfvmu/kobuki/build/ecl_core_apps/src/utils/CMakeFiles/ecl_socket_client.dir/DependInfo.cmake --color=
[1.970s] make[2]: Leaving directory '/home/lfvmu/kobuki/build/ecl_core_apps'
[1.970s] /usr/bin/make -f src/utils/CMakeFiles/ecl_quaternion2yaw.dir/build.make src/utils/CMakeFiles/ecl_quaternion2yaw.dir/build
[1.970s] make[2]: Leaving directory '/home/lfvmu/kobuki/build/ecl_core_apps'
[1.971s] /usr/bin/make -f src/utils/CMakeFiles/ecl_yaw2quaternion.dir/build.make src/utils/CMakeFiles/ecl_yaw2quaternion.dir/build
[1.981s] make[2]: Leaving directory '/home/lfvmu/kobuki/build/ecl_core_apps'
[1.982s] /usr/bin/make -f src/utils/CMakeFiles/ecl_socket_client.dir/build.make src/utils/CMakeFiles/ecl_socket_client.dir/build
[1.988s] make[2]: Entering directory '/home/lfvmu/kobuki/build/ecl_core_apps'
[1.990s] make[2]: Nothing to be done for 'src/utils/CMakeFiles/ecl_quaternion2yaw.dir/build'.
[1.990s] make[2]: Leaving directory '/home/lfvmu/kobuki/build/ecl_core_apps'
[1.991s] make[2]: Entering directory '/home/lfvmu/kobuki/build/ecl_core_apps'
[1.991s] make[2]: Nothing to be done for 'src/utils/CMakeFiles/ecl_socket_client.dir/build'.
[1.991s] make[2]: Leaving directory '/home/lfvmu/kobuki/build/ecl_core_apps'
[2.000s] make[2]: Entering directory '/home/lfvmu/kobuki/build/ecl_core_apps'
[2.000s] make[2]: Nothing to be done for 'src/utils/CMakeFiles/ecl_yaw2quaternion.dir/build'.
[2.000s] make[2]: Leaving directory '/home/lfvmu/kobuki/build/ecl_core_apps'
[2.007s] [ 88%] Built target ecl_quaternion2yaw
[2.010s] [ 94%] Built target ecl_socket_client
[2.026s] [100%] Built target ecl_yaw2quaternion
[2.028s] make[1]: Leaving directory '/home/lfvmu/kobuki/build/ecl_core_apps'
[2.028s] /usr/bin/cmake -E cmake_progress_start /home/lfvmu/kobuki/build/ecl_core_apps/CMakeFiles 0
[2.060s] Invoked command in '/home/lfvmu/kobuki/build/ecl_core_apps' returned '0': AMENT_PREFIX_PATH=/home/lfvmu/kobuki/install CMAKE_PREFIX_PATH=/home/lfvmu/kobuki/install LD_LIBRARY_PATH=/home/lfvmu/kobuki/install/lib PATH=/home/lfvmu/kobuki/install/bin:${PATH} PKG_CONFIG_PATH=/home/lfvmu/kobuki/install/lib/x86_64-linux-gnu/pkgconfig:/home/lfvmu/kobuki/install/lib/pkgconfig PYTHONPATH=/home/lfvmu/kobuki/install/lib/python3.8/site-packages /usr/bin/cmake --build /home/lfvmu/kobuki/build/ecl_core_apps -- -j4 -l4
[2.136s] Invoking command in '/home/lfvmu/kobuki/build/ecl_core_apps': AMENT_PREFIX_PATH=/home/lfvmu/kobuki/install CMAKE_PREFIX_PATH=/home/lfvmu/kobuki/install LD_LIBRARY_PATH=/home/lfvmu/kobuki/install/lib PATH=/home/lfvmu/kobuki/install/bin:${PATH} PKG_CONFIG_PATH=/home/lfvmu/kobuki/install/lib/x86_64-linux-gnu/pkgconfig:/home/lfvmu/kobuki/install/lib/pkgconfig PYTHONPATH=/home/lfvmu/kobuki/install/lib/python3.8/site-packages /usr/bin/cmake --install /home/lfvmu/kobuki/build/ecl_core_apps
[2.152s] -- Install configuration: ""
[2.153s] -- Up-to-date: /home/lfvmu/kobuki/install/share/ament_index/resource_index/package_run_dependencies/ecl_core_apps
[2.153s] -- Up-to-date: /home/lfvmu/kobuki/install/share/ament_index/resource_index/parent_prefix_path/ecl_core_apps
[2.153s] -- Up-to-date: /home/lfvmu/kobuki/install/share/ecl_core_apps/environment/ament_prefix_path.sh
[2.153s] -- Installing: /home/lfvmu/kobuki/install/share/ecl_core_apps/environment/ament_prefix_path.dsv
[2.154s] -- Up-to-date: /home/lfvmu/kobuki/install/share/ecl_core_apps/environment/path.sh
[2.155s] -- Installing: /home/lfvmu/kobuki/install/share/ecl_core_apps/environment/path.dsv
[2.155s] -- Up-to-date: /home/lfvmu/kobuki/install/share/ecl_core_apps/local_setup.bash
[2.155s] -- Up-to-date: /home/lfvmu/kobuki/install/share/ecl_core_apps/local_setup.sh
[2.156s] -- Up-to-date: /home/lfvmu/kobuki/install/share/ecl_core_apps/local_setup.zsh
[2.156s] -- Installing: /home/lfvmu/kobuki/install/share/ecl_core_apps/local_setup.dsv
[2.156s] -- Installing: /home/lfvmu/kobuki/install/share/ecl_core_apps/package.dsv
[2.157s] -- Up-to-date: /home/lfvmu/kobuki/install/share/ament_index/resource_index/packages/ecl_core_apps
[2.157s] -- Up-to-date: /home/lfvmu/kobuki/install/share/ecl_core_apps/cmake/ecl_core_appsConfig.cmake
[2.157s] -- Up-to-date: /home/lfvmu/kobuki/install/share/ecl_core_apps/cmake/ecl_core_appsConfig-version.cmake
[2.157s] -- Up-to-date: /home/lfvmu/kobuki/install/share/ecl_core_apps/package.xml
[2.158s] -- Up-to-date: /home/lfvmu/kobuki/install/bin/ecl_bench_containers
[2.159s] -- Up-to-date: /home/lfvmu/kobuki/install/bin/ecl_bench_files
[2.160s] -- Up-to-date: /home/lfvmu/kobuki/install/bin/ecl_bench_flops
[2.161s] -- Up-to-date: /home/lfvmu/kobuki/install/bin/ecl_bench_exceptions
[2.162s] -- Up-to-date: /home/lfvmu/kobuki/install/bin/ecl_bench_snooze
[2.162s] -- Up-to-date: /home/lfvmu/kobuki/install/bin/ecl_bench_streams
[2.165s] -- Up-to-date: /home/lfvmu/kobuki/install/bin/ecl_bench_string_conversions
[2.165s] -- Up-to-date: /home/lfvmu/kobuki/install/bin/ecl_bench_eigen3_inverse
[2.166s] -- Up-to-date: /home/lfvmu/kobuki/install/bin/ecl_bench_eigen3_decompositions
[2.167s] -- Up-to-date: /home/lfvmu/kobuki/install/bin/ecl_bench_eigen3_transforms
[2.168s] -- Up-to-date: /home/lfvmu/kobuki/install/lib/ecl_core_apps/ecl_hex
[2.170s] -- Up-to-date: /home/lfvmu/kobuki/install/lib/ecl_core_apps/ecl_serial
[2.171s] -- Up-to-date: /home/lfvmu/kobuki/install/lib/ecl_core_apps/ecl_socket_client
[2.171s] -- Up-to-date: /home/lfvmu/kobuki/install/lib/ecl_core_apps/ecl_socket_server
[2.172s] -- Up-to-date: /home/lfvmu/kobuki/install/bin/ecl_process_statistics
[2.173s] -- Up-to-date: /home/lfvmu/kobuki/install/bin/ecl_quaternion2yaw
[2.174s] -- Up-to-date: /home/lfvmu/kobuki/install/bin/ecl_yaw2quaternion
[2.188s] Invoked command in '/home/lfvmu/kobuki/build/ecl_core_apps' returned '0': AMENT_PREFIX_PATH=/home/lfvmu/kobuki/install CMAKE_PREFIX_PATH=/home/lfvmu/kobuki/install LD_LIBRARY_PATH=/home/lfvmu/kobuki/install/lib PATH=/home/lfvmu/kobuki/install/bin:${PATH} PKG_CONFIG_PATH=/home/lfvmu/kobuki/install/lib/x86_64-linux-gnu/pkgconfig:/home/lfvmu/kobuki/install/lib/pkgconfig PYTHONPATH=/home/lfvmu/kobuki/install/lib/python3.8/site-packages /usr/bin/cmake --install /home/lfvmu/kobuki/build/ecl_core_apps
