[0.282s] Invoking command in '/home/lfvmu/kobuki/build/ament_cmake_export_link_flags': /usr/bin/cmake /home/lfvmu/kobuki/src/ament_cmake/ament_cmake_export_link_flags -DBUILD_TESTING=OFF --no-warn-unused-cli -DCMAKE_INSTALL_PREFIX=/home/lfvmu/kobuki/install
[0.301s] Not searching for unused variables given on the command line.
[0.303s] -- Found ament_cmake_core: 0.9.11 (/home/lfvmu/kobuki/install/share/ament_cmake_core/cmake)
[0.347s] -- Using PYTHON_EXECUTABLE: /usr/bin/python3
[0.806s] -- Configuring done
[0.808s] -- Generating done
[0.816s] -- Build files have been written to: /home/lfvmu/kobuki/build/ament_cmake_export_link_flags
[1.078s] Invoked command in '/home/lfvmu/kobuki/build/ament_cmake_export_link_flags' returned '0': /usr/bin/cmake /home/lfvmu/kobuki/src/ament_cmake/ament_cmake_export_link_flags -DBUILD_TESTING=OFF --no-warn-unused-cli -DCMAKE_INSTALL_PREFIX=/home/lfvmu/kobuki/install
[1.080s] Invoking command in '/home/lfvmu/kobuki/build/ament_cmake_export_link_flags': /usr/bin/cmake --build /home/lfvmu/kobuki/build/ament_cmake_export_link_flags -- -j4 -l4
[1.193s] Invoked command in '/home/lfvmu/kobuki/build/ament_cmake_export_link_flags' returned '0': /usr/bin/cmake --build /home/lfvmu/kobuki/build/ament_cmake_export_link_flags -- -j4 -l4
[1.252s] Invoking command in '/home/lfvmu/kobuki/build/ament_cmake_export_link_flags': /usr/bin/cmake --install /home/lfvmu/kobuki/build/ament_cmake_export_link_flags
[1.274s] -- Install configuration: "RelWithDebInfo"
[1.275s] -- Up-to-date: /home/lfvmu/kobuki/install/share/ament_index/resource_index/package_run_dependencies/ament_cmake_export_link_flags
[1.275s] -- Up-to-date: /home/lfvmu/kobuki/install/share/ament_index/resource_index/parent_prefix_path/ament_cmake_export_link_flags
[1.275s] -- Up-to-date: /home/lfvmu/kobuki/install/share/ament_cmake_export_link_flags/environment/ament_prefix_path.sh
[1.275s] -- Installing: /home/lfvmu/kobuki/install/share/ament_cmake_export_link_flags/environment/ament_prefix_path.dsv
[1.276s] -- Up-to-date: /home/lfvmu/kobuki/install/share/ament_cmake_export_link_flags/environment/path.sh
[1.276s] -- Installing: /home/lfvmu/kobuki/install/share/ament_cmake_export_link_flags/environment/path.dsv
[1.276s] -- Up-to-date: /home/lfvmu/kobuki/install/share/ament_cmake_export_link_flags/local_setup.bash
[1.276s] -- Up-to-date: /home/lfvmu/kobuki/install/share/ament_cmake_export_link_flags/local_setup.sh
[1.277s] -- Up-to-date: /home/lfvmu/kobuki/install/share/ament_cmake_export_link_flags/local_setup.zsh
[1.277s] -- Installing: /home/lfvmu/kobuki/install/share/ament_cmake_export_link_flags/local_setup.dsv
[1.277s] -- Installing: /home/lfvmu/kobuki/install/share/ament_cmake_export_link_flags/package.dsv
[1.278s] -- Up-to-date: /home/lfvmu/kobuki/install/share/ament_index/resource_index/packages/ament_cmake_export_link_flags
[1.278s] -- Up-to-date: /home/lfvmu/kobuki/install/share/ament_cmake_export_link_flags/cmake/ament_cmake_export_link_flags-extras.cmake
[1.278s] -- Up-to-date: /home/lfvmu/kobuki/install/share/ament_cmake_export_link_flags/cmake/ament_cmake_export_link_flagsConfig.cmake
[1.278s] -- Up-to-date: /home/lfvmu/kobuki/install/share/ament_cmake_export_link_flags/cmake/ament_cmake_export_link_flagsConfig-version.cmake
[1.279s] -- Up-to-date: /home/lfvmu/kobuki/install/share/ament_cmake_export_link_flags/package.xml
[1.279s] -- Up-to-date: /home/lfvmu/kobuki/install/share/ament_cmake_export_link_flags/cmake
[1.279s] -- Up-to-date: /home/lfvmu/kobuki/install/share/ament_cmake_export_link_flags/cmake/ament_cmake_export_link_flags-extras.cmake.in
[1.279s] -- Up-to-date: /home/lfvmu/kobuki/install/share/ament_cmake_export_link_flags/cmake/ament_cmake_export_link_flags_package_hook.cmake
[1.279s] -- Up-to-date: /home/lfvmu/kobuki/install/share/ament_cmake_export_link_flags/cmake/ament_export_link_flags.cmake
[1.297s] Invoked command in '/home/lfvmu/kobuki/build/ament_cmake_export_link_flags' returned '0': /usr/bin/cmake --install /home/lfvmu/kobuki/build/ament_cmake_export_link_flags
