[0.112s] Invoking command in '/home/lfvmu/kobuki/build/ament_cmake_target_dependencies': /usr/bin/cmake /home/lfvmu/kobuki/src/ament_cmake/ament_cmake_target_dependencies -DBUILD_TESTING=OFF -DCMAKE_INSTALL_PREFIX=/home/lfvmu/kobuki/install
[0.139s] Re-run cmake no build system arguments
[0.146s] -- Found ament_cmake_core: 0.9.11 (/home/lfvmu/kobuki/install/share/ament_cmake_core/cmake)
[0.196s] -- Using PYTHON_EXECUTABLE: /usr/bin/python3
[0.657s] -- Configuring done
[0.675s] -- Generating done
[0.676s] -- Build files have been written to: /home/lfvmu/kobuki/build/ament_cmake_target_dependencies
[0.825s] Invoked command in '/home/lfvmu/kobuki/build/ament_cmake_target_dependencies' returned '0': /usr/bin/cmake /home/lfvmu/kobuki/src/ament_cmake/ament_cmake_target_dependencies -DBUILD_TESTING=OFF -DCMAKE_INSTALL_PREFIX=/home/lfvmu/kobuki/install
[0.831s] Invoking command in '/home/lfvmu/kobuki/build/ament_cmake_target_dependencies': /usr/bin/cmake --build /home/lfvmu/kobuki/build/ament_cmake_target_dependencies -- -j4 -l4
[1.199s] /usr/bin/cmake -S/home/lfvmu/kobuki/src/ament_cmake/ament_cmake_target_dependencies -B/home/lfvmu/kobuki/build/ament_cmake_target_dependencies --check-build-system CMakeFiles/Makefile.cmake 0
[1.199s] /usr/bin/cmake -E cmake_progress_start /home/lfvmu/kobuki/build/ament_cmake_target_dependencies/CMakeFiles /home/lfvmu/kobuki/build/ament_cmake_target_dependencies/CMakeFiles/progress.marks
[1.199s] /usr/bin/make -f CMakeFiles/Makefile2 all
[1.199s] make[1]: Entering directory '/home/lfvmu/kobuki/build/ament_cmake_target_dependencies'
[1.200s] make[1]: Nothing to be done for 'all'.
[1.200s] make[1]: Leaving directory '/home/lfvmu/kobuki/build/ament_cmake_target_dependencies'
[1.200s] /usr/bin/cmake -E cmake_progress_start /home/lfvmu/kobuki/build/ament_cmake_target_dependencies/CMakeFiles 0
[1.214s] Invoked command in '/home/lfvmu/kobuki/build/ament_cmake_target_dependencies' returned '0': /usr/bin/cmake --build /home/lfvmu/kobuki/build/ament_cmake_target_dependencies -- -j4 -l4
[1.513s] Invoking command in '/home/lfvmu/kobuki/build/ament_cmake_target_dependencies': /usr/bin/cmake --install /home/lfvmu/kobuki/build/ament_cmake_target_dependencies
[1.540s] -- Install configuration: "RelWithDebInfo"
[1.540s] -- Up-to-date: /home/lfvmu/kobuki/install/share/ament_index/resource_index/package_run_dependencies/ament_cmake_target_dependencies
[1.541s] -- Up-to-date: /home/lfvmu/kobuki/install/share/ament_index/resource_index/parent_prefix_path/ament_cmake_target_dependencies
[1.542s] -- Up-to-date: /home/lfvmu/kobuki/install/share/ament_cmake_target_dependencies/environment/ament_prefix_path.sh
[1.542s] -- Installing: /home/lfvmu/kobuki/install/share/ament_cmake_target_dependencies/environment/ament_prefix_path.dsv
[1.544s] -- Up-to-date: /home/lfvmu/kobuki/install/share/ament_cmake_target_dependencies/environment/path.sh
[1.545s] -- Installing: /home/lfvmu/kobuki/install/share/ament_cmake_target_dependencies/environment/path.dsv
[1.547s] -- Up-to-date: /home/lfvmu/kobuki/install/share/ament_cmake_target_dependencies/local_setup.bash
[1.548s] -- Up-to-date: /home/lfvmu/kobuki/install/share/ament_cmake_target_dependencies/local_setup.sh
[1.548s] -- Up-to-date: /home/lfvmu/kobuki/install/share/ament_cmake_target_dependencies/local_setup.zsh
[1.548s] -- Installing: /home/lfvmu/kobuki/install/share/ament_cmake_target_dependencies/local_setup.dsv
[1.549s] -- Installing: /home/lfvmu/kobuki/install/share/ament_cmake_target_dependencies/package.dsv
[1.551s] -- Up-to-date: /home/lfvmu/kobuki/install/share/ament_index/resource_index/packages/ament_cmake_target_dependencies
[1.552s] -- Up-to-date: /home/lfvmu/kobuki/install/share/ament_cmake_target_dependencies/cmake/ament_cmake_target_dependencies-extras.cmake
[1.552s] -- Up-to-date: /home/lfvmu/kobuki/install/share/ament_cmake_target_dependencies/cmake/ament_cmake_target_dependenciesConfig.cmake
[1.553s] -- Up-to-date: /home/lfvmu/kobuki/install/share/ament_cmake_target_dependencies/cmake/ament_cmake_target_dependenciesConfig-version.cmake
[1.553s] -- Up-to-date: /home/lfvmu/kobuki/install/share/ament_cmake_target_dependencies/package.xml
[1.554s] -- Up-to-date: /home/lfvmu/kobuki/install/share/ament_cmake_target_dependencies/cmake
[1.555s] -- Up-to-date: /home/lfvmu/kobuki/install/share/ament_cmake_target_dependencies/cmake/ament_target_dependencies.cmake
[1.555s] -- Up-to-date: /home/lfvmu/kobuki/install/share/ament_cmake_target_dependencies/cmake/ament_get_recursive_properties.cmake
[2.035s] Invoked command in '/home/lfvmu/kobuki/build/ament_cmake_target_dependencies' returned '0': /usr/bin/cmake --install /home/lfvmu/kobuki/build/ament_cmake_target_dependencies
