[0.299s] Invoking command in '/home/lfvmu/kobuki/build/ecl_exceptions': AMENT_PREFIX_PATH=/home/lfvmu/kobuki/install CMAKE_PREFIX_PATH=/home/lfvmu/kobuki/install LD_LIBRARY_PATH=/home/lfvmu/kobuki/install/lib PATH=/home/lfvmu/kobuki/install/bin:${PATH} PYTHONPATH=/home/lfvmu/kobuki/install/lib/python3.8/site-packages /usr/bin/cmake /home/lfvmu/kobuki/src/ecl_core/ecl_exceptions -DBUILD_TESTING=OFF -DCMAKE_INSTALL_PREFIX=/home/lfvmu/kobuki/install
[0.331s] Re-run cmake no build system arguments
[0.352s] -- Found ament_cmake_ros: 0.9.2 (/home/lfvmu/kobuki/install/share/ament_cmake_ros/cmake)
[0.414s] -- Using PYTHON_EXECUTABLE: /usr/bin/python3
[0.789s] -- Found ecl_build: 1.0.3 (/home/lfvmu/kobuki/install/share/ecl_build/cmake)
[0.825s] -- Found ecl_config: 1.1.0 (/home/lfvmu/kobuki/install/share/ecl_config/cmake)
[0.844s] -- Found ecl_errors: 1.1.0 (/home/lfvmu/kobuki/install/share/ecl_errors/cmake)
[1.050s] -- Configuring done
[1.082s] -- Generating done
[1.083s] -- Build files have been written to: /home/lfvmu/kobuki/build/ecl_exceptions
[1.222s] Invoked command in '/home/lfvmu/kobuki/build/ecl_exceptions' returned '0': AMENT_PREFIX_PATH=/home/lfvmu/kobuki/install CMAKE_PREFIX_PATH=/home/lfvmu/kobuki/install LD_LIBRARY_PATH=/home/lfvmu/kobuki/install/lib PATH=/home/lfvmu/kobuki/install/bin:${PATH} PYTHONPATH=/home/lfvmu/kobuki/install/lib/python3.8/site-packages /usr/bin/cmake /home/lfvmu/kobuki/src/ecl_core/ecl_exceptions -DBUILD_TESTING=OFF -DCMAKE_INSTALL_PREFIX=/home/lfvmu/kobuki/install
[1.225s] Invoking command in '/home/lfvmu/kobuki/build/ecl_exceptions': AMENT_PREFIX_PATH=/home/lfvmu/kobuki/install CMAKE_PREFIX_PATH=/home/lfvmu/kobuki/install LD_LIBRARY_PATH=/home/lfvmu/kobuki/install/lib PATH=/home/lfvmu/kobuki/install/bin:${PATH} PYTHONPATH=/home/lfvmu/kobuki/install/lib/python3.8/site-packages /usr/bin/cmake --build /home/lfvmu/kobuki/build/ecl_exceptions -- -j4 -l4
[1.337s] /usr/bin/cmake -S/home/lfvmu/kobuki/src/ecl_core/ecl_exceptions -B/home/lfvmu/kobuki/build/ecl_exceptions --check-build-system CMakeFiles/Makefile.cmake 0
[1.364s] /usr/bin/cmake -E cmake_progress_start /home/lfvmu/kobuki/build/ecl_exceptions/CMakeFiles /home/lfvmu/kobuki/build/ecl_exceptions/CMakeFiles/progress.marks
[1.384s] /usr/bin/make -f CMakeFiles/Makefile2 all
[1.387s] make[1]: Entering directory '/home/lfvmu/kobuki/build/ecl_exceptions'
[1.387s] /usr/bin/make -f src/lib/CMakeFiles/ecl_exceptions.dir/build.make src/lib/CMakeFiles/ecl_exceptions.dir/depend
[1.390s] make[2]: Entering directory '/home/lfvmu/kobuki/build/ecl_exceptions'
[1.392s] cd /home/lfvmu/kobuki/build/ecl_exceptions && /usr/bin/cmake -E cmake_depends "Unix Makefiles" /home/lfvmu/kobuki/src/ecl_core/ecl_exceptions /home/lfvmu/kobuki/src/ecl_core/ecl_exceptions/src/lib /home/lfvmu/kobuki/build/ecl_exceptions /home/lfvmu/kobuki/build/ecl_exceptions/src/lib /home/lfvmu/kobuki/build/ecl_exceptions/src/lib/CMakeFiles/ecl_exceptions.dir/DependInfo.cmake --color=
[1.413s] make[2]: Leaving directory '/home/lfvmu/kobuki/build/ecl_exceptions'
[1.413s] /usr/bin/make -f src/lib/CMakeFiles/ecl_exceptions.dir/build.make src/lib/CMakeFiles/ecl_exceptions.dir/build
[1.414s] make[2]: Entering directory '/home/lfvmu/kobuki/build/ecl_exceptions'
[1.414s] make[2]: Nothing to be done for 'src/lib/CMakeFiles/ecl_exceptions.dir/build'.
[1.414s] make[2]: Leaving directory '/home/lfvmu/kobuki/build/ecl_exceptions'
[1.455s] [ 33%] Built target ecl_exceptions
[1.457s] /usr/bin/make -f src/examples/CMakeFiles/ecl_demo_exception_tracer.dir/build.make src/examples/CMakeFiles/ecl_demo_exception_tracer.dir/depend
[1.457s] /usr/bin/make -f src/examples/CMakeFiles/ecl_demo_exceptions.dir/build.make src/examples/CMakeFiles/ecl_demo_exceptions.dir/depend
[1.460s] make[2]: Entering directory '/home/lfvmu/kobuki/build/ecl_exceptions'
[1.460s] cd /home/lfvmu/kobuki/build/ecl_exceptions && /usr/bin/cmake -E cmake_depends "Unix Makefiles" /home/lfvmu/kobuki/src/ecl_core/ecl_exceptions /home/lfvmu/kobuki/src/ecl_core/ecl_exceptions/src/examples /home/lfvmu/kobuki/build/ecl_exceptions /home/lfvmu/kobuki/build/ecl_exceptions/src/examples /home/lfvmu/kobuki/build/ecl_exceptions/src/examples/CMakeFiles/ecl_demo_exceptions.dir/DependInfo.cmake --color=
[1.461s] make[2]: Entering directory '/home/lfvmu/kobuki/build/ecl_exceptions'
[1.461s] cd /home/lfvmu/kobuki/build/ecl_exceptions && /usr/bin/cmake -E cmake_depends "Unix Makefiles" /home/lfvmu/kobuki/src/ecl_core/ecl_exceptions /home/lfvmu/kobuki/src/ecl_core/ecl_exceptions/src/examples /home/lfvmu/kobuki/build/ecl_exceptions /home/lfvmu/kobuki/build/ecl_exceptions/src/examples /home/lfvmu/kobuki/build/ecl_exceptions/src/examples/CMakeFiles/ecl_demo_exception_tracer.dir/DependInfo.cmake --color=
[1.487s] make[2]: Leaving directory '/home/lfvmu/kobuki/build/ecl_exceptions'
[1.488s] /usr/bin/make -f src/examples/CMakeFiles/ecl_demo_exceptions.dir/build.make src/examples/CMakeFiles/ecl_demo_exceptions.dir/build
[1.498s] make[2]: Entering directory '/home/lfvmu/kobuki/build/ecl_exceptions'
[1.499s] make[2]: Nothing to be done for 'src/examples/CMakeFiles/ecl_demo_exceptions.dir/build'.
[1.499s] make[2]: Leaving directory '/home/lfvmu/kobuki/build/ecl_exceptions'
[1.500s] make[2]: Leaving directory '/home/lfvmu/kobuki/build/ecl_exceptions'
[1.500s] /usr/bin/make -f src/examples/CMakeFiles/ecl_demo_exception_tracer.dir/build.make src/examples/CMakeFiles/ecl_demo_exception_tracer.dir/build
[1.510s] make[2]: Entering directory '/home/lfvmu/kobuki/build/ecl_exceptions'
[1.511s] make[2]: Nothing to be done for 'src/examples/CMakeFiles/ecl_demo_exception_tracer.dir/build'.
[1.511s] make[2]: Leaving directory '/home/lfvmu/kobuki/build/ecl_exceptions'
[1.520s] [ 66%] Built target ecl_demo_exceptions
[1.539s] [100%] Built target ecl_demo_exception_tracer
[1.547s] make[1]: Leaving directory '/home/lfvmu/kobuki/build/ecl_exceptions'
[1.547s] /usr/bin/cmake -E cmake_progress_start /home/lfvmu/kobuki/build/ecl_exceptions/CMakeFiles 0
[1.572s] Invoked command in '/home/lfvmu/kobuki/build/ecl_exceptions' returned '0': AMENT_PREFIX_PATH=/home/lfvmu/kobuki/install CMAKE_PREFIX_PATH=/home/lfvmu/kobuki/install LD_LIBRARY_PATH=/home/lfvmu/kobuki/install/lib PATH=/home/lfvmu/kobuki/install/bin:${PATH} PYTHONPATH=/home/lfvmu/kobuki/install/lib/python3.8/site-packages /usr/bin/cmake --build /home/lfvmu/kobuki/build/ecl_exceptions -- -j4 -l4
[1.822s] Invoking command in '/home/lfvmu/kobuki/build/ecl_exceptions': AMENT_PREFIX_PATH=/home/lfvmu/kobuki/install CMAKE_PREFIX_PATH=/home/lfvmu/kobuki/install LD_LIBRARY_PATH=/home/lfvmu/kobuki/install/lib PATH=/home/lfvmu/kobuki/install/bin:${PATH} PYTHONPATH=/home/lfvmu/kobuki/install/lib/python3.8/site-packages /usr/bin/cmake --install /home/lfvmu/kobuki/build/ecl_exceptions
[1.841s] -- Install configuration: ""
[1.842s] -- Up-to-date: /home/lfvmu/kobuki/install/share/ecl_exceptions/environment/library_path.sh
[1.842s] -- Installing: /home/lfvmu/kobuki/install/share/ecl_exceptions/environment/library_path.dsv
[1.844s] -- Up-to-date: /home/lfvmu/kobuki/install/share/ament_index/resource_index/package_run_dependencies/ecl_exceptions
[1.844s] -- Up-to-date: /home/lfvmu/kobuki/install/share/ament_index/resource_index/parent_prefix_path/ecl_exceptions
[1.845s] -- Up-to-date: /home/lfvmu/kobuki/install/share/ecl_exceptions/environment/ament_prefix_path.sh
[1.845s] -- Installing: /home/lfvmu/kobuki/install/share/ecl_exceptions/environment/ament_prefix_path.dsv
[1.846s] -- Up-to-date: /home/lfvmu/kobuki/install/share/ecl_exceptions/environment/path.sh
[1.846s] -- Installing: /home/lfvmu/kobuki/install/share/ecl_exceptions/environment/path.dsv
[1.847s] -- Up-to-date: /home/lfvmu/kobuki/install/share/ecl_exceptions/local_setup.bash
[1.847s] -- Up-to-date: /home/lfvmu/kobuki/install/share/ecl_exceptions/local_setup.sh
[1.847s] -- Up-to-date: /home/lfvmu/kobuki/install/share/ecl_exceptions/local_setup.zsh
[1.848s] -- Installing: /home/lfvmu/kobuki/install/share/ecl_exceptions/local_setup.dsv
[1.849s] -- Installing: /home/lfvmu/kobuki/install/share/ecl_exceptions/package.dsv
[1.849s] -- Up-to-date: /home/lfvmu/kobuki/install/share/ament_index/resource_index/packages/ecl_exceptions
[1.851s] -- Up-to-date: /home/lfvmu/kobuki/install/share/ecl_exceptions/cmake/ecl_exceptionsExport.cmake
[1.851s] -- Installing: /home/lfvmu/kobuki/install/share/ecl_exceptions/cmake/ecl_exceptionsExport-noconfig.cmake
[1.852s] -- Up-to-date: /home/lfvmu/kobuki/install/share/ecl_exceptions/cmake/ament_cmake_export_targets-extras.cmake
[1.852s] -- Up-to-date: /home/lfvmu/kobuki/install/share/ecl_exceptions/cmake/ament_cmake_export_include_directories-extras.cmake
[1.852s] -- Up-to-date: /home/lfvmu/kobuki/install/share/ecl_exceptions/cmake/ament_cmake_export_libraries-extras.cmake
[1.853s] -- Up-to-date: /home/lfvmu/kobuki/install/share/ecl_exceptions/cmake/ament_cmake_export_dependencies-extras.cmake
[1.853s] -- Up-to-date: /home/lfvmu/kobuki/install/share/ecl_exceptions/cmake/ecl_exceptionsConfig.cmake
[1.853s] -- Up-to-date: /home/lfvmu/kobuki/install/share/ecl_exceptions/cmake/ecl_exceptionsConfig-version.cmake
[1.854s] -- Up-to-date: /home/lfvmu/kobuki/install/share/ecl_exceptions/package.xml
[1.855s] -- Up-to-date: /home/lfvmu/kobuki/install/include/ecl/exceptions.hpp
[1.856s] -- Up-to-date: /home/lfvmu/kobuki/install/include/ecl/exceptions/data_exception.hpp
[1.856s] -- Up-to-date: /home/lfvmu/kobuki/install/include/ecl/exceptions/exception.hpp
[1.856s] -- Up-to-date: /home/lfvmu/kobuki/install/include/ecl/exceptions/macros.hpp
[1.857s] -- Up-to-date: /home/lfvmu/kobuki/install/include/ecl/exceptions/posix_error_handler.hpp
[1.857s] -- Up-to-date: /home/lfvmu/kobuki/install/include/ecl/exceptions/standard_exception.hpp
[1.862s] -- Up-to-date: /home/lfvmu/kobuki/install/lib/libecl_exceptions.so.1.2.1
[1.863s] -- Up-to-date: /home/lfvmu/kobuki/install/lib/libecl_exceptions.so
[1.864s] -- Up-to-date: /home/lfvmu/kobuki/install/lib/ecl_exceptions/demo_exceptions
[1.865s] -- Up-to-date: /home/lfvmu/kobuki/install/lib/ecl_exceptions/demo_exception_tracer
[1.887s] Invoked command in '/home/lfvmu/kobuki/build/ecl_exceptions' returned '0': AMENT_PREFIX_PATH=/home/lfvmu/kobuki/install CMAKE_PREFIX_PATH=/home/lfvmu/kobuki/install LD_LIBRARY_PATH=/home/lfvmu/kobuki/install/lib PATH=/home/lfvmu/kobuki/install/bin:${PATH} PYTHONPATH=/home/lfvmu/kobuki/install/lib/python3.8/site-packages /usr/bin/cmake --install /home/lfvmu/kobuki/build/ecl_exceptions
