[0.439s] Invoking command in '/home/lfvmu/kobuki/build/ecl_mobile_robot': AMENT_PREFIX_PATH=/home/lfvmu/kobuki/install CMAKE_PREFIX_PATH=/home/lfvmu/kobuki/install LD_LIBRARY_PATH=/home/lfvmu/kobuki/install/lib PATH=/home/lfvmu/kobuki/install/bin:${PATH} PKG_CONFIG_PATH=/home/lfvmu/kobuki/install/lib/x86_64-linux-gnu/pkgconfig:/home/lfvmu/kobuki/install/lib/pkgconfig PYTHONPATH=/home/lfvmu/kobuki/install/lib/python3.8/site-packages /usr/bin/cmake /home/lfvmu/kobuki/src/ecl_core/ecl_mobile_robot -DBUILD_TESTING=OFF -DCMAKE_INSTALL_PREFIX=/home/lfvmu/kobuki/install
[0.654s] -- The C compiler identification is GNU 9.4.0
[0.848s] -- The CXX compiler identification is GNU 9.4.0
[0.863s] -- Check for working C compiler: /usr/bin/cc
[1.055s] -- Check for working C compiler: /usr/bin/cc -- works
[1.056s] -- Detecting C compiler ABI info
[1.266s] -- Detecting C compiler ABI info - done
[1.321s] -- Detecting C compile features
[1.322s] -- Detecting C compile features - done
[1.331s] -- Check for working CXX compiler: /usr/bin/c++
[1.600s] -- Check for working CXX compiler: /usr/bin/c++ -- works
[1.601s] -- Detecting CXX compiler ABI info
[1.862s] -- Detecting CXX compiler ABI info - done
[1.914s] -- Detecting CXX compile features
[1.917s] -- Detecting CXX compile features - done
[1.920s] -- Found ament_cmake_ros: 0.9.2 (/home/lfvmu/kobuki/install/share/ament_cmake_ros/cmake)
[1.971s] -- Found PythonInterp: /usr/bin/python3 (found suitable version "3.8.10", minimum required is "3") 
[1.972s] -- Using PYTHON_EXECUTABLE: /usr/bin/python3
[2.358s] -- Found ecl_build: 1.0.3 (/home/lfvmu/kobuki/install/share/ecl_build/cmake)
[2.384s] -- Found ecl_errors: 1.1.0 (/home/lfvmu/kobuki/install/share/ecl_errors/cmake)
[2.405s] -- Found ecl_formatters: 1.2.1 (/home/lfvmu/kobuki/install/share/ecl_formatters/cmake)
[2.486s] -- Found ecl_geometry: 1.2.1 (/home/lfvmu/kobuki/install/share/ecl_geometry/cmake)
[2.770s] -- Configuring done
[2.804s] -- Generating done
[2.811s] -- Build files have been written to: /home/lfvmu/kobuki/build/ecl_mobile_robot
[2.823s] Invoked command in '/home/lfvmu/kobuki/build/ecl_mobile_robot' returned '0': AMENT_PREFIX_PATH=/home/lfvmu/kobuki/install CMAKE_PREFIX_PATH=/home/lfvmu/kobuki/install LD_LIBRARY_PATH=/home/lfvmu/kobuki/install/lib PATH=/home/lfvmu/kobuki/install/bin:${PATH} PKG_CONFIG_PATH=/home/lfvmu/kobuki/install/lib/x86_64-linux-gnu/pkgconfig:/home/lfvmu/kobuki/install/lib/pkgconfig PYTHONPATH=/home/lfvmu/kobuki/install/lib/python3.8/site-packages /usr/bin/cmake /home/lfvmu/kobuki/src/ecl_core/ecl_mobile_robot -DBUILD_TESTING=OFF -DCMAKE_INSTALL_PREFIX=/home/lfvmu/kobuki/install
[2.829s] Invoking command in '/home/lfvmu/kobuki/build/ecl_mobile_robot': AMENT_PREFIX_PATH=/home/lfvmu/kobuki/install CMAKE_PREFIX_PATH=/home/lfvmu/kobuki/install LD_LIBRARY_PATH=/home/lfvmu/kobuki/install/lib PATH=/home/lfvmu/kobuki/install/bin:${PATH} PKG_CONFIG_PATH=/home/lfvmu/kobuki/install/lib/x86_64-linux-gnu/pkgconfig:/home/lfvmu/kobuki/install/lib/pkgconfig PYTHONPATH=/home/lfvmu/kobuki/install/lib/python3.8/site-packages /usr/bin/cmake --build /home/lfvmu/kobuki/build/ecl_mobile_robot -- -j4 -l4
[2.949s] [35m[1mScanning dependencies of target ecl_mobile_robot[0m
[3.120s] [ 50%] [32mBuilding CXX object src/lib/CMakeFiles/ecl_mobile_robot.dir/differential_drive.cpp.o[0m
[8.843s] [100%] [32m[1mLinking CXX shared library libecl_mobile_robot.so[0m
[9.146s] [100%] Built target ecl_mobile_robot
[9.170s] Invoked command in '/home/lfvmu/kobuki/build/ecl_mobile_robot' returned '0': AMENT_PREFIX_PATH=/home/lfvmu/kobuki/install CMAKE_PREFIX_PATH=/home/lfvmu/kobuki/install LD_LIBRARY_PATH=/home/lfvmu/kobuki/install/lib PATH=/home/lfvmu/kobuki/install/bin:${PATH} PKG_CONFIG_PATH=/home/lfvmu/kobuki/install/lib/x86_64-linux-gnu/pkgconfig:/home/lfvmu/kobuki/install/lib/pkgconfig PYTHONPATH=/home/lfvmu/kobuki/install/lib/python3.8/site-packages /usr/bin/cmake --build /home/lfvmu/kobuki/build/ecl_mobile_robot -- -j4 -l4
[9.226s] Invoking command in '/home/lfvmu/kobuki/build/ecl_mobile_robot': AMENT_PREFIX_PATH=/home/lfvmu/kobuki/install CMAKE_PREFIX_PATH=/home/lfvmu/kobuki/install LD_LIBRARY_PATH=/home/lfvmu/kobuki/install/lib PATH=/home/lfvmu/kobuki/install/bin:${PATH} PKG_CONFIG_PATH=/home/lfvmu/kobuki/install/lib/x86_64-linux-gnu/pkgconfig:/home/lfvmu/kobuki/install/lib/pkgconfig PYTHONPATH=/home/lfvmu/kobuki/install/lib/python3.8/site-packages /usr/bin/cmake --install /home/lfvmu/kobuki/build/ecl_mobile_robot
[9.246s] -- Install configuration: ""
[9.246s] -- Installing: /home/lfvmu/kobuki/install/share/ecl_mobile_robot/environment/library_path.sh
[9.246s] -- Installing: /home/lfvmu/kobuki/install/share/ecl_mobile_robot/environment/library_path.dsv
[9.247s] -- Installing: /home/lfvmu/kobuki/install/share/ament_index/resource_index/package_run_dependencies/ecl_mobile_robot
[9.247s] -- Installing: /home/lfvmu/kobuki/install/share/ament_index/resource_index/parent_prefix_path/ecl_mobile_robot
[9.248s] -- Installing: /home/lfvmu/kobuki/install/share/ecl_mobile_robot/environment/ament_prefix_path.sh
[9.248s] -- Installing: /home/lfvmu/kobuki/install/share/ecl_mobile_robot/environment/ament_prefix_path.dsv
[9.249s] -- Installing: /home/lfvmu/kobuki/install/share/ecl_mobile_robot/environment/path.sh
[9.249s] -- Installing: /home/lfvmu/kobuki/install/share/ecl_mobile_robot/environment/path.dsv
[9.250s] -- Installing: /home/lfvmu/kobuki/install/share/ecl_mobile_robot/local_setup.bash
[9.250s] -- Installing: /home/lfvmu/kobuki/install/share/ecl_mobile_robot/local_setup.sh
[9.251s] -- Installing: /home/lfvmu/kobuki/install/share/ecl_mobile_robot/local_setup.zsh
[9.251s] -- Installing: /home/lfvmu/kobuki/install/share/ecl_mobile_robot/local_setup.dsv
[9.252s] -- Installing: /home/lfvmu/kobuki/install/share/ecl_mobile_robot/package.dsv
[9.252s] -- Installing: /home/lfvmu/kobuki/install/share/ament_index/resource_index/packages/ecl_mobile_robot
[9.253s] -- Installing: /home/lfvmu/kobuki/install/share/ecl_mobile_robot/cmake/ecl_mobile_robotExport.cmake
[9.253s] -- Installing: /home/lfvmu/kobuki/install/share/ecl_mobile_robot/cmake/ecl_mobile_robotExport-noconfig.cmake
[9.254s] -- Installing: /home/lfvmu/kobuki/install/share/ecl_mobile_robot/cmake/ament_cmake_export_targets-extras.cmake
[9.254s] -- Installing: /home/lfvmu/kobuki/install/share/ecl_mobile_robot/cmake/ament_cmake_export_include_directories-extras.cmake
[9.254s] -- Installing: /home/lfvmu/kobuki/install/share/ecl_mobile_robot/cmake/ament_cmake_export_libraries-extras.cmake
[9.255s] -- Installing: /home/lfvmu/kobuki/install/share/ecl_mobile_robot/cmake/ament_cmake_export_dependencies-extras.cmake
[9.255s] -- Installing: /home/lfvmu/kobuki/install/share/ecl_mobile_robot/cmake/ecl_mobile_robotConfig.cmake
[9.256s] -- Installing: /home/lfvmu/kobuki/install/share/ecl_mobile_robot/cmake/ecl_mobile_robotConfig-version.cmake
[9.256s] -- Installing: /home/lfvmu/kobuki/install/share/ecl_mobile_robot/package.xml
[9.257s] -- Installing: /home/lfvmu/kobuki/install/include/ecl/mobile_robot.hpp
[9.259s] -- Installing: /home/lfvmu/kobuki/install/include/ecl/mobile_robot/differential_drive.hpp
[9.260s] -- Installing: /home/lfvmu/kobuki/install/include/ecl/mobile_robot/macros.hpp
[9.260s] -- Installing: /home/lfvmu/kobuki/install/include/ecl/mobile_robot/kinematics/differential_drive.hpp
[9.262s] -- Installing: /home/lfvmu/kobuki/install/lib/libecl_mobile_robot.so.1.2.1
[9.263s] -- Set runtime path of "/home/lfvmu/kobuki/install/lib/libecl_mobile_robot.so.1.2.1" to ""
[9.263s] -- Installing: /home/lfvmu/kobuki/install/lib/libecl_mobile_robot.so
[9.268s] Invoked command in '/home/lfvmu/kobuki/build/ecl_mobile_robot' returned '0': AMENT_PREFIX_PATH=/home/lfvmu/kobuki/install CMAKE_PREFIX_PATH=/home/lfvmu/kobuki/install LD_LIBRARY_PATH=/home/lfvmu/kobuki/install/lib PATH=/home/lfvmu/kobuki/install/bin:${PATH} PKG_CONFIG_PATH=/home/lfvmu/kobuki/install/lib/x86_64-linux-gnu/pkgconfig:/home/lfvmu/kobuki/install/lib/pkgconfig PYTHONPATH=/home/lfvmu/kobuki/install/lib/python3.8/site-packages /usr/bin/cmake --install /home/lfvmu/kobuki/build/ecl_mobile_robot
