[1.926s] Invoking command in '/home/lfvmu/kobuki/src/ament_lint/ament_flake8': PYTHONPATH=/home/lfvmu/kobuki/build/ament_flake8/prefix_override:/home/lfvmu/kobuki/install/lib/python3.8/site-packages:${PYTHONPATH} /usr/bin/python3 setup.py egg_info --egg-base ../../../build/ament_flake8 build --build-base /home/lfvmu/kobuki/build/ament_flake8/build install --record /home/lfvmu/kobuki/build/ament_flake8/install.log --single-version-externally-managed
[2.334s] running egg_info
[2.335s] writing ../../../build/ament_flake8/ament_flake8.egg-info/PKG-INFO
[2.335s] writing dependency_links to ../../../build/ament_flake8/ament_flake8.egg-info/dependency_links.txt
[2.336s] writing entry points to ../../../build/ament_flake8/ament_flake8.egg-info/entry_points.txt
[2.337s] writing requirements to ../../../build/ament_flake8/ament_flake8.egg-info/requires.txt
[2.337s] writing top-level names to ../../../build/ament_flake8/ament_flake8.egg-info/top_level.txt
[2.456s] reading manifest file '../../../build/ament_flake8/ament_flake8.egg-info/SOURCES.txt'
[2.458s] writing manifest file '../../../build/ament_flake8/ament_flake8.egg-info/SOURCES.txt'
[2.458s] running build
[2.458s] running build_py
[2.459s] running install
[2.461s] running install_lib
[2.464s] running install_data
[2.465s] running install_egg_info
[2.468s] removing '/home/lfvmu/kobuki/install/lib/python3.8/site-packages/ament_flake8-0.9.7-py3.8.egg-info' (and everything under it)
[2.470s] Copying ../../../build/ament_flake8/ament_flake8.egg-info to /home/lfvmu/kobuki/install/lib/python3.8/site-packages/ament_flake8-0.9.7-py3.8.egg-info
[2.477s] running install_scripts
[2.515s] Installing ament_flake8 script to /home/lfvmu/kobuki/install/bin
[2.515s] writing list of installed files to '/home/lfvmu/kobuki/build/ament_flake8/install.log'
[2.564s] Invoked command in '/home/lfvmu/kobuki/src/ament_lint/ament_flake8' returned '0': PYTHONPATH=/home/lfvmu/kobuki/build/ament_flake8/prefix_override:/home/lfvmu/kobuki/install/lib/python3.8/site-packages:${PYTHONPATH} /usr/bin/python3 setup.py egg_info --egg-base ../../../build/ament_flake8 build --build-base /home/lfvmu/kobuki/build/ament_flake8/build install --record /home/lfvmu/kobuki/build/ament_flake8/install.log --single-version-externally-managed
