[0.426s] Invoking command in '/home/lfvmu/kobuki/build/ecl_config': /usr/bin/cmake /home/lfvmu/kobuki/src/ecl_lite/ecl_config -DBUILD_TESTING=OFF -DCMAKE_INSTALL_PREFIX=/home/lfvmu/kobuki/install
[0.457s] Re-run cmake no build system arguments
[0.492s] -- Found ament_cmake_ros: 0.9.2 (/home/lfvmu/kobuki/install/share/ament_cmake_ros/cmake)
[0.534s] -- Using PYTHON_EXECUTABLE: /usr/bin/python3
[0.881s] -- Found ecl_build: 1.0.3 (/home/lfvmu/kobuki/install/share/ecl_build/cmake)
[1.056s] -- Configuring done
[1.084s] -- Generating done
[1.103s] -- Build files have been written to: /home/lfvmu/kobuki/build/ecl_config
[1.188s] Invoked command in '/home/lfvmu/kobuki/build/ecl_config' returned '0': /usr/bin/cmake /home/lfvmu/kobuki/src/ecl_lite/ecl_config -DBUILD_TESTING=OFF -DCMAKE_INSTALL_PREFIX=/home/lfvmu/kobuki/install
[1.190s] Invoking command in '/home/lfvmu/kobuki/build/ecl_config': /usr/bin/cmake --build /home/lfvmu/kobuki/build/ecl_config -- -j4 -l4
[1.237s] /usr/bin/cmake -S/home/lfvmu/kobuki/src/ecl_lite/ecl_config -B/home/lfvmu/kobuki/build/ecl_config --check-build-system CMakeFiles/Makefile.cmake 0
[1.272s] /usr/bin/cmake -E cmake_progress_start /home/lfvmu/kobuki/build/ecl_config/CMakeFiles /home/lfvmu/kobuki/build/ecl_config/CMakeFiles/progress.marks
[1.287s] /usr/bin/make -f CMakeFiles/Makefile2 all
[1.292s] make[1]: Entering directory '/home/lfvmu/kobuki/build/ecl_config'
[1.293s] /usr/bin/make -f src/utilities/CMakeFiles/ecl_detect_posix.dir/build.make src/utilities/CMakeFiles/ecl_detect_posix.dir/depend
[1.294s] /usr/bin/make -f src/utilities/CMakeFiles/ecl_detect_endian.dir/build.make src/utilities/CMakeFiles/ecl_detect_endian.dir/depend
[1.295s] make[2]: Entering directory '/home/lfvmu/kobuki/build/ecl_config'
[1.299s] cd /home/lfvmu/kobuki/build/ecl_config && /usr/bin/cmake -E cmake_depends "Unix Makefiles" /home/lfvmu/kobuki/src/ecl_lite/ecl_config /home/lfvmu/kobuki/src/ecl_lite/ecl_config/src/utilities /home/lfvmu/kobuki/build/ecl_config /home/lfvmu/kobuki/build/ecl_config/src/utilities /home/lfvmu/kobuki/build/ecl_config/src/utilities/CMakeFiles/ecl_detect_posix.dir/DependInfo.cmake --color=
[1.309s] make[2]: Entering directory '/home/lfvmu/kobuki/build/ecl_config'
[1.309s] cd /home/lfvmu/kobuki/build/ecl_config && /usr/bin/cmake -E cmake_depends "Unix Makefiles" /home/lfvmu/kobuki/src/ecl_lite/ecl_config /home/lfvmu/kobuki/src/ecl_lite/ecl_config/src/utilities /home/lfvmu/kobuki/build/ecl_config /home/lfvmu/kobuki/build/ecl_config/src/utilities /home/lfvmu/kobuki/build/ecl_config/src/utilities/CMakeFiles/ecl_detect_endian.dir/DependInfo.cmake --color=
[1.319s] make[2]: Leaving directory '/home/lfvmu/kobuki/build/ecl_config'
[1.319s] /usr/bin/make -f src/utilities/CMakeFiles/ecl_detect_posix.dir/build.make src/utilities/CMakeFiles/ecl_detect_posix.dir/build
[1.322s] make[2]: Entering directory '/home/lfvmu/kobuki/build/ecl_config'
[1.322s] make[2]: Nothing to be done for 'src/utilities/CMakeFiles/ecl_detect_posix.dir/build'.
[1.323s] make[2]: Leaving directory '/home/lfvmu/kobuki/build/ecl_config'
[1.344s] [ 50%] Built target ecl_detect_posix
[1.369s] make[2]: Leaving directory '/home/lfvmu/kobuki/build/ecl_config'
[1.369s] /usr/bin/make -f src/utilities/CMakeFiles/ecl_detect_endian.dir/build.make src/utilities/CMakeFiles/ecl_detect_endian.dir/build
[1.375s] make[2]: Entering directory '/home/lfvmu/kobuki/build/ecl_config'
[1.375s] make[2]: Nothing to be done for 'src/utilities/CMakeFiles/ecl_detect_endian.dir/build'.
[1.375s] make[2]: Leaving directory '/home/lfvmu/kobuki/build/ecl_config'
[1.394s] [100%] Built target ecl_detect_endian
[1.397s] make[1]: Leaving directory '/home/lfvmu/kobuki/build/ecl_config'
[1.397s] /usr/bin/cmake -E cmake_progress_start /home/lfvmu/kobuki/build/ecl_config/CMakeFiles 0
[1.426s] Invoked command in '/home/lfvmu/kobuki/build/ecl_config' returned '0': /usr/bin/cmake --build /home/lfvmu/kobuki/build/ecl_config -- -j4 -l4
[1.710s] Invoking command in '/home/lfvmu/kobuki/build/ecl_config': /usr/bin/cmake --install /home/lfvmu/kobuki/build/ecl_config
[1.745s] -- Install configuration: "RelWithDebInfo"
[1.745s] -- Up-to-date: /home/lfvmu/kobuki/install/share/ament_index/resource_index/package_run_dependencies/ecl_config
[1.746s] -- Up-to-date: /home/lfvmu/kobuki/install/share/ament_index/resource_index/parent_prefix_path/ecl_config
[1.746s] -- Up-to-date: /home/lfvmu/kobuki/install/share/ecl_config/environment/ament_prefix_path.sh
[1.747s] -- Installing: /home/lfvmu/kobuki/install/share/ecl_config/environment/ament_prefix_path.dsv
[1.747s] -- Up-to-date: /home/lfvmu/kobuki/install/share/ecl_config/environment/path.sh
[1.747s] -- Installing: /home/lfvmu/kobuki/install/share/ecl_config/environment/path.dsv
[1.748s] -- Up-to-date: /home/lfvmu/kobuki/install/share/ecl_config/local_setup.bash
[1.748s] -- Up-to-date: /home/lfvmu/kobuki/install/share/ecl_config/local_setup.sh
[1.748s] -- Up-to-date: /home/lfvmu/kobuki/install/share/ecl_config/local_setup.zsh
[1.749s] -- Installing: /home/lfvmu/kobuki/install/share/ecl_config/local_setup.dsv
[1.749s] -- Installing: /home/lfvmu/kobuki/install/share/ecl_config/package.dsv
[1.749s] -- Up-to-date: /home/lfvmu/kobuki/install/share/ament_index/resource_index/packages/ecl_config
[1.749s] -- Up-to-date: /home/lfvmu/kobuki/install/share/ecl_config/cmake/ecl_configExport.cmake
[1.750s] -- Up-to-date: /home/lfvmu/kobuki/install/share/ecl_config/cmake/ament_cmake_export_targets-extras.cmake
[1.755s] -- Up-to-date: /home/lfvmu/kobuki/install/share/ecl_config/cmake/ament_cmake_export_include_directories-extras.cmake
[1.798s] -- Up-to-date: /home/lfvmu/kobuki/install/share/ecl_config/cmake/ecl_configConfig.cmake
[1.799s] -- Up-to-date: /home/lfvmu/kobuki/install/share/ecl_config/cmake/ecl_configConfig-version.cmake
[1.800s] -- Up-to-date: /home/lfvmu/kobuki/install/share/ecl_config/package.xml
[1.800s] -- Up-to-date: /home/lfvmu/kobuki/install/include/ecl/config.hpp
[1.801s] -- Up-to-date: /home/lfvmu/kobuki/install/include/ecl/config/ecl.hpp
[1.801s] -- Up-to-date: /home/lfvmu/kobuki/install/include/ecl/config/char_sign.hpp
[1.801s] -- Up-to-date: /home/lfvmu/kobuki/install/include/ecl/config/ecl_unknown.hpp
[1.802s] -- Up-to-date: /home/lfvmu/kobuki/install/include/ecl/config/endianness.hpp
[1.802s] -- Up-to-date: /home/lfvmu/kobuki/install/include/ecl/config/macros.hpp
[1.803s] -- Up-to-date: /home/lfvmu/kobuki/install/include/ecl/config/portable_types.hpp
[1.803s] -- Up-to-date: /home/lfvmu/kobuki/install/include/ecl/config/windows.hpp
[1.803s] -- Up-to-date: /home/lfvmu/kobuki/install/bin/ecl_detect_endian
[1.815s] -- Up-to-date: /home/lfvmu/kobuki/install/bin/ecl_detect_posix
[1.982s] Invoked command in '/home/lfvmu/kobuki/build/ecl_config' returned '0': /usr/bin/cmake --install /home/lfvmu/kobuki/build/ecl_config
