[1.992s] Invoking command in '/home/lfvmu/kobuki/src/ament_lint/ament_mypy': AMENT_PREFIX_PATH=/home/lfvmu/kobuki/install CMAKE_PREFIX_PATH=/home/lfvmu/kobuki/install LD_LIBRARY_PATH=/home/lfvmu/kobuki/install/lib PATH=/home/lfvmu/kobuki/install/bin:${PATH} PYTHONPATH=/home/lfvmu/kobuki/build/ament_mypy/prefix_override:/home/lfvmu/kobuki/install/lib/python3.8/site-packages:/home/lfvmu/kobuki/install/lib/python3.8/site-packages /usr/bin/python3 setup.py egg_info --egg-base ../../../build/ament_mypy build --build-base /home/lfvmu/kobuki/build/ament_mypy/build install --record /home/lfvmu/kobuki/build/ament_mypy/install.log --single-version-externally-managed
[2.400s] running egg_info
[2.400s] writing ../../../build/ament_mypy/ament_mypy.egg-info/PKG-INFO
[2.401s] writing dependency_links to ../../../build/ament_mypy/ament_mypy.egg-info/dependency_links.txt
[2.401s] writing entry points to ../../../build/ament_mypy/ament_mypy.egg-info/entry_points.txt
[2.401s] writing requirements to ../../../build/ament_mypy/ament_mypy.egg-info/requires.txt
[2.401s] writing top-level names to ../../../build/ament_mypy/ament_mypy.egg-info/top_level.txt
[2.495s] reading manifest file '../../../build/ament_mypy/ament_mypy.egg-info/SOURCES.txt'
[2.496s] writing manifest file '../../../build/ament_mypy/ament_mypy.egg-info/SOURCES.txt'
[2.496s] running build
[2.496s] running build_py
[2.498s] running install
[2.503s] running install_lib
[2.508s] running install_data
[2.508s] running install_egg_info
[2.512s] removing '/home/lfvmu/kobuki/install/lib/python3.8/site-packages/ament_mypy-0.9.7-py3.8.egg-info' (and everything under it)
[2.513s] Copying ../../../build/ament_mypy/ament_mypy.egg-info to /home/lfvmu/kobuki/install/lib/python3.8/site-packages/ament_mypy-0.9.7-py3.8.egg-info
[2.515s] running install_scripts
[2.559s] Installing ament_mypy script to /home/lfvmu/kobuki/install/bin
[2.559s] writing list of installed files to '/home/lfvmu/kobuki/build/ament_mypy/install.log'
[2.635s] Invoked command in '/home/lfvmu/kobuki/src/ament_lint/ament_mypy' returned '0': AMENT_PREFIX_PATH=/home/lfvmu/kobuki/install CMAKE_PREFIX_PATH=/home/lfvmu/kobuki/install LD_LIBRARY_PATH=/home/lfvmu/kobuki/install/lib PATH=/home/lfvmu/kobuki/install/bin:${PATH} PYTHONPATH=/home/lfvmu/kobuki/build/ament_mypy/prefix_override:/home/lfvmu/kobuki/install/lib/python3.8/site-packages:/home/lfvmu/kobuki/install/lib/python3.8/site-packages /usr/bin/python3 setup.py egg_info --egg-base ../../../build/ament_mypy build --build-base /home/lfvmu/kobuki/build/ament_mypy/build install --record /home/lfvmu/kobuki/build/ament_mypy/install.log --single-version-externally-managed
