[0.349s] Invoking command in '/home/lfvmu/kobuki/build/ecl_core': /usr/bin/cmake /home/lfvmu/kobuki/src/ecl_core/ecl_core -DBUILD_TESTING=OFF -DCMAKE_BUILD_TYPE=RelWithDebInfo -DCMAKE_INSTALL_PREFIX=/home/lfvmu/kobuki/install
[0.399s] -- Found ament_cmake_ros: 0.9.2 (/home/lfvmu/kobuki/install/share/ament_cmake_ros/cmake)
[0.450s] -- Using PYTHON_EXECUTABLE: /usr/bin/python3
[0.910s] -- Configuring done
[0.916s] -- Generating done
[0.920s] -- Build files have been written to: /home/lfvmu/kobuki/build/ecl_core
[0.924s] Invoked command in '/home/lfvmu/kobuki/build/ecl_core' returned '0': /usr/bin/cmake /home/lfvmu/kobuki/src/ecl_core/ecl_core -DBUILD_TESTING=OFF -DCMAKE_BUILD_TYPE=RelWithDebInfo -DCMAKE_INSTALL_PREFIX=/home/lfvmu/kobuki/install
[0.926s] Invoking command in '/home/lfvmu/kobuki/build/ecl_core': /usr/bin/cmake --build /home/lfvmu/kobuki/build/ecl_core -- -j4 -l4
[1.026s] Invoked command in '/home/lfvmu/kobuki/build/ecl_core' returned '0': /usr/bin/cmake --build /home/lfvmu/kobuki/build/ecl_core -- -j4 -l4
[1.070s] Invoking command in '/home/lfvmu/kobuki/build/ecl_core': /usr/bin/cmake --install /home/lfvmu/kobuki/build/ecl_core
[1.086s] -- Install configuration: "RelWithDebInfo"
[1.086s] -- Up-to-date: /home/lfvmu/kobuki/install/share/ament_index/resource_index/package_run_dependencies/ecl_core
[1.087s] -- Up-to-date: /home/lfvmu/kobuki/install/share/ament_index/resource_index/parent_prefix_path/ecl_core
[1.087s] -- Up-to-date: /home/lfvmu/kobuki/install/share/ecl_core/environment/ament_prefix_path.sh
[1.087s] -- Installing: /home/lfvmu/kobuki/install/share/ecl_core/environment/ament_prefix_path.dsv
[1.088s] -- Up-to-date: /home/lfvmu/kobuki/install/share/ecl_core/environment/path.sh
[1.088s] -- Installing: /home/lfvmu/kobuki/install/share/ecl_core/environment/path.dsv
[1.088s] -- Up-to-date: /home/lfvmu/kobuki/install/share/ecl_core/local_setup.bash
[1.089s] -- Up-to-date: /home/lfvmu/kobuki/install/share/ecl_core/local_setup.sh
[1.089s] -- Up-to-date: /home/lfvmu/kobuki/install/share/ecl_core/local_setup.zsh
[1.089s] -- Installing: /home/lfvmu/kobuki/install/share/ecl_core/local_setup.dsv
[1.090s] -- Installing: /home/lfvmu/kobuki/install/share/ecl_core/package.dsv
[1.090s] -- Up-to-date: /home/lfvmu/kobuki/install/share/ament_index/resource_index/packages/ecl_core
[1.091s] -- Up-to-date: /home/lfvmu/kobuki/install/share/ecl_core/cmake/ecl_coreConfig.cmake
[1.091s] -- Up-to-date: /home/lfvmu/kobuki/install/share/ecl_core/cmake/ecl_coreConfig-version.cmake
[1.091s] -- Up-to-date: /home/lfvmu/kobuki/install/share/ecl_core/package.xml
[1.100s] Invoked command in '/home/lfvmu/kobuki/build/ecl_core' returned '0': /usr/bin/cmake --install /home/lfvmu/kobuki/build/ecl_core
