[0.289s] Invoking command in '/home/lfvmu/kobuki/build/ecl_streams': /usr/bin/cmake /home/lfvmu/kobuki/src/ecl_core/ecl_streams -DBUILD_TESTING=OFF -DCMAKE_INSTALL_PREFIX=/home/lfvmu/kobuki/install
[0.332s] -- Found ament_cmake_ros: 0.9.2 (/home/lfvmu/kobuki/install/share/ament_cmake_ros/cmake)
[0.379s] -- Using PYTHON_EXECUTABLE: /usr/bin/python3
[0.739s] -- Found ecl_build: 1.0.3 (/home/lfvmu/kobuki/install/share/ecl_build/cmake)
[0.793s] -- Found ecl_concepts: 1.2.1 (/home/lfvmu/kobuki/install/share/ecl_concepts/cmake)
[0.826s] -- Found ecl_converters: 1.2.1 (/home/lfvmu/kobuki/install/share/ecl_converters/cmake)
[0.916s] -- Found ecl_devices: 1.2.1 (/home/lfvmu/kobuki/install/share/ecl_devices/cmake)
[1.225s] -- Configuring done
[1.299s] -- Generating done
[1.312s] -- Build files have been written to: /home/lfvmu/kobuki/build/ecl_streams
[1.499s] Invoked command in '/home/lfvmu/kobuki/build/ecl_streams' returned '0': /usr/bin/cmake /home/lfvmu/kobuki/src/ecl_core/ecl_streams -DBUILD_TESTING=OFF -DCMAKE_INSTALL_PREFIX=/home/lfvmu/kobuki/install
[1.501s] Invoking command in '/home/lfvmu/kobuki/build/ecl_streams': /usr/bin/cmake --build /home/lfvmu/kobuki/build/ecl_streams -- -j4 -l4
[1.643s] [ 42%] Built target ecl_streams
[1.706s] [ 71%] Built target ecl_time_example_log_streams
[1.712s] [100%] Built target ecl_time_example_console_streams
[1.751s] Invoked command in '/home/lfvmu/kobuki/build/ecl_streams' returned '0': /usr/bin/cmake --build /home/lfvmu/kobuki/build/ecl_streams -- -j4 -l4
[1.809s] Invoking command in '/home/lfvmu/kobuki/build/ecl_streams': /usr/bin/cmake --install /home/lfvmu/kobuki/build/ecl_streams
[1.831s] -- Install configuration: "RelWithDebInfo"
[1.832s] -- Up-to-date: /home/lfvmu/kobuki/install/share/ecl_streams/environment/library_path.sh
[1.832s] -- Installing: /home/lfvmu/kobuki/install/share/ecl_streams/environment/library_path.dsv
[1.833s] -- Up-to-date: /home/lfvmu/kobuki/install/share/ament_index/resource_index/package_run_dependencies/ecl_streams
[1.834s] -- Up-to-date: /home/lfvmu/kobuki/install/share/ament_index/resource_index/parent_prefix_path/ecl_streams
[1.834s] -- Up-to-date: /home/lfvmu/kobuki/install/share/ecl_streams/environment/ament_prefix_path.sh
[1.834s] -- Installing: /home/lfvmu/kobuki/install/share/ecl_streams/environment/ament_prefix_path.dsv
[1.835s] -- Up-to-date: /home/lfvmu/kobuki/install/share/ecl_streams/environment/path.sh
[1.836s] -- Installing: /home/lfvmu/kobuki/install/share/ecl_streams/environment/path.dsv
[1.836s] -- Up-to-date: /home/lfvmu/kobuki/install/share/ecl_streams/local_setup.bash
[1.837s] -- Up-to-date: /home/lfvmu/kobuki/install/share/ecl_streams/local_setup.sh
[1.837s] -- Up-to-date: /home/lfvmu/kobuki/install/share/ecl_streams/local_setup.zsh
[1.837s] -- Installing: /home/lfvmu/kobuki/install/share/ecl_streams/local_setup.dsv
[1.838s] -- Installing: /home/lfvmu/kobuki/install/share/ecl_streams/package.dsv
[1.839s] -- Up-to-date: /home/lfvmu/kobuki/install/share/ament_index/resource_index/packages/ecl_streams
[1.840s] -- Up-to-date: /home/lfvmu/kobuki/install/share/ecl_streams/cmake/ecl_streamsExport.cmake
[1.841s] -- Installing: /home/lfvmu/kobuki/install/share/ecl_streams/cmake/ecl_streamsExport-relwithdebinfo.cmake
[1.842s] -- Up-to-date: /home/lfvmu/kobuki/install/share/ecl_streams/cmake/ament_cmake_export_targets-extras.cmake
[1.842s] -- Up-to-date: /home/lfvmu/kobuki/install/share/ecl_streams/cmake/ament_cmake_export_include_directories-extras.cmake
[1.842s] -- Up-to-date: /home/lfvmu/kobuki/install/share/ecl_streams/cmake/ament_cmake_export_libraries-extras.cmake
[1.843s] -- Up-to-date: /home/lfvmu/kobuki/install/share/ecl_streams/cmake/ament_cmake_export_dependencies-extras.cmake
[1.843s] -- Up-to-date: /home/lfvmu/kobuki/install/share/ecl_streams/cmake/ecl_streamsConfig.cmake
[1.844s] -- Up-to-date: /home/lfvmu/kobuki/install/share/ecl_streams/cmake/ecl_streamsConfig-version.cmake
[1.844s] -- Up-to-date: /home/lfvmu/kobuki/install/share/ecl_streams/package.xml
[1.845s] -- Up-to-date: /home/lfvmu/kobuki/install/include/ecl/streams.hpp
[1.846s] -- Up-to-date: /home/lfvmu/kobuki/install/include/ecl/streams/console_streams.hpp
[1.846s] -- Up-to-date: /home/lfvmu/kobuki/install/include/ecl/streams/file_streams.hpp
[1.847s] -- Up-to-date: /home/lfvmu/kobuki/install/include/ecl/streams/log_stream.hpp
[1.847s] -- Up-to-date: /home/lfvmu/kobuki/install/include/ecl/streams/macros.hpp
[1.847s] -- Up-to-date: /home/lfvmu/kobuki/install/include/ecl/streams/manipulators.hpp
[1.848s] -- Up-to-date: /home/lfvmu/kobuki/install/include/ecl/streams/serial_stream.hpp
[1.848s] -- Up-to-date: /home/lfvmu/kobuki/install/include/ecl/streams/shared_file_stream.hpp
[1.848s] -- Up-to-date: /home/lfvmu/kobuki/install/include/ecl/streams/socket_streams.hpp
[1.849s] -- Up-to-date: /home/lfvmu/kobuki/install/include/ecl/streams/string_stream.hpp
[1.849s] -- Up-to-date: /home/lfvmu/kobuki/install/include/ecl/streams/text_stream.hpp
[1.850s] -- Up-to-date: /home/lfvmu/kobuki/install/include/ecl/streams/manipulators/clear_screen.hpp
[1.850s] -- Up-to-date: /home/lfvmu/kobuki/install/include/ecl/streams/manipulators/end_of_line.hpp
[1.850s] -- Up-to-date: /home/lfvmu/kobuki/install/include/ecl/streams/manipulators/manipulator.hpp
[1.851s] -- Up-to-date: /home/lfvmu/kobuki/install/include/ecl/streams/text_streams/base_text_stream.hpp
[1.851s] -- Up-to-date: /home/lfvmu/kobuki/install/include/ecl/streams/text_streams/input_text_stream.hpp
[1.852s] -- Up-to-date: /home/lfvmu/kobuki/install/include/ecl/streams/text_streams/output_text_stream.hpp
[1.855s] -- Up-to-date: /home/lfvmu/kobuki/install/lib/libecl_streams.so.1.2.1
[1.856s] -- Up-to-date: /home/lfvmu/kobuki/install/lib/libecl_streams.so
[1.860s] -- Up-to-date: /home/lfvmu/kobuki/install/lib/ecl_streams/demo_console_streams
[1.864s] -- Up-to-date: /home/lfvmu/kobuki/install/lib/ecl_streams/demo_log_streams
[1.876s] Invoked command in '/home/lfvmu/kobuki/build/ecl_streams' returned '0': /usr/bin/cmake --install /home/lfvmu/kobuki/build/ecl_streams
