[0.316s] Invoking command in '/home/lfvmu/kobuki/build/ecl_formatters': /usr/bin/cmake /home/lfvmu/kobuki/src/ecl_core/ecl_formatters -DBUILD_TESTING=OFF -DCMAKE_BUILD_TYPE=RelWithDebInfo -DCMAKE_INSTALL_PREFIX=/home/lfvmu/kobuki/install
[0.380s] -- Found ament_cmake_ros: 0.9.2 (/home/lfvmu/kobuki/install/share/ament_cmake_ros/cmake)
[0.404s] -- Using PYTHON_EXECUTABLE: /usr/bin/python3
[0.781s] -- Found ecl_build: 1.0.3 (/home/lfvmu/kobuki/install/share/ecl_build/cmake)
[0.801s] -- Found ecl_config: 1.1.0 (/home/lfvmu/kobuki/install/share/ecl_config/cmake)
[0.803s] -- Found ecl_converters: 1.2.1 (/home/lfvmu/kobuki/install/share/ecl_converters/cmake)
[1.039s] -- Configuring done
[1.093s] -- Generating done
[1.099s] -- Build files have been written to: /home/lfvmu/kobuki/build/ecl_formatters
[1.148s] Invoked command in '/home/lfvmu/kobuki/build/ecl_formatters' returned '0': /usr/bin/cmake /home/lfvmu/kobuki/src/ecl_core/ecl_formatters -DBUILD_TESTING=OFF -DCMAKE_BUILD_TYPE=RelWithDebInfo -DCMAKE_INSTALL_PREFIX=/home/lfvmu/kobuki/install
[1.155s] Invoking command in '/home/lfvmu/kobuki/build/ecl_formatters': /usr/bin/cmake --build /home/lfvmu/kobuki/build/ecl_formatters -- -j4 -l4
[1.319s] [ 50%] Built target ecl_formatters
[1.369s] [100%] Built target ecl_demo_formatters
[1.389s] Invoked command in '/home/lfvmu/kobuki/build/ecl_formatters' returned '0': /usr/bin/cmake --build /home/lfvmu/kobuki/build/ecl_formatters -- -j4 -l4
[1.674s] Invoking command in '/home/lfvmu/kobuki/build/ecl_formatters': /usr/bin/cmake --install /home/lfvmu/kobuki/build/ecl_formatters
[1.701s] -- Install configuration: "RelWithDebInfo"
[1.701s] -- Up-to-date: /home/lfvmu/kobuki/install/share/ecl_formatters/environment/library_path.sh
[1.702s] -- Installing: /home/lfvmu/kobuki/install/share/ecl_formatters/environment/library_path.dsv
[1.703s] -- Up-to-date: /home/lfvmu/kobuki/install/share/ament_index/resource_index/package_run_dependencies/ecl_formatters
[1.703s] -- Up-to-date: /home/lfvmu/kobuki/install/share/ament_index/resource_index/parent_prefix_path/ecl_formatters
[1.704s] -- Up-to-date: /home/lfvmu/kobuki/install/share/ecl_formatters/environment/ament_prefix_path.sh
[1.704s] -- Installing: /home/lfvmu/kobuki/install/share/ecl_formatters/environment/ament_prefix_path.dsv
[1.705s] -- Up-to-date: /home/lfvmu/kobuki/install/share/ecl_formatters/environment/path.sh
[1.705s] -- Installing: /home/lfvmu/kobuki/install/share/ecl_formatters/environment/path.dsv
[1.706s] -- Up-to-date: /home/lfvmu/kobuki/install/share/ecl_formatters/local_setup.bash
[1.706s] -- Up-to-date: /home/lfvmu/kobuki/install/share/ecl_formatters/local_setup.sh
[1.707s] -- Up-to-date: /home/lfvmu/kobuki/install/share/ecl_formatters/local_setup.zsh
[1.707s] -- Installing: /home/lfvmu/kobuki/install/share/ecl_formatters/local_setup.dsv
[1.708s] -- Installing: /home/lfvmu/kobuki/install/share/ecl_formatters/package.dsv
[1.708s] -- Up-to-date: /home/lfvmu/kobuki/install/share/ament_index/resource_index/packages/ecl_formatters
[1.709s] -- Up-to-date: /home/lfvmu/kobuki/install/share/ecl_formatters/cmake/ecl_formattersExport.cmake
[1.710s] -- Installing: /home/lfvmu/kobuki/install/share/ecl_formatters/cmake/ecl_formattersExport-relwithdebinfo.cmake
[1.710s] -- Up-to-date: /home/lfvmu/kobuki/install/share/ecl_formatters/cmake/ament_cmake_export_targets-extras.cmake
[1.711s] -- Up-to-date: /home/lfvmu/kobuki/install/share/ecl_formatters/cmake/ament_cmake_export_include_directories-extras.cmake
[1.711s] -- Up-to-date: /home/lfvmu/kobuki/install/share/ecl_formatters/cmake/ament_cmake_export_libraries-extras.cmake
[1.712s] -- Up-to-date: /home/lfvmu/kobuki/install/share/ecl_formatters/cmake/ament_cmake_export_dependencies-extras.cmake
[1.712s] -- Up-to-date: /home/lfvmu/kobuki/install/share/ecl_formatters/cmake/ecl_formattersConfig.cmake
[1.712s] -- Up-to-date: /home/lfvmu/kobuki/install/share/ecl_formatters/cmake/ecl_formattersConfig-version.cmake
[1.713s] -- Up-to-date: /home/lfvmu/kobuki/install/share/ecl_formatters/package.xml
[1.714s] -- Up-to-date: /home/lfvmu/kobuki/install/include/ecl/formatters.hpp
[1.715s] -- Up-to-date: /home/lfvmu/kobuki/install/include/ecl/formatters/common.hpp
[1.715s] -- Up-to-date: /home/lfvmu/kobuki/install/include/ecl/formatters/floats.hpp
[1.715s] -- Up-to-date: /home/lfvmu/kobuki/install/include/ecl/formatters/macros.hpp
[1.716s] -- Up-to-date: /home/lfvmu/kobuki/install/include/ecl/formatters/number.hpp
[1.716s] -- Up-to-date: /home/lfvmu/kobuki/install/include/ecl/formatters/strings.hpp
[1.718s] -- Up-to-date: /home/lfvmu/kobuki/install/lib/libecl_formatters.so.1.2.1
[1.719s] -- Up-to-date: /home/lfvmu/kobuki/install/lib/libecl_formatters.so
[1.720s] -- Up-to-date: /home/lfvmu/kobuki/install/lib/ecl_formatters/demo_formatters
[1.730s] Invoked command in '/home/lfvmu/kobuki/build/ecl_formatters' returned '0': /usr/bin/cmake --install /home/lfvmu/kobuki/build/ecl_formatters
