[0.284s] Invoking command in '/home/lfvmu/kobuki/build/ecl_mpl': AMENT_PREFIX_PATH=/home/lfvmu/kobuki/install CMAKE_PREFIX_PATH=/home/lfvmu/kobuki/install LD_LIBRARY_PATH=/home/lfvmu/kobuki/install/lib PATH=/home/lfvmu/kobuki/install/bin:${PATH} PYTHONPATH=/home/lfvmu/kobuki/install/lib/python3.8/site-packages /usr/bin/cmake /home/lfvmu/kobuki/src/ecl_core/ecl_mpl -DBUILD_TESTING=OFF -DCMAKE_BUILD_TYPE=RelWithDebInfo -DCMAKE_INSTALL_PREFIX=/home/lfvmu/kobuki/install
[0.326s] -- Found ament_cmake_ros: 0.9.2 (/home/lfvmu/kobuki/install/share/ament_cmake_ros/cmake)
[0.377s] -- Using PYTHON_EXECUTABLE: /usr/bin/python3
[0.721s] -- Found ecl_build: 1.0.3 (/home/lfvmu/kobuki/install/share/ecl_build/cmake)
[0.916s] -- Configuring done
[0.934s] -- Generating done
[0.941s] -- Build files have been written to: /home/lfvmu/kobuki/build/ecl_mpl
[0.953s] Invoked command in '/home/lfvmu/kobuki/build/ecl_mpl' returned '0': AMENT_PREFIX_PATH=/home/lfvmu/kobuki/install CMAKE_PREFIX_PATH=/home/lfvmu/kobuki/install LD_LIBRARY_PATH=/home/lfvmu/kobuki/install/lib PATH=/home/lfvmu/kobuki/install/bin:${PATH} PYTHONPATH=/home/lfvmu/kobuki/install/lib/python3.8/site-packages /usr/bin/cmake /home/lfvmu/kobuki/src/ecl_core/ecl_mpl -DBUILD_TESTING=OFF -DCMAKE_BUILD_TYPE=RelWithDebInfo -DCMAKE_INSTALL_PREFIX=/home/lfvmu/kobuki/install
[0.954s] Invoking command in '/home/lfvmu/kobuki/build/ecl_mpl': AMENT_PREFIX_PATH=/home/lfvmu/kobuki/install CMAKE_PREFIX_PATH=/home/lfvmu/kobuki/install LD_LIBRARY_PATH=/home/lfvmu/kobuki/install/lib PATH=/home/lfvmu/kobuki/install/bin:${PATH} PYTHONPATH=/home/lfvmu/kobuki/install/lib/python3.8/site-packages /usr/bin/cmake --build /home/lfvmu/kobuki/build/ecl_mpl -- -j4 -l4
[1.087s] Invoked command in '/home/lfvmu/kobuki/build/ecl_mpl' returned '0': AMENT_PREFIX_PATH=/home/lfvmu/kobuki/install CMAKE_PREFIX_PATH=/home/lfvmu/kobuki/install LD_LIBRARY_PATH=/home/lfvmu/kobuki/install/lib PATH=/home/lfvmu/kobuki/install/bin:${PATH} PYTHONPATH=/home/lfvmu/kobuki/install/lib/python3.8/site-packages /usr/bin/cmake --build /home/lfvmu/kobuki/build/ecl_mpl -- -j4 -l4
[1.160s] Invoking command in '/home/lfvmu/kobuki/build/ecl_mpl': AMENT_PREFIX_PATH=/home/lfvmu/kobuki/install CMAKE_PREFIX_PATH=/home/lfvmu/kobuki/install LD_LIBRARY_PATH=/home/lfvmu/kobuki/install/lib PATH=/home/lfvmu/kobuki/install/bin:${PATH} PYTHONPATH=/home/lfvmu/kobuki/install/lib/python3.8/site-packages /usr/bin/cmake --install /home/lfvmu/kobuki/build/ecl_mpl
[1.179s] -- Install configuration: "RelWithDebInfo"
[1.179s] -- Up-to-date: /home/lfvmu/kobuki/install/share/ament_index/resource_index/package_run_dependencies/ecl_mpl
[1.180s] -- Up-to-date: /home/lfvmu/kobuki/install/share/ament_index/resource_index/parent_prefix_path/ecl_mpl
[1.180s] -- Up-to-date: /home/lfvmu/kobuki/install/share/ecl_mpl/environment/ament_prefix_path.sh
[1.180s] -- Installing: /home/lfvmu/kobuki/install/share/ecl_mpl/environment/ament_prefix_path.dsv
[1.181s] -- Up-to-date: /home/lfvmu/kobuki/install/share/ecl_mpl/environment/path.sh
[1.182s] -- Installing: /home/lfvmu/kobuki/install/share/ecl_mpl/environment/path.dsv
[1.183s] -- Up-to-date: /home/lfvmu/kobuki/install/share/ecl_mpl/local_setup.bash
[1.183s] -- Up-to-date: /home/lfvmu/kobuki/install/share/ecl_mpl/local_setup.sh
[1.184s] -- Up-to-date: /home/lfvmu/kobuki/install/share/ecl_mpl/local_setup.zsh
[1.184s] -- Installing: /home/lfvmu/kobuki/install/share/ecl_mpl/local_setup.dsv
[1.184s] -- Installing: /home/lfvmu/kobuki/install/share/ecl_mpl/package.dsv
[1.185s] -- Up-to-date: /home/lfvmu/kobuki/install/share/ament_index/resource_index/packages/ecl_mpl
[1.186s] -- Up-to-date: /home/lfvmu/kobuki/install/share/ecl_mpl/cmake/ecl_mplExport.cmake
[1.186s] -- Up-to-date: /home/lfvmu/kobuki/install/share/ecl_mpl/cmake/ament_cmake_export_targets-extras.cmake
[1.187s] -- Up-to-date: /home/lfvmu/kobuki/install/share/ecl_mpl/cmake/ament_cmake_export_include_directories-extras.cmake
[1.187s] -- Up-to-date: /home/lfvmu/kobuki/install/share/ecl_mpl/cmake/ecl_mplConfig.cmake
[1.187s] -- Up-to-date: /home/lfvmu/kobuki/install/share/ecl_mpl/cmake/ecl_mplConfig-version.cmake
[1.187s] -- Up-to-date: /home/lfvmu/kobuki/install/share/ecl_mpl/package.xml
[1.188s] -- Up-to-date: /home/lfvmu/kobuki/install/include/ecl/mpl.hpp
[1.189s] -- Up-to-date: /home/lfvmu/kobuki/install/include/ecl/mpl/bool.hpp
[1.189s] -- Up-to-date: /home/lfvmu/kobuki/install/include/ecl/mpl/converters.hpp
[1.190s] -- Up-to-date: /home/lfvmu/kobuki/install/include/ecl/mpl/enable_if.hpp
[1.190s] -- Up-to-date: /home/lfvmu/kobuki/install/include/ecl/mpl/failed_object.hpp
[1.190s] -- Up-to-date: /home/lfvmu/kobuki/install/include/ecl/mpl/if.hpp
[1.213s] Invoked command in '/home/lfvmu/kobuki/build/ecl_mpl' returned '0': AMENT_PREFIX_PATH=/home/lfvmu/kobuki/install CMAKE_PREFIX_PATH=/home/lfvmu/kobuki/install LD_LIBRARY_PATH=/home/lfvmu/kobuki/install/lib PATH=/home/lfvmu/kobuki/install/bin:${PATH} PYTHONPATH=/home/lfvmu/kobuki/install/lib/python3.8/site-packages /usr/bin/cmake --install /home/lfvmu/kobuki/build/ecl_mpl
