[0.529s] Invoking command in '/home/lfvmu/kobuki/build/ecl_linear_algebra': /usr/bin/cmake /home/lfvmu/kobuki/src/ecl_core/ecl_linear_algebra -DBUILD_TESTING=OFF -DCMAKE_INSTALL_PREFIX=/home/lfvmu/kobuki/install
[0.576s] -- Found ament_cmake_ros: 0.9.2 (/home/lfvmu/kobuki/install/share/ament_cmake_ros/cmake)
[0.631s] -- Using PYTHON_EXECUTABLE: /usr/bin/python3
[0.961s] -- Found ecl_build: 1.0.3 (/home/lfvmu/kobuki/install/share/ecl_build/cmake)
[0.986s] -- Found ecl_eigen: 1.2.1 (/home/lfvmu/kobuki/install/share/ecl_eigen/cmake)
[0.995s] -- Found ecl_exceptions: 1.2.1 (/home/lfvmu/kobuki/install/share/ecl_exceptions/cmake)
[1.021s] -- Found ecl_formatters: 1.2.1 (/home/lfvmu/kobuki/install/share/ecl_formatters/cmake)
[1.075s] -- Found ecl_math: 1.2.1 (/home/lfvmu/kobuki/install/share/ecl_math/cmake)
[1.271s] -- Configuring done
[1.329s] -- Generating done
[1.329s] -- Build files have been written to: /home/lfvmu/kobuki/build/ecl_linear_algebra
[1.367s] Invoked command in '/home/lfvmu/kobuki/build/ecl_linear_algebra' returned '0': /usr/bin/cmake /home/lfvmu/kobuki/src/ecl_core/ecl_linear_algebra -DBUILD_TESTING=OFF -DCMAKE_INSTALL_PREFIX=/home/lfvmu/kobuki/install
[1.373s] Invoking command in '/home/lfvmu/kobuki/build/ecl_linear_algebra': /usr/bin/cmake --build /home/lfvmu/kobuki/build/ecl_linear_algebra -- -j4 -l4
[1.552s] [100%] Built target ecl_linear_algebra
[1.666s] Invoked command in '/home/lfvmu/kobuki/build/ecl_linear_algebra' returned '0': /usr/bin/cmake --build /home/lfvmu/kobuki/build/ecl_linear_algebra -- -j4 -l4
[1.722s] Invoking command in '/home/lfvmu/kobuki/build/ecl_linear_algebra': /usr/bin/cmake --install /home/lfvmu/kobuki/build/ecl_linear_algebra
[1.749s] -- Install configuration: "RelWithDebInfo"
[1.750s] -- Up-to-date: /home/lfvmu/kobuki/install/share/ecl_linear_algebra/environment/library_path.sh
[1.752s] -- Installing: /home/lfvmu/kobuki/install/share/ecl_linear_algebra/environment/library_path.dsv
[1.752s] -- Up-to-date: /home/lfvmu/kobuki/install/share/ament_index/resource_index/package_run_dependencies/ecl_linear_algebra
[1.752s] -- Up-to-date: /home/lfvmu/kobuki/install/share/ament_index/resource_index/parent_prefix_path/ecl_linear_algebra
[1.752s] -- Up-to-date: /home/lfvmu/kobuki/install/share/ecl_linear_algebra/environment/ament_prefix_path.sh
[1.752s] -- Installing: /home/lfvmu/kobuki/install/share/ecl_linear_algebra/environment/ament_prefix_path.dsv
[1.753s] -- Up-to-date: /home/lfvmu/kobuki/install/share/ecl_linear_algebra/environment/path.sh
[1.753s] -- Installing: /home/lfvmu/kobuki/install/share/ecl_linear_algebra/environment/path.dsv
[1.754s] -- Up-to-date: /home/lfvmu/kobuki/install/share/ecl_linear_algebra/local_setup.bash
[1.754s] -- Up-to-date: /home/lfvmu/kobuki/install/share/ecl_linear_algebra/local_setup.sh
[1.754s] -- Up-to-date: /home/lfvmu/kobuki/install/share/ecl_linear_algebra/local_setup.zsh
[1.756s] -- Installing: /home/lfvmu/kobuki/install/share/ecl_linear_algebra/local_setup.dsv
[1.756s] -- Installing: /home/lfvmu/kobuki/install/share/ecl_linear_algebra/package.dsv
[1.757s] -- Up-to-date: /home/lfvmu/kobuki/install/share/ament_index/resource_index/packages/ecl_linear_algebra
[1.757s] -- Up-to-date: /home/lfvmu/kobuki/install/share/ecl_linear_algebra/cmake/ecl_linear_algebraExport.cmake
[1.758s] -- Installing: /home/lfvmu/kobuki/install/share/ecl_linear_algebra/cmake/ecl_linear_algebraExport-relwithdebinfo.cmake
[1.758s] -- Up-to-date: /home/lfvmu/kobuki/install/share/ecl_linear_algebra/cmake/ament_cmake_export_targets-extras.cmake
[1.759s] -- Up-to-date: /home/lfvmu/kobuki/install/share/ecl_linear_algebra/cmake/ament_cmake_export_include_directories-extras.cmake
[1.759s] -- Up-to-date: /home/lfvmu/kobuki/install/share/ecl_linear_algebra/cmake/ament_cmake_export_libraries-extras.cmake
[1.760s] -- Up-to-date: /home/lfvmu/kobuki/install/share/ecl_linear_algebra/cmake/ament_cmake_export_dependencies-extras.cmake
[1.760s] -- Up-to-date: /home/lfvmu/kobuki/install/share/ecl_linear_algebra/cmake/ecl_linear_algebraConfig.cmake
[1.762s] -- Up-to-date: /home/lfvmu/kobuki/install/share/ecl_linear_algebra/cmake/ecl_linear_algebraConfig-version.cmake
[1.762s] -- Up-to-date: /home/lfvmu/kobuki/install/share/ecl_linear_algebra/package.xml
[1.763s] -- Up-to-date: /home/lfvmu/kobuki/install/include/ecl/linear_algebra.hpp
[1.763s] -- Up-to-date: /home/lfvmu/kobuki/install/include/ecl/linear_algebra/eigen.hpp
[1.763s] -- Up-to-date: /home/lfvmu/kobuki/install/include/ecl/linear_algebra/sophus.hpp
[1.764s] -- Up-to-date: /home/lfvmu/kobuki/install/include/ecl/linear_algebra/eigen/formatters.hpp
[1.765s] -- Up-to-date: /home/lfvmu/kobuki/install/include/ecl/linear_algebra/eigen/plugin.hpp
[1.765s] -- Up-to-date: /home/lfvmu/kobuki/install/include/ecl/linear_algebra/eigen/unsupported/nonlinear_optimization.hpp
[1.765s] -- Up-to-date: /home/lfvmu/kobuki/install/include/ecl/linear_algebra/eigen/unsupported/numerical_diff.hpp
[1.767s] -- Up-to-date: /home/lfvmu/kobuki/install/include/ecl/linear_algebra/sophus/formatters.hpp
[1.767s] -- Up-to-date: /home/lfvmu/kobuki/install/include/ecl/linear_algebra/sophus/helpers.hpp
[1.767s] -- Up-to-date: /home/lfvmu/kobuki/install/include/ecl/linear_algebra/sophus/interpolators.hpp
[1.771s] -- Up-to-date: /home/lfvmu/kobuki/install/lib/libecl_linear_algebra.so.1.2.1
[1.772s] -- Up-to-date: /home/lfvmu/kobuki/install/lib/libecl_linear_algebra.so
[1.783s] Invoked command in '/home/lfvmu/kobuki/build/ecl_linear_algebra' returned '0': /usr/bin/cmake --install /home/lfvmu/kobuki/build/ecl_linear_algebra
