[0.239s] Invoking command in '/home/lfvmu/kobuki/build/ament_cmake_auto': /usr/bin/cmake /home/lfvmu/kobuki/src/ament_cmake/ament_cmake_auto -DBUILD_TESTING=OFF -DCMAKE_BUILD_TYPE=RelWithDebInfo -DCMAKE_INSTALL_PREFIX=/home/lfvmu/kobuki/install
[0.286s] -- Found ament_cmake: 0.9.11 (/home/lfvmu/kobuki/install/share/ament_cmake/cmake)
[0.318s] -- Using PYTHON_EXECUTABLE: /usr/bin/python3
[0.785s] -- Configuring done
[0.805s] -- Generating done
[0.806s] -- Build files have been written to: /home/lfvmu/kobuki/build/ament_cmake_auto
[0.991s] Invoked command in '/home/lfvmu/kobuki/build/ament_cmake_auto' returned '0': /usr/bin/cmake /home/lfvmu/kobuki/src/ament_cmake/ament_cmake_auto -DBUILD_TESTING=OFF -DCMAKE_BUILD_TYPE=RelWithDebInfo -DCMAKE_INSTALL_PREFIX=/home/lfvmu/kobuki/install
[0.993s] Invoking command in '/home/lfvmu/kobuki/build/ament_cmake_auto': /usr/bin/cmake --build /home/lfvmu/kobuki/build/ament_cmake_auto -- -j4 -l4
[1.215s] Invoked command in '/home/lfvmu/kobuki/build/ament_cmake_auto' returned '0': /usr/bin/cmake --build /home/lfvmu/kobuki/build/ament_cmake_auto -- -j4 -l4
[1.488s] Invoking command in '/home/lfvmu/kobuki/build/ament_cmake_auto': /usr/bin/cmake --install /home/lfvmu/kobuki/build/ament_cmake_auto
[1.528s] -- Install configuration: "RelWithDebInfo"
[1.528s] -- Up-to-date: /home/lfvmu/kobuki/install/share/ament_index/resource_index/package_run_dependencies/ament_cmake_auto
[1.529s] -- Up-to-date: /home/lfvmu/kobuki/install/share/ament_index/resource_index/parent_prefix_path/ament_cmake_auto
[1.532s] -- Up-to-date: /home/lfvmu/kobuki/install/share/ament_cmake_auto/environment/ament_prefix_path.sh
[1.536s] -- Installing: /home/lfvmu/kobuki/install/share/ament_cmake_auto/environment/ament_prefix_path.dsv
[1.536s] -- Up-to-date: /home/lfvmu/kobuki/install/share/ament_cmake_auto/environment/path.sh
[1.536s] -- Installing: /home/lfvmu/kobuki/install/share/ament_cmake_auto/environment/path.dsv
[1.536s] -- Up-to-date: /home/lfvmu/kobuki/install/share/ament_cmake_auto/local_setup.bash
[1.537s] -- Up-to-date: /home/lfvmu/kobuki/install/share/ament_cmake_auto/local_setup.sh
[1.537s] -- Up-to-date: /home/lfvmu/kobuki/install/share/ament_cmake_auto/local_setup.zsh
[1.537s] -- Installing: /home/lfvmu/kobuki/install/share/ament_cmake_auto/local_setup.dsv
[1.537s] -- Installing: /home/lfvmu/kobuki/install/share/ament_cmake_auto/package.dsv
[1.537s] -- Up-to-date: /home/lfvmu/kobuki/install/share/ament_index/resource_index/packages/ament_cmake_auto
[1.538s] -- Up-to-date: /home/lfvmu/kobuki/install/share/ament_cmake_auto/cmake/ament_cmake_auto-extras.cmake
[1.538s] -- Up-to-date: /home/lfvmu/kobuki/install/share/ament_cmake_auto/cmake/ament_cmake_autoConfig.cmake
[1.539s] -- Up-to-date: /home/lfvmu/kobuki/install/share/ament_cmake_auto/cmake/ament_cmake_autoConfig-version.cmake
[1.540s] -- Up-to-date: /home/lfvmu/kobuki/install/share/ament_cmake_auto/package.xml
[1.540s] -- Up-to-date: /home/lfvmu/kobuki/install/share/ament_cmake_auto/cmake
[1.540s] -- Up-to-date: /home/lfvmu/kobuki/install/share/ament_cmake_auto/cmake/ament_auto_package.cmake
[1.540s] -- Up-to-date: /home/lfvmu/kobuki/install/share/ament_cmake_auto/cmake/ament_auto_find_build_dependencies.cmake
[1.542s] -- Up-to-date: /home/lfvmu/kobuki/install/share/ament_cmake_auto/cmake/ament_auto_add_executable.cmake
[1.542s] -- Up-to-date: /home/lfvmu/kobuki/install/share/ament_cmake_auto/cmake/ament_auto_generate_code.cmake
[1.543s] -- Up-to-date: /home/lfvmu/kobuki/install/share/ament_cmake_auto/cmake/ament_auto_add_library.cmake
[1.565s] Invoked command in '/home/lfvmu/kobuki/build/ament_cmake_auto' returned '0': /usr/bin/cmake --install /home/lfvmu/kobuki/build/ament_cmake_auto
