[0.238s] Invoking command in '/home/lfvmu/kobuki/build/ecl_console': AMENT_PREFIX_PATH=/home/lfvmu/kobuki/install CMAKE_PREFIX_PATH=/home/lfvmu/kobuki/install LD_LIBRARY_PATH=/home/lfvmu/kobuki/install/lib PATH=/home/lfvmu/kobuki/install/bin:${PATH} PYTHONPATH=/home/lfvmu/kobuki/install/lib/python3.8/site-packages /usr/bin/cmake /home/lfvmu/kobuki/src/ecl_lite/ecl_console -DBUILD_TESTING=OFF -DCMAKE_INSTALL_PREFIX=/home/lfvmu/kobuki/install
[0.256s] Re-run cmake no build system arguments
[0.294s] -- Found ament_cmake_ros: 0.9.2 (/home/lfvmu/kobuki/install/share/ament_cmake_ros/cmake)
[0.356s] -- Using PYTHON_EXECUTABLE: /usr/bin/python3
[0.726s] -- Found ecl_build: 1.0.3 (/home/lfvmu/kobuki/install/share/ecl_build/cmake)
[0.761s] -- Found ecl_config: 1.1.0 (/home/lfvmu/kobuki/install/share/ecl_config/cmake)
[0.909s] -- Configuring done
[0.916s] -- Generating done
[0.920s] -- Build files have been written to: /home/lfvmu/kobuki/build/ecl_console
[0.930s] Invoked command in '/home/lfvmu/kobuki/build/ecl_console' returned '0': AMENT_PREFIX_PATH=/home/lfvmu/kobuki/install CMAKE_PREFIX_PATH=/home/lfvmu/kobuki/install LD_LIBRARY_PATH=/home/lfvmu/kobuki/install/lib PATH=/home/lfvmu/kobuki/install/bin:${PATH} PYTHONPATH=/home/lfvmu/kobuki/install/lib/python3.8/site-packages /usr/bin/cmake /home/lfvmu/kobuki/src/ecl_lite/ecl_console -DBUILD_TESTING=OFF -DCMAKE_INSTALL_PREFIX=/home/lfvmu/kobuki/install
[0.938s] Invoking command in '/home/lfvmu/kobuki/build/ecl_console': AMENT_PREFIX_PATH=/home/lfvmu/kobuki/install CMAKE_PREFIX_PATH=/home/lfvmu/kobuki/install LD_LIBRARY_PATH=/home/lfvmu/kobuki/install/lib PATH=/home/lfvmu/kobuki/install/bin:${PATH} PYTHONPATH=/home/lfvmu/kobuki/install/lib/python3.8/site-packages /usr/bin/cmake --build /home/lfvmu/kobuki/build/ecl_console -- -j4 -l4
[0.988s] /usr/bin/cmake -S/home/lfvmu/kobuki/src/ecl_lite/ecl_console -B/home/lfvmu/kobuki/build/ecl_console --check-build-system CMakeFiles/Makefile.cmake 0
[1.028s] /usr/bin/cmake -E cmake_progress_start /home/lfvmu/kobuki/build/ecl_console/CMakeFiles /home/lfvmu/kobuki/build/ecl_console/CMakeFiles/progress.marks
[1.052s] /usr/bin/make -f CMakeFiles/Makefile2 all
[1.063s] make[1]: Entering directory '/home/lfvmu/kobuki/build/ecl_console'
[1.067s] make[1]: Nothing to be done for 'all'.
[1.067s] make[1]: Leaving directory '/home/lfvmu/kobuki/build/ecl_console'
[1.067s] /usr/bin/cmake -E cmake_progress_start /home/lfvmu/kobuki/build/ecl_console/CMakeFiles 0
[1.230s] Invoked command in '/home/lfvmu/kobuki/build/ecl_console' returned '0': AMENT_PREFIX_PATH=/home/lfvmu/kobuki/install CMAKE_PREFIX_PATH=/home/lfvmu/kobuki/install LD_LIBRARY_PATH=/home/lfvmu/kobuki/install/lib PATH=/home/lfvmu/kobuki/install/bin:${PATH} PYTHONPATH=/home/lfvmu/kobuki/install/lib/python3.8/site-packages /usr/bin/cmake --build /home/lfvmu/kobuki/build/ecl_console -- -j4 -l4
[1.306s] Invoking command in '/home/lfvmu/kobuki/build/ecl_console': AMENT_PREFIX_PATH=/home/lfvmu/kobuki/install CMAKE_PREFIX_PATH=/home/lfvmu/kobuki/install LD_LIBRARY_PATH=/home/lfvmu/kobuki/install/lib PATH=/home/lfvmu/kobuki/install/bin:${PATH} PYTHONPATH=/home/lfvmu/kobuki/install/lib/python3.8/site-packages /usr/bin/cmake --install /home/lfvmu/kobuki/build/ecl_console
[1.323s] -- Install configuration: ""
[1.324s] -- Up-to-date: /home/lfvmu/kobuki/install/include/ecl
[1.324s] -- Up-to-date: /home/lfvmu/kobuki/install/include/ecl/console.hpp
[1.324s] -- Up-to-date: /home/lfvmu/kobuki/install/share/ament_index/resource_index/package_run_dependencies/ecl_console
[1.325s] -- Up-to-date: /home/lfvmu/kobuki/install/share/ament_index/resource_index/parent_prefix_path/ecl_console
[1.325s] -- Up-to-date: /home/lfvmu/kobuki/install/share/ecl_console/environment/ament_prefix_path.sh
[1.325s] -- Installing: /home/lfvmu/kobuki/install/share/ecl_console/environment/ament_prefix_path.dsv
[1.326s] -- Up-to-date: /home/lfvmu/kobuki/install/share/ecl_console/environment/path.sh
[1.326s] -- Installing: /home/lfvmu/kobuki/install/share/ecl_console/environment/path.dsv
[1.326s] -- Up-to-date: /home/lfvmu/kobuki/install/share/ecl_console/local_setup.bash
[1.327s] -- Up-to-date: /home/lfvmu/kobuki/install/share/ecl_console/local_setup.sh
[1.327s] -- Up-to-date: /home/lfvmu/kobuki/install/share/ecl_console/local_setup.zsh
[1.327s] -- Installing: /home/lfvmu/kobuki/install/share/ecl_console/local_setup.dsv
[1.328s] -- Installing: /home/lfvmu/kobuki/install/share/ecl_console/package.dsv
[1.328s] -- Up-to-date: /home/lfvmu/kobuki/install/share/ament_index/resource_index/packages/ecl_console
[1.329s] -- Up-to-date: /home/lfvmu/kobuki/install/share/ecl_console/cmake/ecl_consoleExport.cmake
[1.330s] -- Up-to-date: /home/lfvmu/kobuki/install/share/ecl_console/cmake/ament_cmake_export_targets-extras.cmake
[1.330s] -- Up-to-date: /home/lfvmu/kobuki/install/share/ecl_console/cmake/ament_cmake_export_include_directories-extras.cmake
[1.330s] -- Up-to-date: /home/lfvmu/kobuki/install/share/ecl_console/cmake/ament_cmake_export_dependencies-extras.cmake
[1.331s] -- Up-to-date: /home/lfvmu/kobuki/install/share/ecl_console/cmake/ecl_consoleConfig.cmake
[1.331s] -- Up-to-date: /home/lfvmu/kobuki/install/share/ecl_console/cmake/ecl_consoleConfig-version.cmake
[1.332s] -- Up-to-date: /home/lfvmu/kobuki/install/share/ecl_console/package.xml
[1.350s] Invoked command in '/home/lfvmu/kobuki/build/ecl_console' returned '0': AMENT_PREFIX_PATH=/home/lfvmu/kobuki/install CMAKE_PREFIX_PATH=/home/lfvmu/kobuki/install LD_LIBRARY_PATH=/home/lfvmu/kobuki/install/lib PATH=/home/lfvmu/kobuki/install/bin:${PATH} PYTHONPATH=/home/lfvmu/kobuki/install/lib/python3.8/site-packages /usr/bin/cmake --install /home/lfvmu/kobuki/build/ecl_console
