[0.254s] Invoking command in '/home/lfvmu/kobuki/build/ecl_devices': /usr/bin/cmake /home/lfvmu/kobuki/src/ecl_core/ecl_devices -DBUILD_TESTING=OFF -DCMAKE_BUILD_TYPE=RelWithDebInfo -DCMAKE_INSTALL_PREFIX=/home/lfvmu/kobuki/install
[0.318s] -- Found ament_cmake_ros: 0.9.2 (/home/lfvmu/kobuki/install/share/ament_cmake_ros/cmake)
[0.371s] -- Using PYTHON_EXECUTABLE: /usr/bin/python3
[0.777s] -- Found ecl_build: 1.0.3 (/home/lfvmu/kobuki/install/share/ecl_build/cmake)
[0.800s] -- Found ecl_config: 1.1.0 (/home/lfvmu/kobuki/install/share/ecl_config/cmake)
[0.806s] -- Found ecl_containers: 1.2.1 (/home/lfvmu/kobuki/install/share/ecl_containers/cmake)
[0.908s] -- Found ecl_threads: 1.2.1 (/home/lfvmu/kobuki/install/share/ecl_threads/cmake)
[1.148s] -- Configuring done
[1.207s] -- Generating done
[1.217s] -- Build files have been written to: /home/lfvmu/kobuki/build/ecl_devices
[1.394s] Invoked command in '/home/lfvmu/kobuki/build/ecl_devices' returned '0': /usr/bin/cmake /home/lfvmu/kobuki/src/ecl_core/ecl_devices -DBUILD_TESTING=OFF -DCMAKE_BUILD_TYPE=RelWithDebInfo -DCMAKE_INSTALL_PREFIX=/home/lfvmu/kobuki/install
[1.399s] Invoking command in '/home/lfvmu/kobuki/build/ecl_devices': /usr/bin/cmake --build /home/lfvmu/kobuki/build/ecl_devices -- -j4 -l4
[1.572s] [ 87%] Built target ecl_devices
[1.647s] [100%] Built target ecl_demo_serial_timeouts
[1.702s] Invoked command in '/home/lfvmu/kobuki/build/ecl_devices' returned '0': /usr/bin/cmake --build /home/lfvmu/kobuki/build/ecl_devices -- -j4 -l4
[1.764s] Invoking command in '/home/lfvmu/kobuki/build/ecl_devices': /usr/bin/cmake --install /home/lfvmu/kobuki/build/ecl_devices
[1.785s] -- Install configuration: "RelWithDebInfo"
[1.786s] -- Up-to-date: /home/lfvmu/kobuki/install/share/ecl_devices/environment/library_path.sh
[1.786s] -- Installing: /home/lfvmu/kobuki/install/share/ecl_devices/environment/library_path.dsv
[1.787s] -- Up-to-date: /home/lfvmu/kobuki/install/share/ament_index/resource_index/package_run_dependencies/ecl_devices
[1.788s] -- Up-to-date: /home/lfvmu/kobuki/install/share/ament_index/resource_index/parent_prefix_path/ecl_devices
[1.788s] -- Up-to-date: /home/lfvmu/kobuki/install/share/ecl_devices/environment/ament_prefix_path.sh
[1.789s] -- Installing: /home/lfvmu/kobuki/install/share/ecl_devices/environment/ament_prefix_path.dsv
[1.790s] -- Up-to-date: /home/lfvmu/kobuki/install/share/ecl_devices/environment/path.sh
[1.790s] -- Installing: /home/lfvmu/kobuki/install/share/ecl_devices/environment/path.dsv
[1.791s] -- Up-to-date: /home/lfvmu/kobuki/install/share/ecl_devices/local_setup.bash
[1.791s] -- Up-to-date: /home/lfvmu/kobuki/install/share/ecl_devices/local_setup.sh
[1.792s] -- Up-to-date: /home/lfvmu/kobuki/install/share/ecl_devices/local_setup.zsh
[1.792s] -- Installing: /home/lfvmu/kobuki/install/share/ecl_devices/local_setup.dsv
[1.793s] -- Installing: /home/lfvmu/kobuki/install/share/ecl_devices/package.dsv
[1.793s] -- Up-to-date: /home/lfvmu/kobuki/install/share/ament_index/resource_index/packages/ecl_devices
[1.794s] -- Up-to-date: /home/lfvmu/kobuki/install/share/ecl_devices/cmake/ecl_devicesExport.cmake
[1.795s] -- Installing: /home/lfvmu/kobuki/install/share/ecl_devices/cmake/ecl_devicesExport-relwithdebinfo.cmake
[1.795s] -- Up-to-date: /home/lfvmu/kobuki/install/share/ecl_devices/cmake/ament_cmake_export_targets-extras.cmake
[1.796s] -- Up-to-date: /home/lfvmu/kobuki/install/share/ecl_devices/cmake/ament_cmake_export_include_directories-extras.cmake
[1.796s] -- Up-to-date: /home/lfvmu/kobuki/install/share/ecl_devices/cmake/ament_cmake_export_libraries-extras.cmake
[1.797s] -- Up-to-date: /home/lfvmu/kobuki/install/share/ecl_devices/cmake/ament_cmake_export_dependencies-extras.cmake
[1.797s] -- Up-to-date: /home/lfvmu/kobuki/install/share/ecl_devices/cmake/ecl_devicesConfig.cmake
[1.798s] -- Up-to-date: /home/lfvmu/kobuki/install/share/ecl_devices/cmake/ecl_devicesConfig-version.cmake
[1.798s] -- Up-to-date: /home/lfvmu/kobuki/install/share/ecl_devices/package.xml
[1.799s] -- Up-to-date: /home/lfvmu/kobuki/install/include/ecl/devices.hpp
[1.800s] -- Up-to-date: /home/lfvmu/kobuki/install/include/ecl/devices/console.hpp
[1.800s] -- Up-to-date: /home/lfvmu/kobuki/install/include/ecl/devices/macros.hpp
[1.801s] -- Up-to-date: /home/lfvmu/kobuki/install/include/ecl/devices/modes.hpp
[1.801s] -- Up-to-date: /home/lfvmu/kobuki/install/include/ecl/devices/ofile.hpp
[1.802s] -- Up-to-date: /home/lfvmu/kobuki/install/include/ecl/devices/ofile_pos.hpp
[1.802s] -- Up-to-date: /home/lfvmu/kobuki/install/include/ecl/devices/ofile_w32.hpp
[1.802s] -- Up-to-date: /home/lfvmu/kobuki/install/include/ecl/devices/serial.hpp
[1.803s] -- Up-to-date: /home/lfvmu/kobuki/install/include/ecl/devices/serial_parameters.hpp
[1.803s] -- Up-to-date: /home/lfvmu/kobuki/install/include/ecl/devices/serial_pos.hpp
[1.803s] -- Up-to-date: /home/lfvmu/kobuki/install/include/ecl/devices/serial_w32.hpp
[1.803s] -- Up-to-date: /home/lfvmu/kobuki/install/include/ecl/devices/shared_file.hpp
[1.804s] -- Up-to-date: /home/lfvmu/kobuki/install/include/ecl/devices/socket.hpp
[1.804s] -- Up-to-date: /home/lfvmu/kobuki/install/include/ecl/devices/socket_client_pos.hpp
[1.805s] -- Up-to-date: /home/lfvmu/kobuki/install/include/ecl/devices/socket_connection_status.hpp
[1.805s] -- Up-to-date: /home/lfvmu/kobuki/install/include/ecl/devices/socket_server_pos.hpp
[1.806s] -- Up-to-date: /home/lfvmu/kobuki/install/include/ecl/devices/string.hpp
[1.806s] -- Up-to-date: /home/lfvmu/kobuki/install/include/ecl/devices/traits.hpp
[1.813s] -- Up-to-date: /home/lfvmu/kobuki/install/include/ecl/devices/detail/character_buffer.hpp
[1.814s] -- Up-to-date: /home/lfvmu/kobuki/install/include/ecl/devices/detail/error_handler.hpp
[1.814s] -- Up-to-date: /home/lfvmu/kobuki/install/include/ecl/devices/detail/exception_handler_pos.hpp
[1.814s] -- Up-to-date: /home/lfvmu/kobuki/install/include/ecl/devices/detail/socket_error_handler_pos.hpp
[1.814s] -- Up-to-date: /home/lfvmu/kobuki/install/include/ecl/devices/detail/socket_exception_handler_pos.hpp
[1.815s] -- Up-to-date: /home/lfvmu/kobuki/install/lib/libecl_devices.so.1.2.1
[1.815s] -- Up-to-date: /home/lfvmu/kobuki/install/lib/libecl_devices.so
[1.815s] -- Up-to-date: /home/lfvmu/kobuki/install/lib/ecl_devices/demo_serial_timeouts
[1.825s] Invoked command in '/home/lfvmu/kobuki/build/ecl_devices' returned '0': /usr/bin/cmake --install /home/lfvmu/kobuki/build/ecl_devices
