[0.109s] Invoking command in '/home/lfvmu/kobuki/build/ament_cmake_uncrustify': AMENT_PREFIX_PATH=/home/lfvmu/kobuki/install CMAKE_PREFIX_PATH=/home/lfvmu/kobuki/install LD_LIBRARY_PATH=/home/lfvmu/kobuki/install/lib PATH=/home/lfvmu/kobuki/install/bin:${PATH} PYTHONPATH=/home/lfvmu/kobuki/install/lib/python3.8/site-packages /usr/bin/cmake /home/lfvmu/kobuki/src/ament_lint/ament_cmake_uncrustify -DBUILD_TESTING=OFF -DCMAKE_BUILD_TYPE=RelWithDebInfo -DCMAKE_INSTALL_PREFIX=/home/lfvmu/kobuki/install
[0.134s] -- Found ament_cmake_core: 0.9.11 (/home/lfvmu/kobuki/install/share/ament_cmake_core/cmake)
[0.177s] -- Using PYTHON_EXECUTABLE: /usr/bin/python3
[0.529s] -- Found ament_cmake_test: 0.9.11 (/home/lfvmu/kobuki/install/share/ament_cmake_test/cmake)
[0.683s] -- Configuring done
[0.701s] -- Generating done
[0.703s] -- Build files have been written to: /home/lfvmu/kobuki/build/ament_cmake_uncrustify
[0.729s] Invoked command in '/home/lfvmu/kobuki/build/ament_cmake_uncrustify' returned '0': AMENT_PREFIX_PATH=/home/lfvmu/kobuki/install CMAKE_PREFIX_PATH=/home/lfvmu/kobuki/install LD_LIBRARY_PATH=/home/lfvmu/kobuki/install/lib PATH=/home/lfvmu/kobuki/install/bin:${PATH} PYTHONPATH=/home/lfvmu/kobuki/install/lib/python3.8/site-packages /usr/bin/cmake /home/lfvmu/kobuki/src/ament_lint/ament_cmake_uncrustify -DBUILD_TESTING=OFF -DCMAKE_BUILD_TYPE=RelWithDebInfo -DCMAKE_INSTALL_PREFIX=/home/lfvmu/kobuki/install
[0.736s] Invoking command in '/home/lfvmu/kobuki/build/ament_cmake_uncrustify': AMENT_PREFIX_PATH=/home/lfvmu/kobuki/install CMAKE_PREFIX_PATH=/home/lfvmu/kobuki/install LD_LIBRARY_PATH=/home/lfvmu/kobuki/install/lib PATH=/home/lfvmu/kobuki/install/bin:${PATH} PYTHONPATH=/home/lfvmu/kobuki/install/lib/python3.8/site-packages /usr/bin/cmake --build /home/lfvmu/kobuki/build/ament_cmake_uncrustify -- -j4 -l4
[0.837s] Invoked command in '/home/lfvmu/kobuki/build/ament_cmake_uncrustify' returned '0': AMENT_PREFIX_PATH=/home/lfvmu/kobuki/install CMAKE_PREFIX_PATH=/home/lfvmu/kobuki/install LD_LIBRARY_PATH=/home/lfvmu/kobuki/install/lib PATH=/home/lfvmu/kobuki/install/bin:${PATH} PYTHONPATH=/home/lfvmu/kobuki/install/lib/python3.8/site-packages /usr/bin/cmake --build /home/lfvmu/kobuki/build/ament_cmake_uncrustify -- -j4 -l4
[0.891s] Invoking command in '/home/lfvmu/kobuki/build/ament_cmake_uncrustify': AMENT_PREFIX_PATH=/home/lfvmu/kobuki/install CMAKE_PREFIX_PATH=/home/lfvmu/kobuki/install LD_LIBRARY_PATH=/home/lfvmu/kobuki/install/lib PATH=/home/lfvmu/kobuki/install/bin:${PATH} PYTHONPATH=/home/lfvmu/kobuki/install/lib/python3.8/site-packages /usr/bin/cmake --install /home/lfvmu/kobuki/build/ament_cmake_uncrustify
[0.933s] -- Install configuration: "RelWithDebInfo"
[0.934s] -- Up-to-date: /home/lfvmu/kobuki/install/share/ament_index/resource_index/package_run_dependencies/ament_cmake_uncrustify
[0.934s] -- Up-to-date: /home/lfvmu/kobuki/install/share/ament_index/resource_index/parent_prefix_path/ament_cmake_uncrustify
[0.934s] -- Up-to-date: /home/lfvmu/kobuki/install/share/ament_cmake_uncrustify/environment/ament_prefix_path.sh
[0.934s] -- Installing: /home/lfvmu/kobuki/install/share/ament_cmake_uncrustify/environment/ament_prefix_path.dsv
[0.934s] -- Up-to-date: /home/lfvmu/kobuki/install/share/ament_cmake_uncrustify/environment/path.sh
[0.934s] -- Installing: /home/lfvmu/kobuki/install/share/ament_cmake_uncrustify/environment/path.dsv
[0.935s] -- Up-to-date: /home/lfvmu/kobuki/install/share/ament_cmake_uncrustify/local_setup.bash
[0.935s] -- Up-to-date: /home/lfvmu/kobuki/install/share/ament_cmake_uncrustify/local_setup.sh
[0.935s] -- Up-to-date: /home/lfvmu/kobuki/install/share/ament_cmake_uncrustify/local_setup.zsh
[0.935s] -- Installing: /home/lfvmu/kobuki/install/share/ament_cmake_uncrustify/local_setup.dsv
[0.935s] -- Installing: /home/lfvmu/kobuki/install/share/ament_cmake_uncrustify/package.dsv
[0.936s] -- Up-to-date: /home/lfvmu/kobuki/install/share/ament_index/resource_index/packages/ament_cmake_uncrustify
[0.936s] -- Up-to-date: /home/lfvmu/kobuki/install/share/ament_cmake_uncrustify/cmake/ament_cmake_uncrustify-extras.cmake
[0.936s] -- Up-to-date: /home/lfvmu/kobuki/install/share/ament_cmake_uncrustify/cmake/ament_cmake_uncrustifyConfig.cmake
[0.936s] -- Up-to-date: /home/lfvmu/kobuki/install/share/ament_cmake_uncrustify/cmake/ament_cmake_uncrustifyConfig-version.cmake
[0.936s] -- Up-to-date: /home/lfvmu/kobuki/install/share/ament_cmake_uncrustify/package.xml
[0.936s] -- Up-to-date: /home/lfvmu/kobuki/install/share/ament_cmake_uncrustify/cmake
[0.937s] -- Up-to-date: /home/lfvmu/kobuki/install/share/ament_cmake_uncrustify/cmake/ament_uncrustify.cmake
[0.937s] -- Up-to-date: /home/lfvmu/kobuki/install/share/ament_cmake_uncrustify/cmake/ament_cmake_uncrustify_lint_hook.cmake
[1.245s] Invoked command in '/home/lfvmu/kobuki/build/ament_cmake_uncrustify' returned '0': AMENT_PREFIX_PATH=/home/lfvmu/kobuki/install CMAKE_PREFIX_PATH=/home/lfvmu/kobuki/install LD_LIBRARY_PATH=/home/lfvmu/kobuki/install/lib PATH=/home/lfvmu/kobuki/install/bin:${PATH} PYTHONPATH=/home/lfvmu/kobuki/install/lib/python3.8/site-packages /usr/bin/cmake --install /home/lfvmu/kobuki/build/ament_cmake_uncrustify
