[0.388s] Invoking command in '/home/lfvmu/kobuki/build/ecl_sigslots': /usr/bin/cmake /home/lfvmu/kobuki/src/ecl_core/ecl_sigslots -DBUILD_TESTING=OFF -DCMAKE_INSTALL_PREFIX=/home/lfvmu/kobuki/install
[0.447s] -- Found ament_cmake_ros: 0.9.2 (/home/lfvmu/kobuki/install/share/ament_cmake_ros/cmake)
[0.483s] -- Using PYTHON_EXECUTABLE: /usr/bin/python3
[0.860s] -- Found ecl_build: 1.0.3 (/home/lfvmu/kobuki/install/share/ecl_build/cmake)
[0.896s] -- Found ecl_config: 1.1.0 (/home/lfvmu/kobuki/install/share/ecl_config/cmake)
[0.896s] -- Found ecl_threads: 1.2.1 (/home/lfvmu/kobuki/install/share/ecl_threads/cmake)
[1.242s] -- Configuring done
[1.265s] -- Generating done
[1.276s] -- Build files have been written to: /home/lfvmu/kobuki/build/ecl_sigslots
[1.291s] Invoked command in '/home/lfvmu/kobuki/build/ecl_sigslots' returned '0': /usr/bin/cmake /home/lfvmu/kobuki/src/ecl_core/ecl_sigslots -DBUILD_TESTING=OFF -DCMAKE_INSTALL_PREFIX=/home/lfvmu/kobuki/install
[1.292s] Invoking command in '/home/lfvmu/kobuki/build/ecl_sigslots': /usr/bin/cmake --build /home/lfvmu/kobuki/build/ecl_sigslots -- -j4 -l4
[1.478s] [ 50%] Built target ecl_demo_sigslots
[1.484s] [100%] Built target ecl_demo_sigslots_manager
[1.513s] Invoked command in '/home/lfvmu/kobuki/build/ecl_sigslots' returned '0': /usr/bin/cmake --build /home/lfvmu/kobuki/build/ecl_sigslots -- -j4 -l4
[1.632s] Invoking command in '/home/lfvmu/kobuki/build/ecl_sigslots': /usr/bin/cmake --install /home/lfvmu/kobuki/build/ecl_sigslots
[1.670s] -- Install configuration: "RelWithDebInfo"
[1.671s] -- Up-to-date: /home/lfvmu/kobuki/install/share/ament_index/resource_index/package_run_dependencies/ecl_sigslots
[1.672s] -- Up-to-date: /home/lfvmu/kobuki/install/share/ament_index/resource_index/parent_prefix_path/ecl_sigslots
[1.672s] -- Up-to-date: /home/lfvmu/kobuki/install/share/ecl_sigslots/environment/ament_prefix_path.sh
[1.672s] -- Installing: /home/lfvmu/kobuki/install/share/ecl_sigslots/environment/ament_prefix_path.dsv
[1.673s] -- Up-to-date: /home/lfvmu/kobuki/install/share/ecl_sigslots/environment/path.sh
[1.673s] -- Installing: /home/lfvmu/kobuki/install/share/ecl_sigslots/environment/path.dsv
[1.676s] -- Up-to-date: /home/lfvmu/kobuki/install/share/ecl_sigslots/local_setup.bash
[1.677s] -- Up-to-date: /home/lfvmu/kobuki/install/share/ecl_sigslots/local_setup.sh
[1.677s] -- Up-to-date: /home/lfvmu/kobuki/install/share/ecl_sigslots/local_setup.zsh
[1.678s] -- Installing: /home/lfvmu/kobuki/install/share/ecl_sigslots/local_setup.dsv
[1.678s] -- Installing: /home/lfvmu/kobuki/install/share/ecl_sigslots/package.dsv
[1.678s] -- Up-to-date: /home/lfvmu/kobuki/install/share/ament_index/resource_index/packages/ecl_sigslots
[1.682s] -- Up-to-date: /home/lfvmu/kobuki/install/share/ecl_sigslots/cmake/ecl_sigslotsExport.cmake
[1.683s] -- Up-to-date: /home/lfvmu/kobuki/install/share/ecl_sigslots/cmake/ament_cmake_export_targets-extras.cmake
[1.683s] -- Up-to-date: /home/lfvmu/kobuki/install/share/ecl_sigslots/cmake/ament_cmake_export_include_directories-extras.cmake
[1.684s] -- Up-to-date: /home/lfvmu/kobuki/install/share/ecl_sigslots/cmake/ament_cmake_export_dependencies-extras.cmake
[1.684s] -- Up-to-date: /home/lfvmu/kobuki/install/share/ecl_sigslots/cmake/ecl_sigslotsConfig.cmake
[1.684s] -- Up-to-date: /home/lfvmu/kobuki/install/share/ecl_sigslots/cmake/ecl_sigslotsConfig-version.cmake
[1.685s] -- Up-to-date: /home/lfvmu/kobuki/install/share/ecl_sigslots/package.xml
[1.685s] -- Up-to-date: /home/lfvmu/kobuki/install/include/ecl/sigslots.hpp
[1.685s] -- Up-to-date: /home/lfvmu/kobuki/install/include/ecl/sigslots/macros.hpp
[1.686s] -- Up-to-date: /home/lfvmu/kobuki/install/include/ecl/sigslots/manager.hpp
[1.687s] -- Up-to-date: /home/lfvmu/kobuki/install/include/ecl/sigslots/signal.hpp
[1.687s] -- Up-to-date: /home/lfvmu/kobuki/install/include/ecl/sigslots/sigslot.hpp
[1.691s] -- Up-to-date: /home/lfvmu/kobuki/install/include/ecl/sigslots/slot.hpp
[1.692s] -- Up-to-date: /home/lfvmu/kobuki/install/include/ecl/sigslots/topic.hpp
[1.693s] -- Up-to-date: /home/lfvmu/kobuki/install/lib/ecl_sigslots/demo_sigslots
[1.693s] -- Up-to-date: /home/lfvmu/kobuki/install/lib/ecl_sigslots/demo_sigslots_manager
[1.729s] Invoked command in '/home/lfvmu/kobuki/build/ecl_sigslots' returned '0': /usr/bin/cmake --install /home/lfvmu/kobuki/build/ecl_sigslots
