[0.308s] Invoking command in '/home/lfvmu/kobuki/build/ecl_concepts': AMENT_PREFIX_PATH=/home/lfvmu/kobuki/install CMAKE_PREFIX_PATH=/home/lfvmu/kobuki/install LD_LIBRARY_PATH=/home/lfvmu/kobuki/install/lib PATH=/home/lfvmu/kobuki/install/bin:${PATH} PYTHONPATH=/home/lfvmu/kobuki/install/lib/python3.8/site-packages /usr/bin/cmake /home/lfvmu/kobuki/src/ecl_core/ecl_concepts -DBUILD_TESTING=OFF -DCMAKE_BUILD_TYPE=RelWithDebInfo -DCMAKE_INSTALL_PREFIX=/home/lfvmu/kobuki/install
[0.353s] -- Found ament_cmake_ros: 0.9.2 (/home/lfvmu/kobuki/install/share/ament_cmake_ros/cmake)
[0.398s] -- Using PYTHON_EXECUTABLE: /usr/bin/python3
[0.846s] -- Found ecl_build: 1.0.3 (/home/lfvmu/kobuki/install/share/ecl_build/cmake)
[0.899s] -- Found ecl_config: 1.1.0 (/home/lfvmu/kobuki/install/share/ecl_config/cmake)
[0.919s] -- Found ecl_type_traits: 1.2.1 (/home/lfvmu/kobuki/install/share/ecl_type_traits/cmake)
[1.296s] -- Configuring done
[1.328s] -- Generating done
[1.332s] -- Build files have been written to: /home/lfvmu/kobuki/build/ecl_concepts
[1.349s] Invoked command in '/home/lfvmu/kobuki/build/ecl_concepts' returned '0': AMENT_PREFIX_PATH=/home/lfvmu/kobuki/install CMAKE_PREFIX_PATH=/home/lfvmu/kobuki/install LD_LIBRARY_PATH=/home/lfvmu/kobuki/install/lib PATH=/home/lfvmu/kobuki/install/bin:${PATH} PYTHONPATH=/home/lfvmu/kobuki/install/lib/python3.8/site-packages /usr/bin/cmake /home/lfvmu/kobuki/src/ecl_core/ecl_concepts -DBUILD_TESTING=OFF -DCMAKE_BUILD_TYPE=RelWithDebInfo -DCMAKE_INSTALL_PREFIX=/home/lfvmu/kobuki/install
[1.356s] Invoking command in '/home/lfvmu/kobuki/build/ecl_concepts': AMENT_PREFIX_PATH=/home/lfvmu/kobuki/install CMAKE_PREFIX_PATH=/home/lfvmu/kobuki/install LD_LIBRARY_PATH=/home/lfvmu/kobuki/install/lib PATH=/home/lfvmu/kobuki/install/bin:${PATH} PYTHONPATH=/home/lfvmu/kobuki/install/lib/python3.8/site-packages /usr/bin/cmake --build /home/lfvmu/kobuki/build/ecl_concepts -- -j4 -l4
[1.472s] Invoked command in '/home/lfvmu/kobuki/build/ecl_concepts' returned '0': AMENT_PREFIX_PATH=/home/lfvmu/kobuki/install CMAKE_PREFIX_PATH=/home/lfvmu/kobuki/install LD_LIBRARY_PATH=/home/lfvmu/kobuki/install/lib PATH=/home/lfvmu/kobuki/install/bin:${PATH} PYTHONPATH=/home/lfvmu/kobuki/install/lib/python3.8/site-packages /usr/bin/cmake --build /home/lfvmu/kobuki/build/ecl_concepts -- -j4 -l4
[1.532s] Invoking command in '/home/lfvmu/kobuki/build/ecl_concepts': AMENT_PREFIX_PATH=/home/lfvmu/kobuki/install CMAKE_PREFIX_PATH=/home/lfvmu/kobuki/install LD_LIBRARY_PATH=/home/lfvmu/kobuki/install/lib PATH=/home/lfvmu/kobuki/install/bin:${PATH} PYTHONPATH=/home/lfvmu/kobuki/install/lib/python3.8/site-packages /usr/bin/cmake --install /home/lfvmu/kobuki/build/ecl_concepts
[1.551s] -- Install configuration: "RelWithDebInfo"
[1.552s] -- Up-to-date: /home/lfvmu/kobuki/install/share/ament_index/resource_index/package_run_dependencies/ecl_concepts
[1.552s] -- Up-to-date: /home/lfvmu/kobuki/install/share/ament_index/resource_index/parent_prefix_path/ecl_concepts
[1.553s] -- Up-to-date: /home/lfvmu/kobuki/install/share/ecl_concepts/environment/ament_prefix_path.sh
[1.553s] -- Installing: /home/lfvmu/kobuki/install/share/ecl_concepts/environment/ament_prefix_path.dsv
[1.554s] -- Up-to-date: /home/lfvmu/kobuki/install/share/ecl_concepts/environment/path.sh
[1.554s] -- Installing: /home/lfvmu/kobuki/install/share/ecl_concepts/environment/path.dsv
[1.554s] -- Up-to-date: /home/lfvmu/kobuki/install/share/ecl_concepts/local_setup.bash
[1.555s] -- Up-to-date: /home/lfvmu/kobuki/install/share/ecl_concepts/local_setup.sh
[1.555s] -- Up-to-date: /home/lfvmu/kobuki/install/share/ecl_concepts/local_setup.zsh
[1.555s] -- Installing: /home/lfvmu/kobuki/install/share/ecl_concepts/local_setup.dsv
[1.556s] -- Installing: /home/lfvmu/kobuki/install/share/ecl_concepts/package.dsv
[1.557s] -- Up-to-date: /home/lfvmu/kobuki/install/share/ament_index/resource_index/packages/ecl_concepts
[1.557s] -- Up-to-date: /home/lfvmu/kobuki/install/share/ecl_concepts/cmake/ecl_conceptsExport.cmake
[1.558s] -- Up-to-date: /home/lfvmu/kobuki/install/share/ecl_concepts/cmake/ament_cmake_export_targets-extras.cmake
[1.558s] -- Up-to-date: /home/lfvmu/kobuki/install/share/ecl_concepts/cmake/ament_cmake_export_include_directories-extras.cmake
[1.558s] -- Up-to-date: /home/lfvmu/kobuki/install/share/ecl_concepts/cmake/ament_cmake_export_dependencies-extras.cmake
[1.558s] -- Up-to-date: /home/lfvmu/kobuki/install/share/ecl_concepts/cmake/ecl_conceptsConfig.cmake
[1.559s] -- Up-to-date: /home/lfvmu/kobuki/install/share/ecl_concepts/cmake/ecl_conceptsConfig-version.cmake
[1.559s] -- Up-to-date: /home/lfvmu/kobuki/install/share/ecl_concepts/package.xml
[1.560s] -- Up-to-date: /home/lfvmu/kobuki/install/include/ecl/concepts.hpp
[1.560s] -- Up-to-date: /home/lfvmu/kobuki/install/include/ecl/concepts/blueprints.hpp
[1.561s] -- Up-to-date: /home/lfvmu/kobuki/install/include/ecl/concepts/containers.hpp
[1.561s] -- Up-to-date: /home/lfvmu/kobuki/install/include/ecl/concepts/devices.hpp
[1.561s] -- Up-to-date: /home/lfvmu/kobuki/install/include/ecl/concepts/macros.hpp
[1.562s] -- Up-to-date: /home/lfvmu/kobuki/install/include/ecl/concepts/nullary_function.hpp
[1.562s] -- Up-to-date: /home/lfvmu/kobuki/install/include/ecl/concepts/streams.hpp
[1.571s] Invoked command in '/home/lfvmu/kobuki/build/ecl_concepts' returned '0': AMENT_PREFIX_PATH=/home/lfvmu/kobuki/install CMAKE_PREFIX_PATH=/home/lfvmu/kobuki/install LD_LIBRARY_PATH=/home/lfvmu/kobuki/install/lib PATH=/home/lfvmu/kobuki/install/bin:${PATH} PYTHONPATH=/home/lfvmu/kobuki/install/lib/python3.8/site-packages /usr/bin/cmake --install /home/lfvmu/kobuki/build/ecl_concepts
