[0.163s] Invoking command in '/home/lfvmu/kobuki/build/ecl_console': AMENT_PREFIX_PATH=/home/lfvmu/kobuki/install CMAKE_PREFIX_PATH=/home/lfvmu/kobuki/install LD_LIBRARY_PATH=/home/lfvmu/kobuki/install/lib PATH=/home/lfvmu/kobuki/install/bin:${PATH} PYTHONPATH=/home/lfvmu/kobuki/install/lib/python3.8/site-packages /usr/bin/cmake /home/lfvmu/kobuki/src/ecl_lite/ecl_console -DBUILD_TESTING=OFF -DCMAKE_INSTALL_PREFIX=/home/lfvmu/kobuki/install
[0.335s] -- The C compiler identification is GNU 9.4.0
[0.524s] -- The CXX compiler identification is GNU 9.4.0
[0.546s] -- Check for working C compiler: /usr/bin/cc
[0.742s] -- Check for working C compiler: /usr/bin/cc -- works
[0.745s] -- Detecting C compiler ABI info
[0.972s] -- Detecting C compiler ABI info - done
[1.024s] -- Detecting C compile features
[1.025s] -- Detecting C compile features - done
[1.036s] -- Check for working CXX compiler: /usr/bin/c++
[1.270s] -- Check for working CXX compiler: /usr/bin/c++ -- works
[1.271s] -- Detecting CXX compiler ABI info
[1.575s] -- Detecting CXX compiler ABI info - done
[1.643s] -- Detecting CXX compile features
[1.646s] -- Detecting CXX compile features - done
[1.650s] -- Found ament_cmake_ros: 0.9.2 (/home/lfvmu/kobuki/install/share/ament_cmake_ros/cmake)
[1.695s] -- Found PythonInterp: /usr/bin/python3 (found suitable version "3.8.10", minimum required is "3") 
[1.695s] -- Using PYTHON_EXECUTABLE: /usr/bin/python3
[2.083s] -- Found ecl_build: 1.0.3 (/home/lfvmu/kobuki/install/share/ecl_build/cmake)
[2.107s] -- Found ecl_config: 1.1.0 (/home/lfvmu/kobuki/install/share/ecl_config/cmake)
[2.269s] -- Configuring done
[2.276s] -- Generating done
[2.279s] -- Build files have been written to: /home/lfvmu/kobuki/build/ecl_console
[2.293s] Invoked command in '/home/lfvmu/kobuki/build/ecl_console' returned '0': AMENT_PREFIX_PATH=/home/lfvmu/kobuki/install CMAKE_PREFIX_PATH=/home/lfvmu/kobuki/install LD_LIBRARY_PATH=/home/lfvmu/kobuki/install/lib PATH=/home/lfvmu/kobuki/install/bin:${PATH} PYTHONPATH=/home/lfvmu/kobuki/install/lib/python3.8/site-packages /usr/bin/cmake /home/lfvmu/kobuki/src/ecl_lite/ecl_console -DBUILD_TESTING=OFF -DCMAKE_INSTALL_PREFIX=/home/lfvmu/kobuki/install
[2.295s] Invoking command in '/home/lfvmu/kobuki/build/ecl_console': AMENT_PREFIX_PATH=/home/lfvmu/kobuki/install CMAKE_PREFIX_PATH=/home/lfvmu/kobuki/install LD_LIBRARY_PATH=/home/lfvmu/kobuki/install/lib PATH=/home/lfvmu/kobuki/install/bin:${PATH} PYTHONPATH=/home/lfvmu/kobuki/install/lib/python3.8/site-packages /usr/bin/cmake --build /home/lfvmu/kobuki/build/ecl_console -- -j4 -l4
[2.407s] Invoked command in '/home/lfvmu/kobuki/build/ecl_console' returned '0': AMENT_PREFIX_PATH=/home/lfvmu/kobuki/install CMAKE_PREFIX_PATH=/home/lfvmu/kobuki/install LD_LIBRARY_PATH=/home/lfvmu/kobuki/install/lib PATH=/home/lfvmu/kobuki/install/bin:${PATH} PYTHONPATH=/home/lfvmu/kobuki/install/lib/python3.8/site-packages /usr/bin/cmake --build /home/lfvmu/kobuki/build/ecl_console -- -j4 -l4
[2.487s] Invoking command in '/home/lfvmu/kobuki/build/ecl_console': AMENT_PREFIX_PATH=/home/lfvmu/kobuki/install CMAKE_PREFIX_PATH=/home/lfvmu/kobuki/install LD_LIBRARY_PATH=/home/lfvmu/kobuki/install/lib PATH=/home/lfvmu/kobuki/install/bin:${PATH} PYTHONPATH=/home/lfvmu/kobuki/install/lib/python3.8/site-packages /usr/bin/cmake --install /home/lfvmu/kobuki/build/ecl_console
[2.508s] -- Install configuration: ""
[2.509s] -- Up-to-date: /home/lfvmu/kobuki/install/include/ecl
[2.509s] -- Installing: /home/lfvmu/kobuki/install/include/ecl/console.hpp
[2.509s] -- Installing: /home/lfvmu/kobuki/install/share/ament_index/resource_index/package_run_dependencies/ecl_console
[2.510s] -- Installing: /home/lfvmu/kobuki/install/share/ament_index/resource_index/parent_prefix_path/ecl_console
[2.510s] -- Installing: /home/lfvmu/kobuki/install/share/ecl_console/environment/ament_prefix_path.sh
[2.511s] -- Installing: /home/lfvmu/kobuki/install/share/ecl_console/environment/ament_prefix_path.dsv
[2.511s] -- Installing: /home/lfvmu/kobuki/install/share/ecl_console/environment/path.sh
[2.511s] -- Installing: /home/lfvmu/kobuki/install/share/ecl_console/environment/path.dsv
[2.512s] -- Installing: /home/lfvmu/kobuki/install/share/ecl_console/local_setup.bash
[2.512s] -- Installing: /home/lfvmu/kobuki/install/share/ecl_console/local_setup.sh
[2.513s] -- Installing: /home/lfvmu/kobuki/install/share/ecl_console/local_setup.zsh
[2.513s] -- Installing: /home/lfvmu/kobuki/install/share/ecl_console/local_setup.dsv
[2.514s] -- Installing: /home/lfvmu/kobuki/install/share/ecl_console/package.dsv
[2.514s] -- Installing: /home/lfvmu/kobuki/install/share/ament_index/resource_index/packages/ecl_console
[2.514s] -- Installing: /home/lfvmu/kobuki/install/share/ecl_console/cmake/ecl_consoleExport.cmake
[2.515s] -- Installing: /home/lfvmu/kobuki/install/share/ecl_console/cmake/ament_cmake_export_targets-extras.cmake
[2.515s] -- Installing: /home/lfvmu/kobuki/install/share/ecl_console/cmake/ament_cmake_export_include_directories-extras.cmake
[2.516s] -- Installing: /home/lfvmu/kobuki/install/share/ecl_console/cmake/ament_cmake_export_dependencies-extras.cmake
[2.516s] -- Installing: /home/lfvmu/kobuki/install/share/ecl_console/cmake/ecl_consoleConfig.cmake
[2.517s] -- Installing: /home/lfvmu/kobuki/install/share/ecl_console/cmake/ecl_consoleConfig-version.cmake
[2.517s] -- Installing: /home/lfvmu/kobuki/install/share/ecl_console/package.xml
[2.538s] Invoked command in '/home/lfvmu/kobuki/build/ecl_console' returned '0': AMENT_PREFIX_PATH=/home/lfvmu/kobuki/install CMAKE_PREFIX_PATH=/home/lfvmu/kobuki/install LD_LIBRARY_PATH=/home/lfvmu/kobuki/install/lib PATH=/home/lfvmu/kobuki/install/bin:${PATH} PYTHONPATH=/home/lfvmu/kobuki/install/lib/python3.8/site-packages /usr/bin/cmake --install /home/lfvmu/kobuki/build/ecl_console
