[0.305s] Invoking command in '/home/lfvmu/kobuki/build/ecl_mpl': /usr/bin/cmake /home/lfvmu/kobuki/src/ecl_core/ecl_mpl -DBUILD_TESTING=OFF -DCMAKE_INSTALL_PREFIX=/home/lfvmu/kobuki/install
[0.384s] -- Found ament_cmake_ros: 0.9.2 (/home/lfvmu/kobuki/install/share/ament_cmake_ros/cmake)
[0.430s] -- Using PYTHON_EXECUTABLE: /usr/bin/python3
[0.830s] -- Found ecl_build: 1.0.3 (/home/lfvmu/kobuki/install/share/ecl_build/cmake)
[1.037s] -- Configuring done
[1.062s] -- Generating done
[1.063s] -- Build files have been written to: /home/lfvmu/kobuki/build/ecl_mpl
[1.119s] Invoked command in '/home/lfvmu/kobuki/build/ecl_mpl' returned '0': /usr/bin/cmake /home/lfvmu/kobuki/src/ecl_core/ecl_mpl -DBUILD_TESTING=OFF -DCMAKE_INSTALL_PREFIX=/home/lfvmu/kobuki/install
[1.122s] Invoking command in '/home/lfvmu/kobuki/build/ecl_mpl': /usr/bin/cmake --build /home/lfvmu/kobuki/build/ecl_mpl -- -j4 -l4
[1.411s] Invoked command in '/home/lfvmu/kobuki/build/ecl_mpl' returned '0': /usr/bin/cmake --build /home/lfvmu/kobuki/build/ecl_mpl -- -j4 -l4
[1.459s] Invoking command in '/home/lfvmu/kobuki/build/ecl_mpl': /usr/bin/cmake --install /home/lfvmu/kobuki/build/ecl_mpl
[1.479s] -- Install configuration: "RelWithDebInfo"
[1.479s] -- Up-to-date: /home/lfvmu/kobuki/install/share/ament_index/resource_index/package_run_dependencies/ecl_mpl
[1.479s] -- Up-to-date: /home/lfvmu/kobuki/install/share/ament_index/resource_index/parent_prefix_path/ecl_mpl
[1.479s] -- Up-to-date: /home/lfvmu/kobuki/install/share/ecl_mpl/environment/ament_prefix_path.sh
[1.480s] -- Installing: /home/lfvmu/kobuki/install/share/ecl_mpl/environment/ament_prefix_path.dsv
[1.480s] -- Up-to-date: /home/lfvmu/kobuki/install/share/ecl_mpl/environment/path.sh
[1.480s] -- Installing: /home/lfvmu/kobuki/install/share/ecl_mpl/environment/path.dsv
[1.480s] -- Up-to-date: /home/lfvmu/kobuki/install/share/ecl_mpl/local_setup.bash
[1.480s] -- Up-to-date: /home/lfvmu/kobuki/install/share/ecl_mpl/local_setup.sh
[1.481s] -- Up-to-date: /home/lfvmu/kobuki/install/share/ecl_mpl/local_setup.zsh
[1.481s] -- Installing: /home/lfvmu/kobuki/install/share/ecl_mpl/local_setup.dsv
[1.481s] -- Installing: /home/lfvmu/kobuki/install/share/ecl_mpl/package.dsv
[1.482s] -- Up-to-date: /home/lfvmu/kobuki/install/share/ament_index/resource_index/packages/ecl_mpl
[1.483s] -- Up-to-date: /home/lfvmu/kobuki/install/share/ecl_mpl/cmake/ecl_mplExport.cmake
[1.483s] -- Up-to-date: /home/lfvmu/kobuki/install/share/ecl_mpl/cmake/ament_cmake_export_targets-extras.cmake
[1.483s] -- Up-to-date: /home/lfvmu/kobuki/install/share/ecl_mpl/cmake/ament_cmake_export_include_directories-extras.cmake
[1.483s] -- Up-to-date: /home/lfvmu/kobuki/install/share/ecl_mpl/cmake/ecl_mplConfig.cmake
[1.484s] -- Up-to-date: /home/lfvmu/kobuki/install/share/ecl_mpl/cmake/ecl_mplConfig-version.cmake
[1.484s] -- Up-to-date: /home/lfvmu/kobuki/install/share/ecl_mpl/package.xml
[1.484s] -- Up-to-date: /home/lfvmu/kobuki/install/include/ecl/mpl.hpp
[1.485s] -- Up-to-date: /home/lfvmu/kobuki/install/include/ecl/mpl/bool.hpp
[1.485s] -- Up-to-date: /home/lfvmu/kobuki/install/include/ecl/mpl/converters.hpp
[1.485s] -- Up-to-date: /home/lfvmu/kobuki/install/include/ecl/mpl/enable_if.hpp
[1.486s] -- Up-to-date: /home/lfvmu/kobuki/install/include/ecl/mpl/failed_object.hpp
[1.486s] -- Up-to-date: /home/lfvmu/kobuki/install/include/ecl/mpl/if.hpp
[1.489s] Invoked command in '/home/lfvmu/kobuki/build/ecl_mpl' returned '0': /usr/bin/cmake --install /home/lfvmu/kobuki/build/ecl_mpl
