[1.821s] Invoking command in '/home/lfvmu/kobuki/src/ament_lint/ament_pycodestyle': PYTHONPATH=/home/lfvmu/kobuki/build/ament_pycodestyle/prefix_override:/home/lfvmu/kobuki/install/lib/python3.8/site-packages:${PYTHONPATH} /usr/bin/python3 setup.py egg_info --egg-base ../../../build/ament_pycodestyle build --build-base /home/lfvmu/kobuki/build/ament_pycodestyle/build install --record /home/lfvmu/kobuki/build/ament_pycodestyle/install.log --single-version-externally-managed
[2.202s] running egg_info
[2.203s] writing ../../../build/ament_pycodestyle/ament_pycodestyle.egg-info/PKG-INFO
[2.204s] writing dependency_links to ../../../build/ament_pycodestyle/ament_pycodestyle.egg-info/dependency_links.txt
[2.204s] writing entry points to ../../../build/ament_pycodestyle/ament_pycodestyle.egg-info/entry_points.txt
[2.205s] writing requirements to ../../../build/ament_pycodestyle/ament_pycodestyle.egg-info/requires.txt
[2.205s] writing top-level names to ../../../build/ament_pycodestyle/ament_pycodestyle.egg-info/top_level.txt
[2.313s] reading manifest file '../../../build/ament_pycodestyle/ament_pycodestyle.egg-info/SOURCES.txt'
[2.313s] writing manifest file '../../../build/ament_pycodestyle/ament_pycodestyle.egg-info/SOURCES.txt'
[2.313s] running build
[2.314s] running build_py
[2.314s] running install
[2.315s] running install_lib
[2.319s] running install_data
[2.320s] running install_egg_info
[2.323s] removing '/home/lfvmu/kobuki/install/lib/python3.8/site-packages/ament_pycodestyle-0.9.7-py3.8.egg-info' (and everything under it)
[2.323s] Copying ../../../build/ament_pycodestyle/ament_pycodestyle.egg-info to /home/lfvmu/kobuki/install/lib/python3.8/site-packages/ament_pycodestyle-0.9.7-py3.8.egg-info
[2.325s] running install_scripts
[2.363s] Installing ament_pycodestyle script to /home/lfvmu/kobuki/install/bin
[2.364s] writing list of installed files to '/home/lfvmu/kobuki/build/ament_pycodestyle/install.log'
[2.624s] Invoked command in '/home/lfvmu/kobuki/src/ament_lint/ament_pycodestyle' returned '0': PYTHONPATH=/home/lfvmu/kobuki/build/ament_pycodestyle/prefix_override:/home/lfvmu/kobuki/install/lib/python3.8/site-packages:${PYTHONPATH} /usr/bin/python3 setup.py egg_info --egg-base ../../../build/ament_pycodestyle build --build-base /home/lfvmu/kobuki/build/ament_pycodestyle/build install --record /home/lfvmu/kobuki/build/ament_pycodestyle/install.log --single-version-externally-managed
