[0.217s] Invoking command in '/home/lfvmu/kobuki/build/ecl_core': /usr/bin/cmake /home/lfvmu/kobuki/src/ecl_core/ecl_core -DBUILD_TESTING=OFF -DCMAKE_INSTALL_PREFIX=/home/lfvmu/kobuki/install
[0.252s] -- Found ament_cmake_ros: 0.9.2 (/home/lfvmu/kobuki/install/share/ament_cmake_ros/cmake)
[0.293s] -- Using PYTHON_EXECUTABLE: /usr/bin/python3
[0.761s] -- Configuring done
[0.771s] -- Generating done
[0.774s] -- Build files have been written to: /home/lfvmu/kobuki/build/ecl_core
[0.779s] Invoked command in '/home/lfvmu/kobuki/build/ecl_core' returned '0': /usr/bin/cmake /home/lfvmu/kobuki/src/ecl_core/ecl_core -DBUILD_TESTING=OFF -DCMAKE_INSTALL_PREFIX=/home/lfvmu/kobuki/install
[0.781s] Invoking command in '/home/lfvmu/kobuki/build/ecl_core': /usr/bin/cmake --build /home/lfvmu/kobuki/build/ecl_core -- -j4 -l4
[0.873s] Invoked command in '/home/lfvmu/kobuki/build/ecl_core' returned '0': /usr/bin/cmake --build /home/lfvmu/kobuki/build/ecl_core -- -j4 -l4
[0.921s] Invoking command in '/home/lfvmu/kobuki/build/ecl_core': /usr/bin/cmake --install /home/lfvmu/kobuki/build/ecl_core
[0.938s] -- Install configuration: "RelWithDebInfo"
[0.938s] -- Up-to-date: /home/lfvmu/kobuki/install/share/ament_index/resource_index/package_run_dependencies/ecl_core
[0.938s] -- Up-to-date: /home/lfvmu/kobuki/install/share/ament_index/resource_index/parent_prefix_path/ecl_core
[0.939s] -- Up-to-date: /home/lfvmu/kobuki/install/share/ecl_core/environment/ament_prefix_path.sh
[0.939s] -- Installing: /home/lfvmu/kobuki/install/share/ecl_core/environment/ament_prefix_path.dsv
[0.939s] -- Up-to-date: /home/lfvmu/kobuki/install/share/ecl_core/environment/path.sh
[0.939s] -- Installing: /home/lfvmu/kobuki/install/share/ecl_core/environment/path.dsv
[0.940s] -- Up-to-date: /home/lfvmu/kobuki/install/share/ecl_core/local_setup.bash
[0.940s] -- Up-to-date: /home/lfvmu/kobuki/install/share/ecl_core/local_setup.sh
[0.940s] -- Up-to-date: /home/lfvmu/kobuki/install/share/ecl_core/local_setup.zsh
[0.940s] -- Installing: /home/lfvmu/kobuki/install/share/ecl_core/local_setup.dsv
[0.941s] -- Installing: /home/lfvmu/kobuki/install/share/ecl_core/package.dsv
[0.941s] -- Up-to-date: /home/lfvmu/kobuki/install/share/ament_index/resource_index/packages/ecl_core
[0.941s] -- Up-to-date: /home/lfvmu/kobuki/install/share/ecl_core/cmake/ecl_coreConfig.cmake
[0.941s] -- Up-to-date: /home/lfvmu/kobuki/install/share/ecl_core/cmake/ecl_coreConfig-version.cmake
[0.942s] -- Up-to-date: /home/lfvmu/kobuki/install/share/ecl_core/package.xml
[0.944s] Invoked command in '/home/lfvmu/kobuki/build/ecl_core' returned '0': /usr/bin/cmake --install /home/lfvmu/kobuki/build/ecl_core
