[0.081s] Invoking command in '/home/lfvmu/kobuki/build/ament_lint_auto': /usr/bin/cmake /home/lfvmu/kobuki/src/ament_lint/ament_lint_auto -DBUILD_TESTING=OFF -DCMAKE_INSTALL_PREFIX=/home/lfvmu/kobuki/install
[0.123s] -- Found ament_cmake_core: 0.9.11 (/home/lfvmu/kobuki/install/share/ament_cmake_core/cmake)
[0.165s] -- Using PYTHON_EXECUTABLE: /usr/bin/python3
[0.680s] -- Configuring done
[0.687s] -- Generating done
[0.694s] -- Build files have been written to: /home/lfvmu/kobuki/build/ament_lint_auto
[0.826s] Invoked command in '/home/lfvmu/kobuki/build/ament_lint_auto' returned '0': /usr/bin/cmake /home/lfvmu/kobuki/src/ament_lint/ament_lint_auto -DBUILD_TESTING=OFF -DCMAKE_INSTALL_PREFIX=/home/lfvmu/kobuki/install
[0.830s] Invoking command in '/home/lfvmu/kobuki/build/ament_lint_auto': /usr/bin/cmake --build /home/lfvmu/kobuki/build/ament_lint_auto -- -j4 -l4
[1.073s] Invoked command in '/home/lfvmu/kobuki/build/ament_lint_auto' returned '0': /usr/bin/cmake --build /home/lfvmu/kobuki/build/ament_lint_auto -- -j4 -l4
[1.790s] Invoking command in '/home/lfvmu/kobuki/build/ament_lint_auto': /usr/bin/cmake --install /home/lfvmu/kobuki/build/ament_lint_auto
[1.827s] -- Install configuration: "RelWithDebInfo"
[1.828s] -- Up-to-date: /home/lfvmu/kobuki/install/share/ament_index/resource_index/package_run_dependencies/ament_lint_auto
[1.828s] -- Up-to-date: /home/lfvmu/kobuki/install/share/ament_index/resource_index/parent_prefix_path/ament_lint_auto
[1.828s] -- Up-to-date: /home/lfvmu/kobuki/install/share/ament_lint_auto/environment/ament_prefix_path.sh
[1.828s] -- Installing: /home/lfvmu/kobuki/install/share/ament_lint_auto/environment/ament_prefix_path.dsv
[1.829s] -- Up-to-date: /home/lfvmu/kobuki/install/share/ament_lint_auto/environment/path.sh
[1.829s] -- Installing: /home/lfvmu/kobuki/install/share/ament_lint_auto/environment/path.dsv
[1.829s] -- Up-to-date: /home/lfvmu/kobuki/install/share/ament_lint_auto/local_setup.bash
[1.829s] -- Up-to-date: /home/lfvmu/kobuki/install/share/ament_lint_auto/local_setup.sh
[1.830s] -- Up-to-date: /home/lfvmu/kobuki/install/share/ament_lint_auto/local_setup.zsh
[1.830s] -- Installing: /home/lfvmu/kobuki/install/share/ament_lint_auto/local_setup.dsv
[1.830s] -- Installing: /home/lfvmu/kobuki/install/share/ament_lint_auto/package.dsv
[1.830s] -- Up-to-date: /home/lfvmu/kobuki/install/share/ament_index/resource_index/packages/ament_lint_auto
[1.830s] -- Up-to-date: /home/lfvmu/kobuki/install/share/ament_lint_auto/cmake/ament_lint_auto-extras.cmake
[1.831s] -- Up-to-date: /home/lfvmu/kobuki/install/share/ament_lint_auto/cmake/ament_lint_autoConfig.cmake
[1.835s] -- Up-to-date: /home/lfvmu/kobuki/install/share/ament_lint_auto/cmake/ament_lint_autoConfig-version.cmake
[1.835s] -- Up-to-date: /home/lfvmu/kobuki/install/share/ament_lint_auto/package.xml
[1.836s] -- Up-to-date: /home/lfvmu/kobuki/install/share/ament_lint_auto/cmake
[1.836s] -- Up-to-date: /home/lfvmu/kobuki/install/share/ament_lint_auto/cmake/ament_lint_auto_package_hook.cmake
[1.836s] -- Up-to-date: /home/lfvmu/kobuki/install/share/ament_lint_auto/cmake/ament_lint_auto_find_test_dependencies.cmake
[1.858s] Invoked command in '/home/lfvmu/kobuki/build/ament_lint_auto' returned '0': /usr/bin/cmake --install /home/lfvmu/kobuki/build/ament_lint_auto
