[1.988s] Invoking command in '/home/lfvmu/kobuki/src/ament_lint/ament_lint_cmake': AMENT_PREFIX_PATH=/home/lfvmu/kobuki/install CMAKE_PREFIX_PATH=/home/lfvmu/kobuki/install LD_LIBRARY_PATH=/home/lfvmu/kobuki/install/lib PATH=/home/lfvmu/kobuki/install/bin:${PATH} PYTHONPATH=/home/lfvmu/kobuki/build/ament_lint_cmake/prefix_override:/home/lfvmu/kobuki/install/lib/python3.8/site-packages:/home/lfvmu/kobuki/install/lib/python3.8/site-packages /usr/bin/python3 setup.py egg_info --egg-base ../../../build/ament_lint_cmake build --build-base /home/lfvmu/kobuki/build/ament_lint_cmake/build install --record /home/lfvmu/kobuki/build/ament_lint_cmake/install.log --single-version-externally-managed
[2.384s] running egg_info
[2.385s] writing ../../../build/ament_lint_cmake/ament_lint_cmake.egg-info/PKG-INFO
[2.386s] writing dependency_links to ../../../build/ament_lint_cmake/ament_lint_cmake.egg-info/dependency_links.txt
[2.387s] writing entry points to ../../../build/ament_lint_cmake/ament_lint_cmake.egg-info/entry_points.txt
[2.388s] writing requirements to ../../../build/ament_lint_cmake/ament_lint_cmake.egg-info/requires.txt
[2.389s] writing top-level names to ../../../build/ament_lint_cmake/ament_lint_cmake.egg-info/top_level.txt
[2.488s] reading manifest file '../../../build/ament_lint_cmake/ament_lint_cmake.egg-info/SOURCES.txt'
[2.501s] writing manifest file '../../../build/ament_lint_cmake/ament_lint_cmake.egg-info/SOURCES.txt'
[2.501s] running build
[2.501s] running build_py
[2.503s] running install
[2.503s] running install_lib
[2.503s] running install_data
[2.503s] running install_egg_info
[2.508s] removing '/home/lfvmu/kobuki/install/lib/python3.8/site-packages/ament_lint_cmake-0.9.7-py3.8.egg-info' (and everything under it)
[2.508s] Copying ../../../build/ament_lint_cmake/ament_lint_cmake.egg-info to /home/lfvmu/kobuki/install/lib/python3.8/site-packages/ament_lint_cmake-0.9.7-py3.8.egg-info
[2.509s] running install_scripts
[2.536s] Installing ament_lint_cmake script to /home/lfvmu/kobuki/install/bin
[2.536s] writing list of installed files to '/home/lfvmu/kobuki/build/ament_lint_cmake/install.log'
[2.599s] Invoked command in '/home/lfvmu/kobuki/src/ament_lint/ament_lint_cmake' returned '0': AMENT_PREFIX_PATH=/home/lfvmu/kobuki/install CMAKE_PREFIX_PATH=/home/lfvmu/kobuki/install LD_LIBRARY_PATH=/home/lfvmu/kobuki/install/lib PATH=/home/lfvmu/kobuki/install/bin:${PATH} PYTHONPATH=/home/lfvmu/kobuki/build/ament_lint_cmake/prefix_override:/home/lfvmu/kobuki/install/lib/python3.8/site-packages:/home/lfvmu/kobuki/install/lib/python3.8/site-packages /usr/bin/python3 setup.py egg_info --egg-base ../../../build/ament_lint_cmake build --build-base /home/lfvmu/kobuki/build/ament_lint_cmake/build install --record /home/lfvmu/kobuki/build/ament_lint_cmake/install.log --single-version-externally-managed
