[0.269s] Invoking command in '/home/lfvmu/kobuki/build/kobuki_core': /usr/bin/cmake /home/lfvmu/kobuki/src/kobuki_core -DBUILD_TESTING=OFF -DCMAKE_INSTALL_PREFIX=/home/lfvmu/kobuki/install
[0.335s] -- Found ament_cmake_ros: 0.9.2 (/home/lfvmu/kobuki/install/share/ament_cmake_ros/cmake)
[0.377s] -- Using PYTHON_EXECUTABLE: /usr/bin/python3
[0.721s] -- Found ecl_build: 1.0.3 (/home/lfvmu/kobuki/install/share/ecl_build/cmake)
[0.743s] -- Found ecl_command_line: 1.2.1 (/home/lfvmu/kobuki/install/share/ecl_command_line/cmake)
[0.750s] -- Found ecl_config: 1.1.0 (/home/lfvmu/kobuki/install/share/ecl_config/cmake)
[0.756s] -- Found ecl_console: 1.1.0 (/home/lfvmu/kobuki/install/share/ecl_console/cmake)
[0.763s] -- Found ecl_converters: 1.2.1 (/home/lfvmu/kobuki/install/share/ecl_converters/cmake)
[0.824s] -- Found ecl_devices: 1.2.1 (/home/lfvmu/kobuki/install/share/ecl_devices/cmake)
[0.942s] -- Found ecl_geometry: 1.2.1 (/home/lfvmu/kobuki/install/share/ecl_geometry/cmake)
[1.001s] -- Found ecl_mobile_robot: 1.2.1 (/home/lfvmu/kobuki/install/share/ecl_mobile_robot/cmake)
[1.021s] -- Found ecl_sigslots: 1.2.1 (/home/lfvmu/kobuki/install/share/ecl_sigslots/cmake)
[1.181s] -- Configuring done
[1.277s] -- Generating done
[1.290s] -- Build files have been written to: /home/lfvmu/kobuki/build/kobuki_core
[1.300s] Invoked command in '/home/lfvmu/kobuki/build/kobuki_core' returned '0': /usr/bin/cmake /home/lfvmu/kobuki/src/kobuki_core -DBUILD_TESTING=OFF -DCMAKE_INSTALL_PREFIX=/home/lfvmu/kobuki/install
[1.306s] Invoking command in '/home/lfvmu/kobuki/build/kobuki_core': /usr/bin/cmake --build /home/lfvmu/kobuki/build/kobuki_core -- -j4 -l4
[1.519s] [ 41%] Built target kobuki_core
[1.609s] [ 47%] Built target kobuki_core_demo_raw_data_stream
[1.611s] [ 52%] Built target kobuki_core_demo_buttons
[1.611s] [ 58%] Built target kobuki_core_demo_custom_logging
[1.648s] [ 64%] Built target kobuki_core_demo_data_stream
[1.758s] [ 70%] Built target kobuki_core_demo_velocity_commands
[1.769s] [ 76%] Built target kobuki_core_demo_simple_loop
[1.774s] [ 82%] Built target kobuki_core_demo_chirp
[1.804s] [ 88%] Built target kobuki_core_tool_square
[1.879s] [ 94%] Built target kobuki_core_tool_version_info
[1.880s] [100%] Built target kobuki_core_tool_simple_keyop
[1.912s] Invoked command in '/home/lfvmu/kobuki/build/kobuki_core' returned '0': /usr/bin/cmake --build /home/lfvmu/kobuki/build/kobuki_core -- -j4 -l4
[2.025s] Invoking command in '/home/lfvmu/kobuki/build/kobuki_core': /usr/bin/cmake --install /home/lfvmu/kobuki/build/kobuki_core
[2.044s] -- Install configuration: "RelWithDebInfo"
[2.044s] -- Up-to-date: /home/lfvmu/kobuki/install/include
[2.044s] -- Up-to-date: /home/lfvmu/kobuki/install/include/kobuki_core
[2.045s] -- Up-to-date: /home/lfvmu/kobuki/install/include/kobuki_core/macros.hpp
[2.045s] -- Up-to-date: /home/lfvmu/kobuki/install/include/kobuki_core/dock_drive.hpp
[2.045s] -- Up-to-date: /home/lfvmu/kobuki/install/include/kobuki_core/version_info.hpp
[2.045s] -- Up-to-date: /home/lfvmu/kobuki/install/include/kobuki_core/command.hpp
[2.046s] -- Up-to-date: /home/lfvmu/kobuki/install/include/kobuki_core/modules.hpp
[2.046s] -- Up-to-date: /home/lfvmu/kobuki/install/include/kobuki_core/event_manager.hpp
[2.046s] -- Up-to-date: /home/lfvmu/kobuki/install/include/kobuki_core/packets.hpp
[2.047s] -- Up-to-date: /home/lfvmu/kobuki/install/include/kobuki_core/packets
[2.047s] -- Up-to-date: /home/lfvmu/kobuki/install/include/kobuki_core/packets/controller_info.hpp
[2.047s] -- Up-to-date: /home/lfvmu/kobuki/install/include/kobuki_core/packets/gp_input.hpp
[2.047s] -- Up-to-date: /home/lfvmu/kobuki/install/include/kobuki_core/packets/current.hpp
[2.048s] -- Up-to-date: /home/lfvmu/kobuki/install/include/kobuki_core/packets/three_axis_gyro.hpp
[2.048s] -- Up-to-date: /home/lfvmu/kobuki/install/include/kobuki_core/packets/cliff.hpp
[2.048s] -- Up-to-date: /home/lfvmu/kobuki/install/include/kobuki_core/packets/firmware.hpp
[2.048s] -- Up-to-date: /home/lfvmu/kobuki/install/include/kobuki_core/packets/eeprom.hpp
[2.048s] -- Up-to-date: /home/lfvmu/kobuki/install/include/kobuki_core/packets/dock_ir.hpp
[2.049s] -- Up-to-date: /home/lfvmu/kobuki/install/include/kobuki_core/packets/core_sensors.hpp
[2.049s] -- Up-to-date: /home/lfvmu/kobuki/install/include/kobuki_core/packets/inertia.hpp
[2.049s] -- Up-to-date: /home/lfvmu/kobuki/install/include/kobuki_core/packets/unique_device_id.hpp
[2.050s] -- Up-to-date: /home/lfvmu/kobuki/install/include/kobuki_core/packets/hardware.hpp
[2.050s] -- Up-to-date: /home/lfvmu/kobuki/install/include/kobuki_core/packet_handler
[2.050s] -- Up-to-date: /home/lfvmu/kobuki/install/include/kobuki_core/packet_handler/payload_headers.hpp
[2.050s] -- Up-to-date: /home/lfvmu/kobuki/install/include/kobuki_core/packet_handler/packet_finder.hpp
[2.050s] -- Up-to-date: /home/lfvmu/kobuki/install/include/kobuki_core/packet_handler/payload_base.hpp
[2.051s] -- Up-to-date: /home/lfvmu/kobuki/install/include/kobuki_core/parameters.hpp
[2.051s] -- Up-to-date: /home/lfvmu/kobuki/install/include/kobuki_core/kobuki.hpp
[2.051s] -- Up-to-date: /home/lfvmu/kobuki/install/include/kobuki_core/logging.hpp
[2.051s] -- Up-to-date: /home/lfvmu/kobuki/install/include/kobuki_core/modules
[2.052s] -- Up-to-date: /home/lfvmu/kobuki/install/include/kobuki_core/modules/acceleration_limiter.hpp
[2.052s] -- Up-to-date: /home/lfvmu/kobuki/install/include/kobuki_core/modules/battery.hpp
[2.052s] -- Up-to-date: /home/lfvmu/kobuki/install/include/kobuki_core/modules/digital_output.hpp
[2.052s] -- Up-to-date: /home/lfvmu/kobuki/install/include/kobuki_core/modules/led_array.hpp
[2.053s] -- Up-to-date: /home/lfvmu/kobuki/install/include/kobuki_core/modules/diff_drive.hpp
[2.053s] -- Up-to-date: /home/lfvmu/kobuki/install/include/kobuki_core/modules/sound.hpp
[2.053s] -- Up-to-date: /home/lfvmu/kobuki/install/include/CMakeLists.txt
[2.053s] -- Up-to-date: /home/lfvmu/kobuki/install/share/kobuki_core/environment/library_path.sh
[2.053s] -- Installing: /home/lfvmu/kobuki/install/share/kobuki_core/environment/library_path.dsv
[2.054s] -- Up-to-date: /home/lfvmu/kobuki/install/share/ament_index/resource_index/package_run_dependencies/kobuki_core
[2.054s] -- Up-to-date: /home/lfvmu/kobuki/install/share/ament_index/resource_index/parent_prefix_path/kobuki_core
[2.054s] -- Up-to-date: /home/lfvmu/kobuki/install/share/kobuki_core/environment/ament_prefix_path.sh
[2.054s] -- Installing: /home/lfvmu/kobuki/install/share/kobuki_core/environment/ament_prefix_path.dsv
[2.055s] -- Up-to-date: /home/lfvmu/kobuki/install/share/kobuki_core/environment/path.sh
[2.055s] -- Installing: /home/lfvmu/kobuki/install/share/kobuki_core/environment/path.dsv
[2.055s] -- Up-to-date: /home/lfvmu/kobuki/install/share/kobuki_core/local_setup.bash
[2.055s] -- Up-to-date: /home/lfvmu/kobuki/install/share/kobuki_core/local_setup.sh
[2.055s] -- Up-to-date: /home/lfvmu/kobuki/install/share/kobuki_core/local_setup.zsh
[2.056s] -- Installing: /home/lfvmu/kobuki/install/share/kobuki_core/local_setup.dsv
[2.056s] -- Installing: /home/lfvmu/kobuki/install/share/kobuki_core/package.dsv
[2.057s] -- Up-to-date: /home/lfvmu/kobuki/install/share/ament_index/resource_index/packages/kobuki_core
[2.057s] -- Up-to-date: /home/lfvmu/kobuki/install/share/kobuki_core/cmake/kobuki_coreExport.cmake
[2.057s] -- Installing: /home/lfvmu/kobuki/install/share/kobuki_core/cmake/kobuki_coreExport-relwithdebinfo.cmake
[2.057s] -- Up-to-date: /home/lfvmu/kobuki/install/share/kobuki_core/cmake/ament_cmake_export_targets-extras.cmake
[2.057s] -- Up-to-date: /home/lfvmu/kobuki/install/share/kobuki_core/cmake/ament_cmake_export_dependencies-extras.cmake
[2.057s] -- Up-to-date: /home/lfvmu/kobuki/install/share/kobuki_core/cmake/ament_cmake_export_include_directories-extras.cmake
[2.058s] -- Up-to-date: /home/lfvmu/kobuki/install/share/kobuki_core/cmake/ament_cmake_export_libraries-extras.cmake
[2.058s] -- Up-to-date: /home/lfvmu/kobuki/install/share/kobuki_core/cmake/kobuki_coreConfig.cmake
[2.058s] -- Up-to-date: /home/lfvmu/kobuki/install/share/kobuki_core/cmake/kobuki_coreConfig-version.cmake
[2.058s] -- Up-to-date: /home/lfvmu/kobuki/install/share/kobuki_core/package.xml
[2.059s] -- Up-to-date: /home/lfvmu/kobuki/install/include/kobuki_core
[2.059s] -- Up-to-date: /home/lfvmu/kobuki/install/include/kobuki_core/macros.hpp
[2.059s] -- Up-to-date: /home/lfvmu/kobuki/install/include/kobuki_core/dock_drive.hpp
[2.059s] -- Up-to-date: /home/lfvmu/kobuki/install/include/kobuki_core/version_info.hpp
[2.059s] -- Up-to-date: /home/lfvmu/kobuki/install/include/kobuki_core/command.hpp
[2.060s] -- Up-to-date: /home/lfvmu/kobuki/install/include/kobuki_core/modules.hpp
[2.060s] -- Up-to-date: /home/lfvmu/kobuki/install/include/kobuki_core/event_manager.hpp
[2.060s] -- Up-to-date: /home/lfvmu/kobuki/install/include/kobuki_core/packets.hpp
[2.060s] -- Up-to-date: /home/lfvmu/kobuki/install/include/kobuki_core/packets
[2.060s] -- Up-to-date: /home/lfvmu/kobuki/install/include/kobuki_core/packets/controller_info.hpp
[2.061s] -- Up-to-date: /home/lfvmu/kobuki/install/include/kobuki_core/packets/gp_input.hpp
[2.061s] -- Up-to-date: /home/lfvmu/kobuki/install/include/kobuki_core/packets/current.hpp
[2.061s] -- Up-to-date: /home/lfvmu/kobuki/install/include/kobuki_core/packets/three_axis_gyro.hpp
[2.061s] -- Up-to-date: /home/lfvmu/kobuki/install/include/kobuki_core/packets/cliff.hpp
[2.062s] -- Up-to-date: /home/lfvmu/kobuki/install/include/kobuki_core/packets/firmware.hpp
[2.062s] -- Up-to-date: /home/lfvmu/kobuki/install/include/kobuki_core/packets/eeprom.hpp
[2.062s] -- Up-to-date: /home/lfvmu/kobuki/install/include/kobuki_core/packets/dock_ir.hpp
[2.062s] -- Up-to-date: /home/lfvmu/kobuki/install/include/kobuki_core/packets/core_sensors.hpp
[2.062s] -- Up-to-date: /home/lfvmu/kobuki/install/include/kobuki_core/packets/inertia.hpp
[2.063s] -- Up-to-date: /home/lfvmu/kobuki/install/include/kobuki_core/packets/unique_device_id.hpp
[2.063s] -- Up-to-date: /home/lfvmu/kobuki/install/include/kobuki_core/packets/hardware.hpp
[2.063s] -- Up-to-date: /home/lfvmu/kobuki/install/include/kobuki_core/packet_handler
[2.063s] -- Up-to-date: /home/lfvmu/kobuki/install/include/kobuki_core/packet_handler/payload_headers.hpp
[2.064s] -- Up-to-date: /home/lfvmu/kobuki/install/include/kobuki_core/packet_handler/packet_finder.hpp
[2.064s] -- Up-to-date: /home/lfvmu/kobuki/install/include/kobuki_core/packet_handler/payload_base.hpp
[2.064s] -- Up-to-date: /home/lfvmu/kobuki/install/include/kobuki_core/parameters.hpp
[2.064s] -- Up-to-date: /home/lfvmu/kobuki/install/include/kobuki_core/kobuki.hpp
[2.065s] -- Up-to-date: /home/lfvmu/kobuki/install/include/kobuki_core/logging.hpp
[2.065s] -- Up-to-date: /home/lfvmu/kobuki/install/include/kobuki_core/modules
[2.065s] -- Up-to-date: /home/lfvmu/kobuki/install/include/kobuki_core/modules/acceleration_limiter.hpp
[2.065s] -- Up-to-date: /home/lfvmu/kobuki/install/include/kobuki_core/modules/battery.hpp
[2.065s] -- Up-to-date: /home/lfvmu/kobuki/install/include/kobuki_core/modules/digital_output.hpp
[2.066s] -- Up-to-date: /home/lfvmu/kobuki/install/include/kobuki_core/modules/led_array.hpp
[2.066s] -- Up-to-date: /home/lfvmu/kobuki/install/include/kobuki_core/modules/diff_drive.hpp
[2.066s] -- Up-to-date: /home/lfvmu/kobuki/install/include/kobuki_core/modules/sound.hpp
[2.066s] -- Up-to-date: /home/lfvmu/kobuki/install/lib/libkobuki_core.so.1.3.1
[2.066s] -- Up-to-date: /home/lfvmu/kobuki/install/lib/libkobuki_core.so
[2.067s] -- Up-to-date: /home/lfvmu/kobuki/install/lib/kobuki_core/demo_chirp
[2.067s] -- Up-to-date: /home/lfvmu/kobuki/install/lib/kobuki_core/demo_custom_logging
[2.067s] -- Up-to-date: /home/lfvmu/kobuki/install/lib/kobuki_core/demo_buttons
[2.067s] -- Up-to-date: /home/lfvmu/kobuki/install/lib/kobuki_core/demo_raw_data_stream
[2.068s] -- Up-to-date: /home/lfvmu/kobuki/install/lib/kobuki_core/demo_data_stream
[2.068s] -- Up-to-date: /home/lfvmu/kobuki/install/lib/kobuki_core/demo_velocity_commands
[2.068s] -- Up-to-date: /home/lfvmu/kobuki/install/lib/kobuki_core/demo_simple_loop
[2.068s] -- Up-to-date: /home/lfvmu/kobuki/install/bin/kobuki-version-info
[2.069s] -- Up-to-date: /home/lfvmu/kobuki/install/bin/kobuki-simple-keyop
[2.070s] -- Up-to-date: /home/lfvmu/kobuki/install/bin/kobuki-square
[2.078s] Invoked command in '/home/lfvmu/kobuki/build/kobuki_core' returned '0': /usr/bin/cmake --install /home/lfvmu/kobuki/build/kobuki_core
