[0.539s] Invoking command in '/home/lfvmu/kobuki/build/ecl_utilities': /usr/bin/cmake /home/lfvmu/kobuki/src/ecl_core/ecl_utilities -DBUILD_TESTING=OFF -DCMAKE_INSTALL_PREFIX=/home/lfvmu/kobuki/install
[0.584s] -- Found ament_cmake_ros: 0.9.2 (/home/lfvmu/kobuki/install/share/ament_cmake_ros/cmake)
[0.638s] -- Using PYTHON_EXECUTABLE: /usr/bin/python3
[0.983s] -- Found ecl_build: 1.0.3 (/home/lfvmu/kobuki/install/share/ecl_build/cmake)
[1.042s] -- Found ecl_concepts: 1.2.1 (/home/lfvmu/kobuki/install/share/ecl_concepts/cmake)
[1.201s] -- Configuring done
[1.230s] -- Generating done
[1.238s] -- Build files have been written to: /home/lfvmu/kobuki/build/ecl_utilities
[1.256s] Invoked command in '/home/lfvmu/kobuki/build/ecl_utilities' returned '0': /usr/bin/cmake /home/lfvmu/kobuki/src/ecl_core/ecl_utilities -DBUILD_TESTING=OFF -DCMAKE_INSTALL_PREFIX=/home/lfvmu/kobuki/install
[1.258s] Invoking command in '/home/lfvmu/kobuki/build/ecl_utilities': /usr/bin/cmake --build /home/lfvmu/kobuki/build/ecl_utilities -- -j4 -l4
[1.398s] [100%] Built target ecl_demo_constructors
[1.484s] Invoked command in '/home/lfvmu/kobuki/build/ecl_utilities' returned '0': /usr/bin/cmake --build /home/lfvmu/kobuki/build/ecl_utilities -- -j4 -l4
[1.577s] Invoking command in '/home/lfvmu/kobuki/build/ecl_utilities': /usr/bin/cmake --install /home/lfvmu/kobuki/build/ecl_utilities
[1.610s] -- Install configuration: "RelWithDebInfo"
[1.610s] -- Up-to-date: /home/lfvmu/kobuki/install/share/ament_index/resource_index/package_run_dependencies/ecl_utilities
[1.610s] -- Up-to-date: /home/lfvmu/kobuki/install/share/ament_index/resource_index/parent_prefix_path/ecl_utilities
[1.611s] -- Up-to-date: /home/lfvmu/kobuki/install/share/ecl_utilities/environment/ament_prefix_path.sh
[1.611s] -- Installing: /home/lfvmu/kobuki/install/share/ecl_utilities/environment/ament_prefix_path.dsv
[1.612s] -- Up-to-date: /home/lfvmu/kobuki/install/share/ecl_utilities/environment/path.sh
[1.612s] -- Installing: /home/lfvmu/kobuki/install/share/ecl_utilities/environment/path.dsv
[1.613s] -- Up-to-date: /home/lfvmu/kobuki/install/share/ecl_utilities/local_setup.bash
[1.613s] -- Up-to-date: /home/lfvmu/kobuki/install/share/ecl_utilities/local_setup.sh
[1.614s] -- Up-to-date: /home/lfvmu/kobuki/install/share/ecl_utilities/local_setup.zsh
[1.615s] -- Installing: /home/lfvmu/kobuki/install/share/ecl_utilities/local_setup.dsv
[1.615s] -- Installing: /home/lfvmu/kobuki/install/share/ecl_utilities/package.dsv
[1.615s] -- Up-to-date: /home/lfvmu/kobuki/install/share/ament_index/resource_index/packages/ecl_utilities
[1.617s] -- Up-to-date: /home/lfvmu/kobuki/install/share/ecl_utilities/cmake/ecl_utilitiesExport.cmake
[1.617s] -- Up-to-date: /home/lfvmu/kobuki/install/share/ecl_utilities/cmake/ament_cmake_export_targets-extras.cmake
[1.617s] -- Up-to-date: /home/lfvmu/kobuki/install/share/ecl_utilities/cmake/ament_cmake_export_include_directories-extras.cmake
[1.618s] -- Up-to-date: /home/lfvmu/kobuki/install/share/ecl_utilities/cmake/ament_cmake_export_dependencies-extras.cmake
[1.618s] -- Up-to-date: /home/lfvmu/kobuki/install/share/ecl_utilities/cmake/ecl_utilitiesConfig.cmake
[1.618s] -- Up-to-date: /home/lfvmu/kobuki/install/share/ecl_utilities/cmake/ecl_utilitiesConfig-version.cmake
[1.619s] -- Up-to-date: /home/lfvmu/kobuki/install/share/ecl_utilities/package.xml
[1.620s] -- Up-to-date: /home/lfvmu/kobuki/install/include/ecl/utilities.hpp
[1.621s] -- Up-to-date: /home/lfvmu/kobuki/install/include/ecl/utilities/blueprints.hpp
[1.621s] -- Up-to-date: /home/lfvmu/kobuki/install/include/ecl/utilities/flags.hpp
[1.621s] -- Up-to-date: /home/lfvmu/kobuki/install/include/ecl/utilities/function_objects.hpp
[1.621s] -- Up-to-date: /home/lfvmu/kobuki/install/include/ecl/utilities/parameter.hpp
[1.622s] -- Up-to-date: /home/lfvmu/kobuki/install/include/ecl/utilities/references.hpp
[1.622s] -- Up-to-date: /home/lfvmu/kobuki/install/include/ecl/utilities/singleton.hpp
[1.622s] -- Up-to-date: /home/lfvmu/kobuki/install/include/ecl/utilities/void.hpp
[1.629s] -- Up-to-date: /home/lfvmu/kobuki/install/lib/ecl_utilities/demo_constructors
[1.644s] Invoked command in '/home/lfvmu/kobuki/build/ecl_utilities' returned '0': /usr/bin/cmake --install /home/lfvmu/kobuki/build/ecl_utilities
