[0.249s] Invoking command in '/home/lfvmu/kobuki/build/ecl_type_traits': /usr/bin/cmake /home/lfvmu/kobuki/src/ecl_core/ecl_type_traits -DBUILD_TESTING=OFF --no-warn-unused-cli -DCMAKE_INSTALL_PREFIX=/home/lfvmu/kobuki/install
[0.288s] Not searching for unused variables given on the command line.
[0.295s] -- Found ament_cmake_ros: 0.9.2 (/home/lfvmu/kobuki/install/share/ament_cmake_ros/cmake)
[0.345s] -- Using PYTHON_EXECUTABLE: /usr/bin/python3
[0.704s] -- Found ecl_build: 1.0.3 (/home/lfvmu/kobuki/install/share/ecl_build/cmake)
[0.725s] -- Found ecl_config: 1.1.0 (/home/lfvmu/kobuki/install/share/ecl_config/cmake)
[0.740s] -- Found ecl_mpl: 1.2.1 (/home/lfvmu/kobuki/install/share/ecl_mpl/cmake)
[0.906s] -- Configuring done
[0.984s] -- Generating done
[0.984s] -- Build files have been written to: /home/lfvmu/kobuki/build/ecl_type_traits
[1.016s] Invoked command in '/home/lfvmu/kobuki/build/ecl_type_traits' returned '0': /usr/bin/cmake /home/lfvmu/kobuki/src/ecl_core/ecl_type_traits -DBUILD_TESTING=OFF --no-warn-unused-cli -DCMAKE_INSTALL_PREFIX=/home/lfvmu/kobuki/install
[1.019s] Invoking command in '/home/lfvmu/kobuki/build/ecl_type_traits': /usr/bin/cmake --build /home/lfvmu/kobuki/build/ecl_type_traits -- -j4 -l4
[1.161s] [ 50%] Built target ecl_type_traits
[1.222s] [100%] Built target ecl_detect_sizes
[1.248s] Invoked command in '/home/lfvmu/kobuki/build/ecl_type_traits' returned '0': /usr/bin/cmake --build /home/lfvmu/kobuki/build/ecl_type_traits -- -j4 -l4
[1.553s] Invoking command in '/home/lfvmu/kobuki/build/ecl_type_traits': /usr/bin/cmake --install /home/lfvmu/kobuki/build/ecl_type_traits
[1.591s] -- Install configuration: "RelWithDebInfo"
[1.592s] -- Up-to-date: /home/lfvmu/kobuki/install/share/ecl_type_traits/environment/library_path.sh
[1.592s] -- Installing: /home/lfvmu/kobuki/install/share/ecl_type_traits/environment/library_path.dsv
[1.592s] -- Up-to-date: /home/lfvmu/kobuki/install/share/ament_index/resource_index/package_run_dependencies/ecl_type_traits
[1.592s] -- Up-to-date: /home/lfvmu/kobuki/install/share/ament_index/resource_index/parent_prefix_path/ecl_type_traits
[1.593s] -- Up-to-date: /home/lfvmu/kobuki/install/share/ecl_type_traits/environment/ament_prefix_path.sh
[1.593s] -- Installing: /home/lfvmu/kobuki/install/share/ecl_type_traits/environment/ament_prefix_path.dsv
[1.593s] -- Up-to-date: /home/lfvmu/kobuki/install/share/ecl_type_traits/environment/path.sh
[1.593s] -- Installing: /home/lfvmu/kobuki/install/share/ecl_type_traits/environment/path.dsv
[1.594s] -- Up-to-date: /home/lfvmu/kobuki/install/share/ecl_type_traits/local_setup.bash
[1.595s] -- Up-to-date: /home/lfvmu/kobuki/install/share/ecl_type_traits/local_setup.sh
[1.595s] -- Up-to-date: /home/lfvmu/kobuki/install/share/ecl_type_traits/local_setup.zsh
[1.595s] -- Installing: /home/lfvmu/kobuki/install/share/ecl_type_traits/local_setup.dsv
[1.595s] -- Installing: /home/lfvmu/kobuki/install/share/ecl_type_traits/package.dsv
[1.596s] -- Up-to-date: /home/lfvmu/kobuki/install/share/ament_index/resource_index/packages/ecl_type_traits
[1.596s] -- Up-to-date: /home/lfvmu/kobuki/install/share/ecl_type_traits/cmake/ecl_type_traitsExport.cmake
[1.596s] -- Installing: /home/lfvmu/kobuki/install/share/ecl_type_traits/cmake/ecl_type_traitsExport-relwithdebinfo.cmake
[1.596s] -- Up-to-date: /home/lfvmu/kobuki/install/share/ecl_type_traits/cmake/ament_cmake_export_targets-extras.cmake
[1.597s] -- Up-to-date: /home/lfvmu/kobuki/install/share/ecl_type_traits/cmake/ament_cmake_export_include_directories-extras.cmake
[1.597s] -- Up-to-date: /home/lfvmu/kobuki/install/share/ecl_type_traits/cmake/ament_cmake_export_libraries-extras.cmake
[1.597s] -- Up-to-date: /home/lfvmu/kobuki/install/share/ecl_type_traits/cmake/ament_cmake_export_dependencies-extras.cmake
[1.597s] -- Up-to-date: /home/lfvmu/kobuki/install/share/ecl_type_traits/cmake/ecl_type_traitsConfig.cmake
[1.598s] -- Up-to-date: /home/lfvmu/kobuki/install/share/ecl_type_traits/cmake/ecl_type_traitsConfig-version.cmake
[1.598s] -- Up-to-date: /home/lfvmu/kobuki/install/share/ecl_type_traits/package.xml
[1.598s] -- Up-to-date: /home/lfvmu/kobuki/install/include/ecl/type_traits.hpp
[1.599s] -- Up-to-date: /home/lfvmu/kobuki/install/include/ecl/type_traits/fundamental_types.hpp
[1.599s] -- Up-to-date: /home/lfvmu/kobuki/install/include/ecl/type_traits/macros.hpp
[1.599s] -- Up-to-date: /home/lfvmu/kobuki/install/include/ecl/type_traits/numeric_limits.hpp
[1.599s] -- Up-to-date: /home/lfvmu/kobuki/install/include/ecl/type_traits/traits.hpp
[1.600s] -- Up-to-date: /home/lfvmu/kobuki/install/lib/libecl_type_traits.so.1.2.1
[1.600s] -- Up-to-date: /home/lfvmu/kobuki/install/lib/libecl_type_traits.so
[1.600s] -- Up-to-date: /home/lfvmu/kobuki/install/bin/ecl_detect_sizes
[1.607s] Invoked command in '/home/lfvmu/kobuki/build/ecl_type_traits' returned '0': /usr/bin/cmake --install /home/lfvmu/kobuki/build/ecl_type_traits
