[0.278s] Invoking command in '/home/lfvmu/kobuki/build/ecl_console': /usr/bin/cmake /home/lfvmu/kobuki/src/ecl_lite/ecl_console -DBUILD_TESTING=OFF -DCMAKE_INSTALL_PREFIX=/home/lfvmu/kobuki/install
[0.324s] -- Found ament_cmake_ros: 0.9.2 (/home/lfvmu/kobuki/install/share/ament_cmake_ros/cmake)
[0.372s] -- Using PYTHON_EXECUTABLE: /usr/bin/python3
[0.722s] -- Found ecl_build: 1.0.3 (/home/lfvmu/kobuki/install/share/ecl_build/cmake)
[0.742s] -- Found ecl_config: 1.1.0 (/home/lfvmu/kobuki/install/share/ecl_config/cmake)
[0.926s] -- Configuring done
[0.926s] -- Generating done
[0.926s] -- Build files have been written to: /home/lfvmu/kobuki/build/ecl_console
[1.081s] Invoked command in '/home/lfvmu/kobuki/build/ecl_console' returned '0': /usr/bin/cmake /home/lfvmu/kobuki/src/ecl_lite/ecl_console -DBUILD_TESTING=OFF -DCMAKE_INSTALL_PREFIX=/home/lfvmu/kobuki/install
[1.088s] Invoking command in '/home/lfvmu/kobuki/build/ecl_console': /usr/bin/cmake --build /home/lfvmu/kobuki/build/ecl_console -- -j4 -l4
[1.175s] Invoked command in '/home/lfvmu/kobuki/build/ecl_console' returned '0': /usr/bin/cmake --build /home/lfvmu/kobuki/build/ecl_console -- -j4 -l4
[1.384s] Invoking command in '/home/lfvmu/kobuki/build/ecl_console': /usr/bin/cmake --install /home/lfvmu/kobuki/build/ecl_console
[1.409s] -- Install configuration: "RelWithDebInfo"
[1.409s] -- Up-to-date: /home/lfvmu/kobuki/install/include/ecl
[1.410s] -- Up-to-date: /home/lfvmu/kobuki/install/include/ecl/console.hpp
[1.410s] -- Up-to-date: /home/lfvmu/kobuki/install/share/ament_index/resource_index/package_run_dependencies/ecl_console
[1.410s] -- Up-to-date: /home/lfvmu/kobuki/install/share/ament_index/resource_index/parent_prefix_path/ecl_console
[1.411s] -- Up-to-date: /home/lfvmu/kobuki/install/share/ecl_console/environment/ament_prefix_path.sh
[1.411s] -- Installing: /home/lfvmu/kobuki/install/share/ecl_console/environment/ament_prefix_path.dsv
[1.412s] -- Up-to-date: /home/lfvmu/kobuki/install/share/ecl_console/environment/path.sh
[1.412s] -- Installing: /home/lfvmu/kobuki/install/share/ecl_console/environment/path.dsv
[1.413s] -- Up-to-date: /home/lfvmu/kobuki/install/share/ecl_console/local_setup.bash
[1.413s] -- Up-to-date: /home/lfvmu/kobuki/install/share/ecl_console/local_setup.sh
[1.414s] -- Up-to-date: /home/lfvmu/kobuki/install/share/ecl_console/local_setup.zsh
[1.414s] -- Installing: /home/lfvmu/kobuki/install/share/ecl_console/local_setup.dsv
[1.415s] -- Installing: /home/lfvmu/kobuki/install/share/ecl_console/package.dsv
[1.415s] -- Up-to-date: /home/lfvmu/kobuki/install/share/ament_index/resource_index/packages/ecl_console
[1.416s] -- Up-to-date: /home/lfvmu/kobuki/install/share/ecl_console/cmake/ecl_consoleExport.cmake
[1.417s] -- Up-to-date: /home/lfvmu/kobuki/install/share/ecl_console/cmake/ament_cmake_export_targets-extras.cmake
[1.417s] -- Up-to-date: /home/lfvmu/kobuki/install/share/ecl_console/cmake/ament_cmake_export_include_directories-extras.cmake
[1.417s] -- Up-to-date: /home/lfvmu/kobuki/install/share/ecl_console/cmake/ament_cmake_export_dependencies-extras.cmake
[1.418s] -- Up-to-date: /home/lfvmu/kobuki/install/share/ecl_console/cmake/ecl_consoleConfig.cmake
[1.418s] -- Up-to-date: /home/lfvmu/kobuki/install/share/ecl_console/cmake/ecl_consoleConfig-version.cmake
[1.419s] -- Up-to-date: /home/lfvmu/kobuki/install/share/ecl_console/package.xml
[1.650s] Invoked command in '/home/lfvmu/kobuki/build/ecl_console' returned '0': /usr/bin/cmake --install /home/lfvmu/kobuki/build/ecl_console
