[0.277s] Invoking command in '/home/lfvmu/kobuki/build/ament_cmake': /usr/bin/cmake /home/lfvmu/kobuki/src/ament_cmake/ament_cmake -DBUILD_TESTING=OFF --no-warn-unused-cli -DCMAKE_INSTALL_PREFIX=/home/lfvmu/kobuki/install
[0.313s] Not searching for unused variables given on the command line.
[0.313s] -- Found ament_cmake_core: 0.9.11 (/home/lfvmu/kobuki/install/share/ament_cmake_core/cmake)
[0.357s] -- Using PYTHON_EXECUTABLE: /usr/bin/python3
[0.682s] -- Found ament_cmake_export_dependencies: 0.9.11 (/home/lfvmu/kobuki/install/share/ament_cmake_export_dependencies/cmake)
[0.826s] -- Configuring done
[0.835s] -- Generating done
[0.837s] -- Build files have been written to: /home/lfvmu/kobuki/build/ament_cmake
[0.843s] Invoked command in '/home/lfvmu/kobuki/build/ament_cmake' returned '0': /usr/bin/cmake /home/lfvmu/kobuki/src/ament_cmake/ament_cmake -DBUILD_TESTING=OFF --no-warn-unused-cli -DCMAKE_INSTALL_PREFIX=/home/lfvmu/kobuki/install
[0.850s] Invoking command in '/home/lfvmu/kobuki/build/ament_cmake': /usr/bin/cmake --build /home/lfvmu/kobuki/build/ament_cmake -- -j4 -l4
[0.941s] Invoked command in '/home/lfvmu/kobuki/build/ament_cmake' returned '0': /usr/bin/cmake --build /home/lfvmu/kobuki/build/ament_cmake -- -j4 -l4
[1.001s] Invoking command in '/home/lfvmu/kobuki/build/ament_cmake': /usr/bin/cmake --install /home/lfvmu/kobuki/build/ament_cmake
[1.018s] -- Install configuration: "RelWithDebInfo"
[1.018s] -- Up-to-date: /home/lfvmu/kobuki/install/share/ament_index/resource_index/package_run_dependencies/ament_cmake
[1.019s] -- Up-to-date: /home/lfvmu/kobuki/install/share/ament_index/resource_index/parent_prefix_path/ament_cmake
[1.019s] -- Up-to-date: /home/lfvmu/kobuki/install/share/ament_cmake/environment/ament_prefix_path.sh
[1.019s] -- Installing: /home/lfvmu/kobuki/install/share/ament_cmake/environment/ament_prefix_path.dsv
[1.019s] -- Up-to-date: /home/lfvmu/kobuki/install/share/ament_cmake/environment/path.sh
[1.020s] -- Installing: /home/lfvmu/kobuki/install/share/ament_cmake/environment/path.dsv
[1.020s] -- Up-to-date: /home/lfvmu/kobuki/install/share/ament_cmake/local_setup.bash
[1.020s] -- Up-to-date: /home/lfvmu/kobuki/install/share/ament_cmake/local_setup.sh
[1.020s] -- Up-to-date: /home/lfvmu/kobuki/install/share/ament_cmake/local_setup.zsh
[1.021s] -- Installing: /home/lfvmu/kobuki/install/share/ament_cmake/local_setup.dsv
[1.021s] -- Installing: /home/lfvmu/kobuki/install/share/ament_cmake/package.dsv
[1.021s] -- Up-to-date: /home/lfvmu/kobuki/install/share/ament_index/resource_index/packages/ament_cmake
[1.021s] -- Up-to-date: /home/lfvmu/kobuki/install/share/ament_cmake/cmake/ament_cmake_export_dependencies-extras.cmake
[1.022s] -- Up-to-date: /home/lfvmu/kobuki/install/share/ament_cmake/cmake/ament_cmakeConfig.cmake
[1.022s] -- Up-to-date: /home/lfvmu/kobuki/install/share/ament_cmake/cmake/ament_cmakeConfig-version.cmake
[1.022s] -- Up-to-date: /home/lfvmu/kobuki/install/share/ament_cmake/package.xml
[1.031s] Invoked command in '/home/lfvmu/kobuki/build/ament_cmake' returned '0': /usr/bin/cmake --install /home/lfvmu/kobuki/build/ament_cmake
