[0.510s] Invoking command in '/home/lfvmu/kobuki/build/ament_cmake': AMENT_PREFIX_PATH=/home/lfvmu/kobuki/install CMAKE_PREFIX_PATH=/home/lfvmu/kobuki/install LD_LIBRARY_PATH=/home/lfvmu/kobuki/install/lib PATH=/home/lfvmu/kobuki/install/bin:${PATH} PYTHONPATH=/home/lfvmu/kobuki/install/lib/python3.8/site-packages /usr/bin/cmake /home/lfvmu/kobuki/src/ament_cmake/ament_cmake -DBUILD_TESTING=OFF --no-warn-unused-cli -DCMAKE_INSTALL_PREFIX=/home/lfvmu/kobuki/install
[0.532s] Not searching for unused variables given on the command line.
[0.533s] -- Found ament_cmake_core: 0.9.11 (/home/lfvmu/kobuki/install/share/ament_cmake_core/cmake)
[0.571s] -- Using PYTHON_EXECUTABLE: /usr/bin/python3
[0.904s] -- Found ament_cmake_export_dependencies: 0.9.11 (/home/lfvmu/kobuki/install/share/ament_cmake_export_dependencies/cmake)
[1.045s] -- Configuring done
[1.047s] -- Generating done
[1.050s] -- Build files have been written to: /home/lfvmu/kobuki/build/ament_cmake
[1.106s] Invoked command in '/home/lfvmu/kobuki/build/ament_cmake' returned '0': AMENT_PREFIX_PATH=/home/lfvmu/kobuki/install CMAKE_PREFIX_PATH=/home/lfvmu/kobuki/install LD_LIBRARY_PATH=/home/lfvmu/kobuki/install/lib PATH=/home/lfvmu/kobuki/install/bin:${PATH} PYTHONPATH=/home/lfvmu/kobuki/install/lib/python3.8/site-packages /usr/bin/cmake /home/lfvmu/kobuki/src/ament_cmake/ament_cmake -DBUILD_TESTING=OFF --no-warn-unused-cli -DCMAKE_INSTALL_PREFIX=/home/lfvmu/kobuki/install
[1.108s] Invoking command in '/home/lfvmu/kobuki/build/ament_cmake': AMENT_PREFIX_PATH=/home/lfvmu/kobuki/install CMAKE_PREFIX_PATH=/home/lfvmu/kobuki/install LD_LIBRARY_PATH=/home/lfvmu/kobuki/install/lib PATH=/home/lfvmu/kobuki/install/bin:${PATH} PYTHONPATH=/home/lfvmu/kobuki/install/lib/python3.8/site-packages /usr/bin/cmake --build /home/lfvmu/kobuki/build/ament_cmake -- -j4 -l4
[1.338s] Invoked command in '/home/lfvmu/kobuki/build/ament_cmake' returned '0': AMENT_PREFIX_PATH=/home/lfvmu/kobuki/install CMAKE_PREFIX_PATH=/home/lfvmu/kobuki/install LD_LIBRARY_PATH=/home/lfvmu/kobuki/install/lib PATH=/home/lfvmu/kobuki/install/bin:${PATH} PYTHONPATH=/home/lfvmu/kobuki/install/lib/python3.8/site-packages /usr/bin/cmake --build /home/lfvmu/kobuki/build/ament_cmake -- -j4 -l4
[1.413s] Invoking command in '/home/lfvmu/kobuki/build/ament_cmake': AMENT_PREFIX_PATH=/home/lfvmu/kobuki/install CMAKE_PREFIX_PATH=/home/lfvmu/kobuki/install LD_LIBRARY_PATH=/home/lfvmu/kobuki/install/lib PATH=/home/lfvmu/kobuki/install/bin:${PATH} PYTHONPATH=/home/lfvmu/kobuki/install/lib/python3.8/site-packages /usr/bin/cmake --install /home/lfvmu/kobuki/build/ament_cmake
[1.432s] -- Install configuration: ""
[1.432s] -- Up-to-date: /home/lfvmu/kobuki/install/share/ament_index/resource_index/package_run_dependencies/ament_cmake
[1.433s] -- Up-to-date: /home/lfvmu/kobuki/install/share/ament_index/resource_index/parent_prefix_path/ament_cmake
[1.433s] -- Up-to-date: /home/lfvmu/kobuki/install/share/ament_cmake/environment/ament_prefix_path.sh
[1.433s] -- Installing: /home/lfvmu/kobuki/install/share/ament_cmake/environment/ament_prefix_path.dsv
[1.434s] -- Up-to-date: /home/lfvmu/kobuki/install/share/ament_cmake/environment/path.sh
[1.434s] -- Installing: /home/lfvmu/kobuki/install/share/ament_cmake/environment/path.dsv
[1.434s] -- Up-to-date: /home/lfvmu/kobuki/install/share/ament_cmake/local_setup.bash
[1.434s] -- Up-to-date: /home/lfvmu/kobuki/install/share/ament_cmake/local_setup.sh
[1.435s] -- Up-to-date: /home/lfvmu/kobuki/install/share/ament_cmake/local_setup.zsh
[1.435s] -- Installing: /home/lfvmu/kobuki/install/share/ament_cmake/local_setup.dsv
[1.435s] -- Installing: /home/lfvmu/kobuki/install/share/ament_cmake/package.dsv
[1.435s] -- Up-to-date: /home/lfvmu/kobuki/install/share/ament_index/resource_index/packages/ament_cmake
[1.436s] -- Up-to-date: /home/lfvmu/kobuki/install/share/ament_cmake/cmake/ament_cmake_export_dependencies-extras.cmake
[1.436s] -- Up-to-date: /home/lfvmu/kobuki/install/share/ament_cmake/cmake/ament_cmakeConfig.cmake
[1.436s] -- Up-to-date: /home/lfvmu/kobuki/install/share/ament_cmake/cmake/ament_cmakeConfig-version.cmake
[1.436s] -- Up-to-date: /home/lfvmu/kobuki/install/share/ament_cmake/package.xml
[1.456s] Invoked command in '/home/lfvmu/kobuki/build/ament_cmake' returned '0': AMENT_PREFIX_PATH=/home/lfvmu/kobuki/install CMAKE_PREFIX_PATH=/home/lfvmu/kobuki/install LD_LIBRARY_PATH=/home/lfvmu/kobuki/install/lib PATH=/home/lfvmu/kobuki/install/bin:${PATH} PYTHONPATH=/home/lfvmu/kobuki/install/lib/python3.8/site-packages /usr/bin/cmake --install /home/lfvmu/kobuki/build/ament_cmake
