[0.297s] Invoking command in '/home/lfvmu/kobuki/build/ament_lint_auto': /usr/bin/cmake /home/lfvmu/kobuki/src/ament_lint/ament_lint_auto -DBUILD_TESTING=OFF -DCMAKE_INSTALL_PREFIX=/home/lfvmu/kobuki/install
[0.330s] Re-run cmake no build system arguments
[0.330s] -- Found ament_cmake_core: 0.9.11 (/home/lfvmu/kobuki/install/share/ament_cmake_core/cmake)
[0.370s] -- Using PYTHON_EXECUTABLE: /usr/bin/python3
[0.864s] -- Configuring done
[0.864s] -- Generating done
[0.883s] -- Build files have been written to: /home/lfvmu/kobuki/build/ament_lint_auto
[0.911s] Invoked command in '/home/lfvmu/kobuki/build/ament_lint_auto' returned '0': /usr/bin/cmake /home/lfvmu/kobuki/src/ament_lint/ament_lint_auto -DBUILD_TESTING=OFF -DCMAKE_INSTALL_PREFIX=/home/lfvmu/kobuki/install
[0.918s] Invoking command in '/home/lfvmu/kobuki/build/ament_lint_auto': /usr/bin/cmake --build /home/lfvmu/kobuki/build/ament_lint_auto -- -j4 -l4
[0.962s] /usr/bin/cmake -S/home/lfvmu/kobuki/src/ament_lint/ament_lint_auto -B/home/lfvmu/kobuki/build/ament_lint_auto --check-build-system CMakeFiles/Makefile.cmake 0
[1.008s] /usr/bin/cmake -E cmake_progress_start /home/lfvmu/kobuki/build/ament_lint_auto/CMakeFiles /home/lfvmu/kobuki/build/ament_lint_auto/CMakeFiles/progress.marks
[1.038s] /usr/bin/make -f CMakeFiles/Makefile2 all
[1.038s] make[1]: Entering directory '/home/lfvmu/kobuki/build/ament_lint_auto'
[1.039s] make[1]: Nothing to be done for 'all'.
[1.039s] make[1]: Leaving directory '/home/lfvmu/kobuki/build/ament_lint_auto'
[1.039s] /usr/bin/cmake -E cmake_progress_start /home/lfvmu/kobuki/build/ament_lint_auto/CMakeFiles 0
[1.247s] Invoked command in '/home/lfvmu/kobuki/build/ament_lint_auto' returned '0': /usr/bin/cmake --build /home/lfvmu/kobuki/build/ament_lint_auto -- -j4 -l4
[1.776s] Invoking command in '/home/lfvmu/kobuki/build/ament_lint_auto': /usr/bin/cmake --install /home/lfvmu/kobuki/build/ament_lint_auto
[1.798s] -- Install configuration: "RelWithDebInfo"
[1.799s] -- Up-to-date: /home/lfvmu/kobuki/install/share/ament_index/resource_index/package_run_dependencies/ament_lint_auto
[1.799s] -- Up-to-date: /home/lfvmu/kobuki/install/share/ament_index/resource_index/parent_prefix_path/ament_lint_auto
[1.799s] -- Up-to-date: /home/lfvmu/kobuki/install/share/ament_lint_auto/environment/ament_prefix_path.sh
[1.799s] -- Installing: /home/lfvmu/kobuki/install/share/ament_lint_auto/environment/ament_prefix_path.dsv
[1.800s] -- Up-to-date: /home/lfvmu/kobuki/install/share/ament_lint_auto/environment/path.sh
[1.800s] -- Installing: /home/lfvmu/kobuki/install/share/ament_lint_auto/environment/path.dsv
[1.800s] -- Up-to-date: /home/lfvmu/kobuki/install/share/ament_lint_auto/local_setup.bash
[1.800s] -- Up-to-date: /home/lfvmu/kobuki/install/share/ament_lint_auto/local_setup.sh
[1.801s] -- Up-to-date: /home/lfvmu/kobuki/install/share/ament_lint_auto/local_setup.zsh
[1.801s] -- Installing: /home/lfvmu/kobuki/install/share/ament_lint_auto/local_setup.dsv
[1.801s] -- Installing: /home/lfvmu/kobuki/install/share/ament_lint_auto/package.dsv
[1.802s] -- Up-to-date: /home/lfvmu/kobuki/install/share/ament_index/resource_index/packages/ament_lint_auto
[1.802s] -- Up-to-date: /home/lfvmu/kobuki/install/share/ament_lint_auto/cmake/ament_lint_auto-extras.cmake
[1.802s] -- Up-to-date: /home/lfvmu/kobuki/install/share/ament_lint_auto/cmake/ament_lint_autoConfig.cmake
[1.803s] -- Up-to-date: /home/lfvmu/kobuki/install/share/ament_lint_auto/cmake/ament_lint_autoConfig-version.cmake
[1.803s] -- Up-to-date: /home/lfvmu/kobuki/install/share/ament_lint_auto/package.xml
[1.805s] -- Up-to-date: /home/lfvmu/kobuki/install/share/ament_lint_auto/cmake
[1.806s] -- Up-to-date: /home/lfvmu/kobuki/install/share/ament_lint_auto/cmake/ament_lint_auto_package_hook.cmake
[1.806s] -- Up-to-date: /home/lfvmu/kobuki/install/share/ament_lint_auto/cmake/ament_lint_auto_find_test_dependencies.cmake
[1.847s] Invoked command in '/home/lfvmu/kobuki/build/ament_lint_auto' returned '0': /usr/bin/cmake --install /home/lfvmu/kobuki/build/ament_lint_auto
