[0.151s] Invoking command in '/home/lfvmu/kobuki/build/ecl_exceptions': AMENT_PREFIX_PATH=/home/lfvmu/kobuki/install CMAKE_PREFIX_PATH=/home/lfvmu/kobuki/install LD_LIBRARY_PATH=/home/lfvmu/kobuki/install/lib PATH=/home/lfvmu/kobuki/install/bin:${PATH} PYTHONPATH=/home/lfvmu/kobuki/install/lib/python3.8/site-packages /usr/bin/cmake /home/lfvmu/kobuki/src/ecl_core/ecl_exceptions -DBUILD_TESTING=OFF -DCMAKE_INSTALL_PREFIX=/home/lfvmu/kobuki/install
[0.317s] -- The C compiler identification is GNU 9.4.0
[0.497s] -- The CXX compiler identification is GNU 9.4.0
[0.515s] -- Check for working C compiler: /usr/bin/cc
[0.733s] -- Check for working C compiler: /usr/bin/cc -- works
[0.735s] -- Detecting C compiler ABI info
[0.962s] -- Detecting C compiler ABI info - done
[1.016s] -- Detecting C compile features
[1.016s] -- Detecting C compile features - done
[1.025s] -- Check for working CXX compiler: /usr/bin/c++
[1.313s] -- Check for working CXX compiler: /usr/bin/c++ -- works
[1.316s] -- Detecting CXX compiler ABI info
[1.548s] -- Detecting CXX compiler ABI info - done
[1.601s] -- Detecting CXX compile features
[1.603s] -- Detecting CXX compile features - done
[1.606s] -- Found ament_cmake_ros: 0.9.2 (/home/lfvmu/kobuki/install/share/ament_cmake_ros/cmake)
[1.653s] -- Found PythonInterp: /usr/bin/python3 (found suitable version "3.8.10", minimum required is "3") 
[1.654s] -- Using PYTHON_EXECUTABLE: /usr/bin/python3
[2.008s] -- Found ecl_build: 1.0.3 (/home/lfvmu/kobuki/install/share/ecl_build/cmake)
[2.039s] -- Found ecl_config: 1.1.0 (/home/lfvmu/kobuki/install/share/ecl_config/cmake)
[2.039s] -- Found ecl_errors: 1.1.0 (/home/lfvmu/kobuki/install/share/ecl_errors/cmake)
[2.329s] -- Configuring done
[2.373s] -- Generating done
[2.628s] -- Build files have been written to: /home/lfvmu/kobuki/build/ecl_exceptions
[2.641s] Invoked command in '/home/lfvmu/kobuki/build/ecl_exceptions' returned '0': AMENT_PREFIX_PATH=/home/lfvmu/kobuki/install CMAKE_PREFIX_PATH=/home/lfvmu/kobuki/install LD_LIBRARY_PATH=/home/lfvmu/kobuki/install/lib PATH=/home/lfvmu/kobuki/install/bin:${PATH} PYTHONPATH=/home/lfvmu/kobuki/install/lib/python3.8/site-packages /usr/bin/cmake /home/lfvmu/kobuki/src/ecl_core/ecl_exceptions -DBUILD_TESTING=OFF -DCMAKE_INSTALL_PREFIX=/home/lfvmu/kobuki/install
[2.651s] Invoking command in '/home/lfvmu/kobuki/build/ecl_exceptions': AMENT_PREFIX_PATH=/home/lfvmu/kobuki/install CMAKE_PREFIX_PATH=/home/lfvmu/kobuki/install LD_LIBRARY_PATH=/home/lfvmu/kobuki/install/lib PATH=/home/lfvmu/kobuki/install/bin:${PATH} PYTHONPATH=/home/lfvmu/kobuki/install/lib/python3.8/site-packages /usr/bin/cmake --build /home/lfvmu/kobuki/build/ecl_exceptions -- -j4 -l4
[2.777s] [35m[1mScanning dependencies of target ecl_exceptions[0m
[2.925s] [ 16%] [32mBuilding CXX object src/lib/CMakeFiles/ecl_exceptions.dir/standard_exception.cpp.o[0m
[3.953s] [ 33%] [32m[1mLinking CXX shared library libecl_exceptions.so[0m
[4.246s] [ 33%] Built target ecl_exceptions
[4.285s] [35m[1mScanning dependencies of target ecl_demo_exception_tracer[0m
[4.287s] [35m[1mScanning dependencies of target ecl_demo_exceptions[0m
[4.318s] [ 50%] [32mBuilding CXX object src/examples/CMakeFiles/ecl_demo_exceptions.dir/exceptions.cpp.o[0m
[4.345s] [ 66%] [32mBuilding CXX object src/examples/CMakeFiles/ecl_demo_exception_tracer.dir/exception_tracer.cpp.o[0m
[5.589s] [ 83%] [32m[1mLinking CXX executable demo_exceptions[0m
[5.823s] [100%] [32m[1mLinking CXX executable demo_exception_tracer[0m
[5.834s] [100%] Built target ecl_demo_exceptions
[6.107s] [100%] Built target ecl_demo_exception_tracer
[6.266s] Invoked command in '/home/lfvmu/kobuki/build/ecl_exceptions' returned '0': AMENT_PREFIX_PATH=/home/lfvmu/kobuki/install CMAKE_PREFIX_PATH=/home/lfvmu/kobuki/install LD_LIBRARY_PATH=/home/lfvmu/kobuki/install/lib PATH=/home/lfvmu/kobuki/install/bin:${PATH} PYTHONPATH=/home/lfvmu/kobuki/install/lib/python3.8/site-packages /usr/bin/cmake --build /home/lfvmu/kobuki/build/ecl_exceptions -- -j4 -l4
[6.544s] Invoking command in '/home/lfvmu/kobuki/build/ecl_exceptions': AMENT_PREFIX_PATH=/home/lfvmu/kobuki/install CMAKE_PREFIX_PATH=/home/lfvmu/kobuki/install LD_LIBRARY_PATH=/home/lfvmu/kobuki/install/lib PATH=/home/lfvmu/kobuki/install/bin:${PATH} PYTHONPATH=/home/lfvmu/kobuki/install/lib/python3.8/site-packages /usr/bin/cmake --install /home/lfvmu/kobuki/build/ecl_exceptions
[6.566s] -- Install configuration: ""
[6.566s] -- Installing: /home/lfvmu/kobuki/install/share/ecl_exceptions/environment/library_path.sh
[6.571s] -- Installing: /home/lfvmu/kobuki/install/share/ecl_exceptions/environment/library_path.dsv
[6.571s] -- Installing: /home/lfvmu/kobuki/install/share/ament_index/resource_index/package_run_dependencies/ecl_exceptions
[6.571s] -- Installing: /home/lfvmu/kobuki/install/share/ament_index/resource_index/parent_prefix_path/ecl_exceptions
[6.571s] -- Installing: /home/lfvmu/kobuki/install/share/ecl_exceptions/environment/ament_prefix_path.sh
[6.571s] -- Installing: /home/lfvmu/kobuki/install/share/ecl_exceptions/environment/ament_prefix_path.dsv
[6.572s] -- Installing: /home/lfvmu/kobuki/install/share/ecl_exceptions/environment/path.sh
[6.572s] -- Installing: /home/lfvmu/kobuki/install/share/ecl_exceptions/environment/path.dsv
[6.572s] -- Installing: /home/lfvmu/kobuki/install/share/ecl_exceptions/local_setup.bash
[6.572s] -- Installing: /home/lfvmu/kobuki/install/share/ecl_exceptions/local_setup.sh
[6.573s] -- Installing: /home/lfvmu/kobuki/install/share/ecl_exceptions/local_setup.zsh
[6.573s] -- Installing: /home/lfvmu/kobuki/install/share/ecl_exceptions/local_setup.dsv
[6.574s] -- Installing: /home/lfvmu/kobuki/install/share/ecl_exceptions/package.dsv
[6.574s] -- Installing: /home/lfvmu/kobuki/install/share/ament_index/resource_index/packages/ecl_exceptions
[6.575s] -- Installing: /home/lfvmu/kobuki/install/share/ecl_exceptions/cmake/ecl_exceptionsExport.cmake
[6.576s] -- Installing: /home/lfvmu/kobuki/install/share/ecl_exceptions/cmake/ecl_exceptionsExport-noconfig.cmake
[6.577s] -- Installing: /home/lfvmu/kobuki/install/share/ecl_exceptions/cmake/ament_cmake_export_targets-extras.cmake
[6.577s] -- Installing: /home/lfvmu/kobuki/install/share/ecl_exceptions/cmake/ament_cmake_export_include_directories-extras.cmake
[6.578s] -- Installing: /home/lfvmu/kobuki/install/share/ecl_exceptions/cmake/ament_cmake_export_libraries-extras.cmake
[6.579s] -- Installing: /home/lfvmu/kobuki/install/share/ecl_exceptions/cmake/ament_cmake_export_dependencies-extras.cmake
[6.579s] -- Installing: /home/lfvmu/kobuki/install/share/ecl_exceptions/cmake/ecl_exceptionsConfig.cmake
[6.580s] -- Installing: /home/lfvmu/kobuki/install/share/ecl_exceptions/cmake/ecl_exceptionsConfig-version.cmake
[6.580s] -- Installing: /home/lfvmu/kobuki/install/share/ecl_exceptions/package.xml
[6.581s] -- Installing: /home/lfvmu/kobuki/install/include/ecl/exceptions.hpp
[6.582s] -- Installing: /home/lfvmu/kobuki/install/include/ecl/exceptions/data_exception.hpp
[6.583s] -- Installing: /home/lfvmu/kobuki/install/include/ecl/exceptions/exception.hpp
[6.585s] -- Installing: /home/lfvmu/kobuki/install/include/ecl/exceptions/macros.hpp
[6.585s] -- Installing: /home/lfvmu/kobuki/install/include/ecl/exceptions/posix_error_handler.hpp
[6.585s] -- Installing: /home/lfvmu/kobuki/install/include/ecl/exceptions/standard_exception.hpp
[6.586s] -- Installing: /home/lfvmu/kobuki/install/lib/libecl_exceptions.so.1.2.1
[6.588s] -- Set runtime path of "/home/lfvmu/kobuki/install/lib/libecl_exceptions.so.1.2.1" to ""
[6.588s] -- Installing: /home/lfvmu/kobuki/install/lib/libecl_exceptions.so
[6.589s] -- Installing: /home/lfvmu/kobuki/install/lib/ecl_exceptions/demo_exceptions
[6.590s] -- Set runtime path of "/home/lfvmu/kobuki/install/lib/ecl_exceptions/demo_exceptions" to ""
[6.591s] -- Installing: /home/lfvmu/kobuki/install/lib/ecl_exceptions/demo_exception_tracer
[6.592s] -- Set runtime path of "/home/lfvmu/kobuki/install/lib/ecl_exceptions/demo_exception_tracer" to ""
[6.597s] Invoked command in '/home/lfvmu/kobuki/build/ecl_exceptions' returned '0': AMENT_PREFIX_PATH=/home/lfvmu/kobuki/install CMAKE_PREFIX_PATH=/home/lfvmu/kobuki/install LD_LIBRARY_PATH=/home/lfvmu/kobuki/install/lib PATH=/home/lfvmu/kobuki/install/bin:${PATH} PYTHONPATH=/home/lfvmu/kobuki/install/lib/python3.8/site-packages /usr/bin/cmake --install /home/lfvmu/kobuki/build/ecl_exceptions
