[0.461s] Invoking command in '/home/lfvmu/kobuki/build/ecl_containers': /usr/bin/cmake /home/lfvmu/kobuki/src/ecl_core/ecl_containers -DBUILD_TESTING=OFF -DCMAKE_INSTALL_PREFIX=/home/lfvmu/kobuki/install
[0.486s] Re-run cmake no build system arguments
[0.511s] -- Found ament_cmake_ros: 0.9.2 (/home/lfvmu/kobuki/install/share/ament_cmake_ros/cmake)
[0.570s] -- Using PYTHON_EXECUTABLE: /usr/bin/python3
[0.940s] -- Found ecl_build: 1.0.3 (/home/lfvmu/kobuki/install/share/ecl_build/cmake)
[0.956s] -- Found ecl_config: 1.1.0 (/home/lfvmu/kobuki/install/share/ecl_config/cmake)
[0.965s] -- Found ecl_converters: 1.2.1 (/home/lfvmu/kobuki/install/share/ecl_converters/cmake)
[1.066s] -- Found ecl_formatters: 1.2.1 (/home/lfvmu/kobuki/install/share/ecl_formatters/cmake)
[1.105s] -- Found ecl_utilities: 1.2.1 (/home/lfvmu/kobuki/install/share/ecl_utilities/cmake)
[1.270s] -- Configuring done
[1.304s] -- Generating done
[1.312s] -- Build files have been written to: /home/lfvmu/kobuki/build/ecl_containers
[1.478s] Invoked command in '/home/lfvmu/kobuki/build/ecl_containers' returned '0': /usr/bin/cmake /home/lfvmu/kobuki/src/ecl_core/ecl_containers -DBUILD_TESTING=OFF -DCMAKE_INSTALL_PREFIX=/home/lfvmu/kobuki/install
[1.480s] Invoking command in '/home/lfvmu/kobuki/build/ecl_containers': /usr/bin/cmake --build /home/lfvmu/kobuki/build/ecl_containers -- -j4 -l4
[1.717s] /usr/bin/cmake -S/home/lfvmu/kobuki/src/ecl_core/ecl_containers -B/home/lfvmu/kobuki/build/ecl_containers --check-build-system CMakeFiles/Makefile.cmake 0
[1.738s] /usr/bin/cmake -E cmake_progress_start /home/lfvmu/kobuki/build/ecl_containers/CMakeFiles /home/lfvmu/kobuki/build/ecl_containers/CMakeFiles/progress.marks
[1.739s] /usr/bin/make -f CMakeFiles/Makefile2 all
[1.739s] make[1]: Entering directory '/home/lfvmu/kobuki/build/ecl_containers'
[1.740s] /usr/bin/make -f src/examples/CMakeFiles/ecl_demo_formatters.dir/build.make src/examples/CMakeFiles/ecl_demo_formatters.dir/depend
[1.740s] make[2]: Entering directory '/home/lfvmu/kobuki/build/ecl_containers'
[1.740s] cd /home/lfvmu/kobuki/build/ecl_containers && /usr/bin/cmake -E cmake_depends "Unix Makefiles" /home/lfvmu/kobuki/src/ecl_core/ecl_containers /home/lfvmu/kobuki/src/ecl_core/ecl_containers/src/examples /home/lfvmu/kobuki/build/ecl_containers /home/lfvmu/kobuki/build/ecl_containers/src/examples /home/lfvmu/kobuki/build/ecl_containers/src/examples/CMakeFiles/ecl_demo_formatters.dir/DependInfo.cmake --color=
[1.785s] make[2]: Leaving directory '/home/lfvmu/kobuki/build/ecl_containers'
[1.789s] /usr/bin/make -f src/examples/CMakeFiles/ecl_demo_formatters.dir/build.make src/examples/CMakeFiles/ecl_demo_formatters.dir/build
[1.794s] make[2]: Entering directory '/home/lfvmu/kobuki/build/ecl_containers'
[1.794s] make[2]: Nothing to be done for 'src/examples/CMakeFiles/ecl_demo_formatters.dir/build'.
[1.795s] make[2]: Leaving directory '/home/lfvmu/kobuki/build/ecl_containers'
[1.795s] [100%] Built target ecl_demo_formatters
[1.795s] make[1]: Leaving directory '/home/lfvmu/kobuki/build/ecl_containers'
[1.796s] /usr/bin/cmake -E cmake_progress_start /home/lfvmu/kobuki/build/ecl_containers/CMakeFiles 0
[1.797s] Invoked command in '/home/lfvmu/kobuki/build/ecl_containers' returned '0': /usr/bin/cmake --build /home/lfvmu/kobuki/build/ecl_containers -- -j4 -l4
[1.918s] Invoking command in '/home/lfvmu/kobuki/build/ecl_containers': /usr/bin/cmake --install /home/lfvmu/kobuki/build/ecl_containers
[1.941s] -- Install configuration: "RelWithDebInfo"
[1.942s] -- Up-to-date: /home/lfvmu/kobuki/install/share/ament_index/resource_index/package_run_dependencies/ecl_containers
[1.943s] -- Up-to-date: /home/lfvmu/kobuki/install/share/ament_index/resource_index/parent_prefix_path/ecl_containers
[1.943s] -- Up-to-date: /home/lfvmu/kobuki/install/share/ecl_containers/environment/ament_prefix_path.sh
[1.943s] -- Installing: /home/lfvmu/kobuki/install/share/ecl_containers/environment/ament_prefix_path.dsv
[1.944s] -- Up-to-date: /home/lfvmu/kobuki/install/share/ecl_containers/environment/path.sh
[1.944s] -- Installing: /home/lfvmu/kobuki/install/share/ecl_containers/environment/path.dsv
[1.945s] -- Up-to-date: /home/lfvmu/kobuki/install/share/ecl_containers/local_setup.bash
[1.946s] -- Up-to-date: /home/lfvmu/kobuki/install/share/ecl_containers/local_setup.sh
[1.946s] -- Up-to-date: /home/lfvmu/kobuki/install/share/ecl_containers/local_setup.zsh
[1.947s] -- Installing: /home/lfvmu/kobuki/install/share/ecl_containers/local_setup.dsv
[1.947s] -- Installing: /home/lfvmu/kobuki/install/share/ecl_containers/package.dsv
[1.948s] -- Up-to-date: /home/lfvmu/kobuki/install/share/ament_index/resource_index/packages/ecl_containers
[1.949s] -- Up-to-date: /home/lfvmu/kobuki/install/share/ecl_containers/cmake/ecl_containersExport.cmake
[1.949s] -- Up-to-date: /home/lfvmu/kobuki/install/share/ecl_containers/cmake/ament_cmake_export_targets-extras.cmake
[1.949s] -- Up-to-date: /home/lfvmu/kobuki/install/share/ecl_containers/cmake/ament_cmake_export_include_directories-extras.cmake
[1.949s] -- Up-to-date: /home/lfvmu/kobuki/install/share/ecl_containers/cmake/ament_cmake_export_dependencies-extras.cmake
[1.950s] -- Up-to-date: /home/lfvmu/kobuki/install/share/ecl_containers/cmake/ecl_containersConfig.cmake
[1.950s] -- Up-to-date: /home/lfvmu/kobuki/install/share/ecl_containers/cmake/ecl_containersConfig-version.cmake
[1.950s] -- Up-to-date: /home/lfvmu/kobuki/install/share/ecl_containers/package.xml
[1.950s] -- Up-to-date: /home/lfvmu/kobuki/install/include/ecl/containers.hpp
[1.951s] -- Up-to-date: /home/lfvmu/kobuki/install/include/ecl/containers/array.hpp
[1.951s] -- Up-to-date: /home/lfvmu/kobuki/install/include/ecl/containers/converters.hpp
[1.951s] -- Up-to-date: /home/lfvmu/kobuki/install/include/ecl/containers/definitions.hpp
[1.952s] -- Up-to-date: /home/lfvmu/kobuki/install/include/ecl/containers/fifo.hpp
[1.952s] -- Up-to-date: /home/lfvmu/kobuki/install/include/ecl/containers/initialiser.hpp
[1.952s] -- Up-to-date: /home/lfvmu/kobuki/install/include/ecl/containers/push_and_pop.hpp
[1.953s] -- Up-to-date: /home/lfvmu/kobuki/install/include/ecl/containers/stencil.hpp
[1.953s] -- Up-to-date: /home/lfvmu/kobuki/install/include/ecl/containers/common/formatters.hpp
[1.953s] -- Up-to-date: /home/lfvmu/kobuki/install/include/ecl/containers/array/array_dynamic_mem_check.hpp
[1.953s] -- Up-to-date: /home/lfvmu/kobuki/install/include/ecl/containers/array/array_dynamic_no_mem_check.hpp
[1.953s] -- Up-to-date: /home/lfvmu/kobuki/install/include/ecl/containers/array/array_mem_check.hpp
[1.954s] -- Up-to-date: /home/lfvmu/kobuki/install/include/ecl/containers/array/array_no_mem_check.hpp
[1.954s] -- Up-to-date: /home/lfvmu/kobuki/install/include/ecl/containers/array/converters.hpp
[1.954s] -- Up-to-date: /home/lfvmu/kobuki/install/include/ecl/containers/array/formatters.hpp
[1.954s] -- Up-to-date: /home/lfvmu/kobuki/install/include/ecl/containers/push_and_pop/formatters.hpp
[1.955s] -- Up-to-date: /home/lfvmu/kobuki/install/include/ecl/containers/push_and_pop/push_and_pop_dynamic.hpp
[1.955s] -- Up-to-date: /home/lfvmu/kobuki/install/include/ecl/containers/push_and_pop/push_and_pop_fixed.hpp
[1.955s] -- Up-to-date: /home/lfvmu/kobuki/install/include/ecl/containers/stencil/converters.hpp
[1.955s] -- Up-to-date: /home/lfvmu/kobuki/install/include/ecl/containers/stencil/formatters.hpp
[1.955s] -- Up-to-date: /home/lfvmu/kobuki/install/include/ecl/containers/stencil/specialisations.hpp
[1.956s] -- Up-to-date: /home/lfvmu/kobuki/install/include/ecl/containers/stencil/stencil.hpp
[1.956s] -- Up-to-date: /home/lfvmu/kobuki/install/lib/ecl_containers/demo_formatters
[1.960s] Invoked command in '/home/lfvmu/kobuki/build/ecl_containers' returned '0': /usr/bin/cmake --install /home/lfvmu/kobuki/build/ecl_containers
