[0.309s] Invoking command in '/home/lfvmu/kobuki/build/ecl_time': /usr/bin/cmake /home/lfvmu/kobuki/src/ecl_core/ecl_time -DBUILD_TESTING=OFF -DCMAKE_BUILD_TYPE=RelWithDebInfo -DCMAKE_INSTALL_PREFIX=/home/lfvmu/kobuki/install
[0.370s] -- Found ament_cmake_ros: 0.9.2 (/home/lfvmu/kobuki/install/share/ament_cmake_ros/cmake)
[0.401s] -- Using PYTHON_EXECUTABLE: /usr/bin/python3
[0.758s] -- Found ecl_build: 1.0.3 (/home/lfvmu/kobuki/install/share/ecl_build/cmake)
[0.795s] -- Found ecl_config: 1.1.0 (/home/lfvmu/kobuki/install/share/ecl_config/cmake)
[0.802s] -- Found ecl_errors: 1.1.0 (/home/lfvmu/kobuki/install/share/ecl_errors/cmake)
[0.818s] -- Found ecl_exceptions: 1.2.1 (/home/lfvmu/kobuki/install/share/ecl_exceptions/cmake)
[0.834s] -- Found ecl_time_lite: 1.1.0 (/home/lfvmu/kobuki/install/share/ecl_time_lite/cmake)
[1.035s] -- Configuring done
[1.085s] -- Generating done
[1.098s] -- Build files have been written to: /home/lfvmu/kobuki/build/ecl_time
[1.107s] Invoked command in '/home/lfvmu/kobuki/build/ecl_time' returned '0': /usr/bin/cmake /home/lfvmu/kobuki/src/ecl_core/ecl_time -DBUILD_TESTING=OFF -DCMAKE_BUILD_TYPE=RelWithDebInfo -DCMAKE_INSTALL_PREFIX=/home/lfvmu/kobuki/install
[1.114s] Invoking command in '/home/lfvmu/kobuki/build/ecl_time': /usr/bin/cmake --build /home/lfvmu/kobuki/build/ecl_time -- -j4 -l4
[1.266s] [ 75%] Built target ecl_time
[1.324s] [ 87%] Built target ecl_time_example_sleep
[1.324s] [100%] Built target ecl_time_example_random_number_generator
[1.391s] Invoked command in '/home/lfvmu/kobuki/build/ecl_time' returned '0': /usr/bin/cmake --build /home/lfvmu/kobuki/build/ecl_time -- -j4 -l4
[1.662s] Invoking command in '/home/lfvmu/kobuki/build/ecl_time': /usr/bin/cmake --install /home/lfvmu/kobuki/build/ecl_time
[1.682s] -- Install configuration: "RelWithDebInfo"
[1.683s] -- Up-to-date: /home/lfvmu/kobuki/install/share/ecl_time/environment/library_path.sh
[1.683s] -- Installing: /home/lfvmu/kobuki/install/share/ecl_time/environment/library_path.dsv
[1.683s] -- Up-to-date: /home/lfvmu/kobuki/install/share/ament_index/resource_index/package_run_dependencies/ecl_time
[1.684s] -- Up-to-date: /home/lfvmu/kobuki/install/share/ament_index/resource_index/parent_prefix_path/ecl_time
[1.684s] -- Up-to-date: /home/lfvmu/kobuki/install/share/ecl_time/environment/ament_prefix_path.sh
[1.684s] -- Installing: /home/lfvmu/kobuki/install/share/ecl_time/environment/ament_prefix_path.dsv
[1.684s] -- Up-to-date: /home/lfvmu/kobuki/install/share/ecl_time/environment/path.sh
[1.685s] -- Installing: /home/lfvmu/kobuki/install/share/ecl_time/environment/path.dsv
[1.685s] -- Up-to-date: /home/lfvmu/kobuki/install/share/ecl_time/local_setup.bash
[1.685s] -- Up-to-date: /home/lfvmu/kobuki/install/share/ecl_time/local_setup.sh
[1.686s] -- Up-to-date: /home/lfvmu/kobuki/install/share/ecl_time/local_setup.zsh
[1.686s] -- Installing: /home/lfvmu/kobuki/install/share/ecl_time/local_setup.dsv
[1.686s] -- Installing: /home/lfvmu/kobuki/install/share/ecl_time/package.dsv
[1.690s] -- Up-to-date: /home/lfvmu/kobuki/install/share/ament_index/resource_index/packages/ecl_time
[1.690s] -- Up-to-date: /home/lfvmu/kobuki/install/share/ecl_time/cmake/ecl_timeExport.cmake
[1.690s] -- Installing: /home/lfvmu/kobuki/install/share/ecl_time/cmake/ecl_timeExport-relwithdebinfo.cmake
[1.692s] -- Up-to-date: /home/lfvmu/kobuki/install/share/ecl_time/cmake/ament_cmake_export_targets-extras.cmake
[1.693s] -- Up-to-date: /home/lfvmu/kobuki/install/share/ecl_time/cmake/ament_cmake_export_include_directories-extras.cmake
[1.693s] -- Up-to-date: /home/lfvmu/kobuki/install/share/ecl_time/cmake/ament_cmake_export_libraries-extras.cmake
[1.693s] -- Up-to-date: /home/lfvmu/kobuki/install/share/ecl_time/cmake/ament_cmake_export_dependencies-extras.cmake
[1.693s] -- Up-to-date: /home/lfvmu/kobuki/install/share/ecl_time/cmake/ecl_timeConfig.cmake
[1.693s] -- Up-to-date: /home/lfvmu/kobuki/install/share/ecl_time/cmake/ecl_timeConfig-version.cmake
[1.694s] -- Up-to-date: /home/lfvmu/kobuki/install/share/ecl_time/package.xml
[1.694s] -- Up-to-date: /home/lfvmu/kobuki/install/include/ecl/time.hpp
[1.694s] -- Up-to-date: /home/lfvmu/kobuki/install/include/ecl/time/cpuwatch.hpp
[1.694s] -- Up-to-date: /home/lfvmu/kobuki/install/include/ecl/time/cpuwatch_rt.hpp
[1.694s] -- Up-to-date: /home/lfvmu/kobuki/install/include/ecl/time/duration.hpp
[1.695s] -- Up-to-date: /home/lfvmu/kobuki/install/include/ecl/time/frequency.hpp
[1.695s] -- Up-to-date: /home/lfvmu/kobuki/install/include/ecl/time/macros.hpp
[1.695s] -- Up-to-date: /home/lfvmu/kobuki/install/include/ecl/time/random_number_generator.hpp
[1.695s] -- Up-to-date: /home/lfvmu/kobuki/install/include/ecl/time/sleep.hpp
[1.695s] -- Up-to-date: /home/lfvmu/kobuki/install/include/ecl/time/sleep_pos.hpp
[1.696s] -- Up-to-date: /home/lfvmu/kobuki/install/include/ecl/time/sleep_win.hpp
[1.696s] -- Up-to-date: /home/lfvmu/kobuki/install/include/ecl/time/snooze.hpp
[1.696s] -- Up-to-date: /home/lfvmu/kobuki/install/include/ecl/time/snooze_pos.hpp
[1.696s] -- Up-to-date: /home/lfvmu/kobuki/install/include/ecl/time/snooze_win.hpp
[1.696s] -- Up-to-date: /home/lfvmu/kobuki/install/include/ecl/time/stopwatch.hpp
[1.696s] -- Up-to-date: /home/lfvmu/kobuki/install/include/ecl/time/time_data.hpp
[1.697s] -- Up-to-date: /home/lfvmu/kobuki/install/include/ecl/time/timestamp.hpp
[1.697s] -- Up-to-date: /home/lfvmu/kobuki/install/include/ecl/time/timestamp_base.hpp
[1.697s] -- Up-to-date: /home/lfvmu/kobuki/install/include/ecl/time/timestamp_pos.hpp
[1.697s] -- Up-to-date: /home/lfvmu/kobuki/install/include/ecl/time/timestamp_win.hpp
[1.697s] -- Up-to-date: /home/lfvmu/kobuki/install/lib/libecl_time.so.1.2.1
[1.699s] -- Up-to-date: /home/lfvmu/kobuki/install/lib/libecl_time.so
[1.699s] -- Up-to-date: /home/lfvmu/kobuki/install/lib/ecl_time/demo_random_number_generator
[1.699s] -- Up-to-date: /home/lfvmu/kobuki/install/lib/ecl_time/demo_sleep
[1.705s] Invoked command in '/home/lfvmu/kobuki/build/ecl_time' returned '0': /usr/bin/cmake --install /home/lfvmu/kobuki/build/ecl_time
