[0.042s] Invoking command in '/home/lfvmu/kobuki/build/ament_cmake_libraries': AMENT_PREFIX_PATH=/home/lfvmu/kobuki/install CMAKE_PREFIX_PATH=/home/lfvmu/kobuki/install LD_LIBRARY_PATH=/home/lfvmu/kobuki/install/lib PATH=/home/lfvmu/kobuki/install/bin:${PATH} PYTHONPATH=/home/lfvmu/kobuki/install/lib/python3.8/site-packages /usr/bin/cmake /home/lfvmu/kobuki/src/ament_cmake/ament_cmake_libraries -DBUILD_TESTING=OFF -DCMAKE_BUILD_TYPE=RelWithDebInfo -DCMAKE_INSTALL_PREFIX=/home/lfvmu/kobuki/install
[0.076s] -- Found ament_cmake_core: 0.9.11 (/home/lfvmu/kobuki/install/share/ament_cmake_core/cmake)
[0.131s] -- Using PYTHON_EXECUTABLE: /usr/bin/python3
[0.606s] -- Configuring done
[0.612s] -- Generating done
[0.615s] -- Build files have been written to: /home/lfvmu/kobuki/build/ament_cmake_libraries
[0.619s] Invoked command in '/home/lfvmu/kobuki/build/ament_cmake_libraries' returned '0': AMENT_PREFIX_PATH=/home/lfvmu/kobuki/install CMAKE_PREFIX_PATH=/home/lfvmu/kobuki/install LD_LIBRARY_PATH=/home/lfvmu/kobuki/install/lib PATH=/home/lfvmu/kobuki/install/bin:${PATH} PYTHONPATH=/home/lfvmu/kobuki/install/lib/python3.8/site-packages /usr/bin/cmake /home/lfvmu/kobuki/src/ament_cmake/ament_cmake_libraries -DBUILD_TESTING=OFF -DCMAKE_BUILD_TYPE=RelWithDebInfo -DCMAKE_INSTALL_PREFIX=/home/lfvmu/kobuki/install
[0.624s] Invoking command in '/home/lfvmu/kobuki/build/ament_cmake_libraries': AMENT_PREFIX_PATH=/home/lfvmu/kobuki/install CMAKE_PREFIX_PATH=/home/lfvmu/kobuki/install LD_LIBRARY_PATH=/home/lfvmu/kobuki/install/lib PATH=/home/lfvmu/kobuki/install/bin:${PATH} PYTHONPATH=/home/lfvmu/kobuki/install/lib/python3.8/site-packages /usr/bin/cmake --build /home/lfvmu/kobuki/build/ament_cmake_libraries -- -j4 -l4
[0.714s] Invoked command in '/home/lfvmu/kobuki/build/ament_cmake_libraries' returned '0': AMENT_PREFIX_PATH=/home/lfvmu/kobuki/install CMAKE_PREFIX_PATH=/home/lfvmu/kobuki/install LD_LIBRARY_PATH=/home/lfvmu/kobuki/install/lib PATH=/home/lfvmu/kobuki/install/bin:${PATH} PYTHONPATH=/home/lfvmu/kobuki/install/lib/python3.8/site-packages /usr/bin/cmake --build /home/lfvmu/kobuki/build/ament_cmake_libraries -- -j4 -l4
[1.115s] Invoking command in '/home/lfvmu/kobuki/build/ament_cmake_libraries': AMENT_PREFIX_PATH=/home/lfvmu/kobuki/install CMAKE_PREFIX_PATH=/home/lfvmu/kobuki/install LD_LIBRARY_PATH=/home/lfvmu/kobuki/install/lib PATH=/home/lfvmu/kobuki/install/bin:${PATH} PYTHONPATH=/home/lfvmu/kobuki/install/lib/python3.8/site-packages /usr/bin/cmake --install /home/lfvmu/kobuki/build/ament_cmake_libraries
[1.164s] -- Install configuration: "RelWithDebInfo"
[1.164s] -- Up-to-date: /home/lfvmu/kobuki/install/share/ament_index/resource_index/package_run_dependencies/ament_cmake_libraries
[1.165s] -- Up-to-date: /home/lfvmu/kobuki/install/share/ament_index/resource_index/parent_prefix_path/ament_cmake_libraries
[1.165s] -- Up-to-date: /home/lfvmu/kobuki/install/share/ament_cmake_libraries/environment/ament_prefix_path.sh
[1.165s] -- Installing: /home/lfvmu/kobuki/install/share/ament_cmake_libraries/environment/ament_prefix_path.dsv
[1.165s] -- Up-to-date: /home/lfvmu/kobuki/install/share/ament_cmake_libraries/environment/path.sh
[1.165s] -- Installing: /home/lfvmu/kobuki/install/share/ament_cmake_libraries/environment/path.dsv
[1.166s] -- Up-to-date: /home/lfvmu/kobuki/install/share/ament_cmake_libraries/local_setup.bash
[1.166s] -- Up-to-date: /home/lfvmu/kobuki/install/share/ament_cmake_libraries/local_setup.sh
[1.166s] -- Up-to-date: /home/lfvmu/kobuki/install/share/ament_cmake_libraries/local_setup.zsh
[1.166s] -- Installing: /home/lfvmu/kobuki/install/share/ament_cmake_libraries/local_setup.dsv
[1.167s] -- Installing: /home/lfvmu/kobuki/install/share/ament_cmake_libraries/package.dsv
[1.167s] -- Up-to-date: /home/lfvmu/kobuki/install/share/ament_index/resource_index/packages/ament_cmake_libraries
[1.168s] -- Up-to-date: /home/lfvmu/kobuki/install/share/ament_cmake_libraries/cmake/ament_cmake_libraries-extras.cmake
[1.168s] -- Up-to-date: /home/lfvmu/kobuki/install/share/ament_cmake_libraries/cmake/ament_cmake_librariesConfig.cmake
[1.168s] -- Up-to-date: /home/lfvmu/kobuki/install/share/ament_cmake_libraries/cmake/ament_cmake_librariesConfig-version.cmake
[1.168s] -- Up-to-date: /home/lfvmu/kobuki/install/share/ament_cmake_libraries/package.xml
[1.169s] -- Up-to-date: /home/lfvmu/kobuki/install/share/ament_cmake_libraries/cmake
[1.169s] -- Up-to-date: /home/lfvmu/kobuki/install/share/ament_cmake_libraries/cmake/ament_libraries_deduplicate.cmake
[1.169s] -- Up-to-date: /home/lfvmu/kobuki/install/share/ament_cmake_libraries/cmake/ament_libraries_pack_build_configuration.cmake
[1.169s] -- Up-to-date: /home/lfvmu/kobuki/install/share/ament_cmake_libraries/cmake/ament_libraries_unpack_build_configuration.cmake
[1.198s] Invoked command in '/home/lfvmu/kobuki/build/ament_cmake_libraries' returned '0': AMENT_PREFIX_PATH=/home/lfvmu/kobuki/install CMAKE_PREFIX_PATH=/home/lfvmu/kobuki/install LD_LIBRARY_PATH=/home/lfvmu/kobuki/install/lib PATH=/home/lfvmu/kobuki/install/bin:${PATH} PYTHONPATH=/home/lfvmu/kobuki/install/lib/python3.8/site-packages /usr/bin/cmake --install /home/lfvmu/kobuki/build/ament_cmake_libraries
