[0.634s] Invoking command in '/home/lfvmu/kobuki/build/ecl_ipc': AMENT_PREFIX_PATH=/home/lfvmu/kobuki/install CMAKE_PREFIX_PATH=/home/lfvmu/kobuki/install LD_LIBRARY_PATH=/home/lfvmu/kobuki/install/lib PATH=/home/lfvmu/kobuki/install/bin:${PATH} PYTHONPATH=/home/lfvmu/kobuki/install/lib/python3.8/site-packages /usr/bin/cmake /home/lfvmu/kobuki/src/ecl_core/ecl_ipc -DBUILD_TESTING=OFF -DCMAKE_INSTALL_PREFIX=/home/lfvmu/kobuki/install
[0.857s] -- The C compiler identification is GNU 9.4.0
[1.153s] -- The CXX compiler identification is GNU 9.4.0
[1.184s] -- Check for working C compiler: /usr/bin/cc
[1.601s] -- Check for working C compiler: /usr/bin/cc -- works
[1.601s] -- Detecting C compiler ABI info
[2.025s] -- Detecting C compiler ABI info - done
[2.123s] -- Detecting C compile features
[2.124s] -- Detecting C compile features - done
[2.142s] -- Check for working CXX compiler: /usr/bin/c++
[2.526s] -- Check for working CXX compiler: /usr/bin/c++ -- works
[2.526s] -- Detecting CXX compiler ABI info
[2.859s] -- Detecting CXX compiler ABI info - done
[2.931s] -- Detecting CXX compile features
[2.932s] -- Detecting CXX compile features - done
[2.935s] -- Found ament_cmake_ros: 0.9.2 (/home/lfvmu/kobuki/install/share/ament_cmake_ros/cmake)
[2.982s] -- Found PythonInterp: /usr/bin/python3 (found suitable version "3.8.10", minimum required is "3") 
[2.982s] -- Using PYTHON_EXECUTABLE: /usr/bin/python3
[3.417s] -- Found ecl_build: 1.0.3 (/home/lfvmu/kobuki/install/share/ecl_build/cmake)
[3.456s] -- Found ecl_config: 1.1.0 (/home/lfvmu/kobuki/install/share/ecl_config/cmake)
[3.463s] -- Found ecl_errors: 1.1.0 (/home/lfvmu/kobuki/install/share/ecl_errors/cmake)
[3.474s] -- Found ecl_time_lite: 1.1.0 (/home/lfvmu/kobuki/install/share/ecl_time_lite/cmake)
[3.485s] -- Found ecl_exceptions: 1.2.1 (/home/lfvmu/kobuki/install/share/ecl_exceptions/cmake)
[3.496s] -- Found ecl_threads: 1.2.1 (/home/lfvmu/kobuki/install/share/ecl_threads/cmake)
[3.499s] -- Looking for pthread.h
[3.739s] -- Looking for pthread.h - found
[3.739s] -- Performing Test CMAKE_HAVE_LIBC_PTHREAD
[4.117s] -- Performing Test CMAKE_HAVE_LIBC_PTHREAD - Failed
[4.118s] -- Looking for pthread_create in pthreads
[4.358s] -- Looking for pthread_create in pthreads - not found
[4.358s] -- Looking for pthread_create in pthread
[4.577s] -- Looking for pthread_create in pthread - found
[4.578s] -- Found Threads: TRUE  
[4.578s] -- Check if compiler accepts -pthread
[4.850s] -- Check if compiler accepts -pthread - yes
[5.131s] -- Configuring done
[5.154s] -- Generating done
[5.257s] -- Build files have been written to: /home/lfvmu/kobuki/build/ecl_ipc
[5.272s] Invoked command in '/home/lfvmu/kobuki/build/ecl_ipc' returned '0': AMENT_PREFIX_PATH=/home/lfvmu/kobuki/install CMAKE_PREFIX_PATH=/home/lfvmu/kobuki/install LD_LIBRARY_PATH=/home/lfvmu/kobuki/install/lib PATH=/home/lfvmu/kobuki/install/bin:${PATH} PYTHONPATH=/home/lfvmu/kobuki/install/lib/python3.8/site-packages /usr/bin/cmake /home/lfvmu/kobuki/src/ecl_core/ecl_ipc -DBUILD_TESTING=OFF -DCMAKE_INSTALL_PREFIX=/home/lfvmu/kobuki/install
[5.273s] Invoking command in '/home/lfvmu/kobuki/build/ecl_ipc': AMENT_PREFIX_PATH=/home/lfvmu/kobuki/install CMAKE_PREFIX_PATH=/home/lfvmu/kobuki/install LD_LIBRARY_PATH=/home/lfvmu/kobuki/install/lib PATH=/home/lfvmu/kobuki/install/bin:${PATH} PYTHONPATH=/home/lfvmu/kobuki/install/lib/python3.8/site-packages /usr/bin/cmake --build /home/lfvmu/kobuki/build/ecl_ipc -- -j4 -l4
[5.405s] [35m[1mScanning dependencies of target ecl_ipc[0m
[5.465s] [ 33%] [32mBuilding CXX object src/lib/CMakeFiles/ecl_ipc.dir/semaphore_pos.cpp.o[0m
[5.466s] [ 66%] [32mBuilding CXX object src/lib/CMakeFiles/ecl_ipc.dir/shared_memory_pos.cpp.o[0m
[7.008s] [100%] [32m[1mLinking CXX shared library libecl_ipc.so[0m
[7.609s] [100%] Built target ecl_ipc
[7.663s] Invoked command in '/home/lfvmu/kobuki/build/ecl_ipc' returned '0': AMENT_PREFIX_PATH=/home/lfvmu/kobuki/install CMAKE_PREFIX_PATH=/home/lfvmu/kobuki/install LD_LIBRARY_PATH=/home/lfvmu/kobuki/install/lib PATH=/home/lfvmu/kobuki/install/bin:${PATH} PYTHONPATH=/home/lfvmu/kobuki/install/lib/python3.8/site-packages /usr/bin/cmake --build /home/lfvmu/kobuki/build/ecl_ipc -- -j4 -l4
[7.893s] Invoking command in '/home/lfvmu/kobuki/build/ecl_ipc': AMENT_PREFIX_PATH=/home/lfvmu/kobuki/install CMAKE_PREFIX_PATH=/home/lfvmu/kobuki/install LD_LIBRARY_PATH=/home/lfvmu/kobuki/install/lib PATH=/home/lfvmu/kobuki/install/bin:${PATH} PYTHONPATH=/home/lfvmu/kobuki/install/lib/python3.8/site-packages /usr/bin/cmake --install /home/lfvmu/kobuki/build/ecl_ipc
[7.937s] -- Install configuration: ""
[7.938s] -- Installing: /home/lfvmu/kobuki/install/share/ecl_ipc/environment/library_path.sh
[7.938s] -- Installing: /home/lfvmu/kobuki/install/share/ecl_ipc/environment/library_path.dsv
[7.938s] -- Installing: /home/lfvmu/kobuki/install/share/ament_index/resource_index/package_run_dependencies/ecl_ipc
[7.939s] -- Installing: /home/lfvmu/kobuki/install/share/ament_index/resource_index/parent_prefix_path/ecl_ipc
[7.939s] -- Installing: /home/lfvmu/kobuki/install/share/ecl_ipc/environment/ament_prefix_path.sh
[7.940s] -- Installing: /home/lfvmu/kobuki/install/share/ecl_ipc/environment/ament_prefix_path.dsv
[7.940s] -- Installing: /home/lfvmu/kobuki/install/share/ecl_ipc/environment/path.sh
[7.940s] -- Installing: /home/lfvmu/kobuki/install/share/ecl_ipc/environment/path.dsv
[7.941s] -- Installing: /home/lfvmu/kobuki/install/share/ecl_ipc/local_setup.bash
[7.941s] -- Installing: /home/lfvmu/kobuki/install/share/ecl_ipc/local_setup.sh
[7.941s] -- Installing: /home/lfvmu/kobuki/install/share/ecl_ipc/local_setup.zsh
[7.942s] -- Installing: /home/lfvmu/kobuki/install/share/ecl_ipc/local_setup.dsv
[7.942s] -- Installing: /home/lfvmu/kobuki/install/share/ecl_ipc/package.dsv
[7.942s] -- Installing: /home/lfvmu/kobuki/install/share/ament_index/resource_index/packages/ecl_ipc
[7.943s] -- Installing: /home/lfvmu/kobuki/install/share/ecl_ipc/cmake/ecl_ipcExport.cmake
[7.943s] -- Installing: /home/lfvmu/kobuki/install/share/ecl_ipc/cmake/ecl_ipcExport-noconfig.cmake
[7.943s] -- Installing: /home/lfvmu/kobuki/install/share/ecl_ipc/cmake/ament_cmake_export_targets-extras.cmake
[7.944s] -- Installing: /home/lfvmu/kobuki/install/share/ecl_ipc/cmake/ament_cmake_export_include_directories-extras.cmake
[7.944s] -- Installing: /home/lfvmu/kobuki/install/share/ecl_ipc/cmake/ament_cmake_export_libraries-extras.cmake
[7.944s] -- Installing: /home/lfvmu/kobuki/install/share/ecl_ipc/cmake/ament_cmake_export_dependencies-extras.cmake
[7.945s] -- Installing: /home/lfvmu/kobuki/install/share/ecl_ipc/cmake/ecl_ipcConfig.cmake
[7.945s] -- Installing: /home/lfvmu/kobuki/install/share/ecl_ipc/cmake/ecl_ipcConfig-version.cmake
[7.945s] -- Installing: /home/lfvmu/kobuki/install/share/ecl_ipc/package.xml
[7.946s] -- Installing: /home/lfvmu/kobuki/install/include/ecl/ipc.hpp
[7.947s] -- Installing: /home/lfvmu/kobuki/install/include/ecl/ipc/semaphore.hpp
[7.947s] -- Installing: /home/lfvmu/kobuki/install/include/ecl/ipc/semaphore_pos.hpp
[7.948s] -- Installing: /home/lfvmu/kobuki/install/include/ecl/ipc/shared_memory.hpp
[7.948s] -- Installing: /home/lfvmu/kobuki/install/include/ecl/ipc/shared_memory_pos.hpp
[7.965s] -- Installing: /home/lfvmu/kobuki/install/lib/libecl_ipc.so.1.2.1
[7.967s] -- Set runtime path of "/home/lfvmu/kobuki/install/lib/libecl_ipc.so.1.2.1" to ""
[7.967s] -- Installing: /home/lfvmu/kobuki/install/lib/libecl_ipc.so
[7.977s] Invoked command in '/home/lfvmu/kobuki/build/ecl_ipc' returned '0': AMENT_PREFIX_PATH=/home/lfvmu/kobuki/install CMAKE_PREFIX_PATH=/home/lfvmu/kobuki/install LD_LIBRARY_PATH=/home/lfvmu/kobuki/install/lib PATH=/home/lfvmu/kobuki/install/bin:${PATH} PYTHONPATH=/home/lfvmu/kobuki/install/lib/python3.8/site-packages /usr/bin/cmake --install /home/lfvmu/kobuki/build/ecl_ipc
