[0.273s] Invoking command in '/home/lfvmu/kobuki/build/ecl_converters': AMENT_PREFIX_PATH=/home/lfvmu/kobuki/install CMAKE_PREFIX_PATH=/home/lfvmu/kobuki/install LD_LIBRARY_PATH=/home/lfvmu/kobuki/install/lib PATH=/home/lfvmu/kobuki/install/bin:${PATH} PYTHONPATH=/home/lfvmu/kobuki/install/lib/python3.8/site-packages /usr/bin/cmake /home/lfvmu/kobuki/src/ecl_core/ecl_converters -DBUILD_TESTING=OFF -DCMAKE_BUILD_TYPE=RelWithDebInfo -DCMAKE_INSTALL_PREFIX=/home/lfvmu/kobuki/install
[0.320s] -- Found ament_cmake_ros: 0.9.2 (/home/lfvmu/kobuki/install/share/ament_cmake_ros/cmake)
[0.363s] -- Using PYTHON_EXECUTABLE: /usr/bin/python3
[1.011s] -- Found ecl_build: 1.0.3 (/home/lfvmu/kobuki/install/share/ecl_build/cmake)
[1.036s] -- Found ecl_config: 1.1.0 (/home/lfvmu/kobuki/install/share/ecl_config/cmake)
[1.044s] -- Found ecl_concepts: 1.2.1 (/home/lfvmu/kobuki/install/share/ecl_concepts/cmake)
[1.073s] -- Found ecl_errors: 1.1.0 (/home/lfvmu/kobuki/install/share/ecl_errors/cmake)
[1.083s] -- Found ecl_exceptions: 1.2.1 (/home/lfvmu/kobuki/install/share/ecl_exceptions/cmake)
[1.268s] -- Configuring done
[1.301s] -- Generating done
[1.309s] -- Build files have been written to: /home/lfvmu/kobuki/build/ecl_converters
[1.320s] Invoked command in '/home/lfvmu/kobuki/build/ecl_converters' returned '0': AMENT_PREFIX_PATH=/home/lfvmu/kobuki/install CMAKE_PREFIX_PATH=/home/lfvmu/kobuki/install LD_LIBRARY_PATH=/home/lfvmu/kobuki/install/lib PATH=/home/lfvmu/kobuki/install/bin:${PATH} PYTHONPATH=/home/lfvmu/kobuki/install/lib/python3.8/site-packages /usr/bin/cmake /home/lfvmu/kobuki/src/ecl_core/ecl_converters -DBUILD_TESTING=OFF -DCMAKE_BUILD_TYPE=RelWithDebInfo -DCMAKE_INSTALL_PREFIX=/home/lfvmu/kobuki/install
[1.327s] Invoking command in '/home/lfvmu/kobuki/build/ecl_converters': AMENT_PREFIX_PATH=/home/lfvmu/kobuki/install CMAKE_PREFIX_PATH=/home/lfvmu/kobuki/install LD_LIBRARY_PATH=/home/lfvmu/kobuki/install/lib PATH=/home/lfvmu/kobuki/install/bin:${PATH} PYTHONPATH=/home/lfvmu/kobuki/install/lib/python3.8/site-packages /usr/bin/cmake --build /home/lfvmu/kobuki/build/ecl_converters -- -j4 -l4
[1.483s] [ 50%] [32mBuilding CXX object src/examples/CMakeFiles/demo_float_converters.dir/float_converters.cpp.o[0m
[3.869s] [100%] [32m[1mLinking CXX executable demo_float_converters[0m
[4.414s] [100%] Built target demo_float_converters
[4.564s] Invoked command in '/home/lfvmu/kobuki/build/ecl_converters' returned '0': AMENT_PREFIX_PATH=/home/lfvmu/kobuki/install CMAKE_PREFIX_PATH=/home/lfvmu/kobuki/install LD_LIBRARY_PATH=/home/lfvmu/kobuki/install/lib PATH=/home/lfvmu/kobuki/install/bin:${PATH} PYTHONPATH=/home/lfvmu/kobuki/install/lib/python3.8/site-packages /usr/bin/cmake --build /home/lfvmu/kobuki/build/ecl_converters -- -j4 -l4
[5.054s] Invoking command in '/home/lfvmu/kobuki/build/ecl_converters': AMENT_PREFIX_PATH=/home/lfvmu/kobuki/install CMAKE_PREFIX_PATH=/home/lfvmu/kobuki/install LD_LIBRARY_PATH=/home/lfvmu/kobuki/install/lib PATH=/home/lfvmu/kobuki/install/bin:${PATH} PYTHONPATH=/home/lfvmu/kobuki/install/lib/python3.8/site-packages /usr/bin/cmake --install /home/lfvmu/kobuki/build/ecl_converters
[5.096s] -- Install configuration: "RelWithDebInfo"
[5.096s] -- Up-to-date: /home/lfvmu/kobuki/install/share/ament_index/resource_index/package_run_dependencies/ecl_converters
[5.097s] -- Up-to-date: /home/lfvmu/kobuki/install/share/ament_index/resource_index/parent_prefix_path/ecl_converters
[5.097s] -- Up-to-date: /home/lfvmu/kobuki/install/share/ecl_converters/environment/ament_prefix_path.sh
[5.098s] -- Installing: /home/lfvmu/kobuki/install/share/ecl_converters/environment/ament_prefix_path.dsv
[5.098s] -- Up-to-date: /home/lfvmu/kobuki/install/share/ecl_converters/environment/path.sh
[5.098s] -- Installing: /home/lfvmu/kobuki/install/share/ecl_converters/environment/path.dsv
[5.106s] -- Up-to-date: /home/lfvmu/kobuki/install/share/ecl_converters/local_setup.bash
[5.106s] -- Up-to-date: /home/lfvmu/kobuki/install/share/ecl_converters/local_setup.sh
[5.106s] -- Up-to-date: /home/lfvmu/kobuki/install/share/ecl_converters/local_setup.zsh
[5.107s] -- Installing: /home/lfvmu/kobuki/install/share/ecl_converters/local_setup.dsv
[5.107s] -- Installing: /home/lfvmu/kobuki/install/share/ecl_converters/package.dsv
[5.107s] -- Up-to-date: /home/lfvmu/kobuki/install/share/ament_index/resource_index/packages/ecl_converters
[5.108s] -- Up-to-date: /home/lfvmu/kobuki/install/share/ecl_converters/cmake/ecl_convertersExport.cmake
[5.108s] -- Up-to-date: /home/lfvmu/kobuki/install/share/ecl_converters/cmake/ament_cmake_export_targets-extras.cmake
[5.108s] -- Up-to-date: /home/lfvmu/kobuki/install/share/ecl_converters/cmake/ament_cmake_export_include_directories-extras.cmake
[5.108s] -- Up-to-date: /home/lfvmu/kobuki/install/share/ecl_converters/cmake/ament_cmake_export_dependencies-extras.cmake
[5.109s] -- Up-to-date: /home/lfvmu/kobuki/install/share/ecl_converters/cmake/ecl_convertersConfig.cmake
[5.109s] -- Up-to-date: /home/lfvmu/kobuki/install/share/ecl_converters/cmake/ecl_convertersConfig-version.cmake
[5.109s] -- Up-to-date: /home/lfvmu/kobuki/install/share/ecl_converters/package.xml
[5.110s] -- Up-to-date: /home/lfvmu/kobuki/install/include/ecl/converters.hpp
[5.110s] -- Up-to-date: /home/lfvmu/kobuki/install/include/ecl/converters/char.hpp
[5.110s] -- Up-to-date: /home/lfvmu/kobuki/install/include/ecl/converters/char_strings.hpp
[5.111s] -- Up-to-date: /home/lfvmu/kobuki/install/include/ecl/converters/converter.hpp
[5.111s] -- Up-to-date: /home/lfvmu/kobuki/install/include/ecl/converters/from_byte_array.hpp
[5.111s] -- Up-to-date: /home/lfvmu/kobuki/install/include/ecl/converters/integers.hpp
[5.111s] -- Up-to-date: /home/lfvmu/kobuki/install/include/ecl/converters/string.hpp
[5.112s] -- Up-to-date: /home/lfvmu/kobuki/install/include/ecl/converters/to_byte_array.hpp
[5.113s] -- Installing: /home/lfvmu/kobuki/install/lib/ecl_converters/demo_float_converters
[5.115s] -- Set runtime path of "/home/lfvmu/kobuki/install/lib/ecl_converters/demo_float_converters" to ""
[5.125s] Invoked command in '/home/lfvmu/kobuki/build/ecl_converters' returned '0': AMENT_PREFIX_PATH=/home/lfvmu/kobuki/install CMAKE_PREFIX_PATH=/home/lfvmu/kobuki/install LD_LIBRARY_PATH=/home/lfvmu/kobuki/install/lib PATH=/home/lfvmu/kobuki/install/bin:${PATH} PYTHONPATH=/home/lfvmu/kobuki/install/lib/python3.8/site-packages /usr/bin/cmake --install /home/lfvmu/kobuki/build/ecl_converters
