[0.343s] Invoking command in '/home/lfvmu/kobuki/build/kobuki_core': AMENT_PREFIX_PATH=/home/lfvmu/kobuki/install CMAKE_PREFIX_PATH=/home/lfvmu/kobuki/install LD_LIBRARY_PATH=/home/lfvmu/kobuki/install/lib PATH=/home/lfvmu/kobuki/install/bin:${PATH} PKG_CONFIG_PATH=/home/lfvmu/kobuki/install/lib/x86_64-linux-gnu/pkgconfig:/home/lfvmu/kobuki/install/lib/pkgconfig PYTHONPATH=/home/lfvmu/kobuki/install/lib/python3.8/site-packages /usr/bin/cmake /home/lfvmu/kobuki/src/kobuki_core -DBUILD_TESTING=OFF --no-warn-unused-cli -DCMAKE_INSTALL_PREFIX=/home/lfvmu/kobuki/install
[0.382s] Not searching for unused variables given on the command line.
[0.390s] -- Found ament_cmake_ros: 0.9.2 (/home/lfvmu/kobuki/install/share/ament_cmake_ros/cmake)
[0.442s] -- Using PYTHON_EXECUTABLE: /usr/bin/python3
[0.790s] -- Found ecl_build: 1.0.3 (/home/lfvmu/kobuki/install/share/ecl_build/cmake)
[0.813s] -- Found ecl_command_line: 1.2.1 (/home/lfvmu/kobuki/install/share/ecl_command_line/cmake)
[0.819s] -- Found ecl_config: 1.1.0 (/home/lfvmu/kobuki/install/share/ecl_config/cmake)
[0.826s] -- Found ecl_console: 1.1.0 (/home/lfvmu/kobuki/install/share/ecl_console/cmake)
[0.834s] -- Found ecl_converters: 1.2.1 (/home/lfvmu/kobuki/install/share/ecl_converters/cmake)
[0.895s] -- Found ecl_devices: 1.2.1 (/home/lfvmu/kobuki/install/share/ecl_devices/cmake)
[1.011s] -- Found ecl_geometry: 1.2.1 (/home/lfvmu/kobuki/install/share/ecl_geometry/cmake)
[1.069s] -- Found ecl_mobile_robot: 1.2.1 (/home/lfvmu/kobuki/install/share/ecl_mobile_robot/cmake)
[1.093s] -- Found ecl_sigslots: 1.2.1 (/home/lfvmu/kobuki/install/share/ecl_sigslots/cmake)
[1.272s] -- Configuring done
[1.366s] -- Generating done
[1.379s] -- Build files have been written to: /home/lfvmu/kobuki/build/kobuki_core
[1.390s] Invoked command in '/home/lfvmu/kobuki/build/kobuki_core' returned '0': AMENT_PREFIX_PATH=/home/lfvmu/kobuki/install CMAKE_PREFIX_PATH=/home/lfvmu/kobuki/install LD_LIBRARY_PATH=/home/lfvmu/kobuki/install/lib PATH=/home/lfvmu/kobuki/install/bin:${PATH} PKG_CONFIG_PATH=/home/lfvmu/kobuki/install/lib/x86_64-linux-gnu/pkgconfig:/home/lfvmu/kobuki/install/lib/pkgconfig PYTHONPATH=/home/lfvmu/kobuki/install/lib/python3.8/site-packages /usr/bin/cmake /home/lfvmu/kobuki/src/kobuki_core -DBUILD_TESTING=OFF --no-warn-unused-cli -DCMAKE_INSTALL_PREFIX=/home/lfvmu/kobuki/install
[1.397s] Invoking command in '/home/lfvmu/kobuki/build/kobuki_core': AMENT_PREFIX_PATH=/home/lfvmu/kobuki/install CMAKE_PREFIX_PATH=/home/lfvmu/kobuki/install LD_LIBRARY_PATH=/home/lfvmu/kobuki/install/lib PATH=/home/lfvmu/kobuki/install/bin:${PATH} PKG_CONFIG_PATH=/home/lfvmu/kobuki/install/lib/x86_64-linux-gnu/pkgconfig:/home/lfvmu/kobuki/install/lib/pkgconfig PYTHONPATH=/home/lfvmu/kobuki/install/lib/python3.8/site-packages /usr/bin/cmake --build /home/lfvmu/kobuki/build/kobuki_core -- -j4 -l4
[1.613s] [  3%] [32mBuilding CXX object src/driver/CMakeFiles/kobuki_core.dir/battery.cpp.o[0m
[1.634s] [  6%] [32mBuilding CXX object src/driver/CMakeFiles/kobuki_core.dir/core_sensors.cpp.o[0m
[1.635s] [  9%] [32mBuilding CXX object src/driver/CMakeFiles/kobuki_core.dir/command.cpp.o[0m
[1.658s] [ 12%] [32mBuilding CXX object src/driver/CMakeFiles/kobuki_core.dir/diff_drive.cpp.o[0m
[3.257s] [ 15%] [32mBuilding CXX object src/driver/CMakeFiles/kobuki_core.dir/dock_drive.cpp.o[0m
[3.453s] [ 18%] [32mBuilding CXX object src/driver/CMakeFiles/kobuki_core.dir/dock_drive_debug.cpp.o[0m
[9.044s] [ 21%] [32mBuilding CXX object src/driver/CMakeFiles/kobuki_core.dir/dock_drive_states.cpp.o[0m
[9.670s] [ 25%] [32mBuilding CXX object src/driver/CMakeFiles/kobuki_core.dir/event_manager.cpp.o[0m
[10.313s] [ 28%] [32mBuilding CXX object src/driver/CMakeFiles/kobuki_core.dir/firmware.cpp.o[0m
[11.348s] [ 31%] [32mBuilding CXX object src/driver/CMakeFiles/kobuki_core.dir/kobuki.cpp.o[0m
[12.114s] [ 34%] [32mBuilding CXX object src/driver/CMakeFiles/kobuki_core.dir/logging.cpp.o[0m
[13.090s] [ 37%] [32mBuilding CXX object src/driver/CMakeFiles/kobuki_core.dir/packet_finder.cpp.o[0m
[16.126s] [ 40%] [32mBuilding CXX object src/driver/CMakeFiles/kobuki_core.dir/__/__/version_info.cpp.o[0m
[29.537s] [ 43%] [32m[1mLinking CXX shared library libkobuki_core.so[0m
[30.404s] [ 43%] Built target kobuki_core
[30.496s] [ 46%] [32mBuilding CXX object src/demos/CMakeFiles/kobuki_core_demo_custom_logging.dir/custom_logging.cpp.o[0m
[40.006s] [ 50%] [32m[1mLinking CXX executable demo_custom_logging[0m
[40.374s] [ 50%] Built target kobuki_core_demo_custom_logging
[40.460s] [ 53%] [32mBuilding CXX object src/demos/CMakeFiles/kobuki_core_demo_data_stream.dir/data_stream.cpp.o[0m
[43.498s] [ 56%] [32mBuilding CXX object src/demos/CMakeFiles/kobuki_core_demo_simple_loop.dir/simple_loop.cpp.o[0m
[44.673s] [ 59%] [32mBuilding CXX object src/demos/CMakeFiles/kobuki_core_demo_buttons.dir/buttons.cpp.o[0m
[45.831s] [ 62%] [32mBuilding CXX object src/demos/CMakeFiles/kobuki_core_demo_raw_data_stream.dir/raw_data_stream.cpp.o[0m
[54.226s] [ 65%] [32m[1mLinking CXX executable demo_data_stream[0m
[54.930s] [ 65%] Built target kobuki_core_demo_data_stream
[57.577s] [ 68%] [32m[1mLinking CXX executable demo_simple_loop[0m
[58.162s] [ 68%] Built target kobuki_core_demo_simple_loop
[58.312s] [ 71%] [32m[1mLinking CXX executable demo_buttons[0m
[58.702s] [ 71%] Built target kobuki_core_demo_buttons
[60.270s] [ 75%] [32m[1mLinking CXX executable demo_raw_data_stream[0m
[60.644s] [ 75%] Built target kobuki_core_demo_raw_data_stream
[60.730s] [ 78%] [32mBuilding CXX object src/tools/CMakeFiles/kobuki_core_tool_simple_keyop.dir/simple_keyop.cpp.o[0m
[70.096s] [ 81%] [32m[1mLinking CXX executable kobuki-simple-keyop[0m
[70.501s] [ 81%] Built target kobuki_core_tool_simple_keyop
[70.587s] [ 84%] [32mBuilding CXX object src/tools/CMakeFiles/kobuki_core_tool_version_info.dir/version_info.cpp.o[0m
[80.114s] [ 87%] [32m[1mLinking CXX executable kobuki-version-info[0m
[80.470s] [ 87%] Built target kobuki_core_tool_version_info
[80.513s] [ 90%] [32mBuilding CXX object src/demos/CMakeFiles/kobuki_core_demo_velocity_commands.dir/velocity_commands.cpp.o[0m
[81.320s] [ 93%] [32m[1mLinking CXX executable demo_velocity_commands[0m
[81.585s] [ 93%] Built target kobuki_core_demo_velocity_commands
[81.669s] [ 96%] [32mBuilding CXX object src/demos/CMakeFiles/kobuki_core_demo_chirp.dir/chirp.cpp.o[0m
[89.384s] [100%] [32m[1mLinking CXX executable demo_chirp[0m
[89.709s] [100%] Built target kobuki_core_demo_chirp
[89.740s] Invoked command in '/home/lfvmu/kobuki/build/kobuki_core' returned '0': AMENT_PREFIX_PATH=/home/lfvmu/kobuki/install CMAKE_PREFIX_PATH=/home/lfvmu/kobuki/install LD_LIBRARY_PATH=/home/lfvmu/kobuki/install/lib PATH=/home/lfvmu/kobuki/install/bin:${PATH} PKG_CONFIG_PATH=/home/lfvmu/kobuki/install/lib/x86_64-linux-gnu/pkgconfig:/home/lfvmu/kobuki/install/lib/pkgconfig PYTHONPATH=/home/lfvmu/kobuki/install/lib/python3.8/site-packages /usr/bin/cmake --build /home/lfvmu/kobuki/build/kobuki_core -- -j4 -l4
[89.793s] Invoking command in '/home/lfvmu/kobuki/build/kobuki_core': AMENT_PREFIX_PATH=/home/lfvmu/kobuki/install CMAKE_PREFIX_PATH=/home/lfvmu/kobuki/install LD_LIBRARY_PATH=/home/lfvmu/kobuki/install/lib PATH=/home/lfvmu/kobuki/install/bin:${PATH} PKG_CONFIG_PATH=/home/lfvmu/kobuki/install/lib/x86_64-linux-gnu/pkgconfig:/home/lfvmu/kobuki/install/lib/pkgconfig PYTHONPATH=/home/lfvmu/kobuki/install/lib/python3.8/site-packages /usr/bin/cmake --install /home/lfvmu/kobuki/build/kobuki_core
[89.810s] -- Install configuration: ""
[89.811s] -- Up-to-date: /home/lfvmu/kobuki/install/include
[89.811s] -- Up-to-date: /home/lfvmu/kobuki/install/include/kobuki_core
[89.812s] -- Up-to-date: /home/lfvmu/kobuki/install/include/kobuki_core/macros.hpp
[89.812s] -- Up-to-date: /home/lfvmu/kobuki/install/include/kobuki_core/dock_drive.hpp
[89.812s] -- Up-to-date: /home/lfvmu/kobuki/install/include/kobuki_core/version_info.hpp
[89.813s] -- Up-to-date: /home/lfvmu/kobuki/install/include/kobuki_core/command.hpp
[89.813s] -- Up-to-date: /home/lfvmu/kobuki/install/include/kobuki_core/modules.hpp
[89.814s] -- Up-to-date: /home/lfvmu/kobuki/install/include/kobuki_core/event_manager.hpp
[89.814s] -- Up-to-date: /home/lfvmu/kobuki/install/include/kobuki_core/packets.hpp
[89.814s] -- Up-to-date: /home/lfvmu/kobuki/install/include/kobuki_core/packets
[89.814s] -- Up-to-date: /home/lfvmu/kobuki/install/include/kobuki_core/packets/controller_info.hpp
[89.815s] -- Up-to-date: /home/lfvmu/kobuki/install/include/kobuki_core/packets/gp_input.hpp
[89.815s] -- Up-to-date: /home/lfvmu/kobuki/install/include/kobuki_core/packets/current.hpp
[89.815s] -- Up-to-date: /home/lfvmu/kobuki/install/include/kobuki_core/packets/three_axis_gyro.hpp
[89.816s] -- Up-to-date: /home/lfvmu/kobuki/install/include/kobuki_core/packets/cliff.hpp
[89.818s] -- Up-to-date: /home/lfvmu/kobuki/install/include/kobuki_core/packets/firmware.hpp
[89.819s] -- Up-to-date: /home/lfvmu/kobuki/install/include/kobuki_core/packets/eeprom.hpp
[89.819s] -- Up-to-date: /home/lfvmu/kobuki/install/include/kobuki_core/packets/dock_ir.hpp
[89.819s] -- Up-to-date: /home/lfvmu/kobuki/install/include/kobuki_core/packets/core_sensors.hpp
[89.819s] -- Up-to-date: /home/lfvmu/kobuki/install/include/kobuki_core/packets/inertia.hpp
[89.819s] -- Up-to-date: /home/lfvmu/kobuki/install/include/kobuki_core/packets/unique_device_id.hpp
[89.820s] -- Up-to-date: /home/lfvmu/kobuki/install/include/kobuki_core/packets/hardware.hpp
[89.820s] -- Up-to-date: /home/lfvmu/kobuki/install/include/kobuki_core/packet_handler
[89.820s] -- Up-to-date: /home/lfvmu/kobuki/install/include/kobuki_core/packet_handler/payload_headers.hpp
[89.820s] -- Up-to-date: /home/lfvmu/kobuki/install/include/kobuki_core/packet_handler/packet_finder.hpp
[89.820s] -- Up-to-date: /home/lfvmu/kobuki/install/include/kobuki_core/packet_handler/payload_base.hpp
[89.821s] -- Up-to-date: /home/lfvmu/kobuki/install/include/kobuki_core/parameters.hpp
[89.821s] -- Up-to-date: /home/lfvmu/kobuki/install/include/kobuki_core/kobuki.hpp
[89.821s] -- Up-to-date: /home/lfvmu/kobuki/install/include/kobuki_core/logging.hpp
[89.821s] -- Up-to-date: /home/lfvmu/kobuki/install/include/kobuki_core/modules
[89.822s] -- Up-to-date: /home/lfvmu/kobuki/install/include/kobuki_core/modules/acceleration_limiter.hpp
[89.822s] -- Up-to-date: /home/lfvmu/kobuki/install/include/kobuki_core/modules/battery.hpp
[89.822s] -- Up-to-date: /home/lfvmu/kobuki/install/include/kobuki_core/modules/digital_output.hpp
[89.822s] -- Up-to-date: /home/lfvmu/kobuki/install/include/kobuki_core/modules/led_array.hpp
[89.823s] -- Up-to-date: /home/lfvmu/kobuki/install/include/kobuki_core/modules/diff_drive.hpp
[89.823s] -- Up-to-date: /home/lfvmu/kobuki/install/include/kobuki_core/modules/sound.hpp
[89.824s] -- Up-to-date: /home/lfvmu/kobuki/install/include/CMakeLists.txt
[89.825s] -- Up-to-date: /home/lfvmu/kobuki/install/share/kobuki_core/environment/library_path.sh
[89.825s] -- Installing: /home/lfvmu/kobuki/install/share/kobuki_core/environment/library_path.dsv
[89.825s] -- Up-to-date: /home/lfvmu/kobuki/install/share/ament_index/resource_index/package_run_dependencies/kobuki_core
[89.827s] -- Up-to-date: /home/lfvmu/kobuki/install/share/ament_index/resource_index/parent_prefix_path/kobuki_core
[89.827s] -- Up-to-date: /home/lfvmu/kobuki/install/share/kobuki_core/environment/ament_prefix_path.sh
[89.827s] -- Installing: /home/lfvmu/kobuki/install/share/kobuki_core/environment/ament_prefix_path.dsv
[89.828s] -- Up-to-date: /home/lfvmu/kobuki/install/share/kobuki_core/environment/path.sh
[89.828s] -- Installing: /home/lfvmu/kobuki/install/share/kobuki_core/environment/path.dsv
[89.828s] -- Up-to-date: /home/lfvmu/kobuki/install/share/kobuki_core/local_setup.bash
[89.828s] -- Up-to-date: /home/lfvmu/kobuki/install/share/kobuki_core/local_setup.sh
[89.828s] -- Up-to-date: /home/lfvmu/kobuki/install/share/kobuki_core/local_setup.zsh
[89.829s] -- Installing: /home/lfvmu/kobuki/install/share/kobuki_core/local_setup.dsv
[89.829s] -- Installing: /home/lfvmu/kobuki/install/share/kobuki_core/package.dsv
[89.829s] -- Up-to-date: /home/lfvmu/kobuki/install/share/ament_index/resource_index/packages/kobuki_core
[89.829s] -- Up-to-date: /home/lfvmu/kobuki/install/share/kobuki_core/cmake/kobuki_coreExport.cmake
[89.829s] -- Installing: /home/lfvmu/kobuki/install/share/kobuki_core/cmake/kobuki_coreExport-noconfig.cmake
[89.829s] -- Up-to-date: /home/lfvmu/kobuki/install/share/kobuki_core/cmake/ament_cmake_export_targets-extras.cmake
[89.829s] -- Up-to-date: /home/lfvmu/kobuki/install/share/kobuki_core/cmake/ament_cmake_export_dependencies-extras.cmake
[89.830s] -- Up-to-date: /home/lfvmu/kobuki/install/share/kobuki_core/cmake/ament_cmake_export_include_directories-extras.cmake
[89.830s] -- Up-to-date: /home/lfvmu/kobuki/install/share/kobuki_core/cmake/ament_cmake_export_libraries-extras.cmake
[89.830s] -- Up-to-date: /home/lfvmu/kobuki/install/share/kobuki_core/cmake/kobuki_coreConfig.cmake
[89.830s] -- Up-to-date: /home/lfvmu/kobuki/install/share/kobuki_core/cmake/kobuki_coreConfig-version.cmake
[89.830s] -- Up-to-date: /home/lfvmu/kobuki/install/share/kobuki_core/package.xml
[89.831s] -- Up-to-date: /home/lfvmu/kobuki/install/include/kobuki_core
[89.831s] -- Up-to-date: /home/lfvmu/kobuki/install/include/kobuki_core/macros.hpp
[89.831s] -- Up-to-date: /home/lfvmu/kobuki/install/include/kobuki_core/dock_drive.hpp
[89.831s] -- Up-to-date: /home/lfvmu/kobuki/install/include/kobuki_core/version_info.hpp
[89.831s] -- Up-to-date: /home/lfvmu/kobuki/install/include/kobuki_core/command.hpp
[89.831s] -- Up-to-date: /home/lfvmu/kobuki/install/include/kobuki_core/modules.hpp
[89.832s] -- Up-to-date: /home/lfvmu/kobuki/install/include/kobuki_core/event_manager.hpp
[89.832s] -- Up-to-date: /home/lfvmu/kobuki/install/include/kobuki_core/packets.hpp
[89.832s] -- Up-to-date: /home/lfvmu/kobuki/install/include/kobuki_core/packets
[89.832s] -- Up-to-date: /home/lfvmu/kobuki/install/include/kobuki_core/packets/controller_info.hpp
[89.832s] -- Up-to-date: /home/lfvmu/kobuki/install/include/kobuki_core/packets/gp_input.hpp
[89.833s] -- Up-to-date: /home/lfvmu/kobuki/install/include/kobuki_core/packets/current.hpp
[89.833s] -- Up-to-date: /home/lfvmu/kobuki/install/include/kobuki_core/packets/three_axis_gyro.hpp
[89.833s] -- Up-to-date: /home/lfvmu/kobuki/install/include/kobuki_core/packets/cliff.hpp
[89.833s] -- Up-to-date: /home/lfvmu/kobuki/install/include/kobuki_core/packets/firmware.hpp
[89.833s] -- Up-to-date: /home/lfvmu/kobuki/install/include/kobuki_core/packets/eeprom.hpp
[89.833s] -- Up-to-date: /home/lfvmu/kobuki/install/include/kobuki_core/packets/dock_ir.hpp
[89.834s] -- Up-to-date: /home/lfvmu/kobuki/install/include/kobuki_core/packets/core_sensors.hpp
[89.834s] -- Up-to-date: /home/lfvmu/kobuki/install/include/kobuki_core/packets/inertia.hpp
[89.834s] -- Up-to-date: /home/lfvmu/kobuki/install/include/kobuki_core/packets/unique_device_id.hpp
[89.834s] -- Up-to-date: /home/lfvmu/kobuki/install/include/kobuki_core/packets/hardware.hpp
[89.834s] -- Up-to-date: /home/lfvmu/kobuki/install/include/kobuki_core/packet_handler
[89.836s] -- Up-to-date: /home/lfvmu/kobuki/install/include/kobuki_core/packet_handler/payload_headers.hpp
[89.836s] -- Up-to-date: /home/lfvmu/kobuki/install/include/kobuki_core/packet_handler/packet_finder.hpp
[89.836s] -- Up-to-date: /home/lfvmu/kobuki/install/include/kobuki_core/packet_handler/payload_base.hpp
[89.837s] -- Up-to-date: /home/lfvmu/kobuki/install/include/kobuki_core/parameters.hpp
[89.837s] -- Up-to-date: /home/lfvmu/kobuki/install/include/kobuki_core/kobuki.hpp
[89.837s] -- Up-to-date: /home/lfvmu/kobuki/install/include/kobuki_core/logging.hpp
[89.837s] -- Up-to-date: /home/lfvmu/kobuki/install/include/kobuki_core/modules
[89.837s] -- Up-to-date: /home/lfvmu/kobuki/install/include/kobuki_core/modules/acceleration_limiter.hpp
[89.838s] -- Up-to-date: /home/lfvmu/kobuki/install/include/kobuki_core/modules/battery.hpp
[89.838s] -- Up-to-date: /home/lfvmu/kobuki/install/include/kobuki_core/modules/digital_output.hpp
[89.838s] -- Up-to-date: /home/lfvmu/kobuki/install/include/kobuki_core/modules/led_array.hpp
[89.838s] -- Up-to-date: /home/lfvmu/kobuki/install/include/kobuki_core/modules/diff_drive.hpp
[89.838s] -- Up-to-date: /home/lfvmu/kobuki/install/include/kobuki_core/modules/sound.hpp
[89.838s] -- Installing: /home/lfvmu/kobuki/install/lib/libkobuki_core.so.1.3.1
[89.842s] -- Set runtime path of "/home/lfvmu/kobuki/install/lib/libkobuki_core.so.1.3.1" to ""
[89.843s] -- Up-to-date: /home/lfvmu/kobuki/install/lib/libkobuki_core.so
[89.845s] -- Installing: /home/lfvmu/kobuki/install/lib/kobuki_core/demo_chirp
[89.847s] -- Set runtime path of "/home/lfvmu/kobuki/install/lib/kobuki_core/demo_chirp" to ""
[89.847s] -- Installing: /home/lfvmu/kobuki/install/lib/kobuki_core/demo_custom_logging
[89.850s] -- Set runtime path of "/home/lfvmu/kobuki/install/lib/kobuki_core/demo_custom_logging" to ""
[89.850s] -- Installing: /home/lfvmu/kobuki/install/lib/kobuki_core/demo_buttons
[89.853s] -- Set runtime path of "/home/lfvmu/kobuki/install/lib/kobuki_core/demo_buttons" to ""
[89.854s] -- Installing: /home/lfvmu/kobuki/install/lib/kobuki_core/demo_raw_data_stream
[89.856s] -- Set runtime path of "/home/lfvmu/kobuki/install/lib/kobuki_core/demo_raw_data_stream" to ""
[89.858s] -- Installing: /home/lfvmu/kobuki/install/lib/kobuki_core/demo_data_stream
[89.858s] -- Set runtime path of "/home/lfvmu/kobuki/install/lib/kobuki_core/demo_data_stream" to ""
[89.859s] -- Installing: /home/lfvmu/kobuki/install/lib/kobuki_core/demo_velocity_commands
[89.860s] -- Set runtime path of "/home/lfvmu/kobuki/install/lib/kobuki_core/demo_velocity_commands" to ""
[89.860s] -- Installing: /home/lfvmu/kobuki/install/lib/kobuki_core/demo_simple_loop
[89.863s] -- Set runtime path of "/home/lfvmu/kobuki/install/lib/kobuki_core/demo_simple_loop" to ""
[89.863s] -- Installing: /home/lfvmu/kobuki/install/bin/kobuki-version-info
[89.865s] -- Set runtime path of "/home/lfvmu/kobuki/install/bin/kobuki-version-info" to ""
[89.866s] -- Installing: /home/lfvmu/kobuki/install/bin/kobuki-simple-keyop
[89.868s] -- Set runtime path of "/home/lfvmu/kobuki/install/bin/kobuki-simple-keyop" to ""
[89.873s] Invoked command in '/home/lfvmu/kobuki/build/kobuki_core' returned '0': AMENT_PREFIX_PATH=/home/lfvmu/kobuki/install CMAKE_PREFIX_PATH=/home/lfvmu/kobuki/install LD_LIBRARY_PATH=/home/lfvmu/kobuki/install/lib PATH=/home/lfvmu/kobuki/install/bin:${PATH} PKG_CONFIG_PATH=/home/lfvmu/kobuki/install/lib/x86_64-linux-gnu/pkgconfig:/home/lfvmu/kobuki/install/lib/pkgconfig PYTHONPATH=/home/lfvmu/kobuki/install/lib/python3.8/site-packages /usr/bin/cmake --install /home/lfvmu/kobuki/build/kobuki_core
