[1.449s] Invoking command in '/home/lfvmu/kobuki/src/ament_lint/ament_copyright': PYTHONPATH=/home/lfvmu/kobuki/build/ament_copyright/prefix_override:/home/lfvmu/kobuki/install/lib/python3.8/site-packages:${PYTHONPATH} /usr/bin/python3 setup.py egg_info --egg-base ../../../build/ament_copyright build --build-base /home/lfvmu/kobuki/build/ament_copyright/build install --record /home/lfvmu/kobuki/build/ament_copyright/install.log --single-version-externally-managed
[1.814s] running egg_info
[1.815s] writing ../../../build/ament_copyright/ament_copyright.egg-info/PKG-INFO
[1.815s] writing dependency_links to ../../../build/ament_copyright/ament_copyright.egg-info/dependency_links.txt
[1.816s] writing entry points to ../../../build/ament_copyright/ament_copyright.egg-info/entry_points.txt
[1.816s] writing requirements to ../../../build/ament_copyright/ament_copyright.egg-info/requires.txt
[1.816s] writing top-level names to ../../../build/ament_copyright/ament_copyright.egg-info/top_level.txt
[1.915s] reading manifest file '../../../build/ament_copyright/ament_copyright.egg-info/SOURCES.txt'
[1.915s] writing manifest file '../../../build/ament_copyright/ament_copyright.egg-info/SOURCES.txt'
[1.916s] running build
[1.916s] running build_py
[1.927s] running install
[1.928s] running install_lib
[1.928s] running install_data
[1.928s] running install_egg_info
[1.929s] removing '/home/lfvmu/kobuki/install/lib/python3.8/site-packages/ament_copyright-0.9.7-py3.8.egg-info' (and everything under it)
[1.939s] Copying ../../../build/ament_copyright/ament_copyright.egg-info to /home/lfvmu/kobuki/install/lib/python3.8/site-packages/ament_copyright-0.9.7-py3.8.egg-info
[1.940s] running install_scripts
[1.976s] Installing ament_copyright script to /home/lfvmu/kobuki/install/bin
[1.976s] writing list of installed files to '/home/lfvmu/kobuki/build/ament_copyright/install.log'
[2.139s] Invoked command in '/home/lfvmu/kobuki/src/ament_lint/ament_copyright' returned '0': PYTHONPATH=/home/lfvmu/kobuki/build/ament_copyright/prefix_override:/home/lfvmu/kobuki/install/lib/python3.8/site-packages:${PYTHONPATH} /usr/bin/python3 setup.py egg_info --egg-base ../../../build/ament_copyright build --build-base /home/lfvmu/kobuki/build/ament_copyright/build install --record /home/lfvmu/kobuki/build/ament_copyright/install.log --single-version-externally-managed
