[1.961s] Invoking command in '/home/lfvmu/kobuki/src/ament_lint/ament_pclint': PYTHONPATH=/home/lfvmu/kobuki/build/ament_pclint/prefix_override:/home/lfvmu/kobuki/install/lib/python3.8/site-packages:${PYTHONPATH} /usr/bin/python3 setup.py egg_info --egg-base ../../../build/ament_pclint build --build-base /home/lfvmu/kobuki/build/ament_pclint/build install --record /home/lfvmu/kobuki/build/ament_pclint/install.log --single-version-externally-managed
[2.344s] running egg_info
[2.371s] writing ../../../build/ament_pclint/ament_pclint.egg-info/PKG-INFO
[2.371s] writing dependency_links to ../../../build/ament_pclint/ament_pclint.egg-info/dependency_links.txt
[2.371s] writing entry points to ../../../build/ament_pclint/ament_pclint.egg-info/entry_points.txt
[2.371s] writing requirements to ../../../build/ament_pclint/ament_pclint.egg-info/requires.txt
[2.371s] writing top-level names to ../../../build/ament_pclint/ament_pclint.egg-info/top_level.txt
[2.463s] reading manifest file '../../../build/ament_pclint/ament_pclint.egg-info/SOURCES.txt'
[2.468s] writing manifest file '../../../build/ament_pclint/ament_pclint.egg-info/SOURCES.txt'
[2.469s] running build
[2.469s] running build_py
[2.469s] running install
[2.469s] running install_lib
[2.479s] running install_data
[2.479s] running install_egg_info
[2.479s] removing '/home/lfvmu/kobuki/install/lib/python3.8/site-packages/ament_pclint-0.9.7-py3.8.egg-info' (and everything under it)
[2.479s] Copying ../../../build/ament_pclint/ament_pclint.egg-info to /home/lfvmu/kobuki/install/lib/python3.8/site-packages/ament_pclint-0.9.7-py3.8.egg-info
[2.479s] running install_scripts
[2.513s] Installing ament_pclint script to /home/lfvmu/kobuki/install/bin
[2.513s] writing list of installed files to '/home/lfvmu/kobuki/build/ament_pclint/install.log'
[2.685s] Invoked command in '/home/lfvmu/kobuki/src/ament_lint/ament_pclint' returned '0': PYTHONPATH=/home/lfvmu/kobuki/build/ament_pclint/prefix_override:/home/lfvmu/kobuki/install/lib/python3.8/site-packages:${PYTHONPATH} /usr/bin/python3 setup.py egg_info --egg-base ../../../build/ament_pclint build --build-base /home/lfvmu/kobuki/build/ament_pclint/build install --record /home/lfvmu/kobuki/build/ament_pclint/install.log --single-version-externally-managed
