[0.192s] Invoking command in '/home/lfvmu/kobuki/build/ecl_exceptions': AMENT_PREFIX_PATH=/home/lfvmu/kobuki/install CMAKE_PREFIX_PATH=/home/lfvmu/kobuki/install LD_LIBRARY_PATH=/home/lfvmu/kobuki/install/lib PATH=/home/lfvmu/kobuki/install/bin:${PATH} PYTHONPATH=/home/lfvmu/kobuki/install/lib/python3.8/site-packages /usr/bin/cmake /home/lfvmu/kobuki/src/ecl_core/ecl_exceptions -DBUILD_TESTING=OFF -DCMAKE_BUILD_TYPE=RelWithDebInfo -DCMAKE_INSTALL_PREFIX=/home/lfvmu/kobuki/install
[0.243s] -- Found ament_cmake_ros: 0.9.2 (/home/lfvmu/kobuki/install/share/ament_cmake_ros/cmake)
[0.282s] -- Using PYTHON_EXECUTABLE: /usr/bin/python3
[0.657s] -- Found ecl_build: 1.0.3 (/home/lfvmu/kobuki/install/share/ecl_build/cmake)
[0.684s] -- Found ecl_config: 1.1.0 (/home/lfvmu/kobuki/install/share/ecl_config/cmake)
[0.691s] -- Found ecl_errors: 1.1.0 (/home/lfvmu/kobuki/install/share/ecl_errors/cmake)
[0.871s] -- Configuring done
[0.918s] -- Generating done
[0.926s] -- Build files have been written to: /home/lfvmu/kobuki/build/ecl_exceptions
[0.935s] Invoked command in '/home/lfvmu/kobuki/build/ecl_exceptions' returned '0': AMENT_PREFIX_PATH=/home/lfvmu/kobuki/install CMAKE_PREFIX_PATH=/home/lfvmu/kobuki/install LD_LIBRARY_PATH=/home/lfvmu/kobuki/install/lib PATH=/home/lfvmu/kobuki/install/bin:${PATH} PYTHONPATH=/home/lfvmu/kobuki/install/lib/python3.8/site-packages /usr/bin/cmake /home/lfvmu/kobuki/src/ecl_core/ecl_exceptions -DBUILD_TESTING=OFF -DCMAKE_BUILD_TYPE=RelWithDebInfo -DCMAKE_INSTALL_PREFIX=/home/lfvmu/kobuki/install
[0.942s] Invoking command in '/home/lfvmu/kobuki/build/ecl_exceptions': AMENT_PREFIX_PATH=/home/lfvmu/kobuki/install CMAKE_PREFIX_PATH=/home/lfvmu/kobuki/install LD_LIBRARY_PATH=/home/lfvmu/kobuki/install/lib PATH=/home/lfvmu/kobuki/install/bin:${PATH} PYTHONPATH=/home/lfvmu/kobuki/install/lib/python3.8/site-packages /usr/bin/cmake --build /home/lfvmu/kobuki/build/ecl_exceptions -- -j4 -l4
[1.130s] [ 16%] [32mBuilding CXX object src/lib/CMakeFiles/ecl_exceptions.dir/standard_exception.cpp.o[0m
[3.371s] [ 33%] [32m[1mLinking CXX shared library libecl_exceptions.so[0m
[3.628s] [ 33%] Built target ecl_exceptions
[3.696s] [ 50%] [32mBuilding CXX object src/examples/CMakeFiles/ecl_demo_exception_tracer.dir/exception_tracer.cpp.o[0m
[3.720s] [ 66%] [32mBuilding CXX object src/examples/CMakeFiles/ecl_demo_exceptions.dir/exceptions.cpp.o[0m
[4.880s] [ 83%] [32m[1mLinking CXX executable demo_exception_tracer[0m
[5.149s] [ 83%] Built target ecl_demo_exception_tracer
[6.346s] [100%] [32m[1mLinking CXX executable demo_exceptions[0m
[6.599s] [100%] Built target ecl_demo_exceptions
[6.622s] Invoked command in '/home/lfvmu/kobuki/build/ecl_exceptions' returned '0': AMENT_PREFIX_PATH=/home/lfvmu/kobuki/install CMAKE_PREFIX_PATH=/home/lfvmu/kobuki/install LD_LIBRARY_PATH=/home/lfvmu/kobuki/install/lib PATH=/home/lfvmu/kobuki/install/bin:${PATH} PYTHONPATH=/home/lfvmu/kobuki/install/lib/python3.8/site-packages /usr/bin/cmake --build /home/lfvmu/kobuki/build/ecl_exceptions -- -j4 -l4
[6.688s] Invoking command in '/home/lfvmu/kobuki/build/ecl_exceptions': AMENT_PREFIX_PATH=/home/lfvmu/kobuki/install CMAKE_PREFIX_PATH=/home/lfvmu/kobuki/install LD_LIBRARY_PATH=/home/lfvmu/kobuki/install/lib PATH=/home/lfvmu/kobuki/install/bin:${PATH} PYTHONPATH=/home/lfvmu/kobuki/install/lib/python3.8/site-packages /usr/bin/cmake --install /home/lfvmu/kobuki/build/ecl_exceptions
[6.707s] -- Install configuration: "RelWithDebInfo"
[6.707s] -- Up-to-date: /home/lfvmu/kobuki/install/share/ecl_exceptions/environment/library_path.sh
[6.707s] -- Installing: /home/lfvmu/kobuki/install/share/ecl_exceptions/environment/library_path.dsv
[6.708s] -- Up-to-date: /home/lfvmu/kobuki/install/share/ament_index/resource_index/package_run_dependencies/ecl_exceptions
[6.708s] -- Up-to-date: /home/lfvmu/kobuki/install/share/ament_index/resource_index/parent_prefix_path/ecl_exceptions
[6.708s] -- Up-to-date: /home/lfvmu/kobuki/install/share/ecl_exceptions/environment/ament_prefix_path.sh
[6.708s] -- Installing: /home/lfvmu/kobuki/install/share/ecl_exceptions/environment/ament_prefix_path.dsv
[6.709s] -- Up-to-date: /home/lfvmu/kobuki/install/share/ecl_exceptions/environment/path.sh
[6.709s] -- Installing: /home/lfvmu/kobuki/install/share/ecl_exceptions/environment/path.dsv
[6.710s] -- Up-to-date: /home/lfvmu/kobuki/install/share/ecl_exceptions/local_setup.bash
[6.710s] -- Up-to-date: /home/lfvmu/kobuki/install/share/ecl_exceptions/local_setup.sh
[6.710s] -- Up-to-date: /home/lfvmu/kobuki/install/share/ecl_exceptions/local_setup.zsh
[6.711s] -- Installing: /home/lfvmu/kobuki/install/share/ecl_exceptions/local_setup.dsv
[6.711s] -- Installing: /home/lfvmu/kobuki/install/share/ecl_exceptions/package.dsv
[6.711s] -- Up-to-date: /home/lfvmu/kobuki/install/share/ament_index/resource_index/packages/ecl_exceptions
[6.712s] -- Up-to-date: /home/lfvmu/kobuki/install/share/ecl_exceptions/cmake/ecl_exceptionsExport.cmake
[6.712s] -- Installing: /home/lfvmu/kobuki/install/share/ecl_exceptions/cmake/ecl_exceptionsExport-relwithdebinfo.cmake
[6.712s] -- Up-to-date: /home/lfvmu/kobuki/install/share/ecl_exceptions/cmake/ament_cmake_export_targets-extras.cmake
[6.712s] -- Up-to-date: /home/lfvmu/kobuki/install/share/ecl_exceptions/cmake/ament_cmake_export_include_directories-extras.cmake
[6.713s] -- Up-to-date: /home/lfvmu/kobuki/install/share/ecl_exceptions/cmake/ament_cmake_export_libraries-extras.cmake
[6.713s] -- Up-to-date: /home/lfvmu/kobuki/install/share/ecl_exceptions/cmake/ament_cmake_export_dependencies-extras.cmake
[6.713s] -- Up-to-date: /home/lfvmu/kobuki/install/share/ecl_exceptions/cmake/ecl_exceptionsConfig.cmake
[6.713s] -- Up-to-date: /home/lfvmu/kobuki/install/share/ecl_exceptions/cmake/ecl_exceptionsConfig-version.cmake
[6.713s] -- Up-to-date: /home/lfvmu/kobuki/install/share/ecl_exceptions/package.xml
[6.714s] -- Up-to-date: /home/lfvmu/kobuki/install/include/ecl/exceptions.hpp
[6.715s] -- Up-to-date: /home/lfvmu/kobuki/install/include/ecl/exceptions/data_exception.hpp
[6.716s] -- Up-to-date: /home/lfvmu/kobuki/install/include/ecl/exceptions/exception.hpp
[6.716s] -- Up-to-date: /home/lfvmu/kobuki/install/include/ecl/exceptions/macros.hpp
[6.716s] -- Up-to-date: /home/lfvmu/kobuki/install/include/ecl/exceptions/posix_error_handler.hpp
[6.716s] -- Up-to-date: /home/lfvmu/kobuki/install/include/ecl/exceptions/standard_exception.hpp
[6.716s] -- Installing: /home/lfvmu/kobuki/install/lib/libecl_exceptions.so.1.2.1
[6.717s] -- Set runtime path of "/home/lfvmu/kobuki/install/lib/libecl_exceptions.so.1.2.1" to ""
[6.718s] -- Up-to-date: /home/lfvmu/kobuki/install/lib/libecl_exceptions.so
[6.719s] -- Installing: /home/lfvmu/kobuki/install/lib/ecl_exceptions/demo_exceptions
[6.720s] -- Set runtime path of "/home/lfvmu/kobuki/install/lib/ecl_exceptions/demo_exceptions" to ""
[6.721s] -- Installing: /home/lfvmu/kobuki/install/lib/ecl_exceptions/demo_exception_tracer
[6.722s] -- Set runtime path of "/home/lfvmu/kobuki/install/lib/ecl_exceptions/demo_exception_tracer" to ""
[6.732s] Invoked command in '/home/lfvmu/kobuki/build/ecl_exceptions' returned '0': AMENT_PREFIX_PATH=/home/lfvmu/kobuki/install CMAKE_PREFIX_PATH=/home/lfvmu/kobuki/install LD_LIBRARY_PATH=/home/lfvmu/kobuki/install/lib PATH=/home/lfvmu/kobuki/install/bin:${PATH} PYTHONPATH=/home/lfvmu/kobuki/install/lib/python3.8/site-packages /usr/bin/cmake --install /home/lfvmu/kobuki/build/ecl_exceptions
