[0.087s] Invoking command in '/home/lfvmu/kobuki/build/ament_cmake_libraries': /usr/bin/cmake /home/lfvmu/kobuki/src/ament_cmake/ament_cmake_libraries -DBUILD_TESTING=OFF -DCMAKE_INSTALL_PREFIX=/home/lfvmu/kobuki/install
[0.117s] Re-run cmake no build system arguments
[0.121s] -- Found ament_cmake_core: 0.9.11 (/home/lfvmu/kobuki/install/share/ament_cmake_core/cmake)
[0.168s] -- Using PYTHON_EXECUTABLE: /usr/bin/python3
[0.650s] -- Configuring done
[0.656s] -- Generating done
[0.660s] -- Build files have been written to: /home/lfvmu/kobuki/build/ament_cmake_libraries
[0.674s] Invoked command in '/home/lfvmu/kobuki/build/ament_cmake_libraries' returned '0': /usr/bin/cmake /home/lfvmu/kobuki/src/ament_cmake/ament_cmake_libraries -DBUILD_TESTING=OFF -DCMAKE_INSTALL_PREFIX=/home/lfvmu/kobuki/install
[0.675s] Invoking command in '/home/lfvmu/kobuki/build/ament_cmake_libraries': /usr/bin/cmake --build /home/lfvmu/kobuki/build/ament_cmake_libraries -- -j4 -l4
[0.720s] /usr/bin/cmake -S/home/lfvmu/kobuki/src/ament_cmake/ament_cmake_libraries -B/home/lfvmu/kobuki/build/ament_cmake_libraries --check-build-system CMakeFiles/Makefile.cmake 0
[0.760s] /usr/bin/cmake -E cmake_progress_start /home/lfvmu/kobuki/build/ament_cmake_libraries/CMakeFiles /home/lfvmu/kobuki/build/ament_cmake_libraries/CMakeFiles/progress.marks
[0.779s] /usr/bin/make -f CMakeFiles/Makefile2 all
[0.779s] make[1]: Entering directory '/home/lfvmu/kobuki/build/ament_cmake_libraries'
[0.779s] make[1]: Nothing to be done for 'all'.
[0.779s] make[1]: Leaving directory '/home/lfvmu/kobuki/build/ament_cmake_libraries'
[0.780s] /usr/bin/cmake -E cmake_progress_start /home/lfvmu/kobuki/build/ament_cmake_libraries/CMakeFiles 0
[1.059s] Invoked command in '/home/lfvmu/kobuki/build/ament_cmake_libraries' returned '0': /usr/bin/cmake --build /home/lfvmu/kobuki/build/ament_cmake_libraries -- -j4 -l4
[1.148s] Invoking command in '/home/lfvmu/kobuki/build/ament_cmake_libraries': /usr/bin/cmake --install /home/lfvmu/kobuki/build/ament_cmake_libraries
[1.177s] -- Install configuration: "RelWithDebInfo"
[1.177s] -- Up-to-date: /home/lfvmu/kobuki/install/share/ament_index/resource_index/package_run_dependencies/ament_cmake_libraries
[1.178s] -- Up-to-date: /home/lfvmu/kobuki/install/share/ament_index/resource_index/parent_prefix_path/ament_cmake_libraries
[1.203s] -- Up-to-date: /home/lfvmu/kobuki/install/share/ament_cmake_libraries/environment/ament_prefix_path.sh
[1.203s] -- Installing: /home/lfvmu/kobuki/install/share/ament_cmake_libraries/environment/ament_prefix_path.dsv
[1.203s] -- Up-to-date: /home/lfvmu/kobuki/install/share/ament_cmake_libraries/environment/path.sh
[1.203s] -- Installing: /home/lfvmu/kobuki/install/share/ament_cmake_libraries/environment/path.dsv
[1.203s] -- Up-to-date: /home/lfvmu/kobuki/install/share/ament_cmake_libraries/local_setup.bash
[1.204s] -- Up-to-date: /home/lfvmu/kobuki/install/share/ament_cmake_libraries/local_setup.sh
[1.204s] -- Up-to-date: /home/lfvmu/kobuki/install/share/ament_cmake_libraries/local_setup.zsh
[1.204s] -- Installing: /home/lfvmu/kobuki/install/share/ament_cmake_libraries/local_setup.dsv
[1.204s] -- Installing: /home/lfvmu/kobuki/install/share/ament_cmake_libraries/package.dsv
[1.205s] -- Up-to-date: /home/lfvmu/kobuki/install/share/ament_index/resource_index/packages/ament_cmake_libraries
[1.205s] -- Up-to-date: /home/lfvmu/kobuki/install/share/ament_cmake_libraries/cmake/ament_cmake_libraries-extras.cmake
[1.205s] -- Up-to-date: /home/lfvmu/kobuki/install/share/ament_cmake_libraries/cmake/ament_cmake_librariesConfig.cmake
[1.205s] -- Up-to-date: /home/lfvmu/kobuki/install/share/ament_cmake_libraries/cmake/ament_cmake_librariesConfig-version.cmake
[1.206s] -- Up-to-date: /home/lfvmu/kobuki/install/share/ament_cmake_libraries/package.xml
[1.206s] -- Up-to-date: /home/lfvmu/kobuki/install/share/ament_cmake_libraries/cmake
[1.206s] -- Up-to-date: /home/lfvmu/kobuki/install/share/ament_cmake_libraries/cmake/ament_libraries_deduplicate.cmake
[1.206s] -- Up-to-date: /home/lfvmu/kobuki/install/share/ament_cmake_libraries/cmake/ament_libraries_pack_build_configuration.cmake
[1.207s] -- Up-to-date: /home/lfvmu/kobuki/install/share/ament_cmake_libraries/cmake/ament_libraries_unpack_build_configuration.cmake
[1.207s] Invoked command in '/home/lfvmu/kobuki/build/ament_cmake_libraries' returned '0': /usr/bin/cmake --install /home/lfvmu/kobuki/build/ament_cmake_libraries
