[0.263s] Invoking command in '/home/lfvmu/kobuki/build/ecl_time': AMENT_PREFIX_PATH=/home/lfvmu/kobuki/install CMAKE_PREFIX_PATH=/home/lfvmu/kobuki/install LD_LIBRARY_PATH=/home/lfvmu/kobuki/install/lib PATH=/home/lfvmu/kobuki/install/bin:${PATH} PYTHONPATH=/home/lfvmu/kobuki/install/lib/python3.8/site-packages /usr/bin/cmake /home/lfvmu/kobuki/src/ecl_core/ecl_time -DBUILD_TESTING=OFF -DCMAKE_INSTALL_PREFIX=/home/lfvmu/kobuki/install
[0.490s] -- The C compiler identification is GNU 9.4.0
[0.725s] -- The CXX compiler identification is GNU 9.4.0
[0.734s] -- Check for working C compiler: /usr/bin/cc
[0.971s] -- Check for working C compiler: /usr/bin/cc -- works
[0.971s] -- Detecting C compiler ABI info
[1.178s] -- Detecting C compiler ABI info - done
[1.229s] -- Detecting C compile features
[1.230s] -- Detecting C compile features - done
[1.244s] -- Check for working CXX compiler: /usr/bin/c++
[1.500s] -- Check for working CXX compiler: /usr/bin/c++ -- works
[1.501s] -- Detecting CXX compiler ABI info
[1.784s] -- Detecting CXX compiler ABI info - done
[1.852s] -- Detecting CXX compile features
[1.854s] -- Detecting CXX compile features - done
[1.857s] -- Found ament_cmake_ros: 0.9.2 (/home/lfvmu/kobuki/install/share/ament_cmake_ros/cmake)
[1.902s] -- Found PythonInterp: /usr/bin/python3 (found suitable version "3.8.10", minimum required is "3") 
[1.903s] -- Using PYTHON_EXECUTABLE: /usr/bin/python3
[2.301s] -- Found ecl_build: 1.0.3 (/home/lfvmu/kobuki/install/share/ecl_build/cmake)
[2.327s] -- Found ecl_config: 1.1.0 (/home/lfvmu/kobuki/install/share/ecl_config/cmake)
[2.341s] -- Found ecl_errors: 1.1.0 (/home/lfvmu/kobuki/install/share/ecl_errors/cmake)
[2.352s] -- Found ecl_exceptions: 1.2.1 (/home/lfvmu/kobuki/install/share/ecl_exceptions/cmake)
[2.365s] -- Found ecl_time_lite: 1.1.0 (/home/lfvmu/kobuki/install/share/ecl_time_lite/cmake)
[2.556s] -- Configuring done
[2.601s] -- Generating done
[2.608s] -- Build files have been written to: /home/lfvmu/kobuki/build/ecl_time
[2.623s] Invoked command in '/home/lfvmu/kobuki/build/ecl_time' returned '0': AMENT_PREFIX_PATH=/home/lfvmu/kobuki/install CMAKE_PREFIX_PATH=/home/lfvmu/kobuki/install LD_LIBRARY_PATH=/home/lfvmu/kobuki/install/lib PATH=/home/lfvmu/kobuki/install/bin:${PATH} PYTHONPATH=/home/lfvmu/kobuki/install/lib/python3.8/site-packages /usr/bin/cmake /home/lfvmu/kobuki/src/ecl_core/ecl_time -DBUILD_TESTING=OFF -DCMAKE_INSTALL_PREFIX=/home/lfvmu/kobuki/install
[2.624s] Invoking command in '/home/lfvmu/kobuki/build/ecl_time': AMENT_PREFIX_PATH=/home/lfvmu/kobuki/install CMAKE_PREFIX_PATH=/home/lfvmu/kobuki/install LD_LIBRARY_PATH=/home/lfvmu/kobuki/install/lib PATH=/home/lfvmu/kobuki/install/bin:${PATH} PYTHONPATH=/home/lfvmu/kobuki/install/lib/python3.8/site-packages /usr/bin/cmake --build /home/lfvmu/kobuki/build/ecl_time -- -j4 -l4
[2.768s] [35m[1mScanning dependencies of target ecl_time[0m
[2.830s] [  6%] [32mBuilding CXX object src/lib/CMakeFiles/ecl_time.dir/frequency.cpp.o[0m
[2.838s] [ 12%] [32mBuilding CXX object src/lib/CMakeFiles/ecl_time.dir/cpuwatch_rt.cpp.o[0m
[2.860s] [ 18%] [32mBuilding CXX object src/lib/CMakeFiles/ecl_time.dir/sleep_win.cpp.o[0m
[2.875s] [ 25%] [32mBuilding CXX object src/lib/CMakeFiles/ecl_time.dir/sleep_pos.cpp.o[0m
[3.079s] [ 31%] [32mBuilding CXX object src/lib/CMakeFiles/ecl_time.dir/snooze_pos.cpp.o[0m
[3.899s] [ 37%] [32mBuilding CXX object src/lib/CMakeFiles/ecl_time.dir/snooze_win.cpp.o[0m
[3.992s] [ 43%] [32mBuilding CXX object src/lib/CMakeFiles/ecl_time.dir/timestamp_base.cpp.o[0m
[3.994s] [ 50%] [32mBuilding CXX object src/lib/CMakeFiles/ecl_time.dir/stopwatch.cpp.o[0m
[4.108s] [ 56%] [32mBuilding CXX object src/lib/CMakeFiles/ecl_time.dir/timestamp_pos.cpp.o[0m
[4.371s] [ 62%] [32mBuilding CXX object src/lib/CMakeFiles/ecl_time.dir/timestamp_win.cpp.o[0m
[4.621s] [ 68%] [32mBuilding CXX object src/lib/CMakeFiles/ecl_time.dir/time_data.cpp.o[0m
[5.665s] [ 75%] [32m[1mLinking CXX shared library libecl_time.so[0m
[5.966s] [ 75%] Built target ecl_time
[5.996s] [35m[1mScanning dependencies of target ecl_time_example_sleep[0m
[6.017s] [35m[1mScanning dependencies of target ecl_time_example_random_number_generator[0m
[6.046s] [ 81%] [32mBuilding CXX object src/examples/CMakeFiles/ecl_time_example_random_number_generator.dir/random_number_generator.cpp.o[0m
[6.072s] [ 87%] [32mBuilding CXX object src/examples/CMakeFiles/ecl_time_example_sleep.dir/sleep.cpp.o[0m
[7.141s] [ 93%] [32m[1mLinking CXX executable demo_sleep[0m
[7.229s] [100%] [32m[1mLinking CXX executable demo_random_number_generator[0m
[7.448s] [100%] Built target ecl_time_example_sleep
[7.549s] [100%] Built target ecl_time_example_random_number_generator
[7.675s] Invoked command in '/home/lfvmu/kobuki/build/ecl_time' returned '0': AMENT_PREFIX_PATH=/home/lfvmu/kobuki/install CMAKE_PREFIX_PATH=/home/lfvmu/kobuki/install LD_LIBRARY_PATH=/home/lfvmu/kobuki/install/lib PATH=/home/lfvmu/kobuki/install/bin:${PATH} PYTHONPATH=/home/lfvmu/kobuki/install/lib/python3.8/site-packages /usr/bin/cmake --build /home/lfvmu/kobuki/build/ecl_time -- -j4 -l4
[7.754s] Invoking command in '/home/lfvmu/kobuki/build/ecl_time': AMENT_PREFIX_PATH=/home/lfvmu/kobuki/install CMAKE_PREFIX_PATH=/home/lfvmu/kobuki/install LD_LIBRARY_PATH=/home/lfvmu/kobuki/install/lib PATH=/home/lfvmu/kobuki/install/bin:${PATH} PYTHONPATH=/home/lfvmu/kobuki/install/lib/python3.8/site-packages /usr/bin/cmake --install /home/lfvmu/kobuki/build/ecl_time
[7.771s] -- Install configuration: ""
[7.772s] -- Installing: /home/lfvmu/kobuki/install/share/ecl_time/environment/library_path.sh
[7.772s] -- Installing: /home/lfvmu/kobuki/install/share/ecl_time/environment/library_path.dsv
[7.772s] -- Installing: /home/lfvmu/kobuki/install/share/ament_index/resource_index/package_run_dependencies/ecl_time
[7.773s] -- Installing: /home/lfvmu/kobuki/install/share/ament_index/resource_index/parent_prefix_path/ecl_time
[7.773s] -- Installing: /home/lfvmu/kobuki/install/share/ecl_time/environment/ament_prefix_path.sh
[7.774s] -- Installing: /home/lfvmu/kobuki/install/share/ecl_time/environment/ament_prefix_path.dsv
[7.774s] -- Installing: /home/lfvmu/kobuki/install/share/ecl_time/environment/path.sh
[7.775s] -- Installing: /home/lfvmu/kobuki/install/share/ecl_time/environment/path.dsv
[7.775s] -- Installing: /home/lfvmu/kobuki/install/share/ecl_time/local_setup.bash
[7.775s] -- Installing: /home/lfvmu/kobuki/install/share/ecl_time/local_setup.sh
[7.775s] -- Installing: /home/lfvmu/kobuki/install/share/ecl_time/local_setup.zsh
[7.776s] -- Installing: /home/lfvmu/kobuki/install/share/ecl_time/local_setup.dsv
[7.776s] -- Installing: /home/lfvmu/kobuki/install/share/ecl_time/package.dsv
[7.776s] -- Installing: /home/lfvmu/kobuki/install/share/ament_index/resource_index/packages/ecl_time
[7.777s] -- Installing: /home/lfvmu/kobuki/install/share/ecl_time/cmake/ecl_timeExport.cmake
[7.777s] -- Installing: /home/lfvmu/kobuki/install/share/ecl_time/cmake/ecl_timeExport-noconfig.cmake
[7.778s] -- Installing: /home/lfvmu/kobuki/install/share/ecl_time/cmake/ament_cmake_export_targets-extras.cmake
[7.778s] -- Installing: /home/lfvmu/kobuki/install/share/ecl_time/cmake/ament_cmake_export_include_directories-extras.cmake
[7.778s] -- Installing: /home/lfvmu/kobuki/install/share/ecl_time/cmake/ament_cmake_export_libraries-extras.cmake
[7.778s] -- Installing: /home/lfvmu/kobuki/install/share/ecl_time/cmake/ament_cmake_export_dependencies-extras.cmake
[7.779s] -- Installing: /home/lfvmu/kobuki/install/share/ecl_time/cmake/ecl_timeConfig.cmake
[7.780s] -- Installing: /home/lfvmu/kobuki/install/share/ecl_time/cmake/ecl_timeConfig-version.cmake
[7.781s] -- Installing: /home/lfvmu/kobuki/install/share/ecl_time/package.xml
[7.781s] -- Installing: /home/lfvmu/kobuki/install/include/ecl/time.hpp
[7.783s] -- Installing: /home/lfvmu/kobuki/install/include/ecl/time/cpuwatch.hpp
[7.783s] -- Installing: /home/lfvmu/kobuki/install/include/ecl/time/cpuwatch_rt.hpp
[7.784s] -- Installing: /home/lfvmu/kobuki/install/include/ecl/time/duration.hpp
[7.784s] -- Installing: /home/lfvmu/kobuki/install/include/ecl/time/frequency.hpp
[7.787s] -- Installing: /home/lfvmu/kobuki/install/include/ecl/time/macros.hpp
[7.787s] -- Installing: /home/lfvmu/kobuki/install/include/ecl/time/random_number_generator.hpp
[7.787s] -- Installing: /home/lfvmu/kobuki/install/include/ecl/time/sleep.hpp
[7.788s] -- Installing: /home/lfvmu/kobuki/install/include/ecl/time/sleep_pos.hpp
[7.788s] -- Installing: /home/lfvmu/kobuki/install/include/ecl/time/sleep_win.hpp
[7.788s] -- Installing: /home/lfvmu/kobuki/install/include/ecl/time/snooze.hpp
[7.789s] -- Installing: /home/lfvmu/kobuki/install/include/ecl/time/snooze_pos.hpp
[7.789s] -- Installing: /home/lfvmu/kobuki/install/include/ecl/time/snooze_win.hpp
[7.791s] -- Installing: /home/lfvmu/kobuki/install/include/ecl/time/stopwatch.hpp
[7.791s] -- Installing: /home/lfvmu/kobuki/install/include/ecl/time/time_data.hpp
[7.792s] -- Installing: /home/lfvmu/kobuki/install/include/ecl/time/timestamp.hpp
[7.793s] -- Installing: /home/lfvmu/kobuki/install/include/ecl/time/timestamp_base.hpp
[7.794s] -- Installing: /home/lfvmu/kobuki/install/include/ecl/time/timestamp_pos.hpp
[7.794s] -- Installing: /home/lfvmu/kobuki/install/include/ecl/time/timestamp_win.hpp
[7.794s] -- Installing: /home/lfvmu/kobuki/install/lib/libecl_time.so.1.2.1
[7.795s] -- Set runtime path of "/home/lfvmu/kobuki/install/lib/libecl_time.so.1.2.1" to ""
[7.810s] -- Installing: /home/lfvmu/kobuki/install/lib/libecl_time.so
[7.819s] -- Installing: /home/lfvmu/kobuki/install/lib/ecl_time/demo_random_number_generator
[7.819s] -- Set runtime path of "/home/lfvmu/kobuki/install/lib/ecl_time/demo_random_number_generator" to ""
[7.821s] -- Installing: /home/lfvmu/kobuki/install/lib/ecl_time/demo_sleep
[7.822s] -- Set runtime path of "/home/lfvmu/kobuki/install/lib/ecl_time/demo_sleep" to ""
[7.823s] Invoked command in '/home/lfvmu/kobuki/build/ecl_time' returned '0': AMENT_PREFIX_PATH=/home/lfvmu/kobuki/install CMAKE_PREFIX_PATH=/home/lfvmu/kobuki/install LD_LIBRARY_PATH=/home/lfvmu/kobuki/install/lib PATH=/home/lfvmu/kobuki/install/bin:${PATH} PYTHONPATH=/home/lfvmu/kobuki/install/lib/python3.8/site-packages /usr/bin/cmake --install /home/lfvmu/kobuki/build/ecl_time
