[2.823s] Invoking command in '/home/lfvmu/kobuki/src/ament_lint/ament_uncrustify': PYTHONPATH=/home/lfvmu/kobuki/build/ament_uncrustify/prefix_override:/home/lfvmu/kobuki/install/lib/python3.8/site-packages:${PYTHONPATH} /usr/bin/python3 setup.py egg_info --egg-base ../../../build/ament_uncrustify build --build-base /home/lfvmu/kobuki/build/ament_uncrustify/build install --record /home/lfvmu/kobuki/build/ament_uncrustify/install.log --single-version-externally-managed
[3.387s] running egg_info
[3.389s] writing ../../../build/ament_uncrustify/ament_uncrustify.egg-info/PKG-INFO
[3.390s] writing dependency_links to ../../../build/ament_uncrustify/ament_uncrustify.egg-info/dependency_links.txt
[3.390s] writing entry points to ../../../build/ament_uncrustify/ament_uncrustify.egg-info/entry_points.txt
[3.390s] writing requirements to ../../../build/ament_uncrustify/ament_uncrustify.egg-info/requires.txt
[3.391s] writing top-level names to ../../../build/ament_uncrustify/ament_uncrustify.egg-info/top_level.txt
[3.540s] reading manifest file '../../../build/ament_uncrustify/ament_uncrustify.egg-info/SOURCES.txt'
[3.547s] writing manifest file '../../../build/ament_uncrustify/ament_uncrustify.egg-info/SOURCES.txt'
[3.547s] running build
[3.547s] running build_py
[3.552s] running install
[3.554s] running install_lib
[3.564s] running install_data
[3.565s] running install_egg_info
[3.572s] removing '/home/lfvmu/kobuki/install/lib/python3.8/site-packages/ament_uncrustify-0.9.7-py3.8.egg-info' (and everything under it)
[3.580s] Copying ../../../build/ament_uncrustify/ament_uncrustify.egg-info to /home/lfvmu/kobuki/install/lib/python3.8/site-packages/ament_uncrustify-0.9.7-py3.8.egg-info
[3.584s] running install_scripts
[3.658s] Installing ament_uncrustify script to /home/lfvmu/kobuki/install/bin
[3.658s] writing list of installed files to '/home/lfvmu/kobuki/build/ament_uncrustify/install.log'
[3.939s] Invoked command in '/home/lfvmu/kobuki/src/ament_lint/ament_uncrustify' returned '0': PYTHONPATH=/home/lfvmu/kobuki/build/ament_uncrustify/prefix_override:/home/lfvmu/kobuki/install/lib/python3.8/site-packages:${PYTHONPATH} /usr/bin/python3 setup.py egg_info --egg-base ../../../build/ament_uncrustify build --build-base /home/lfvmu/kobuki/build/ament_uncrustify/build install --record /home/lfvmu/kobuki/build/ament_uncrustify/install.log --single-version-externally-managed
