[0.099s] Invoking command in '/home/lfvmu/kobuki/build/ament_cmake_export_interfaces': /usr/bin/cmake /home/lfvmu/kobuki/src/ament_cmake/ament_cmake_export_interfaces -DBUILD_TESTING=OFF --no-warn-unused-cli -DCMAKE_INSTALL_PREFIX=/home/lfvmu/kobuki/install
[0.123s] Not searching for unused variables given on the command line.
[0.129s] -- Found ament_cmake_core: 0.9.11 (/home/lfvmu/kobuki/install/share/ament_cmake_core/cmake)
[0.195s] -- Using PYTHON_EXECUTABLE: /usr/bin/python3
[0.678s] -- Configuring done
[0.680s] -- Generating done
[0.688s] -- Build files have been written to: /home/lfvmu/kobuki/build/ament_cmake_export_interfaces
[0.862s] Invoked command in '/home/lfvmu/kobuki/build/ament_cmake_export_interfaces' returned '0': /usr/bin/cmake /home/lfvmu/kobuki/src/ament_cmake/ament_cmake_export_interfaces -DBUILD_TESTING=OFF --no-warn-unused-cli -DCMAKE_INSTALL_PREFIX=/home/lfvmu/kobuki/install
[0.866s] Invoking command in '/home/lfvmu/kobuki/build/ament_cmake_export_interfaces': /usr/bin/cmake --build /home/lfvmu/kobuki/build/ament_cmake_export_interfaces -- -j4 -l4
[1.117s] Invoked command in '/home/lfvmu/kobuki/build/ament_cmake_export_interfaces' returned '0': /usr/bin/cmake --build /home/lfvmu/kobuki/build/ament_cmake_export_interfaces -- -j4 -l4
[1.189s] Invoking command in '/home/lfvmu/kobuki/build/ament_cmake_export_interfaces': /usr/bin/cmake --install /home/lfvmu/kobuki/build/ament_cmake_export_interfaces
[1.232s] -- Install configuration: "RelWithDebInfo"
[1.238s] -- Up-to-date: /home/lfvmu/kobuki/install/share/ament_index/resource_index/package_run_dependencies/ament_cmake_export_interfaces
[1.238s] -- Up-to-date: /home/lfvmu/kobuki/install/share/ament_index/resource_index/parent_prefix_path/ament_cmake_export_interfaces
[1.238s] -- Up-to-date: /home/lfvmu/kobuki/install/share/ament_cmake_export_interfaces/environment/ament_prefix_path.sh
[1.239s] -- Installing: /home/lfvmu/kobuki/install/share/ament_cmake_export_interfaces/environment/ament_prefix_path.dsv
[1.239s] -- Up-to-date: /home/lfvmu/kobuki/install/share/ament_cmake_export_interfaces/environment/path.sh
[1.239s] -- Installing: /home/lfvmu/kobuki/install/share/ament_cmake_export_interfaces/environment/path.dsv
[1.239s] -- Up-to-date: /home/lfvmu/kobuki/install/share/ament_cmake_export_interfaces/local_setup.bash
[1.239s] -- Up-to-date: /home/lfvmu/kobuki/install/share/ament_cmake_export_interfaces/local_setup.sh
[1.240s] -- Up-to-date: /home/lfvmu/kobuki/install/share/ament_cmake_export_interfaces/local_setup.zsh
[1.240s] -- Installing: /home/lfvmu/kobuki/install/share/ament_cmake_export_interfaces/local_setup.dsv
[1.240s] -- Installing: /home/lfvmu/kobuki/install/share/ament_cmake_export_interfaces/package.dsv
[1.240s] -- Up-to-date: /home/lfvmu/kobuki/install/share/ament_index/resource_index/packages/ament_cmake_export_interfaces
[1.240s] -- Up-to-date: /home/lfvmu/kobuki/install/share/ament_cmake_export_interfaces/cmake/ament_cmake_export_interfaces-extras.cmake
[1.240s] -- Up-to-date: /home/lfvmu/kobuki/install/share/ament_cmake_export_interfaces/cmake/ament_cmake_export_interfacesConfig.cmake
[1.241s] -- Up-to-date: /home/lfvmu/kobuki/install/share/ament_cmake_export_interfaces/cmake/ament_cmake_export_interfacesConfig-version.cmake
[1.241s] -- Up-to-date: /home/lfvmu/kobuki/install/share/ament_cmake_export_interfaces/package.xml
[1.241s] -- Up-to-date: /home/lfvmu/kobuki/install/share/ament_cmake_export_interfaces/cmake
[1.241s] -- Up-to-date: /home/lfvmu/kobuki/install/share/ament_cmake_export_interfaces/cmake/ament_export_interfaces.cmake
[1.241s] -- Up-to-date: /home/lfvmu/kobuki/install/share/ament_cmake_export_interfaces/cmake/ament_cmake_export_interfaces_package_hook.cmake
[1.241s] -- Up-to-date: /home/lfvmu/kobuki/install/share/ament_cmake_export_interfaces/cmake/ament_cmake_export_interfaces-extras.cmake.in
[1.400s] Invoked command in '/home/lfvmu/kobuki/build/ament_cmake_export_interfaces' returned '0': /usr/bin/cmake --install /home/lfvmu/kobuki/build/ament_cmake_export_interfaces
