[0.171s] Invoking command in '/home/lfvmu/kobuki/build/ecl_errors': /usr/bin/cmake /home/lfvmu/kobuki/src/ecl_lite/ecl_errors -DBUILD_TESTING=OFF -DCMAKE_INSTALL_PREFIX=/home/lfvmu/kobuki/install
[0.189s] Re-run cmake no build system arguments
[0.216s] -- Found ament_cmake_ros: 0.9.2 (/home/lfvmu/kobuki/install/share/ament_cmake_ros/cmake)
[0.299s] -- Using PYTHON_EXECUTABLE: /usr/bin/python3
[0.663s] -- Found ecl_build: 1.0.3 (/home/lfvmu/kobuki/install/share/ecl_build/cmake)
[0.687s] -- Found ecl_config: 1.1.0 (/home/lfvmu/kobuki/install/share/ecl_config/cmake)
[0.862s] -- Configuring done
[0.901s] -- Generating done
[0.906s] -- Build files have been written to: /home/lfvmu/kobuki/build/ecl_errors
[1.193s] Invoked command in '/home/lfvmu/kobuki/build/ecl_errors' returned '0': /usr/bin/cmake /home/lfvmu/kobuki/src/ecl_lite/ecl_errors -DBUILD_TESTING=OFF -DCMAKE_INSTALL_PREFIX=/home/lfvmu/kobuki/install
[1.196s] Invoking command in '/home/lfvmu/kobuki/build/ecl_errors': /usr/bin/cmake --build /home/lfvmu/kobuki/build/ecl_errors -- -j4 -l4
[1.250s] /usr/bin/cmake -S/home/lfvmu/kobuki/src/ecl_lite/ecl_errors -B/home/lfvmu/kobuki/build/ecl_errors --check-build-system CMakeFiles/Makefile.cmake 0
[1.286s] /usr/bin/cmake -E cmake_progress_start /home/lfvmu/kobuki/build/ecl_errors/CMakeFiles /home/lfvmu/kobuki/build/ecl_errors/CMakeFiles/progress.marks
[1.309s] /usr/bin/make -f CMakeFiles/Makefile2 all
[1.311s] make[1]: Entering directory '/home/lfvmu/kobuki/build/ecl_errors'
[1.311s] /usr/bin/make -f src/lib/CMakeFiles/ecl_errors.dir/build.make src/lib/CMakeFiles/ecl_errors.dir/depend
[1.332s] make[2]: Entering directory '/home/lfvmu/kobuki/build/ecl_errors'
[1.332s] cd /home/lfvmu/kobuki/build/ecl_errors && /usr/bin/cmake -E cmake_depends "Unix Makefiles" /home/lfvmu/kobuki/src/ecl_lite/ecl_errors /home/lfvmu/kobuki/src/ecl_lite/ecl_errors/src/lib /home/lfvmu/kobuki/build/ecl_errors /home/lfvmu/kobuki/build/ecl_errors/src/lib /home/lfvmu/kobuki/build/ecl_errors/src/lib/CMakeFiles/ecl_errors.dir/DependInfo.cmake --color=
[1.356s] make[2]: Leaving directory '/home/lfvmu/kobuki/build/ecl_errors'
[1.357s] /usr/bin/make -f src/lib/CMakeFiles/ecl_errors.dir/build.make src/lib/CMakeFiles/ecl_errors.dir/build
[1.359s] make[2]: Entering directory '/home/lfvmu/kobuki/build/ecl_errors'
[1.359s] make[2]: Nothing to be done for 'src/lib/CMakeFiles/ecl_errors.dir/build'.
[1.360s] make[2]: Leaving directory '/home/lfvmu/kobuki/build/ecl_errors'
[1.382s] [ 50%] Built target ecl_errors
[1.385s] /usr/bin/make -f src/examples/CMakeFiles/ecl_errors_example_errors.dir/build.make src/examples/CMakeFiles/ecl_errors_example_errors.dir/depend
[1.388s] make[2]: Entering directory '/home/lfvmu/kobuki/build/ecl_errors'
[1.388s] cd /home/lfvmu/kobuki/build/ecl_errors && /usr/bin/cmake -E cmake_depends "Unix Makefiles" /home/lfvmu/kobuki/src/ecl_lite/ecl_errors /home/lfvmu/kobuki/src/ecl_lite/ecl_errors/src/examples /home/lfvmu/kobuki/build/ecl_errors /home/lfvmu/kobuki/build/ecl_errors/src/examples /home/lfvmu/kobuki/build/ecl_errors/src/examples/CMakeFiles/ecl_errors_example_errors.dir/DependInfo.cmake --color=
[1.415s] make[2]: Leaving directory '/home/lfvmu/kobuki/build/ecl_errors'
[1.415s] /usr/bin/make -f src/examples/CMakeFiles/ecl_errors_example_errors.dir/build.make src/examples/CMakeFiles/ecl_errors_example_errors.dir/build
[1.418s] make[2]: Entering directory '/home/lfvmu/kobuki/build/ecl_errors'
[1.418s] make[2]: Nothing to be done for 'src/examples/CMakeFiles/ecl_errors_example_errors.dir/build'.
[1.419s] make[2]: Leaving directory '/home/lfvmu/kobuki/build/ecl_errors'
[1.440s] [100%] Built target ecl_errors_example_errors
[1.443s] make[1]: Leaving directory '/home/lfvmu/kobuki/build/ecl_errors'
[1.443s] /usr/bin/cmake -E cmake_progress_start /home/lfvmu/kobuki/build/ecl_errors/CMakeFiles 0
[1.474s] Invoked command in '/home/lfvmu/kobuki/build/ecl_errors' returned '0': /usr/bin/cmake --build /home/lfvmu/kobuki/build/ecl_errors -- -j4 -l4
[1.576s] Invoking command in '/home/lfvmu/kobuki/build/ecl_errors': /usr/bin/cmake --install /home/lfvmu/kobuki/build/ecl_errors
[1.601s] -- Install configuration: "RelWithDebInfo"
[1.601s] -- Up-to-date: /home/lfvmu/kobuki/install/share/ecl_errors/environment/library_path.sh
[1.601s] -- Installing: /home/lfvmu/kobuki/install/share/ecl_errors/environment/library_path.dsv
[1.602s] -- Up-to-date: /home/lfvmu/kobuki/install/share/ament_index/resource_index/package_run_dependencies/ecl_errors
[1.602s] -- Up-to-date: /home/lfvmu/kobuki/install/share/ament_index/resource_index/parent_prefix_path/ecl_errors
[1.602s] -- Up-to-date: /home/lfvmu/kobuki/install/share/ecl_errors/environment/ament_prefix_path.sh
[1.602s] -- Installing: /home/lfvmu/kobuki/install/share/ecl_errors/environment/ament_prefix_path.dsv
[1.603s] -- Up-to-date: /home/lfvmu/kobuki/install/share/ecl_errors/environment/path.sh
[1.603s] -- Installing: /home/lfvmu/kobuki/install/share/ecl_errors/environment/path.dsv
[1.604s] -- Up-to-date: /home/lfvmu/kobuki/install/share/ecl_errors/local_setup.bash
[1.604s] -- Up-to-date: /home/lfvmu/kobuki/install/share/ecl_errors/local_setup.sh
[1.604s] -- Up-to-date: /home/lfvmu/kobuki/install/share/ecl_errors/local_setup.zsh
[1.604s] -- Installing: /home/lfvmu/kobuki/install/share/ecl_errors/local_setup.dsv
[1.606s] -- Installing: /home/lfvmu/kobuki/install/share/ecl_errors/package.dsv
[1.607s] -- Up-to-date: /home/lfvmu/kobuki/install/share/ament_index/resource_index/packages/ecl_errors
[1.607s] -- Up-to-date: /home/lfvmu/kobuki/install/share/ecl_errors/cmake/ecl_errorsExport.cmake
[1.607s] -- Installing: /home/lfvmu/kobuki/install/share/ecl_errors/cmake/ecl_errorsExport-relwithdebinfo.cmake
[1.608s] -- Up-to-date: /home/lfvmu/kobuki/install/share/ecl_errors/cmake/ament_cmake_export_targets-extras.cmake
[1.609s] -- Up-to-date: /home/lfvmu/kobuki/install/share/ecl_errors/cmake/ament_cmake_export_include_directories-extras.cmake
[1.609s] -- Up-to-date: /home/lfvmu/kobuki/install/share/ecl_errors/cmake/ament_cmake_export_libraries-extras.cmake
[1.610s] -- Up-to-date: /home/lfvmu/kobuki/install/share/ecl_errors/cmake/ament_cmake_export_dependencies-extras.cmake
[1.612s] -- Up-to-date: /home/lfvmu/kobuki/install/share/ecl_errors/cmake/ecl_errorsConfig.cmake
[1.612s] -- Up-to-date: /home/lfvmu/kobuki/install/share/ecl_errors/cmake/ecl_errorsConfig-version.cmake
[1.612s] -- Up-to-date: /home/lfvmu/kobuki/install/share/ecl_errors/package.xml
[1.618s] -- Up-to-date: /home/lfvmu/kobuki/install/include/ecl/errors.hpp
[1.619s] -- Up-to-date: /home/lfvmu/kobuki/install/include/ecl/errors/compile_time_assert.hpp
[1.620s] -- Up-to-date: /home/lfvmu/kobuki/install/include/ecl/errors/flags.hpp
[1.620s] -- Up-to-date: /home/lfvmu/kobuki/install/include/ecl/errors/handlers.hpp
[1.620s] -- Up-to-date: /home/lfvmu/kobuki/install/include/ecl/errors/macros.hpp
[1.620s] -- Up-to-date: /home/lfvmu/kobuki/install/include/ecl/errors/run_time_functions.hpp
[1.622s] -- Up-to-date: /home/lfvmu/kobuki/install/lib/libecl_errors.so.1.1.0
[1.622s] -- Up-to-date: /home/lfvmu/kobuki/install/lib/libecl_errors.so
[1.631s] -- Up-to-date: /home/lfvmu/kobuki/install/lib/ecl_errors/demo_errors
[1.642s] Invoked command in '/home/lfvmu/kobuki/build/ecl_errors' returned '0': /usr/bin/cmake --install /home/lfvmu/kobuki/build/ecl_errors
