[0.273s] Invoking command in '/home/lfvmu/kobuki/build/ament_cmake_version': /usr/bin/cmake /home/lfvmu/kobuki/src/ament_cmake/ament_cmake_version -DBUILD_TESTING=OFF --no-warn-unused-cli -DCMAKE_INSTALL_PREFIX=/home/lfvmu/kobuki/install
[0.315s] Not searching for unused variables given on the command line.
[0.317s] -- Found ament_cmake_core: 0.9.11 (/home/lfvmu/kobuki/install/share/ament_cmake_core/cmake)
[0.361s] -- Using PYTHON_EXECUTABLE: /usr/bin/python3
[0.817s] -- Configuring done
[0.828s] -- Generating done
[0.846s] -- Build files have been written to: /home/lfvmu/kobuki/build/ament_cmake_version
[0.847s] Invoked command in '/home/lfvmu/kobuki/build/ament_cmake_version' returned '0': /usr/bin/cmake /home/lfvmu/kobuki/src/ament_cmake/ament_cmake_version -DBUILD_TESTING=OFF --no-warn-unused-cli -DCMAKE_INSTALL_PREFIX=/home/lfvmu/kobuki/install
[0.848s] Invoking command in '/home/lfvmu/kobuki/build/ament_cmake_version': /usr/bin/cmake --build /home/lfvmu/kobuki/build/ament_cmake_version -- -j4 -l4
[1.075s] Invoked command in '/home/lfvmu/kobuki/build/ament_cmake_version' returned '0': /usr/bin/cmake --build /home/lfvmu/kobuki/build/ament_cmake_version -- -j4 -l4
[1.338s] Invoking command in '/home/lfvmu/kobuki/build/ament_cmake_version': /usr/bin/cmake --install /home/lfvmu/kobuki/build/ament_cmake_version
[1.361s] -- Install configuration: "RelWithDebInfo"
[1.362s] -- Up-to-date: /home/lfvmu/kobuki/install/share/ament_index/resource_index/package_run_dependencies/ament_cmake_version
[1.362s] -- Up-to-date: /home/lfvmu/kobuki/install/share/ament_index/resource_index/parent_prefix_path/ament_cmake_version
[1.362s] -- Up-to-date: /home/lfvmu/kobuki/install/share/ament_cmake_version/environment/ament_prefix_path.sh
[1.363s] -- Installing: /home/lfvmu/kobuki/install/share/ament_cmake_version/environment/ament_prefix_path.dsv
[1.363s] -- Up-to-date: /home/lfvmu/kobuki/install/share/ament_cmake_version/environment/path.sh
[1.364s] -- Installing: /home/lfvmu/kobuki/install/share/ament_cmake_version/environment/path.dsv
[1.364s] -- Up-to-date: /home/lfvmu/kobuki/install/share/ament_cmake_version/local_setup.bash
[1.365s] -- Up-to-date: /home/lfvmu/kobuki/install/share/ament_cmake_version/local_setup.sh
[1.365s] -- Up-to-date: /home/lfvmu/kobuki/install/share/ament_cmake_version/local_setup.zsh
[1.365s] -- Installing: /home/lfvmu/kobuki/install/share/ament_cmake_version/local_setup.dsv
[1.365s] -- Installing: /home/lfvmu/kobuki/install/share/ament_cmake_version/package.dsv
[1.365s] -- Up-to-date: /home/lfvmu/kobuki/install/share/ament_index/resource_index/packages/ament_cmake_version
[1.366s] -- Up-to-date: /home/lfvmu/kobuki/install/share/ament_cmake_version/cmake/ament_cmake_version-extras.cmake
[1.366s] -- Up-to-date: /home/lfvmu/kobuki/install/share/ament_cmake_version/cmake/ament_cmake_versionConfig.cmake
[1.366s] -- Up-to-date: /home/lfvmu/kobuki/install/share/ament_cmake_version/cmake/ament_cmake_versionConfig-version.cmake
[1.366s] -- Up-to-date: /home/lfvmu/kobuki/install/share/ament_cmake_version/package.xml
[1.367s] -- Up-to-date: /home/lfvmu/kobuki/install/share/ament_cmake_version/cmake
[1.367s] -- Up-to-date: /home/lfvmu/kobuki/install/share/ament_cmake_version/cmake/ament_export_development_version_if_higher_than_manifest.cmake
[1.419s] Invoked command in '/home/lfvmu/kobuki/build/ament_cmake_version' returned '0': /usr/bin/cmake --install /home/lfvmu/kobuki/build/ament_cmake_version
