[0.146s] Invoking command in '/home/lfvmu/kobuki/build/ament_cmake_pep257': /usr/bin/cmake /home/lfvmu/kobuki/src/ament_lint/ament_cmake_pep257 -DBUILD_TESTING=OFF --no-warn-unused-cli -DCMAKE_INSTALL_PREFIX=/home/lfvmu/kobuki/install
[0.183s] Not searching for unused variables given on the command line.
[0.184s] -- Found ament_cmake_core: 0.9.11 (/home/lfvmu/kobuki/install/share/ament_cmake_core/cmake)
[0.215s] -- Using PYTHON_EXECUTABLE: /usr/bin/python3
[0.561s] -- Found ament_cmake_test: 0.9.11 (/home/lfvmu/kobuki/install/share/ament_cmake_test/cmake)
[0.710s] -- Configuring done
[0.715s] -- Generating done
[0.719s] -- Build files have been written to: /home/lfvmu/kobuki/build/ament_cmake_pep257
[0.770s] Invoked command in '/home/lfvmu/kobuki/build/ament_cmake_pep257' returned '0': /usr/bin/cmake /home/lfvmu/kobuki/src/ament_lint/ament_cmake_pep257 -DBUILD_TESTING=OFF --no-warn-unused-cli -DCMAKE_INSTALL_PREFIX=/home/lfvmu/kobuki/install
[0.776s] Invoking command in '/home/lfvmu/kobuki/build/ament_cmake_pep257': /usr/bin/cmake --build /home/lfvmu/kobuki/build/ament_cmake_pep257 -- -j4 -l4
[1.045s] Invoked command in '/home/lfvmu/kobuki/build/ament_cmake_pep257' returned '0': /usr/bin/cmake --build /home/lfvmu/kobuki/build/ament_cmake_pep257 -- -j4 -l4
[1.096s] Invoking command in '/home/lfvmu/kobuki/build/ament_cmake_pep257': /usr/bin/cmake --install /home/lfvmu/kobuki/build/ament_cmake_pep257
[1.118s] -- Install configuration: "RelWithDebInfo"
[1.119s] -- Up-to-date: /home/lfvmu/kobuki/install/share/ament_index/resource_index/package_run_dependencies/ament_cmake_pep257
[1.119s] -- Up-to-date: /home/lfvmu/kobuki/install/share/ament_index/resource_index/parent_prefix_path/ament_cmake_pep257
[1.120s] -- Up-to-date: /home/lfvmu/kobuki/install/share/ament_cmake_pep257/environment/ament_prefix_path.sh
[1.120s] -- Installing: /home/lfvmu/kobuki/install/share/ament_cmake_pep257/environment/ament_prefix_path.dsv
[1.122s] -- Up-to-date: /home/lfvmu/kobuki/install/share/ament_cmake_pep257/environment/path.sh
[1.122s] -- Installing: /home/lfvmu/kobuki/install/share/ament_cmake_pep257/environment/path.dsv
[1.123s] -- Up-to-date: /home/lfvmu/kobuki/install/share/ament_cmake_pep257/local_setup.bash
[1.123s] -- Up-to-date: /home/lfvmu/kobuki/install/share/ament_cmake_pep257/local_setup.sh
[1.123s] -- Up-to-date: /home/lfvmu/kobuki/install/share/ament_cmake_pep257/local_setup.zsh
[1.123s] -- Installing: /home/lfvmu/kobuki/install/share/ament_cmake_pep257/local_setup.dsv
[1.123s] -- Installing: /home/lfvmu/kobuki/install/share/ament_cmake_pep257/package.dsv
[1.123s] -- Up-to-date: /home/lfvmu/kobuki/install/share/ament_index/resource_index/packages/ament_cmake_pep257
[1.124s] -- Up-to-date: /home/lfvmu/kobuki/install/share/ament_cmake_pep257/cmake/ament_cmake_pep257-extras.cmake
[1.124s] -- Up-to-date: /home/lfvmu/kobuki/install/share/ament_cmake_pep257/cmake/ament_cmake_pep257Config.cmake
[1.124s] -- Up-to-date: /home/lfvmu/kobuki/install/share/ament_cmake_pep257/cmake/ament_cmake_pep257Config-version.cmake
[1.124s] -- Up-to-date: /home/lfvmu/kobuki/install/share/ament_cmake_pep257/package.xml
[1.125s] -- Up-to-date: /home/lfvmu/kobuki/install/share/ament_cmake_pep257/cmake
[1.125s] -- Up-to-date: /home/lfvmu/kobuki/install/share/ament_cmake_pep257/cmake/ament_cmake_pep257_lint_hook.cmake
[1.125s] -- Up-to-date: /home/lfvmu/kobuki/install/share/ament_cmake_pep257/cmake/ament_pep257.cmake
[1.140s] Invoked command in '/home/lfvmu/kobuki/build/ament_cmake_pep257' returned '0': /usr/bin/cmake --install /home/lfvmu/kobuki/build/ament_cmake_pep257
