[0.276s] Invoking command in '/home/lfvmu/kobuki/build/sophus': CMAKE_PREFIX_PATH=/home/lfvmu/kobuki/install LD_LIBRARY_PATH=/home/lfvmu/kobuki/install/lib PATH=/home/lfvmu/kobuki/install/bin:${PATH} PYTHONPATH=/home/lfvmu/kobuki/install/lib/python3.8/site-packages /usr/bin/cmake /home/lfvmu/kobuki/src/sophus -DBUILD_TESTING=OFF --no-warn-unused-cli -DBUILD_TESTS=OFF -DCMAKE_INSTALL_PREFIX=/home/lfvmu/kobuki/install
[0.302s] Not searching for unused variables given on the command line.
[0.360s] -- Configuring done
[0.374s] -- Generating done
[0.374s] -- Build files have been written to: /home/lfvmu/kobuki/build/sophus
[1.062s] Invoked command in '/home/lfvmu/kobuki/build/sophus' returned '0': CMAKE_PREFIX_PATH=/home/lfvmu/kobuki/install LD_LIBRARY_PATH=/home/lfvmu/kobuki/install/lib PATH=/home/lfvmu/kobuki/install/bin:${PATH} PYTHONPATH=/home/lfvmu/kobuki/install/lib/python3.8/site-packages /usr/bin/cmake /home/lfvmu/kobuki/src/sophus -DBUILD_TESTING=OFF --no-warn-unused-cli -DBUILD_TESTS=OFF -DCMAKE_INSTALL_PREFIX=/home/lfvmu/kobuki/install
[1.064s] Invoking command in '/home/lfvmu/kobuki/build/sophus': CMAKE_PREFIX_PATH=/home/lfvmu/kobuki/install LD_LIBRARY_PATH=/home/lfvmu/kobuki/install/lib PATH=/home/lfvmu/kobuki/install/bin:${PATH} PYTHONPATH=/home/lfvmu/kobuki/install/lib/python3.8/site-packages /usr/bin/cmake --build /home/lfvmu/kobuki/build/sophus -- -j4 -l4
[1.328s] [100%] Built target HelloSO3
[1.379s] Invoked command in '/home/lfvmu/kobuki/build/sophus' returned '0': CMAKE_PREFIX_PATH=/home/lfvmu/kobuki/install LD_LIBRARY_PATH=/home/lfvmu/kobuki/install/lib PATH=/home/lfvmu/kobuki/install/bin:${PATH} PYTHONPATH=/home/lfvmu/kobuki/install/lib/python3.8/site-packages /usr/bin/cmake --build /home/lfvmu/kobuki/build/sophus -- -j4 -l4
[2.323s] Invoking command in '/home/lfvmu/kobuki/build/sophus': CMAKE_PREFIX_PATH=/home/lfvmu/kobuki/install LD_LIBRARY_PATH=/home/lfvmu/kobuki/install/lib PATH=/home/lfvmu/kobuki/install/bin:${PATH} PYTHONPATH=/home/lfvmu/kobuki/install/lib/python3.8/site-packages /usr/bin/cmake --install /home/lfvmu/kobuki/build/sophus
[2.356s] -- Install configuration: "Release"
[2.356s] -- Up-to-date: /home/lfvmu/kobuki/install/share/sophus/cmake/SophusTargets.cmake
[2.356s] -- Up-to-date: /home/lfvmu/kobuki/install/share/sophus/cmake/SophusConfig.cmake
[2.357s] -- Up-to-date: /home/lfvmu/kobuki/install/share/sophus/cmake/SophusConfigVersion.cmake
[2.357s] -- Up-to-date: /home/lfvmu/kobuki/install/include/sophus/average.hpp
[2.358s] -- Up-to-date: /home/lfvmu/kobuki/install/include/sophus/common.hpp
[2.358s] -- Up-to-date: /home/lfvmu/kobuki/install/include/sophus/geometry.hpp
[2.358s] -- Up-to-date: /home/lfvmu/kobuki/install/include/sophus/interpolate.hpp
[2.358s] -- Up-to-date: /home/lfvmu/kobuki/install/include/sophus/interpolate_details.hpp
[2.359s] -- Up-to-date: /home/lfvmu/kobuki/install/include/sophus/num_diff.hpp
[2.359s] -- Up-to-date: /home/lfvmu/kobuki/install/include/sophus/rotation_matrix.hpp
[2.359s] -- Up-to-date: /home/lfvmu/kobuki/install/include/sophus/rxso2.hpp
[2.359s] -- Up-to-date: /home/lfvmu/kobuki/install/include/sophus/rxso3.hpp
[2.360s] -- Up-to-date: /home/lfvmu/kobuki/install/include/sophus/se2.hpp
[2.360s] -- Up-to-date: /home/lfvmu/kobuki/install/include/sophus/se3.hpp
[2.360s] -- Up-to-date: /home/lfvmu/kobuki/install/include/sophus/sim2.hpp
[2.360s] -- Up-to-date: /home/lfvmu/kobuki/install/include/sophus/sim3.hpp
[2.361s] -- Up-to-date: /home/lfvmu/kobuki/install/include/sophus/sim_details.hpp
[2.361s] -- Up-to-date: /home/lfvmu/kobuki/install/include/sophus/so2.hpp
[2.361s] -- Up-to-date: /home/lfvmu/kobuki/install/include/sophus/so3.hpp
[2.361s] -- Up-to-date: /home/lfvmu/kobuki/install/include/sophus/types.hpp
[2.361s] -- Up-to-date: /home/lfvmu/kobuki/install/include/sophus/velocities.hpp
[2.362s] -- Up-to-date: /home/lfvmu/kobuki/install/include/sophus/formatstring.hpp
[2.370s] Invoked command in '/home/lfvmu/kobuki/build/sophus' returned '0': CMAKE_PREFIX_PATH=/home/lfvmu/kobuki/install LD_LIBRARY_PATH=/home/lfvmu/kobuki/install/lib PATH=/home/lfvmu/kobuki/install/bin:${PATH} PYTHONPATH=/home/lfvmu/kobuki/install/lib/python3.8/site-packages /usr/bin/cmake --install /home/lfvmu/kobuki/build/sophus
