[0.343s] Invoking command in '/home/lfvmu/kobuki/build/ecl_threads': /usr/bin/cmake /home/lfvmu/kobuki/src/ecl_core/ecl_threads -DBUILD_TESTING=OFF -DCMAKE_INSTALL_PREFIX=/home/lfvmu/kobuki/install
[0.360s] Re-run cmake no build system arguments
[0.400s] -- Found ament_cmake_ros: 0.9.2 (/home/lfvmu/kobuki/install/share/ament_cmake_ros/cmake)
[0.437s] -- Using PYTHON_EXECUTABLE: /usr/bin/python3
[0.799s] -- Found ecl_build: 1.0.3 (/home/lfvmu/kobuki/install/share/ecl_build/cmake)
[0.820s] -- Found ecl_config: 1.1.0 (/home/lfvmu/kobuki/install/share/ecl_config/cmake)
[0.865s] -- Found ecl_errors: 1.1.0 (/home/lfvmu/kobuki/install/share/ecl_errors/cmake)
[0.871s] -- Found ecl_concepts: 1.2.1 (/home/lfvmu/kobuki/install/share/ecl_concepts/cmake)
[0.872s] -- Found ecl_exceptions: 1.2.1 (/home/lfvmu/kobuki/install/share/ecl_exceptions/cmake)
[0.877s] -- Found ecl_time: 1.2.1 (/home/lfvmu/kobuki/install/share/ecl_time/cmake)
[0.906s] -- Found ecl_utilities: 1.2.1 (/home/lfvmu/kobuki/install/share/ecl_utilities/cmake)
[1.128s] -- Configuring done
[1.213s] -- Generating done
[1.223s] -- Build files have been written to: /home/lfvmu/kobuki/build/ecl_threads
[1.235s] Invoked command in '/home/lfvmu/kobuki/build/ecl_threads' returned '0': /usr/bin/cmake /home/lfvmu/kobuki/src/ecl_core/ecl_threads -DBUILD_TESTING=OFF -DCMAKE_INSTALL_PREFIX=/home/lfvmu/kobuki/install
[1.243s] Invoking command in '/home/lfvmu/kobuki/build/ecl_threads': /usr/bin/cmake --build /home/lfvmu/kobuki/build/ecl_threads -- -j4 -l4
[1.319s] /usr/bin/cmake -S/home/lfvmu/kobuki/src/ecl_core/ecl_threads -B/home/lfvmu/kobuki/build/ecl_threads --check-build-system CMakeFiles/Makefile.cmake 0
[1.347s] /usr/bin/cmake -E cmake_progress_start /home/lfvmu/kobuki/build/ecl_threads/CMakeFiles /home/lfvmu/kobuki/build/ecl_threads/CMakeFiles/progress.marks
[1.356s] /usr/bin/make -f CMakeFiles/Makefile2 all
[1.365s] make[1]: Entering directory '/home/lfvmu/kobuki/build/ecl_threads'
[1.365s] /usr/bin/make -f src/lib/CMakeFiles/ecl_threads.dir/build.make src/lib/CMakeFiles/ecl_threads.dir/depend
[1.375s] make[2]: Entering directory '/home/lfvmu/kobuki/build/ecl_threads'
[1.375s] cd /home/lfvmu/kobuki/build/ecl_threads && /usr/bin/cmake -E cmake_depends "Unix Makefiles" /home/lfvmu/kobuki/src/ecl_core/ecl_threads /home/lfvmu/kobuki/src/ecl_core/ecl_threads/src/lib /home/lfvmu/kobuki/build/ecl_threads /home/lfvmu/kobuki/build/ecl_threads/src/lib /home/lfvmu/kobuki/build/ecl_threads/src/lib/CMakeFiles/ecl_threads.dir/DependInfo.cmake --color=
[1.395s] make[2]: Leaving directory '/home/lfvmu/kobuki/build/ecl_threads'
[1.395s] /usr/bin/make -f src/lib/CMakeFiles/ecl_threads.dir/build.make src/lib/CMakeFiles/ecl_threads.dir/build
[1.401s] make[2]: Entering directory '/home/lfvmu/kobuki/build/ecl_threads'
[1.401s] make[2]: Nothing to be done for 'src/lib/CMakeFiles/ecl_threads.dir/build'.
[1.402s] make[2]: Leaving directory '/home/lfvmu/kobuki/build/ecl_threads'
[1.421s] [ 63%] Built target ecl_threads
[1.423s] /usr/bin/make -f src/examples/CMakeFiles/ecl_demo_mutex.dir/build.make src/examples/CMakeFiles/ecl_demo_mutex.dir/depend
[1.423s] /usr/bin/make -f src/examples/CMakeFiles/ecl_demo_thread.dir/build.make src/examples/CMakeFiles/ecl_demo_thread.dir/depend
[1.432s] make[2]: Entering directory '/home/lfvmu/kobuki/build/ecl_threads'
[1.432s] cd /home/lfvmu/kobuki/build/ecl_threads && /usr/bin/cmake -E cmake_depends "Unix Makefiles" /home/lfvmu/kobuki/src/ecl_core/ecl_threads /home/lfvmu/kobuki/src/ecl_core/ecl_threads/src/examples /home/lfvmu/kobuki/build/ecl_threads /home/lfvmu/kobuki/build/ecl_threads/src/examples /home/lfvmu/kobuki/build/ecl_threads/src/examples/CMakeFiles/ecl_demo_mutex.dir/DependInfo.cmake --color=
[1.432s] make[2]: Entering directory '/home/lfvmu/kobuki/build/ecl_threads'
[1.432s] cd /home/lfvmu/kobuki/build/ecl_threads && /usr/bin/cmake -E cmake_depends "Unix Makefiles" /home/lfvmu/kobuki/src/ecl_core/ecl_threads /home/lfvmu/kobuki/src/ecl_core/ecl_threads/src/examples /home/lfvmu/kobuki/build/ecl_threads /home/lfvmu/kobuki/build/ecl_threads/src/examples /home/lfvmu/kobuki/build/ecl_threads/src/examples/CMakeFiles/ecl_demo_thread.dir/DependInfo.cmake --color=
[1.453s] make[2]: Leaving directory '/home/lfvmu/kobuki/build/ecl_threads'
[1.453s] /usr/bin/make -f src/examples/CMakeFiles/ecl_demo_mutex.dir/build.make src/examples/CMakeFiles/ecl_demo_mutex.dir/build
[1.462s] make[2]: Entering directory '/home/lfvmu/kobuki/build/ecl_threads'
[1.462s] make[2]: Nothing to be done for 'src/examples/CMakeFiles/ecl_demo_mutex.dir/build'.
[1.463s] make[2]: Leaving directory '/home/lfvmu/kobuki/build/ecl_threads'
[1.466s] make[2]: Leaving directory '/home/lfvmu/kobuki/build/ecl_threads'
[1.466s] /usr/bin/make -f src/examples/CMakeFiles/ecl_demo_thread.dir/build.make src/examples/CMakeFiles/ecl_demo_thread.dir/build
[1.478s] [ 81%] Built target ecl_demo_mutex
[1.481s] make[2]: Entering directory '/home/lfvmu/kobuki/build/ecl_threads'
[1.481s] make[2]: Nothing to be done for 'src/examples/CMakeFiles/ecl_demo_thread.dir/build'.
[1.485s] make[2]: Leaving directory '/home/lfvmu/kobuki/build/ecl_threads'
[1.532s] [100%] Built target ecl_demo_thread
[1.534s] make[1]: Leaving directory '/home/lfvmu/kobuki/build/ecl_threads'
[1.535s] /usr/bin/cmake -E cmake_progress_start /home/lfvmu/kobuki/build/ecl_threads/CMakeFiles 0
[1.825s] Invoked command in '/home/lfvmu/kobuki/build/ecl_threads' returned '0': /usr/bin/cmake --build /home/lfvmu/kobuki/build/ecl_threads -- -j4 -l4
[1.937s] Invoking command in '/home/lfvmu/kobuki/build/ecl_threads': /usr/bin/cmake --install /home/lfvmu/kobuki/build/ecl_threads
[1.963s] -- Install configuration: "RelWithDebInfo"
[1.964s] -- Up-to-date: /home/lfvmu/kobuki/install/share/ecl_threads/environment/library_path.sh
[1.964s] -- Installing: /home/lfvmu/kobuki/install/share/ecl_threads/environment/library_path.dsv
[1.964s] -- Up-to-date: /home/lfvmu/kobuki/install/share/ament_index/resource_index/package_run_dependencies/ecl_threads
[1.965s] -- Up-to-date: /home/lfvmu/kobuki/install/share/ament_index/resource_index/parent_prefix_path/ecl_threads
[1.966s] -- Up-to-date: /home/lfvmu/kobuki/install/share/ecl_threads/environment/ament_prefix_path.sh
[1.966s] -- Installing: /home/lfvmu/kobuki/install/share/ecl_threads/environment/ament_prefix_path.dsv
[1.967s] -- Up-to-date: /home/lfvmu/kobuki/install/share/ecl_threads/environment/path.sh
[1.967s] -- Installing: /home/lfvmu/kobuki/install/share/ecl_threads/environment/path.dsv
[1.967s] -- Up-to-date: /home/lfvmu/kobuki/install/share/ecl_threads/local_setup.bash
[1.967s] -- Up-to-date: /home/lfvmu/kobuki/install/share/ecl_threads/local_setup.sh
[1.968s] -- Up-to-date: /home/lfvmu/kobuki/install/share/ecl_threads/local_setup.zsh
[1.968s] -- Installing: /home/lfvmu/kobuki/install/share/ecl_threads/local_setup.dsv
[1.969s] -- Installing: /home/lfvmu/kobuki/install/share/ecl_threads/package.dsv
[1.969s] -- Up-to-date: /home/lfvmu/kobuki/install/share/ament_index/resource_index/packages/ecl_threads
[1.970s] -- Up-to-date: /home/lfvmu/kobuki/install/share/ecl_threads/cmake/ecl_threadsExport.cmake
[1.972s] -- Installing: /home/lfvmu/kobuki/install/share/ecl_threads/cmake/ecl_threadsExport-relwithdebinfo.cmake
[1.972s] -- Up-to-date: /home/lfvmu/kobuki/install/share/ecl_threads/cmake/ecl_threads-extras.cmake
[1.972s] -- Up-to-date: /home/lfvmu/kobuki/install/share/ecl_threads/cmake/ament_cmake_export_targets-extras.cmake
[1.973s] -- Up-to-date: /home/lfvmu/kobuki/install/share/ecl_threads/cmake/ament_cmake_export_include_directories-extras.cmake
[1.973s] -- Up-to-date: /home/lfvmu/kobuki/install/share/ecl_threads/cmake/ament_cmake_export_libraries-extras.cmake
[1.973s] -- Up-to-date: /home/lfvmu/kobuki/install/share/ecl_threads/cmake/ament_cmake_export_dependencies-extras.cmake
[1.973s] -- Up-to-date: /home/lfvmu/kobuki/install/share/ecl_threads/cmake/ecl_threadsConfig.cmake
[1.973s] -- Up-to-date: /home/lfvmu/kobuki/install/share/ecl_threads/cmake/ecl_threadsConfig-version.cmake
[1.974s] -- Up-to-date: /home/lfvmu/kobuki/install/share/ecl_threads/package.xml
[1.983s] -- Up-to-date: /home/lfvmu/kobuki/install/include/ecl/threads.hpp
[1.983s] -- Up-to-date: /home/lfvmu/kobuki/install/include/ecl/threads/macros.hpp
[1.983s] -- Up-to-date: /home/lfvmu/kobuki/install/include/ecl/threads/mutex.hpp
[1.984s] -- Up-to-date: /home/lfvmu/kobuki/install/include/ecl/threads/mutex_pos.hpp
[1.984s] -- Up-to-date: /home/lfvmu/kobuki/install/include/ecl/threads/mutex_w32.hpp
[1.984s] -- Up-to-date: /home/lfvmu/kobuki/install/include/ecl/threads/priority.hpp
[1.984s] -- Up-to-date: /home/lfvmu/kobuki/install/include/ecl/threads/priority_common.hpp
[1.985s] -- Up-to-date: /home/lfvmu/kobuki/install/include/ecl/threads/priority_pos.hpp
[1.985s] -- Up-to-date: /home/lfvmu/kobuki/install/include/ecl/threads/priority_win.hpp
[1.985s] -- Up-to-date: /home/lfvmu/kobuki/install/include/ecl/threads/thread.hpp
[1.985s] -- Up-to-date: /home/lfvmu/kobuki/install/include/ecl/threads/thread_exceptions_pos.hpp
[1.986s] -- Up-to-date: /home/lfvmu/kobuki/install/include/ecl/threads/thread_pos.hpp
[1.986s] -- Up-to-date: /home/lfvmu/kobuki/install/include/ecl/threads/thread_win.hpp
[1.986s] -- Up-to-date: /home/lfvmu/kobuki/install/include/ecl/threads/threadable.hpp
[1.987s] -- Up-to-date: /home/lfvmu/kobuki/install/lib/libecl_threads.so.1.2.1
[1.987s] -- Up-to-date: /home/lfvmu/kobuki/install/lib/libecl_threads.so
[1.987s] -- Up-to-date: /home/lfvmu/kobuki/install/lib/ecl_threads/demo_thread
[1.988s] -- Up-to-date: /home/lfvmu/kobuki/install/lib/ecl_threads/demo_mutex
[2.002s] Invoked command in '/home/lfvmu/kobuki/build/ecl_threads' returned '0': /usr/bin/cmake --install /home/lfvmu/kobuki/build/ecl_threads
