[1.946s] Invoking command in '/home/lfvmu/kobuki/src/ament_lint/ament_lint_cmake': AMENT_PREFIX_PATH=/home/lfvmu/kobuki/install CMAKE_PREFIX_PATH=/home/lfvmu/kobuki/install LD_LIBRARY_PATH=/home/lfvmu/kobuki/install/lib PATH=/home/lfvmu/kobuki/install/bin:${PATH} PYTHONPATH=/home/lfvmu/kobuki/build/ament_lint_cmake/prefix_override:/home/lfvmu/kobuki/install/lib/python3.8/site-packages:/home/lfvmu/kobuki/install/lib/python3.8/site-packages /usr/bin/python3 setup.py egg_info --egg-base ../../../build/ament_lint_cmake build --build-base /home/lfvmu/kobuki/build/ament_lint_cmake/build install --record /home/lfvmu/kobuki/build/ament_lint_cmake/install.log --single-version-externally-managed
[2.347s] running egg_info
[2.348s] writing ../../../build/ament_lint_cmake/ament_lint_cmake.egg-info/PKG-INFO
[2.348s] writing dependency_links to ../../../build/ament_lint_cmake/ament_lint_cmake.egg-info/dependency_links.txt
[2.349s] writing entry points to ../../../build/ament_lint_cmake/ament_lint_cmake.egg-info/entry_points.txt
[2.349s] writing requirements to ../../../build/ament_lint_cmake/ament_lint_cmake.egg-info/requires.txt
[2.349s] writing top-level names to ../../../build/ament_lint_cmake/ament_lint_cmake.egg-info/top_level.txt
[2.467s] reading manifest file '../../../build/ament_lint_cmake/ament_lint_cmake.egg-info/SOURCES.txt'
[2.467s] writing manifest file '../../../build/ament_lint_cmake/ament_lint_cmake.egg-info/SOURCES.txt'
[2.468s] running build
[2.468s] running build_py
[2.469s] running install
[2.469s] running install_lib
[2.471s] running install_data
[2.472s] running install_egg_info
[2.477s] removing '/home/lfvmu/kobuki/install/lib/python3.8/site-packages/ament_lint_cmake-0.9.7-py3.8.egg-info' (and everything under it)
[2.477s] Copying ../../../build/ament_lint_cmake/ament_lint_cmake.egg-info to /home/lfvmu/kobuki/install/lib/python3.8/site-packages/ament_lint_cmake-0.9.7-py3.8.egg-info
[2.479s] running install_scripts
[2.519s] Installing ament_lint_cmake script to /home/lfvmu/kobuki/install/bin
[2.520s] writing list of installed files to '/home/lfvmu/kobuki/build/ament_lint_cmake/install.log'
[2.579s] Invoked command in '/home/lfvmu/kobuki/src/ament_lint/ament_lint_cmake' returned '0': AMENT_PREFIX_PATH=/home/lfvmu/kobuki/install CMAKE_PREFIX_PATH=/home/lfvmu/kobuki/install LD_LIBRARY_PATH=/home/lfvmu/kobuki/install/lib PATH=/home/lfvmu/kobuki/install/bin:${PATH} PYTHONPATH=/home/lfvmu/kobuki/build/ament_lint_cmake/prefix_override:/home/lfvmu/kobuki/install/lib/python3.8/site-packages:/home/lfvmu/kobuki/install/lib/python3.8/site-packages /usr/bin/python3 setup.py egg_info --egg-base ../../../build/ament_lint_cmake build --build-base /home/lfvmu/kobuki/build/ament_lint_cmake/build install --record /home/lfvmu/kobuki/build/ament_lint_cmake/install.log --single-version-externally-managed
