-- Found ament_cmake_core: 0.9.11 (/home/lfvmu/kobuki/install/share/ament_cmake_core/cmake)
-- Found PythonInterp: /usr/bin/python3 (found suitable version "3.8.10", minimum required is "3") 
-- Using PYTHON_EXECUTABLE: /usr/bin/python3
-- Found ament_cmake_test: 0.9.11 (/home/lfvmu/kobuki/install/share/ament_cmake_test/cmake)
-- Configuring done
-- Generating done
-- Build files have been written to: /home/lfvmu/kobuki/build/ament_cmake_pycodestyle
-- Install configuration: ""
-- Installing: /home/lfvmu/kobuki/install/share/ament_index/resource_index/package_run_dependencies/ament_cmake_pycodestyle
-- Installing: /home/lfvmu/kobuki/install/share/ament_index/resource_index/parent_prefix_path/ament_cmake_pycodestyle
-- Installing: /home/lfvmu/kobuki/install/share/ament_cmake_pycodestyle/environment/ament_prefix_path.sh
-- Installing: /home/lfvmu/kobuki/install/share/ament_cmake_pycodestyle/environment/ament_prefix_path.dsv
-- Installing: /home/lfvmu/kobuki/install/share/ament_cmake_pycodestyle/environment/path.sh
-- Installing: /home/lfvmu/kobuki/install/share/ament_cmake_pycodestyle/environment/path.dsv
-- Installing: /home/lfvmu/kobuki/install/share/ament_cmake_pycodestyle/local_setup.bash
-- Installing: /home/lfvmu/kobuki/install/share/ament_cmake_pycodestyle/local_setup.sh
-- Installing: /home/lfvmu/kobuki/install/share/ament_cmake_pycodestyle/local_setup.zsh
-- Installing: /home/lfvmu/kobuki/install/share/ament_cmake_pycodestyle/local_setup.dsv
-- Installing: /home/lfvmu/kobuki/install/share/ament_cmake_pycodestyle/package.dsv
-- Installing: /home/lfvmu/kobuki/install/share/ament_index/resource_index/packages/ament_cmake_pycodestyle
-- Installing: /home/lfvmu/kobuki/install/share/ament_cmake_pycodestyle/cmake/ament_cmake_pycodestyle-extras.cmake
-- Installing: /home/lfvmu/kobuki/install/share/ament_cmake_pycodestyle/cmake/ament_cmake_pycodestyleConfig.cmake
-- Installing: /home/lfvmu/kobuki/install/share/ament_cmake_pycodestyle/cmake/ament_cmake_pycodestyleConfig-version.cmake
-- Installing: /home/lfvmu/kobuki/install/share/ament_cmake_pycodestyle/package.xml
-- Up-to-date: /home/lfvmu/kobuki/install/share/ament_cmake_pycodestyle/cmake
-- Installing: /home/lfvmu/kobuki/install/share/ament_cmake_pycodestyle/cmake/ament_cmake_pycodestyle_lint_hook.cmake
-- Installing: /home/lfvmu/kobuki/install/share/ament_cmake_pycodestyle/cmake/ament_pycodestyle.cmake
