[1.668s] Invoking command in '/home/lfvmu/kobuki/build/ecl_utilities': AMENT_PREFIX_PATH=/home/lfvmu/kobuki/install CMAKE_PREFIX_PATH=/home/lfvmu/kobuki/install LD_LIBRARY_PATH=/home/lfvmu/kobuki/install/lib PATH=/home/lfvmu/kobuki/install/bin:${PATH} PYTHONPATH=/home/lfvmu/kobuki/install/lib/python3.8/site-packages /usr/bin/cmake /home/lfvmu/kobuki/src/ecl_core/ecl_utilities -DBUILD_TESTING=OFF -DCMAKE_INSTALL_PREFIX=/home/lfvmu/kobuki/install
[1.836s] -- The C compiler identification is GNU 9.4.0
[2.022s] -- The CXX compiler identification is GNU 9.4.0
[2.040s] -- Check for working C compiler: /usr/bin/cc
[2.234s] -- Check for working C compiler: /usr/bin/cc -- works
[2.234s] -- Detecting C compiler ABI info
[2.456s] -- Detecting C compiler ABI info - done
[2.517s] -- Detecting C compile features
[2.517s] -- Detecting C compile features - done
[2.521s] -- Check for working CXX compiler: /usr/bin/c++
[2.745s] -- Check for working CXX compiler: /usr/bin/c++ -- works
[2.745s] -- Detecting CXX compiler ABI info
[2.972s] -- Detecting CXX compiler ABI info - done
[3.030s] -- Detecting CXX compile features
[3.033s] -- Detecting CXX compile features - done
[3.036s] -- Found ament_cmake_ros: 0.9.2 (/home/lfvmu/kobuki/install/share/ament_cmake_ros/cmake)
[3.087s] -- Found PythonInterp: /usr/bin/python3 (found suitable version "3.8.10", minimum required is "3") 
[3.093s] -- Using PYTHON_EXECUTABLE: /usr/bin/python3
[3.492s] -- Found ecl_build: 1.0.3 (/home/lfvmu/kobuki/install/share/ecl_build/cmake)
[3.517s] -- Found ecl_concepts: 1.2.1 (/home/lfvmu/kobuki/install/share/ecl_concepts/cmake)
[3.834s] -- Configuring done
[3.870s] -- Generating done
[3.880s] -- Build files have been written to: /home/lfvmu/kobuki/build/ecl_utilities
[3.890s] Invoked command in '/home/lfvmu/kobuki/build/ecl_utilities' returned '0': AMENT_PREFIX_PATH=/home/lfvmu/kobuki/install CMAKE_PREFIX_PATH=/home/lfvmu/kobuki/install LD_LIBRARY_PATH=/home/lfvmu/kobuki/install/lib PATH=/home/lfvmu/kobuki/install/bin:${PATH} PYTHONPATH=/home/lfvmu/kobuki/install/lib/python3.8/site-packages /usr/bin/cmake /home/lfvmu/kobuki/src/ecl_core/ecl_utilities -DBUILD_TESTING=OFF -DCMAKE_INSTALL_PREFIX=/home/lfvmu/kobuki/install
[3.897s] Invoking command in '/home/lfvmu/kobuki/build/ecl_utilities': AMENT_PREFIX_PATH=/home/lfvmu/kobuki/install CMAKE_PREFIX_PATH=/home/lfvmu/kobuki/install LD_LIBRARY_PATH=/home/lfvmu/kobuki/install/lib PATH=/home/lfvmu/kobuki/install/bin:${PATH} PYTHONPATH=/home/lfvmu/kobuki/install/lib/python3.8/site-packages /usr/bin/cmake --build /home/lfvmu/kobuki/build/ecl_utilities -- -j4 -l4
[4.020s] [35m[1mScanning dependencies of target ecl_demo_constructors[0m
[4.045s] [ 50%] [32mBuilding CXX object src/examples/CMakeFiles/ecl_demo_constructors.dir/constructors.cpp.o[0m
[4.882s] [100%] [32m[1mLinking CXX executable demo_constructors[0m
[5.137s] [100%] Built target ecl_demo_constructors
[5.245s] Invoked command in '/home/lfvmu/kobuki/build/ecl_utilities' returned '0': AMENT_PREFIX_PATH=/home/lfvmu/kobuki/install CMAKE_PREFIX_PATH=/home/lfvmu/kobuki/install LD_LIBRARY_PATH=/home/lfvmu/kobuki/install/lib PATH=/home/lfvmu/kobuki/install/bin:${PATH} PYTHONPATH=/home/lfvmu/kobuki/install/lib/python3.8/site-packages /usr/bin/cmake --build /home/lfvmu/kobuki/build/ecl_utilities -- -j4 -l4
[5.491s] Invoking command in '/home/lfvmu/kobuki/build/ecl_utilities': AMENT_PREFIX_PATH=/home/lfvmu/kobuki/install CMAKE_PREFIX_PATH=/home/lfvmu/kobuki/install LD_LIBRARY_PATH=/home/lfvmu/kobuki/install/lib PATH=/home/lfvmu/kobuki/install/bin:${PATH} PYTHONPATH=/home/lfvmu/kobuki/install/lib/python3.8/site-packages /usr/bin/cmake --install /home/lfvmu/kobuki/build/ecl_utilities
[5.522s] -- Install configuration: ""
[5.522s] -- Installing: /home/lfvmu/kobuki/install/share/ament_index/resource_index/package_run_dependencies/ecl_utilities
[5.523s] -- Installing: /home/lfvmu/kobuki/install/share/ament_index/resource_index/parent_prefix_path/ecl_utilities
[5.523s] -- Installing: /home/lfvmu/kobuki/install/share/ecl_utilities/environment/ament_prefix_path.sh
[5.523s] -- Installing: /home/lfvmu/kobuki/install/share/ecl_utilities/environment/ament_prefix_path.dsv
[5.524s] -- Installing: /home/lfvmu/kobuki/install/share/ecl_utilities/environment/path.sh
[5.524s] -- Installing: /home/lfvmu/kobuki/install/share/ecl_utilities/environment/path.dsv
[5.524s] -- Installing: /home/lfvmu/kobuki/install/share/ecl_utilities/local_setup.bash
[5.525s] -- Installing: /home/lfvmu/kobuki/install/share/ecl_utilities/local_setup.sh
[5.525s] -- Installing: /home/lfvmu/kobuki/install/share/ecl_utilities/local_setup.zsh
[5.526s] -- Installing: /home/lfvmu/kobuki/install/share/ecl_utilities/local_setup.dsv
[5.526s] -- Installing: /home/lfvmu/kobuki/install/share/ecl_utilities/package.dsv
[5.526s] -- Installing: /home/lfvmu/kobuki/install/share/ament_index/resource_index/packages/ecl_utilities
[5.527s] -- Installing: /home/lfvmu/kobuki/install/share/ecl_utilities/cmake/ecl_utilitiesExport.cmake
[5.527s] -- Installing: /home/lfvmu/kobuki/install/share/ecl_utilities/cmake/ament_cmake_export_targets-extras.cmake
[5.527s] -- Installing: /home/lfvmu/kobuki/install/share/ecl_utilities/cmake/ament_cmake_export_include_directories-extras.cmake
[5.528s] -- Installing: /home/lfvmu/kobuki/install/share/ecl_utilities/cmake/ament_cmake_export_dependencies-extras.cmake
[5.528s] -- Installing: /home/lfvmu/kobuki/install/share/ecl_utilities/cmake/ecl_utilitiesConfig.cmake
[5.528s] -- Installing: /home/lfvmu/kobuki/install/share/ecl_utilities/cmake/ecl_utilitiesConfig-version.cmake
[5.529s] -- Installing: /home/lfvmu/kobuki/install/share/ecl_utilities/package.xml
[5.530s] -- Installing: /home/lfvmu/kobuki/install/include/ecl/utilities.hpp
[5.531s] -- Installing: /home/lfvmu/kobuki/install/include/ecl/utilities/blueprints.hpp
[5.531s] -- Installing: /home/lfvmu/kobuki/install/include/ecl/utilities/flags.hpp
[5.531s] -- Installing: /home/lfvmu/kobuki/install/include/ecl/utilities/function_objects.hpp
[5.531s] -- Installing: /home/lfvmu/kobuki/install/include/ecl/utilities/parameter.hpp
[5.532s] -- Installing: /home/lfvmu/kobuki/install/include/ecl/utilities/references.hpp
[5.532s] -- Installing: /home/lfvmu/kobuki/install/include/ecl/utilities/singleton.hpp
[5.532s] -- Installing: /home/lfvmu/kobuki/install/include/ecl/utilities/void.hpp
[5.535s] -- Installing: /home/lfvmu/kobuki/install/lib/ecl_utilities/demo_constructors
[5.535s] -- Set runtime path of "/home/lfvmu/kobuki/install/lib/ecl_utilities/demo_constructors" to ""
[5.556s] Invoked command in '/home/lfvmu/kobuki/build/ecl_utilities' returned '0': AMENT_PREFIX_PATH=/home/lfvmu/kobuki/install CMAKE_PREFIX_PATH=/home/lfvmu/kobuki/install LD_LIBRARY_PATH=/home/lfvmu/kobuki/install/lib PATH=/home/lfvmu/kobuki/install/bin:${PATH} PYTHONPATH=/home/lfvmu/kobuki/install/lib/python3.8/site-packages /usr/bin/cmake --install /home/lfvmu/kobuki/build/ecl_utilities
