[0.308s] Invoking command in '/home/lfvmu/kobuki/build/ecl_converters_lite': AMENT_PREFIX_PATH=/home/lfvmu/kobuki/install CMAKE_PREFIX_PATH=/home/lfvmu/kobuki/install LD_LIBRARY_PATH=/home/lfvmu/kobuki/install/lib PATH=/home/lfvmu/kobuki/install/bin:${PATH} PYTHONPATH=/home/lfvmu/kobuki/install/lib/python3.8/site-packages /usr/bin/cmake /home/lfvmu/kobuki/src/ecl_lite/ecl_converters_lite -DBUILD_TESTING=OFF -DCMAKE_INSTALL_PREFIX=/home/lfvmu/kobuki/install
[0.486s] -- The C compiler identification is GNU 9.4.0
[0.673s] -- The CXX compiler identification is GNU 9.4.0
[0.688s] -- Check for working C compiler: /usr/bin/cc
[0.897s] -- Check for working C compiler: /usr/bin/cc -- works
[0.898s] -- Detecting C compiler ABI info
[1.139s] -- Detecting C compiler ABI info - done
[1.190s] -- Detecting C compile features
[1.191s] -- Detecting C compile features - done
[1.200s] -- Check for working CXX compiler: /usr/bin/c++
[1.486s] -- Check for working CXX compiler: /usr/bin/c++ -- works
[1.490s] -- Detecting CXX compiler ABI info
[1.704s] -- Detecting CXX compiler ABI info - done
[1.766s] -- Detecting CXX compile features
[1.769s] -- Detecting CXX compile features - done
[1.772s] -- Found ament_cmake_ros: 0.9.2 (/home/lfvmu/kobuki/install/share/ament_cmake_ros/cmake)
[1.816s] -- Found PythonInterp: /usr/bin/python3 (found suitable version "3.8.10", minimum required is "3") 
[1.817s] -- Using PYTHON_EXECUTABLE: /usr/bin/python3
[2.164s] -- Found ecl_build: 1.0.3 (/home/lfvmu/kobuki/install/share/ecl_build/cmake)
[2.187s] -- Found ecl_config: 1.1.0 (/home/lfvmu/kobuki/install/share/ecl_config/cmake)
[2.345s] -- Configuring done
[2.358s] -- Generating done
[2.367s] -- Build files have been written to: /home/lfvmu/kobuki/build/ecl_converters_lite
[2.384s] Invoked command in '/home/lfvmu/kobuki/build/ecl_converters_lite' returned '0': AMENT_PREFIX_PATH=/home/lfvmu/kobuki/install CMAKE_PREFIX_PATH=/home/lfvmu/kobuki/install LD_LIBRARY_PATH=/home/lfvmu/kobuki/install/lib PATH=/home/lfvmu/kobuki/install/bin:${PATH} PYTHONPATH=/home/lfvmu/kobuki/install/lib/python3.8/site-packages /usr/bin/cmake /home/lfvmu/kobuki/src/ecl_lite/ecl_converters_lite -DBUILD_TESTING=OFF -DCMAKE_INSTALL_PREFIX=/home/lfvmu/kobuki/install
[2.390s] Invoking command in '/home/lfvmu/kobuki/build/ecl_converters_lite': AMENT_PREFIX_PATH=/home/lfvmu/kobuki/install CMAKE_PREFIX_PATH=/home/lfvmu/kobuki/install LD_LIBRARY_PATH=/home/lfvmu/kobuki/install/lib PATH=/home/lfvmu/kobuki/install/bin:${PATH} PYTHONPATH=/home/lfvmu/kobuki/install/lib/python3.8/site-packages /usr/bin/cmake --build /home/lfvmu/kobuki/build/ecl_converters_lite -- -j4 -l4
[2.478s] Invoked command in '/home/lfvmu/kobuki/build/ecl_converters_lite' returned '0': AMENT_PREFIX_PATH=/home/lfvmu/kobuki/install CMAKE_PREFIX_PATH=/home/lfvmu/kobuki/install LD_LIBRARY_PATH=/home/lfvmu/kobuki/install/lib PATH=/home/lfvmu/kobuki/install/bin:${PATH} PYTHONPATH=/home/lfvmu/kobuki/install/lib/python3.8/site-packages /usr/bin/cmake --build /home/lfvmu/kobuki/build/ecl_converters_lite -- -j4 -l4
[2.638s] Invoking command in '/home/lfvmu/kobuki/build/ecl_converters_lite': AMENT_PREFIX_PATH=/home/lfvmu/kobuki/install CMAKE_PREFIX_PATH=/home/lfvmu/kobuki/install LD_LIBRARY_PATH=/home/lfvmu/kobuki/install/lib PATH=/home/lfvmu/kobuki/install/bin:${PATH} PYTHONPATH=/home/lfvmu/kobuki/install/lib/python3.8/site-packages /usr/bin/cmake --install /home/lfvmu/kobuki/build/ecl_converters_lite
[2.659s] -- Install configuration: ""
[2.659s] -- Installing: /home/lfvmu/kobuki/install/share/ament_index/resource_index/package_run_dependencies/ecl_converters_lite
[2.659s] -- Installing: /home/lfvmu/kobuki/install/share/ament_index/resource_index/parent_prefix_path/ecl_converters_lite
[2.660s] -- Installing: /home/lfvmu/kobuki/install/share/ecl_converters_lite/environment/ament_prefix_path.sh
[2.660s] -- Installing: /home/lfvmu/kobuki/install/share/ecl_converters_lite/environment/ament_prefix_path.dsv
[2.661s] -- Installing: /home/lfvmu/kobuki/install/share/ecl_converters_lite/environment/path.sh
[2.661s] -- Installing: /home/lfvmu/kobuki/install/share/ecl_converters_lite/environment/path.dsv
[2.662s] -- Installing: /home/lfvmu/kobuki/install/share/ecl_converters_lite/local_setup.bash
[2.662s] -- Installing: /home/lfvmu/kobuki/install/share/ecl_converters_lite/local_setup.sh
[2.662s] -- Installing: /home/lfvmu/kobuki/install/share/ecl_converters_lite/local_setup.zsh
[2.663s] -- Installing: /home/lfvmu/kobuki/install/share/ecl_converters_lite/local_setup.dsv
[2.663s] -- Installing: /home/lfvmu/kobuki/install/share/ecl_converters_lite/package.dsv
[2.663s] -- Installing: /home/lfvmu/kobuki/install/share/ament_index/resource_index/packages/ecl_converters_lite
[2.664s] -- Installing: /home/lfvmu/kobuki/install/share/ecl_converters_lite/cmake/ecl_converters_liteExport.cmake
[2.664s] -- Installing: /home/lfvmu/kobuki/install/share/ecl_converters_lite/cmake/ament_cmake_export_targets-extras.cmake
[2.665s] -- Installing: /home/lfvmu/kobuki/install/share/ecl_converters_lite/cmake/ament_cmake_export_include_directories-extras.cmake
[2.665s] -- Installing: /home/lfvmu/kobuki/install/share/ecl_converters_lite/cmake/ament_cmake_export_dependencies-extras.cmake
[2.665s] -- Installing: /home/lfvmu/kobuki/install/share/ecl_converters_lite/cmake/ecl_converters_liteConfig.cmake
[2.666s] -- Installing: /home/lfvmu/kobuki/install/share/ecl_converters_lite/cmake/ecl_converters_liteConfig-version.cmake
[2.666s] -- Installing: /home/lfvmu/kobuki/install/share/ecl_converters_lite/package.xml
[2.667s] -- Installing: /home/lfvmu/kobuki/install/include/ecl/converters_lite.hpp
[2.668s] -- Installing: /home/lfvmu/kobuki/install/include/ecl/converters_lite/byte_array.hpp
[2.688s] Invoked command in '/home/lfvmu/kobuki/build/ecl_converters_lite' returned '0': AMENT_PREFIX_PATH=/home/lfvmu/kobuki/install CMAKE_PREFIX_PATH=/home/lfvmu/kobuki/install LD_LIBRARY_PATH=/home/lfvmu/kobuki/install/lib PATH=/home/lfvmu/kobuki/install/bin:${PATH} PYTHONPATH=/home/lfvmu/kobuki/install/lib/python3.8/site-packages /usr/bin/cmake --install /home/lfvmu/kobuki/build/ecl_converters_lite
