[0.469s] Invoking command in '/home/lfvmu/kobuki/build/ecl_sigslots': /usr/bin/cmake /home/lfvmu/kobuki/src/ecl_core/ecl_sigslots -DBUILD_TESTING=OFF -DCMAKE_INSTALL_PREFIX=/home/lfvmu/kobuki/install
[0.497s] Re-run cmake no build system arguments
[0.511s] -- Found ament_cmake_ros: 0.9.2 (/home/lfvmu/kobuki/install/share/ament_cmake_ros/cmake)
[0.563s] -- Using PYTHON_EXECUTABLE: /usr/bin/python3
[0.900s] -- Found ecl_build: 1.0.3 (/home/lfvmu/kobuki/install/share/ecl_build/cmake)
[0.920s] -- Found ecl_config: 1.1.0 (/home/lfvmu/kobuki/install/share/ecl_config/cmake)
[0.932s] -- Found ecl_threads: 1.2.1 (/home/lfvmu/kobuki/install/share/ecl_threads/cmake)
[1.222s] -- Configuring done
[1.246s] -- Generating done
[1.251s] -- Build files have been written to: /home/lfvmu/kobuki/build/ecl_sigslots
[1.374s] Invoked command in '/home/lfvmu/kobuki/build/ecl_sigslots' returned '0': /usr/bin/cmake /home/lfvmu/kobuki/src/ecl_core/ecl_sigslots -DBUILD_TESTING=OFF -DCMAKE_INSTALL_PREFIX=/home/lfvmu/kobuki/install
[1.375s] Invoking command in '/home/lfvmu/kobuki/build/ecl_sigslots': /usr/bin/cmake --build /home/lfvmu/kobuki/build/ecl_sigslots -- -j4 -l4
[1.412s] /usr/bin/cmake -S/home/lfvmu/kobuki/src/ecl_core/ecl_sigslots -B/home/lfvmu/kobuki/build/ecl_sigslots --check-build-system CMakeFiles/Makefile.cmake 0
[1.447s] /usr/bin/cmake -E cmake_progress_start /home/lfvmu/kobuki/build/ecl_sigslots/CMakeFiles /home/lfvmu/kobuki/build/ecl_sigslots/CMakeFiles/progress.marks
[1.468s] /usr/bin/make -f CMakeFiles/Makefile2 all
[1.472s] make[1]: Entering directory '/home/lfvmu/kobuki/build/ecl_sigslots'
[1.472s] /usr/bin/make -f src/examples/CMakeFiles/ecl_demo_sigslots_manager.dir/build.make src/examples/CMakeFiles/ecl_demo_sigslots_manager.dir/depend
[1.478s] /usr/bin/make -f src/examples/CMakeFiles/ecl_demo_sigslots.dir/build.make src/examples/CMakeFiles/ecl_demo_sigslots.dir/depend
[1.485s] make[2]: Entering directory '/home/lfvmu/kobuki/build/ecl_sigslots'
[1.485s] cd /home/lfvmu/kobuki/build/ecl_sigslots && /usr/bin/cmake -E cmake_depends "Unix Makefiles" /home/lfvmu/kobuki/src/ecl_core/ecl_sigslots /home/lfvmu/kobuki/src/ecl_core/ecl_sigslots/src/examples /home/lfvmu/kobuki/build/ecl_sigslots /home/lfvmu/kobuki/build/ecl_sigslots/src/examples /home/lfvmu/kobuki/build/ecl_sigslots/src/examples/CMakeFiles/ecl_demo_sigslots_manager.dir/DependInfo.cmake --color=
[1.485s] make[2]: Entering directory '/home/lfvmu/kobuki/build/ecl_sigslots'
[1.486s] cd /home/lfvmu/kobuki/build/ecl_sigslots && /usr/bin/cmake -E cmake_depends "Unix Makefiles" /home/lfvmu/kobuki/src/ecl_core/ecl_sigslots /home/lfvmu/kobuki/src/ecl_core/ecl_sigslots/src/examples /home/lfvmu/kobuki/build/ecl_sigslots /home/lfvmu/kobuki/build/ecl_sigslots/src/examples /home/lfvmu/kobuki/build/ecl_sigslots/src/examples/CMakeFiles/ecl_demo_sigslots.dir/DependInfo.cmake --color=
[1.514s] make[2]: Leaving directory '/home/lfvmu/kobuki/build/ecl_sigslots'
[1.515s] /usr/bin/make -f src/examples/CMakeFiles/ecl_demo_sigslots_manager.dir/build.make src/examples/CMakeFiles/ecl_demo_sigslots_manager.dir/build
[1.520s] make[2]: Entering directory '/home/lfvmu/kobuki/build/ecl_sigslots'
[1.520s] make[2]: Nothing to be done for 'src/examples/CMakeFiles/ecl_demo_sigslots_manager.dir/build'.
[1.520s] make[2]: Leaving directory '/home/lfvmu/kobuki/build/ecl_sigslots'
[1.546s] make[2]: Leaving directory '/home/lfvmu/kobuki/build/ecl_sigslots'
[1.546s] /usr/bin/make -f src/examples/CMakeFiles/ecl_demo_sigslots.dir/build.make src/examples/CMakeFiles/ecl_demo_sigslots.dir/build
[1.547s] [ 50%] Built target ecl_demo_sigslots_manager
[1.550s] make[2]: Entering directory '/home/lfvmu/kobuki/build/ecl_sigslots'
[1.550s] make[2]: Nothing to be done for 'src/examples/CMakeFiles/ecl_demo_sigslots.dir/build'.
[1.550s] make[2]: Leaving directory '/home/lfvmu/kobuki/build/ecl_sigslots'
[1.576s] [100%] Built target ecl_demo_sigslots
[1.580s] make[1]: Leaving directory '/home/lfvmu/kobuki/build/ecl_sigslots'
[1.580s] /usr/bin/cmake -E cmake_progress_start /home/lfvmu/kobuki/build/ecl_sigslots/CMakeFiles 0
[1.614s] Invoked command in '/home/lfvmu/kobuki/build/ecl_sigslots' returned '0': /usr/bin/cmake --build /home/lfvmu/kobuki/build/ecl_sigslots -- -j4 -l4
[1.731s] Invoking command in '/home/lfvmu/kobuki/build/ecl_sigslots': /usr/bin/cmake --install /home/lfvmu/kobuki/build/ecl_sigslots
[1.771s] -- Install configuration: "RelWithDebInfo"
[1.771s] -- Up-to-date: /home/lfvmu/kobuki/install/share/ament_index/resource_index/package_run_dependencies/ecl_sigslots
[1.771s] -- Up-to-date: /home/lfvmu/kobuki/install/share/ament_index/resource_index/parent_prefix_path/ecl_sigslots
[1.771s] -- Up-to-date: /home/lfvmu/kobuki/install/share/ecl_sigslots/environment/ament_prefix_path.sh
[1.771s] -- Installing: /home/lfvmu/kobuki/install/share/ecl_sigslots/environment/ament_prefix_path.dsv
[1.772s] -- Up-to-date: /home/lfvmu/kobuki/install/share/ecl_sigslots/environment/path.sh
[1.782s] -- Installing: /home/lfvmu/kobuki/install/share/ecl_sigslots/environment/path.dsv
[1.783s] -- Up-to-date: /home/lfvmu/kobuki/install/share/ecl_sigslots/local_setup.bash
[1.783s] -- Up-to-date: /home/lfvmu/kobuki/install/share/ecl_sigslots/local_setup.sh
[1.783s] -- Up-to-date: /home/lfvmu/kobuki/install/share/ecl_sigslots/local_setup.zsh
[1.783s] -- Installing: /home/lfvmu/kobuki/install/share/ecl_sigslots/local_setup.dsv
[1.784s] -- Installing: /home/lfvmu/kobuki/install/share/ecl_sigslots/package.dsv
[1.788s] -- Up-to-date: /home/lfvmu/kobuki/install/share/ament_index/resource_index/packages/ecl_sigslots
[1.788s] -- Up-to-date: /home/lfvmu/kobuki/install/share/ecl_sigslots/cmake/ecl_sigslotsExport.cmake
[1.788s] -- Up-to-date: /home/lfvmu/kobuki/install/share/ecl_sigslots/cmake/ament_cmake_export_targets-extras.cmake
[1.789s] -- Up-to-date: /home/lfvmu/kobuki/install/share/ecl_sigslots/cmake/ament_cmake_export_include_directories-extras.cmake
[1.789s] -- Up-to-date: /home/lfvmu/kobuki/install/share/ecl_sigslots/cmake/ament_cmake_export_dependencies-extras.cmake
[1.789s] -- Up-to-date: /home/lfvmu/kobuki/install/share/ecl_sigslots/cmake/ecl_sigslotsConfig.cmake
[1.789s] -- Up-to-date: /home/lfvmu/kobuki/install/share/ecl_sigslots/cmake/ecl_sigslotsConfig-version.cmake
[1.790s] -- Up-to-date: /home/lfvmu/kobuki/install/share/ecl_sigslots/package.xml
[1.790s] -- Up-to-date: /home/lfvmu/kobuki/install/include/ecl/sigslots.hpp
[1.790s] -- Up-to-date: /home/lfvmu/kobuki/install/include/ecl/sigslots/macros.hpp
[1.790s] -- Up-to-date: /home/lfvmu/kobuki/install/include/ecl/sigslots/manager.hpp
[1.790s] -- Up-to-date: /home/lfvmu/kobuki/install/include/ecl/sigslots/signal.hpp
[1.791s] -- Up-to-date: /home/lfvmu/kobuki/install/include/ecl/sigslots/sigslot.hpp
[1.791s] -- Up-to-date: /home/lfvmu/kobuki/install/include/ecl/sigslots/slot.hpp
[1.791s] -- Up-to-date: /home/lfvmu/kobuki/install/include/ecl/sigslots/topic.hpp
[1.791s] -- Up-to-date: /home/lfvmu/kobuki/install/lib/ecl_sigslots/demo_sigslots
[1.791s] -- Up-to-date: /home/lfvmu/kobuki/install/lib/ecl_sigslots/demo_sigslots_manager
[1.971s] Invoked command in '/home/lfvmu/kobuki/build/ecl_sigslots' returned '0': /usr/bin/cmake --install /home/lfvmu/kobuki/build/ecl_sigslots
