[0.089s] Invoking command in '/home/lfvmu/kobuki/build/ament_cmake_export_targets': /usr/bin/cmake /home/lfvmu/kobuki/src/ament_cmake/ament_cmake_export_targets -DBUILD_TESTING=OFF -DCMAKE_BUILD_TYPE=RelWithDebInfo -DCMAKE_INSTALL_PREFIX=/home/lfvmu/kobuki/install
[0.129s] -- Found ament_cmake_core: 0.9.11 (/home/lfvmu/kobuki/install/share/ament_cmake_core/cmake)
[0.160s] -- Using PYTHON_EXECUTABLE: /usr/bin/python3
[0.603s] -- Configuring done
[0.604s] -- Generating done
[0.611s] -- Build files have been written to: /home/lfvmu/kobuki/build/ament_cmake_export_targets
[0.731s] Invoked command in '/home/lfvmu/kobuki/build/ament_cmake_export_targets' returned '0': /usr/bin/cmake /home/lfvmu/kobuki/src/ament_cmake/ament_cmake_export_targets -DBUILD_TESTING=OFF -DCMAKE_BUILD_TYPE=RelWithDebInfo -DCMAKE_INSTALL_PREFIX=/home/lfvmu/kobuki/install
[0.733s] Invoking command in '/home/lfvmu/kobuki/build/ament_cmake_export_targets': /usr/bin/cmake --build /home/lfvmu/kobuki/build/ament_cmake_export_targets -- -j4 -l4
[0.990s] Invoked command in '/home/lfvmu/kobuki/build/ament_cmake_export_targets' returned '0': /usr/bin/cmake --build /home/lfvmu/kobuki/build/ament_cmake_export_targets -- -j4 -l4
[1.063s] Invoking command in '/home/lfvmu/kobuki/build/ament_cmake_export_targets': /usr/bin/cmake --install /home/lfvmu/kobuki/build/ament_cmake_export_targets
[1.100s] -- Install configuration: "RelWithDebInfo"
[1.101s] -- Up-to-date: /home/lfvmu/kobuki/install/share/ament_index/resource_index/package_run_dependencies/ament_cmake_export_targets
[1.102s] -- Up-to-date: /home/lfvmu/kobuki/install/share/ament_index/resource_index/parent_prefix_path/ament_cmake_export_targets
[1.102s] -- Up-to-date: /home/lfvmu/kobuki/install/share/ament_cmake_export_targets/environment/ament_prefix_path.sh
[1.103s] -- Installing: /home/lfvmu/kobuki/install/share/ament_cmake_export_targets/environment/ament_prefix_path.dsv
[1.103s] -- Up-to-date: /home/lfvmu/kobuki/install/share/ament_cmake_export_targets/environment/path.sh
[1.104s] -- Installing: /home/lfvmu/kobuki/install/share/ament_cmake_export_targets/environment/path.dsv
[1.105s] -- Up-to-date: /home/lfvmu/kobuki/install/share/ament_cmake_export_targets/local_setup.bash
[1.105s] -- Up-to-date: /home/lfvmu/kobuki/install/share/ament_cmake_export_targets/local_setup.sh
[1.106s] -- Up-to-date: /home/lfvmu/kobuki/install/share/ament_cmake_export_targets/local_setup.zsh
[1.106s] -- Installing: /home/lfvmu/kobuki/install/share/ament_cmake_export_targets/local_setup.dsv
[1.107s] -- Installing: /home/lfvmu/kobuki/install/share/ament_cmake_export_targets/package.dsv
[1.108s] -- Up-to-date: /home/lfvmu/kobuki/install/share/ament_index/resource_index/packages/ament_cmake_export_targets
[1.109s] -- Up-to-date: /home/lfvmu/kobuki/install/share/ament_cmake_export_targets/cmake/ament_cmake_export_targets-extras.cmake
[1.109s] -- Up-to-date: /home/lfvmu/kobuki/install/share/ament_cmake_export_targets/cmake/ament_cmake_export_targetsConfig.cmake
[1.110s] -- Up-to-date: /home/lfvmu/kobuki/install/share/ament_cmake_export_targets/cmake/ament_cmake_export_targetsConfig-version.cmake
[1.110s] -- Up-to-date: /home/lfvmu/kobuki/install/share/ament_cmake_export_targets/package.xml
[1.111s] -- Up-to-date: /home/lfvmu/kobuki/install/share/ament_cmake_export_targets/cmake
[1.111s] -- Up-to-date: /home/lfvmu/kobuki/install/share/ament_cmake_export_targets/cmake/ament_export_targets.cmake
[1.111s] -- Up-to-date: /home/lfvmu/kobuki/install/share/ament_cmake_export_targets/cmake/ament_cmake_export_targets-extras.cmake.in
[1.112s] -- Up-to-date: /home/lfvmu/kobuki/install/share/ament_cmake_export_targets/cmake/ament_cmake_export_targets_package_hook.cmake
[1.264s] Invoked command in '/home/lfvmu/kobuki/build/ament_cmake_export_targets' returned '0': /usr/bin/cmake --install /home/lfvmu/kobuki/build/ament_cmake_export_targets
