[0.289s] Invoking command in '/home/lfvmu/kobuki/build/kobuki_core': /usr/bin/cmake /home/lfvmu/kobuki/src/kobuki_core -DBUILD_TESTING=OFF -DCMAKE_INSTALL_PREFIX=/home/lfvmu/kobuki/install
[0.362s] -- Found ament_cmake_ros: 0.9.2 (/home/lfvmu/kobuki/install/share/ament_cmake_ros/cmake)
[0.366s] -- Using PYTHON_EXECUTABLE: /usr/bin/python3
[0.735s] -- Found ecl_build: 1.0.3 (/home/lfvmu/kobuki/install/share/ecl_build/cmake)
[0.759s] -- Found ecl_command_line: 1.2.1 (/home/lfvmu/kobuki/install/share/ecl_command_line/cmake)
[0.766s] -- Found ecl_config: 1.1.0 (/home/lfvmu/kobuki/install/share/ecl_config/cmake)
[0.775s] -- Found ecl_console: 1.1.0 (/home/lfvmu/kobuki/install/share/ecl_console/cmake)
[0.783s] -- Found ecl_converters: 1.2.1 (/home/lfvmu/kobuki/install/share/ecl_converters/cmake)
[0.850s] -- Found ecl_devices: 1.2.1 (/home/lfvmu/kobuki/install/share/ecl_devices/cmake)
[0.971s] -- Found ecl_geometry: 1.2.1 (/home/lfvmu/kobuki/install/share/ecl_geometry/cmake)
[1.033s] -- Found ecl_mobile_robot: 1.2.1 (/home/lfvmu/kobuki/install/share/ecl_mobile_robot/cmake)
[1.055s] -- Found ecl_sigslots: 1.2.1 (/home/lfvmu/kobuki/install/share/ecl_sigslots/cmake)
[1.293s] -- Configuring done
[1.418s] -- Generating done
[1.430s] -- Build files have been written to: /home/lfvmu/kobuki/build/kobuki_core
[1.445s] Invoked command in '/home/lfvmu/kobuki/build/kobuki_core' returned '0': /usr/bin/cmake /home/lfvmu/kobuki/src/kobuki_core -DBUILD_TESTING=OFF -DCMAKE_INSTALL_PREFIX=/home/lfvmu/kobuki/install
[1.452s] Invoking command in '/home/lfvmu/kobuki/build/kobuki_core': /usr/bin/cmake --build /home/lfvmu/kobuki/build/kobuki_core -- -j4 -l4
[1.702s] [ 43%] Built target kobuki_core
[1.806s] [ 50%] Built target kobuki_core_demo_buttons
[1.806s] [ 56%] Built target kobuki_core_demo_custom_logging
[1.821s] [ 62%] Built target kobuki_core_demo_data_stream
[1.823s] [ 68%] Built target kobuki_core_demo_raw_data_stream
[1.899s] [ 75%] Built target kobuki_core_demo_velocity_commands
[1.906s] [ 81%] Built target kobuki_core_demo_chirp
[1.920s] [ 87%] Built target kobuki_core_demo_simple_loop
[1.928s] [ 93%] Built target kobuki_core_tool_simple_keyop
[1.986s] [100%] Built target kobuki_core_tool_version_info
[2.129s] Invoked command in '/home/lfvmu/kobuki/build/kobuki_core' returned '0': /usr/bin/cmake --build /home/lfvmu/kobuki/build/kobuki_core -- -j4 -l4
[2.193s] Invoking command in '/home/lfvmu/kobuki/build/kobuki_core': /usr/bin/cmake --install /home/lfvmu/kobuki/build/kobuki_core
[2.212s] -- Install configuration: "RelWithDebInfo"
[2.212s] -- Up-to-date: /home/lfvmu/kobuki/install/include
[2.213s] -- Up-to-date: /home/lfvmu/kobuki/install/include/kobuki_core
[2.214s] -- Up-to-date: /home/lfvmu/kobuki/install/include/kobuki_core/macros.hpp
[2.214s] -- Up-to-date: /home/lfvmu/kobuki/install/include/kobuki_core/dock_drive.hpp
[2.214s] -- Up-to-date: /home/lfvmu/kobuki/install/include/kobuki_core/version_info.hpp
[2.215s] -- Up-to-date: /home/lfvmu/kobuki/install/include/kobuki_core/command.hpp
[2.215s] -- Up-to-date: /home/lfvmu/kobuki/install/include/kobuki_core/modules.hpp
[2.216s] -- Up-to-date: /home/lfvmu/kobuki/install/include/kobuki_core/event_manager.hpp
[2.216s] -- Up-to-date: /home/lfvmu/kobuki/install/include/kobuki_core/packets.hpp
[2.216s] -- Up-to-date: /home/lfvmu/kobuki/install/include/kobuki_core/packets
[2.217s] -- Up-to-date: /home/lfvmu/kobuki/install/include/kobuki_core/packets/controller_info.hpp
[2.217s] -- Up-to-date: /home/lfvmu/kobuki/install/include/kobuki_core/packets/gp_input.hpp
[2.217s] -- Up-to-date: /home/lfvmu/kobuki/install/include/kobuki_core/packets/current.hpp
[2.217s] -- Up-to-date: /home/lfvmu/kobuki/install/include/kobuki_core/packets/three_axis_gyro.hpp
[2.218s] -- Up-to-date: /home/lfvmu/kobuki/install/include/kobuki_core/packets/cliff.hpp
[2.218s] -- Up-to-date: /home/lfvmu/kobuki/install/include/kobuki_core/packets/firmware.hpp
[2.218s] -- Up-to-date: /home/lfvmu/kobuki/install/include/kobuki_core/packets/eeprom.hpp
[2.219s] -- Up-to-date: /home/lfvmu/kobuki/install/include/kobuki_core/packets/dock_ir.hpp
[2.219s] -- Up-to-date: /home/lfvmu/kobuki/install/include/kobuki_core/packets/core_sensors.hpp
[2.219s] -- Up-to-date: /home/lfvmu/kobuki/install/include/kobuki_core/packets/inertia.hpp
[2.219s] -- Up-to-date: /home/lfvmu/kobuki/install/include/kobuki_core/packets/unique_device_id.hpp
[2.220s] -- Up-to-date: /home/lfvmu/kobuki/install/include/kobuki_core/packets/hardware.hpp
[2.220s] -- Up-to-date: /home/lfvmu/kobuki/install/include/kobuki_core/packet_handler
[2.220s] -- Up-to-date: /home/lfvmu/kobuki/install/include/kobuki_core/packet_handler/payload_headers.hpp
[2.220s] -- Up-to-date: /home/lfvmu/kobuki/install/include/kobuki_core/packet_handler/packet_finder.hpp
[2.221s] -- Up-to-date: /home/lfvmu/kobuki/install/include/kobuki_core/packet_handler/payload_base.hpp
[2.221s] -- Up-to-date: /home/lfvmu/kobuki/install/include/kobuki_core/parameters.hpp
[2.221s] -- Up-to-date: /home/lfvmu/kobuki/install/include/kobuki_core/kobuki.hpp
[2.221s] -- Up-to-date: /home/lfvmu/kobuki/install/include/kobuki_core/logging.hpp
[2.222s] -- Up-to-date: /home/lfvmu/kobuki/install/include/kobuki_core/modules
[2.222s] -- Up-to-date: /home/lfvmu/kobuki/install/include/kobuki_core/modules/acceleration_limiter.hpp
[2.222s] -- Up-to-date: /home/lfvmu/kobuki/install/include/kobuki_core/modules/battery.hpp
[2.222s] -- Up-to-date: /home/lfvmu/kobuki/install/include/kobuki_core/modules/digital_output.hpp
[2.223s] -- Up-to-date: /home/lfvmu/kobuki/install/include/kobuki_core/modules/led_array.hpp
[2.223s] -- Up-to-date: /home/lfvmu/kobuki/install/include/kobuki_core/modules/diff_drive.hpp
[2.223s] -- Up-to-date: /home/lfvmu/kobuki/install/include/kobuki_core/modules/sound.hpp
[2.224s] -- Up-to-date: /home/lfvmu/kobuki/install/include/CMakeLists.txt
[2.224s] -- Up-to-date: /home/lfvmu/kobuki/install/share/kobuki_core/environment/library_path.sh
[2.224s] -- Installing: /home/lfvmu/kobuki/install/share/kobuki_core/environment/library_path.dsv
[2.224s] -- Up-to-date: /home/lfvmu/kobuki/install/share/ament_index/resource_index/package_run_dependencies/kobuki_core
[2.224s] -- Up-to-date: /home/lfvmu/kobuki/install/share/ament_index/resource_index/parent_prefix_path/kobuki_core
[2.225s] -- Up-to-date: /home/lfvmu/kobuki/install/share/kobuki_core/environment/ament_prefix_path.sh
[2.225s] -- Installing: /home/lfvmu/kobuki/install/share/kobuki_core/environment/ament_prefix_path.dsv
[2.225s] -- Up-to-date: /home/lfvmu/kobuki/install/share/kobuki_core/environment/path.sh
[2.226s] -- Installing: /home/lfvmu/kobuki/install/share/kobuki_core/environment/path.dsv
[2.226s] -- Up-to-date: /home/lfvmu/kobuki/install/share/kobuki_core/local_setup.bash
[2.227s] -- Up-to-date: /home/lfvmu/kobuki/install/share/kobuki_core/local_setup.sh
[2.227s] -- Up-to-date: /home/lfvmu/kobuki/install/share/kobuki_core/local_setup.zsh
[2.228s] -- Installing: /home/lfvmu/kobuki/install/share/kobuki_core/local_setup.dsv
[2.228s] -- Installing: /home/lfvmu/kobuki/install/share/kobuki_core/package.dsv
[2.229s] -- Up-to-date: /home/lfvmu/kobuki/install/share/ament_index/resource_index/packages/kobuki_core
[2.229s] -- Up-to-date: /home/lfvmu/kobuki/install/share/kobuki_core/cmake/kobuki_coreExport.cmake
[2.229s] -- Installing: /home/lfvmu/kobuki/install/share/kobuki_core/cmake/kobuki_coreExport-relwithdebinfo.cmake
[2.230s] -- Up-to-date: /home/lfvmu/kobuki/install/share/kobuki_core/cmake/ament_cmake_export_targets-extras.cmake
[2.230s] -- Up-to-date: /home/lfvmu/kobuki/install/share/kobuki_core/cmake/ament_cmake_export_dependencies-extras.cmake
[2.231s] -- Up-to-date: /home/lfvmu/kobuki/install/share/kobuki_core/cmake/ament_cmake_export_include_directories-extras.cmake
[2.231s] -- Up-to-date: /home/lfvmu/kobuki/install/share/kobuki_core/cmake/ament_cmake_export_libraries-extras.cmake
[2.231s] -- Up-to-date: /home/lfvmu/kobuki/install/share/kobuki_core/cmake/kobuki_coreConfig.cmake
[2.231s] -- Up-to-date: /home/lfvmu/kobuki/install/share/kobuki_core/cmake/kobuki_coreConfig-version.cmake
[2.232s] -- Up-to-date: /home/lfvmu/kobuki/install/share/kobuki_core/package.xml
[2.232s] -- Up-to-date: /home/lfvmu/kobuki/install/include/kobuki_core
[2.232s] -- Up-to-date: /home/lfvmu/kobuki/install/include/kobuki_core/macros.hpp
[2.232s] -- Up-to-date: /home/lfvmu/kobuki/install/include/kobuki_core/dock_drive.hpp
[2.233s] -- Up-to-date: /home/lfvmu/kobuki/install/include/kobuki_core/version_info.hpp
[2.233s] -- Up-to-date: /home/lfvmu/kobuki/install/include/kobuki_core/command.hpp
[2.233s] -- Up-to-date: /home/lfvmu/kobuki/install/include/kobuki_core/modules.hpp
[2.233s] -- Up-to-date: /home/lfvmu/kobuki/install/include/kobuki_core/event_manager.hpp
[2.234s] -- Up-to-date: /home/lfvmu/kobuki/install/include/kobuki_core/packets.hpp
[2.234s] -- Up-to-date: /home/lfvmu/kobuki/install/include/kobuki_core/packets
[2.234s] -- Up-to-date: /home/lfvmu/kobuki/install/include/kobuki_core/packets/controller_info.hpp
[2.234s] -- Up-to-date: /home/lfvmu/kobuki/install/include/kobuki_core/packets/gp_input.hpp
[2.234s] -- Up-to-date: /home/lfvmu/kobuki/install/include/kobuki_core/packets/current.hpp
[2.235s] -- Up-to-date: /home/lfvmu/kobuki/install/include/kobuki_core/packets/three_axis_gyro.hpp
[2.235s] -- Up-to-date: /home/lfvmu/kobuki/install/include/kobuki_core/packets/cliff.hpp
[2.235s] -- Up-to-date: /home/lfvmu/kobuki/install/include/kobuki_core/packets/firmware.hpp
[2.235s] -- Up-to-date: /home/lfvmu/kobuki/install/include/kobuki_core/packets/eeprom.hpp
[2.236s] -- Up-to-date: /home/lfvmu/kobuki/install/include/kobuki_core/packets/dock_ir.hpp
[2.236s] -- Up-to-date: /home/lfvmu/kobuki/install/include/kobuki_core/packets/core_sensors.hpp
[2.236s] -- Up-to-date: /home/lfvmu/kobuki/install/include/kobuki_core/packets/inertia.hpp
[2.236s] -- Up-to-date: /home/lfvmu/kobuki/install/include/kobuki_core/packets/unique_device_id.hpp
[2.237s] -- Up-to-date: /home/lfvmu/kobuki/install/include/kobuki_core/packets/hardware.hpp
[2.237s] -- Up-to-date: /home/lfvmu/kobuki/install/include/kobuki_core/packet_handler
[2.237s] -- Up-to-date: /home/lfvmu/kobuki/install/include/kobuki_core/packet_handler/payload_headers.hpp
[2.237s] -- Up-to-date: /home/lfvmu/kobuki/install/include/kobuki_core/packet_handler/packet_finder.hpp
[2.237s] -- Up-to-date: /home/lfvmu/kobuki/install/include/kobuki_core/packet_handler/payload_base.hpp
[2.238s] -- Up-to-date: /home/lfvmu/kobuki/install/include/kobuki_core/parameters.hpp
[2.238s] -- Up-to-date: /home/lfvmu/kobuki/install/include/kobuki_core/kobuki.hpp
[2.238s] -- Up-to-date: /home/lfvmu/kobuki/install/include/kobuki_core/logging.hpp
[2.238s] -- Up-to-date: /home/lfvmu/kobuki/install/include/kobuki_core/modules
[2.238s] -- Up-to-date: /home/lfvmu/kobuki/install/include/kobuki_core/modules/acceleration_limiter.hpp
[2.238s] -- Up-to-date: /home/lfvmu/kobuki/install/include/kobuki_core/modules/battery.hpp
[2.238s] -- Up-to-date: /home/lfvmu/kobuki/install/include/kobuki_core/modules/digital_output.hpp
[2.239s] -- Up-to-date: /home/lfvmu/kobuki/install/include/kobuki_core/modules/led_array.hpp
[2.239s] -- Up-to-date: /home/lfvmu/kobuki/install/include/kobuki_core/modules/diff_drive.hpp
[2.239s] -- Up-to-date: /home/lfvmu/kobuki/install/include/kobuki_core/modules/sound.hpp
[2.239s] -- Up-to-date: /home/lfvmu/kobuki/install/lib/libkobuki_core.so.1.3.1
[2.239s] -- Up-to-date: /home/lfvmu/kobuki/install/lib/libkobuki_core.so
[2.239s] -- Up-to-date: /home/lfvmu/kobuki/install/lib/kobuki_core/demo_chirp
[2.240s] -- Up-to-date: /home/lfvmu/kobuki/install/lib/kobuki_core/demo_custom_logging
[2.240s] -- Up-to-date: /home/lfvmu/kobuki/install/lib/kobuki_core/demo_buttons
[2.240s] -- Up-to-date: /home/lfvmu/kobuki/install/lib/kobuki_core/demo_raw_data_stream
[2.240s] -- Up-to-date: /home/lfvmu/kobuki/install/lib/kobuki_core/demo_data_stream
[2.241s] -- Up-to-date: /home/lfvmu/kobuki/install/lib/kobuki_core/demo_velocity_commands
[2.241s] -- Up-to-date: /home/lfvmu/kobuki/install/lib/kobuki_core/demo_simple_loop
[2.243s] -- Up-to-date: /home/lfvmu/kobuki/install/bin/kobuki-version-info
[2.244s] -- Up-to-date: /home/lfvmu/kobuki/install/bin/kobuki-simple-keyop
[2.253s] Invoked command in '/home/lfvmu/kobuki/build/kobuki_core' returned '0': /usr/bin/cmake --install /home/lfvmu/kobuki/build/kobuki_core
