[0.319s] Invoking command in '/home/lfvmu/kobuki/build/ecl_console': /usr/bin/cmake /home/lfvmu/kobuki/src/ecl_lite/ecl_console -DBUILD_TESTING=OFF -DCMAKE_INSTALL_PREFIX=/home/lfvmu/kobuki/install
[0.334s] Re-run cmake no build system arguments
[0.356s] -- Found ament_cmake_ros: 0.9.2 (/home/lfvmu/kobuki/install/share/ament_cmake_ros/cmake)
[0.407s] -- Using PYTHON_EXECUTABLE: /usr/bin/python3
[0.868s] -- Found ecl_build: 1.0.3 (/home/lfvmu/kobuki/install/share/ecl_build/cmake)
[0.896s] -- Found ecl_config: 1.1.0 (/home/lfvmu/kobuki/install/share/ecl_config/cmake)
[1.080s] -- Configuring done
[1.081s] -- Generating done
[1.081s] -- Build files have been written to: /home/lfvmu/kobuki/build/ecl_console
[1.401s] Invoked command in '/home/lfvmu/kobuki/build/ecl_console' returned '0': /usr/bin/cmake /home/lfvmu/kobuki/src/ecl_lite/ecl_console -DBUILD_TESTING=OFF -DCMAKE_INSTALL_PREFIX=/home/lfvmu/kobuki/install
[1.408s] Invoking command in '/home/lfvmu/kobuki/build/ecl_console': /usr/bin/cmake --build /home/lfvmu/kobuki/build/ecl_console -- -j4 -l4
[1.461s] /usr/bin/cmake -S/home/lfvmu/kobuki/src/ecl_lite/ecl_console -B/home/lfvmu/kobuki/build/ecl_console --check-build-system CMakeFiles/Makefile.cmake 0
[1.481s] /usr/bin/cmake -E cmake_progress_start /home/lfvmu/kobuki/build/ecl_console/CMakeFiles /home/lfvmu/kobuki/build/ecl_console/CMakeFiles/progress.marks
[1.502s] /usr/bin/make -f CMakeFiles/Makefile2 all
[1.521s] make[1]: Entering directory '/home/lfvmu/kobuki/build/ecl_console'
[1.521s] make[1]: Nothing to be done for 'all'.
[1.522s] make[1]: Leaving directory '/home/lfvmu/kobuki/build/ecl_console'
[1.522s] /usr/bin/cmake -E cmake_progress_start /home/lfvmu/kobuki/build/ecl_console/CMakeFiles 0
[1.669s] Invoked command in '/home/lfvmu/kobuki/build/ecl_console' returned '0': /usr/bin/cmake --build /home/lfvmu/kobuki/build/ecl_console -- -j4 -l4
[1.803s] Invoking command in '/home/lfvmu/kobuki/build/ecl_console': /usr/bin/cmake --install /home/lfvmu/kobuki/build/ecl_console
[1.857s] -- Install configuration: "RelWithDebInfo"
[1.858s] -- Up-to-date: /home/lfvmu/kobuki/install/include/ecl
[1.858s] -- Up-to-date: /home/lfvmu/kobuki/install/include/ecl/console.hpp
[1.858s] -- Up-to-date: /home/lfvmu/kobuki/install/share/ament_index/resource_index/package_run_dependencies/ecl_console
[1.858s] -- Up-to-date: /home/lfvmu/kobuki/install/share/ament_index/resource_index/parent_prefix_path/ecl_console
[1.859s] -- Up-to-date: /home/lfvmu/kobuki/install/share/ecl_console/environment/ament_prefix_path.sh
[1.859s] -- Installing: /home/lfvmu/kobuki/install/share/ecl_console/environment/ament_prefix_path.dsv
[1.859s] -- Up-to-date: /home/lfvmu/kobuki/install/share/ecl_console/environment/path.sh
[1.859s] -- Installing: /home/lfvmu/kobuki/install/share/ecl_console/environment/path.dsv
[1.859s] -- Up-to-date: /home/lfvmu/kobuki/install/share/ecl_console/local_setup.bash
[1.860s] -- Up-to-date: /home/lfvmu/kobuki/install/share/ecl_console/local_setup.sh
[1.860s] -- Up-to-date: /home/lfvmu/kobuki/install/share/ecl_console/local_setup.zsh
[1.860s] -- Installing: /home/lfvmu/kobuki/install/share/ecl_console/local_setup.dsv
[1.860s] -- Installing: /home/lfvmu/kobuki/install/share/ecl_console/package.dsv
[1.861s] -- Up-to-date: /home/lfvmu/kobuki/install/share/ament_index/resource_index/packages/ecl_console
[1.861s] -- Up-to-date: /home/lfvmu/kobuki/install/share/ecl_console/cmake/ecl_consoleExport.cmake
[1.861s] -- Up-to-date: /home/lfvmu/kobuki/install/share/ecl_console/cmake/ament_cmake_export_targets-extras.cmake
[1.861s] -- Up-to-date: /home/lfvmu/kobuki/install/share/ecl_console/cmake/ament_cmake_export_include_directories-extras.cmake
[1.861s] -- Up-to-date: /home/lfvmu/kobuki/install/share/ecl_console/cmake/ament_cmake_export_dependencies-extras.cmake
[1.862s] -- Up-to-date: /home/lfvmu/kobuki/install/share/ecl_console/cmake/ecl_consoleConfig.cmake
[1.862s] -- Up-to-date: /home/lfvmu/kobuki/install/share/ecl_console/cmake/ecl_consoleConfig-version.cmake
[1.862s] -- Up-to-date: /home/lfvmu/kobuki/install/share/ecl_console/package.xml
[2.034s] Invoked command in '/home/lfvmu/kobuki/build/ecl_console' returned '0': /usr/bin/cmake --install /home/lfvmu/kobuki/build/ecl_console
