[0.425s] Invoking command in '/home/lfvmu/kobuki/build/ecl_converters': /usr/bin/cmake /home/lfvmu/kobuki/src/ecl_core/ecl_converters -DBUILD_TESTING=OFF -DCMAKE_INSTALL_PREFIX=/home/lfvmu/kobuki/install
[0.485s] -- Found ament_cmake_ros: 0.9.2 (/home/lfvmu/kobuki/install/share/ament_cmake_ros/cmake)
[0.518s] -- Using PYTHON_EXECUTABLE: /usr/bin/python3
[0.860s] -- Found ecl_build: 1.0.3 (/home/lfvmu/kobuki/install/share/ecl_build/cmake)
[0.875s] -- Found ecl_config: 1.1.0 (/home/lfvmu/kobuki/install/share/ecl_config/cmake)
[0.892s] -- Found ecl_concepts: 1.2.1 (/home/lfvmu/kobuki/install/share/ecl_concepts/cmake)
[0.938s] -- Found ecl_errors: 1.1.0 (/home/lfvmu/kobuki/install/share/ecl_errors/cmake)
[0.941s] -- Found ecl_exceptions: 1.2.1 (/home/lfvmu/kobuki/install/share/ecl_exceptions/cmake)
[1.111s] -- Configuring done
[1.149s] -- Generating done
[1.168s] -- Build files have been written to: /home/lfvmu/kobuki/build/ecl_converters
[1.333s] Invoked command in '/home/lfvmu/kobuki/build/ecl_converters' returned '0': /usr/bin/cmake /home/lfvmu/kobuki/src/ecl_core/ecl_converters -DBUILD_TESTING=OFF -DCMAKE_INSTALL_PREFIX=/home/lfvmu/kobuki/install
[1.339s] Invoking command in '/home/lfvmu/kobuki/build/ecl_converters': /usr/bin/cmake --build /home/lfvmu/kobuki/build/ecl_converters -- -j4 -l4
[1.505s] [100%] Built target demo_float_converters
[1.642s] Invoked command in '/home/lfvmu/kobuki/build/ecl_converters' returned '0': /usr/bin/cmake --build /home/lfvmu/kobuki/build/ecl_converters -- -j4 -l4
[1.930s] Invoking command in '/home/lfvmu/kobuki/build/ecl_converters': /usr/bin/cmake --install /home/lfvmu/kobuki/build/ecl_converters
[1.954s] -- Install configuration: "RelWithDebInfo"
[1.955s] -- Up-to-date: /home/lfvmu/kobuki/install/share/ament_index/resource_index/package_run_dependencies/ecl_converters
[1.955s] -- Up-to-date: /home/lfvmu/kobuki/install/share/ament_index/resource_index/parent_prefix_path/ecl_converters
[1.955s] -- Up-to-date: /home/lfvmu/kobuki/install/share/ecl_converters/environment/ament_prefix_path.sh
[1.955s] -- Installing: /home/lfvmu/kobuki/install/share/ecl_converters/environment/ament_prefix_path.dsv
[1.955s] -- Up-to-date: /home/lfvmu/kobuki/install/share/ecl_converters/environment/path.sh
[1.956s] -- Installing: /home/lfvmu/kobuki/install/share/ecl_converters/environment/path.dsv
[1.956s] -- Up-to-date: /home/lfvmu/kobuki/install/share/ecl_converters/local_setup.bash
[1.956s] -- Up-to-date: /home/lfvmu/kobuki/install/share/ecl_converters/local_setup.sh
[1.962s] -- Up-to-date: /home/lfvmu/kobuki/install/share/ecl_converters/local_setup.zsh
[1.963s] -- Installing: /home/lfvmu/kobuki/install/share/ecl_converters/local_setup.dsv
[1.963s] -- Installing: /home/lfvmu/kobuki/install/share/ecl_converters/package.dsv
[1.964s] -- Up-to-date: /home/lfvmu/kobuki/install/share/ament_index/resource_index/packages/ecl_converters
[1.965s] -- Up-to-date: /home/lfvmu/kobuki/install/share/ecl_converters/cmake/ecl_convertersExport.cmake
[1.965s] -- Up-to-date: /home/lfvmu/kobuki/install/share/ecl_converters/cmake/ament_cmake_export_targets-extras.cmake
[1.965s] -- Up-to-date: /home/lfvmu/kobuki/install/share/ecl_converters/cmake/ament_cmake_export_include_directories-extras.cmake
[1.966s] -- Up-to-date: /home/lfvmu/kobuki/install/share/ecl_converters/cmake/ament_cmake_export_dependencies-extras.cmake
[1.966s] -- Up-to-date: /home/lfvmu/kobuki/install/share/ecl_converters/cmake/ecl_convertersConfig.cmake
[1.966s] -- Up-to-date: /home/lfvmu/kobuki/install/share/ecl_converters/cmake/ecl_convertersConfig-version.cmake
[1.967s] -- Up-to-date: /home/lfvmu/kobuki/install/share/ecl_converters/package.xml
[1.969s] -- Up-to-date: /home/lfvmu/kobuki/install/include/ecl/converters.hpp
[1.970s] -- Up-to-date: /home/lfvmu/kobuki/install/include/ecl/converters/char.hpp
[1.970s] -- Up-to-date: /home/lfvmu/kobuki/install/include/ecl/converters/char_strings.hpp
[1.971s] -- Up-to-date: /home/lfvmu/kobuki/install/include/ecl/converters/converter.hpp
[1.971s] -- Up-to-date: /home/lfvmu/kobuki/install/include/ecl/converters/from_byte_array.hpp
[1.971s] -- Up-to-date: /home/lfvmu/kobuki/install/include/ecl/converters/integers.hpp
[1.971s] -- Up-to-date: /home/lfvmu/kobuki/install/include/ecl/converters/string.hpp
[1.971s] -- Up-to-date: /home/lfvmu/kobuki/install/include/ecl/converters/to_byte_array.hpp
[1.973s] -- Up-to-date: /home/lfvmu/kobuki/install/lib/ecl_converters/demo_float_converters
[1.984s] Invoked command in '/home/lfvmu/kobuki/build/ecl_converters' returned '0': /usr/bin/cmake --install /home/lfvmu/kobuki/build/ecl_converters
