[0.286s] Invoking command in '/home/lfvmu/kobuki/build/ecl_converters': AMENT_PREFIX_PATH=/home/lfvmu/kobuki/install CMAKE_PREFIX_PATH=/home/lfvmu/kobuki/install LD_LIBRARY_PATH=/home/lfvmu/kobuki/install/lib PATH=/home/lfvmu/kobuki/install/bin:${PATH} PYTHONPATH=/home/lfvmu/kobuki/install/lib/python3.8/site-packages /usr/bin/cmake /home/lfvmu/kobuki/src/ecl_core/ecl_converters -DBUILD_TESTING=OFF -DCMAKE_INSTALL_PREFIX=/home/lfvmu/kobuki/install
[0.484s] -- The C compiler identification is GNU 9.4.0
[0.784s] -- The CXX compiler identification is GNU 9.4.0
[0.808s] -- Check for working C compiler: /usr/bin/cc
[1.093s] -- Check for working C compiler: /usr/bin/cc -- works
[1.096s] -- Detecting C compiler ABI info
[1.297s] -- Detecting C compiler ABI info - done
[1.402s] -- Detecting C compile features
[1.413s] -- Detecting C compile features - done
[1.422s] -- Check for working CXX compiler: /usr/bin/c++
[1.661s] -- Check for working CXX compiler: /usr/bin/c++ -- works
[1.665s] -- Detecting CXX compiler ABI info
[1.929s] -- Detecting CXX compiler ABI info - done
[1.985s] -- Detecting CXX compile features
[1.987s] -- Detecting CXX compile features - done
[1.990s] -- Found ament_cmake_ros: 0.9.2 (/home/lfvmu/kobuki/install/share/ament_cmake_ros/cmake)
[2.036s] -- Found PythonInterp: /usr/bin/python3 (found suitable version "3.8.10", minimum required is "3") 
[2.036s] -- Using PYTHON_EXECUTABLE: /usr/bin/python3
[2.403s] -- Found ecl_build: 1.0.3 (/home/lfvmu/kobuki/install/share/ecl_build/cmake)
[2.420s] -- Found ecl_config: 1.1.0 (/home/lfvmu/kobuki/install/share/ecl_config/cmake)
[2.426s] -- Found ecl_concepts: 1.2.1 (/home/lfvmu/kobuki/install/share/ecl_concepts/cmake)
[2.459s] -- Found ecl_errors: 1.1.0 (/home/lfvmu/kobuki/install/share/ecl_errors/cmake)
[2.467s] -- Found ecl_exceptions: 1.2.1 (/home/lfvmu/kobuki/install/share/ecl_exceptions/cmake)
[2.667s] -- Configuring done
[2.683s] -- Generating done
[2.699s] -- Build files have been written to: /home/lfvmu/kobuki/build/ecl_converters
[2.832s] Invoked command in '/home/lfvmu/kobuki/build/ecl_converters' returned '0': AMENT_PREFIX_PATH=/home/lfvmu/kobuki/install CMAKE_PREFIX_PATH=/home/lfvmu/kobuki/install LD_LIBRARY_PATH=/home/lfvmu/kobuki/install/lib PATH=/home/lfvmu/kobuki/install/bin:${PATH} PYTHONPATH=/home/lfvmu/kobuki/install/lib/python3.8/site-packages /usr/bin/cmake /home/lfvmu/kobuki/src/ecl_core/ecl_converters -DBUILD_TESTING=OFF -DCMAKE_INSTALL_PREFIX=/home/lfvmu/kobuki/install
[2.838s] Invoking command in '/home/lfvmu/kobuki/build/ecl_converters': AMENT_PREFIX_PATH=/home/lfvmu/kobuki/install CMAKE_PREFIX_PATH=/home/lfvmu/kobuki/install LD_LIBRARY_PATH=/home/lfvmu/kobuki/install/lib PATH=/home/lfvmu/kobuki/install/bin:${PATH} PYTHONPATH=/home/lfvmu/kobuki/install/lib/python3.8/site-packages /usr/bin/cmake --build /home/lfvmu/kobuki/build/ecl_converters -- -j4 -l4
[2.936s] [35m[1mScanning dependencies of target demo_float_converters[0m
[2.956s] [ 50%] [32mBuilding CXX object src/examples/CMakeFiles/demo_float_converters.dir/float_converters.cpp.o[0m
[3.909s] [100%] [32m[1mLinking CXX executable demo_float_converters[0m
[4.123s] [100%] Built target demo_float_converters
[4.148s] Invoked command in '/home/lfvmu/kobuki/build/ecl_converters' returned '0': AMENT_PREFIX_PATH=/home/lfvmu/kobuki/install CMAKE_PREFIX_PATH=/home/lfvmu/kobuki/install LD_LIBRARY_PATH=/home/lfvmu/kobuki/install/lib PATH=/home/lfvmu/kobuki/install/bin:${PATH} PYTHONPATH=/home/lfvmu/kobuki/install/lib/python3.8/site-packages /usr/bin/cmake --build /home/lfvmu/kobuki/build/ecl_converters -- -j4 -l4
[4.206s] Invoking command in '/home/lfvmu/kobuki/build/ecl_converters': AMENT_PREFIX_PATH=/home/lfvmu/kobuki/install CMAKE_PREFIX_PATH=/home/lfvmu/kobuki/install LD_LIBRARY_PATH=/home/lfvmu/kobuki/install/lib PATH=/home/lfvmu/kobuki/install/bin:${PATH} PYTHONPATH=/home/lfvmu/kobuki/install/lib/python3.8/site-packages /usr/bin/cmake --install /home/lfvmu/kobuki/build/ecl_converters
[4.225s] -- Install configuration: ""
[4.225s] -- Installing: /home/lfvmu/kobuki/install/share/ament_index/resource_index/package_run_dependencies/ecl_converters
[4.225s] -- Installing: /home/lfvmu/kobuki/install/share/ament_index/resource_index/parent_prefix_path/ecl_converters
[4.225s] -- Installing: /home/lfvmu/kobuki/install/share/ecl_converters/environment/ament_prefix_path.sh
[4.226s] -- Installing: /home/lfvmu/kobuki/install/share/ecl_converters/environment/ament_prefix_path.dsv
[4.226s] -- Installing: /home/lfvmu/kobuki/install/share/ecl_converters/environment/path.sh
[4.226s] -- Installing: /home/lfvmu/kobuki/install/share/ecl_converters/environment/path.dsv
[4.226s] -- Installing: /home/lfvmu/kobuki/install/share/ecl_converters/local_setup.bash
[4.227s] -- Installing: /home/lfvmu/kobuki/install/share/ecl_converters/local_setup.sh
[4.227s] -- Installing: /home/lfvmu/kobuki/install/share/ecl_converters/local_setup.zsh
[4.227s] -- Installing: /home/lfvmu/kobuki/install/share/ecl_converters/local_setup.dsv
[4.228s] -- Installing: /home/lfvmu/kobuki/install/share/ecl_converters/package.dsv
[4.228s] -- Installing: /home/lfvmu/kobuki/install/share/ament_index/resource_index/packages/ecl_converters
[4.229s] -- Installing: /home/lfvmu/kobuki/install/share/ecl_converters/cmake/ecl_convertersExport.cmake
[4.229s] -- Installing: /home/lfvmu/kobuki/install/share/ecl_converters/cmake/ament_cmake_export_targets-extras.cmake
[4.229s] -- Installing: /home/lfvmu/kobuki/install/share/ecl_converters/cmake/ament_cmake_export_include_directories-extras.cmake
[4.229s] -- Installing: /home/lfvmu/kobuki/install/share/ecl_converters/cmake/ament_cmake_export_dependencies-extras.cmake
[4.230s] -- Installing: /home/lfvmu/kobuki/install/share/ecl_converters/cmake/ecl_convertersConfig.cmake
[4.231s] -- Installing: /home/lfvmu/kobuki/install/share/ecl_converters/cmake/ecl_convertersConfig-version.cmake
[4.231s] -- Installing: /home/lfvmu/kobuki/install/share/ecl_converters/package.xml
[4.232s] -- Installing: /home/lfvmu/kobuki/install/include/ecl/converters.hpp
[4.233s] -- Installing: /home/lfvmu/kobuki/install/include/ecl/converters/char.hpp
[4.233s] -- Installing: /home/lfvmu/kobuki/install/include/ecl/converters/char_strings.hpp
[4.233s] -- Installing: /home/lfvmu/kobuki/install/include/ecl/converters/converter.hpp
[4.234s] -- Installing: /home/lfvmu/kobuki/install/include/ecl/converters/from_byte_array.hpp
[4.234s] -- Installing: /home/lfvmu/kobuki/install/include/ecl/converters/integers.hpp
[4.234s] -- Installing: /home/lfvmu/kobuki/install/include/ecl/converters/string.hpp
[4.234s] -- Installing: /home/lfvmu/kobuki/install/include/ecl/converters/to_byte_array.hpp
[4.236s] -- Installing: /home/lfvmu/kobuki/install/lib/ecl_converters/demo_float_converters
[4.236s] -- Set runtime path of "/home/lfvmu/kobuki/install/lib/ecl_converters/demo_float_converters" to ""
[4.246s] Invoked command in '/home/lfvmu/kobuki/build/ecl_converters' returned '0': AMENT_PREFIX_PATH=/home/lfvmu/kobuki/install CMAKE_PREFIX_PATH=/home/lfvmu/kobuki/install LD_LIBRARY_PATH=/home/lfvmu/kobuki/install/lib PATH=/home/lfvmu/kobuki/install/bin:${PATH} PYTHONPATH=/home/lfvmu/kobuki/install/lib/python3.8/site-packages /usr/bin/cmake --install /home/lfvmu/kobuki/build/ecl_converters
