[0.249s] Invoking command in '/home/lfvmu/kobuki/build/ecl_errors': AMENT_PREFIX_PATH=/home/lfvmu/kobuki/install CMAKE_PREFIX_PATH=/home/lfvmu/kobuki/install LD_LIBRARY_PATH=/home/lfvmu/kobuki/install/lib PATH=/home/lfvmu/kobuki/install/bin:${PATH} PYTHONPATH=/home/lfvmu/kobuki/install/lib/python3.8/site-packages /usr/bin/cmake /home/lfvmu/kobuki/src/ecl_lite/ecl_errors -DBUILD_TESTING=OFF -DCMAKE_INSTALL_PREFIX=/home/lfvmu/kobuki/install
[0.274s] Re-run cmake no build system arguments
[0.295s] -- Found ament_cmake_ros: 0.9.2 (/home/lfvmu/kobuki/install/share/ament_cmake_ros/cmake)
[0.348s] -- Using PYTHON_EXECUTABLE: /usr/bin/python3
[0.725s] -- Found ecl_build: 1.0.3 (/home/lfvmu/kobuki/install/share/ecl_build/cmake)
[0.753s] -- Found ecl_config: 1.1.0 (/home/lfvmu/kobuki/install/share/ecl_config/cmake)
[0.948s] -- Configuring done
[0.995s] -- Generating done
[1.034s] -- Build files have been written to: /home/lfvmu/kobuki/build/ecl_errors
[1.264s] Invoked command in '/home/lfvmu/kobuki/build/ecl_errors' returned '0': AMENT_PREFIX_PATH=/home/lfvmu/kobuki/install CMAKE_PREFIX_PATH=/home/lfvmu/kobuki/install LD_LIBRARY_PATH=/home/lfvmu/kobuki/install/lib PATH=/home/lfvmu/kobuki/install/bin:${PATH} PYTHONPATH=/home/lfvmu/kobuki/install/lib/python3.8/site-packages /usr/bin/cmake /home/lfvmu/kobuki/src/ecl_lite/ecl_errors -DBUILD_TESTING=OFF -DCMAKE_INSTALL_PREFIX=/home/lfvmu/kobuki/install
[1.273s] Invoking command in '/home/lfvmu/kobuki/build/ecl_errors': AMENT_PREFIX_PATH=/home/lfvmu/kobuki/install CMAKE_PREFIX_PATH=/home/lfvmu/kobuki/install LD_LIBRARY_PATH=/home/lfvmu/kobuki/install/lib PATH=/home/lfvmu/kobuki/install/bin:${PATH} PYTHONPATH=/home/lfvmu/kobuki/install/lib/python3.8/site-packages /usr/bin/cmake --build /home/lfvmu/kobuki/build/ecl_errors -- -j4 -l4
[1.355s] /usr/bin/cmake -S/home/lfvmu/kobuki/src/ecl_lite/ecl_errors -B/home/lfvmu/kobuki/build/ecl_errors --check-build-system CMakeFiles/Makefile.cmake 0
[1.400s] /usr/bin/cmake -E cmake_progress_start /home/lfvmu/kobuki/build/ecl_errors/CMakeFiles /home/lfvmu/kobuki/build/ecl_errors/CMakeFiles/progress.marks
[1.422s] /usr/bin/make -f CMakeFiles/Makefile2 all
[1.425s] make[1]: Entering directory '/home/lfvmu/kobuki/build/ecl_errors'
[1.425s] /usr/bin/make -f src/lib/CMakeFiles/ecl_errors.dir/build.make src/lib/CMakeFiles/ecl_errors.dir/depend
[1.427s] make[2]: Entering directory '/home/lfvmu/kobuki/build/ecl_errors'
[1.427s] cd /home/lfvmu/kobuki/build/ecl_errors && /usr/bin/cmake -E cmake_depends "Unix Makefiles" /home/lfvmu/kobuki/src/ecl_lite/ecl_errors /home/lfvmu/kobuki/src/ecl_lite/ecl_errors/src/lib /home/lfvmu/kobuki/build/ecl_errors /home/lfvmu/kobuki/build/ecl_errors/src/lib /home/lfvmu/kobuki/build/ecl_errors/src/lib/CMakeFiles/ecl_errors.dir/DependInfo.cmake --color=
[1.491s] make[2]: Leaving directory '/home/lfvmu/kobuki/build/ecl_errors'
[1.499s] /usr/bin/make -f src/lib/CMakeFiles/ecl_errors.dir/build.make src/lib/CMakeFiles/ecl_errors.dir/build
[1.500s] make[2]: Entering directory '/home/lfvmu/kobuki/build/ecl_errors'
[1.500s] make[2]: Nothing to be done for 'src/lib/CMakeFiles/ecl_errors.dir/build'.
[1.501s] make[2]: Leaving directory '/home/lfvmu/kobuki/build/ecl_errors'
[1.531s] [ 50%] Built target ecl_errors
[1.531s] /usr/bin/make -f src/examples/CMakeFiles/ecl_errors_example_errors.dir/build.make src/examples/CMakeFiles/ecl_errors_example_errors.dir/depend
[1.532s] make[2]: Entering directory '/home/lfvmu/kobuki/build/ecl_errors'
[1.533s] cd /home/lfvmu/kobuki/build/ecl_errors && /usr/bin/cmake -E cmake_depends "Unix Makefiles" /home/lfvmu/kobuki/src/ecl_lite/ecl_errors /home/lfvmu/kobuki/src/ecl_lite/ecl_errors/src/examples /home/lfvmu/kobuki/build/ecl_errors /home/lfvmu/kobuki/build/ecl_errors/src/examples /home/lfvmu/kobuki/build/ecl_errors/src/examples/CMakeFiles/ecl_errors_example_errors.dir/DependInfo.cmake --color=
[1.562s] make[2]: Leaving directory '/home/lfvmu/kobuki/build/ecl_errors'
[1.563s] /usr/bin/make -f src/examples/CMakeFiles/ecl_errors_example_errors.dir/build.make src/examples/CMakeFiles/ecl_errors_example_errors.dir/build
[1.563s] make[2]: Entering directory '/home/lfvmu/kobuki/build/ecl_errors'
[1.563s] make[2]: Nothing to be done for 'src/examples/CMakeFiles/ecl_errors_example_errors.dir/build'.
[1.564s] make[2]: Leaving directory '/home/lfvmu/kobuki/build/ecl_errors'
[1.584s] [100%] Built target ecl_errors_example_errors
[1.602s] make[1]: Leaving directory '/home/lfvmu/kobuki/build/ecl_errors'
[1.613s] /usr/bin/cmake -E cmake_progress_start /home/lfvmu/kobuki/build/ecl_errors/CMakeFiles 0
[1.649s] Invoked command in '/home/lfvmu/kobuki/build/ecl_errors' returned '0': AMENT_PREFIX_PATH=/home/lfvmu/kobuki/install CMAKE_PREFIX_PATH=/home/lfvmu/kobuki/install LD_LIBRARY_PATH=/home/lfvmu/kobuki/install/lib PATH=/home/lfvmu/kobuki/install/bin:${PATH} PYTHONPATH=/home/lfvmu/kobuki/install/lib/python3.8/site-packages /usr/bin/cmake --build /home/lfvmu/kobuki/build/ecl_errors -- -j4 -l4
[1.891s] Invoking command in '/home/lfvmu/kobuki/build/ecl_errors': AMENT_PREFIX_PATH=/home/lfvmu/kobuki/install CMAKE_PREFIX_PATH=/home/lfvmu/kobuki/install LD_LIBRARY_PATH=/home/lfvmu/kobuki/install/lib PATH=/home/lfvmu/kobuki/install/bin:${PATH} PYTHONPATH=/home/lfvmu/kobuki/install/lib/python3.8/site-packages /usr/bin/cmake --install /home/lfvmu/kobuki/build/ecl_errors
[1.916s] -- Install configuration: ""
[1.916s] -- Up-to-date: /home/lfvmu/kobuki/install/share/ecl_errors/environment/library_path.sh
[1.916s] -- Installing: /home/lfvmu/kobuki/install/share/ecl_errors/environment/library_path.dsv
[1.916s] -- Up-to-date: /home/lfvmu/kobuki/install/share/ament_index/resource_index/package_run_dependencies/ecl_errors
[1.917s] -- Up-to-date: /home/lfvmu/kobuki/install/share/ament_index/resource_index/parent_prefix_path/ecl_errors
[1.917s] -- Up-to-date: /home/lfvmu/kobuki/install/share/ecl_errors/environment/ament_prefix_path.sh
[1.917s] -- Installing: /home/lfvmu/kobuki/install/share/ecl_errors/environment/ament_prefix_path.dsv
[1.917s] -- Up-to-date: /home/lfvmu/kobuki/install/share/ecl_errors/environment/path.sh
[1.917s] -- Installing: /home/lfvmu/kobuki/install/share/ecl_errors/environment/path.dsv
[1.918s] -- Up-to-date: /home/lfvmu/kobuki/install/share/ecl_errors/local_setup.bash
[1.918s] -- Up-to-date: /home/lfvmu/kobuki/install/share/ecl_errors/local_setup.sh
[1.918s] -- Up-to-date: /home/lfvmu/kobuki/install/share/ecl_errors/local_setup.zsh
[1.918s] -- Installing: /home/lfvmu/kobuki/install/share/ecl_errors/local_setup.dsv
[1.919s] -- Installing: /home/lfvmu/kobuki/install/share/ecl_errors/package.dsv
[1.919s] -- Up-to-date: /home/lfvmu/kobuki/install/share/ament_index/resource_index/packages/ecl_errors
[1.919s] -- Up-to-date: /home/lfvmu/kobuki/install/share/ecl_errors/cmake/ecl_errorsExport.cmake
[1.919s] -- Installing: /home/lfvmu/kobuki/install/share/ecl_errors/cmake/ecl_errorsExport-noconfig.cmake
[1.920s] -- Up-to-date: /home/lfvmu/kobuki/install/share/ecl_errors/cmake/ament_cmake_export_targets-extras.cmake
[1.921s] -- Up-to-date: /home/lfvmu/kobuki/install/share/ecl_errors/cmake/ament_cmake_export_include_directories-extras.cmake
[1.921s] -- Up-to-date: /home/lfvmu/kobuki/install/share/ecl_errors/cmake/ament_cmake_export_libraries-extras.cmake
[1.921s] -- Up-to-date: /home/lfvmu/kobuki/install/share/ecl_errors/cmake/ament_cmake_export_dependencies-extras.cmake
[1.921s] -- Up-to-date: /home/lfvmu/kobuki/install/share/ecl_errors/cmake/ecl_errorsConfig.cmake
[1.921s] -- Up-to-date: /home/lfvmu/kobuki/install/share/ecl_errors/cmake/ecl_errorsConfig-version.cmake
[1.922s] -- Up-to-date: /home/lfvmu/kobuki/install/share/ecl_errors/package.xml
[1.922s] -- Up-to-date: /home/lfvmu/kobuki/install/include/ecl/errors.hpp
[1.923s] -- Up-to-date: /home/lfvmu/kobuki/install/include/ecl/errors/compile_time_assert.hpp
[1.923s] -- Up-to-date: /home/lfvmu/kobuki/install/include/ecl/errors/flags.hpp
[1.924s] -- Up-to-date: /home/lfvmu/kobuki/install/include/ecl/errors/handlers.hpp
[1.924s] -- Up-to-date: /home/lfvmu/kobuki/install/include/ecl/errors/macros.hpp
[1.925s] -- Up-to-date: /home/lfvmu/kobuki/install/include/ecl/errors/run_time_functions.hpp
[1.925s] -- Up-to-date: /home/lfvmu/kobuki/install/lib/libecl_errors.so.1.1.0
[1.925s] -- Up-to-date: /home/lfvmu/kobuki/install/lib/libecl_errors.so
[1.925s] -- Up-to-date: /home/lfvmu/kobuki/install/lib/ecl_errors/demo_errors
[1.949s] Invoked command in '/home/lfvmu/kobuki/build/ecl_errors' returned '0': AMENT_PREFIX_PATH=/home/lfvmu/kobuki/install CMAKE_PREFIX_PATH=/home/lfvmu/kobuki/install LD_LIBRARY_PATH=/home/lfvmu/kobuki/install/lib PATH=/home/lfvmu/kobuki/install/bin:${PATH} PYTHONPATH=/home/lfvmu/kobuki/install/lib/python3.8/site-packages /usr/bin/cmake --install /home/lfvmu/kobuki/build/ecl_errors
