[0.300s] Invoking command in '/home/lfvmu/kobuki/build/ament_cmake_gmock': AMENT_PREFIX_PATH=/home/lfvmu/kobuki/install CMAKE_PREFIX_PATH=/home/lfvmu/kobuki/install LD_LIBRARY_PATH=/home/lfvmu/kobuki/install/lib PATH=/home/lfvmu/kobuki/install/bin:${PATH} PYTHONPATH=/home/lfvmu/kobuki/install/lib/python3.8/site-packages /usr/bin/cmake /home/lfvmu/kobuki/src/ament_cmake/ament_cmake_gmock -DBUILD_TESTING=OFF --no-warn-unused-cli -DCMAKE_INSTALL_PREFIX=/home/lfvmu/kobuki/install
[0.331s] Not searching for unused variables given on the command line.
[0.332s] -- Found ament_cmake_core: 0.9.11 (/home/lfvmu/kobuki/install/share/ament_cmake_core/cmake)
[0.366s] -- Using PYTHON_EXECUTABLE: /usr/bin/python3
[0.851s] -- Configuring done
[0.858s] -- Generating done
[0.861s] -- Build files have been written to: /home/lfvmu/kobuki/build/ament_cmake_gmock
[0.865s] Invoked command in '/home/lfvmu/kobuki/build/ament_cmake_gmock' returned '0': AMENT_PREFIX_PATH=/home/lfvmu/kobuki/install CMAKE_PREFIX_PATH=/home/lfvmu/kobuki/install LD_LIBRARY_PATH=/home/lfvmu/kobuki/install/lib PATH=/home/lfvmu/kobuki/install/bin:${PATH} PYTHONPATH=/home/lfvmu/kobuki/install/lib/python3.8/site-packages /usr/bin/cmake /home/lfvmu/kobuki/src/ament_cmake/ament_cmake_gmock -DBUILD_TESTING=OFF --no-warn-unused-cli -DCMAKE_INSTALL_PREFIX=/home/lfvmu/kobuki/install
[0.872s] Invoking command in '/home/lfvmu/kobuki/build/ament_cmake_gmock': AMENT_PREFIX_PATH=/home/lfvmu/kobuki/install CMAKE_PREFIX_PATH=/home/lfvmu/kobuki/install LD_LIBRARY_PATH=/home/lfvmu/kobuki/install/lib PATH=/home/lfvmu/kobuki/install/bin:${PATH} PYTHONPATH=/home/lfvmu/kobuki/install/lib/python3.8/site-packages /usr/bin/cmake --build /home/lfvmu/kobuki/build/ament_cmake_gmock -- -j4 -l4
[1.166s] Invoked command in '/home/lfvmu/kobuki/build/ament_cmake_gmock' returned '0': AMENT_PREFIX_PATH=/home/lfvmu/kobuki/install CMAKE_PREFIX_PATH=/home/lfvmu/kobuki/install LD_LIBRARY_PATH=/home/lfvmu/kobuki/install/lib PATH=/home/lfvmu/kobuki/install/bin:${PATH} PYTHONPATH=/home/lfvmu/kobuki/install/lib/python3.8/site-packages /usr/bin/cmake --build /home/lfvmu/kobuki/build/ament_cmake_gmock -- -j4 -l4
[1.667s] Invoking command in '/home/lfvmu/kobuki/build/ament_cmake_gmock': AMENT_PREFIX_PATH=/home/lfvmu/kobuki/install CMAKE_PREFIX_PATH=/home/lfvmu/kobuki/install LD_LIBRARY_PATH=/home/lfvmu/kobuki/install/lib PATH=/home/lfvmu/kobuki/install/bin:${PATH} PYTHONPATH=/home/lfvmu/kobuki/install/lib/python3.8/site-packages /usr/bin/cmake --install /home/lfvmu/kobuki/build/ament_cmake_gmock
[1.690s] -- Install configuration: ""
[1.690s] -- Up-to-date: /home/lfvmu/kobuki/install/share/ament_index/resource_index/package_run_dependencies/ament_cmake_gmock
[1.691s] -- Up-to-date: /home/lfvmu/kobuki/install/share/ament_index/resource_index/parent_prefix_path/ament_cmake_gmock
[1.691s] -- Up-to-date: /home/lfvmu/kobuki/install/share/ament_cmake_gmock/environment/ament_prefix_path.sh
[1.695s] -- Installing: /home/lfvmu/kobuki/install/share/ament_cmake_gmock/environment/ament_prefix_path.dsv
[1.695s] -- Up-to-date: /home/lfvmu/kobuki/install/share/ament_cmake_gmock/environment/path.sh
[1.695s] -- Installing: /home/lfvmu/kobuki/install/share/ament_cmake_gmock/environment/path.dsv
[1.696s] -- Up-to-date: /home/lfvmu/kobuki/install/share/ament_cmake_gmock/local_setup.bash
[1.696s] -- Up-to-date: /home/lfvmu/kobuki/install/share/ament_cmake_gmock/local_setup.sh
[1.697s] -- Up-to-date: /home/lfvmu/kobuki/install/share/ament_cmake_gmock/local_setup.zsh
[1.698s] -- Installing: /home/lfvmu/kobuki/install/share/ament_cmake_gmock/local_setup.dsv
[1.698s] -- Installing: /home/lfvmu/kobuki/install/share/ament_cmake_gmock/package.dsv
[1.698s] -- Up-to-date: /home/lfvmu/kobuki/install/share/ament_index/resource_index/packages/ament_cmake_gmock
[1.698s] -- Up-to-date: /home/lfvmu/kobuki/install/share/ament_cmake_gmock/cmake/ament_cmake_gmock-extras.cmake
[1.699s] -- Up-to-date: /home/lfvmu/kobuki/install/share/ament_cmake_gmock/cmake/ament_cmake_gmockConfig.cmake
[1.699s] -- Up-to-date: /home/lfvmu/kobuki/install/share/ament_cmake_gmock/cmake/ament_cmake_gmockConfig-version.cmake
[1.699s] -- Up-to-date: /home/lfvmu/kobuki/install/share/ament_cmake_gmock/package.xml
[1.700s] -- Up-to-date: /home/lfvmu/kobuki/install/share/ament_cmake_gmock/cmake
[1.700s] -- Up-to-date: /home/lfvmu/kobuki/install/share/ament_cmake_gmock/cmake/ament_add_gmock.cmake
[1.703s] -- Up-to-date: /home/lfvmu/kobuki/install/share/ament_cmake_gmock/cmake/ament_find_gmock.cmake
[1.884s] Invoked command in '/home/lfvmu/kobuki/build/ament_cmake_gmock' returned '0': AMENT_PREFIX_PATH=/home/lfvmu/kobuki/install CMAKE_PREFIX_PATH=/home/lfvmu/kobuki/install LD_LIBRARY_PATH=/home/lfvmu/kobuki/install/lib PATH=/home/lfvmu/kobuki/install/bin:${PATH} PYTHONPATH=/home/lfvmu/kobuki/install/lib/python3.8/site-packages /usr/bin/cmake --install /home/lfvmu/kobuki/build/ament_cmake_gmock
