Re-run cmake no build system arguments
-- Found ament_cmake_ros: 0.9.2 (/home/lfvmu/kobuki/install/share/ament_cmake_ros/cmake)
-- Using PYTHON_EXECUTABLE: /usr/bin/python3
-- Found ecl_build: 1.0.3 (/home/lfvmu/kobuki/install/share/ecl_build/cmake)
-- Found ecl_config: 1.1.0 (/home/lfvmu/kobuki/install/share/ecl_config/cmake)
-- Found ecl_errors: 1.1.0 (/home/lfvmu/kobuki/install/share/ecl_errors/cmake)
-- Found ecl_time_lite: 1.1.0 (/home/lfvmu/kobuki/install/share/ecl_time_lite/cmake)
-- Found ecl_exceptions: 1.2.1 (/home/lfvmu/kobuki/install/share/ecl_exceptions/cmake)
-- Found ecl_threads: 1.2.1 (/home/lfvmu/kobuki/install/share/ecl_threads/cmake)
-- Configuring done
-- Generating done
-- Build files have been written to: /home/lfvmu/kobuki/build/ecl_ipc
/usr/bin/cmake -S/home/lfvmu/kobuki/src/ecl_core/ecl_ipc -B/home/lfvmu/kobuki/build/ecl_ipc --check-build-system CMakeFiles/Makefile.cmake 0
/usr/bin/cmake -E cmake_progress_start /home/lfvmu/kobuki/build/ecl_ipc/CMakeFiles /home/lfvmu/kobuki/build/ecl_ipc/CMakeFiles/progress.marks
/usr/bin/make -f CMakeFiles/Makefile2 all
make[1]: Entering directory '/home/lfvmu/kobuki/build/ecl_ipc'
/usr/bin/make -f src/lib/CMakeFiles/ecl_ipc.dir/build.make src/lib/CMakeFiles/ecl_ipc.dir/depend
make[2]: Entering directory '/home/lfvmu/kobuki/build/ecl_ipc'
cd /home/lfvmu/kobuki/build/ecl_ipc && /usr/bin/cmake -E cmake_depends "Unix Makefiles" /home/lfvmu/kobuki/src/ecl_core/ecl_ipc /home/lfvmu/kobuki/src/ecl_core/ecl_ipc/src/lib /home/lfvmu/kobuki/build/ecl_ipc /home/lfvmu/kobuki/build/ecl_ipc/src/lib /home/lfvmu/kobuki/build/ecl_ipc/src/lib/CMakeFiles/ecl_ipc.dir/DependInfo.cmake --color=
make[2]: Leaving directory '/home/lfvmu/kobuki/build/ecl_ipc'
/usr/bin/make -f src/lib/CMakeFiles/ecl_ipc.dir/build.make src/lib/CMakeFiles/ecl_ipc.dir/build
make[2]: Entering directory '/home/lfvmu/kobuki/build/ecl_ipc'
make[2]: Nothing to be done for 'src/lib/CMakeFiles/ecl_ipc.dir/build'.
make[2]: Leaving directory '/home/lfvmu/kobuki/build/ecl_ipc'
[100%] Built target ecl_ipc
make[1]: Leaving directory '/home/lfvmu/kobuki/build/ecl_ipc'
/usr/bin/cmake -E cmake_progress_start /home/lfvmu/kobuki/build/ecl_ipc/CMakeFiles 0
-- Install configuration: "RelWithDebInfo"
-- Up-to-date: /home/lfvmu/kobuki/install/share/ecl_ipc/environment/library_path.sh
-- Installing: /home/lfvmu/kobuki/install/share/ecl_ipc/environment/library_path.dsv
-- Up-to-date: /home/lfvmu/kobuki/install/share/ament_index/resource_index/package_run_dependencies/ecl_ipc
-- Up-to-date: /home/lfvmu/kobuki/install/share/ament_index/resource_index/parent_prefix_path/ecl_ipc
-- Up-to-date: /home/lfvmu/kobuki/install/share/ecl_ipc/environment/ament_prefix_path.sh
-- Installing: /home/lfvmu/kobuki/install/share/ecl_ipc/environment/ament_prefix_path.dsv
-- Up-to-date: /home/lfvmu/kobuki/install/share/ecl_ipc/environment/path.sh
-- Installing: /home/lfvmu/kobuki/install/share/ecl_ipc/environment/path.dsv
-- Up-to-date: /home/lfvmu/kobuki/install/share/ecl_ipc/local_setup.bash
-- Up-to-date: /home/lfvmu/kobuki/install/share/ecl_ipc/local_setup.sh
-- Up-to-date: /home/lfvmu/kobuki/install/share/ecl_ipc/local_setup.zsh
-- Installing: /home/lfvmu/kobuki/install/share/ecl_ipc/local_setup.dsv
-- Installing: /home/lfvmu/kobuki/install/share/ecl_ipc/package.dsv
-- Up-to-date: /home/lfvmu/kobuki/install/share/ament_index/resource_index/packages/ecl_ipc
-- Up-to-date: /home/lfvmu/kobuki/install/share/ecl_ipc/cmake/ecl_ipcExport.cmake
-- Installing: /home/lfvmu/kobuki/install/share/ecl_ipc/cmake/ecl_ipcExport-relwithdebinfo.cmake
-- Up-to-date: /home/lfvmu/kobuki/install/share/ecl_ipc/cmake/ament_cmake_export_targets-extras.cmake
-- Up-to-date: /home/lfvmu/kobuki/install/share/ecl_ipc/cmake/ament_cmake_export_include_directories-extras.cmake
-- Up-to-date: /home/lfvmu/kobuki/install/share/ecl_ipc/cmake/ament_cmake_export_libraries-extras.cmake
-- Up-to-date: /home/lfvmu/kobuki/install/share/ecl_ipc/cmake/ament_cmake_export_dependencies-extras.cmake
-- Up-to-date: /home/lfvmu/kobuki/install/share/ecl_ipc/cmake/ecl_ipcConfig.cmake
-- Up-to-date: /home/lfvmu/kobuki/install/share/ecl_ipc/cmake/ecl_ipcConfig-version.cmake
-- Up-to-date: /home/lfvmu/kobuki/install/share/ecl_ipc/package.xml
-- Up-to-date: /home/lfvmu/kobuki/install/include/ecl/ipc.hpp
-- Up-to-date: /home/lfvmu/kobuki/install/include/ecl/ipc/semaphore.hpp
-- Up-to-date: /home/lfvmu/kobuki/install/include/ecl/ipc/semaphore_pos.hpp
-- Up-to-date: /home/lfvmu/kobuki/install/include/ecl/ipc/shared_memory.hpp
-- Up-to-date: /home/lfvmu/kobuki/install/include/ecl/ipc/shared_memory_pos.hpp
-- Up-to-date: /home/lfvmu/kobuki/install/lib/libecl_ipc.so.1.2.1
-- Up-to-date: /home/lfvmu/kobuki/install/lib/libecl_ipc.so
