[0.429s] Invoking command in '/home/lfvmu/kobuki/build/ecl_ipc': /usr/bin/cmake /home/lfvmu/kobuki/src/ecl_core/ecl_ipc -DBUILD_TESTING=OFF -DCMAKE_INSTALL_PREFIX=/home/lfvmu/kobuki/install
[0.458s] Re-run cmake no build system arguments
[0.485s] -- Found ament_cmake_ros: 0.9.2 (/home/lfvmu/kobuki/install/share/ament_cmake_ros/cmake)
[0.543s] -- Using PYTHON_EXECUTABLE: /usr/bin/python3
[0.908s] -- Found ecl_build: 1.0.3 (/home/lfvmu/kobuki/install/share/ecl_build/cmake)
[0.931s] -- Found ecl_config: 1.1.0 (/home/lfvmu/kobuki/install/share/ecl_config/cmake)
[0.938s] -- Found ecl_errors: 1.1.0 (/home/lfvmu/kobuki/install/share/ecl_errors/cmake)
[0.947s] -- Found ecl_time_lite: 1.1.0 (/home/lfvmu/kobuki/install/share/ecl_time_lite/cmake)
[0.959s] -- Found ecl_exceptions: 1.2.1 (/home/lfvmu/kobuki/install/share/ecl_exceptions/cmake)
[0.976s] -- Found ecl_threads: 1.2.1 (/home/lfvmu/kobuki/install/share/ecl_threads/cmake)
[1.234s] -- Configuring done
[1.261s] -- Generating done
[1.268s] -- Build files have been written to: /home/lfvmu/kobuki/build/ecl_ipc
[1.340s] Invoked command in '/home/lfvmu/kobuki/build/ecl_ipc' returned '0': /usr/bin/cmake /home/lfvmu/kobuki/src/ecl_core/ecl_ipc -DBUILD_TESTING=OFF -DCMAKE_INSTALL_PREFIX=/home/lfvmu/kobuki/install
[1.347s] Invoking command in '/home/lfvmu/kobuki/build/ecl_ipc': /usr/bin/cmake --build /home/lfvmu/kobuki/build/ecl_ipc -- -j4 -l4
[1.415s] /usr/bin/cmake -S/home/lfvmu/kobuki/src/ecl_core/ecl_ipc -B/home/lfvmu/kobuki/build/ecl_ipc --check-build-system CMakeFiles/Makefile.cmake 0
[1.450s] /usr/bin/cmake -E cmake_progress_start /home/lfvmu/kobuki/build/ecl_ipc/CMakeFiles /home/lfvmu/kobuki/build/ecl_ipc/CMakeFiles/progress.marks
[1.494s] /usr/bin/make -f CMakeFiles/Makefile2 all
[1.497s] make[1]: Entering directory '/home/lfvmu/kobuki/build/ecl_ipc'
[1.497s] /usr/bin/make -f src/lib/CMakeFiles/ecl_ipc.dir/build.make src/lib/CMakeFiles/ecl_ipc.dir/depend
[1.503s] make[2]: Entering directory '/home/lfvmu/kobuki/build/ecl_ipc'
[1.503s] cd /home/lfvmu/kobuki/build/ecl_ipc && /usr/bin/cmake -E cmake_depends "Unix Makefiles" /home/lfvmu/kobuki/src/ecl_core/ecl_ipc /home/lfvmu/kobuki/src/ecl_core/ecl_ipc/src/lib /home/lfvmu/kobuki/build/ecl_ipc /home/lfvmu/kobuki/build/ecl_ipc/src/lib /home/lfvmu/kobuki/build/ecl_ipc/src/lib/CMakeFiles/ecl_ipc.dir/DependInfo.cmake --color=
[1.526s] make[2]: Leaving directory '/home/lfvmu/kobuki/build/ecl_ipc'
[1.527s] /usr/bin/make -f src/lib/CMakeFiles/ecl_ipc.dir/build.make src/lib/CMakeFiles/ecl_ipc.dir/build
[1.532s] make[2]: Entering directory '/home/lfvmu/kobuki/build/ecl_ipc'
[1.533s] make[2]: Nothing to be done for 'src/lib/CMakeFiles/ecl_ipc.dir/build'.
[1.533s] make[2]: Leaving directory '/home/lfvmu/kobuki/build/ecl_ipc'
[1.555s] [100%] Built target ecl_ipc
[1.555s] make[1]: Leaving directory '/home/lfvmu/kobuki/build/ecl_ipc'
[1.556s] /usr/bin/cmake -E cmake_progress_start /home/lfvmu/kobuki/build/ecl_ipc/CMakeFiles 0
[1.590s] Invoked command in '/home/lfvmu/kobuki/build/ecl_ipc' returned '0': /usr/bin/cmake --build /home/lfvmu/kobuki/build/ecl_ipc -- -j4 -l4
[1.671s] Invoking command in '/home/lfvmu/kobuki/build/ecl_ipc': /usr/bin/cmake --install /home/lfvmu/kobuki/build/ecl_ipc
[1.697s] -- Install configuration: "RelWithDebInfo"
[1.698s] -- Up-to-date: /home/lfvmu/kobuki/install/share/ecl_ipc/environment/library_path.sh
[1.698s] -- Installing: /home/lfvmu/kobuki/install/share/ecl_ipc/environment/library_path.dsv
[1.698s] -- Up-to-date: /home/lfvmu/kobuki/install/share/ament_index/resource_index/package_run_dependencies/ecl_ipc
[1.698s] -- Up-to-date: /home/lfvmu/kobuki/install/share/ament_index/resource_index/parent_prefix_path/ecl_ipc
[1.698s] -- Up-to-date: /home/lfvmu/kobuki/install/share/ecl_ipc/environment/ament_prefix_path.sh
[1.699s] -- Installing: /home/lfvmu/kobuki/install/share/ecl_ipc/environment/ament_prefix_path.dsv
[1.699s] -- Up-to-date: /home/lfvmu/kobuki/install/share/ecl_ipc/environment/path.sh
[1.699s] -- Installing: /home/lfvmu/kobuki/install/share/ecl_ipc/environment/path.dsv
[1.699s] -- Up-to-date: /home/lfvmu/kobuki/install/share/ecl_ipc/local_setup.bash
[1.699s] -- Up-to-date: /home/lfvmu/kobuki/install/share/ecl_ipc/local_setup.sh
[1.701s] -- Up-to-date: /home/lfvmu/kobuki/install/share/ecl_ipc/local_setup.zsh
[1.701s] -- Installing: /home/lfvmu/kobuki/install/share/ecl_ipc/local_setup.dsv
[1.701s] -- Installing: /home/lfvmu/kobuki/install/share/ecl_ipc/package.dsv
[1.701s] -- Up-to-date: /home/lfvmu/kobuki/install/share/ament_index/resource_index/packages/ecl_ipc
[1.702s] -- Up-to-date: /home/lfvmu/kobuki/install/share/ecl_ipc/cmake/ecl_ipcExport.cmake
[1.702s] -- Installing: /home/lfvmu/kobuki/install/share/ecl_ipc/cmake/ecl_ipcExport-relwithdebinfo.cmake
[1.702s] -- Up-to-date: /home/lfvmu/kobuki/install/share/ecl_ipc/cmake/ament_cmake_export_targets-extras.cmake
[1.702s] -- Up-to-date: /home/lfvmu/kobuki/install/share/ecl_ipc/cmake/ament_cmake_export_include_directories-extras.cmake
[1.702s] -- Up-to-date: /home/lfvmu/kobuki/install/share/ecl_ipc/cmake/ament_cmake_export_libraries-extras.cmake
[1.702s] -- Up-to-date: /home/lfvmu/kobuki/install/share/ecl_ipc/cmake/ament_cmake_export_dependencies-extras.cmake
[1.703s] -- Up-to-date: /home/lfvmu/kobuki/install/share/ecl_ipc/cmake/ecl_ipcConfig.cmake
[1.703s] -- Up-to-date: /home/lfvmu/kobuki/install/share/ecl_ipc/cmake/ecl_ipcConfig-version.cmake
[1.703s] -- Up-to-date: /home/lfvmu/kobuki/install/share/ecl_ipc/package.xml
[1.703s] -- Up-to-date: /home/lfvmu/kobuki/install/include/ecl/ipc.hpp
[1.704s] -- Up-to-date: /home/lfvmu/kobuki/install/include/ecl/ipc/semaphore.hpp
[1.705s] -- Up-to-date: /home/lfvmu/kobuki/install/include/ecl/ipc/semaphore_pos.hpp
[1.705s] -- Up-to-date: /home/lfvmu/kobuki/install/include/ecl/ipc/shared_memory.hpp
[1.705s] -- Up-to-date: /home/lfvmu/kobuki/install/include/ecl/ipc/shared_memory_pos.hpp
[1.706s] -- Up-to-date: /home/lfvmu/kobuki/install/lib/libecl_ipc.so.1.2.1
[1.707s] -- Up-to-date: /home/lfvmu/kobuki/install/lib/libecl_ipc.so
[1.716s] Invoked command in '/home/lfvmu/kobuki/build/ecl_ipc' returned '0': /usr/bin/cmake --install /home/lfvmu/kobuki/build/ecl_ipc
