[0.264s] Invoking command in '/home/lfvmu/kobuki/build/ament_cmake_clang_format': AMENT_PREFIX_PATH=/home/lfvmu/kobuki/install CMAKE_PREFIX_PATH=/home/lfvmu/kobuki/install PATH=/home/lfvmu/kobuki/install/bin:${PATH} PYTHONPATH=/home/lfvmu/kobuki/install/lib/python3.8/site-packages /usr/bin/cmake /home/lfvmu/kobuki/src/ament_lint/ament_cmake_clang_format -DBUILD_TESTING=OFF -DCMAKE_INSTALL_PREFIX=/home/lfvmu/kobuki/install
[0.299s] -- Found ament_cmake_core: 0.9.11 (/home/lfvmu/kobuki/install/share/ament_cmake_core/cmake)
[0.336s] -- Found PythonInterp: /usr/bin/python3 (found suitable version "3.8.10", minimum required is "3") 
[0.337s] -- Using PYTHON_EXECUTABLE: /usr/bin/python3
[0.680s] -- Found ament_cmake_test: 0.9.11 (/home/lfvmu/kobuki/install/share/ament_cmake_test/cmake)
[0.830s] -- Configuring done
[0.837s] -- Generating done
[0.857s] -- Build files have been written to: /home/lfvmu/kobuki/build/ament_cmake_clang_format
[0.967s] Invoked command in '/home/lfvmu/kobuki/build/ament_cmake_clang_format' returned '0': AMENT_PREFIX_PATH=/home/lfvmu/kobuki/install CMAKE_PREFIX_PATH=/home/lfvmu/kobuki/install PATH=/home/lfvmu/kobuki/install/bin:${PATH} PYTHONPATH=/home/lfvmu/kobuki/install/lib/python3.8/site-packages /usr/bin/cmake /home/lfvmu/kobuki/src/ament_lint/ament_cmake_clang_format -DBUILD_TESTING=OFF -DCMAKE_INSTALL_PREFIX=/home/lfvmu/kobuki/install
[0.973s] Invoking command in '/home/lfvmu/kobuki/build/ament_cmake_clang_format': AMENT_PREFIX_PATH=/home/lfvmu/kobuki/install CMAKE_PREFIX_PATH=/home/lfvmu/kobuki/install PATH=/home/lfvmu/kobuki/install/bin:${PATH} PYTHONPATH=/home/lfvmu/kobuki/install/lib/python3.8/site-packages /usr/bin/cmake --build /home/lfvmu/kobuki/build/ament_cmake_clang_format -- -j4 -l4
[1.191s] Invoked command in '/home/lfvmu/kobuki/build/ament_cmake_clang_format' returned '0': AMENT_PREFIX_PATH=/home/lfvmu/kobuki/install CMAKE_PREFIX_PATH=/home/lfvmu/kobuki/install PATH=/home/lfvmu/kobuki/install/bin:${PATH} PYTHONPATH=/home/lfvmu/kobuki/install/lib/python3.8/site-packages /usr/bin/cmake --build /home/lfvmu/kobuki/build/ament_cmake_clang_format -- -j4 -l4
[1.258s] Invoking command in '/home/lfvmu/kobuki/build/ament_cmake_clang_format': AMENT_PREFIX_PATH=/home/lfvmu/kobuki/install CMAKE_PREFIX_PATH=/home/lfvmu/kobuki/install PATH=/home/lfvmu/kobuki/install/bin:${PATH} PYTHONPATH=/home/lfvmu/kobuki/install/lib/python3.8/site-packages /usr/bin/cmake --install /home/lfvmu/kobuki/build/ament_cmake_clang_format
[1.287s] -- Install configuration: ""
[1.287s] -- Installing: /home/lfvmu/kobuki/install/share/ament_index/resource_index/package_run_dependencies/ament_cmake_clang_format
[1.287s] -- Installing: /home/lfvmu/kobuki/install/share/ament_index/resource_index/parent_prefix_path/ament_cmake_clang_format
[1.287s] -- Installing: /home/lfvmu/kobuki/install/share/ament_cmake_clang_format/environment/ament_prefix_path.sh
[1.288s] -- Installing: /home/lfvmu/kobuki/install/share/ament_cmake_clang_format/environment/ament_prefix_path.dsv
[1.288s] -- Installing: /home/lfvmu/kobuki/install/share/ament_cmake_clang_format/environment/path.sh
[1.288s] -- Installing: /home/lfvmu/kobuki/install/share/ament_cmake_clang_format/environment/path.dsv
[1.288s] -- Installing: /home/lfvmu/kobuki/install/share/ament_cmake_clang_format/local_setup.bash
[1.288s] -- Installing: /home/lfvmu/kobuki/install/share/ament_cmake_clang_format/local_setup.sh
[1.289s] -- Installing: /home/lfvmu/kobuki/install/share/ament_cmake_clang_format/local_setup.zsh
[1.290s] -- Installing: /home/lfvmu/kobuki/install/share/ament_cmake_clang_format/local_setup.dsv
[1.291s] -- Installing: /home/lfvmu/kobuki/install/share/ament_cmake_clang_format/package.dsv
[1.292s] -- Installing: /home/lfvmu/kobuki/install/share/ament_index/resource_index/packages/ament_cmake_clang_format
[1.293s] -- Installing: /home/lfvmu/kobuki/install/share/ament_cmake_clang_format/cmake/ament_cmake_clang_format-extras.cmake
[1.297s] -- Installing: /home/lfvmu/kobuki/install/share/ament_cmake_clang_format/cmake/ament_cmake_clang_formatConfig.cmake
[1.298s] -- Installing: /home/lfvmu/kobuki/install/share/ament_cmake_clang_format/cmake/ament_cmake_clang_formatConfig-version.cmake
[1.299s] -- Installing: /home/lfvmu/kobuki/install/share/ament_cmake_clang_format/package.xml
[1.300s] -- Up-to-date: /home/lfvmu/kobuki/install/share/ament_cmake_clang_format/cmake
[1.300s] -- Installing: /home/lfvmu/kobuki/install/share/ament_cmake_clang_format/cmake/ament_cmake_clang_format_lint_hook.cmake
[1.301s] -- Installing: /home/lfvmu/kobuki/install/share/ament_cmake_clang_format/cmake/ament_clang_format.cmake
[1.318s] Invoked command in '/home/lfvmu/kobuki/build/ament_cmake_clang_format' returned '0': AMENT_PREFIX_PATH=/home/lfvmu/kobuki/install CMAKE_PREFIX_PATH=/home/lfvmu/kobuki/install PATH=/home/lfvmu/kobuki/install/bin:${PATH} PYTHONPATH=/home/lfvmu/kobuki/install/lib/python3.8/site-packages /usr/bin/cmake --install /home/lfvmu/kobuki/build/ament_cmake_clang_format
