[0.357s] Invoking command in '/home/lfvmu/kobuki/build/ecl_errors': /usr/bin/cmake /home/lfvmu/kobuki/src/ecl_lite/ecl_errors -DBUILD_TESTING=OFF --no-warn-unused-cli -DCMAKE_INSTALL_PREFIX=/home/lfvmu/kobuki/install
[0.380s] Not searching for unused variables given on the command line.
[0.400s] -- Found ament_cmake_ros: 0.9.2 (/home/lfvmu/kobuki/install/share/ament_cmake_ros/cmake)
[0.464s] -- Using PYTHON_EXECUTABLE: /usr/bin/python3
[0.807s] -- Found ecl_build: 1.0.3 (/home/lfvmu/kobuki/install/share/ecl_build/cmake)
[0.829s] -- Found ecl_config: 1.1.0 (/home/lfvmu/kobuki/install/share/ecl_config/cmake)
[1.009s] -- Configuring done
[1.029s] -- Generating done
[1.034s] -- Build files have been written to: /home/lfvmu/kobuki/build/ecl_errors
[1.116s] Invoked command in '/home/lfvmu/kobuki/build/ecl_errors' returned '0': /usr/bin/cmake /home/lfvmu/kobuki/src/ecl_lite/ecl_errors -DBUILD_TESTING=OFF --no-warn-unused-cli -DCMAKE_INSTALL_PREFIX=/home/lfvmu/kobuki/install
[1.124s] Invoking command in '/home/lfvmu/kobuki/build/ecl_errors': /usr/bin/cmake --build /home/lfvmu/kobuki/build/ecl_errors -- -j4 -l4
[1.290s] [ 50%] Built target ecl_errors
[1.335s] [100%] Built target ecl_errors_example_errors
[1.358s] Invoked command in '/home/lfvmu/kobuki/build/ecl_errors' returned '0': /usr/bin/cmake --build /home/lfvmu/kobuki/build/ecl_errors -- -j4 -l4
[1.613s] Invoking command in '/home/lfvmu/kobuki/build/ecl_errors': /usr/bin/cmake --install /home/lfvmu/kobuki/build/ecl_errors
[1.636s] -- Install configuration: "RelWithDebInfo"
[1.636s] -- Up-to-date: /home/lfvmu/kobuki/install/share/ecl_errors/environment/library_path.sh
[1.636s] -- Installing: /home/lfvmu/kobuki/install/share/ecl_errors/environment/library_path.dsv
[1.637s] -- Up-to-date: /home/lfvmu/kobuki/install/share/ament_index/resource_index/package_run_dependencies/ecl_errors
[1.637s] -- Up-to-date: /home/lfvmu/kobuki/install/share/ament_index/resource_index/parent_prefix_path/ecl_errors
[1.637s] -- Up-to-date: /home/lfvmu/kobuki/install/share/ecl_errors/environment/ament_prefix_path.sh
[1.638s] -- Installing: /home/lfvmu/kobuki/install/share/ecl_errors/environment/ament_prefix_path.dsv
[1.639s] -- Up-to-date: /home/lfvmu/kobuki/install/share/ecl_errors/environment/path.sh
[1.640s] -- Installing: /home/lfvmu/kobuki/install/share/ecl_errors/environment/path.dsv
[1.641s] -- Up-to-date: /home/lfvmu/kobuki/install/share/ecl_errors/local_setup.bash
[1.641s] -- Up-to-date: /home/lfvmu/kobuki/install/share/ecl_errors/local_setup.sh
[1.641s] -- Up-to-date: /home/lfvmu/kobuki/install/share/ecl_errors/local_setup.zsh
[1.641s] -- Installing: /home/lfvmu/kobuki/install/share/ecl_errors/local_setup.dsv
[1.642s] -- Installing: /home/lfvmu/kobuki/install/share/ecl_errors/package.dsv
[1.642s] -- Up-to-date: /home/lfvmu/kobuki/install/share/ament_index/resource_index/packages/ecl_errors
[1.642s] -- Up-to-date: /home/lfvmu/kobuki/install/share/ecl_errors/cmake/ecl_errorsExport.cmake
[1.643s] -- Installing: /home/lfvmu/kobuki/install/share/ecl_errors/cmake/ecl_errorsExport-relwithdebinfo.cmake
[1.643s] -- Up-to-date: /home/lfvmu/kobuki/install/share/ecl_errors/cmake/ament_cmake_export_targets-extras.cmake
[1.643s] -- Up-to-date: /home/lfvmu/kobuki/install/share/ecl_errors/cmake/ament_cmake_export_include_directories-extras.cmake
[1.643s] -- Up-to-date: /home/lfvmu/kobuki/install/share/ecl_errors/cmake/ament_cmake_export_libraries-extras.cmake
[1.643s] -- Up-to-date: /home/lfvmu/kobuki/install/share/ecl_errors/cmake/ament_cmake_export_dependencies-extras.cmake
[1.644s] -- Up-to-date: /home/lfvmu/kobuki/install/share/ecl_errors/cmake/ecl_errorsConfig.cmake
[1.644s] -- Up-to-date: /home/lfvmu/kobuki/install/share/ecl_errors/cmake/ecl_errorsConfig-version.cmake
[1.644s] -- Up-to-date: /home/lfvmu/kobuki/install/share/ecl_errors/package.xml
[1.644s] -- Up-to-date: /home/lfvmu/kobuki/install/include/ecl/errors.hpp
[1.645s] -- Up-to-date: /home/lfvmu/kobuki/install/include/ecl/errors/compile_time_assert.hpp
[1.645s] -- Up-to-date: /home/lfvmu/kobuki/install/include/ecl/errors/flags.hpp
[1.645s] -- Up-to-date: /home/lfvmu/kobuki/install/include/ecl/errors/handlers.hpp
[1.645s] -- Up-to-date: /home/lfvmu/kobuki/install/include/ecl/errors/macros.hpp
[1.645s] -- Up-to-date: /home/lfvmu/kobuki/install/include/ecl/errors/run_time_functions.hpp
[1.646s] -- Up-to-date: /home/lfvmu/kobuki/install/lib/libecl_errors.so.1.1.0
[1.646s] -- Up-to-date: /home/lfvmu/kobuki/install/lib/libecl_errors.so
[1.647s] -- Up-to-date: /home/lfvmu/kobuki/install/lib/ecl_errors/demo_errors
[1.667s] Invoked command in '/home/lfvmu/kobuki/build/ecl_errors' returned '0': /usr/bin/cmake --install /home/lfvmu/kobuki/build/ecl_errors
