[0.379s] Invoking command in '/home/lfvmu/kobuki/build/ecl_filesystem': /usr/bin/cmake /home/lfvmu/kobuki/src/ecl_core/ecl_filesystem -DBUILD_TESTING=OFF -DCMAKE_INSTALL_PREFIX=/home/lfvmu/kobuki/install
[0.401s] Re-run cmake no build system arguments
[0.426s] -- Found ament_cmake_ros: 0.9.2 (/home/lfvmu/kobuki/install/share/ament_cmake_ros/cmake)
[0.473s] -- Using PYTHON_EXECUTABLE: /usr/bin/python3
[0.877s] -- Found ecl_build: 1.0.3 (/home/lfvmu/kobuki/install/share/ecl_build/cmake)
[0.901s] -- Found ecl_config: 1.1.0 (/home/lfvmu/kobuki/install/share/ecl_config/cmake)
[0.916s] -- Found ecl_errors: 1.1.0 (/home/lfvmu/kobuki/install/share/ecl_errors/cmake)
[1.095s] -- Configuring done
[1.131s] -- Generating done
[1.147s] -- Build files have been written to: /home/lfvmu/kobuki/build/ecl_filesystem
[1.167s] Invoked command in '/home/lfvmu/kobuki/build/ecl_filesystem' returned '0': /usr/bin/cmake /home/lfvmu/kobuki/src/ecl_core/ecl_filesystem -DBUILD_TESTING=OFF -DCMAKE_INSTALL_PREFIX=/home/lfvmu/kobuki/install
[1.172s] Invoking command in '/home/lfvmu/kobuki/build/ecl_filesystem': /usr/bin/cmake --build /home/lfvmu/kobuki/build/ecl_filesystem -- -j4 -l4
[1.214s] /usr/bin/cmake -S/home/lfvmu/kobuki/src/ecl_core/ecl_filesystem -B/home/lfvmu/kobuki/build/ecl_filesystem --check-build-system CMakeFiles/Makefile.cmake 0
[1.252s] /usr/bin/cmake -E cmake_progress_start /home/lfvmu/kobuki/build/ecl_filesystem/CMakeFiles /home/lfvmu/kobuki/build/ecl_filesystem/CMakeFiles/progress.marks
[1.269s] /usr/bin/make -f CMakeFiles/Makefile2 all
[1.272s] make[1]: Entering directory '/home/lfvmu/kobuki/build/ecl_filesystem'
[1.272s] /usr/bin/make -f src/lib/CMakeFiles/ecl_filesystem.dir/build.make src/lib/CMakeFiles/ecl_filesystem.dir/depend
[1.274s] make[2]: Entering directory '/home/lfvmu/kobuki/build/ecl_filesystem'
[1.275s] cd /home/lfvmu/kobuki/build/ecl_filesystem && /usr/bin/cmake -E cmake_depends "Unix Makefiles" /home/lfvmu/kobuki/src/ecl_core/ecl_filesystem /home/lfvmu/kobuki/src/ecl_core/ecl_filesystem/src/lib /home/lfvmu/kobuki/build/ecl_filesystem /home/lfvmu/kobuki/build/ecl_filesystem/src/lib /home/lfvmu/kobuki/build/ecl_filesystem/src/lib/CMakeFiles/ecl_filesystem.dir/DependInfo.cmake --color=
[1.319s] make[2]: Leaving directory '/home/lfvmu/kobuki/build/ecl_filesystem'
[1.319s] /usr/bin/make -f src/lib/CMakeFiles/ecl_filesystem.dir/build.make src/lib/CMakeFiles/ecl_filesystem.dir/build
[1.335s] make[2]: Entering directory '/home/lfvmu/kobuki/build/ecl_filesystem'
[1.335s] make[2]: Nothing to be done for 'src/lib/CMakeFiles/ecl_filesystem.dir/build'.
[1.336s] make[2]: Leaving directory '/home/lfvmu/kobuki/build/ecl_filesystem'
[1.359s] [100%] Built target ecl_filesystem
[1.360s] make[1]: Leaving directory '/home/lfvmu/kobuki/build/ecl_filesystem'
[1.361s] /usr/bin/cmake -E cmake_progress_start /home/lfvmu/kobuki/build/ecl_filesystem/CMakeFiles 0
[1.452s] Invoked command in '/home/lfvmu/kobuki/build/ecl_filesystem' returned '0': /usr/bin/cmake --build /home/lfvmu/kobuki/build/ecl_filesystem -- -j4 -l4
[1.764s] Invoking command in '/home/lfvmu/kobuki/build/ecl_filesystem': /usr/bin/cmake --install /home/lfvmu/kobuki/build/ecl_filesystem
[1.796s] -- Install configuration: "RelWithDebInfo"
[1.797s] -- Up-to-date: /home/lfvmu/kobuki/install/share/ecl_filesystem/environment/library_path.sh
[1.797s] -- Installing: /home/lfvmu/kobuki/install/share/ecl_filesystem/environment/library_path.dsv
[1.798s] -- Up-to-date: /home/lfvmu/kobuki/install/share/ament_index/resource_index/package_run_dependencies/ecl_filesystem
[1.798s] -- Up-to-date: /home/lfvmu/kobuki/install/share/ament_index/resource_index/parent_prefix_path/ecl_filesystem
[1.798s] -- Up-to-date: /home/lfvmu/kobuki/install/share/ecl_filesystem/environment/ament_prefix_path.sh
[1.798s] -- Installing: /home/lfvmu/kobuki/install/share/ecl_filesystem/environment/ament_prefix_path.dsv
[1.799s] -- Up-to-date: /home/lfvmu/kobuki/install/share/ecl_filesystem/environment/path.sh
[1.799s] -- Installing: /home/lfvmu/kobuki/install/share/ecl_filesystem/environment/path.dsv
[1.800s] -- Up-to-date: /home/lfvmu/kobuki/install/share/ecl_filesystem/local_setup.bash
[1.800s] -- Up-to-date: /home/lfvmu/kobuki/install/share/ecl_filesystem/local_setup.sh
[1.800s] -- Up-to-date: /home/lfvmu/kobuki/install/share/ecl_filesystem/local_setup.zsh
[1.800s] -- Installing: /home/lfvmu/kobuki/install/share/ecl_filesystem/local_setup.dsv
[1.801s] -- Installing: /home/lfvmu/kobuki/install/share/ecl_filesystem/package.dsv
[1.801s] -- Up-to-date: /home/lfvmu/kobuki/install/share/ament_index/resource_index/packages/ecl_filesystem
[1.802s] -- Up-to-date: /home/lfvmu/kobuki/install/share/ecl_filesystem/cmake/ecl_filesystemExport.cmake
[1.802s] -- Installing: /home/lfvmu/kobuki/install/share/ecl_filesystem/cmake/ecl_filesystemExport-relwithdebinfo.cmake
[1.803s] -- Up-to-date: /home/lfvmu/kobuki/install/share/ecl_filesystem/cmake/ament_cmake_export_targets-extras.cmake
[1.803s] -- Up-to-date: /home/lfvmu/kobuki/install/share/ecl_filesystem/cmake/ament_cmake_export_include_directories-extras.cmake
[1.803s] -- Up-to-date: /home/lfvmu/kobuki/install/share/ecl_filesystem/cmake/ament_cmake_export_libraries-extras.cmake
[1.803s] -- Up-to-date: /home/lfvmu/kobuki/install/share/ecl_filesystem/cmake/ament_cmake_export_dependencies-extras.cmake
[1.803s] -- Up-to-date: /home/lfvmu/kobuki/install/share/ecl_filesystem/cmake/ecl_filesystemConfig.cmake
[1.804s] -- Up-to-date: /home/lfvmu/kobuki/install/share/ecl_filesystem/cmake/ecl_filesystemConfig-version.cmake
[1.804s] -- Up-to-date: /home/lfvmu/kobuki/install/share/ecl_filesystem/package.xml
[1.804s] -- Up-to-date: /home/lfvmu/kobuki/install/include/ecl/filesystem.hpp
[1.804s] -- Up-to-date: /home/lfvmu/kobuki/install/include/ecl/filesystem/errors.hpp
[1.805s] -- Up-to-date: /home/lfvmu/kobuki/install/include/ecl/filesystem/macros.hpp
[1.805s] -- Up-to-date: /home/lfvmu/kobuki/install/include/ecl/filesystem/realpath.hpp
[1.805s] -- Up-to-date: /home/lfvmu/kobuki/install/include/ecl/filesystem/config.hpp
[1.806s] -- Up-to-date: /home/lfvmu/kobuki/install/lib/libecl_filesystem.so.1.2.1
[1.806s] -- Up-to-date: /home/lfvmu/kobuki/install/lib/libecl_filesystem.so
[1.816s] Invoked command in '/home/lfvmu/kobuki/build/ecl_filesystem' returned '0': /usr/bin/cmake --install /home/lfvmu/kobuki/build/ecl_filesystem
