[0.306s] Invoking command in '/home/lfvmu/kobuki/build/ecl_containers': /usr/bin/cmake /home/lfvmu/kobuki/src/ecl_core/ecl_containers -DBUILD_TESTING=OFF -DCMAKE_INSTALL_PREFIX=/home/lfvmu/kobuki/install
[0.330s] Re-run cmake no build system arguments
[0.365s] -- Found ament_cmake_ros: 0.9.2 (/home/lfvmu/kobuki/install/share/ament_cmake_ros/cmake)
[0.457s] -- Using PYTHON_EXECUTABLE: /usr/bin/python3
[0.799s] -- Found ecl_build: 1.0.3 (/home/lfvmu/kobuki/install/share/ecl_build/cmake)
[0.820s] -- Found ecl_config: 1.1.0 (/home/lfvmu/kobuki/install/share/ecl_config/cmake)
[0.820s] -- Found ecl_converters: 1.2.1 (/home/lfvmu/kobuki/install/share/ecl_converters/cmake)
[0.880s] -- Found ecl_formatters: 1.2.1 (/home/lfvmu/kobuki/install/share/ecl_formatters/cmake)
[0.892s] -- Found ecl_utilities: 1.2.1 (/home/lfvmu/kobuki/install/share/ecl_utilities/cmake)
[1.077s] -- Configuring done
[1.110s] -- Generating done
[1.111s] -- Build files have been written to: /home/lfvmu/kobuki/build/ecl_containers
[1.146s] Invoked command in '/home/lfvmu/kobuki/build/ecl_containers' returned '0': /usr/bin/cmake /home/lfvmu/kobuki/src/ecl_core/ecl_containers -DBUILD_TESTING=OFF -DCMAKE_INSTALL_PREFIX=/home/lfvmu/kobuki/install
[1.152s] Invoking command in '/home/lfvmu/kobuki/build/ecl_containers': /usr/bin/cmake --build /home/lfvmu/kobuki/build/ecl_containers -- -j4 -l4
[1.198s] /usr/bin/cmake -S/home/lfvmu/kobuki/src/ecl_core/ecl_containers -B/home/lfvmu/kobuki/build/ecl_containers --check-build-system CMakeFiles/Makefile.cmake 0
[1.241s] /usr/bin/cmake -E cmake_progress_start /home/lfvmu/kobuki/build/ecl_containers/CMakeFiles /home/lfvmu/kobuki/build/ecl_containers/CMakeFiles/progress.marks
[1.241s] /usr/bin/make -f CMakeFiles/Makefile2 all
[1.244s] make[1]: Entering directory '/home/lfvmu/kobuki/build/ecl_containers'
[1.244s] /usr/bin/make -f src/examples/CMakeFiles/ecl_demo_formatters.dir/build.make src/examples/CMakeFiles/ecl_demo_formatters.dir/depend
[1.252s] make[2]: Entering directory '/home/lfvmu/kobuki/build/ecl_containers'
[1.252s] cd /home/lfvmu/kobuki/build/ecl_containers && /usr/bin/cmake -E cmake_depends "Unix Makefiles" /home/lfvmu/kobuki/src/ecl_core/ecl_containers /home/lfvmu/kobuki/src/ecl_core/ecl_containers/src/examples /home/lfvmu/kobuki/build/ecl_containers /home/lfvmu/kobuki/build/ecl_containers/src/examples /home/lfvmu/kobuki/build/ecl_containers/src/examples/CMakeFiles/ecl_demo_formatters.dir/DependInfo.cmake --color=
[1.276s] make[2]: Leaving directory '/home/lfvmu/kobuki/build/ecl_containers'
[1.277s] /usr/bin/make -f src/examples/CMakeFiles/ecl_demo_formatters.dir/build.make src/examples/CMakeFiles/ecl_demo_formatters.dir/build
[1.305s] make[2]: Entering directory '/home/lfvmu/kobuki/build/ecl_containers'
[1.319s] make[2]: Nothing to be done for 'src/examples/CMakeFiles/ecl_demo_formatters.dir/build'.
[1.319s] make[2]: Leaving directory '/home/lfvmu/kobuki/build/ecl_containers'
[1.320s] [100%] Built target ecl_demo_formatters
[1.320s] make[1]: Leaving directory '/home/lfvmu/kobuki/build/ecl_containers'
[1.332s] /usr/bin/cmake -E cmake_progress_start /home/lfvmu/kobuki/build/ecl_containers/CMakeFiles 0
[1.541s] Invoked command in '/home/lfvmu/kobuki/build/ecl_containers' returned '0': /usr/bin/cmake --build /home/lfvmu/kobuki/build/ecl_containers -- -j4 -l4
[1.619s] Invoking command in '/home/lfvmu/kobuki/build/ecl_containers': /usr/bin/cmake --install /home/lfvmu/kobuki/build/ecl_containers
[1.658s] -- Install configuration: "RelWithDebInfo"
[1.658s] -- Up-to-date: /home/lfvmu/kobuki/install/share/ament_index/resource_index/package_run_dependencies/ecl_containers
[1.660s] -- Up-to-date: /home/lfvmu/kobuki/install/share/ament_index/resource_index/parent_prefix_path/ecl_containers
[1.660s] -- Up-to-date: /home/lfvmu/kobuki/install/share/ecl_containers/environment/ament_prefix_path.sh
[1.661s] -- Installing: /home/lfvmu/kobuki/install/share/ecl_containers/environment/ament_prefix_path.dsv
[1.661s] -- Up-to-date: /home/lfvmu/kobuki/install/share/ecl_containers/environment/path.sh
[1.662s] -- Installing: /home/lfvmu/kobuki/install/share/ecl_containers/environment/path.dsv
[1.662s] -- Up-to-date: /home/lfvmu/kobuki/install/share/ecl_containers/local_setup.bash
[1.662s] -- Up-to-date: /home/lfvmu/kobuki/install/share/ecl_containers/local_setup.sh
[1.663s] -- Up-to-date: /home/lfvmu/kobuki/install/share/ecl_containers/local_setup.zsh
[1.663s] -- Installing: /home/lfvmu/kobuki/install/share/ecl_containers/local_setup.dsv
[1.663s] -- Installing: /home/lfvmu/kobuki/install/share/ecl_containers/package.dsv
[1.663s] -- Up-to-date: /home/lfvmu/kobuki/install/share/ament_index/resource_index/packages/ecl_containers
[1.664s] -- Up-to-date: /home/lfvmu/kobuki/install/share/ecl_containers/cmake/ecl_containersExport.cmake
[1.664s] -- Up-to-date: /home/lfvmu/kobuki/install/share/ecl_containers/cmake/ament_cmake_export_targets-extras.cmake
[1.664s] -- Up-to-date: /home/lfvmu/kobuki/install/share/ecl_containers/cmake/ament_cmake_export_include_directories-extras.cmake
[1.665s] -- Up-to-date: /home/lfvmu/kobuki/install/share/ecl_containers/cmake/ament_cmake_export_dependencies-extras.cmake
[1.665s] -- Up-to-date: /home/lfvmu/kobuki/install/share/ecl_containers/cmake/ecl_containersConfig.cmake
[1.665s] -- Up-to-date: /home/lfvmu/kobuki/install/share/ecl_containers/cmake/ecl_containersConfig-version.cmake
[1.665s] -- Up-to-date: /home/lfvmu/kobuki/install/share/ecl_containers/package.xml
[1.666s] -- Up-to-date: /home/lfvmu/kobuki/install/include/ecl/containers.hpp
[1.666s] -- Up-to-date: /home/lfvmu/kobuki/install/include/ecl/containers/array.hpp
[1.666s] -- Up-to-date: /home/lfvmu/kobuki/install/include/ecl/containers/converters.hpp
[1.667s] -- Up-to-date: /home/lfvmu/kobuki/install/include/ecl/containers/definitions.hpp
[1.667s] -- Up-to-date: /home/lfvmu/kobuki/install/include/ecl/containers/fifo.hpp
[1.668s] -- Up-to-date: /home/lfvmu/kobuki/install/include/ecl/containers/initialiser.hpp
[1.668s] -- Up-to-date: /home/lfvmu/kobuki/install/include/ecl/containers/push_and_pop.hpp
[1.668s] -- Up-to-date: /home/lfvmu/kobuki/install/include/ecl/containers/stencil.hpp
[1.669s] -- Up-to-date: /home/lfvmu/kobuki/install/include/ecl/containers/common/formatters.hpp
[1.669s] -- Up-to-date: /home/lfvmu/kobuki/install/include/ecl/containers/array/array_dynamic_mem_check.hpp
[1.669s] -- Up-to-date: /home/lfvmu/kobuki/install/include/ecl/containers/array/array_dynamic_no_mem_check.hpp
[1.669s] -- Up-to-date: /home/lfvmu/kobuki/install/include/ecl/containers/array/array_mem_check.hpp
[1.669s] -- Up-to-date: /home/lfvmu/kobuki/install/include/ecl/containers/array/array_no_mem_check.hpp
[1.670s] -- Up-to-date: /home/lfvmu/kobuki/install/include/ecl/containers/array/converters.hpp
[1.670s] -- Up-to-date: /home/lfvmu/kobuki/install/include/ecl/containers/array/formatters.hpp
[1.670s] -- Up-to-date: /home/lfvmu/kobuki/install/include/ecl/containers/push_and_pop/formatters.hpp
[1.671s] -- Up-to-date: /home/lfvmu/kobuki/install/include/ecl/containers/push_and_pop/push_and_pop_dynamic.hpp
[1.671s] -- Up-to-date: /home/lfvmu/kobuki/install/include/ecl/containers/push_and_pop/push_and_pop_fixed.hpp
[1.671s] -- Up-to-date: /home/lfvmu/kobuki/install/include/ecl/containers/stencil/converters.hpp
[1.671s] -- Up-to-date: /home/lfvmu/kobuki/install/include/ecl/containers/stencil/formatters.hpp
[1.671s] -- Up-to-date: /home/lfvmu/kobuki/install/include/ecl/containers/stencil/specialisations.hpp
[1.672s] -- Up-to-date: /home/lfvmu/kobuki/install/include/ecl/containers/stencil/stencil.hpp
[1.672s] -- Up-to-date: /home/lfvmu/kobuki/install/lib/ecl_containers/demo_formatters
[1.698s] Invoked command in '/home/lfvmu/kobuki/build/ecl_containers' returned '0': /usr/bin/cmake --install /home/lfvmu/kobuki/build/ecl_containers
