[2.008s] Invoking command in '/home/lfvmu/kobuki/src/ament_lint/ament_clang_format': AMENT_PREFIX_PATH=/home/lfvmu/kobuki/install CMAKE_PREFIX_PATH=/home/lfvmu/kobuki/install LD_LIBRARY_PATH=/home/lfvmu/kobuki/install/lib PATH=/home/lfvmu/kobuki/install/bin:${PATH} PYTHONPATH=/home/lfvmu/kobuki/build/ament_clang_format/prefix_override:/home/lfvmu/kobuki/install/lib/python3.8/site-packages:/home/lfvmu/kobuki/install/lib/python3.8/site-packages /usr/bin/python3 setup.py egg_info --egg-base ../../../build/ament_clang_format build --build-base /home/lfvmu/kobuki/build/ament_clang_format/build install --record /home/lfvmu/kobuki/build/ament_clang_format/install.log --single-version-externally-managed
[2.442s] running egg_info
[2.443s] writing ../../../build/ament_clang_format/ament_clang_format.egg-info/PKG-INFO
[2.443s] writing dependency_links to ../../../build/ament_clang_format/ament_clang_format.egg-info/dependency_links.txt
[2.443s] writing entry points to ../../../build/ament_clang_format/ament_clang_format.egg-info/entry_points.txt
[2.443s] writing requirements to ../../../build/ament_clang_format/ament_clang_format.egg-info/requires.txt
[2.443s] writing top-level names to ../../../build/ament_clang_format/ament_clang_format.egg-info/top_level.txt
[2.574s] reading manifest file '../../../build/ament_clang_format/ament_clang_format.egg-info/SOURCES.txt'
[2.593s] writing manifest file '../../../build/ament_clang_format/ament_clang_format.egg-info/SOURCES.txt'
[2.593s] running build
[2.594s] running build_py
[2.594s] running install
[2.594s] running install_lib
[2.595s] running install_data
[2.595s] running install_egg_info
[2.595s] removing '/home/lfvmu/kobuki/install/lib/python3.8/site-packages/ament_clang_format-0.9.7-py3.8.egg-info' (and everything under it)
[2.596s] Copying ../../../build/ament_clang_format/ament_clang_format.egg-info to /home/lfvmu/kobuki/install/lib/python3.8/site-packages/ament_clang_format-0.9.7-py3.8.egg-info
[2.596s] running install_scripts
[2.640s] Installing ament_clang_format script to /home/lfvmu/kobuki/install/bin
[2.641s] writing list of installed files to '/home/lfvmu/kobuki/build/ament_clang_format/install.log'
[2.790s] Invoked command in '/home/lfvmu/kobuki/src/ament_lint/ament_clang_format' returned '0': AMENT_PREFIX_PATH=/home/lfvmu/kobuki/install CMAKE_PREFIX_PATH=/home/lfvmu/kobuki/install LD_LIBRARY_PATH=/home/lfvmu/kobuki/install/lib PATH=/home/lfvmu/kobuki/install/bin:${PATH} PYTHONPATH=/home/lfvmu/kobuki/build/ament_clang_format/prefix_override:/home/lfvmu/kobuki/install/lib/python3.8/site-packages:/home/lfvmu/kobuki/install/lib/python3.8/site-packages /usr/bin/python3 setup.py egg_info --egg-base ../../../build/ament_clang_format build --build-base /home/lfvmu/kobuki/build/ament_clang_format/build install --record /home/lfvmu/kobuki/build/ament_clang_format/install.log --single-version-externally-managed
