[0.113s] Invoking command in '/home/lfvmu/kobuki/build/ament_cmake_clang_tidy': /usr/bin/cmake /home/lfvmu/kobuki/src/ament_lint/ament_cmake_clang_tidy -DBUILD_TESTING=OFF -DCMAKE_BUILD_TYPE=RelWithDebInfo -DCMAKE_INSTALL_PREFIX=/home/lfvmu/kobuki/install
[0.142s] -- Found ament_cmake_core: 0.9.11 (/home/lfvmu/kobuki/install/share/ament_cmake_core/cmake)
[0.185s] -- Using PYTHON_EXECUTABLE: /usr/bin/python3
[0.527s] -- Found ament_cmake_test: 0.9.11 (/home/lfvmu/kobuki/install/share/ament_cmake_test/cmake)
[0.690s] -- Configuring done
[0.692s] -- Generating done
[0.692s] -- Build files have been written to: /home/lfvmu/kobuki/build/ament_cmake_clang_tidy
[0.941s] Invoked command in '/home/lfvmu/kobuki/build/ament_cmake_clang_tidy' returned '0': /usr/bin/cmake /home/lfvmu/kobuki/src/ament_lint/ament_cmake_clang_tidy -DBUILD_TESTING=OFF -DCMAKE_BUILD_TYPE=RelWithDebInfo -DCMAKE_INSTALL_PREFIX=/home/lfvmu/kobuki/install
[0.943s] Invoking command in '/home/lfvmu/kobuki/build/ament_cmake_clang_tidy': /usr/bin/cmake --build /home/lfvmu/kobuki/build/ament_cmake_clang_tidy -- -j4 -l4
[1.038s] Invoked command in '/home/lfvmu/kobuki/build/ament_cmake_clang_tidy' returned '0': /usr/bin/cmake --build /home/lfvmu/kobuki/build/ament_cmake_clang_tidy -- -j4 -l4
[1.244s] Invoking command in '/home/lfvmu/kobuki/build/ament_cmake_clang_tidy': /usr/bin/cmake --install /home/lfvmu/kobuki/build/ament_cmake_clang_tidy
[1.273s] -- Install configuration: "RelWithDebInfo"
[1.284s] -- Up-to-date: /home/lfvmu/kobuki/install/share/ament_index/resource_index/package_run_dependencies/ament_cmake_clang_tidy
[1.285s] -- Up-to-date: /home/lfvmu/kobuki/install/share/ament_index/resource_index/parent_prefix_path/ament_cmake_clang_tidy
[1.285s] -- Up-to-date: /home/lfvmu/kobuki/install/share/ament_cmake_clang_tidy/environment/ament_prefix_path.sh
[1.285s] -- Installing: /home/lfvmu/kobuki/install/share/ament_cmake_clang_tidy/environment/ament_prefix_path.dsv
[1.285s] -- Up-to-date: /home/lfvmu/kobuki/install/share/ament_cmake_clang_tidy/environment/path.sh
[1.286s] -- Installing: /home/lfvmu/kobuki/install/share/ament_cmake_clang_tidy/environment/path.dsv
[1.286s] -- Up-to-date: /home/lfvmu/kobuki/install/share/ament_cmake_clang_tidy/local_setup.bash
[1.286s] -- Up-to-date: /home/lfvmu/kobuki/install/share/ament_cmake_clang_tidy/local_setup.sh
[1.286s] -- Up-to-date: /home/lfvmu/kobuki/install/share/ament_cmake_clang_tidy/local_setup.zsh
[1.286s] -- Installing: /home/lfvmu/kobuki/install/share/ament_cmake_clang_tidy/local_setup.dsv
[1.287s] -- Installing: /home/lfvmu/kobuki/install/share/ament_cmake_clang_tidy/package.dsv
[1.287s] -- Up-to-date: /home/lfvmu/kobuki/install/share/ament_index/resource_index/packages/ament_cmake_clang_tidy
[1.287s] -- Up-to-date: /home/lfvmu/kobuki/install/share/ament_cmake_clang_tidy/cmake/ament_cmake_clang_tidy-extras.cmake
[1.288s] -- Up-to-date: /home/lfvmu/kobuki/install/share/ament_cmake_clang_tidy/cmake/ament_cmake_clang_tidyConfig.cmake
[1.288s] -- Up-to-date: /home/lfvmu/kobuki/install/share/ament_cmake_clang_tidy/cmake/ament_cmake_clang_tidyConfig-version.cmake
[1.288s] -- Up-to-date: /home/lfvmu/kobuki/install/share/ament_cmake_clang_tidy/package.xml
[1.289s] -- Up-to-date: /home/lfvmu/kobuki/install/share/ament_cmake_clang_tidy/cmake
[1.289s] -- Up-to-date: /home/lfvmu/kobuki/install/share/ament_cmake_clang_tidy/cmake/ament_clang_tidy.cmake
[1.289s] -- Up-to-date: /home/lfvmu/kobuki/install/share/ament_cmake_clang_tidy/cmake/ament_cmake_clang_tidy_lint_hook.cmake
[1.548s] Invoked command in '/home/lfvmu/kobuki/build/ament_cmake_clang_tidy' returned '0': /usr/bin/cmake --install /home/lfvmu/kobuki/build/ament_cmake_clang_tidy
