[0.585s] Invoking command in '/home/lfvmu/kobuki/build/ecl_containers': /usr/bin/cmake /home/lfvmu/kobuki/src/ecl_core/ecl_containers -DBUILD_TESTING=OFF -DCMAKE_INSTALL_PREFIX=/home/lfvmu/kobuki/install
[0.631s] -- Found ament_cmake_ros: 0.9.2 (/home/lfvmu/kobuki/install/share/ament_cmake_ros/cmake)
[0.682s] -- Using PYTHON_EXECUTABLE: /usr/bin/python3
[1.068s] -- Found ecl_build: 1.0.3 (/home/lfvmu/kobuki/install/share/ecl_build/cmake)
[1.077s] -- Found ecl_config: 1.1.0 (/home/lfvmu/kobuki/install/share/ecl_config/cmake)
[1.094s] -- Found ecl_converters: 1.2.1 (/home/lfvmu/kobuki/install/share/ecl_converters/cmake)
[1.161s] -- Found ecl_formatters: 1.2.1 (/home/lfvmu/kobuki/install/share/ecl_formatters/cmake)
[1.180s] -- Found ecl_utilities: 1.2.1 (/home/lfvmu/kobuki/install/share/ecl_utilities/cmake)
[1.371s] -- Configuring done
[1.419s] -- Generating done
[1.431s] -- Build files have been written to: /home/lfvmu/kobuki/build/ecl_containers
[1.456s] Invoked command in '/home/lfvmu/kobuki/build/ecl_containers' returned '0': /usr/bin/cmake /home/lfvmu/kobuki/src/ecl_core/ecl_containers -DBUILD_TESTING=OFF -DCMAKE_INSTALL_PREFIX=/home/lfvmu/kobuki/install
[1.457s] Invoking command in '/home/lfvmu/kobuki/build/ecl_containers': /usr/bin/cmake --build /home/lfvmu/kobuki/build/ecl_containers -- -j4 -l4
[1.601s] [100%] Built target ecl_demo_formatters
[1.795s] Invoked command in '/home/lfvmu/kobuki/build/ecl_containers' returned '0': /usr/bin/cmake --build /home/lfvmu/kobuki/build/ecl_containers -- -j4 -l4
[1.886s] Invoking command in '/home/lfvmu/kobuki/build/ecl_containers': /usr/bin/cmake --install /home/lfvmu/kobuki/build/ecl_containers
[1.902s] -- Install configuration: "RelWithDebInfo"
[1.902s] -- Up-to-date: /home/lfvmu/kobuki/install/share/ament_index/resource_index/package_run_dependencies/ecl_containers
[1.903s] -- Up-to-date: /home/lfvmu/kobuki/install/share/ament_index/resource_index/parent_prefix_path/ecl_containers
[1.903s] -- Up-to-date: /home/lfvmu/kobuki/install/share/ecl_containers/environment/ament_prefix_path.sh
[1.903s] -- Installing: /home/lfvmu/kobuki/install/share/ecl_containers/environment/ament_prefix_path.dsv
[1.904s] -- Up-to-date: /home/lfvmu/kobuki/install/share/ecl_containers/environment/path.sh
[1.904s] -- Installing: /home/lfvmu/kobuki/install/share/ecl_containers/environment/path.dsv
[1.904s] -- Up-to-date: /home/lfvmu/kobuki/install/share/ecl_containers/local_setup.bash
[1.905s] -- Up-to-date: /home/lfvmu/kobuki/install/share/ecl_containers/local_setup.sh
[1.905s] -- Up-to-date: /home/lfvmu/kobuki/install/share/ecl_containers/local_setup.zsh
[1.906s] -- Installing: /home/lfvmu/kobuki/install/share/ecl_containers/local_setup.dsv
[1.906s] -- Installing: /home/lfvmu/kobuki/install/share/ecl_containers/package.dsv
[1.907s] -- Up-to-date: /home/lfvmu/kobuki/install/share/ament_index/resource_index/packages/ecl_containers
[1.907s] -- Up-to-date: /home/lfvmu/kobuki/install/share/ecl_containers/cmake/ecl_containersExport.cmake
[1.909s] -- Up-to-date: /home/lfvmu/kobuki/install/share/ecl_containers/cmake/ament_cmake_export_targets-extras.cmake
[1.910s] -- Up-to-date: /home/lfvmu/kobuki/install/share/ecl_containers/cmake/ament_cmake_export_include_directories-extras.cmake
[1.910s] -- Up-to-date: /home/lfvmu/kobuki/install/share/ecl_containers/cmake/ament_cmake_export_dependencies-extras.cmake
[1.910s] -- Up-to-date: /home/lfvmu/kobuki/install/share/ecl_containers/cmake/ecl_containersConfig.cmake
[1.911s] -- Up-to-date: /home/lfvmu/kobuki/install/share/ecl_containers/cmake/ecl_containersConfig-version.cmake
[1.911s] -- Up-to-date: /home/lfvmu/kobuki/install/share/ecl_containers/package.xml
[1.911s] -- Up-to-date: /home/lfvmu/kobuki/install/include/ecl/containers.hpp
[1.911s] -- Up-to-date: /home/lfvmu/kobuki/install/include/ecl/containers/array.hpp
[1.912s] -- Up-to-date: /home/lfvmu/kobuki/install/include/ecl/containers/converters.hpp
[1.912s] -- Up-to-date: /home/lfvmu/kobuki/install/include/ecl/containers/definitions.hpp
[1.912s] -- Up-to-date: /home/lfvmu/kobuki/install/include/ecl/containers/fifo.hpp
[1.913s] -- Up-to-date: /home/lfvmu/kobuki/install/include/ecl/containers/initialiser.hpp
[1.913s] -- Up-to-date: /home/lfvmu/kobuki/install/include/ecl/containers/push_and_pop.hpp
[1.913s] -- Up-to-date: /home/lfvmu/kobuki/install/include/ecl/containers/stencil.hpp
[1.913s] -- Up-to-date: /home/lfvmu/kobuki/install/include/ecl/containers/common/formatters.hpp
[1.913s] -- Up-to-date: /home/lfvmu/kobuki/install/include/ecl/containers/array/array_dynamic_mem_check.hpp
[1.914s] -- Up-to-date: /home/lfvmu/kobuki/install/include/ecl/containers/array/array_dynamic_no_mem_check.hpp
[1.914s] -- Up-to-date: /home/lfvmu/kobuki/install/include/ecl/containers/array/array_mem_check.hpp
[1.914s] -- Up-to-date: /home/lfvmu/kobuki/install/include/ecl/containers/array/array_no_mem_check.hpp
[1.914s] -- Up-to-date: /home/lfvmu/kobuki/install/include/ecl/containers/array/converters.hpp
[1.914s] -- Up-to-date: /home/lfvmu/kobuki/install/include/ecl/containers/array/formatters.hpp
[1.915s] -- Up-to-date: /home/lfvmu/kobuki/install/include/ecl/containers/push_and_pop/formatters.hpp
[1.915s] -- Up-to-date: /home/lfvmu/kobuki/install/include/ecl/containers/push_and_pop/push_and_pop_dynamic.hpp
[1.915s] -- Up-to-date: /home/lfvmu/kobuki/install/include/ecl/containers/push_and_pop/push_and_pop_fixed.hpp
[1.915s] -- Up-to-date: /home/lfvmu/kobuki/install/include/ecl/containers/stencil/converters.hpp
[1.916s] -- Up-to-date: /home/lfvmu/kobuki/install/include/ecl/containers/stencil/formatters.hpp
[1.916s] -- Up-to-date: /home/lfvmu/kobuki/install/include/ecl/containers/stencil/specialisations.hpp
[1.916s] -- Up-to-date: /home/lfvmu/kobuki/install/include/ecl/containers/stencil/stencil.hpp
[1.916s] -- Up-to-date: /home/lfvmu/kobuki/install/lib/ecl_containers/demo_formatters
[1.936s] Invoked command in '/home/lfvmu/kobuki/build/ecl_containers' returned '0': /usr/bin/cmake --install /home/lfvmu/kobuki/build/ecl_containers
