[0.358s] Invoking command in '/home/lfvmu/kobuki/build/ecl_converters': AMENT_PREFIX_PATH=/home/lfvmu/kobuki/install CMAKE_PREFIX_PATH=/home/lfvmu/kobuki/install LD_LIBRARY_PATH=/home/lfvmu/kobuki/install/lib PATH=/home/lfvmu/kobuki/install/bin:${PATH} PYTHONPATH=/home/lfvmu/kobuki/install/lib/python3.8/site-packages /usr/bin/cmake /home/lfvmu/kobuki/src/ecl_core/ecl_converters -DBUILD_TESTING=OFF -DCMAKE_INSTALL_PREFIX=/home/lfvmu/kobuki/install
[0.387s] Re-run cmake no build system arguments
[0.409s] -- Found ament_cmake_ros: 0.9.2 (/home/lfvmu/kobuki/install/share/ament_cmake_ros/cmake)
[0.458s] -- Using PYTHON_EXECUTABLE: /usr/bin/python3
[0.882s] -- Found ecl_build: 1.0.3 (/home/lfvmu/kobuki/install/share/ecl_build/cmake)
[0.920s] -- Found ecl_config: 1.1.0 (/home/lfvmu/kobuki/install/share/ecl_config/cmake)
[0.938s] -- Found ecl_concepts: 1.2.1 (/home/lfvmu/kobuki/install/share/ecl_concepts/cmake)
[0.965s] -- Found ecl_errors: 1.1.0 (/home/lfvmu/kobuki/install/share/ecl_errors/cmake)
[0.977s] -- Found ecl_exceptions: 1.2.1 (/home/lfvmu/kobuki/install/share/ecl_exceptions/cmake)
[1.163s] -- Configuring done
[1.185s] -- Generating done
[1.195s] -- Build files have been written to: /home/lfvmu/kobuki/build/ecl_converters
[1.262s] Invoked command in '/home/lfvmu/kobuki/build/ecl_converters' returned '0': AMENT_PREFIX_PATH=/home/lfvmu/kobuki/install CMAKE_PREFIX_PATH=/home/lfvmu/kobuki/install LD_LIBRARY_PATH=/home/lfvmu/kobuki/install/lib PATH=/home/lfvmu/kobuki/install/bin:${PATH} PYTHONPATH=/home/lfvmu/kobuki/install/lib/python3.8/site-packages /usr/bin/cmake /home/lfvmu/kobuki/src/ecl_core/ecl_converters -DBUILD_TESTING=OFF -DCMAKE_INSTALL_PREFIX=/home/lfvmu/kobuki/install
[1.271s] Invoking command in '/home/lfvmu/kobuki/build/ecl_converters': AMENT_PREFIX_PATH=/home/lfvmu/kobuki/install CMAKE_PREFIX_PATH=/home/lfvmu/kobuki/install LD_LIBRARY_PATH=/home/lfvmu/kobuki/install/lib PATH=/home/lfvmu/kobuki/install/bin:${PATH} PYTHONPATH=/home/lfvmu/kobuki/install/lib/python3.8/site-packages /usr/bin/cmake --build /home/lfvmu/kobuki/build/ecl_converters -- -j4 -l4
[1.339s] /usr/bin/cmake -S/home/lfvmu/kobuki/src/ecl_core/ecl_converters -B/home/lfvmu/kobuki/build/ecl_converters --check-build-system CMakeFiles/Makefile.cmake 0
[1.377s] /usr/bin/cmake -E cmake_progress_start /home/lfvmu/kobuki/build/ecl_converters/CMakeFiles /home/lfvmu/kobuki/build/ecl_converters/CMakeFiles/progress.marks
[1.395s] /usr/bin/make -f CMakeFiles/Makefile2 all
[1.407s] make[1]: Entering directory '/home/lfvmu/kobuki/build/ecl_converters'
[1.408s] /usr/bin/make -f src/examples/CMakeFiles/demo_float_converters.dir/build.make src/examples/CMakeFiles/demo_float_converters.dir/depend
[1.408s] make[2]: Entering directory '/home/lfvmu/kobuki/build/ecl_converters'
[1.409s] cd /home/lfvmu/kobuki/build/ecl_converters && /usr/bin/cmake -E cmake_depends "Unix Makefiles" /home/lfvmu/kobuki/src/ecl_core/ecl_converters /home/lfvmu/kobuki/src/ecl_core/ecl_converters/src/examples /home/lfvmu/kobuki/build/ecl_converters /home/lfvmu/kobuki/build/ecl_converters/src/examples /home/lfvmu/kobuki/build/ecl_converters/src/examples/CMakeFiles/demo_float_converters.dir/DependInfo.cmake --color=
[1.436s] make[2]: Leaving directory '/home/lfvmu/kobuki/build/ecl_converters'
[1.437s] /usr/bin/make -f src/examples/CMakeFiles/demo_float_converters.dir/build.make src/examples/CMakeFiles/demo_float_converters.dir/build
[1.446s] make[2]: Entering directory '/home/lfvmu/kobuki/build/ecl_converters'
[1.446s] make[2]: Nothing to be done for 'src/examples/CMakeFiles/demo_float_converters.dir/build'.
[1.446s] make[2]: Leaving directory '/home/lfvmu/kobuki/build/ecl_converters'
[1.473s] [100%] Built target demo_float_converters
[1.473s] make[1]: Leaving directory '/home/lfvmu/kobuki/build/ecl_converters'
[1.473s] /usr/bin/cmake -E cmake_progress_start /home/lfvmu/kobuki/build/ecl_converters/CMakeFiles 0
[1.730s] Invoked command in '/home/lfvmu/kobuki/build/ecl_converters' returned '0': AMENT_PREFIX_PATH=/home/lfvmu/kobuki/install CMAKE_PREFIX_PATH=/home/lfvmu/kobuki/install LD_LIBRARY_PATH=/home/lfvmu/kobuki/install/lib PATH=/home/lfvmu/kobuki/install/bin:${PATH} PYTHONPATH=/home/lfvmu/kobuki/install/lib/python3.8/site-packages /usr/bin/cmake --build /home/lfvmu/kobuki/build/ecl_converters -- -j4 -l4
[1.963s] Invoking command in '/home/lfvmu/kobuki/build/ecl_converters': AMENT_PREFIX_PATH=/home/lfvmu/kobuki/install CMAKE_PREFIX_PATH=/home/lfvmu/kobuki/install LD_LIBRARY_PATH=/home/lfvmu/kobuki/install/lib PATH=/home/lfvmu/kobuki/install/bin:${PATH} PYTHONPATH=/home/lfvmu/kobuki/install/lib/python3.8/site-packages /usr/bin/cmake --install /home/lfvmu/kobuki/build/ecl_converters
[1.987s] -- Install configuration: ""
[1.988s] -- Up-to-date: /home/lfvmu/kobuki/install/share/ament_index/resource_index/package_run_dependencies/ecl_converters
[1.988s] -- Up-to-date: /home/lfvmu/kobuki/install/share/ament_index/resource_index/parent_prefix_path/ecl_converters
[1.988s] -- Up-to-date: /home/lfvmu/kobuki/install/share/ecl_converters/environment/ament_prefix_path.sh
[1.989s] -- Installing: /home/lfvmu/kobuki/install/share/ecl_converters/environment/ament_prefix_path.dsv
[1.989s] -- Up-to-date: /home/lfvmu/kobuki/install/share/ecl_converters/environment/path.sh
[1.989s] -- Installing: /home/lfvmu/kobuki/install/share/ecl_converters/environment/path.dsv
[1.990s] -- Up-to-date: /home/lfvmu/kobuki/install/share/ecl_converters/local_setup.bash
[1.990s] -- Up-to-date: /home/lfvmu/kobuki/install/share/ecl_converters/local_setup.sh
[1.990s] -- Up-to-date: /home/lfvmu/kobuki/install/share/ecl_converters/local_setup.zsh
[1.990s] -- Installing: /home/lfvmu/kobuki/install/share/ecl_converters/local_setup.dsv
[1.991s] -- Installing: /home/lfvmu/kobuki/install/share/ecl_converters/package.dsv
[1.995s] -- Up-to-date: /home/lfvmu/kobuki/install/share/ament_index/resource_index/packages/ecl_converters
[1.995s] -- Up-to-date: /home/lfvmu/kobuki/install/share/ecl_converters/cmake/ecl_convertersExport.cmake
[1.996s] -- Up-to-date: /home/lfvmu/kobuki/install/share/ecl_converters/cmake/ament_cmake_export_targets-extras.cmake
[1.996s] -- Up-to-date: /home/lfvmu/kobuki/install/share/ecl_converters/cmake/ament_cmake_export_include_directories-extras.cmake
[1.996s] -- Up-to-date: /home/lfvmu/kobuki/install/share/ecl_converters/cmake/ament_cmake_export_dependencies-extras.cmake
[1.996s] -- Up-to-date: /home/lfvmu/kobuki/install/share/ecl_converters/cmake/ecl_convertersConfig.cmake
[1.996s] -- Up-to-date: /home/lfvmu/kobuki/install/share/ecl_converters/cmake/ecl_convertersConfig-version.cmake
[1.997s] -- Up-to-date: /home/lfvmu/kobuki/install/share/ecl_converters/package.xml
[1.997s] -- Up-to-date: /home/lfvmu/kobuki/install/include/ecl/converters.hpp
[1.997s] -- Up-to-date: /home/lfvmu/kobuki/install/include/ecl/converters/char.hpp
[1.997s] -- Up-to-date: /home/lfvmu/kobuki/install/include/ecl/converters/char_strings.hpp
[1.997s] -- Up-to-date: /home/lfvmu/kobuki/install/include/ecl/converters/converter.hpp
[1.998s] -- Up-to-date: /home/lfvmu/kobuki/install/include/ecl/converters/from_byte_array.hpp
[1.998s] -- Up-to-date: /home/lfvmu/kobuki/install/include/ecl/converters/integers.hpp
[1.998s] -- Up-to-date: /home/lfvmu/kobuki/install/include/ecl/converters/string.hpp
[1.998s] -- Up-to-date: /home/lfvmu/kobuki/install/include/ecl/converters/to_byte_array.hpp
[1.998s] -- Up-to-date: /home/lfvmu/kobuki/install/lib/ecl_converters/demo_float_converters
[2.026s] Invoked command in '/home/lfvmu/kobuki/build/ecl_converters' returned '0': AMENT_PREFIX_PATH=/home/lfvmu/kobuki/install CMAKE_PREFIX_PATH=/home/lfvmu/kobuki/install LD_LIBRARY_PATH=/home/lfvmu/kobuki/install/lib PATH=/home/lfvmu/kobuki/install/bin:${PATH} PYTHONPATH=/home/lfvmu/kobuki/install/lib/python3.8/site-packages /usr/bin/cmake --install /home/lfvmu/kobuki/build/ecl_converters
