[0.078s] Invoking command in '/home/lfvmu/kobuki/build/ament_cmake_pep257': /usr/bin/cmake /home/lfvmu/kobuki/src/ament_lint/ament_cmake_pep257 -DBUILD_TESTING=OFF -DCMAKE_INSTALL_PREFIX=/home/lfvmu/kobuki/install
[0.103s] -- Found ament_cmake_core: 0.9.11 (/home/lfvmu/kobuki/install/share/ament_cmake_core/cmake)
[0.163s] -- Using PYTHON_EXECUTABLE: /usr/bin/python3
[0.461s] -- Found ament_cmake_test: 0.9.11 (/home/lfvmu/kobuki/install/share/ament_cmake_test/cmake)
[0.595s] -- Configuring done
[0.606s] -- Generating done
[0.609s] -- Build files have been written to: /home/lfvmu/kobuki/build/ament_cmake_pep257
[0.621s] Invoked command in '/home/lfvmu/kobuki/build/ament_cmake_pep257' returned '0': /usr/bin/cmake /home/lfvmu/kobuki/src/ament_lint/ament_cmake_pep257 -DBUILD_TESTING=OFF -DCMAKE_INSTALL_PREFIX=/home/lfvmu/kobuki/install
[0.625s] Invoking command in '/home/lfvmu/kobuki/build/ament_cmake_pep257': /usr/bin/cmake --build /home/lfvmu/kobuki/build/ament_cmake_pep257 -- -j4 -l4
[0.719s] Invoked command in '/home/lfvmu/kobuki/build/ament_cmake_pep257' returned '0': /usr/bin/cmake --build /home/lfvmu/kobuki/build/ament_cmake_pep257 -- -j4 -l4
[0.774s] Invoking command in '/home/lfvmu/kobuki/build/ament_cmake_pep257': /usr/bin/cmake --install /home/lfvmu/kobuki/build/ament_cmake_pep257
[0.800s] -- Install configuration: "RelWithDebInfo"
[0.800s] -- Up-to-date: /home/lfvmu/kobuki/install/share/ament_index/resource_index/package_run_dependencies/ament_cmake_pep257
[0.800s] -- Up-to-date: /home/lfvmu/kobuki/install/share/ament_index/resource_index/parent_prefix_path/ament_cmake_pep257
[0.801s] -- Up-to-date: /home/lfvmu/kobuki/install/share/ament_cmake_pep257/environment/ament_prefix_path.sh
[0.802s] -- Installing: /home/lfvmu/kobuki/install/share/ament_cmake_pep257/environment/ament_prefix_path.dsv
[0.804s] -- Up-to-date: /home/lfvmu/kobuki/install/share/ament_cmake_pep257/environment/path.sh
[0.804s] -- Installing: /home/lfvmu/kobuki/install/share/ament_cmake_pep257/environment/path.dsv
[0.804s] -- Up-to-date: /home/lfvmu/kobuki/install/share/ament_cmake_pep257/local_setup.bash
[0.805s] -- Up-to-date: /home/lfvmu/kobuki/install/share/ament_cmake_pep257/local_setup.sh
[0.805s] -- Up-to-date: /home/lfvmu/kobuki/install/share/ament_cmake_pep257/local_setup.zsh
[0.805s] -- Installing: /home/lfvmu/kobuki/install/share/ament_cmake_pep257/local_setup.dsv
[0.806s] -- Installing: /home/lfvmu/kobuki/install/share/ament_cmake_pep257/package.dsv
[0.806s] -- Up-to-date: /home/lfvmu/kobuki/install/share/ament_index/resource_index/packages/ament_cmake_pep257
[0.806s] -- Up-to-date: /home/lfvmu/kobuki/install/share/ament_cmake_pep257/cmake/ament_cmake_pep257-extras.cmake
[0.806s] -- Up-to-date: /home/lfvmu/kobuki/install/share/ament_cmake_pep257/cmake/ament_cmake_pep257Config.cmake
[0.806s] -- Up-to-date: /home/lfvmu/kobuki/install/share/ament_cmake_pep257/cmake/ament_cmake_pep257Config-version.cmake
[0.807s] -- Up-to-date: /home/lfvmu/kobuki/install/share/ament_cmake_pep257/package.xml
[0.807s] -- Up-to-date: /home/lfvmu/kobuki/install/share/ament_cmake_pep257/cmake
[0.807s] -- Up-to-date: /home/lfvmu/kobuki/install/share/ament_cmake_pep257/cmake/ament_cmake_pep257_lint_hook.cmake
[0.807s] -- Up-to-date: /home/lfvmu/kobuki/install/share/ament_cmake_pep257/cmake/ament_pep257.cmake
[0.816s] Invoked command in '/home/lfvmu/kobuki/build/ament_cmake_pep257' returned '0': /usr/bin/cmake --install /home/lfvmu/kobuki/build/ament_cmake_pep257
