[0.683s] Invoking command in '/home/lfvmu/kobuki/build/ament_cmake_core': /usr/bin/cmake /home/lfvmu/kobuki/src/ament_cmake/ament_cmake_core -DBUILD_TESTING=OFF -DCMAKE_BUILD_TYPE=RelWithDebInfo -DCMAKE_INSTALL_PREFIX=/home/lfvmu/kobuki/install
[0.738s] -- Using PYTHON_EXECUTABLE: /usr/bin/python3
[0.858s] -- ament_cmake_core 0.9.11
[1.178s] -- Configuring done
[1.183s] -- Generating done
[1.186s] -- Build files have been written to: /home/lfvmu/kobuki/build/ament_cmake_core
[1.636s] Invoked command in '/home/lfvmu/kobuki/build/ament_cmake_core' returned '0': /usr/bin/cmake /home/lfvmu/kobuki/src/ament_cmake/ament_cmake_core -DBUILD_TESTING=OFF -DCMAKE_BUILD_TYPE=RelWithDebInfo -DCMAKE_INSTALL_PREFIX=/home/lfvmu/kobuki/install
[1.642s] Invoking command in '/home/lfvmu/kobuki/build/ament_cmake_core': /usr/bin/cmake --build /home/lfvmu/kobuki/build/ament_cmake_core -- -j4 -l4
[1.748s] Invoked command in '/home/lfvmu/kobuki/build/ament_cmake_core' returned '0': /usr/bin/cmake --build /home/lfvmu/kobuki/build/ament_cmake_core -- -j4 -l4
[1.834s] Invoking command in '/home/lfvmu/kobuki/build/ament_cmake_core': /usr/bin/cmake --install /home/lfvmu/kobuki/build/ament_cmake_core
[1.860s] -- Install configuration: "RelWithDebInfo"
[1.860s] -- Up-to-date: /home/lfvmu/kobuki/install/share/ament_index/resource_index/package_run_dependencies/ament_cmake_core
[1.861s] -- Up-to-date: /home/lfvmu/kobuki/install/share/ament_index/resource_index/parent_prefix_path/ament_cmake_core
[1.861s] -- Up-to-date: /home/lfvmu/kobuki/install/share/ament_cmake_core/environment/ament_prefix_path.sh
[1.861s] -- Installing: /home/lfvmu/kobuki/install/share/ament_cmake_core/environment/ament_prefix_path.dsv
[1.861s] -- Up-to-date: /home/lfvmu/kobuki/install/share/ament_cmake_core/environment/path.sh
[1.861s] -- Installing: /home/lfvmu/kobuki/install/share/ament_cmake_core/environment/path.dsv
[1.862s] -- Up-to-date: /home/lfvmu/kobuki/install/share/ament_cmake_core/local_setup.bash
[1.862s] -- Up-to-date: /home/lfvmu/kobuki/install/share/ament_cmake_core/local_setup.sh
[1.862s] -- Up-to-date: /home/lfvmu/kobuki/install/share/ament_cmake_core/local_setup.zsh
[1.862s] -- Installing: /home/lfvmu/kobuki/install/share/ament_cmake_core/local_setup.dsv
[1.862s] -- Installing: /home/lfvmu/kobuki/install/share/ament_cmake_core/package.dsv
[1.862s] -- Up-to-date: /home/lfvmu/kobuki/install/share/ament_index/resource_index/packages/ament_cmake_core
[1.863s] -- Up-to-date: /home/lfvmu/kobuki/install/share/ament_cmake_core/cmake/ament_cmake_core-extras.cmake
[1.863s] -- Up-to-date: /home/lfvmu/kobuki/install/share/ament_cmake_core/cmake/ament_cmake_environment-extras.cmake
[1.863s] -- Up-to-date: /home/lfvmu/kobuki/install/share/ament_cmake_core/cmake/ament_cmake_environment_hooks-extras.cmake
[1.863s] -- Up-to-date: /home/lfvmu/kobuki/install/share/ament_cmake_core/cmake/ament_cmake_index-extras.cmake
[1.863s] -- Up-to-date: /home/lfvmu/kobuki/install/share/ament_cmake_core/cmake/ament_cmake_package_templates-extras.cmake
[1.864s] -- Up-to-date: /home/lfvmu/kobuki/install/share/ament_cmake_core/cmake/ament_cmake_uninstall_target-extras.cmake
[1.864s] -- Up-to-date: /home/lfvmu/kobuki/install/share/ament_cmake_core/cmake/ament_cmake_symlink_install-extras.cmake
[1.864s] -- Up-to-date: /home/lfvmu/kobuki/install/share/ament_cmake_core/cmake/ament_cmake_coreConfig.cmake
[1.864s] -- Up-to-date: /home/lfvmu/kobuki/install/share/ament_cmake_core/cmake/ament_cmake_coreConfig-version.cmake
[1.864s] -- Up-to-date: /home/lfvmu/kobuki/install/share/ament_cmake_core/package.xml
[1.865s] -- Up-to-date: /home/lfvmu/kobuki/install/share/ament_cmake_core/cmake
[1.865s] -- Up-to-date: /home/lfvmu/kobuki/install/share/ament_cmake_core/cmake/index
[1.865s] -- Up-to-date: /home/lfvmu/kobuki/install/share/ament_cmake_core/cmake/index/ament_index_has_resource.cmake
[1.865s] -- Up-to-date: /home/lfvmu/kobuki/install/share/ament_cmake_core/cmake/index/ament_cmake_index_package_hook.cmake
[1.865s] -- Up-to-date: /home/lfvmu/kobuki/install/share/ament_cmake_core/cmake/index/ament_index_register_resource.cmake
[1.865s] -- Up-to-date: /home/lfvmu/kobuki/install/share/ament_cmake_core/cmake/index/ament_index_register_package.cmake
[1.866s] -- Up-to-date: /home/lfvmu/kobuki/install/share/ament_cmake_core/cmake/index/ament_index_get_resources.cmake
[1.866s] -- Up-to-date: /home/lfvmu/kobuki/install/share/ament_cmake_core/cmake/index/ament_index_get_prefix_path.cmake
[1.866s] -- Up-to-date: /home/lfvmu/kobuki/install/share/ament_cmake_core/cmake/index/ament_index_get_resource.cmake
[1.866s] -- Up-to-date: /home/lfvmu/kobuki/install/share/ament_cmake_core/cmake/environment_hooks
[1.866s] -- Up-to-date: /home/lfvmu/kobuki/install/share/ament_cmake_core/cmake/environment_hooks/ament_cmake_environment_hooks_package_hook.cmake
[1.867s] -- Up-to-date: /home/lfvmu/kobuki/install/share/ament_cmake_core/cmake/environment_hooks/environment
[1.867s] -- Up-to-date: /home/lfvmu/kobuki/install/share/ament_cmake_core/cmake/environment_hooks/environment/ament_prefix_path.bat
[1.867s] -- Up-to-date: /home/lfvmu/kobuki/install/share/ament_cmake_core/cmake/environment_hooks/environment/ament_prefix_path.sh
[1.867s] -- Up-to-date: /home/lfvmu/kobuki/install/share/ament_cmake_core/cmake/environment_hooks/environment/path.sh
[1.867s] -- Up-to-date: /home/lfvmu/kobuki/install/share/ament_cmake_core/cmake/environment_hooks/environment/path.bat
[1.867s] -- Up-to-date: /home/lfvmu/kobuki/install/share/ament_cmake_core/cmake/environment_hooks/ament_environment_hooks.cmake
[1.868s] -- Up-to-date: /home/lfvmu/kobuki/install/share/ament_cmake_core/cmake/environment_hooks/ament_generate_package_environment.cmake
[1.868s] -- Up-to-date: /home/lfvmu/kobuki/install/share/ament_cmake_core/cmake/environment
[1.876s] -- Up-to-date: /home/lfvmu/kobuki/install/share/ament_cmake_core/cmake/environment/ament_generate_environment.cmake
[1.877s] -- Up-to-date: /home/lfvmu/kobuki/install/share/ament_cmake_core/cmake/environment/ament_cmake_environment_package_hook.cmake
[1.877s] -- Up-to-date: /home/lfvmu/kobuki/install/share/ament_cmake_core/cmake/symlink_install
[1.877s] -- Up-to-date: /home/lfvmu/kobuki/install/share/ament_cmake_core/cmake/symlink_install/ament_cmake_symlink_install_uninstall_script.cmake.in
[1.877s] -- Up-to-date: /home/lfvmu/kobuki/install/share/ament_cmake_core/cmake/symlink_install/ament_cmake_symlink_install_append_install_code.cmake
[1.877s] -- Up-to-date: /home/lfvmu/kobuki/install/share/ament_cmake_core/cmake/symlink_install/ament_cmake_symlink_install_directory.cmake
[1.878s] -- Up-to-date: /home/lfvmu/kobuki/install/share/ament_cmake_core/cmake/symlink_install/ament_cmake_symlink_install.cmake.in
[1.878s] -- Up-to-date: /home/lfvmu/kobuki/install/share/ament_cmake_core/cmake/symlink_install/install.cmake
[1.878s] -- Up-to-date: /home/lfvmu/kobuki/install/share/ament_cmake_core/cmake/symlink_install/ament_cmake_symlink_install_files.cmake
[1.878s] -- Up-to-date: /home/lfvmu/kobuki/install/share/ament_cmake_core/cmake/symlink_install/ament_cmake_symlink_install_targets.cmake
[1.879s] -- Up-to-date: /home/lfvmu/kobuki/install/share/ament_cmake_core/cmake/symlink_install/ament_cmake_symlink_install_programs.cmake
[1.879s] -- Up-to-date: /home/lfvmu/kobuki/install/share/ament_cmake_core/cmake/uninstall_target
[1.879s] -- Up-to-date: /home/lfvmu/kobuki/install/share/ament_cmake_core/cmake/uninstall_target/ament_cmake_uninstall_target.cmake.in
[1.879s] -- Up-to-date: /home/lfvmu/kobuki/install/share/ament_cmake_core/cmake/uninstall_target/ament_cmake_uninstall_target_append_uninstall_code.cmake
[1.879s] -- Up-to-date: /home/lfvmu/kobuki/install/share/ament_cmake_core/cmake/package_templates
[1.880s] -- Up-to-date: /home/lfvmu/kobuki/install/share/ament_cmake_core/cmake/package_templates/templates_2_cmake.py
[1.880s] -- Up-to-date: /home/lfvmu/kobuki/install/share/ament_cmake_core/cmake/core
[1.880s] -- Up-to-date: /home/lfvmu/kobuki/install/share/ament_cmake_core/cmake/core/ament_register_extension.cmake
[1.880s] -- Up-to-date: /home/lfvmu/kobuki/install/share/ament_cmake_core/cmake/core/package_xml_2_cmake.py
[1.881s] -- Up-to-date: /home/lfvmu/kobuki/install/share/ament_cmake_core/cmake/core/normalize_path.cmake
[1.881s] -- Up-to-date: /home/lfvmu/kobuki/install/share/ament_cmake_core/cmake/core/python.cmake
[1.881s] -- Up-to-date: /home/lfvmu/kobuki/install/share/ament_cmake_core/cmake/core/stamp.cmake
[1.881s] -- Up-to-date: /home/lfvmu/kobuki/install/share/ament_cmake_core/cmake/core/ament_package.cmake
[1.882s] -- Up-to-date: /home/lfvmu/kobuki/install/share/ament_cmake_core/cmake/core/ament_execute_extensions.cmake
[1.882s] -- Up-to-date: /home/lfvmu/kobuki/install/share/ament_cmake_core/cmake/core/string_ends_with.cmake
[1.882s] -- Up-to-date: /home/lfvmu/kobuki/install/share/ament_cmake_core/cmake/core/templates
[1.882s] -- Up-to-date: /home/lfvmu/kobuki/install/share/ament_cmake_core/cmake/core/templates/nameConfig-version.cmake.in
[1.882s] -- Up-to-date: /home/lfvmu/kobuki/install/share/ament_cmake_core/cmake/core/templates/nameConfig.cmake.in
[1.883s] -- Up-to-date: /home/lfvmu/kobuki/install/share/ament_cmake_core/cmake/core/ament_package_xml.cmake
[1.883s] -- Up-to-date: /home/lfvmu/kobuki/install/share/ament_cmake_core/cmake/core/assert_file_exists.cmake
[1.883s] -- Up-to-date: /home/lfvmu/kobuki/install/share/ament_cmake_core/cmake/core/all.cmake
[1.883s] -- Up-to-date: /home/lfvmu/kobuki/install/share/ament_cmake_core/cmake/core/list_append_unique.cmake
[1.890s] Invoked command in '/home/lfvmu/kobuki/build/ament_cmake_core' returned '0': /usr/bin/cmake --install /home/lfvmu/kobuki/build/ament_cmake_core
