[0.144s] Invoking command in '/home/lfvmu/kobuki/build/ament_cmake_xmllint': /usr/bin/cmake /home/lfvmu/kobuki/src/ament_lint/ament_cmake_xmllint -DBUILD_TESTING=OFF -DCMAKE_INSTALL_PREFIX=/home/lfvmu/kobuki/install
[0.176s] Re-run cmake no build system arguments
[0.181s] -- Found ament_cmake_core: 0.9.11 (/home/lfvmu/kobuki/install/share/ament_cmake_core/cmake)
[0.241s] -- Using PYTHON_EXECUTABLE: /usr/bin/python3
[0.568s] -- Found ament_cmake_test: 0.9.11 (/home/lfvmu/kobuki/install/share/ament_cmake_test/cmake)
[0.705s] -- Configuring done
[0.708s] -- Generating done
[0.724s] -- Build files have been written to: /home/lfvmu/kobuki/build/ament_cmake_xmllint
[0.792s] Invoked command in '/home/lfvmu/kobuki/build/ament_cmake_xmllint' returned '0': /usr/bin/cmake /home/lfvmu/kobuki/src/ament_lint/ament_cmake_xmllint -DBUILD_TESTING=OFF -DCMAKE_INSTALL_PREFIX=/home/lfvmu/kobuki/install
[0.793s] Invoking command in '/home/lfvmu/kobuki/build/ament_cmake_xmllint': /usr/bin/cmake --build /home/lfvmu/kobuki/build/ament_cmake_xmllint -- -j4 -l4
[1.050s] /usr/bin/cmake -S/home/lfvmu/kobuki/src/ament_lint/ament_cmake_xmllint -B/home/lfvmu/kobuki/build/ament_cmake_xmllint --check-build-system CMakeFiles/Makefile.cmake 0
[1.050s] /usr/bin/cmake -E cmake_progress_start /home/lfvmu/kobuki/build/ament_cmake_xmllint/CMakeFiles /home/lfvmu/kobuki/build/ament_cmake_xmllint/CMakeFiles/progress.marks
[1.051s] /usr/bin/make -f CMakeFiles/Makefile2 all
[1.051s] make[1]: Entering directory '/home/lfvmu/kobuki/build/ament_cmake_xmllint'
[1.051s] make[1]: Nothing to be done for 'all'.
[1.051s] make[1]: Leaving directory '/home/lfvmu/kobuki/build/ament_cmake_xmllint'
[1.052s] /usr/bin/cmake -E cmake_progress_start /home/lfvmu/kobuki/build/ament_cmake_xmllint/CMakeFiles 0
[1.070s] Invoked command in '/home/lfvmu/kobuki/build/ament_cmake_xmllint' returned '0': /usr/bin/cmake --build /home/lfvmu/kobuki/build/ament_cmake_xmllint -- -j4 -l4
[1.209s] Invoking command in '/home/lfvmu/kobuki/build/ament_cmake_xmllint': /usr/bin/cmake --install /home/lfvmu/kobuki/build/ament_cmake_xmllint
[1.231s] -- Install configuration: "RelWithDebInfo"
[1.231s] -- Up-to-date: /home/lfvmu/kobuki/install/share/ament_index/resource_index/package_run_dependencies/ament_cmake_xmllint
[1.246s] -- Up-to-date: /home/lfvmu/kobuki/install/share/ament_index/resource_index/parent_prefix_path/ament_cmake_xmllint
[1.252s] -- Up-to-date: /home/lfvmu/kobuki/install/share/ament_cmake_xmllint/environment/ament_prefix_path.sh
[1.261s] -- Installing: /home/lfvmu/kobuki/install/share/ament_cmake_xmllint/environment/ament_prefix_path.dsv
[1.262s] -- Up-to-date: /home/lfvmu/kobuki/install/share/ament_cmake_xmllint/environment/path.sh
[1.262s] -- Installing: /home/lfvmu/kobuki/install/share/ament_cmake_xmllint/environment/path.dsv
[1.263s] -- Up-to-date: /home/lfvmu/kobuki/install/share/ament_cmake_xmllint/local_setup.bash
[1.263s] -- Up-to-date: /home/lfvmu/kobuki/install/share/ament_cmake_xmllint/local_setup.sh
[1.263s] -- Up-to-date: /home/lfvmu/kobuki/install/share/ament_cmake_xmllint/local_setup.zsh
[1.264s] -- Installing: /home/lfvmu/kobuki/install/share/ament_cmake_xmllint/local_setup.dsv
[1.264s] -- Installing: /home/lfvmu/kobuki/install/share/ament_cmake_xmllint/package.dsv
[1.264s] -- Up-to-date: /home/lfvmu/kobuki/install/share/ament_index/resource_index/packages/ament_cmake_xmllint
[1.264s] -- Up-to-date: /home/lfvmu/kobuki/install/share/ament_cmake_xmllint/cmake/ament_cmake_xmllint-extras.cmake
[1.265s] -- Up-to-date: /home/lfvmu/kobuki/install/share/ament_cmake_xmllint/cmake/ament_cmake_xmllintConfig.cmake
[1.265s] -- Up-to-date: /home/lfvmu/kobuki/install/share/ament_cmake_xmllint/cmake/ament_cmake_xmllintConfig-version.cmake
[1.265s] -- Up-to-date: /home/lfvmu/kobuki/install/share/ament_cmake_xmllint/package.xml
[1.265s] -- Up-to-date: /home/lfvmu/kobuki/install/share/ament_cmake_xmllint/cmake
[1.266s] -- Up-to-date: /home/lfvmu/kobuki/install/share/ament_cmake_xmllint/cmake/ament_xmllint.cmake
[1.266s] -- Up-to-date: /home/lfvmu/kobuki/install/share/ament_cmake_xmllint/cmake/ament_cmake_xmllint_lint_hook.cmake
[1.413s] Invoked command in '/home/lfvmu/kobuki/build/ament_cmake_xmllint' returned '0': /usr/bin/cmake --install /home/lfvmu/kobuki/build/ament_cmake_xmllint
