[1.591s] Invoking command in '/home/lfvmu/kobuki/src/ament_lint/ament_pep257': PYTHONPATH=/home/lfvmu/kobuki/build/ament_pep257/prefix_override:/home/lfvmu/kobuki/install/lib/python3.8/site-packages:${PYTHONPATH} /usr/bin/python3 setup.py egg_info --egg-base ../../../build/ament_pep257 build --build-base /home/lfvmu/kobuki/build/ament_pep257/build install --record /home/lfvmu/kobuki/build/ament_pep257/install.log --single-version-externally-managed
[1.961s] running egg_info
[1.962s] writing ../../../build/ament_pep257/ament_pep257.egg-info/PKG-INFO
[1.962s] writing dependency_links to ../../../build/ament_pep257/ament_pep257.egg-info/dependency_links.txt
[1.963s] writing entry points to ../../../build/ament_pep257/ament_pep257.egg-info/entry_points.txt
[1.963s] writing requirements to ../../../build/ament_pep257/ament_pep257.egg-info/requires.txt
[1.963s] writing top-level names to ../../../build/ament_pep257/ament_pep257.egg-info/top_level.txt
[2.067s] reading manifest file '../../../build/ament_pep257/ament_pep257.egg-info/SOURCES.txt'
[2.067s] writing manifest file '../../../build/ament_pep257/ament_pep257.egg-info/SOURCES.txt'
[2.068s] running build
[2.068s] running build_py
[2.068s] running install
[2.069s] running install_lib
[2.088s] running install_data
[2.089s] running install_egg_info
[2.089s] removing '/home/lfvmu/kobuki/install/lib/python3.8/site-packages/ament_pep257-0.9.7-py3.8.egg-info' (and everything under it)
[2.089s] Copying ../../../build/ament_pep257/ament_pep257.egg-info to /home/lfvmu/kobuki/install/lib/python3.8/site-packages/ament_pep257-0.9.7-py3.8.egg-info
[2.089s] running install_scripts
[2.125s] Installing ament_pep257 script to /home/lfvmu/kobuki/install/bin
[2.125s] writing list of installed files to '/home/lfvmu/kobuki/build/ament_pep257/install.log'
[2.195s] Invoked command in '/home/lfvmu/kobuki/src/ament_lint/ament_pep257' returned '0': PYTHONPATH=/home/lfvmu/kobuki/build/ament_pep257/prefix_override:/home/lfvmu/kobuki/install/lib/python3.8/site-packages:${PYTHONPATH} /usr/bin/python3 setup.py egg_info --egg-base ../../../build/ament_pep257 build --build-base /home/lfvmu/kobuki/build/ament_pep257/build install --record /home/lfvmu/kobuki/build/ament_pep257/install.log --single-version-externally-managed
