[0.357s] Invoking command in '/home/lfvmu/kobuki/build/ecl_io': /usr/bin/cmake /home/lfvmu/kobuki/src/ecl_lite/ecl_io -DBUILD_TESTING=OFF --no-warn-unused-cli -DCMAKE_INSTALL_PREFIX=/home/lfvmu/kobuki/install
[0.390s] Not searching for unused variables given on the command line.
[0.413s] -- Found ament_cmake_ros: 0.9.2 (/home/lfvmu/kobuki/install/share/ament_cmake_ros/cmake)
[0.452s] -- Using PYTHON_EXECUTABLE: /usr/bin/python3
[0.795s] -- Found ecl_build: 1.0.3 (/home/lfvmu/kobuki/install/share/ecl_build/cmake)
[0.814s] -- Found ecl_config: 1.1.0 (/home/lfvmu/kobuki/install/share/ecl_config/cmake)
[0.825s] -- Found ecl_errors: 1.1.0 (/home/lfvmu/kobuki/install/share/ecl_errors/cmake)
[1.024s] -- Configuring done
[1.071s] -- Generating done
[1.076s] -- Build files have been written to: /home/lfvmu/kobuki/build/ecl_io
[1.187s] Invoked command in '/home/lfvmu/kobuki/build/ecl_io' returned '0': /usr/bin/cmake /home/lfvmu/kobuki/src/ecl_lite/ecl_io -DBUILD_TESTING=OFF --no-warn-unused-cli -DCMAKE_INSTALL_PREFIX=/home/lfvmu/kobuki/install
[1.190s] Invoking command in '/home/lfvmu/kobuki/build/ecl_io': /usr/bin/cmake --build /home/lfvmu/kobuki/build/ecl_io -- -j4 -l4
[1.363s] [ 40%] Built target ecl_io
[1.455s] [ 60%] Built target ecl_io_example_sockets
[1.475s] [100%] Built target ecl_io_example_poll
[1.476s] [100%] Built target ecl_io_example_socketpair
[1.555s] Invoked command in '/home/lfvmu/kobuki/build/ecl_io' returned '0': /usr/bin/cmake --build /home/lfvmu/kobuki/build/ecl_io -- -j4 -l4
[1.863s] Invoking command in '/home/lfvmu/kobuki/build/ecl_io': /usr/bin/cmake --install /home/lfvmu/kobuki/build/ecl_io
[1.886s] -- Install configuration: "RelWithDebInfo"
[1.894s] -- Up-to-date: /home/lfvmu/kobuki/install/share/ecl_io/environment/library_path.sh
[1.894s] -- Installing: /home/lfvmu/kobuki/install/share/ecl_io/environment/library_path.dsv
[1.894s] -- Up-to-date: /home/lfvmu/kobuki/install/share/ament_index/resource_index/package_run_dependencies/ecl_io
[1.895s] -- Up-to-date: /home/lfvmu/kobuki/install/share/ament_index/resource_index/parent_prefix_path/ecl_io
[1.895s] -- Up-to-date: /home/lfvmu/kobuki/install/share/ecl_io/environment/ament_prefix_path.sh
[1.895s] -- Installing: /home/lfvmu/kobuki/install/share/ecl_io/environment/ament_prefix_path.dsv
[1.895s] -- Up-to-date: /home/lfvmu/kobuki/install/share/ecl_io/environment/path.sh
[1.896s] -- Installing: /home/lfvmu/kobuki/install/share/ecl_io/environment/path.dsv
[1.896s] -- Up-to-date: /home/lfvmu/kobuki/install/share/ecl_io/local_setup.bash
[1.897s] -- Up-to-date: /home/lfvmu/kobuki/install/share/ecl_io/local_setup.sh
[1.897s] -- Up-to-date: /home/lfvmu/kobuki/install/share/ecl_io/local_setup.zsh
[1.897s] -- Installing: /home/lfvmu/kobuki/install/share/ecl_io/local_setup.dsv
[1.897s] -- Installing: /home/lfvmu/kobuki/install/share/ecl_io/package.dsv
[1.898s] -- Up-to-date: /home/lfvmu/kobuki/install/share/ament_index/resource_index/packages/ecl_io
[1.898s] -- Up-to-date: /home/lfvmu/kobuki/install/share/ecl_io/cmake/ecl_ioExport.cmake
[1.898s] -- Installing: /home/lfvmu/kobuki/install/share/ecl_io/cmake/ecl_ioExport-relwithdebinfo.cmake
[1.899s] -- Up-to-date: /home/lfvmu/kobuki/install/share/ecl_io/cmake/ament_cmake_export_targets-extras.cmake
[1.899s] -- Up-to-date: /home/lfvmu/kobuki/install/share/ecl_io/cmake/ament_cmake_export_include_directories-extras.cmake
[1.899s] -- Up-to-date: /home/lfvmu/kobuki/install/share/ecl_io/cmake/ament_cmake_export_libraries-extras.cmake
[1.900s] -- Up-to-date: /home/lfvmu/kobuki/install/share/ecl_io/cmake/ament_cmake_export_dependencies-extras.cmake
[1.900s] -- Up-to-date: /home/lfvmu/kobuki/install/share/ecl_io/cmake/ecl_ioConfig.cmake
[1.901s] -- Up-to-date: /home/lfvmu/kobuki/install/share/ecl_io/cmake/ecl_ioConfig-version.cmake
[1.901s] -- Up-to-date: /home/lfvmu/kobuki/install/share/ecl_io/package.xml
[1.901s] -- Up-to-date: /home/lfvmu/kobuki/install/include/ecl/io.hpp
[1.902s] -- Up-to-date: /home/lfvmu/kobuki/install/include/ecl/sockets/macros.hpp
[1.904s] -- Up-to-date: /home/lfvmu/kobuki/install/include/ecl/sockets/poll.hpp
[1.904s] -- Up-to-date: /home/lfvmu/kobuki/install/include/ecl/sockets/socketpair.hpp
[1.905s] -- Up-to-date: /home/lfvmu/kobuki/install/include/ecl/sockets/sockets.hpp
[1.905s] -- Up-to-date: /home/lfvmu/kobuki/install/lib/libecl_io.so.1.1.0
[1.905s] -- Up-to-date: /home/lfvmu/kobuki/install/lib/libecl_io.so
[1.905s] -- Up-to-date: /home/lfvmu/kobuki/install/lib/ecl_io/demo_sockets
[1.906s] -- Up-to-date: /home/lfvmu/kobuki/install/lib/ecl_io/demo_socketpair
[1.906s] -- Up-to-date: /home/lfvmu/kobuki/install/lib/ecl_io/demo_poll
[1.912s] Invoked command in '/home/lfvmu/kobuki/build/ecl_io' returned '0': /usr/bin/cmake --install /home/lfvmu/kobuki/build/ecl_io
