[1.144s] DEBUG:colcon:Command line arguments: ['/home/lfvmu/.local/bin/colcon', 'build', '--merge-install', '--cmake-args', '-DBUILD_TESTING=OFF', '-DCMAKE_BUILD_TYPE=RelWithDebInfo']
[1.145s] DEBUG:colcon:Parsed command line arguments: Namespace(ament_cmake_args=None, base_paths=['.'], build_base='build', catkin_cmake_args=None, catkin_skip_building_tests=False, cmake_args=['-DBUILD_TESTING=OFF', '-DCMAKE_BUILD_TYPE=RelWithDebInfo'], cmake_clean_cache=False, cmake_clean_first=False, cmake_force_configure=False, cmake_target=None, cmake_target_skip_unavailable=False, continue_on_error=False, event_handlers=None, executor='parallel', ignore_user_meta=False, install_base='install', log_base=None, log_level=None, main=<bound method BuildVerb.main of <colcon_core.verb.build.BuildVerb object at 0x7f2ad47e5ac0>>, merge_install=True, metas=['./colcon.meta'], packages_above=None, packages_above_and_dependencies=None, packages_above_depth=None, packages_end=None, packages_ignore=None, packages_ignore_regex=None, packages_select=None, packages_select_build_failed=False, packages_select_by_dep=None, packages_select_regex=None, packages_select_test_failures=False, packages_skip=None, packages_skip_build_finished=False, packages_skip_by_dep=None, packages_skip_regex=None, packages_skip_test_passed=False, packages_skip_up_to=None, packages_start=None, packages_up_to=None, packages_up_to_regex=None, parallel_workers=4, paths=None, symlink_install=False, test_result_base=None, verb_extension=<colcon_core.verb.build.BuildVerb object at 0x7f2ad47e5ac0>, verb_name='build', verb_parser=<colcon_defaults.argument_parser.defaults.DefaultArgumentsDecorator object at 0x7f2ad47f1070>)
[1.224s] Level 1:colcon.colcon_core.package_discovery:discover_packages(colcon_meta) check parameters
[1.228s] INFO:colcon.colcon_metadata.package_discovery.colcon_meta:Using configuration from '/home/lfvmu/kobuki/colcon.meta'
[1.228s] Level 1:colcon.colcon_core.package_discovery:discover_packages(recursive) check parameters
[1.228s] Level 1:colcon.colcon_core.package_discovery:discover_packages(ignore) check parameters
[1.228s] Level 1:colcon.colcon_core.package_discovery:discover_packages(path) check parameters
[1.228s] Level 1:colcon.colcon_core.package_discovery:discover_packages(colcon_meta) discover
[1.228s] Level 1:colcon.colcon_core.package_discovery:discover_packages(recursive) discover
[1.228s] INFO:colcon.colcon_core.package_discovery:Crawling recursively for packages in '/home/lfvmu/kobuki'
[1.228s] Level 1:colcon.colcon_core.package_identification:_identify(.) by extensions ['ignore', 'ignore_ament_install']
[1.229s] Level 1:colcon.colcon_core.package_identification:_identify(.) by extension 'ignore'
[1.229s] Level 1:colcon.colcon_core.package_identification:_identify(.) by extension 'ignore_ament_install'
[1.229s] Level 1:colcon.colcon_core.package_identification:_identify(.) by extensions ['colcon_pkg']
[1.229s] Level 1:colcon.colcon_core.package_identification:_identify(.) by extension 'colcon_pkg'
[1.229s] Level 1:colcon.colcon_core.package_identification:_identify(.) by extensions ['colcon_meta']
[1.229s] Level 1:colcon.colcon_core.package_identification:_identify(.) by extension 'colcon_meta'
[1.229s] Level 1:colcon.colcon_core.package_identification:_identify(.) by extensions ['ros']
[1.229s] Level 1:colcon.colcon_core.package_identification:_identify(.) by extension 'ros'
[1.255s] Level 1:colcon.colcon_core.package_identification:_identify(.) by extensions ['cmake', 'python']
[1.255s] Level 1:colcon.colcon_core.package_identification:_identify(.) by extension 'cmake'
[1.255s] Level 1:colcon.colcon_core.package_identification:_identify(.) by extension 'python'
[1.255s] Level 1:colcon.colcon_core.package_identification:_identify(.) by extensions ['python_setup_py']
[1.255s] Level 1:colcon.colcon_core.package_identification:_identify(.) by extension 'python_setup_py'
[1.256s] Level 1:colcon.colcon_core.package_identification:_identify(build) by extensions ['ignore', 'ignore_ament_install']
[1.256s] Level 1:colcon.colcon_core.package_identification:_identify(build) by extension 'ignore'
[1.256s] Level 1:colcon.colcon_core.package_identification:_identify(build) ignored
[1.256s] Level 1:colcon.colcon_core.package_identification:_identify(install) by extensions ['ignore', 'ignore_ament_install']
[1.256s] Level 1:colcon.colcon_core.package_identification:_identify(install) by extension 'ignore'
[1.256s] Level 1:colcon.colcon_core.package_identification:_identify(install) ignored
[1.257s] Level 1:colcon.colcon_core.package_identification:_identify(log) by extensions ['ignore', 'ignore_ament_install']
[1.257s] Level 1:colcon.colcon_core.package_identification:_identify(log) by extension 'ignore'
[1.257s] Level 1:colcon.colcon_core.package_identification:_identify(log) ignored
[1.257s] Level 1:colcon.colcon_core.package_identification:_identify(src) by extensions ['ignore', 'ignore_ament_install']
[1.257s] Level 1:colcon.colcon_core.package_identification:_identify(src) by extension 'ignore'
[1.257s] Level 1:colcon.colcon_core.package_identification:_identify(src) by extension 'ignore_ament_install'
[1.257s] Level 1:colcon.colcon_core.package_identification:_identify(src) by extensions ['colcon_pkg']
[1.258s] Level 1:colcon.colcon_core.package_identification:_identify(src) by extension 'colcon_pkg'
[1.258s] Level 1:colcon.colcon_core.package_identification:_identify(src) by extensions ['colcon_meta']
[1.258s] Level 1:colcon.colcon_core.package_identification:_identify(src) by extension 'colcon_meta'
[1.258s] Level 1:colcon.colcon_core.package_identification:_identify(src) by extensions ['ros']
[1.258s] Level 1:colcon.colcon_core.package_identification:_identify(src) by extension 'ros'
[1.258s] Level 1:colcon.colcon_core.package_identification:_identify(src) by extensions ['cmake', 'python']
[1.258s] Level 1:colcon.colcon_core.package_identification:_identify(src) by extension 'cmake'
[1.659s] Level 1:colcon.colcon_core.package_identification:_identify(src) by extension 'python'
[1.660s] DEBUG:colcon.colcon_core.package_identification:Package 'src' with type 'cmake' and name 'src'
[1.660s] Level 1:colcon.colcon_core.package_discovery:discover_packages(recursive) using defaults
[1.660s] Level 1:colcon.colcon_core.package_discovery:discover_packages(ignore) discover
[1.660s] Level 1:colcon.colcon_core.package_discovery:discover_packages(ignore) using defaults
[1.660s] Level 1:colcon.colcon_core.package_discovery:discover_packages(path) discover
[1.660s] Level 1:colcon.colcon_core.package_discovery:discover_packages(path) using defaults
[1.751s] Level 5:colcon.colcon_core.verb:set package 'src' build argument 'cmake_args' from command line to '['-DBUILD_TESTING=OFF', '-DCMAKE_BUILD_TYPE=RelWithDebInfo']'
[1.751s] Level 5:colcon.colcon_core.verb:set package 'src' build argument 'cmake_target' from command line to 'None'
[1.752s] Level 5:colcon.colcon_core.verb:set package 'src' build argument 'cmake_target_skip_unavailable' from command line to 'False'
[1.752s] Level 5:colcon.colcon_core.verb:set package 'src' build argument 'cmake_clean_cache' from command line to 'False'
[1.752s] Level 5:colcon.colcon_core.verb:set package 'src' build argument 'cmake_clean_first' from command line to 'False'
[1.752s] Level 5:colcon.colcon_core.verb:set package 'src' build argument 'cmake_force_configure' from command line to 'False'
[1.752s] Level 5:colcon.colcon_core.verb:set package 'src' build argument 'ament_cmake_args' from command line to 'None'
[1.752s] Level 5:colcon.colcon_core.verb:set package 'src' build argument 'catkin_cmake_args' from command line to 'None'
[1.752s] Level 5:colcon.colcon_core.verb:set package 'src' build argument 'catkin_skip_building_tests' from command line to 'False'
[1.752s] DEBUG:colcon.colcon_core.verb:Building package 'src' with the following arguments: {'ament_cmake_args': None, 'build_base': '/home/lfvmu/kobuki/build/src', 'catkin_cmake_args': None, 'catkin_skip_building_tests': False, 'cmake_args': ['-DBUILD_TESTING=OFF', '-DCMAKE_BUILD_TYPE=RelWithDebInfo'], 'cmake_clean_cache': False, 'cmake_clean_first': False, 'cmake_force_configure': False, 'cmake_target': None, 'cmake_target_skip_unavailable': False, 'install_base': '/home/lfvmu/kobuki/install', 'merge_install': True, 'path': '/home/lfvmu/kobuki/src', 'symlink_install': False, 'test_result_base': None}
[1.757s] INFO:colcon.colcon_core.executor:Executing jobs using 'parallel' executor
[1.793s] DEBUG:colcon.colcon_parallel_executor.executor.parallel:run_until_complete
[1.793s] INFO:colcon.colcon_cmake.task.cmake.build:Building CMake package in '/home/lfvmu/kobuki/src'
[1.816s] INFO:colcon.colcon_core.plugin_system:Skipping extension 'colcon_core.shell.bat': Not used on non-Windows systems
[1.816s] INFO:colcon.colcon_core.shell:Skip shell extension 'powershell' for command environment: Not usable outside of PowerShell
[1.816s] DEBUG:colcon.colcon_core.shell:Skip shell extension 'dsv' for command environment
[1.864s] DEBUG:colcon.colcon_core.event_handler.log_command:Invoking command in '/home/lfvmu/kobuki/build/src': /usr/bin/cmake /home/lfvmu/kobuki/src -DBUILD_TESTING=OFF -DCMAKE_BUILD_TYPE=RelWithDebInfo -DCMAKE_INSTALL_PREFIX=/home/lfvmu/kobuki/install
[1.915s] DEBUG:colcon.colcon_core.event_handler.log_command:Invoked command in '/home/lfvmu/kobuki/build/src' returned '0': /usr/bin/cmake /home/lfvmu/kobuki/src -DBUILD_TESTING=OFF -DCMAKE_BUILD_TYPE=RelWithDebInfo -DCMAKE_INSTALL_PREFIX=/home/lfvmu/kobuki/install
[1.922s] DEBUG:colcon.colcon_core.event_handler.log_command:Invoking command in '/home/lfvmu/kobuki/build/src': /usr/bin/cmake --build /home/lfvmu/kobuki/build/src -- -j4 -l4
[2.000s] DEBUG:colcon.colcon_core.event_handler.log_command:Invoked command in '/home/lfvmu/kobuki/build/src' returned '0': /usr/bin/cmake --build /home/lfvmu/kobuki/build/src -- -j4 -l4
[2.031s] WARNING:colcon.colcon_cmake.task.cmake.build:Could not run installation step for package 'src' because it has no 'install' target
[2.031s] Level 1:colcon.colcon_core.environment:create_environment_scripts_only(src)
[2.055s] Level 1:colcon.colcon_core.environment:checking '/home/lfvmu/kobuki/install' for CMake module files
[2.056s] Level 1:colcon.colcon_core.environment:checking '/home/lfvmu/kobuki/install' for CMake config files
[2.072s] Level 1:colcon.colcon_core.shell:create_environment_hook('src', 'cmake_prefix_path')
[2.087s] INFO:colcon.colcon_core.shell:Creating environment hook '/home/lfvmu/kobuki/install/share/src/hook/cmake_prefix_path.ps1'
[2.089s] INFO:colcon.colcon_core.shell:Creating environment descriptor '/home/lfvmu/kobuki/install/share/src/hook/cmake_prefix_path.dsv'
[2.090s] INFO:colcon.colcon_core.shell:Creating environment hook '/home/lfvmu/kobuki/install/share/src/hook/cmake_prefix_path.sh'
[2.092s] Level 1:colcon.colcon_core.environment:checking '/home/lfvmu/kobuki/install/lib'
[2.092s] Level 1:colcon.colcon_core.shell:create_environment_hook('src', 'ld_library_path_lib')
[2.106s] INFO:colcon.colcon_core.shell:Creating environment hook '/home/lfvmu/kobuki/install/share/src/hook/ld_library_path_lib.ps1'
[2.107s] INFO:colcon.colcon_core.shell:Creating environment descriptor '/home/lfvmu/kobuki/install/share/src/hook/ld_library_path_lib.dsv'
[2.108s] INFO:colcon.colcon_core.shell:Creating environment hook '/home/lfvmu/kobuki/install/share/src/hook/ld_library_path_lib.sh'
[2.108s] Level 1:colcon.colcon_core.environment:checking '/home/lfvmu/kobuki/install/bin'
[2.108s] Level 1:colcon.colcon_core.shell:create_environment_hook('src', 'path')
[2.122s] INFO:colcon.colcon_core.shell:Creating environment hook '/home/lfvmu/kobuki/install/share/src/hook/path.ps1'
[2.123s] INFO:colcon.colcon_core.shell:Creating environment descriptor '/home/lfvmu/kobuki/install/share/src/hook/path.dsv'
[2.124s] INFO:colcon.colcon_core.shell:Creating environment hook '/home/lfvmu/kobuki/install/share/src/hook/path.sh'
[2.124s] Level 1:colcon.colcon_core.environment:checking '/home/lfvmu/kobuki/install/lib/pkgconfig/src.pc'
[2.126s] Level 1:colcon.colcon_core.environment:checking '/home/lfvmu/kobuki/install/lib/python3.8/site-packages'
[2.126s] Level 1:colcon.colcon_core.shell:create_environment_hook('src', 'pythonpath')
[2.142s] INFO:colcon.colcon_core.shell:Creating environment hook '/home/lfvmu/kobuki/install/share/src/hook/pythonpath.ps1'
[2.143s] INFO:colcon.colcon_core.shell:Creating environment descriptor '/home/lfvmu/kobuki/install/share/src/hook/pythonpath.dsv'
[2.144s] INFO:colcon.colcon_core.shell:Creating environment hook '/home/lfvmu/kobuki/install/share/src/hook/pythonpath.sh'
[2.145s] Level 1:colcon.colcon_core.environment:checking '/home/lfvmu/kobuki/install/bin'
[2.145s] Level 1:colcon.colcon_core.shell:create_environment_hook('src', 'pythonscriptspath')
[2.161s] INFO:colcon.colcon_core.shell:Creating environment hook '/home/lfvmu/kobuki/install/share/src/hook/pythonscriptspath.ps1'
[2.162s] INFO:colcon.colcon_core.shell:Creating environment descriptor '/home/lfvmu/kobuki/install/share/src/hook/pythonscriptspath.dsv'
[2.163s] INFO:colcon.colcon_core.shell:Creating environment hook '/home/lfvmu/kobuki/install/share/src/hook/pythonscriptspath.sh'
[2.179s] INFO:colcon.colcon_core.shell:Creating package script '/home/lfvmu/kobuki/install/share/src/package.ps1'
[2.181s] INFO:colcon.colcon_core.shell:Creating package descriptor '/home/lfvmu/kobuki/install/share/src/package.dsv'
[2.182s] INFO:colcon.colcon_core.shell:Creating package script '/home/lfvmu/kobuki/install/share/src/package.sh'
[2.184s] INFO:colcon.colcon_core.shell:Creating package script '/home/lfvmu/kobuki/install/share/src/package.bash'
[2.186s] INFO:colcon.colcon_core.shell:Creating package script '/home/lfvmu/kobuki/install/share/src/package.zsh'
[2.187s] Level 1:colcon.colcon_core.environment:create_file_with_runtime_dependencies(/home/lfvmu/kobuki/install/share/colcon-core/packages/src)
[2.188s] DEBUG:colcon.colcon_parallel_executor.executor.parallel:closing loop
[2.188s] DEBUG:colcon.colcon_parallel_executor.executor.parallel:loop closed
[2.188s] DEBUG:colcon.colcon_parallel_executor.executor.parallel:run_until_complete finished with '0'
[2.188s] DEBUG:colcon.colcon_core.event_reactor:joining thread
[2.214s] INFO:colcon.colcon_core.plugin_system:Skipping extension 'colcon_notification.desktop_notification.terminal_notifier': Not used on non-Darwin systems
[2.214s] INFO:colcon.colcon_core.plugin_system:Skipping extension 'colcon_notification.desktop_notification.win32': Not used on non-Windows systems
[2.214s] INFO:colcon.colcon_notification.desktop_notification:Sending desktop notification using 'notify2'
[2.252s] DEBUG:colcon.colcon_core.event_reactor:joined thread
[2.270s] INFO:colcon.colcon_core.shell:Creating prefix script '/home/lfvmu/kobuki/install/local_setup.ps1'
[2.273s] INFO:colcon.colcon_core.shell:Creating prefix util module '/home/lfvmu/kobuki/install/_local_setup_util_ps1.py'
[2.277s] INFO:colcon.colcon_core.shell:Creating prefix chain script '/home/lfvmu/kobuki/install/setup.ps1'
[2.290s] INFO:colcon.colcon_core.shell:Creating prefix script '/home/lfvmu/kobuki/install/local_setup.sh'
[2.292s] INFO:colcon.colcon_core.shell:Creating prefix util module '/home/lfvmu/kobuki/install/_local_setup_util_sh.py'
[2.293s] INFO:colcon.colcon_core.shell:Creating prefix chain script '/home/lfvmu/kobuki/install/setup.sh'
[2.306s] INFO:colcon.colcon_core.shell:Creating prefix script '/home/lfvmu/kobuki/install/local_setup.bash'
[2.307s] INFO:colcon.colcon_core.shell:Creating prefix chain script '/home/lfvmu/kobuki/install/setup.bash'
[2.319s] INFO:colcon.colcon_core.shell:Creating prefix script '/home/lfvmu/kobuki/install/local_setup.zsh'
[2.320s] INFO:colcon.colcon_core.shell:Creating prefix chain script '/home/lfvmu/kobuki/install/setup.zsh'
