[0.250s] Invoking command in '/home/lfvmu/kobuki/build/ament_cmake_auto': /usr/bin/cmake /home/lfvmu/kobuki/src/ament_cmake/ament_cmake_auto -DBUILD_TESTING=OFF -DCMAKE_INSTALL_PREFIX=/home/lfvmu/kobuki/install
[0.287s] -- Found ament_cmake: 0.9.11 (/home/lfvmu/kobuki/install/share/ament_cmake/cmake)
[0.323s] -- Using PYTHON_EXECUTABLE: /usr/bin/python3
[0.802s] -- Configuring done
[0.807s] -- Generating done
[0.808s] -- Build files have been written to: /home/lfvmu/kobuki/build/ament_cmake_auto
[0.878s] Invoked command in '/home/lfvmu/kobuki/build/ament_cmake_auto' returned '0': /usr/bin/cmake /home/lfvmu/kobuki/src/ament_cmake/ament_cmake_auto -DBUILD_TESTING=OFF -DCMAKE_INSTALL_PREFIX=/home/lfvmu/kobuki/install
[0.880s] Invoking command in '/home/lfvmu/kobuki/build/ament_cmake_auto': /usr/bin/cmake --build /home/lfvmu/kobuki/build/ament_cmake_auto -- -j4 -l4
[1.157s] Invoked command in '/home/lfvmu/kobuki/build/ament_cmake_auto' returned '0': /usr/bin/cmake --build /home/lfvmu/kobuki/build/ament_cmake_auto -- -j4 -l4
[1.204s] Invoking command in '/home/lfvmu/kobuki/build/ament_cmake_auto': /usr/bin/cmake --install /home/lfvmu/kobuki/build/ament_cmake_auto
[1.243s] -- Install configuration: "RelWithDebInfo"
[1.244s] -- Up-to-date: /home/lfvmu/kobuki/install/share/ament_index/resource_index/package_run_dependencies/ament_cmake_auto
[1.244s] -- Up-to-date: /home/lfvmu/kobuki/install/share/ament_index/resource_index/parent_prefix_path/ament_cmake_auto
[1.244s] -- Up-to-date: /home/lfvmu/kobuki/install/share/ament_cmake_auto/environment/ament_prefix_path.sh
[1.244s] -- Installing: /home/lfvmu/kobuki/install/share/ament_cmake_auto/environment/ament_prefix_path.dsv
[1.245s] -- Up-to-date: /home/lfvmu/kobuki/install/share/ament_cmake_auto/environment/path.sh
[1.245s] -- Installing: /home/lfvmu/kobuki/install/share/ament_cmake_auto/environment/path.dsv
[1.245s] -- Up-to-date: /home/lfvmu/kobuki/install/share/ament_cmake_auto/local_setup.bash
[1.245s] -- Up-to-date: /home/lfvmu/kobuki/install/share/ament_cmake_auto/local_setup.sh
[1.246s] -- Up-to-date: /home/lfvmu/kobuki/install/share/ament_cmake_auto/local_setup.zsh
[1.246s] -- Installing: /home/lfvmu/kobuki/install/share/ament_cmake_auto/local_setup.dsv
[1.246s] -- Installing: /home/lfvmu/kobuki/install/share/ament_cmake_auto/package.dsv
[1.247s] -- Up-to-date: /home/lfvmu/kobuki/install/share/ament_index/resource_index/packages/ament_cmake_auto
[1.247s] -- Up-to-date: /home/lfvmu/kobuki/install/share/ament_cmake_auto/cmake/ament_cmake_auto-extras.cmake
[1.248s] -- Up-to-date: /home/lfvmu/kobuki/install/share/ament_cmake_auto/cmake/ament_cmake_autoConfig.cmake
[1.248s] -- Up-to-date: /home/lfvmu/kobuki/install/share/ament_cmake_auto/cmake/ament_cmake_autoConfig-version.cmake
[1.248s] -- Up-to-date: /home/lfvmu/kobuki/install/share/ament_cmake_auto/package.xml
[1.248s] -- Up-to-date: /home/lfvmu/kobuki/install/share/ament_cmake_auto/cmake
[1.248s] -- Up-to-date: /home/lfvmu/kobuki/install/share/ament_cmake_auto/cmake/ament_auto_package.cmake
[1.249s] -- Up-to-date: /home/lfvmu/kobuki/install/share/ament_cmake_auto/cmake/ament_auto_find_build_dependencies.cmake
[1.265s] -- Up-to-date: /home/lfvmu/kobuki/install/share/ament_cmake_auto/cmake/ament_auto_add_executable.cmake
[1.266s] -- Up-to-date: /home/lfvmu/kobuki/install/share/ament_cmake_auto/cmake/ament_auto_generate_code.cmake
[1.266s] -- Up-to-date: /home/lfvmu/kobuki/install/share/ament_cmake_auto/cmake/ament_auto_add_library.cmake
[1.380s] Invoked command in '/home/lfvmu/kobuki/build/ament_cmake_auto' returned '0': /usr/bin/cmake --install /home/lfvmu/kobuki/build/ament_cmake_auto
