[0.287s] Invoking command in '/home/lfvmu/kobuki/build/ecl_statistics': AMENT_PREFIX_PATH=/home/lfvmu/kobuki/install CMAKE_PREFIX_PATH=/home/lfvmu/kobuki/install LD_LIBRARY_PATH=/home/lfvmu/kobuki/install/lib PATH=/home/lfvmu/kobuki/install/bin:${PATH} PKG_CONFIG_PATH=/home/lfvmu/kobuki/install/lib/x86_64-linux-gnu/pkgconfig:/home/lfvmu/kobuki/install/lib/pkgconfig PYTHONPATH=/home/lfvmu/kobuki/install/lib/python3.8/site-packages /usr/bin/cmake /home/lfvmu/kobuki/src/ecl_core/ecl_statistics -DBUILD_TESTING=OFF -DCMAKE_INSTALL_PREFIX=/home/lfvmu/kobuki/install
[0.441s] -- The C compiler identification is GNU 9.4.0
[0.642s] -- The CXX compiler identification is GNU 9.4.0
[0.660s] -- Check for working C compiler: /usr/bin/cc
[0.870s] -- Check for working C compiler: /usr/bin/cc -- works
[0.874s] -- Detecting C compiler ABI info
[1.082s] -- Detecting C compiler ABI info - done
[1.140s] -- Detecting C compile features
[1.142s] -- Detecting C compile features - done
[1.155s] -- Check for working CXX compiler: /usr/bin/c++
[1.413s] -- Check for working CXX compiler: /usr/bin/c++ -- works
[1.416s] -- Detecting CXX compiler ABI info
[1.685s] -- Detecting CXX compiler ABI info - done
[1.749s] -- Detecting CXX compile features
[1.751s] -- Detecting CXX compile features - done
[1.753s] -- Found ament_cmake_ros: 0.9.2 (/home/lfvmu/kobuki/install/share/ament_cmake_ros/cmake)
[1.805s] -- Found PythonInterp: /usr/bin/python3 (found suitable version "3.8.10", minimum required is "3") 
[1.805s] -- Using PYTHON_EXECUTABLE: /usr/bin/python3
[2.181s] -- Found ecl_build: 1.0.3 (/home/lfvmu/kobuki/install/share/ecl_build/cmake)
[2.204s] -- Found ecl_config: 1.1.0 (/home/lfvmu/kobuki/install/share/ecl_config/cmake)
[2.212s] -- Found ecl_linear_algebra: 1.2.1 (/home/lfvmu/kobuki/install/share/ecl_linear_algebra/cmake)
[2.516s] -- Configuring done
[2.538s] -- Generating done
[2.543s] -- Build files have been written to: /home/lfvmu/kobuki/build/ecl_statistics
[2.554s] Invoked command in '/home/lfvmu/kobuki/build/ecl_statistics' returned '0': AMENT_PREFIX_PATH=/home/lfvmu/kobuki/install CMAKE_PREFIX_PATH=/home/lfvmu/kobuki/install LD_LIBRARY_PATH=/home/lfvmu/kobuki/install/lib PATH=/home/lfvmu/kobuki/install/bin:${PATH} PKG_CONFIG_PATH=/home/lfvmu/kobuki/install/lib/x86_64-linux-gnu/pkgconfig:/home/lfvmu/kobuki/install/lib/pkgconfig PYTHONPATH=/home/lfvmu/kobuki/install/lib/python3.8/site-packages /usr/bin/cmake /home/lfvmu/kobuki/src/ecl_core/ecl_statistics -DBUILD_TESTING=OFF -DCMAKE_INSTALL_PREFIX=/home/lfvmu/kobuki/install
[2.556s] Invoking command in '/home/lfvmu/kobuki/build/ecl_statistics': AMENT_PREFIX_PATH=/home/lfvmu/kobuki/install CMAKE_PREFIX_PATH=/home/lfvmu/kobuki/install LD_LIBRARY_PATH=/home/lfvmu/kobuki/install/lib PATH=/home/lfvmu/kobuki/install/bin:${PATH} PKG_CONFIG_PATH=/home/lfvmu/kobuki/install/lib/x86_64-linux-gnu/pkgconfig:/home/lfvmu/kobuki/install/lib/pkgconfig PYTHONPATH=/home/lfvmu/kobuki/install/lib/python3.8/site-packages /usr/bin/cmake --build /home/lfvmu/kobuki/build/ecl_statistics -- -j4 -l4
[2.660s] [35m[1mScanning dependencies of target ecl_statistics[0m
[2.869s] [ 50%] [32mBuilding CXX object src/lib/CMakeFiles/ecl_statistics.dir/covariance_ellipsoid.cpp.o[0m
[50.059s] [100%] [32m[1mLinking CXX shared library libecl_statistics.so[0m
[51.445s] [100%] Built target ecl_statistics
[51.471s] Invoked command in '/home/lfvmu/kobuki/build/ecl_statistics' returned '0': AMENT_PREFIX_PATH=/home/lfvmu/kobuki/install CMAKE_PREFIX_PATH=/home/lfvmu/kobuki/install LD_LIBRARY_PATH=/home/lfvmu/kobuki/install/lib PATH=/home/lfvmu/kobuki/install/bin:${PATH} PKG_CONFIG_PATH=/home/lfvmu/kobuki/install/lib/x86_64-linux-gnu/pkgconfig:/home/lfvmu/kobuki/install/lib/pkgconfig PYTHONPATH=/home/lfvmu/kobuki/install/lib/python3.8/site-packages /usr/bin/cmake --build /home/lfvmu/kobuki/build/ecl_statistics -- -j4 -l4
[51.524s] Invoking command in '/home/lfvmu/kobuki/build/ecl_statistics': AMENT_PREFIX_PATH=/home/lfvmu/kobuki/install CMAKE_PREFIX_PATH=/home/lfvmu/kobuki/install LD_LIBRARY_PATH=/home/lfvmu/kobuki/install/lib PATH=/home/lfvmu/kobuki/install/bin:${PATH} PKG_CONFIG_PATH=/home/lfvmu/kobuki/install/lib/x86_64-linux-gnu/pkgconfig:/home/lfvmu/kobuki/install/lib/pkgconfig PYTHONPATH=/home/lfvmu/kobuki/install/lib/python3.8/site-packages /usr/bin/cmake --install /home/lfvmu/kobuki/build/ecl_statistics
[51.544s] -- Install configuration: ""
[51.545s] -- Installing: /home/lfvmu/kobuki/install/share/ecl_statistics/environment/library_path.sh
[51.545s] -- Installing: /home/lfvmu/kobuki/install/share/ecl_statistics/environment/library_path.dsv
[51.545s] -- Installing: /home/lfvmu/kobuki/install/share/ament_index/resource_index/package_run_dependencies/ecl_statistics
[51.546s] -- Installing: /home/lfvmu/kobuki/install/share/ament_index/resource_index/parent_prefix_path/ecl_statistics
[51.546s] -- Installing: /home/lfvmu/kobuki/install/share/ecl_statistics/environment/ament_prefix_path.sh
[51.547s] -- Installing: /home/lfvmu/kobuki/install/share/ecl_statistics/environment/ament_prefix_path.dsv
[51.547s] -- Installing: /home/lfvmu/kobuki/install/share/ecl_statistics/environment/path.sh
[51.547s] -- Installing: /home/lfvmu/kobuki/install/share/ecl_statistics/environment/path.dsv
[51.548s] -- Installing: /home/lfvmu/kobuki/install/share/ecl_statistics/local_setup.bash
[51.548s] -- Installing: /home/lfvmu/kobuki/install/share/ecl_statistics/local_setup.sh
[51.548s] -- Installing: /home/lfvmu/kobuki/install/share/ecl_statistics/local_setup.zsh
[51.549s] -- Installing: /home/lfvmu/kobuki/install/share/ecl_statistics/local_setup.dsv
[51.549s] -- Installing: /home/lfvmu/kobuki/install/share/ecl_statistics/package.dsv
[51.549s] -- Installing: /home/lfvmu/kobuki/install/share/ament_index/resource_index/packages/ecl_statistics
[51.549s] -- Installing: /home/lfvmu/kobuki/install/share/ecl_statistics/cmake/ecl_statisticsExport.cmake
[51.550s] -- Installing: /home/lfvmu/kobuki/install/share/ecl_statistics/cmake/ecl_statisticsExport-noconfig.cmake
[51.550s] -- Installing: /home/lfvmu/kobuki/install/share/ecl_statistics/cmake/ament_cmake_export_targets-extras.cmake
[51.550s] -- Installing: /home/lfvmu/kobuki/install/share/ecl_statistics/cmake/ament_cmake_export_include_directories-extras.cmake
[51.551s] -- Installing: /home/lfvmu/kobuki/install/share/ecl_statistics/cmake/ament_cmake_export_libraries-extras.cmake
[51.551s] -- Installing: /home/lfvmu/kobuki/install/share/ecl_statistics/cmake/ament_cmake_export_dependencies-extras.cmake
[51.552s] -- Installing: /home/lfvmu/kobuki/install/share/ecl_statistics/cmake/ecl_statisticsConfig.cmake
[51.552s] -- Installing: /home/lfvmu/kobuki/install/share/ecl_statistics/cmake/ecl_statisticsConfig-version.cmake
[51.552s] -- Installing: /home/lfvmu/kobuki/install/share/ecl_statistics/package.xml
[51.553s] -- Installing: /home/lfvmu/kobuki/install/include/ecl/statistics.hpp
[51.554s] -- Installing: /home/lfvmu/kobuki/install/include/ecl/statistics/covariance_ellipsoid.hpp
[51.554s] -- Installing: /home/lfvmu/kobuki/install/include/ecl/statistics/cumulative_statistics.hpp
[51.555s] -- Installing: /home/lfvmu/kobuki/install/lib/libecl_statistics.so.1.2.1
[51.586s] -- Set runtime path of "/home/lfvmu/kobuki/install/lib/libecl_statistics.so.1.2.1" to ""
[51.586s] -- Installing: /home/lfvmu/kobuki/install/lib/libecl_statistics.so
[51.600s] Invoked command in '/home/lfvmu/kobuki/build/ecl_statistics' returned '0': AMENT_PREFIX_PATH=/home/lfvmu/kobuki/install CMAKE_PREFIX_PATH=/home/lfvmu/kobuki/install LD_LIBRARY_PATH=/home/lfvmu/kobuki/install/lib PATH=/home/lfvmu/kobuki/install/bin:${PATH} PKG_CONFIG_PATH=/home/lfvmu/kobuki/install/lib/x86_64-linux-gnu/pkgconfig:/home/lfvmu/kobuki/install/lib/pkgconfig PYTHONPATH=/home/lfvmu/kobuki/install/lib/python3.8/site-packages /usr/bin/cmake --install /home/lfvmu/kobuki/build/ecl_statistics
