Re-run cmake no build system arguments
-- Found ament_cmake: 0.9.11 (/home/lfvmu/kobuki/install/share/ament_cmake/cmake)
-- Using PYTHON_EXECUTABLE: /usr/bin/python3
-- Configuring done
-- Generating done
-- Build files have been written to: /home/lfvmu/kobuki/build/ecl_build
/usr/bin/cmake -S/home/lfvmu/kobuki/src/ecl_tools/ecl_build -B/home/lfvmu/kobuki/build/ecl_build --check-build-system CMakeFiles/Makefile.cmake 0
/usr/bin/cmake -E cmake_progress_start /home/lfvmu/kobuki/build/ecl_build/CMakeFiles /home/lfvmu/kobuki/build/ecl_build/CMakeFiles/progress.marks
/usr/bin/make -f CMakeFiles/Makefile2 all
make[1]: Entering directory '/home/lfvmu/kobuki/build/ecl_build'
make[1]: Nothing to be done for 'all'.
make[1]: Leaving directory '/home/lfvmu/kobuki/build/ecl_build'
/usr/bin/cmake -E cmake_progress_start /home/lfvmu/kobuki/build/ecl_build/CMakeFiles 0
-- Install configuration: "RelWithDebInfo"
-- Up-to-date: /home/lfvmu/kobuki/install/share/ament_index/resource_index/package_run_dependencies/ecl_build
-- Up-to-date: /home/lfvmu/kobuki/install/share/ament_index/resource_index/parent_prefix_path/ecl_build
-- Up-to-date: /home/lfvmu/kobuki/install/share/ecl_build/environment/ament_prefix_path.sh
-- Installing: /home/lfvmu/kobuki/install/share/ecl_build/environment/ament_prefix_path.dsv
-- Up-to-date: /home/lfvmu/kobuki/install/share/ecl_build/environment/path.sh
-- Installing: /home/lfvmu/kobuki/install/share/ecl_build/environment/path.dsv
-- Up-to-date: /home/lfvmu/kobuki/install/share/ecl_build/local_setup.bash
-- Up-to-date: /home/lfvmu/kobuki/install/share/ecl_build/local_setup.sh
-- Up-to-date: /home/lfvmu/kobuki/install/share/ecl_build/local_setup.zsh
-- Installing: /home/lfvmu/kobuki/install/share/ecl_build/local_setup.dsv
-- Installing: /home/lfvmu/kobuki/install/share/ecl_build/package.dsv
-- Up-to-date: /home/lfvmu/kobuki/install/share/ament_index/resource_index/packages/ecl_build
-- Up-to-date: /home/lfvmu/kobuki/install/share/ecl_build/cmake/ecl_platform_detection.cmake
-- Up-to-date: /home/lfvmu/kobuki/install/share/ecl_build/cmake/ecl_package.cmake
-- Up-to-date: /home/lfvmu/kobuki/install/share/ecl_build/cmake/ecl_find_sse.cmake
-- Up-to-date: /home/lfvmu/kobuki/install/share/ecl_build/cmake/ecl_build_utilities.cmake
-- Up-to-date: /home/lfvmu/kobuki/install/share/ecl_build/cmake/ecl_cxx.cmake
-- Up-to-date: /home/lfvmu/kobuki/install/share/ecl_build/cmake/cotire.cmake
-- Up-to-date: /home/lfvmu/kobuki/install/share/ecl_build/cmake/ecl_buildConfig.cmake
-- Up-to-date: /home/lfvmu/kobuki/install/share/ecl_build/cmake/ecl_buildConfig-version.cmake
-- Up-to-date: /home/lfvmu/kobuki/install/share/ecl_build/package.xml
-- Up-to-date: /home/lfvmu/kobuki/install/share/cmake
-- Up-to-date: /home/lfvmu/kobuki/install/share/cmake/cotire.cmake
-- Up-to-date: /home/lfvmu/kobuki/install/share/cmake/ecl_build_utilities.cmake
-- Up-to-date: /home/lfvmu/kobuki/install/share/cmake/ecl_cxx.cmake
-- Up-to-date: /home/lfvmu/kobuki/install/share/cmake/ecl_package.cmake
-- Up-to-date: /home/lfvmu/kobuki/install/share/cmake/ecl_find_sse.cmake
-- Up-to-date: /home/lfvmu/kobuki/install/share/cmake/templates
-- Up-to-date: /home/lfvmu/kobuki/install/share/cmake/templates/uninstall.cmake.in
-- Up-to-date: /home/lfvmu/kobuki/install/share/cmake/ecl_platform_detection.cmake
-- Up-to-date: /home/lfvmu/kobuki/install/share/cmake/tests
-- Up-to-date: /home/lfvmu/kobuki/install/share/cmake/tests/is_char_signed.cpp
