[0.276s] Invoking command in '/home/lfvmu/kobuki/build/ecl_formatters': /usr/bin/cmake /home/lfvmu/kobuki/src/ecl_core/ecl_formatters -DBUILD_TESTING=OFF -DCMAKE_INSTALL_PREFIX=/home/lfvmu/kobuki/install
[0.321s] -- Found ament_cmake_ros: 0.9.2 (/home/lfvmu/kobuki/install/share/ament_cmake_ros/cmake)
[0.381s] -- Using PYTHON_EXECUTABLE: /usr/bin/python3
[0.730s] -- Found ecl_build: 1.0.3 (/home/lfvmu/kobuki/install/share/ecl_build/cmake)
[0.764s] -- Found ecl_config: 1.1.0 (/home/lfvmu/kobuki/install/share/ecl_config/cmake)
[0.764s] -- Found ecl_converters: 1.2.1 (/home/lfvmu/kobuki/install/share/ecl_converters/cmake)
[1.001s] -- Configuring done
[1.042s] -- Generating done
[1.054s] -- Build files have been written to: /home/lfvmu/kobuki/build/ecl_formatters
[1.203s] Invoked command in '/home/lfvmu/kobuki/build/ecl_formatters' returned '0': /usr/bin/cmake /home/lfvmu/kobuki/src/ecl_core/ecl_formatters -DBUILD_TESTING=OFF -DCMAKE_INSTALL_PREFIX=/home/lfvmu/kobuki/install
[1.210s] Invoking command in '/home/lfvmu/kobuki/build/ecl_formatters': /usr/bin/cmake --build /home/lfvmu/kobuki/build/ecl_formatters -- -j4 -l4
[1.422s] [ 50%] Built target ecl_formatters
[1.470s] [100%] Built target ecl_demo_formatters
[1.714s] Invoked command in '/home/lfvmu/kobuki/build/ecl_formatters' returned '0': /usr/bin/cmake --build /home/lfvmu/kobuki/build/ecl_formatters -- -j4 -l4
[1.792s] Invoking command in '/home/lfvmu/kobuki/build/ecl_formatters': /usr/bin/cmake --install /home/lfvmu/kobuki/build/ecl_formatters
[1.820s] -- Install configuration: "RelWithDebInfo"
[1.820s] -- Up-to-date: /home/lfvmu/kobuki/install/share/ecl_formatters/environment/library_path.sh
[1.820s] -- Installing: /home/lfvmu/kobuki/install/share/ecl_formatters/environment/library_path.dsv
[1.820s] -- Up-to-date: /home/lfvmu/kobuki/install/share/ament_index/resource_index/package_run_dependencies/ecl_formatters
[1.821s] -- Up-to-date: /home/lfvmu/kobuki/install/share/ament_index/resource_index/parent_prefix_path/ecl_formatters
[1.821s] -- Up-to-date: /home/lfvmu/kobuki/install/share/ecl_formatters/environment/ament_prefix_path.sh
[1.821s] -- Installing: /home/lfvmu/kobuki/install/share/ecl_formatters/environment/ament_prefix_path.dsv
[1.822s] -- Up-to-date: /home/lfvmu/kobuki/install/share/ecl_formatters/environment/path.sh
[1.822s] -- Installing: /home/lfvmu/kobuki/install/share/ecl_formatters/environment/path.dsv
[1.822s] -- Up-to-date: /home/lfvmu/kobuki/install/share/ecl_formatters/local_setup.bash
[1.823s] -- Up-to-date: /home/lfvmu/kobuki/install/share/ecl_formatters/local_setup.sh
[1.823s] -- Up-to-date: /home/lfvmu/kobuki/install/share/ecl_formatters/local_setup.zsh
[1.823s] -- Installing: /home/lfvmu/kobuki/install/share/ecl_formatters/local_setup.dsv
[1.823s] -- Installing: /home/lfvmu/kobuki/install/share/ecl_formatters/package.dsv
[1.824s] -- Up-to-date: /home/lfvmu/kobuki/install/share/ament_index/resource_index/packages/ecl_formatters
[1.825s] -- Up-to-date: /home/lfvmu/kobuki/install/share/ecl_formatters/cmake/ecl_formattersExport.cmake
[1.825s] -- Installing: /home/lfvmu/kobuki/install/share/ecl_formatters/cmake/ecl_formattersExport-relwithdebinfo.cmake
[1.826s] -- Up-to-date: /home/lfvmu/kobuki/install/share/ecl_formatters/cmake/ament_cmake_export_targets-extras.cmake
[1.826s] -- Up-to-date: /home/lfvmu/kobuki/install/share/ecl_formatters/cmake/ament_cmake_export_include_directories-extras.cmake
[1.826s] -- Up-to-date: /home/lfvmu/kobuki/install/share/ecl_formatters/cmake/ament_cmake_export_libraries-extras.cmake
[1.827s] -- Up-to-date: /home/lfvmu/kobuki/install/share/ecl_formatters/cmake/ament_cmake_export_dependencies-extras.cmake
[1.827s] -- Up-to-date: /home/lfvmu/kobuki/install/share/ecl_formatters/cmake/ecl_formattersConfig.cmake
[1.827s] -- Up-to-date: /home/lfvmu/kobuki/install/share/ecl_formatters/cmake/ecl_formattersConfig-version.cmake
[1.827s] -- Up-to-date: /home/lfvmu/kobuki/install/share/ecl_formatters/package.xml
[1.828s] -- Up-to-date: /home/lfvmu/kobuki/install/include/ecl/formatters.hpp
[1.828s] -- Up-to-date: /home/lfvmu/kobuki/install/include/ecl/formatters/common.hpp
[1.829s] -- Up-to-date: /home/lfvmu/kobuki/install/include/ecl/formatters/floats.hpp
[1.829s] -- Up-to-date: /home/lfvmu/kobuki/install/include/ecl/formatters/macros.hpp
[1.829s] -- Up-to-date: /home/lfvmu/kobuki/install/include/ecl/formatters/number.hpp
[1.829s] -- Up-to-date: /home/lfvmu/kobuki/install/include/ecl/formatters/strings.hpp
[1.831s] -- Up-to-date: /home/lfvmu/kobuki/install/lib/libecl_formatters.so.1.2.1
[1.831s] -- Up-to-date: /home/lfvmu/kobuki/install/lib/libecl_formatters.so
[1.834s] -- Up-to-date: /home/lfvmu/kobuki/install/lib/ecl_formatters/demo_formatters
[1.861s] Invoked command in '/home/lfvmu/kobuki/build/ecl_formatters' returned '0': /usr/bin/cmake --install /home/lfvmu/kobuki/build/ecl_formatters
