[0.117s] Invoking command in '/home/lfvmu/kobuki/build/ament_cmake_mypy': AMENT_PREFIX_PATH=/home/lfvmu/kobuki/install CMAKE_PREFIX_PATH=/home/lfvmu/kobuki/install PATH=/home/lfvmu/kobuki/install/bin:${PATH} PYTHONPATH=/home/lfvmu/kobuki/install/lib/python3.8/site-packages /usr/bin/cmake /home/lfvmu/kobuki/src/ament_lint/ament_cmake_mypy -DBUILD_TESTING=OFF -DCMAKE_INSTALL_PREFIX=/home/lfvmu/kobuki/install
[0.149s] -- Found ament_cmake_core: 0.9.11 (/home/lfvmu/kobuki/install/share/ament_cmake_core/cmake)
[0.180s] -- Found PythonInterp: /usr/bin/python3 (found suitable version "3.8.10", minimum required is "3") 
[0.180s] -- Using PYTHON_EXECUTABLE: /usr/bin/python3
[0.503s] -- Found ament_cmake_test: 0.9.11 (/home/lfvmu/kobuki/install/share/ament_cmake_test/cmake)
[0.653s] -- Configuring done
[0.654s] -- Generating done
[0.667s] -- Build files have been written to: /home/lfvmu/kobuki/build/ament_cmake_mypy
[0.742s] Invoked command in '/home/lfvmu/kobuki/build/ament_cmake_mypy' returned '0': AMENT_PREFIX_PATH=/home/lfvmu/kobuki/install CMAKE_PREFIX_PATH=/home/lfvmu/kobuki/install PATH=/home/lfvmu/kobuki/install/bin:${PATH} PYTHONPATH=/home/lfvmu/kobuki/install/lib/python3.8/site-packages /usr/bin/cmake /home/lfvmu/kobuki/src/ament_lint/ament_cmake_mypy -DBUILD_TESTING=OFF -DCMAKE_INSTALL_PREFIX=/home/lfvmu/kobuki/install
[0.747s] Invoking command in '/home/lfvmu/kobuki/build/ament_cmake_mypy': AMENT_PREFIX_PATH=/home/lfvmu/kobuki/install CMAKE_PREFIX_PATH=/home/lfvmu/kobuki/install PATH=/home/lfvmu/kobuki/install/bin:${PATH} PYTHONPATH=/home/lfvmu/kobuki/install/lib/python3.8/site-packages /usr/bin/cmake --build /home/lfvmu/kobuki/build/ament_cmake_mypy -- -j4 -l4
[1.111s] Invoked command in '/home/lfvmu/kobuki/build/ament_cmake_mypy' returned '0': AMENT_PREFIX_PATH=/home/lfvmu/kobuki/install CMAKE_PREFIX_PATH=/home/lfvmu/kobuki/install PATH=/home/lfvmu/kobuki/install/bin:${PATH} PYTHONPATH=/home/lfvmu/kobuki/install/lib/python3.8/site-packages /usr/bin/cmake --build /home/lfvmu/kobuki/build/ament_cmake_mypy -- -j4 -l4
[1.337s] Invoking command in '/home/lfvmu/kobuki/build/ament_cmake_mypy': AMENT_PREFIX_PATH=/home/lfvmu/kobuki/install CMAKE_PREFIX_PATH=/home/lfvmu/kobuki/install PATH=/home/lfvmu/kobuki/install/bin:${PATH} PYTHONPATH=/home/lfvmu/kobuki/install/lib/python3.8/site-packages /usr/bin/cmake --install /home/lfvmu/kobuki/build/ament_cmake_mypy
[1.369s] -- Install configuration: ""
[1.369s] -- Installing: /home/lfvmu/kobuki/install/share/ament_index/resource_index/package_run_dependencies/ament_cmake_mypy
[1.370s] -- Installing: /home/lfvmu/kobuki/install/share/ament_index/resource_index/parent_prefix_path/ament_cmake_mypy
[1.370s] -- Installing: /home/lfvmu/kobuki/install/share/ament_cmake_mypy/environment/ament_prefix_path.sh
[1.370s] -- Installing: /home/lfvmu/kobuki/install/share/ament_cmake_mypy/environment/ament_prefix_path.dsv
[1.370s] -- Installing: /home/lfvmu/kobuki/install/share/ament_cmake_mypy/environment/path.sh
[1.371s] -- Installing: /home/lfvmu/kobuki/install/share/ament_cmake_mypy/environment/path.dsv
[1.371s] -- Installing: /home/lfvmu/kobuki/install/share/ament_cmake_mypy/local_setup.bash
[1.371s] -- Installing: /home/lfvmu/kobuki/install/share/ament_cmake_mypy/local_setup.sh
[1.371s] -- Installing: /home/lfvmu/kobuki/install/share/ament_cmake_mypy/local_setup.zsh
[1.372s] -- Installing: /home/lfvmu/kobuki/install/share/ament_cmake_mypy/local_setup.dsv
[1.372s] -- Installing: /home/lfvmu/kobuki/install/share/ament_cmake_mypy/package.dsv
[1.372s] -- Installing: /home/lfvmu/kobuki/install/share/ament_index/resource_index/packages/ament_cmake_mypy
[1.372s] -- Installing: /home/lfvmu/kobuki/install/share/ament_cmake_mypy/cmake/ament_cmake_mypy-extras.cmake
[1.372s] -- Installing: /home/lfvmu/kobuki/install/share/ament_cmake_mypy/cmake/ament_cmake_mypyConfig.cmake
[1.373s] -- Installing: /home/lfvmu/kobuki/install/share/ament_cmake_mypy/cmake/ament_cmake_mypyConfig-version.cmake
[1.373s] -- Installing: /home/lfvmu/kobuki/install/share/ament_cmake_mypy/package.xml
[1.373s] -- Up-to-date: /home/lfvmu/kobuki/install/share/ament_cmake_mypy/cmake
[1.373s] -- Installing: /home/lfvmu/kobuki/install/share/ament_cmake_mypy/cmake/ament_cmake_mypy_lint_hook.cmake
[1.373s] -- Installing: /home/lfvmu/kobuki/install/share/ament_cmake_mypy/cmake/ament_mypy.cmake
[1.383s] Invoked command in '/home/lfvmu/kobuki/build/ament_cmake_mypy' returned '0': AMENT_PREFIX_PATH=/home/lfvmu/kobuki/install CMAKE_PREFIX_PATH=/home/lfvmu/kobuki/install PATH=/home/lfvmu/kobuki/install/bin:${PATH} PYTHONPATH=/home/lfvmu/kobuki/install/lib/python3.8/site-packages /usr/bin/cmake --install /home/lfvmu/kobuki/build/ament_cmake_mypy
