[0.309s] Invoking command in '/home/lfvmu/kobuki/build/kobuki_core': /usr/bin/cmake /home/lfvmu/kobuki/src/kobuki_core -DBUILD_TESTING=OFF --no-warn-unused-cli -DCMAKE_INSTALL_PREFIX=/home/lfvmu/kobuki/install
[0.334s] Not searching for unused variables given on the command line.
[0.373s] -- Found ament_cmake_ros: 0.9.2 (/home/lfvmu/kobuki/install/share/ament_cmake_ros/cmake)
[0.435s] -- Using PYTHON_EXECUTABLE: /usr/bin/python3
[0.832s] -- Found ecl_build: 1.0.3 (/home/lfvmu/kobuki/install/share/ecl_build/cmake)
[0.855s] -- Found ecl_command_line: 1.2.1 (/home/lfvmu/kobuki/install/share/ecl_command_line/cmake)
[0.861s] -- Found ecl_config: 1.1.0 (/home/lfvmu/kobuki/install/share/ecl_config/cmake)
[0.867s] -- Found ecl_console: 1.1.0 (/home/lfvmu/kobuki/install/share/ecl_console/cmake)
[0.875s] -- Found ecl_converters: 1.2.1 (/home/lfvmu/kobuki/install/share/ecl_converters/cmake)
[0.939s] -- Found ecl_devices: 1.2.1 (/home/lfvmu/kobuki/install/share/ecl_devices/cmake)
[1.117s] -- Found ecl_geometry: 1.2.1 (/home/lfvmu/kobuki/install/share/ecl_geometry/cmake)
[1.217s] -- Found ecl_mobile_robot: 1.2.1 (/home/lfvmu/kobuki/install/share/ecl_mobile_robot/cmake)
[1.254s] -- Found ecl_sigslots: 1.2.1 (/home/lfvmu/kobuki/install/share/ecl_sigslots/cmake)
[1.460s] -- Configuring done
[1.571s] -- Generating done
[1.594s] -- Build files have been written to: /home/lfvmu/kobuki/build/kobuki_core
[1.696s] Invoked command in '/home/lfvmu/kobuki/build/kobuki_core' returned '0': /usr/bin/cmake /home/lfvmu/kobuki/src/kobuki_core -DBUILD_TESTING=OFF --no-warn-unused-cli -DCMAKE_INSTALL_PREFIX=/home/lfvmu/kobuki/install
[1.703s] Invoking command in '/home/lfvmu/kobuki/build/kobuki_core': /usr/bin/cmake --build /home/lfvmu/kobuki/build/kobuki_core -- -j4 -l4
[1.958s] [ 43%] Built target kobuki_core
[2.108s] [ 50%] Built target kobuki_core_demo_raw_data_stream
[2.109s] [ 56%] Built target kobuki_core_demo_data_stream
[2.109s] [ 62%] Built target kobuki_core_demo_buttons
[2.139s] [ 68%] Built target kobuki_core_demo_custom_logging
[2.181s] [ 75%] Built target kobuki_core_demo_velocity_commands
[2.278s] [ 81%] Built target kobuki_core_demo_chirp
[2.292s] [ 87%] Built target kobuki_core_demo_simple_loop
[2.315s] [ 93%] Built target kobuki_core_tool_simple_keyop
[2.373s] [100%] Built target kobuki_core_tool_version_info
[2.412s] Invoked command in '/home/lfvmu/kobuki/build/kobuki_core' returned '0': /usr/bin/cmake --build /home/lfvmu/kobuki/build/kobuki_core -- -j4 -l4
[2.504s] Invoking command in '/home/lfvmu/kobuki/build/kobuki_core': /usr/bin/cmake --install /home/lfvmu/kobuki/build/kobuki_core
[2.531s] -- Install configuration: "RelWithDebInfo"
[2.531s] -- Up-to-date: /home/lfvmu/kobuki/install/include
[2.531s] -- Up-to-date: /home/lfvmu/kobuki/install/include/kobuki_core
[2.537s] -- Up-to-date: /home/lfvmu/kobuki/install/include/kobuki_core/macros.hpp
[2.538s] -- Up-to-date: /home/lfvmu/kobuki/install/include/kobuki_core/dock_drive.hpp
[2.538s] -- Up-to-date: /home/lfvmu/kobuki/install/include/kobuki_core/version_info.hpp
[2.538s] -- Up-to-date: /home/lfvmu/kobuki/install/include/kobuki_core/command.hpp
[2.539s] -- Up-to-date: /home/lfvmu/kobuki/install/include/kobuki_core/modules.hpp
[2.539s] -- Up-to-date: /home/lfvmu/kobuki/install/include/kobuki_core/event_manager.hpp
[2.539s] -- Up-to-date: /home/lfvmu/kobuki/install/include/kobuki_core/packets.hpp
[2.540s] -- Up-to-date: /home/lfvmu/kobuki/install/include/kobuki_core/packets
[2.540s] -- Up-to-date: /home/lfvmu/kobuki/install/include/kobuki_core/packets/controller_info.hpp
[2.540s] -- Up-to-date: /home/lfvmu/kobuki/install/include/kobuki_core/packets/gp_input.hpp
[2.540s] -- Up-to-date: /home/lfvmu/kobuki/install/include/kobuki_core/packets/current.hpp
[2.541s] -- Up-to-date: /home/lfvmu/kobuki/install/include/kobuki_core/packets/three_axis_gyro.hpp
[2.541s] -- Up-to-date: /home/lfvmu/kobuki/install/include/kobuki_core/packets/cliff.hpp
[2.542s] -- Up-to-date: /home/lfvmu/kobuki/install/include/kobuki_core/packets/firmware.hpp
[2.542s] -- Up-to-date: /home/lfvmu/kobuki/install/include/kobuki_core/packets/eeprom.hpp
[2.542s] -- Up-to-date: /home/lfvmu/kobuki/install/include/kobuki_core/packets/dock_ir.hpp
[2.542s] -- Up-to-date: /home/lfvmu/kobuki/install/include/kobuki_core/packets/core_sensors.hpp
[2.543s] -- Up-to-date: /home/lfvmu/kobuki/install/include/kobuki_core/packets/inertia.hpp
[2.543s] -- Up-to-date: /home/lfvmu/kobuki/install/include/kobuki_core/packets/unique_device_id.hpp
[2.543s] -- Up-to-date: /home/lfvmu/kobuki/install/include/kobuki_core/packets/hardware.hpp
[2.543s] -- Up-to-date: /home/lfvmu/kobuki/install/include/kobuki_core/packet_handler
[2.544s] -- Up-to-date: /home/lfvmu/kobuki/install/include/kobuki_core/packet_handler/payload_headers.hpp
[2.544s] -- Up-to-date: /home/lfvmu/kobuki/install/include/kobuki_core/packet_handler/packet_finder.hpp
[2.544s] -- Up-to-date: /home/lfvmu/kobuki/install/include/kobuki_core/packet_handler/payload_base.hpp
[2.544s] -- Up-to-date: /home/lfvmu/kobuki/install/include/kobuki_core/parameters.hpp
[2.545s] -- Up-to-date: /home/lfvmu/kobuki/install/include/kobuki_core/kobuki.hpp
[2.545s] -- Up-to-date: /home/lfvmu/kobuki/install/include/kobuki_core/logging.hpp
[2.545s] -- Up-to-date: /home/lfvmu/kobuki/install/include/kobuki_core/modules
[2.545s] -- Up-to-date: /home/lfvmu/kobuki/install/include/kobuki_core/modules/acceleration_limiter.hpp
[2.545s] -- Up-to-date: /home/lfvmu/kobuki/install/include/kobuki_core/modules/battery.hpp
[2.546s] -- Up-to-date: /home/lfvmu/kobuki/install/include/kobuki_core/modules/digital_output.hpp
[2.546s] -- Up-to-date: /home/lfvmu/kobuki/install/include/kobuki_core/modules/led_array.hpp
[2.546s] -- Up-to-date: /home/lfvmu/kobuki/install/include/kobuki_core/modules/diff_drive.hpp
[2.547s] -- Up-to-date: /home/lfvmu/kobuki/install/include/kobuki_core/modules/sound.hpp
[2.547s] -- Up-to-date: /home/lfvmu/kobuki/install/include/CMakeLists.txt
[2.547s] -- Up-to-date: /home/lfvmu/kobuki/install/share/kobuki_core/environment/library_path.sh
[2.548s] -- Installing: /home/lfvmu/kobuki/install/share/kobuki_core/environment/library_path.dsv
[2.548s] -- Up-to-date: /home/lfvmu/kobuki/install/share/ament_index/resource_index/package_run_dependencies/kobuki_core
[2.548s] -- Up-to-date: /home/lfvmu/kobuki/install/share/ament_index/resource_index/parent_prefix_path/kobuki_core
[2.549s] -- Up-to-date: /home/lfvmu/kobuki/install/share/kobuki_core/environment/ament_prefix_path.sh
[2.549s] -- Installing: /home/lfvmu/kobuki/install/share/kobuki_core/environment/ament_prefix_path.dsv
[2.549s] -- Up-to-date: /home/lfvmu/kobuki/install/share/kobuki_core/environment/path.sh
[2.550s] -- Installing: /home/lfvmu/kobuki/install/share/kobuki_core/environment/path.dsv
[2.550s] -- Up-to-date: /home/lfvmu/kobuki/install/share/kobuki_core/local_setup.bash
[2.551s] -- Up-to-date: /home/lfvmu/kobuki/install/share/kobuki_core/local_setup.sh
[2.552s] -- Up-to-date: /home/lfvmu/kobuki/install/share/kobuki_core/local_setup.zsh
[2.553s] -- Installing: /home/lfvmu/kobuki/install/share/kobuki_core/local_setup.dsv
[2.553s] -- Installing: /home/lfvmu/kobuki/install/share/kobuki_core/package.dsv
[2.553s] -- Up-to-date: /home/lfvmu/kobuki/install/share/ament_index/resource_index/packages/kobuki_core
[2.554s] -- Up-to-date: /home/lfvmu/kobuki/install/share/kobuki_core/cmake/kobuki_coreExport.cmake
[2.554s] -- Installing: /home/lfvmu/kobuki/install/share/kobuki_core/cmake/kobuki_coreExport-relwithdebinfo.cmake
[2.554s] -- Up-to-date: /home/lfvmu/kobuki/install/share/kobuki_core/cmake/ament_cmake_export_targets-extras.cmake
[2.554s] -- Up-to-date: /home/lfvmu/kobuki/install/share/kobuki_core/cmake/ament_cmake_export_dependencies-extras.cmake
[2.555s] -- Up-to-date: /home/lfvmu/kobuki/install/share/kobuki_core/cmake/ament_cmake_export_include_directories-extras.cmake
[2.555s] -- Up-to-date: /home/lfvmu/kobuki/install/share/kobuki_core/cmake/ament_cmake_export_libraries-extras.cmake
[2.556s] -- Up-to-date: /home/lfvmu/kobuki/install/share/kobuki_core/cmake/kobuki_coreConfig.cmake
[2.556s] -- Up-to-date: /home/lfvmu/kobuki/install/share/kobuki_core/cmake/kobuki_coreConfig-version.cmake
[2.556s] -- Up-to-date: /home/lfvmu/kobuki/install/share/kobuki_core/package.xml
[2.556s] -- Up-to-date: /home/lfvmu/kobuki/install/include/kobuki_core
[2.557s] -- Up-to-date: /home/lfvmu/kobuki/install/include/kobuki_core/macros.hpp
[2.557s] -- Up-to-date: /home/lfvmu/kobuki/install/include/kobuki_core/dock_drive.hpp
[2.557s] -- Up-to-date: /home/lfvmu/kobuki/install/include/kobuki_core/version_info.hpp
[2.558s] -- Up-to-date: /home/lfvmu/kobuki/install/include/kobuki_core/command.hpp
[2.558s] -- Up-to-date: /home/lfvmu/kobuki/install/include/kobuki_core/modules.hpp
[2.558s] -- Up-to-date: /home/lfvmu/kobuki/install/include/kobuki_core/event_manager.hpp
[2.558s] -- Up-to-date: /home/lfvmu/kobuki/install/include/kobuki_core/packets.hpp
[2.559s] -- Up-to-date: /home/lfvmu/kobuki/install/include/kobuki_core/packets
[2.559s] -- Up-to-date: /home/lfvmu/kobuki/install/include/kobuki_core/packets/controller_info.hpp
[2.559s] -- Up-to-date: /home/lfvmu/kobuki/install/include/kobuki_core/packets/gp_input.hpp
[2.560s] -- Up-to-date: /home/lfvmu/kobuki/install/include/kobuki_core/packets/current.hpp
[2.560s] -- Up-to-date: /home/lfvmu/kobuki/install/include/kobuki_core/packets/three_axis_gyro.hpp
[2.560s] -- Up-to-date: /home/lfvmu/kobuki/install/include/kobuki_core/packets/cliff.hpp
[2.560s] -- Up-to-date: /home/lfvmu/kobuki/install/include/kobuki_core/packets/firmware.hpp
[2.561s] -- Up-to-date: /home/lfvmu/kobuki/install/include/kobuki_core/packets/eeprom.hpp
[2.561s] -- Up-to-date: /home/lfvmu/kobuki/install/include/kobuki_core/packets/dock_ir.hpp
[2.561s] -- Up-to-date: /home/lfvmu/kobuki/install/include/kobuki_core/packets/core_sensors.hpp
[2.562s] -- Up-to-date: /home/lfvmu/kobuki/install/include/kobuki_core/packets/inertia.hpp
[2.562s] -- Up-to-date: /home/lfvmu/kobuki/install/include/kobuki_core/packets/unique_device_id.hpp
[2.562s] -- Up-to-date: /home/lfvmu/kobuki/install/include/kobuki_core/packets/hardware.hpp
[2.562s] -- Up-to-date: /home/lfvmu/kobuki/install/include/kobuki_core/packet_handler
[2.563s] -- Up-to-date: /home/lfvmu/kobuki/install/include/kobuki_core/packet_handler/payload_headers.hpp
[2.563s] -- Up-to-date: /home/lfvmu/kobuki/install/include/kobuki_core/packet_handler/packet_finder.hpp
[2.563s] -- Up-to-date: /home/lfvmu/kobuki/install/include/kobuki_core/packet_handler/payload_base.hpp
[2.564s] -- Up-to-date: /home/lfvmu/kobuki/install/include/kobuki_core/parameters.hpp
[2.564s] -- Up-to-date: /home/lfvmu/kobuki/install/include/kobuki_core/kobuki.hpp
[2.564s] -- Up-to-date: /home/lfvmu/kobuki/install/include/kobuki_core/logging.hpp
[2.564s] -- Up-to-date: /home/lfvmu/kobuki/install/include/kobuki_core/modules
[2.564s] -- Up-to-date: /home/lfvmu/kobuki/install/include/kobuki_core/modules/acceleration_limiter.hpp
[2.564s] -- Up-to-date: /home/lfvmu/kobuki/install/include/kobuki_core/modules/battery.hpp
[2.564s] -- Up-to-date: /home/lfvmu/kobuki/install/include/kobuki_core/modules/digital_output.hpp
[2.565s] -- Up-to-date: /home/lfvmu/kobuki/install/include/kobuki_core/modules/led_array.hpp
[2.565s] -- Up-to-date: /home/lfvmu/kobuki/install/include/kobuki_core/modules/diff_drive.hpp
[2.565s] -- Up-to-date: /home/lfvmu/kobuki/install/include/kobuki_core/modules/sound.hpp
[2.566s] -- Up-to-date: /home/lfvmu/kobuki/install/lib/libkobuki_core.so.1.3.1
[2.567s] -- Up-to-date: /home/lfvmu/kobuki/install/lib/libkobuki_core.so
[2.568s] -- Up-to-date: /home/lfvmu/kobuki/install/lib/kobuki_core/demo_chirp
[2.569s] -- Up-to-date: /home/lfvmu/kobuki/install/lib/kobuki_core/demo_custom_logging
[2.570s] -- Up-to-date: /home/lfvmu/kobuki/install/lib/kobuki_core/demo_buttons
[2.572s] -- Up-to-date: /home/lfvmu/kobuki/install/lib/kobuki_core/demo_raw_data_stream
[2.574s] -- Up-to-date: /home/lfvmu/kobuki/install/lib/kobuki_core/demo_data_stream
[2.575s] -- Up-to-date: /home/lfvmu/kobuki/install/lib/kobuki_core/demo_velocity_commands
[2.577s] -- Up-to-date: /home/lfvmu/kobuki/install/lib/kobuki_core/demo_simple_loop
[2.578s] -- Up-to-date: /home/lfvmu/kobuki/install/bin/kobuki-version-info
[2.580s] -- Up-to-date: /home/lfvmu/kobuki/install/bin/kobuki-simple-keyop
[2.608s] Invoked command in '/home/lfvmu/kobuki/build/kobuki_core' returned '0': /usr/bin/cmake --install /home/lfvmu/kobuki/build/kobuki_core
