[0.461s] Invoking command in '/home/lfvmu/kobuki/build/ecl_lite': /usr/bin/cmake /home/lfvmu/kobuki/src/ecl_lite/ecl_lite -DBUILD_TESTING=OFF -DCMAKE_INSTALL_PREFIX=/home/lfvmu/kobuki/install
[0.478s] Re-run cmake no build system arguments
[0.500s] -- Found ament_cmake_ros: 0.9.2 (/home/lfvmu/kobuki/install/share/ament_cmake_ros/cmake)
[0.569s] -- Using PYTHON_EXECUTABLE: /usr/bin/python3
[1.054s] -- Configuring done
[1.055s] -- Generating done
[1.057s] -- Build files have been written to: /home/lfvmu/kobuki/build/ecl_lite
[1.153s] Invoked command in '/home/lfvmu/kobuki/build/ecl_lite' returned '0': /usr/bin/cmake /home/lfvmu/kobuki/src/ecl_lite/ecl_lite -DBUILD_TESTING=OFF -DCMAKE_INSTALL_PREFIX=/home/lfvmu/kobuki/install
[1.158s] Invoking command in '/home/lfvmu/kobuki/build/ecl_lite': /usr/bin/cmake --build /home/lfvmu/kobuki/build/ecl_lite -- -j4 -l4
[1.232s] /usr/bin/cmake -S/home/lfvmu/kobuki/src/ecl_lite/ecl_lite -B/home/lfvmu/kobuki/build/ecl_lite --check-build-system CMakeFiles/Makefile.cmake 0
[1.256s] /usr/bin/cmake -E cmake_progress_start /home/lfvmu/kobuki/build/ecl_lite/CMakeFiles /home/lfvmu/kobuki/build/ecl_lite/CMakeFiles/progress.marks
[1.290s] /usr/bin/make -f CMakeFiles/Makefile2 all
[1.290s] make[1]: Entering directory '/home/lfvmu/kobuki/build/ecl_lite'
[1.291s] make[1]: Nothing to be done for 'all'.
[1.291s] make[1]: Leaving directory '/home/lfvmu/kobuki/build/ecl_lite'
[1.292s] /usr/bin/cmake -E cmake_progress_start /home/lfvmu/kobuki/build/ecl_lite/CMakeFiles 0
[1.461s] Invoked command in '/home/lfvmu/kobuki/build/ecl_lite' returned '0': /usr/bin/cmake --build /home/lfvmu/kobuki/build/ecl_lite -- -j4 -l4
[1.706s] Invoking command in '/home/lfvmu/kobuki/build/ecl_lite': /usr/bin/cmake --install /home/lfvmu/kobuki/build/ecl_lite
[1.727s] -- Install configuration: "RelWithDebInfo"
[1.728s] -- Up-to-date: /home/lfvmu/kobuki/install/share/ament_index/resource_index/package_run_dependencies/ecl_lite
[1.728s] -- Up-to-date: /home/lfvmu/kobuki/install/share/ament_index/resource_index/parent_prefix_path/ecl_lite
[1.728s] -- Up-to-date: /home/lfvmu/kobuki/install/share/ecl_lite/environment/ament_prefix_path.sh
[1.729s] -- Installing: /home/lfvmu/kobuki/install/share/ecl_lite/environment/ament_prefix_path.dsv
[1.730s] -- Up-to-date: /home/lfvmu/kobuki/install/share/ecl_lite/environment/path.sh
[1.730s] -- Installing: /home/lfvmu/kobuki/install/share/ecl_lite/environment/path.dsv
[1.731s] -- Up-to-date: /home/lfvmu/kobuki/install/share/ecl_lite/local_setup.bash
[1.732s] -- Up-to-date: /home/lfvmu/kobuki/install/share/ecl_lite/local_setup.sh
[1.732s] -- Up-to-date: /home/lfvmu/kobuki/install/share/ecl_lite/local_setup.zsh
[1.733s] -- Installing: /home/lfvmu/kobuki/install/share/ecl_lite/local_setup.dsv
[1.733s] -- Installing: /home/lfvmu/kobuki/install/share/ecl_lite/package.dsv
[1.734s] -- Up-to-date: /home/lfvmu/kobuki/install/share/ament_index/resource_index/packages/ecl_lite
[1.735s] -- Up-to-date: /home/lfvmu/kobuki/install/share/ecl_lite/cmake/ecl_liteConfig.cmake
[1.735s] -- Up-to-date: /home/lfvmu/kobuki/install/share/ecl_lite/cmake/ecl_liteConfig-version.cmake
[1.736s] -- Up-to-date: /home/lfvmu/kobuki/install/share/ecl_lite/package.xml
[1.745s] Invoked command in '/home/lfvmu/kobuki/build/ecl_lite' returned '0': /usr/bin/cmake --install /home/lfvmu/kobuki/build/ecl_lite
