[0.333s] Invoking command in '/home/lfvmu/kobuki/build/ecl_lite': /usr/bin/cmake /home/lfvmu/kobuki/src/ecl_lite/ecl_lite -DBUILD_TESTING=OFF -DCMAKE_INSTALL_PREFIX=/home/lfvmu/kobuki/install
[0.362s] Re-run cmake no build system arguments
[0.384s] -- Found ament_cmake_ros: 0.9.2 (/home/lfvmu/kobuki/install/share/ament_cmake_ros/cmake)
[0.444s] -- Using PYTHON_EXECUTABLE: /usr/bin/python3
[0.943s] -- Configuring done
[0.944s] -- Generating done
[0.944s] -- Build files have been written to: /home/lfvmu/kobuki/build/ecl_lite
[1.203s] Invoked command in '/home/lfvmu/kobuki/build/ecl_lite' returned '0': /usr/bin/cmake /home/lfvmu/kobuki/src/ecl_lite/ecl_lite -DBUILD_TESTING=OFF -DCMAKE_INSTALL_PREFIX=/home/lfvmu/kobuki/install
[1.209s] Invoking command in '/home/lfvmu/kobuki/build/ecl_lite': /usr/bin/cmake --build /home/lfvmu/kobuki/build/ecl_lite -- -j4 -l4
[1.253s] /usr/bin/cmake -S/home/lfvmu/kobuki/src/ecl_lite/ecl_lite -B/home/lfvmu/kobuki/build/ecl_lite --check-build-system CMakeFiles/Makefile.cmake 0
[1.306s] /usr/bin/cmake -E cmake_progress_start /home/lfvmu/kobuki/build/ecl_lite/CMakeFiles /home/lfvmu/kobuki/build/ecl_lite/CMakeFiles/progress.marks
[1.329s] /usr/bin/make -f CMakeFiles/Makefile2 all
[1.332s] make[1]: Entering directory '/home/lfvmu/kobuki/build/ecl_lite'
[1.332s] make[1]: Nothing to be done for 'all'.
[1.332s] make[1]: Leaving directory '/home/lfvmu/kobuki/build/ecl_lite'
[1.333s] /usr/bin/cmake -E cmake_progress_start /home/lfvmu/kobuki/build/ecl_lite/CMakeFiles 0
[1.374s] Invoked command in '/home/lfvmu/kobuki/build/ecl_lite' returned '0': /usr/bin/cmake --build /home/lfvmu/kobuki/build/ecl_lite -- -j4 -l4
[1.480s] Invoking command in '/home/lfvmu/kobuki/build/ecl_lite': /usr/bin/cmake --install /home/lfvmu/kobuki/build/ecl_lite
[1.502s] -- Install configuration: "RelWithDebInfo"
[1.503s] -- Up-to-date: /home/lfvmu/kobuki/install/share/ament_index/resource_index/package_run_dependencies/ecl_lite
[1.504s] -- Up-to-date: /home/lfvmu/kobuki/install/share/ament_index/resource_index/parent_prefix_path/ecl_lite
[1.504s] -- Up-to-date: /home/lfvmu/kobuki/install/share/ecl_lite/environment/ament_prefix_path.sh
[1.504s] -- Installing: /home/lfvmu/kobuki/install/share/ecl_lite/environment/ament_prefix_path.dsv
[1.506s] -- Up-to-date: /home/lfvmu/kobuki/install/share/ecl_lite/environment/path.sh
[1.506s] -- Installing: /home/lfvmu/kobuki/install/share/ecl_lite/environment/path.dsv
[1.506s] -- Up-to-date: /home/lfvmu/kobuki/install/share/ecl_lite/local_setup.bash
[1.507s] -- Up-to-date: /home/lfvmu/kobuki/install/share/ecl_lite/local_setup.sh
[1.507s] -- Up-to-date: /home/lfvmu/kobuki/install/share/ecl_lite/local_setup.zsh
[1.507s] -- Installing: /home/lfvmu/kobuki/install/share/ecl_lite/local_setup.dsv
[1.507s] -- Installing: /home/lfvmu/kobuki/install/share/ecl_lite/package.dsv
[1.508s] -- Up-to-date: /home/lfvmu/kobuki/install/share/ament_index/resource_index/packages/ecl_lite
[1.508s] -- Up-to-date: /home/lfvmu/kobuki/install/share/ecl_lite/cmake/ecl_liteConfig.cmake
[1.509s] -- Up-to-date: /home/lfvmu/kobuki/install/share/ecl_lite/cmake/ecl_liteConfig-version.cmake
[1.509s] -- Up-to-date: /home/lfvmu/kobuki/install/share/ecl_lite/package.xml
[1.522s] Invoked command in '/home/lfvmu/kobuki/build/ecl_lite' returned '0': /usr/bin/cmake --install /home/lfvmu/kobuki/build/ecl_lite
