[0.317s] Invoking command in '/home/lfvmu/kobuki/build/ecl_mpl': /usr/bin/cmake /home/lfvmu/kobuki/src/ecl_core/ecl_mpl -DBUILD_TESTING=OFF -DCMAKE_BUILD_TYPE=RelWithDebInfo -DCMAKE_INSTALL_PREFIX=/home/lfvmu/kobuki/install
[0.384s] -- Found ament_cmake_ros: 0.9.2 (/home/lfvmu/kobuki/install/share/ament_cmake_ros/cmake)
[0.416s] -- Using PYTHON_EXECUTABLE: /usr/bin/python3
[0.794s] -- Found ecl_build: 1.0.3 (/home/lfvmu/kobuki/install/share/ecl_build/cmake)
[0.957s] -- Configuring done
[0.977s] -- Generating done
[0.979s] -- Build files have been written to: /home/lfvmu/kobuki/build/ecl_mpl
[1.031s] Invoked command in '/home/lfvmu/kobuki/build/ecl_mpl' returned '0': /usr/bin/cmake /home/lfvmu/kobuki/src/ecl_core/ecl_mpl -DBUILD_TESTING=OFF -DCMAKE_BUILD_TYPE=RelWithDebInfo -DCMAKE_INSTALL_PREFIX=/home/lfvmu/kobuki/install
[1.038s] Invoking command in '/home/lfvmu/kobuki/build/ecl_mpl': /usr/bin/cmake --build /home/lfvmu/kobuki/build/ecl_mpl -- -j4 -l4
[1.325s] Invoked command in '/home/lfvmu/kobuki/build/ecl_mpl' returned '0': /usr/bin/cmake --build /home/lfvmu/kobuki/build/ecl_mpl -- -j4 -l4
[1.385s] Invoking command in '/home/lfvmu/kobuki/build/ecl_mpl': /usr/bin/cmake --install /home/lfvmu/kobuki/build/ecl_mpl
[1.404s] -- Install configuration: "RelWithDebInfo"
[1.404s] -- Up-to-date: /home/lfvmu/kobuki/install/share/ament_index/resource_index/package_run_dependencies/ecl_mpl
[1.404s] -- Up-to-date: /home/lfvmu/kobuki/install/share/ament_index/resource_index/parent_prefix_path/ecl_mpl
[1.405s] -- Up-to-date: /home/lfvmu/kobuki/install/share/ecl_mpl/environment/ament_prefix_path.sh
[1.405s] -- Installing: /home/lfvmu/kobuki/install/share/ecl_mpl/environment/ament_prefix_path.dsv
[1.405s] -- Up-to-date: /home/lfvmu/kobuki/install/share/ecl_mpl/environment/path.sh
[1.405s] -- Installing: /home/lfvmu/kobuki/install/share/ecl_mpl/environment/path.dsv
[1.406s] -- Up-to-date: /home/lfvmu/kobuki/install/share/ecl_mpl/local_setup.bash
[1.406s] -- Up-to-date: /home/lfvmu/kobuki/install/share/ecl_mpl/local_setup.sh
[1.406s] -- Up-to-date: /home/lfvmu/kobuki/install/share/ecl_mpl/local_setup.zsh
[1.406s] -- Installing: /home/lfvmu/kobuki/install/share/ecl_mpl/local_setup.dsv
[1.406s] -- Installing: /home/lfvmu/kobuki/install/share/ecl_mpl/package.dsv
[1.407s] -- Up-to-date: /home/lfvmu/kobuki/install/share/ament_index/resource_index/packages/ecl_mpl
[1.407s] -- Up-to-date: /home/lfvmu/kobuki/install/share/ecl_mpl/cmake/ecl_mplExport.cmake
[1.407s] -- Up-to-date: /home/lfvmu/kobuki/install/share/ecl_mpl/cmake/ament_cmake_export_targets-extras.cmake
[1.408s] -- Up-to-date: /home/lfvmu/kobuki/install/share/ecl_mpl/cmake/ament_cmake_export_include_directories-extras.cmake
[1.408s] -- Up-to-date: /home/lfvmu/kobuki/install/share/ecl_mpl/cmake/ecl_mplConfig.cmake
[1.408s] -- Up-to-date: /home/lfvmu/kobuki/install/share/ecl_mpl/cmake/ecl_mplConfig-version.cmake
[1.408s] -- Up-to-date: /home/lfvmu/kobuki/install/share/ecl_mpl/package.xml
[1.409s] -- Up-to-date: /home/lfvmu/kobuki/install/include/ecl/mpl.hpp
[1.409s] -- Up-to-date: /home/lfvmu/kobuki/install/include/ecl/mpl/bool.hpp
[1.410s] -- Up-to-date: /home/lfvmu/kobuki/install/include/ecl/mpl/converters.hpp
[1.410s] -- Up-to-date: /home/lfvmu/kobuki/install/include/ecl/mpl/enable_if.hpp
[1.410s] -- Up-to-date: /home/lfvmu/kobuki/install/include/ecl/mpl/failed_object.hpp
[1.410s] -- Up-to-date: /home/lfvmu/kobuki/install/include/ecl/mpl/if.hpp
[1.429s] Invoked command in '/home/lfvmu/kobuki/build/ecl_mpl' returned '0': /usr/bin/cmake --install /home/lfvmu/kobuki/build/ecl_mpl
