[0.071s] Invoking command in '/home/lfvmu/kobuki/build/ament_cmake_pep257': AMENT_PREFIX_PATH=/home/lfvmu/kobuki/install CMAKE_PREFIX_PATH=/home/lfvmu/kobuki/install LD_LIBRARY_PATH=/home/lfvmu/kobuki/install/lib PATH=/home/lfvmu/kobuki/install/bin:${PATH} PYTHONPATH=/home/lfvmu/kobuki/install/lib/python3.8/site-packages /usr/bin/cmake /home/lfvmu/kobuki/src/ament_lint/ament_cmake_pep257 -DBUILD_TESTING=OFF -DCMAKE_INSTALL_PREFIX=/home/lfvmu/kobuki/install
[0.095s] Re-run cmake no build system arguments
[0.104s] -- Found ament_cmake_core: 0.9.11 (/home/lfvmu/kobuki/install/share/ament_cmake_core/cmake)
[0.146s] -- Using PYTHON_EXECUTABLE: /usr/bin/python3
[0.517s] -- Found ament_cmake_test: 0.9.11 (/home/lfvmu/kobuki/install/share/ament_cmake_test/cmake)
[0.657s] -- Configuring done
[0.671s] -- Generating done
[0.672s] -- Build files have been written to: /home/lfvmu/kobuki/build/ament_cmake_pep257
[0.697s] Invoked command in '/home/lfvmu/kobuki/build/ament_cmake_pep257' returned '0': AMENT_PREFIX_PATH=/home/lfvmu/kobuki/install CMAKE_PREFIX_PATH=/home/lfvmu/kobuki/install LD_LIBRARY_PATH=/home/lfvmu/kobuki/install/lib PATH=/home/lfvmu/kobuki/install/bin:${PATH} PYTHONPATH=/home/lfvmu/kobuki/install/lib/python3.8/site-packages /usr/bin/cmake /home/lfvmu/kobuki/src/ament_lint/ament_cmake_pep257 -DBUILD_TESTING=OFF -DCMAKE_INSTALL_PREFIX=/home/lfvmu/kobuki/install
[0.706s] Invoking command in '/home/lfvmu/kobuki/build/ament_cmake_pep257': AMENT_PREFIX_PATH=/home/lfvmu/kobuki/install CMAKE_PREFIX_PATH=/home/lfvmu/kobuki/install LD_LIBRARY_PATH=/home/lfvmu/kobuki/install/lib PATH=/home/lfvmu/kobuki/install/bin:${PATH} PYTHONPATH=/home/lfvmu/kobuki/install/lib/python3.8/site-packages /usr/bin/cmake --build /home/lfvmu/kobuki/build/ament_cmake_pep257 -- -j4 -l4
[0.766s] /usr/bin/cmake -S/home/lfvmu/kobuki/src/ament_lint/ament_cmake_pep257 -B/home/lfvmu/kobuki/build/ament_cmake_pep257 --check-build-system CMakeFiles/Makefile.cmake 0
[0.802s] /usr/bin/cmake -E cmake_progress_start /home/lfvmu/kobuki/build/ament_cmake_pep257/CMakeFiles /home/lfvmu/kobuki/build/ament_cmake_pep257/CMakeFiles/progress.marks
[0.819s] /usr/bin/make -f CMakeFiles/Makefile2 all
[0.819s] make[1]: Entering directory '/home/lfvmu/kobuki/build/ament_cmake_pep257'
[0.820s] make[1]: Nothing to be done for 'all'.
[0.820s] make[1]: Leaving directory '/home/lfvmu/kobuki/build/ament_cmake_pep257'
[0.820s] /usr/bin/cmake -E cmake_progress_start /home/lfvmu/kobuki/build/ament_cmake_pep257/CMakeFiles 0
[0.852s] Invoked command in '/home/lfvmu/kobuki/build/ament_cmake_pep257' returned '0': AMENT_PREFIX_PATH=/home/lfvmu/kobuki/install CMAKE_PREFIX_PATH=/home/lfvmu/kobuki/install LD_LIBRARY_PATH=/home/lfvmu/kobuki/install/lib PATH=/home/lfvmu/kobuki/install/bin:${PATH} PYTHONPATH=/home/lfvmu/kobuki/install/lib/python3.8/site-packages /usr/bin/cmake --build /home/lfvmu/kobuki/build/ament_cmake_pep257 -- -j4 -l4
[0.947s] Invoking command in '/home/lfvmu/kobuki/build/ament_cmake_pep257': AMENT_PREFIX_PATH=/home/lfvmu/kobuki/install CMAKE_PREFIX_PATH=/home/lfvmu/kobuki/install LD_LIBRARY_PATH=/home/lfvmu/kobuki/install/lib PATH=/home/lfvmu/kobuki/install/bin:${PATH} PYTHONPATH=/home/lfvmu/kobuki/install/lib/python3.8/site-packages /usr/bin/cmake --install /home/lfvmu/kobuki/build/ament_cmake_pep257
[0.971s] -- Install configuration: ""
[0.971s] -- Up-to-date: /home/lfvmu/kobuki/install/share/ament_index/resource_index/package_run_dependencies/ament_cmake_pep257
[0.972s] -- Up-to-date: /home/lfvmu/kobuki/install/share/ament_index/resource_index/parent_prefix_path/ament_cmake_pep257
[0.977s] -- Up-to-date: /home/lfvmu/kobuki/install/share/ament_cmake_pep257/environment/ament_prefix_path.sh
[0.978s] -- Installing: /home/lfvmu/kobuki/install/share/ament_cmake_pep257/environment/ament_prefix_path.dsv
[0.978s] -- Up-to-date: /home/lfvmu/kobuki/install/share/ament_cmake_pep257/environment/path.sh
[0.978s] -- Installing: /home/lfvmu/kobuki/install/share/ament_cmake_pep257/environment/path.dsv
[0.978s] -- Up-to-date: /home/lfvmu/kobuki/install/share/ament_cmake_pep257/local_setup.bash
[0.992s] -- Up-to-date: /home/lfvmu/kobuki/install/share/ament_cmake_pep257/local_setup.sh
[0.993s] -- Up-to-date: /home/lfvmu/kobuki/install/share/ament_cmake_pep257/local_setup.zsh
[0.994s] -- Installing: /home/lfvmu/kobuki/install/share/ament_cmake_pep257/local_setup.dsv
[0.994s] -- Installing: /home/lfvmu/kobuki/install/share/ament_cmake_pep257/package.dsv
[0.994s] -- Up-to-date: /home/lfvmu/kobuki/install/share/ament_index/resource_index/packages/ament_cmake_pep257
[0.994s] -- Up-to-date: /home/lfvmu/kobuki/install/share/ament_cmake_pep257/cmake/ament_cmake_pep257-extras.cmake
[0.995s] -- Up-to-date: /home/lfvmu/kobuki/install/share/ament_cmake_pep257/cmake/ament_cmake_pep257Config.cmake
[0.995s] -- Up-to-date: /home/lfvmu/kobuki/install/share/ament_cmake_pep257/cmake/ament_cmake_pep257Config-version.cmake
[0.995s] -- Up-to-date: /home/lfvmu/kobuki/install/share/ament_cmake_pep257/package.xml
[0.995s] -- Up-to-date: /home/lfvmu/kobuki/install/share/ament_cmake_pep257/cmake
[0.996s] -- Up-to-date: /home/lfvmu/kobuki/install/share/ament_cmake_pep257/cmake/ament_cmake_pep257_lint_hook.cmake
[0.996s] -- Up-to-date: /home/lfvmu/kobuki/install/share/ament_cmake_pep257/cmake/ament_pep257.cmake
[1.315s] Invoked command in '/home/lfvmu/kobuki/build/ament_cmake_pep257' returned '0': AMENT_PREFIX_PATH=/home/lfvmu/kobuki/install CMAKE_PREFIX_PATH=/home/lfvmu/kobuki/install LD_LIBRARY_PATH=/home/lfvmu/kobuki/install/lib PATH=/home/lfvmu/kobuki/install/bin:${PATH} PYTHONPATH=/home/lfvmu/kobuki/install/lib/python3.8/site-packages /usr/bin/cmake --install /home/lfvmu/kobuki/build/ament_cmake_pep257
