[0.246s] Invoking command in '/home/lfvmu/kobuki/build/ecl_core': /usr/bin/cmake /home/lfvmu/kobuki/src/ecl_core/ecl_core -DBUILD_TESTING=OFF --no-warn-unused-cli -DCMAKE_INSTALL_PREFIX=/home/lfvmu/kobuki/install
[0.261s] Not searching for unused variables given on the command line.
[0.283s] -- Found ament_cmake_ros: 0.9.2 (/home/lfvmu/kobuki/install/share/ament_cmake_ros/cmake)
[0.328s] -- Using PYTHON_EXECUTABLE: /usr/bin/python3
[0.834s] -- Configuring done
[0.834s] -- Generating done
[0.835s] -- Build files have been written to: /home/lfvmu/kobuki/build/ecl_core
[0.900s] Invoked command in '/home/lfvmu/kobuki/build/ecl_core' returned '0': /usr/bin/cmake /home/lfvmu/kobuki/src/ecl_core/ecl_core -DBUILD_TESTING=OFF --no-warn-unused-cli -DCMAKE_INSTALL_PREFIX=/home/lfvmu/kobuki/install
[0.906s] Invoking command in '/home/lfvmu/kobuki/build/ecl_core': /usr/bin/cmake --build /home/lfvmu/kobuki/build/ecl_core -- -j4 -l4
[1.109s] Invoked command in '/home/lfvmu/kobuki/build/ecl_core' returned '0': /usr/bin/cmake --build /home/lfvmu/kobuki/build/ecl_core -- -j4 -l4
[1.150s] Invoking command in '/home/lfvmu/kobuki/build/ecl_core': /usr/bin/cmake --install /home/lfvmu/kobuki/build/ecl_core
[1.167s] -- Install configuration: "RelWithDebInfo"
[1.167s] -- Up-to-date: /home/lfvmu/kobuki/install/share/ament_index/resource_index/package_run_dependencies/ecl_core
[1.168s] -- Up-to-date: /home/lfvmu/kobuki/install/share/ament_index/resource_index/parent_prefix_path/ecl_core
[1.168s] -- Up-to-date: /home/lfvmu/kobuki/install/share/ecl_core/environment/ament_prefix_path.sh
[1.168s] -- Installing: /home/lfvmu/kobuki/install/share/ecl_core/environment/ament_prefix_path.dsv
[1.169s] -- Up-to-date: /home/lfvmu/kobuki/install/share/ecl_core/environment/path.sh
[1.169s] -- Installing: /home/lfvmu/kobuki/install/share/ecl_core/environment/path.dsv
[1.169s] -- Up-to-date: /home/lfvmu/kobuki/install/share/ecl_core/local_setup.bash
[1.170s] -- Up-to-date: /home/lfvmu/kobuki/install/share/ecl_core/local_setup.sh
[1.170s] -- Up-to-date: /home/lfvmu/kobuki/install/share/ecl_core/local_setup.zsh
[1.170s] -- Installing: /home/lfvmu/kobuki/install/share/ecl_core/local_setup.dsv
[1.171s] -- Installing: /home/lfvmu/kobuki/install/share/ecl_core/package.dsv
[1.171s] -- Up-to-date: /home/lfvmu/kobuki/install/share/ament_index/resource_index/packages/ecl_core
[1.172s] -- Up-to-date: /home/lfvmu/kobuki/install/share/ecl_core/cmake/ecl_coreConfig.cmake
[1.172s] -- Up-to-date: /home/lfvmu/kobuki/install/share/ecl_core/cmake/ecl_coreConfig-version.cmake
[1.172s] -- Up-to-date: /home/lfvmu/kobuki/install/share/ecl_core/package.xml
[1.183s] Invoked command in '/home/lfvmu/kobuki/build/ecl_core' returned '0': /usr/bin/cmake --install /home/lfvmu/kobuki/build/ecl_core
