[0.256s] Invoking command in '/home/lfvmu/kobuki/build/ament_cmake': AMENT_PREFIX_PATH=/home/lfvmu/kobuki/install CMAKE_PREFIX_PATH=/home/lfvmu/kobuki/install PATH=/home/lfvmu/kobuki/install/bin:${PATH} PYTHONPATH=/home/lfvmu/kobuki/install/lib/python3.8/site-packages /usr/bin/cmake /home/lfvmu/kobuki/src/ament_cmake/ament_cmake -DBUILD_TESTING=OFF -DCMAKE_INSTALL_PREFIX=/home/lfvmu/kobuki/install
[0.317s] -- Found ament_cmake_core: 0.9.11 (/home/lfvmu/kobuki/install/share/ament_cmake_core/cmake)
[0.349s] -- Found PythonInterp: /usr/bin/python3 (found suitable version "3.8.10", minimum required is "3") 
[0.350s] -- Using PYTHON_EXECUTABLE: /usr/bin/python3
[0.698s] -- Found ament_cmake_export_dependencies: 0.9.11 (/home/lfvmu/kobuki/install/share/ament_cmake_export_dependencies/cmake)
[0.836s] -- Configuring done
[0.842s] -- Generating done
[0.843s] -- Build files have been written to: /home/lfvmu/kobuki/build/ament_cmake
[1.016s] Invoked command in '/home/lfvmu/kobuki/build/ament_cmake' returned '0': AMENT_PREFIX_PATH=/home/lfvmu/kobuki/install CMAKE_PREFIX_PATH=/home/lfvmu/kobuki/install PATH=/home/lfvmu/kobuki/install/bin:${PATH} PYTHONPATH=/home/lfvmu/kobuki/install/lib/python3.8/site-packages /usr/bin/cmake /home/lfvmu/kobuki/src/ament_cmake/ament_cmake -DBUILD_TESTING=OFF -DCMAKE_INSTALL_PREFIX=/home/lfvmu/kobuki/install
[1.020s] Invoking command in '/home/lfvmu/kobuki/build/ament_cmake': AMENT_PREFIX_PATH=/home/lfvmu/kobuki/install CMAKE_PREFIX_PATH=/home/lfvmu/kobuki/install PATH=/home/lfvmu/kobuki/install/bin:${PATH} PYTHONPATH=/home/lfvmu/kobuki/install/lib/python3.8/site-packages /usr/bin/cmake --build /home/lfvmu/kobuki/build/ament_cmake -- -j4 -l4
[1.501s] Invoked command in '/home/lfvmu/kobuki/build/ament_cmake' returned '0': AMENT_PREFIX_PATH=/home/lfvmu/kobuki/install CMAKE_PREFIX_PATH=/home/lfvmu/kobuki/install PATH=/home/lfvmu/kobuki/install/bin:${PATH} PYTHONPATH=/home/lfvmu/kobuki/install/lib/python3.8/site-packages /usr/bin/cmake --build /home/lfvmu/kobuki/build/ament_cmake -- -j4 -l4
[1.553s] Invoking command in '/home/lfvmu/kobuki/build/ament_cmake': AMENT_PREFIX_PATH=/home/lfvmu/kobuki/install CMAKE_PREFIX_PATH=/home/lfvmu/kobuki/install PATH=/home/lfvmu/kobuki/install/bin:${PATH} PYTHONPATH=/home/lfvmu/kobuki/install/lib/python3.8/site-packages /usr/bin/cmake --install /home/lfvmu/kobuki/build/ament_cmake
[1.577s] -- Install configuration: ""
[1.577s] -- Installing: /home/lfvmu/kobuki/install/share/ament_index/resource_index/package_run_dependencies/ament_cmake
[1.578s] -- Installing: /home/lfvmu/kobuki/install/share/ament_index/resource_index/parent_prefix_path/ament_cmake
[1.578s] -- Installing: /home/lfvmu/kobuki/install/share/ament_cmake/environment/ament_prefix_path.sh
[1.579s] -- Installing: /home/lfvmu/kobuki/install/share/ament_cmake/environment/ament_prefix_path.dsv
[1.579s] -- Installing: /home/lfvmu/kobuki/install/share/ament_cmake/environment/path.sh
[1.580s] -- Installing: /home/lfvmu/kobuki/install/share/ament_cmake/environment/path.dsv
[1.581s] -- Installing: /home/lfvmu/kobuki/install/share/ament_cmake/local_setup.bash
[1.581s] -- Installing: /home/lfvmu/kobuki/install/share/ament_cmake/local_setup.sh
[1.582s] -- Installing: /home/lfvmu/kobuki/install/share/ament_cmake/local_setup.zsh
[1.582s] -- Installing: /home/lfvmu/kobuki/install/share/ament_cmake/local_setup.dsv
[1.583s] -- Installing: /home/lfvmu/kobuki/install/share/ament_cmake/package.dsv
[1.584s] -- Installing: /home/lfvmu/kobuki/install/share/ament_index/resource_index/packages/ament_cmake
[1.584s] -- Installing: /home/lfvmu/kobuki/install/share/ament_cmake/cmake/ament_cmake_export_dependencies-extras.cmake
[1.585s] -- Installing: /home/lfvmu/kobuki/install/share/ament_cmake/cmake/ament_cmakeConfig.cmake
[1.585s] -- Installing: /home/lfvmu/kobuki/install/share/ament_cmake/cmake/ament_cmakeConfig-version.cmake
[1.586s] -- Installing: /home/lfvmu/kobuki/install/share/ament_cmake/package.xml
[1.597s] Invoked command in '/home/lfvmu/kobuki/build/ament_cmake' returned '0': AMENT_PREFIX_PATH=/home/lfvmu/kobuki/install CMAKE_PREFIX_PATH=/home/lfvmu/kobuki/install PATH=/home/lfvmu/kobuki/install/bin:${PATH} PYTHONPATH=/home/lfvmu/kobuki/install/lib/python3.8/site-packages /usr/bin/cmake --install /home/lfvmu/kobuki/build/ament_cmake
