[0.236s] Invoking command in '/home/lfvmu/kobuki/build/ament_cmake_export_targets': AMENT_PREFIX_PATH=/home/lfvmu/kobuki/install CMAKE_PREFIX_PATH=/home/lfvmu/kobuki/install LD_LIBRARY_PATH=/home/lfvmu/kobuki/install/lib PATH=/home/lfvmu/kobuki/install/bin:${PATH} PYTHONPATH=/home/lfvmu/kobuki/install/lib/python3.8/site-packages /usr/bin/cmake /home/lfvmu/kobuki/src/ament_cmake/ament_cmake_export_targets -DBUILD_TESTING=OFF --no-warn-unused-cli -DCMAKE_INSTALL_PREFIX=/home/lfvmu/kobuki/install
[0.267s] Not searching for unused variables given on the command line.
[0.271s] -- Found ament_cmake_core: 0.9.11 (/home/lfvmu/kobuki/install/share/ament_cmake_core/cmake)
[0.306s] -- Using PYTHON_EXECUTABLE: /usr/bin/python3
[0.836s] -- Configuring done
[0.844s] -- Generating done
[0.844s] -- Build files have been written to: /home/lfvmu/kobuki/build/ament_cmake_export_targets
[0.962s] Invoked command in '/home/lfvmu/kobuki/build/ament_cmake_export_targets' returned '0': AMENT_PREFIX_PATH=/home/lfvmu/kobuki/install CMAKE_PREFIX_PATH=/home/lfvmu/kobuki/install LD_LIBRARY_PATH=/home/lfvmu/kobuki/install/lib PATH=/home/lfvmu/kobuki/install/bin:${PATH} PYTHONPATH=/home/lfvmu/kobuki/install/lib/python3.8/site-packages /usr/bin/cmake /home/lfvmu/kobuki/src/ament_cmake/ament_cmake_export_targets -DBUILD_TESTING=OFF --no-warn-unused-cli -DCMAKE_INSTALL_PREFIX=/home/lfvmu/kobuki/install
[0.964s] Invoking command in '/home/lfvmu/kobuki/build/ament_cmake_export_targets': AMENT_PREFIX_PATH=/home/lfvmu/kobuki/install CMAKE_PREFIX_PATH=/home/lfvmu/kobuki/install LD_LIBRARY_PATH=/home/lfvmu/kobuki/install/lib PATH=/home/lfvmu/kobuki/install/bin:${PATH} PYTHONPATH=/home/lfvmu/kobuki/install/lib/python3.8/site-packages /usr/bin/cmake --build /home/lfvmu/kobuki/build/ament_cmake_export_targets -- -j4 -l4
[1.219s] Invoked command in '/home/lfvmu/kobuki/build/ament_cmake_export_targets' returned '0': AMENT_PREFIX_PATH=/home/lfvmu/kobuki/install CMAKE_PREFIX_PATH=/home/lfvmu/kobuki/install LD_LIBRARY_PATH=/home/lfvmu/kobuki/install/lib PATH=/home/lfvmu/kobuki/install/bin:${PATH} PYTHONPATH=/home/lfvmu/kobuki/install/lib/python3.8/site-packages /usr/bin/cmake --build /home/lfvmu/kobuki/build/ament_cmake_export_targets -- -j4 -l4
[1.277s] Invoking command in '/home/lfvmu/kobuki/build/ament_cmake_export_targets': AMENT_PREFIX_PATH=/home/lfvmu/kobuki/install CMAKE_PREFIX_PATH=/home/lfvmu/kobuki/install LD_LIBRARY_PATH=/home/lfvmu/kobuki/install/lib PATH=/home/lfvmu/kobuki/install/bin:${PATH} PYTHONPATH=/home/lfvmu/kobuki/install/lib/python3.8/site-packages /usr/bin/cmake --install /home/lfvmu/kobuki/build/ament_cmake_export_targets
[1.306s] -- Install configuration: ""
[1.306s] -- Up-to-date: /home/lfvmu/kobuki/install/share/ament_index/resource_index/package_run_dependencies/ament_cmake_export_targets
[1.307s] -- Up-to-date: /home/lfvmu/kobuki/install/share/ament_index/resource_index/parent_prefix_path/ament_cmake_export_targets
[1.307s] -- Up-to-date: /home/lfvmu/kobuki/install/share/ament_cmake_export_targets/environment/ament_prefix_path.sh
[1.307s] -- Installing: /home/lfvmu/kobuki/install/share/ament_cmake_export_targets/environment/ament_prefix_path.dsv
[1.309s] -- Up-to-date: /home/lfvmu/kobuki/install/share/ament_cmake_export_targets/environment/path.sh
[1.309s] -- Installing: /home/lfvmu/kobuki/install/share/ament_cmake_export_targets/environment/path.dsv
[1.309s] -- Up-to-date: /home/lfvmu/kobuki/install/share/ament_cmake_export_targets/local_setup.bash
[1.310s] -- Up-to-date: /home/lfvmu/kobuki/install/share/ament_cmake_export_targets/local_setup.sh
[1.310s] -- Up-to-date: /home/lfvmu/kobuki/install/share/ament_cmake_export_targets/local_setup.zsh
[1.310s] -- Installing: /home/lfvmu/kobuki/install/share/ament_cmake_export_targets/local_setup.dsv
[1.311s] -- Installing: /home/lfvmu/kobuki/install/share/ament_cmake_export_targets/package.dsv
[1.312s] -- Up-to-date: /home/lfvmu/kobuki/install/share/ament_index/resource_index/packages/ament_cmake_export_targets
[1.312s] -- Up-to-date: /home/lfvmu/kobuki/install/share/ament_cmake_export_targets/cmake/ament_cmake_export_targets-extras.cmake
[1.313s] -- Up-to-date: /home/lfvmu/kobuki/install/share/ament_cmake_export_targets/cmake/ament_cmake_export_targetsConfig.cmake
[1.313s] -- Up-to-date: /home/lfvmu/kobuki/install/share/ament_cmake_export_targets/cmake/ament_cmake_export_targetsConfig-version.cmake
[1.313s] -- Up-to-date: /home/lfvmu/kobuki/install/share/ament_cmake_export_targets/package.xml
[1.314s] -- Up-to-date: /home/lfvmu/kobuki/install/share/ament_cmake_export_targets/cmake
[1.314s] -- Up-to-date: /home/lfvmu/kobuki/install/share/ament_cmake_export_targets/cmake/ament_export_targets.cmake
[1.315s] -- Up-to-date: /home/lfvmu/kobuki/install/share/ament_cmake_export_targets/cmake/ament_cmake_export_targets-extras.cmake.in
[1.315s] -- Up-to-date: /home/lfvmu/kobuki/install/share/ament_cmake_export_targets/cmake/ament_cmake_export_targets_package_hook.cmake
[1.329s] Invoked command in '/home/lfvmu/kobuki/build/ament_cmake_export_targets' returned '0': AMENT_PREFIX_PATH=/home/lfvmu/kobuki/install CMAKE_PREFIX_PATH=/home/lfvmu/kobuki/install LD_LIBRARY_PATH=/home/lfvmu/kobuki/install/lib PATH=/home/lfvmu/kobuki/install/bin:${PATH} PYTHONPATH=/home/lfvmu/kobuki/install/lib/python3.8/site-packages /usr/bin/cmake --install /home/lfvmu/kobuki/build/ament_cmake_export_targets
