[0.134s] Invoking command in '/home/lfvmu/kobuki/build/ament_cmake_pyflakes': AMENT_PREFIX_PATH=/home/lfvmu/kobuki/install CMAKE_PREFIX_PATH=/home/lfvmu/kobuki/install LD_LIBRARY_PATH=/home/lfvmu/kobuki/install/lib PATH=/home/lfvmu/kobuki/install/bin:${PATH} PYTHONPATH=/home/lfvmu/kobuki/install/lib/python3.8/site-packages /usr/bin/cmake /home/lfvmu/kobuki/src/ament_lint/ament_cmake_pyflakes -DBUILD_TESTING=OFF -DCMAKE_BUILD_TYPE=RelWithDebInfo -DCMAKE_INSTALL_PREFIX=/home/lfvmu/kobuki/install
[0.165s] -- Found ament_cmake_core: 0.9.11 (/home/lfvmu/kobuki/install/share/ament_cmake_core/cmake)
[0.198s] -- Using PYTHON_EXECUTABLE: /usr/bin/python3
[0.526s] -- Found ament_cmake_test: 0.9.11 (/home/lfvmu/kobuki/install/share/ament_cmake_test/cmake)
[0.681s] -- Configuring done
[0.684s] -- Generating done
[0.689s] -- Build files have been written to: /home/lfvmu/kobuki/build/ament_cmake_pyflakes
[0.693s] Invoked command in '/home/lfvmu/kobuki/build/ament_cmake_pyflakes' returned '0': AMENT_PREFIX_PATH=/home/lfvmu/kobuki/install CMAKE_PREFIX_PATH=/home/lfvmu/kobuki/install LD_LIBRARY_PATH=/home/lfvmu/kobuki/install/lib PATH=/home/lfvmu/kobuki/install/bin:${PATH} PYTHONPATH=/home/lfvmu/kobuki/install/lib/python3.8/site-packages /usr/bin/cmake /home/lfvmu/kobuki/src/ament_lint/ament_cmake_pyflakes -DBUILD_TESTING=OFF -DCMAKE_BUILD_TYPE=RelWithDebInfo -DCMAKE_INSTALL_PREFIX=/home/lfvmu/kobuki/install
[0.699s] Invoking command in '/home/lfvmu/kobuki/build/ament_cmake_pyflakes': AMENT_PREFIX_PATH=/home/lfvmu/kobuki/install CMAKE_PREFIX_PATH=/home/lfvmu/kobuki/install LD_LIBRARY_PATH=/home/lfvmu/kobuki/install/lib PATH=/home/lfvmu/kobuki/install/bin:${PATH} PYTHONPATH=/home/lfvmu/kobuki/install/lib/python3.8/site-packages /usr/bin/cmake --build /home/lfvmu/kobuki/build/ament_cmake_pyflakes -- -j4 -l4
[0.891s] Invoked command in '/home/lfvmu/kobuki/build/ament_cmake_pyflakes' returned '0': AMENT_PREFIX_PATH=/home/lfvmu/kobuki/install CMAKE_PREFIX_PATH=/home/lfvmu/kobuki/install LD_LIBRARY_PATH=/home/lfvmu/kobuki/install/lib PATH=/home/lfvmu/kobuki/install/bin:${PATH} PYTHONPATH=/home/lfvmu/kobuki/install/lib/python3.8/site-packages /usr/bin/cmake --build /home/lfvmu/kobuki/build/ament_cmake_pyflakes -- -j4 -l4
[1.174s] Invoking command in '/home/lfvmu/kobuki/build/ament_cmake_pyflakes': AMENT_PREFIX_PATH=/home/lfvmu/kobuki/install CMAKE_PREFIX_PATH=/home/lfvmu/kobuki/install LD_LIBRARY_PATH=/home/lfvmu/kobuki/install/lib PATH=/home/lfvmu/kobuki/install/bin:${PATH} PYTHONPATH=/home/lfvmu/kobuki/install/lib/python3.8/site-packages /usr/bin/cmake --install /home/lfvmu/kobuki/build/ament_cmake_pyflakes
[1.187s] -- Install configuration: "RelWithDebInfo"
[1.188s] -- Up-to-date: /home/lfvmu/kobuki/install/share/ament_index/resource_index/package_run_dependencies/ament_cmake_pyflakes
[1.189s] -- Up-to-date: /home/lfvmu/kobuki/install/share/ament_index/resource_index/parent_prefix_path/ament_cmake_pyflakes
[1.189s] -- Up-to-date: /home/lfvmu/kobuki/install/share/ament_cmake_pyflakes/environment/ament_prefix_path.sh
[1.190s] -- Installing: /home/lfvmu/kobuki/install/share/ament_cmake_pyflakes/environment/ament_prefix_path.dsv
[1.190s] -- Up-to-date: /home/lfvmu/kobuki/install/share/ament_cmake_pyflakes/environment/path.sh
[1.190s] -- Installing: /home/lfvmu/kobuki/install/share/ament_cmake_pyflakes/environment/path.dsv
[1.191s] -- Up-to-date: /home/lfvmu/kobuki/install/share/ament_cmake_pyflakes/local_setup.bash
[1.191s] -- Up-to-date: /home/lfvmu/kobuki/install/share/ament_cmake_pyflakes/local_setup.sh
[1.196s] -- Up-to-date: /home/lfvmu/kobuki/install/share/ament_cmake_pyflakes/local_setup.zsh
[1.197s] -- Installing: /home/lfvmu/kobuki/install/share/ament_cmake_pyflakes/local_setup.dsv
[1.199s] -- Installing: /home/lfvmu/kobuki/install/share/ament_cmake_pyflakes/package.dsv
[1.200s] -- Up-to-date: /home/lfvmu/kobuki/install/share/ament_index/resource_index/packages/ament_cmake_pyflakes
[1.200s] -- Up-to-date: /home/lfvmu/kobuki/install/share/ament_cmake_pyflakes/cmake/ament_cmake_pyflakes-extras.cmake
[1.200s] -- Up-to-date: /home/lfvmu/kobuki/install/share/ament_cmake_pyflakes/cmake/ament_cmake_pyflakesConfig.cmake
[1.200s] -- Up-to-date: /home/lfvmu/kobuki/install/share/ament_cmake_pyflakes/cmake/ament_cmake_pyflakesConfig-version.cmake
[1.201s] -- Up-to-date: /home/lfvmu/kobuki/install/share/ament_cmake_pyflakes/package.xml
[1.218s] -- Up-to-date: /home/lfvmu/kobuki/install/share/ament_cmake_pyflakes/cmake
[1.218s] -- Up-to-date: /home/lfvmu/kobuki/install/share/ament_cmake_pyflakes/cmake/ament_cmake_pyflakes_lint_hook.cmake
[1.218s] -- Up-to-date: /home/lfvmu/kobuki/install/share/ament_cmake_pyflakes/cmake/ament_pyflakes.cmake
[1.219s] Invoked command in '/home/lfvmu/kobuki/build/ament_cmake_pyflakes' returned '0': AMENT_PREFIX_PATH=/home/lfvmu/kobuki/install CMAKE_PREFIX_PATH=/home/lfvmu/kobuki/install LD_LIBRARY_PATH=/home/lfvmu/kobuki/install/lib PATH=/home/lfvmu/kobuki/install/bin:${PATH} PYTHONPATH=/home/lfvmu/kobuki/install/lib/python3.8/site-packages /usr/bin/cmake --install /home/lfvmu/kobuki/build/ament_cmake_pyflakes
