[0.308s] Invoking command in '/home/lfvmu/kobuki/build/ecl_lite': AMENT_PREFIX_PATH=/home/lfvmu/kobuki/install CMAKE_PREFIX_PATH=/home/lfvmu/kobuki/install LD_LIBRARY_PATH=/home/lfvmu/kobuki/install/lib PATH=/home/lfvmu/kobuki/install/bin:${PATH} PYTHONPATH=/home/lfvmu/kobuki/install/lib/python3.8/site-packages /usr/bin/cmake /home/lfvmu/kobuki/src/ecl_lite/ecl_lite -DBUILD_TESTING=OFF --no-warn-unused-cli -DCMAKE_INSTALL_PREFIX=/home/lfvmu/kobuki/install
[0.357s] Not searching for unused variables given on the command line.
[0.368s] -- Found ament_cmake_ros: 0.9.2 (/home/lfvmu/kobuki/install/share/ament_cmake_ros/cmake)
[0.403s] -- Using PYTHON_EXECUTABLE: /usr/bin/python3
[0.939s] -- Configuring done
[0.941s] -- Generating done
[0.942s] -- Build files have been written to: /home/lfvmu/kobuki/build/ecl_lite
[1.078s] Invoked command in '/home/lfvmu/kobuki/build/ecl_lite' returned '0': AMENT_PREFIX_PATH=/home/lfvmu/kobuki/install CMAKE_PREFIX_PATH=/home/lfvmu/kobuki/install LD_LIBRARY_PATH=/home/lfvmu/kobuki/install/lib PATH=/home/lfvmu/kobuki/install/bin:${PATH} PYTHONPATH=/home/lfvmu/kobuki/install/lib/python3.8/site-packages /usr/bin/cmake /home/lfvmu/kobuki/src/ecl_lite/ecl_lite -DBUILD_TESTING=OFF --no-warn-unused-cli -DCMAKE_INSTALL_PREFIX=/home/lfvmu/kobuki/install
[1.085s] Invoking command in '/home/lfvmu/kobuki/build/ecl_lite': AMENT_PREFIX_PATH=/home/lfvmu/kobuki/install CMAKE_PREFIX_PATH=/home/lfvmu/kobuki/install LD_LIBRARY_PATH=/home/lfvmu/kobuki/install/lib PATH=/home/lfvmu/kobuki/install/bin:${PATH} PYTHONPATH=/home/lfvmu/kobuki/install/lib/python3.8/site-packages /usr/bin/cmake --build /home/lfvmu/kobuki/build/ecl_lite -- -j4 -l4
[1.186s] Invoked command in '/home/lfvmu/kobuki/build/ecl_lite' returned '0': AMENT_PREFIX_PATH=/home/lfvmu/kobuki/install CMAKE_PREFIX_PATH=/home/lfvmu/kobuki/install LD_LIBRARY_PATH=/home/lfvmu/kobuki/install/lib PATH=/home/lfvmu/kobuki/install/bin:${PATH} PYTHONPATH=/home/lfvmu/kobuki/install/lib/python3.8/site-packages /usr/bin/cmake --build /home/lfvmu/kobuki/build/ecl_lite -- -j4 -l4
[1.261s] Invoking command in '/home/lfvmu/kobuki/build/ecl_lite': AMENT_PREFIX_PATH=/home/lfvmu/kobuki/install CMAKE_PREFIX_PATH=/home/lfvmu/kobuki/install LD_LIBRARY_PATH=/home/lfvmu/kobuki/install/lib PATH=/home/lfvmu/kobuki/install/bin:${PATH} PYTHONPATH=/home/lfvmu/kobuki/install/lib/python3.8/site-packages /usr/bin/cmake --install /home/lfvmu/kobuki/build/ecl_lite
[1.302s] -- Install configuration: ""
[1.320s] -- Up-to-date: /home/lfvmu/kobuki/install/share/ament_index/resource_index/package_run_dependencies/ecl_lite
[1.320s] -- Up-to-date: /home/lfvmu/kobuki/install/share/ament_index/resource_index/parent_prefix_path/ecl_lite
[1.320s] -- Up-to-date: /home/lfvmu/kobuki/install/share/ecl_lite/environment/ament_prefix_path.sh
[1.321s] -- Installing: /home/lfvmu/kobuki/install/share/ecl_lite/environment/ament_prefix_path.dsv
[1.322s] -- Up-to-date: /home/lfvmu/kobuki/install/share/ecl_lite/environment/path.sh
[1.322s] -- Installing: /home/lfvmu/kobuki/install/share/ecl_lite/environment/path.dsv
[1.323s] -- Up-to-date: /home/lfvmu/kobuki/install/share/ecl_lite/local_setup.bash
[1.323s] -- Up-to-date: /home/lfvmu/kobuki/install/share/ecl_lite/local_setup.sh
[1.323s] -- Up-to-date: /home/lfvmu/kobuki/install/share/ecl_lite/local_setup.zsh
[1.324s] -- Installing: /home/lfvmu/kobuki/install/share/ecl_lite/local_setup.dsv
[1.324s] -- Installing: /home/lfvmu/kobuki/install/share/ecl_lite/package.dsv
[1.325s] -- Up-to-date: /home/lfvmu/kobuki/install/share/ament_index/resource_index/packages/ecl_lite
[1.326s] -- Up-to-date: /home/lfvmu/kobuki/install/share/ecl_lite/cmake/ecl_liteConfig.cmake
[1.326s] -- Up-to-date: /home/lfvmu/kobuki/install/share/ecl_lite/cmake/ecl_liteConfig-version.cmake
[1.326s] -- Up-to-date: /home/lfvmu/kobuki/install/share/ecl_lite/package.xml
[1.336s] Invoked command in '/home/lfvmu/kobuki/build/ecl_lite' returned '0': AMENT_PREFIX_PATH=/home/lfvmu/kobuki/install CMAKE_PREFIX_PATH=/home/lfvmu/kobuki/install LD_LIBRARY_PATH=/home/lfvmu/kobuki/install/lib PATH=/home/lfvmu/kobuki/install/bin:${PATH} PYTHONPATH=/home/lfvmu/kobuki/install/lib/python3.8/site-packages /usr/bin/cmake --install /home/lfvmu/kobuki/build/ecl_lite
