[0.129s] Invoking command in '/home/lfvmu/kobuki/build/ament_cmake_clang_format': /usr/bin/cmake /home/lfvmu/kobuki/src/ament_lint/ament_cmake_clang_format -DBUILD_TESTING=OFF -DCMAKE_INSTALL_PREFIX=/home/lfvmu/kobuki/install
[0.156s] Re-run cmake no build system arguments
[0.160s] -- Found ament_cmake_core: 0.9.11 (/home/lfvmu/kobuki/install/share/ament_cmake_core/cmake)
[0.222s] -- Using PYTHON_EXECUTABLE: /usr/bin/python3
[0.563s] -- Found ament_cmake_test: 0.9.11 (/home/lfvmu/kobuki/install/share/ament_cmake_test/cmake)
[0.702s] -- Configuring done
[0.708s] -- Generating done
[0.720s] -- Build files have been written to: /home/lfvmu/kobuki/build/ament_cmake_clang_format
[0.886s] Invoked command in '/home/lfvmu/kobuki/build/ament_cmake_clang_format' returned '0': /usr/bin/cmake /home/lfvmu/kobuki/src/ament_lint/ament_cmake_clang_format -DBUILD_TESTING=OFF -DCMAKE_INSTALL_PREFIX=/home/lfvmu/kobuki/install
[0.892s] Invoking command in '/home/lfvmu/kobuki/build/ament_cmake_clang_format': /usr/bin/cmake --build /home/lfvmu/kobuki/build/ament_cmake_clang_format -- -j4 -l4
[0.967s] /usr/bin/cmake -S/home/lfvmu/kobuki/src/ament_lint/ament_cmake_clang_format -B/home/lfvmu/kobuki/build/ament_cmake_clang_format --check-build-system CMakeFiles/Makefile.cmake 0
[0.968s] /usr/bin/cmake -E cmake_progress_start /home/lfvmu/kobuki/build/ament_cmake_clang_format/CMakeFiles /home/lfvmu/kobuki/build/ament_cmake_clang_format/CMakeFiles/progress.marks
[1.001s] /usr/bin/make -f CMakeFiles/Makefile2 all
[1.001s] make[1]: Entering directory '/home/lfvmu/kobuki/build/ament_cmake_clang_format'
[1.002s] make[1]: Nothing to be done for 'all'.
[1.002s] make[1]: Leaving directory '/home/lfvmu/kobuki/build/ament_cmake_clang_format'
[1.002s] /usr/bin/cmake -E cmake_progress_start /home/lfvmu/kobuki/build/ament_cmake_clang_format/CMakeFiles 0
[1.331s] Invoked command in '/home/lfvmu/kobuki/build/ament_cmake_clang_format' returned '0': /usr/bin/cmake --build /home/lfvmu/kobuki/build/ament_cmake_clang_format -- -j4 -l4
[1.583s] Invoking command in '/home/lfvmu/kobuki/build/ament_cmake_clang_format': /usr/bin/cmake --install /home/lfvmu/kobuki/build/ament_cmake_clang_format
[1.603s] -- Install configuration: "RelWithDebInfo"
[1.604s] -- Up-to-date: /home/lfvmu/kobuki/install/share/ament_index/resource_index/package_run_dependencies/ament_cmake_clang_format
[1.605s] -- Up-to-date: /home/lfvmu/kobuki/install/share/ament_index/resource_index/parent_prefix_path/ament_cmake_clang_format
[1.605s] -- Up-to-date: /home/lfvmu/kobuki/install/share/ament_cmake_clang_format/environment/ament_prefix_path.sh
[1.606s] -- Installing: /home/lfvmu/kobuki/install/share/ament_cmake_clang_format/environment/ament_prefix_path.dsv
[1.606s] -- Up-to-date: /home/lfvmu/kobuki/install/share/ament_cmake_clang_format/environment/path.sh
[1.607s] -- Installing: /home/lfvmu/kobuki/install/share/ament_cmake_clang_format/environment/path.dsv
[1.607s] -- Up-to-date: /home/lfvmu/kobuki/install/share/ament_cmake_clang_format/local_setup.bash
[1.607s] -- Up-to-date: /home/lfvmu/kobuki/install/share/ament_cmake_clang_format/local_setup.sh
[1.608s] -- Up-to-date: /home/lfvmu/kobuki/install/share/ament_cmake_clang_format/local_setup.zsh
[1.609s] -- Installing: /home/lfvmu/kobuki/install/share/ament_cmake_clang_format/local_setup.dsv
[1.610s] -- Installing: /home/lfvmu/kobuki/install/share/ament_cmake_clang_format/package.dsv
[1.616s] -- Up-to-date: /home/lfvmu/kobuki/install/share/ament_index/resource_index/packages/ament_cmake_clang_format
[1.627s] -- Up-to-date: /home/lfvmu/kobuki/install/share/ament_cmake_clang_format/cmake/ament_cmake_clang_format-extras.cmake
[1.635s] -- Up-to-date: /home/lfvmu/kobuki/install/share/ament_cmake_clang_format/cmake/ament_cmake_clang_formatConfig.cmake
[1.636s] -- Up-to-date: /home/lfvmu/kobuki/install/share/ament_cmake_clang_format/cmake/ament_cmake_clang_formatConfig-version.cmake
[1.637s] -- Up-to-date: /home/lfvmu/kobuki/install/share/ament_cmake_clang_format/package.xml
[1.639s] -- Up-to-date: /home/lfvmu/kobuki/install/share/ament_cmake_clang_format/cmake
[1.640s] -- Up-to-date: /home/lfvmu/kobuki/install/share/ament_cmake_clang_format/cmake/ament_cmake_clang_format_lint_hook.cmake
[1.640s] -- Up-to-date: /home/lfvmu/kobuki/install/share/ament_cmake_clang_format/cmake/ament_clang_format.cmake
[1.641s] Invoked command in '/home/lfvmu/kobuki/build/ament_cmake_clang_format' returned '0': /usr/bin/cmake --install /home/lfvmu/kobuki/build/ament_cmake_clang_format
