[0.302s] Invoking command in '/home/lfvmu/kobuki/build/ecl_console': /usr/bin/cmake /home/lfvmu/kobuki/src/ecl_lite/ecl_console -DBUILD_TESTING=OFF -DCMAKE_INSTALL_PREFIX=/home/lfvmu/kobuki/install
[0.314s] Re-run cmake no build system arguments
[0.334s] -- Found ament_cmake_ros: 0.9.2 (/home/lfvmu/kobuki/install/share/ament_cmake_ros/cmake)
[0.403s] -- Using PYTHON_EXECUTABLE: /usr/bin/python3
[0.816s] -- Found ecl_build: 1.0.3 (/home/lfvmu/kobuki/install/share/ecl_build/cmake)
[0.838s] -- Found ecl_config: 1.1.0 (/home/lfvmu/kobuki/install/share/ecl_config/cmake)
[1.027s] -- Configuring done
[1.047s] -- Generating done
[1.063s] -- Build files have been written to: /home/lfvmu/kobuki/build/ecl_console
[1.086s] Invoked command in '/home/lfvmu/kobuki/build/ecl_console' returned '0': /usr/bin/cmake /home/lfvmu/kobuki/src/ecl_lite/ecl_console -DBUILD_TESTING=OFF -DCMAKE_INSTALL_PREFIX=/home/lfvmu/kobuki/install
[1.088s] Invoking command in '/home/lfvmu/kobuki/build/ecl_console': /usr/bin/cmake --build /home/lfvmu/kobuki/build/ecl_console -- -j4 -l4
[1.141s] /usr/bin/cmake -S/home/lfvmu/kobuki/src/ecl_lite/ecl_console -B/home/lfvmu/kobuki/build/ecl_console --check-build-system CMakeFiles/Makefile.cmake 0
[1.172s] /usr/bin/cmake -E cmake_progress_start /home/lfvmu/kobuki/build/ecl_console/CMakeFiles /home/lfvmu/kobuki/build/ecl_console/CMakeFiles/progress.marks
[1.212s] /usr/bin/make -f CMakeFiles/Makefile2 all
[1.212s] make[1]: Entering directory '/home/lfvmu/kobuki/build/ecl_console'
[1.212s] make[1]: Nothing to be done for 'all'.
[1.212s] make[1]: Leaving directory '/home/lfvmu/kobuki/build/ecl_console'
[1.213s] /usr/bin/cmake -E cmake_progress_start /home/lfvmu/kobuki/build/ecl_console/CMakeFiles 0
[1.428s] Invoked command in '/home/lfvmu/kobuki/build/ecl_console' returned '0': /usr/bin/cmake --build /home/lfvmu/kobuki/build/ecl_console -- -j4 -l4
[1.806s] Invoking command in '/home/lfvmu/kobuki/build/ecl_console': /usr/bin/cmake --install /home/lfvmu/kobuki/build/ecl_console
[1.833s] -- Install configuration: "RelWithDebInfo"
[1.833s] -- Up-to-date: /home/lfvmu/kobuki/install/include/ecl
[1.833s] -- Up-to-date: /home/lfvmu/kobuki/install/include/ecl/console.hpp
[1.834s] -- Up-to-date: /home/lfvmu/kobuki/install/share/ament_index/resource_index/package_run_dependencies/ecl_console
[1.834s] -- Up-to-date: /home/lfvmu/kobuki/install/share/ament_index/resource_index/parent_prefix_path/ecl_console
[1.834s] -- Up-to-date: /home/lfvmu/kobuki/install/share/ecl_console/environment/ament_prefix_path.sh
[1.834s] -- Installing: /home/lfvmu/kobuki/install/share/ecl_console/environment/ament_prefix_path.dsv
[1.835s] -- Up-to-date: /home/lfvmu/kobuki/install/share/ecl_console/environment/path.sh
[1.835s] -- Installing: /home/lfvmu/kobuki/install/share/ecl_console/environment/path.dsv
[1.835s] -- Up-to-date: /home/lfvmu/kobuki/install/share/ecl_console/local_setup.bash
[1.835s] -- Up-to-date: /home/lfvmu/kobuki/install/share/ecl_console/local_setup.sh
[1.836s] -- Up-to-date: /home/lfvmu/kobuki/install/share/ecl_console/local_setup.zsh
[1.836s] -- Installing: /home/lfvmu/kobuki/install/share/ecl_console/local_setup.dsv
[1.836s] -- Installing: /home/lfvmu/kobuki/install/share/ecl_console/package.dsv
[1.837s] -- Up-to-date: /home/lfvmu/kobuki/install/share/ament_index/resource_index/packages/ecl_console
[1.841s] -- Up-to-date: /home/lfvmu/kobuki/install/share/ecl_console/cmake/ecl_consoleExport.cmake
[1.842s] -- Up-to-date: /home/lfvmu/kobuki/install/share/ecl_console/cmake/ament_cmake_export_targets-extras.cmake
[1.843s] -- Up-to-date: /home/lfvmu/kobuki/install/share/ecl_console/cmake/ament_cmake_export_include_directories-extras.cmake
[1.848s] -- Up-to-date: /home/lfvmu/kobuki/install/share/ecl_console/cmake/ament_cmake_export_dependencies-extras.cmake
[1.854s] -- Up-to-date: /home/lfvmu/kobuki/install/share/ecl_console/cmake/ecl_consoleConfig.cmake
[1.860s] -- Up-to-date: /home/lfvmu/kobuki/install/share/ecl_console/cmake/ecl_consoleConfig-version.cmake
[1.865s] -- Up-to-date: /home/lfvmu/kobuki/install/share/ecl_console/package.xml
[1.871s] Invoked command in '/home/lfvmu/kobuki/build/ecl_console' returned '0': /usr/bin/cmake --install /home/lfvmu/kobuki/build/ecl_console
