[0.331s] Invoking command in '/home/lfvmu/kobuki/build/ecl_time_lite': AMENT_PREFIX_PATH=/home/lfvmu/kobuki/install CMAKE_PREFIX_PATH=/home/lfvmu/kobuki/install LD_LIBRARY_PATH=/home/lfvmu/kobuki/install/lib PATH=/home/lfvmu/kobuki/install/bin:${PATH} PYTHONPATH=/home/lfvmu/kobuki/install/lib/python3.8/site-packages /usr/bin/cmake /home/lfvmu/kobuki/src/ecl_lite/ecl_time_lite -DBUILD_TESTING=OFF --no-warn-unused-cli -DCMAKE_INSTALL_PREFIX=/home/lfvmu/kobuki/install
[0.349s] Not searching for unused variables given on the command line.
[0.386s] -- Found ament_cmake_ros: 0.9.2 (/home/lfvmu/kobuki/install/share/ament_cmake_ros/cmake)
[0.441s] -- Using PYTHON_EXECUTABLE: /usr/bin/python3
[0.812s] -- Found ecl_build: 1.0.3 (/home/lfvmu/kobuki/install/share/ecl_build/cmake)
[0.832s] -- Found ecl_config: 1.1.0 (/home/lfvmu/kobuki/install/share/ecl_config/cmake)
[0.847s] -- Found ecl_errors: 1.1.0 (/home/lfvmu/kobuki/install/share/ecl_errors/cmake)
[1.032s] -- Configuring done
[1.095s] -- Generating done
[1.095s] -- Build files have been written to: /home/lfvmu/kobuki/build/ecl_time_lite
[1.138s] Invoked command in '/home/lfvmu/kobuki/build/ecl_time_lite' returned '0': AMENT_PREFIX_PATH=/home/lfvmu/kobuki/install CMAKE_PREFIX_PATH=/home/lfvmu/kobuki/install LD_LIBRARY_PATH=/home/lfvmu/kobuki/install/lib PATH=/home/lfvmu/kobuki/install/bin:${PATH} PYTHONPATH=/home/lfvmu/kobuki/install/lib/python3.8/site-packages /usr/bin/cmake /home/lfvmu/kobuki/src/ecl_lite/ecl_time_lite -DBUILD_TESTING=OFF --no-warn-unused-cli -DCMAKE_INSTALL_PREFIX=/home/lfvmu/kobuki/install
[1.141s] Invoking command in '/home/lfvmu/kobuki/build/ecl_time_lite': AMENT_PREFIX_PATH=/home/lfvmu/kobuki/install CMAKE_PREFIX_PATH=/home/lfvmu/kobuki/install LD_LIBRARY_PATH=/home/lfvmu/kobuki/install/lib PATH=/home/lfvmu/kobuki/install/bin:${PATH} PYTHONPATH=/home/lfvmu/kobuki/install/lib/python3.8/site-packages /usr/bin/cmake --build /home/lfvmu/kobuki/build/ecl_time_lite -- -j4 -l4
[1.303s] [ 77%] Built target ecl_time_lite
[1.344s] [100%] Built target demo_time_functions
[1.384s] Invoked command in '/home/lfvmu/kobuki/build/ecl_time_lite' returned '0': AMENT_PREFIX_PATH=/home/lfvmu/kobuki/install CMAKE_PREFIX_PATH=/home/lfvmu/kobuki/install LD_LIBRARY_PATH=/home/lfvmu/kobuki/install/lib PATH=/home/lfvmu/kobuki/install/bin:${PATH} PYTHONPATH=/home/lfvmu/kobuki/install/lib/python3.8/site-packages /usr/bin/cmake --build /home/lfvmu/kobuki/build/ecl_time_lite -- -j4 -l4
[1.642s] Invoking command in '/home/lfvmu/kobuki/build/ecl_time_lite': AMENT_PREFIX_PATH=/home/lfvmu/kobuki/install CMAKE_PREFIX_PATH=/home/lfvmu/kobuki/install LD_LIBRARY_PATH=/home/lfvmu/kobuki/install/lib PATH=/home/lfvmu/kobuki/install/bin:${PATH} PYTHONPATH=/home/lfvmu/kobuki/install/lib/python3.8/site-packages /usr/bin/cmake --install /home/lfvmu/kobuki/build/ecl_time_lite
[1.670s] -- Install configuration: ""
[1.670s] -- Up-to-date: /home/lfvmu/kobuki/install/share/ecl_time_lite/environment/library_path.sh
[1.671s] -- Installing: /home/lfvmu/kobuki/install/share/ecl_time_lite/environment/library_path.dsv
[1.671s] -- Up-to-date: /home/lfvmu/kobuki/install/share/ament_index/resource_index/package_run_dependencies/ecl_time_lite
[1.672s] -- Up-to-date: /home/lfvmu/kobuki/install/share/ament_index/resource_index/parent_prefix_path/ecl_time_lite
[1.672s] -- Up-to-date: /home/lfvmu/kobuki/install/share/ecl_time_lite/environment/ament_prefix_path.sh
[1.672s] -- Installing: /home/lfvmu/kobuki/install/share/ecl_time_lite/environment/ament_prefix_path.dsv
[1.673s] -- Up-to-date: /home/lfvmu/kobuki/install/share/ecl_time_lite/environment/path.sh
[1.673s] -- Installing: /home/lfvmu/kobuki/install/share/ecl_time_lite/environment/path.dsv
[1.674s] -- Up-to-date: /home/lfvmu/kobuki/install/share/ecl_time_lite/local_setup.bash
[1.674s] -- Up-to-date: /home/lfvmu/kobuki/install/share/ecl_time_lite/local_setup.sh
[1.674s] -- Up-to-date: /home/lfvmu/kobuki/install/share/ecl_time_lite/local_setup.zsh
[1.674s] -- Installing: /home/lfvmu/kobuki/install/share/ecl_time_lite/local_setup.dsv
[1.675s] -- Installing: /home/lfvmu/kobuki/install/share/ecl_time_lite/package.dsv
[1.675s] -- Up-to-date: /home/lfvmu/kobuki/install/share/ament_index/resource_index/packages/ecl_time_lite
[1.676s] -- Up-to-date: /home/lfvmu/kobuki/install/share/ecl_time_lite/cmake/ecl_time_liteExport.cmake
[1.676s] -- Installing: /home/lfvmu/kobuki/install/share/ecl_time_lite/cmake/ecl_time_liteExport-noconfig.cmake
[1.676s] -- Up-to-date: /home/lfvmu/kobuki/install/share/ecl_time_lite/cmake/ament_cmake_export_targets-extras.cmake
[1.677s] -- Up-to-date: /home/lfvmu/kobuki/install/share/ecl_time_lite/cmake/ament_cmake_export_include_directories-extras.cmake
[1.677s] -- Up-to-date: /home/lfvmu/kobuki/install/share/ecl_time_lite/cmake/ament_cmake_export_libraries-extras.cmake
[1.677s] -- Up-to-date: /home/lfvmu/kobuki/install/share/ecl_time_lite/cmake/ament_cmake_export_dependencies-extras.cmake
[1.678s] -- Up-to-date: /home/lfvmu/kobuki/install/share/ecl_time_lite/cmake/ecl_time_liteConfig.cmake
[1.678s] -- Up-to-date: /home/lfvmu/kobuki/install/share/ecl_time_lite/cmake/ecl_time_liteConfig-version.cmake
[1.678s] -- Up-to-date: /home/lfvmu/kobuki/install/share/ecl_time_lite/package.xml
[1.679s] -- Up-to-date: /home/lfvmu/kobuki/install/include/ecl/time_lite.hpp
[1.680s] -- Up-to-date: /home/lfvmu/kobuki/install/include/ecl/time_lite/cpu_time.hpp
[1.680s] -- Up-to-date: /home/lfvmu/kobuki/install/include/ecl/time_lite/date.hpp
[1.680s] -- Up-to-date: /home/lfvmu/kobuki/install/include/ecl/time_lite/errors.hpp
[1.681s] -- Up-to-date: /home/lfvmu/kobuki/install/include/ecl/time_lite/functions.hpp
[1.681s] -- Up-to-date: /home/lfvmu/kobuki/install/include/ecl/time_lite/functions_mac.hpp
[1.681s] -- Up-to-date: /home/lfvmu/kobuki/install/include/ecl/time_lite/functions_pos.hpp
[1.681s] -- Up-to-date: /home/lfvmu/kobuki/install/include/ecl/time_lite/functions_rt.hpp
[1.682s] -- Up-to-date: /home/lfvmu/kobuki/install/include/ecl/time_lite/functions_win.hpp
[1.682s] -- Up-to-date: /home/lfvmu/kobuki/install/include/ecl/time_lite/macros.hpp
[1.682s] -- Up-to-date: /home/lfvmu/kobuki/install/include/ecl/time_lite/types.hpp
[1.682s] -- Up-to-date: /home/lfvmu/kobuki/install/include/ecl/time_lite/types_pos.hpp
[1.683s] -- Up-to-date: /home/lfvmu/kobuki/install/include/ecl/time_lite/types_win.hpp
[1.683s] -- Up-to-date: /home/lfvmu/kobuki/install/include/ecl/time_lite/config.hpp
[1.684s] -- Up-to-date: /home/lfvmu/kobuki/install/lib/libecl_time_lite.so.1.1.0
[1.684s] -- Up-to-date: /home/lfvmu/kobuki/install/lib/libecl_time_lite.so
[1.686s] -- Up-to-date: /home/lfvmu/kobuki/install/lib/ecl_time_lite/demo_time_functions
[1.696s] Invoked command in '/home/lfvmu/kobuki/build/ecl_time_lite' returned '0': AMENT_PREFIX_PATH=/home/lfvmu/kobuki/install CMAKE_PREFIX_PATH=/home/lfvmu/kobuki/install LD_LIBRARY_PATH=/home/lfvmu/kobuki/install/lib PATH=/home/lfvmu/kobuki/install/bin:${PATH} PYTHONPATH=/home/lfvmu/kobuki/install/lib/python3.8/site-packages /usr/bin/cmake --install /home/lfvmu/kobuki/build/ecl_time_lite
