[0.138s] Invoking command in '/home/lfvmu/kobuki/build/ament_cmake_mypy': /usr/bin/cmake /home/lfvmu/kobuki/src/ament_lint/ament_cmake_mypy -DBUILD_TESTING=OFF -DCMAKE_INSTALL_PREFIX=/home/lfvmu/kobuki/install
[0.140s] -- Found ament_cmake_core: 0.9.11 (/home/lfvmu/kobuki/install/share/ament_cmake_core/cmake)
[0.190s] -- Using PYTHON_EXECUTABLE: /usr/bin/python3
[0.529s] -- Found ament_cmake_test: 0.9.11 (/home/lfvmu/kobuki/install/share/ament_cmake_test/cmake)
[0.655s] -- Configuring done
[0.658s] -- Generating done
[0.660s] -- Build files have been written to: /home/lfvmu/kobuki/build/ament_cmake_mypy
[0.731s] Invoked command in '/home/lfvmu/kobuki/build/ament_cmake_mypy' returned '0': /usr/bin/cmake /home/lfvmu/kobuki/src/ament_lint/ament_cmake_mypy -DBUILD_TESTING=OFF -DCMAKE_INSTALL_PREFIX=/home/lfvmu/kobuki/install
[0.736s] Invoking command in '/home/lfvmu/kobuki/build/ament_cmake_mypy': /usr/bin/cmake --build /home/lfvmu/kobuki/build/ament_cmake_mypy -- -j4 -l4
[0.987s] Invoked command in '/home/lfvmu/kobuki/build/ament_cmake_mypy' returned '0': /usr/bin/cmake --build /home/lfvmu/kobuki/build/ament_cmake_mypy -- -j4 -l4
[1.210s] Invoking command in '/home/lfvmu/kobuki/build/ament_cmake_mypy': /usr/bin/cmake --install /home/lfvmu/kobuki/build/ament_cmake_mypy
[1.238s] -- Install configuration: "RelWithDebInfo"
[1.239s] -- Up-to-date: /home/lfvmu/kobuki/install/share/ament_index/resource_index/package_run_dependencies/ament_cmake_mypy
[1.239s] -- Up-to-date: /home/lfvmu/kobuki/install/share/ament_index/resource_index/parent_prefix_path/ament_cmake_mypy
[1.239s] -- Up-to-date: /home/lfvmu/kobuki/install/share/ament_cmake_mypy/environment/ament_prefix_path.sh
[1.239s] -- Installing: /home/lfvmu/kobuki/install/share/ament_cmake_mypy/environment/ament_prefix_path.dsv
[1.240s] -- Up-to-date: /home/lfvmu/kobuki/install/share/ament_cmake_mypy/environment/path.sh
[1.240s] -- Installing: /home/lfvmu/kobuki/install/share/ament_cmake_mypy/environment/path.dsv
[1.240s] -- Up-to-date: /home/lfvmu/kobuki/install/share/ament_cmake_mypy/local_setup.bash
[1.240s] -- Up-to-date: /home/lfvmu/kobuki/install/share/ament_cmake_mypy/local_setup.sh
[1.240s] -- Up-to-date: /home/lfvmu/kobuki/install/share/ament_cmake_mypy/local_setup.zsh
[1.241s] -- Installing: /home/lfvmu/kobuki/install/share/ament_cmake_mypy/local_setup.dsv
[1.241s] -- Installing: /home/lfvmu/kobuki/install/share/ament_cmake_mypy/package.dsv
[1.241s] -- Up-to-date: /home/lfvmu/kobuki/install/share/ament_index/resource_index/packages/ament_cmake_mypy
[1.242s] -- Up-to-date: /home/lfvmu/kobuki/install/share/ament_cmake_mypy/cmake/ament_cmake_mypy-extras.cmake
[1.242s] -- Up-to-date: /home/lfvmu/kobuki/install/share/ament_cmake_mypy/cmake/ament_cmake_mypyConfig.cmake
[1.242s] -- Up-to-date: /home/lfvmu/kobuki/install/share/ament_cmake_mypy/cmake/ament_cmake_mypyConfig-version.cmake
[1.242s] -- Up-to-date: /home/lfvmu/kobuki/install/share/ament_cmake_mypy/package.xml
[1.243s] -- Up-to-date: /home/lfvmu/kobuki/install/share/ament_cmake_mypy/cmake
[1.243s] -- Up-to-date: /home/lfvmu/kobuki/install/share/ament_cmake_mypy/cmake/ament_cmake_mypy_lint_hook.cmake
[1.243s] -- Up-to-date: /home/lfvmu/kobuki/install/share/ament_cmake_mypy/cmake/ament_mypy.cmake
[1.250s] Invoked command in '/home/lfvmu/kobuki/build/ament_cmake_mypy' returned '0': /usr/bin/cmake --install /home/lfvmu/kobuki/build/ament_cmake_mypy
