[0.086s] Invoking command in '/home/lfvmu/kobuki/build/ament_lint_auto': /usr/bin/cmake /home/lfvmu/kobuki/src/ament_lint/ament_lint_auto -DBUILD_TESTING=OFF --no-warn-unused-cli -DCMAKE_INSTALL_PREFIX=/home/lfvmu/kobuki/install
[0.102s] Not searching for unused variables given on the command line.
[0.107s] -- Found ament_cmake_core: 0.9.11 (/home/lfvmu/kobuki/install/share/ament_cmake_core/cmake)
[0.157s] -- Using PYTHON_EXECUTABLE: /usr/bin/python3
[0.632s] -- Configuring done
[0.632s] -- Generating done
[0.634s] -- Build files have been written to: /home/lfvmu/kobuki/build/ament_lint_auto
[0.648s] Invoked command in '/home/lfvmu/kobuki/build/ament_lint_auto' returned '0': /usr/bin/cmake /home/lfvmu/kobuki/src/ament_lint/ament_lint_auto -DBUILD_TESTING=OFF --no-warn-unused-cli -DCMAKE_INSTALL_PREFIX=/home/lfvmu/kobuki/install
[0.658s] Invoking command in '/home/lfvmu/kobuki/build/ament_lint_auto': /usr/bin/cmake --build /home/lfvmu/kobuki/build/ament_lint_auto -- -j4 -l4
[0.903s] Invoked command in '/home/lfvmu/kobuki/build/ament_lint_auto' returned '0': /usr/bin/cmake --build /home/lfvmu/kobuki/build/ament_lint_auto -- -j4 -l4
[1.419s] Invoking command in '/home/lfvmu/kobuki/build/ament_lint_auto': /usr/bin/cmake --install /home/lfvmu/kobuki/build/ament_lint_auto
[1.442s] -- Install configuration: "RelWithDebInfo"
[1.443s] -- Up-to-date: /home/lfvmu/kobuki/install/share/ament_index/resource_index/package_run_dependencies/ament_lint_auto
[1.443s] -- Up-to-date: /home/lfvmu/kobuki/install/share/ament_index/resource_index/parent_prefix_path/ament_lint_auto
[1.443s] -- Up-to-date: /home/lfvmu/kobuki/install/share/ament_lint_auto/environment/ament_prefix_path.sh
[1.444s] -- Installing: /home/lfvmu/kobuki/install/share/ament_lint_auto/environment/ament_prefix_path.dsv
[1.472s] -- Up-to-date: /home/lfvmu/kobuki/install/share/ament_lint_auto/environment/path.sh
[1.472s] -- Installing: /home/lfvmu/kobuki/install/share/ament_lint_auto/environment/path.dsv
[1.473s] -- Up-to-date: /home/lfvmu/kobuki/install/share/ament_lint_auto/local_setup.bash
[1.473s] -- Up-to-date: /home/lfvmu/kobuki/install/share/ament_lint_auto/local_setup.sh
[1.473s] -- Up-to-date: /home/lfvmu/kobuki/install/share/ament_lint_auto/local_setup.zsh
[1.473s] -- Installing: /home/lfvmu/kobuki/install/share/ament_lint_auto/local_setup.dsv
[1.473s] -- Installing: /home/lfvmu/kobuki/install/share/ament_lint_auto/package.dsv
[1.474s] -- Up-to-date: /home/lfvmu/kobuki/install/share/ament_index/resource_index/packages/ament_lint_auto
[1.474s] -- Up-to-date: /home/lfvmu/kobuki/install/share/ament_lint_auto/cmake/ament_lint_auto-extras.cmake
[1.474s] -- Up-to-date: /home/lfvmu/kobuki/install/share/ament_lint_auto/cmake/ament_lint_autoConfig.cmake
[1.474s] -- Up-to-date: /home/lfvmu/kobuki/install/share/ament_lint_auto/cmake/ament_lint_autoConfig-version.cmake
[1.475s] -- Up-to-date: /home/lfvmu/kobuki/install/share/ament_lint_auto/package.xml
[1.475s] -- Up-to-date: /home/lfvmu/kobuki/install/share/ament_lint_auto/cmake
[1.475s] -- Up-to-date: /home/lfvmu/kobuki/install/share/ament_lint_auto/cmake/ament_lint_auto_package_hook.cmake
[1.475s] -- Up-to-date: /home/lfvmu/kobuki/install/share/ament_lint_auto/cmake/ament_lint_auto_find_test_dependencies.cmake
[1.612s] Invoked command in '/home/lfvmu/kobuki/build/ament_lint_auto' returned '0': /usr/bin/cmake --install /home/lfvmu/kobuki/build/ament_lint_auto
