[2.471s] Invoking command in '/home/lfvmu/kobuki/src/ament_lint/ament_uncrustify': PYTHONPATH=/home/lfvmu/kobuki/build/ament_uncrustify/prefix_override:/home/lfvmu/kobuki/install/lib/python3.8/site-packages: /usr/bin/python3 setup.py egg_info --egg-base ../../../build/ament_uncrustify build --build-base /home/lfvmu/kobuki/build/ament_uncrustify/build install --record /home/lfvmu/kobuki/build/ament_uncrustify/install.log --single-version-externally-managed
[2.866s] running egg_info
[2.868s] writing ../../../build/ament_uncrustify/ament_uncrustify.egg-info/PKG-INFO
[2.869s] writing dependency_links to ../../../build/ament_uncrustify/ament_uncrustify.egg-info/dependency_links.txt
[2.870s] writing entry points to ../../../build/ament_uncrustify/ament_uncrustify.egg-info/entry_points.txt
[2.870s] writing requirements to ../../../build/ament_uncrustify/ament_uncrustify.egg-info/requires.txt
[2.871s] writing top-level names to ../../../build/ament_uncrustify/ament_uncrustify.egg-info/top_level.txt
[2.984s] reading manifest file '../../../build/ament_uncrustify/ament_uncrustify.egg-info/SOURCES.txt'
[2.987s] writing manifest file '../../../build/ament_uncrustify/ament_uncrustify.egg-info/SOURCES.txt'
[2.988s] running build
[2.988s] running build_py
[2.991s] running install
[2.994s] running install_lib
[2.998s] running install_data
[2.999s] running install_egg_info
[3.005s] removing '/home/lfvmu/kobuki/install/lib/python3.8/site-packages/ament_uncrustify-0.9.7-py3.8.egg-info' (and everything under it)
[3.005s] Copying ../../../build/ament_uncrustify/ament_uncrustify.egg-info to /home/lfvmu/kobuki/install/lib/python3.8/site-packages/ament_uncrustify-0.9.7-py3.8.egg-info
[3.008s] running install_scripts
[3.045s] Installing ament_uncrustify script to /home/lfvmu/kobuki/install/bin
[3.046s] writing list of installed files to '/home/lfvmu/kobuki/build/ament_uncrustify/install.log'
[3.107s] Invoked command in '/home/lfvmu/kobuki/src/ament_lint/ament_uncrustify' returned '0': PYTHONPATH=/home/lfvmu/kobuki/build/ament_uncrustify/prefix_override:/home/lfvmu/kobuki/install/lib/python3.8/site-packages: /usr/bin/python3 setup.py egg_info --egg-base ../../../build/ament_uncrustify build --build-base /home/lfvmu/kobuki/build/ament_uncrustify/build install --record /home/lfvmu/kobuki/build/ament_uncrustify/install.log --single-version-externally-managed
