[0.067s] Invoking command in '/home/lfvmu/kobuki/build/ament_cmake_include_directories': AMENT_PREFIX_PATH=/home/lfvmu/kobuki/install CMAKE_PREFIX_PATH=/home/lfvmu/kobuki/install LD_LIBRARY_PATH=/home/lfvmu/kobuki/install/lib PATH=/home/lfvmu/kobuki/install/bin:${PATH} PYTHONPATH=/home/lfvmu/kobuki/install/lib/python3.8/site-packages /usr/bin/cmake /home/lfvmu/kobuki/src/ament_cmake/ament_cmake_include_directories -DBUILD_TESTING=OFF -DCMAKE_INSTALL_PREFIX=/home/lfvmu/kobuki/install
[0.088s] Re-run cmake no build system arguments
[0.094s] -- Found ament_cmake_core: 0.9.11 (/home/lfvmu/kobuki/install/share/ament_cmake_core/cmake)
[0.161s] -- Using PYTHON_EXECUTABLE: /usr/bin/python3
[0.680s] -- Configuring done
[0.683s] -- Generating done
[0.696s] -- Build files have been written to: /home/lfvmu/kobuki/build/ament_cmake_include_directories
[0.935s] Invoked command in '/home/lfvmu/kobuki/build/ament_cmake_include_directories' returned '0': AMENT_PREFIX_PATH=/home/lfvmu/kobuki/install CMAKE_PREFIX_PATH=/home/lfvmu/kobuki/install LD_LIBRARY_PATH=/home/lfvmu/kobuki/install/lib PATH=/home/lfvmu/kobuki/install/bin:${PATH} PYTHONPATH=/home/lfvmu/kobuki/install/lib/python3.8/site-packages /usr/bin/cmake /home/lfvmu/kobuki/src/ament_cmake/ament_cmake_include_directories -DBUILD_TESTING=OFF -DCMAKE_INSTALL_PREFIX=/home/lfvmu/kobuki/install
[0.942s] Invoking command in '/home/lfvmu/kobuki/build/ament_cmake_include_directories': AMENT_PREFIX_PATH=/home/lfvmu/kobuki/install CMAKE_PREFIX_PATH=/home/lfvmu/kobuki/install LD_LIBRARY_PATH=/home/lfvmu/kobuki/install/lib PATH=/home/lfvmu/kobuki/install/bin:${PATH} PYTHONPATH=/home/lfvmu/kobuki/install/lib/python3.8/site-packages /usr/bin/cmake --build /home/lfvmu/kobuki/build/ament_cmake_include_directories -- -j4 -l4
[0.990s] /usr/bin/cmake -S/home/lfvmu/kobuki/src/ament_cmake/ament_cmake_include_directories -B/home/lfvmu/kobuki/build/ament_cmake_include_directories --check-build-system CMakeFiles/Makefile.cmake 0
[1.014s] /usr/bin/cmake -E cmake_progress_start /home/lfvmu/kobuki/build/ament_cmake_include_directories/CMakeFiles /home/lfvmu/kobuki/build/ament_cmake_include_directories/CMakeFiles/progress.marks
[1.042s] /usr/bin/make -f CMakeFiles/Makefile2 all
[1.044s] make[1]: Entering directory '/home/lfvmu/kobuki/build/ament_cmake_include_directories'
[1.045s] make[1]: Nothing to be done for 'all'.
[1.045s] make[1]: Leaving directory '/home/lfvmu/kobuki/build/ament_cmake_include_directories'
[1.046s] /usr/bin/cmake -E cmake_progress_start /home/lfvmu/kobuki/build/ament_cmake_include_directories/CMakeFiles 0
[1.172s] Invoked command in '/home/lfvmu/kobuki/build/ament_cmake_include_directories' returned '0': AMENT_PREFIX_PATH=/home/lfvmu/kobuki/install CMAKE_PREFIX_PATH=/home/lfvmu/kobuki/install LD_LIBRARY_PATH=/home/lfvmu/kobuki/install/lib PATH=/home/lfvmu/kobuki/install/bin:${PATH} PYTHONPATH=/home/lfvmu/kobuki/install/lib/python3.8/site-packages /usr/bin/cmake --build /home/lfvmu/kobuki/build/ament_cmake_include_directories -- -j4 -l4
[1.293s] Invoking command in '/home/lfvmu/kobuki/build/ament_cmake_include_directories': AMENT_PREFIX_PATH=/home/lfvmu/kobuki/install CMAKE_PREFIX_PATH=/home/lfvmu/kobuki/install LD_LIBRARY_PATH=/home/lfvmu/kobuki/install/lib PATH=/home/lfvmu/kobuki/install/bin:${PATH} PYTHONPATH=/home/lfvmu/kobuki/install/lib/python3.8/site-packages /usr/bin/cmake --install /home/lfvmu/kobuki/build/ament_cmake_include_directories
[1.328s] -- Install configuration: ""
[1.329s] -- Up-to-date: /home/lfvmu/kobuki/install/share/ament_index/resource_index/package_run_dependencies/ament_cmake_include_directories
[1.330s] -- Up-to-date: /home/lfvmu/kobuki/install/share/ament_index/resource_index/parent_prefix_path/ament_cmake_include_directories
[1.330s] -- Up-to-date: /home/lfvmu/kobuki/install/share/ament_cmake_include_directories/environment/ament_prefix_path.sh
[1.331s] -- Installing: /home/lfvmu/kobuki/install/share/ament_cmake_include_directories/environment/ament_prefix_path.dsv
[1.332s] -- Up-to-date: /home/lfvmu/kobuki/install/share/ament_cmake_include_directories/environment/path.sh
[1.333s] -- Installing: /home/lfvmu/kobuki/install/share/ament_cmake_include_directories/environment/path.dsv
[1.334s] -- Up-to-date: /home/lfvmu/kobuki/install/share/ament_cmake_include_directories/local_setup.bash
[1.334s] -- Up-to-date: /home/lfvmu/kobuki/install/share/ament_cmake_include_directories/local_setup.sh
[1.335s] -- Up-to-date: /home/lfvmu/kobuki/install/share/ament_cmake_include_directories/local_setup.zsh
[1.335s] -- Installing: /home/lfvmu/kobuki/install/share/ament_cmake_include_directories/local_setup.dsv
[1.336s] -- Installing: /home/lfvmu/kobuki/install/share/ament_cmake_include_directories/package.dsv
[1.337s] -- Up-to-date: /home/lfvmu/kobuki/install/share/ament_index/resource_index/packages/ament_cmake_include_directories
[1.338s] -- Up-to-date: /home/lfvmu/kobuki/install/share/ament_cmake_include_directories/cmake/ament_cmake_include_directories-extras.cmake
[1.338s] -- Up-to-date: /home/lfvmu/kobuki/install/share/ament_cmake_include_directories/cmake/ament_cmake_include_directoriesConfig.cmake
[1.339s] -- Up-to-date: /home/lfvmu/kobuki/install/share/ament_cmake_include_directories/cmake/ament_cmake_include_directoriesConfig-version.cmake
[1.339s] -- Up-to-date: /home/lfvmu/kobuki/install/share/ament_cmake_include_directories/package.xml
[1.340s] -- Up-to-date: /home/lfvmu/kobuki/install/share/ament_cmake_include_directories/cmake
[1.340s] -- Up-to-date: /home/lfvmu/kobuki/install/share/ament_cmake_include_directories/cmake/ament_include_directories_order.cmake
[1.361s] Invoked command in '/home/lfvmu/kobuki/build/ament_cmake_include_directories' returned '0': AMENT_PREFIX_PATH=/home/lfvmu/kobuki/install CMAKE_PREFIX_PATH=/home/lfvmu/kobuki/install LD_LIBRARY_PATH=/home/lfvmu/kobuki/install/lib PATH=/home/lfvmu/kobuki/install/bin:${PATH} PYTHONPATH=/home/lfvmu/kobuki/install/lib/python3.8/site-packages /usr/bin/cmake --install /home/lfvmu/kobuki/build/ament_cmake_include_directories
