[0.283s] Invoking command in '/home/lfvmu/kobuki/build/ecl_utilities': /usr/bin/cmake /home/lfvmu/kobuki/src/ecl_core/ecl_utilities -DBUILD_TESTING=OFF --no-warn-unused-cli -DCMAKE_INSTALL_PREFIX=/home/lfvmu/kobuki/install
[0.303s] Not searching for unused variables given on the command line.
[0.323s] -- Found ament_cmake_ros: 0.9.2 (/home/lfvmu/kobuki/install/share/ament_cmake_ros/cmake)
[0.381s] -- Using PYTHON_EXECUTABLE: /usr/bin/python3
[0.706s] -- Found ecl_build: 1.0.3 (/home/lfvmu/kobuki/install/share/ecl_build/cmake)
[0.729s] -- Found ecl_concepts: 1.2.1 (/home/lfvmu/kobuki/install/share/ecl_concepts/cmake)
[0.920s] -- Configuring done
[0.943s] -- Generating done
[0.948s] -- Build files have been written to: /home/lfvmu/kobuki/build/ecl_utilities
[1.177s] Invoked command in '/home/lfvmu/kobuki/build/ecl_utilities' returned '0': /usr/bin/cmake /home/lfvmu/kobuki/src/ecl_core/ecl_utilities -DBUILD_TESTING=OFF --no-warn-unused-cli -DCMAKE_INSTALL_PREFIX=/home/lfvmu/kobuki/install
[1.179s] Invoking command in '/home/lfvmu/kobuki/build/ecl_utilities': /usr/bin/cmake --build /home/lfvmu/kobuki/build/ecl_utilities -- -j4 -l4
[1.374s] [100%] Built target ecl_demo_constructors
[1.421s] Invoked command in '/home/lfvmu/kobuki/build/ecl_utilities' returned '0': /usr/bin/cmake --build /home/lfvmu/kobuki/build/ecl_utilities -- -j4 -l4
[1.697s] Invoking command in '/home/lfvmu/kobuki/build/ecl_utilities': /usr/bin/cmake --install /home/lfvmu/kobuki/build/ecl_utilities
[1.720s] -- Install configuration: "RelWithDebInfo"
[1.721s] -- Up-to-date: /home/lfvmu/kobuki/install/share/ament_index/resource_index/package_run_dependencies/ecl_utilities
[1.721s] -- Up-to-date: /home/lfvmu/kobuki/install/share/ament_index/resource_index/parent_prefix_path/ecl_utilities
[1.721s] -- Up-to-date: /home/lfvmu/kobuki/install/share/ecl_utilities/environment/ament_prefix_path.sh
[1.721s] -- Installing: /home/lfvmu/kobuki/install/share/ecl_utilities/environment/ament_prefix_path.dsv
[1.722s] -- Up-to-date: /home/lfvmu/kobuki/install/share/ecl_utilities/environment/path.sh
[1.722s] -- Installing: /home/lfvmu/kobuki/install/share/ecl_utilities/environment/path.dsv
[1.722s] -- Up-to-date: /home/lfvmu/kobuki/install/share/ecl_utilities/local_setup.bash
[1.722s] -- Up-to-date: /home/lfvmu/kobuki/install/share/ecl_utilities/local_setup.sh
[1.722s] -- Up-to-date: /home/lfvmu/kobuki/install/share/ecl_utilities/local_setup.zsh
[1.723s] -- Installing: /home/lfvmu/kobuki/install/share/ecl_utilities/local_setup.dsv
[1.723s] -- Installing: /home/lfvmu/kobuki/install/share/ecl_utilities/package.dsv
[1.723s] -- Up-to-date: /home/lfvmu/kobuki/install/share/ament_index/resource_index/packages/ecl_utilities
[1.723s] -- Up-to-date: /home/lfvmu/kobuki/install/share/ecl_utilities/cmake/ecl_utilitiesExport.cmake
[1.724s] -- Up-to-date: /home/lfvmu/kobuki/install/share/ecl_utilities/cmake/ament_cmake_export_targets-extras.cmake
[1.724s] -- Up-to-date: /home/lfvmu/kobuki/install/share/ecl_utilities/cmake/ament_cmake_export_include_directories-extras.cmake
[1.724s] -- Up-to-date: /home/lfvmu/kobuki/install/share/ecl_utilities/cmake/ament_cmake_export_dependencies-extras.cmake
[1.724s] -- Up-to-date: /home/lfvmu/kobuki/install/share/ecl_utilities/cmake/ecl_utilitiesConfig.cmake
[1.725s] -- Up-to-date: /home/lfvmu/kobuki/install/share/ecl_utilities/cmake/ecl_utilitiesConfig-version.cmake
[1.725s] -- Up-to-date: /home/lfvmu/kobuki/install/share/ecl_utilities/package.xml
[1.726s] -- Up-to-date: /home/lfvmu/kobuki/install/include/ecl/utilities.hpp
[1.727s] -- Up-to-date: /home/lfvmu/kobuki/install/include/ecl/utilities/blueprints.hpp
[1.727s] -- Up-to-date: /home/lfvmu/kobuki/install/include/ecl/utilities/flags.hpp
[1.727s] -- Up-to-date: /home/lfvmu/kobuki/install/include/ecl/utilities/function_objects.hpp
[1.728s] -- Up-to-date: /home/lfvmu/kobuki/install/include/ecl/utilities/parameter.hpp
[1.728s] -- Up-to-date: /home/lfvmu/kobuki/install/include/ecl/utilities/references.hpp
[1.728s] -- Up-to-date: /home/lfvmu/kobuki/install/include/ecl/utilities/singleton.hpp
[1.729s] -- Up-to-date: /home/lfvmu/kobuki/install/include/ecl/utilities/void.hpp
[1.729s] -- Up-to-date: /home/lfvmu/kobuki/install/lib/ecl_utilities/demo_constructors
[1.739s] Invoked command in '/home/lfvmu/kobuki/build/ecl_utilities' returned '0': /usr/bin/cmake --install /home/lfvmu/kobuki/build/ecl_utilities
