[0.234s] Invoking command in '/home/lfvmu/kobuki/build/ament_cmake_pycodestyle': /usr/bin/cmake /home/lfvmu/kobuki/src/ament_lint/ament_cmake_pycodestyle -DBUILD_TESTING=OFF --no-warn-unused-cli -DCMAKE_INSTALL_PREFIX=/home/lfvmu/kobuki/install
[0.264s] Not searching for unused variables given on the command line.
[0.280s] -- Found ament_cmake_core: 0.9.11 (/home/lfvmu/kobuki/install/share/ament_cmake_core/cmake)
[0.311s] -- Using PYTHON_EXECUTABLE: /usr/bin/python3
[0.645s] -- Found ament_cmake_test: 0.9.11 (/home/lfvmu/kobuki/install/share/ament_cmake_test/cmake)
[0.776s] -- Configuring done
[0.786s] -- Generating done
[0.786s] -- Build files have been written to: /home/lfvmu/kobuki/build/ament_cmake_pycodestyle
[1.066s] Invoked command in '/home/lfvmu/kobuki/build/ament_cmake_pycodestyle' returned '0': /usr/bin/cmake /home/lfvmu/kobuki/src/ament_lint/ament_cmake_pycodestyle -DBUILD_TESTING=OFF --no-warn-unused-cli -DCMAKE_INSTALL_PREFIX=/home/lfvmu/kobuki/install
[1.076s] Invoking command in '/home/lfvmu/kobuki/build/ament_cmake_pycodestyle': /usr/bin/cmake --build /home/lfvmu/kobuki/build/ament_cmake_pycodestyle -- -j4 -l4
[1.308s] Invoked command in '/home/lfvmu/kobuki/build/ament_cmake_pycodestyle' returned '0': /usr/bin/cmake --build /home/lfvmu/kobuki/build/ament_cmake_pycodestyle -- -j4 -l4
[1.380s] Invoking command in '/home/lfvmu/kobuki/build/ament_cmake_pycodestyle': /usr/bin/cmake --install /home/lfvmu/kobuki/build/ament_cmake_pycodestyle
[1.397s] -- Install configuration: "RelWithDebInfo"
[1.398s] -- Up-to-date: /home/lfvmu/kobuki/install/share/ament_index/resource_index/package_run_dependencies/ament_cmake_pycodestyle
[1.400s] -- Up-to-date: /home/lfvmu/kobuki/install/share/ament_index/resource_index/parent_prefix_path/ament_cmake_pycodestyle
[1.400s] -- Up-to-date: /home/lfvmu/kobuki/install/share/ament_cmake_pycodestyle/environment/ament_prefix_path.sh
[1.401s] -- Installing: /home/lfvmu/kobuki/install/share/ament_cmake_pycodestyle/environment/ament_prefix_path.dsv
[1.401s] -- Up-to-date: /home/lfvmu/kobuki/install/share/ament_cmake_pycodestyle/environment/path.sh
[1.402s] -- Installing: /home/lfvmu/kobuki/install/share/ament_cmake_pycodestyle/environment/path.dsv
[1.402s] -- Up-to-date: /home/lfvmu/kobuki/install/share/ament_cmake_pycodestyle/local_setup.bash
[1.402s] -- Up-to-date: /home/lfvmu/kobuki/install/share/ament_cmake_pycodestyle/local_setup.sh
[1.403s] -- Up-to-date: /home/lfvmu/kobuki/install/share/ament_cmake_pycodestyle/local_setup.zsh
[1.403s] -- Installing: /home/lfvmu/kobuki/install/share/ament_cmake_pycodestyle/local_setup.dsv
[1.403s] -- Installing: /home/lfvmu/kobuki/install/share/ament_cmake_pycodestyle/package.dsv
[1.403s] -- Up-to-date: /home/lfvmu/kobuki/install/share/ament_index/resource_index/packages/ament_cmake_pycodestyle
[1.404s] -- Up-to-date: /home/lfvmu/kobuki/install/share/ament_cmake_pycodestyle/cmake/ament_cmake_pycodestyle-extras.cmake
[1.404s] -- Up-to-date: /home/lfvmu/kobuki/install/share/ament_cmake_pycodestyle/cmake/ament_cmake_pycodestyleConfig.cmake
[1.404s] -- Up-to-date: /home/lfvmu/kobuki/install/share/ament_cmake_pycodestyle/cmake/ament_cmake_pycodestyleConfig-version.cmake
[1.404s] -- Up-to-date: /home/lfvmu/kobuki/install/share/ament_cmake_pycodestyle/package.xml
[1.404s] -- Up-to-date: /home/lfvmu/kobuki/install/share/ament_cmake_pycodestyle/cmake
[1.405s] -- Up-to-date: /home/lfvmu/kobuki/install/share/ament_cmake_pycodestyle/cmake/ament_cmake_pycodestyle_lint_hook.cmake
[1.405s] -- Up-to-date: /home/lfvmu/kobuki/install/share/ament_cmake_pycodestyle/cmake/ament_pycodestyle.cmake
[1.417s] Invoked command in '/home/lfvmu/kobuki/build/ament_cmake_pycodestyle' returned '0': /usr/bin/cmake --install /home/lfvmu/kobuki/build/ament_cmake_pycodestyle
