[0.596s] Invoking command in '/home/lfvmu/kobuki/build/ecl_manipulators': /usr/bin/cmake /home/lfvmu/kobuki/src/ecl_core/ecl_manipulators -DBUILD_TESTING=OFF -DCMAKE_INSTALL_PREFIX=/home/lfvmu/kobuki/install
[0.629s] Re-run cmake no build system arguments
[0.647s] -- Found ament_cmake_ros: 0.9.2 (/home/lfvmu/kobuki/install/share/ament_cmake_ros/cmake)
[0.697s] -- Using PYTHON_EXECUTABLE: /usr/bin/python3
[1.088s] -- Found ecl_build: 1.0.3 (/home/lfvmu/kobuki/install/share/ecl_build/cmake)
[1.129s] -- Found ecl_exceptions: 1.2.1 (/home/lfvmu/kobuki/install/share/ecl_exceptions/cmake)
[1.151s] -- Found ecl_formatters: 1.2.1 (/home/lfvmu/kobuki/install/share/ecl_formatters/cmake)
[1.239s] -- Found ecl_geometry: 1.2.1 (/home/lfvmu/kobuki/install/share/ecl_geometry/cmake)
[1.533s] -- Configuring done
[1.569s] -- Generating done
[1.577s] -- Build files have been written to: /home/lfvmu/kobuki/build/ecl_manipulators
[1.592s] Invoked command in '/home/lfvmu/kobuki/build/ecl_manipulators' returned '0': /usr/bin/cmake /home/lfvmu/kobuki/src/ecl_core/ecl_manipulators -DBUILD_TESTING=OFF -DCMAKE_INSTALL_PREFIX=/home/lfvmu/kobuki/install
[1.599s] Invoking command in '/home/lfvmu/kobuki/build/ecl_manipulators': /usr/bin/cmake --build /home/lfvmu/kobuki/build/ecl_manipulators -- -j4 -l4
[1.646s] /usr/bin/cmake -S/home/lfvmu/kobuki/src/ecl_core/ecl_manipulators -B/home/lfvmu/kobuki/build/ecl_manipulators --check-build-system CMakeFiles/Makefile.cmake 0
[1.673s] /usr/bin/cmake -E cmake_progress_start /home/lfvmu/kobuki/build/ecl_manipulators/CMakeFiles /home/lfvmu/kobuki/build/ecl_manipulators/CMakeFiles/progress.marks
[1.691s] /usr/bin/make -f CMakeFiles/Makefile2 all
[1.694s] make[1]: Entering directory '/home/lfvmu/kobuki/build/ecl_manipulators'
[1.694s] /usr/bin/make -f src/lib/CMakeFiles/ecl_manipulators.dir/build.make src/lib/CMakeFiles/ecl_manipulators.dir/depend
[1.703s] make[2]: Entering directory '/home/lfvmu/kobuki/build/ecl_manipulators'
[1.703s] cd /home/lfvmu/kobuki/build/ecl_manipulators && /usr/bin/cmake -E cmake_depends "Unix Makefiles" /home/lfvmu/kobuki/src/ecl_core/ecl_manipulators /home/lfvmu/kobuki/src/ecl_core/ecl_manipulators/src/lib /home/lfvmu/kobuki/build/ecl_manipulators /home/lfvmu/kobuki/build/ecl_manipulators/src/lib /home/lfvmu/kobuki/build/ecl_manipulators/src/lib/CMakeFiles/ecl_manipulators.dir/DependInfo.cmake --color=
[1.729s] make[2]: Leaving directory '/home/lfvmu/kobuki/build/ecl_manipulators'
[1.730s] /usr/bin/make -f src/lib/CMakeFiles/ecl_manipulators.dir/build.make src/lib/CMakeFiles/ecl_manipulators.dir/build
[1.763s] make[2]: Entering directory '/home/lfvmu/kobuki/build/ecl_manipulators'
[1.764s] make[2]: Nothing to be done for 'src/lib/CMakeFiles/ecl_manipulators.dir/build'.
[1.764s] make[2]: Leaving directory '/home/lfvmu/kobuki/build/ecl_manipulators'
[1.773s] [100%] Built target ecl_manipulators
[1.775s] make[1]: Leaving directory '/home/lfvmu/kobuki/build/ecl_manipulators'
[1.776s] /usr/bin/cmake -E cmake_progress_start /home/lfvmu/kobuki/build/ecl_manipulators/CMakeFiles 0
[1.986s] Invoked command in '/home/lfvmu/kobuki/build/ecl_manipulators' returned '0': /usr/bin/cmake --build /home/lfvmu/kobuki/build/ecl_manipulators -- -j4 -l4
[2.286s] Invoking command in '/home/lfvmu/kobuki/build/ecl_manipulators': /usr/bin/cmake --install /home/lfvmu/kobuki/build/ecl_manipulators
[2.314s] -- Install configuration: "RelWithDebInfo"
[2.314s] -- Up-to-date: /home/lfvmu/kobuki/install/share/ecl_manipulators/scripts
[2.315s] -- Up-to-date: /home/lfvmu/kobuki/install/share/ecl_manipulators/scripts/linear.x11
[2.315s] -- Up-to-date: /home/lfvmu/kobuki/install/share/ecl_manipulators/scripts/tension.x11
[2.315s] -- Up-to-date: /home/lfvmu/kobuki/install/share/ecl_manipulators/scripts/Makefile
[2.315s] -- Up-to-date: /home/lfvmu/kobuki/install/share/ecl_manipulators/environment/library_path.sh
[2.315s] -- Installing: /home/lfvmu/kobuki/install/share/ecl_manipulators/environment/library_path.dsv
[2.316s] -- Up-to-date: /home/lfvmu/kobuki/install/share/ament_index/resource_index/package_run_dependencies/ecl_manipulators
[2.316s] -- Up-to-date: /home/lfvmu/kobuki/install/share/ament_index/resource_index/parent_prefix_path/ecl_manipulators
[2.316s] -- Up-to-date: /home/lfvmu/kobuki/install/share/ecl_manipulators/environment/ament_prefix_path.sh
[2.316s] -- Installing: /home/lfvmu/kobuki/install/share/ecl_manipulators/environment/ament_prefix_path.dsv
[2.320s] -- Up-to-date: /home/lfvmu/kobuki/install/share/ecl_manipulators/environment/path.sh
[2.321s] -- Installing: /home/lfvmu/kobuki/install/share/ecl_manipulators/environment/path.dsv
[2.321s] -- Up-to-date: /home/lfvmu/kobuki/install/share/ecl_manipulators/local_setup.bash
[2.321s] -- Up-to-date: /home/lfvmu/kobuki/install/share/ecl_manipulators/local_setup.sh
[2.321s] -- Up-to-date: /home/lfvmu/kobuki/install/share/ecl_manipulators/local_setup.zsh
[2.322s] -- Installing: /home/lfvmu/kobuki/install/share/ecl_manipulators/local_setup.dsv
[2.322s] -- Installing: /home/lfvmu/kobuki/install/share/ecl_manipulators/package.dsv
[2.322s] -- Up-to-date: /home/lfvmu/kobuki/install/share/ament_index/resource_index/packages/ecl_manipulators
[2.323s] -- Up-to-date: /home/lfvmu/kobuki/install/share/ecl_manipulators/cmake/ecl_manipulatorsExport.cmake
[2.323s] -- Installing: /home/lfvmu/kobuki/install/share/ecl_manipulators/cmake/ecl_manipulatorsExport-relwithdebinfo.cmake
[2.323s] -- Up-to-date: /home/lfvmu/kobuki/install/share/ecl_manipulators/cmake/ament_cmake_export_targets-extras.cmake
[2.323s] -- Up-to-date: /home/lfvmu/kobuki/install/share/ecl_manipulators/cmake/ament_cmake_export_include_directories-extras.cmake
[2.325s] -- Up-to-date: /home/lfvmu/kobuki/install/share/ecl_manipulators/cmake/ament_cmake_export_libraries-extras.cmake
[2.325s] -- Up-to-date: /home/lfvmu/kobuki/install/share/ecl_manipulators/cmake/ament_cmake_export_dependencies-extras.cmake
[2.325s] -- Up-to-date: /home/lfvmu/kobuki/install/share/ecl_manipulators/cmake/ecl_manipulatorsConfig.cmake
[2.326s] -- Up-to-date: /home/lfvmu/kobuki/install/share/ecl_manipulators/cmake/ecl_manipulatorsConfig-version.cmake
[2.326s] -- Up-to-date: /home/lfvmu/kobuki/install/share/ecl_manipulators/package.xml
[2.326s] -- Up-to-date: /home/lfvmu/kobuki/install/include/ecl/manipulators.hpp
[2.326s] -- Up-to-date: /home/lfvmu/kobuki/install/include/ecl/manipulators/trajectory.hpp
[2.327s] -- Up-to-date: /home/lfvmu/kobuki/install/include/ecl/manipulators/types.hpp
[2.327s] -- Up-to-date: /home/lfvmu/kobuki/install/include/ecl/manipulators/waypoint.hpp
[2.328s] -- Up-to-date: /home/lfvmu/kobuki/install/lib/libecl_manipulators.so.1.2.1
[2.330s] -- Up-to-date: /home/lfvmu/kobuki/install/lib/libecl_manipulators.so
[2.336s] Invoked command in '/home/lfvmu/kobuki/build/ecl_manipulators' returned '0': /usr/bin/cmake --install /home/lfvmu/kobuki/build/ecl_manipulators
