[0.428s] Invoking command in '/home/lfvmu/kobuki/build/ecl_threads': AMENT_PREFIX_PATH=/home/lfvmu/kobuki/install CMAKE_PREFIX_PATH=/home/lfvmu/kobuki/install LD_LIBRARY_PATH=/home/lfvmu/kobuki/install/lib PATH=/home/lfvmu/kobuki/install/bin:${PATH} PYTHONPATH=/home/lfvmu/kobuki/install/lib/python3.8/site-packages /usr/bin/cmake /home/lfvmu/kobuki/src/ecl_core/ecl_threads -DBUILD_TESTING=OFF -DCMAKE_INSTALL_PREFIX=/home/lfvmu/kobuki/install
[0.447s] Re-run cmake no build system arguments
[0.474s] -- Found ament_cmake_ros: 0.9.2 (/home/lfvmu/kobuki/install/share/ament_cmake_ros/cmake)
[0.537s] -- Using PYTHON_EXECUTABLE: /usr/bin/python3
[0.943s] -- Found ecl_build: 1.0.3 (/home/lfvmu/kobuki/install/share/ecl_build/cmake)
[0.989s] -- Found ecl_config: 1.1.0 (/home/lfvmu/kobuki/install/share/ecl_config/cmake)
[0.990s] -- Found ecl_errors: 1.1.0 (/home/lfvmu/kobuki/install/share/ecl_errors/cmake)
[0.992s] -- Found ecl_concepts: 1.2.1 (/home/lfvmu/kobuki/install/share/ecl_concepts/cmake)
[1.013s] -- Found ecl_exceptions: 1.2.1 (/home/lfvmu/kobuki/install/share/ecl_exceptions/cmake)
[1.034s] -- Found ecl_time: 1.2.1 (/home/lfvmu/kobuki/install/share/ecl_time/cmake)
[1.064s] -- Found ecl_utilities: 1.2.1 (/home/lfvmu/kobuki/install/share/ecl_utilities/cmake)
[1.254s] -- Configuring done
[1.297s] -- Generating done
[1.301s] -- Build files have been written to: /home/lfvmu/kobuki/build/ecl_threads
[1.388s] Invoked command in '/home/lfvmu/kobuki/build/ecl_threads' returned '0': AMENT_PREFIX_PATH=/home/lfvmu/kobuki/install CMAKE_PREFIX_PATH=/home/lfvmu/kobuki/install LD_LIBRARY_PATH=/home/lfvmu/kobuki/install/lib PATH=/home/lfvmu/kobuki/install/bin:${PATH} PYTHONPATH=/home/lfvmu/kobuki/install/lib/python3.8/site-packages /usr/bin/cmake /home/lfvmu/kobuki/src/ecl_core/ecl_threads -DBUILD_TESTING=OFF -DCMAKE_INSTALL_PREFIX=/home/lfvmu/kobuki/install
[1.389s] Invoking command in '/home/lfvmu/kobuki/build/ecl_threads': AMENT_PREFIX_PATH=/home/lfvmu/kobuki/install CMAKE_PREFIX_PATH=/home/lfvmu/kobuki/install LD_LIBRARY_PATH=/home/lfvmu/kobuki/install/lib PATH=/home/lfvmu/kobuki/install/bin:${PATH} PYTHONPATH=/home/lfvmu/kobuki/install/lib/python3.8/site-packages /usr/bin/cmake --build /home/lfvmu/kobuki/build/ecl_threads -- -j4 -l4
[1.433s] /usr/bin/cmake -S/home/lfvmu/kobuki/src/ecl_core/ecl_threads -B/home/lfvmu/kobuki/build/ecl_threads --check-build-system CMakeFiles/Makefile.cmake 0
[1.464s] /usr/bin/cmake -E cmake_progress_start /home/lfvmu/kobuki/build/ecl_threads/CMakeFiles /home/lfvmu/kobuki/build/ecl_threads/CMakeFiles/progress.marks
[1.492s] /usr/bin/make -f CMakeFiles/Makefile2 all
[1.493s] make[1]: Entering directory '/home/lfvmu/kobuki/build/ecl_threads'
[1.493s] /usr/bin/make -f src/lib/CMakeFiles/ecl_threads.dir/build.make src/lib/CMakeFiles/ecl_threads.dir/depend
[1.501s] make[2]: Entering directory '/home/lfvmu/kobuki/build/ecl_threads'
[1.513s] cd /home/lfvmu/kobuki/build/ecl_threads && /usr/bin/cmake -E cmake_depends "Unix Makefiles" /home/lfvmu/kobuki/src/ecl_core/ecl_threads /home/lfvmu/kobuki/src/ecl_core/ecl_threads/src/lib /home/lfvmu/kobuki/build/ecl_threads /home/lfvmu/kobuki/build/ecl_threads/src/lib /home/lfvmu/kobuki/build/ecl_threads/src/lib/CMakeFiles/ecl_threads.dir/DependInfo.cmake --color=
[1.533s] make[2]: Leaving directory '/home/lfvmu/kobuki/build/ecl_threads'
[1.534s] /usr/bin/make -f src/lib/CMakeFiles/ecl_threads.dir/build.make src/lib/CMakeFiles/ecl_threads.dir/build
[1.534s] make[2]: Entering directory '/home/lfvmu/kobuki/build/ecl_threads'
[1.534s] make[2]: Nothing to be done for 'src/lib/CMakeFiles/ecl_threads.dir/build'.
[1.535s] make[2]: Leaving directory '/home/lfvmu/kobuki/build/ecl_threads'
[1.577s] [ 63%] Built target ecl_threads
[1.577s] /usr/bin/make -f src/examples/CMakeFiles/ecl_demo_mutex.dir/build.make src/examples/CMakeFiles/ecl_demo_mutex.dir/depend
[1.577s] /usr/bin/make -f src/examples/CMakeFiles/ecl_demo_thread.dir/build.make src/examples/CMakeFiles/ecl_demo_thread.dir/depend
[1.578s] make[2]: Entering directory '/home/lfvmu/kobuki/build/ecl_threads'
[1.578s] cd /home/lfvmu/kobuki/build/ecl_threads && /usr/bin/cmake -E cmake_depends "Unix Makefiles" /home/lfvmu/kobuki/src/ecl_core/ecl_threads /home/lfvmu/kobuki/src/ecl_core/ecl_threads/src/examples /home/lfvmu/kobuki/build/ecl_threads /home/lfvmu/kobuki/build/ecl_threads/src/examples /home/lfvmu/kobuki/build/ecl_threads/src/examples/CMakeFiles/ecl_demo_mutex.dir/DependInfo.cmake --color=
[1.579s] make[2]: Entering directory '/home/lfvmu/kobuki/build/ecl_threads'
[1.580s] cd /home/lfvmu/kobuki/build/ecl_threads && /usr/bin/cmake -E cmake_depends "Unix Makefiles" /home/lfvmu/kobuki/src/ecl_core/ecl_threads /home/lfvmu/kobuki/src/ecl_core/ecl_threads/src/examples /home/lfvmu/kobuki/build/ecl_threads /home/lfvmu/kobuki/build/ecl_threads/src/examples /home/lfvmu/kobuki/build/ecl_threads/src/examples/CMakeFiles/ecl_demo_thread.dir/DependInfo.cmake --color=
[1.592s] make[2]: Leaving directory '/home/lfvmu/kobuki/build/ecl_threads'
[1.598s] /usr/bin/make -f src/examples/CMakeFiles/ecl_demo_mutex.dir/build.make src/examples/CMakeFiles/ecl_demo_mutex.dir/build
[1.599s] make[2]: Entering directory '/home/lfvmu/kobuki/build/ecl_threads'
[1.599s] make[2]: Nothing to be done for 'src/examples/CMakeFiles/ecl_demo_mutex.dir/build'.
[1.600s] make[2]: Leaving directory '/home/lfvmu/kobuki/build/ecl_threads'
[1.614s] [ 81%] Built target ecl_demo_mutex
[1.625s] make[2]: Leaving directory '/home/lfvmu/kobuki/build/ecl_threads'
[1.625s] /usr/bin/make -f src/examples/CMakeFiles/ecl_demo_thread.dir/build.make src/examples/CMakeFiles/ecl_demo_thread.dir/build
[1.630s] make[2]: Entering directory '/home/lfvmu/kobuki/build/ecl_threads'
[1.631s] make[2]: Nothing to be done for 'src/examples/CMakeFiles/ecl_demo_thread.dir/build'.
[1.631s] make[2]: Leaving directory '/home/lfvmu/kobuki/build/ecl_threads'
[1.655s] [100%] Built target ecl_demo_thread
[1.658s] make[1]: Leaving directory '/home/lfvmu/kobuki/build/ecl_threads'
[1.659s] /usr/bin/cmake -E cmake_progress_start /home/lfvmu/kobuki/build/ecl_threads/CMakeFiles 0
[1.970s] Invoked command in '/home/lfvmu/kobuki/build/ecl_threads' returned '0': AMENT_PREFIX_PATH=/home/lfvmu/kobuki/install CMAKE_PREFIX_PATH=/home/lfvmu/kobuki/install LD_LIBRARY_PATH=/home/lfvmu/kobuki/install/lib PATH=/home/lfvmu/kobuki/install/bin:${PATH} PYTHONPATH=/home/lfvmu/kobuki/install/lib/python3.8/site-packages /usr/bin/cmake --build /home/lfvmu/kobuki/build/ecl_threads -- -j4 -l4
[2.066s] Invoking command in '/home/lfvmu/kobuki/build/ecl_threads': AMENT_PREFIX_PATH=/home/lfvmu/kobuki/install CMAKE_PREFIX_PATH=/home/lfvmu/kobuki/install LD_LIBRARY_PATH=/home/lfvmu/kobuki/install/lib PATH=/home/lfvmu/kobuki/install/bin:${PATH} PYTHONPATH=/home/lfvmu/kobuki/install/lib/python3.8/site-packages /usr/bin/cmake --install /home/lfvmu/kobuki/build/ecl_threads
[2.082s] -- Install configuration: ""
[2.082s] -- Up-to-date: /home/lfvmu/kobuki/install/share/ecl_threads/environment/library_path.sh
[2.083s] -- Installing: /home/lfvmu/kobuki/install/share/ecl_threads/environment/library_path.dsv
[2.083s] -- Up-to-date: /home/lfvmu/kobuki/install/share/ament_index/resource_index/package_run_dependencies/ecl_threads
[2.090s] -- Up-to-date: /home/lfvmu/kobuki/install/share/ament_index/resource_index/parent_prefix_path/ecl_threads
[2.091s] -- Up-to-date: /home/lfvmu/kobuki/install/share/ecl_threads/environment/ament_prefix_path.sh
[2.091s] -- Installing: /home/lfvmu/kobuki/install/share/ecl_threads/environment/ament_prefix_path.dsv
[2.092s] -- Up-to-date: /home/lfvmu/kobuki/install/share/ecl_threads/environment/path.sh
[2.092s] -- Installing: /home/lfvmu/kobuki/install/share/ecl_threads/environment/path.dsv
[2.093s] -- Up-to-date: /home/lfvmu/kobuki/install/share/ecl_threads/local_setup.bash
[2.093s] -- Up-to-date: /home/lfvmu/kobuki/install/share/ecl_threads/local_setup.sh
[2.094s] -- Up-to-date: /home/lfvmu/kobuki/install/share/ecl_threads/local_setup.zsh
[2.094s] -- Installing: /home/lfvmu/kobuki/install/share/ecl_threads/local_setup.dsv
[2.095s] -- Installing: /home/lfvmu/kobuki/install/share/ecl_threads/package.dsv
[2.097s] -- Up-to-date: /home/lfvmu/kobuki/install/share/ament_index/resource_index/packages/ecl_threads
[2.098s] -- Up-to-date: /home/lfvmu/kobuki/install/share/ecl_threads/cmake/ecl_threadsExport.cmake
[2.099s] -- Installing: /home/lfvmu/kobuki/install/share/ecl_threads/cmake/ecl_threadsExport-noconfig.cmake
[2.099s] -- Up-to-date: /home/lfvmu/kobuki/install/share/ecl_threads/cmake/ecl_threads-extras.cmake
[2.100s] -- Up-to-date: /home/lfvmu/kobuki/install/share/ecl_threads/cmake/ament_cmake_export_targets-extras.cmake
[2.100s] -- Up-to-date: /home/lfvmu/kobuki/install/share/ecl_threads/cmake/ament_cmake_export_include_directories-extras.cmake
[2.101s] -- Up-to-date: /home/lfvmu/kobuki/install/share/ecl_threads/cmake/ament_cmake_export_libraries-extras.cmake
[2.101s] -- Up-to-date: /home/lfvmu/kobuki/install/share/ecl_threads/cmake/ament_cmake_export_dependencies-extras.cmake
[2.102s] -- Up-to-date: /home/lfvmu/kobuki/install/share/ecl_threads/cmake/ecl_threadsConfig.cmake
[2.102s] -- Up-to-date: /home/lfvmu/kobuki/install/share/ecl_threads/cmake/ecl_threadsConfig-version.cmake
[2.102s] -- Up-to-date: /home/lfvmu/kobuki/install/share/ecl_threads/package.xml
[2.103s] -- Up-to-date: /home/lfvmu/kobuki/install/include/ecl/threads.hpp
[2.103s] -- Up-to-date: /home/lfvmu/kobuki/install/include/ecl/threads/macros.hpp
[2.103s] -- Up-to-date: /home/lfvmu/kobuki/install/include/ecl/threads/mutex.hpp
[2.104s] -- Up-to-date: /home/lfvmu/kobuki/install/include/ecl/threads/mutex_pos.hpp
[2.104s] -- Up-to-date: /home/lfvmu/kobuki/install/include/ecl/threads/mutex_w32.hpp
[2.106s] -- Up-to-date: /home/lfvmu/kobuki/install/include/ecl/threads/priority.hpp
[2.106s] -- Up-to-date: /home/lfvmu/kobuki/install/include/ecl/threads/priority_common.hpp
[2.108s] -- Up-to-date: /home/lfvmu/kobuki/install/include/ecl/threads/priority_pos.hpp
[2.109s] -- Up-to-date: /home/lfvmu/kobuki/install/include/ecl/threads/priority_win.hpp
[2.109s] -- Up-to-date: /home/lfvmu/kobuki/install/include/ecl/threads/thread.hpp
[2.109s] -- Up-to-date: /home/lfvmu/kobuki/install/include/ecl/threads/thread_exceptions_pos.hpp
[2.109s] -- Up-to-date: /home/lfvmu/kobuki/install/include/ecl/threads/thread_pos.hpp
[2.110s] -- Up-to-date: /home/lfvmu/kobuki/install/include/ecl/threads/thread_win.hpp
[2.110s] -- Up-to-date: /home/lfvmu/kobuki/install/include/ecl/threads/threadable.hpp
[2.110s] -- Up-to-date: /home/lfvmu/kobuki/install/lib/libecl_threads.so.1.2.1
[2.110s] -- Up-to-date: /home/lfvmu/kobuki/install/lib/libecl_threads.so
[2.110s] -- Up-to-date: /home/lfvmu/kobuki/install/lib/ecl_threads/demo_thread
[2.111s] -- Up-to-date: /home/lfvmu/kobuki/install/lib/ecl_threads/demo_mutex
[2.134s] Invoked command in '/home/lfvmu/kobuki/build/ecl_threads' returned '0': AMENT_PREFIX_PATH=/home/lfvmu/kobuki/install CMAKE_PREFIX_PATH=/home/lfvmu/kobuki/install LD_LIBRARY_PATH=/home/lfvmu/kobuki/install/lib PATH=/home/lfvmu/kobuki/install/bin:${PATH} PYTHONPATH=/home/lfvmu/kobuki/install/lib/python3.8/site-packages /usr/bin/cmake --install /home/lfvmu/kobuki/build/ecl_threads
