[0.336s] Invoking command in '/home/lfvmu/kobuki/build/ecl_command_line': /usr/bin/cmake /home/lfvmu/kobuki/src/ecl_core/ecl_command_line -DBUILD_TESTING=OFF -DCMAKE_INSTALL_PREFIX=/home/lfvmu/kobuki/install
[0.381s] -- Found ament_cmake_ros: 0.9.2 (/home/lfvmu/kobuki/install/share/ament_cmake_ros/cmake)
[0.428s] -- Using PYTHON_EXECUTABLE: /usr/bin/python3
[0.774s] -- Found ecl_build: 1.0.3 (/home/lfvmu/kobuki/install/share/ecl_build/cmake)
[0.952s] -- Configuring done
[0.979s] -- Generating done
[0.984s] -- Build files have been written to: /home/lfvmu/kobuki/build/ecl_command_line
[1.086s] Invoked command in '/home/lfvmu/kobuki/build/ecl_command_line' returned '0': /usr/bin/cmake /home/lfvmu/kobuki/src/ecl_core/ecl_command_line -DBUILD_TESTING=OFF -DCMAKE_INSTALL_PREFIX=/home/lfvmu/kobuki/install
[1.091s] Invoking command in '/home/lfvmu/kobuki/build/ecl_command_line': /usr/bin/cmake --build /home/lfvmu/kobuki/build/ecl_command_line -- -j4 -l4
[1.307s] [100%] Built target ecl_demo_command_line
[1.350s] Invoked command in '/home/lfvmu/kobuki/build/ecl_command_line' returned '0': /usr/bin/cmake --build /home/lfvmu/kobuki/build/ecl_command_line -- -j4 -l4
[1.657s] Invoking command in '/home/lfvmu/kobuki/build/ecl_command_line': /usr/bin/cmake --install /home/lfvmu/kobuki/build/ecl_command_line
[1.696s] -- Install configuration: "RelWithDebInfo"
[1.697s] -- Up-to-date: /home/lfvmu/kobuki/install/share/ament_index/resource_index/package_run_dependencies/ecl_command_line
[1.697s] -- Up-to-date: /home/lfvmu/kobuki/install/share/ament_index/resource_index/parent_prefix_path/ecl_command_line
[1.697s] -- Up-to-date: /home/lfvmu/kobuki/install/share/ecl_command_line/environment/ament_prefix_path.sh
[1.698s] -- Installing: /home/lfvmu/kobuki/install/share/ecl_command_line/environment/ament_prefix_path.dsv
[1.698s] -- Up-to-date: /home/lfvmu/kobuki/install/share/ecl_command_line/environment/path.sh
[1.698s] -- Installing: /home/lfvmu/kobuki/install/share/ecl_command_line/environment/path.dsv
[1.698s] -- Up-to-date: /home/lfvmu/kobuki/install/share/ecl_command_line/local_setup.bash
[1.699s] -- Up-to-date: /home/lfvmu/kobuki/install/share/ecl_command_line/local_setup.sh
[1.699s] -- Up-to-date: /home/lfvmu/kobuki/install/share/ecl_command_line/local_setup.zsh
[1.699s] -- Installing: /home/lfvmu/kobuki/install/share/ecl_command_line/local_setup.dsv
[1.699s] -- Installing: /home/lfvmu/kobuki/install/share/ecl_command_line/package.dsv
[1.700s] -- Up-to-date: /home/lfvmu/kobuki/install/share/ament_index/resource_index/packages/ecl_command_line
[1.701s] -- Up-to-date: /home/lfvmu/kobuki/install/share/ecl_command_line/cmake/ecl_command_lineExport.cmake
[1.701s] -- Up-to-date: /home/lfvmu/kobuki/install/share/ecl_command_line/cmake/ament_cmake_export_targets-extras.cmake
[1.701s] -- Up-to-date: /home/lfvmu/kobuki/install/share/ecl_command_line/cmake/ament_cmake_export_include_directories-extras.cmake
[1.701s] -- Up-to-date: /home/lfvmu/kobuki/install/share/ecl_command_line/cmake/ecl_command_lineConfig.cmake
[1.702s] -- Up-to-date: /home/lfvmu/kobuki/install/share/ecl_command_line/cmake/ecl_command_lineConfig-version.cmake
[1.702s] -- Up-to-date: /home/lfvmu/kobuki/install/share/ecl_command_line/package.xml
[1.702s] -- Up-to-date: /home/lfvmu/kobuki/install/include/ecl/command_line.hpp
[1.705s] -- Up-to-date: /home/lfvmu/kobuki/install/include/ecl/command_line/arg.hpp
[1.705s] -- Up-to-date: /home/lfvmu/kobuki/install/include/ecl/command_line/arg_exception.hpp
[1.707s] -- Up-to-date: /home/lfvmu/kobuki/install/include/ecl/command_line/cmd_line.hpp
[1.707s] -- Up-to-date: /home/lfvmu/kobuki/install/include/ecl/command_line/cmd_line_interface.hpp
[1.707s] -- Up-to-date: /home/lfvmu/kobuki/install/include/ecl/command_line/cmd_line_output.hpp
[1.708s] -- Up-to-date: /home/lfvmu/kobuki/install/include/ecl/command_line/constraint.hpp
[1.708s] -- Up-to-date: /home/lfvmu/kobuki/install/include/ecl/command_line/docbook_output.hpp
[1.708s] -- Up-to-date: /home/lfvmu/kobuki/install/include/ecl/command_line/help_visitor.hpp
[1.708s] -- Up-to-date: /home/lfvmu/kobuki/install/include/ecl/command_line/ignore_rest_visitor.hpp
[1.709s] -- Up-to-date: /home/lfvmu/kobuki/install/include/ecl/command_line/multi_arg.hpp
[1.709s] -- Up-to-date: /home/lfvmu/kobuki/install/include/ecl/command_line/multi_switch_arg.hpp
[1.709s] -- Up-to-date: /home/lfvmu/kobuki/install/include/ecl/command_line/optional_unlabeled_tracker.hpp
[1.709s] -- Up-to-date: /home/lfvmu/kobuki/install/include/ecl/command_line/std_output.hpp
[1.710s] -- Up-to-date: /home/lfvmu/kobuki/install/include/ecl/command_line/switch_arg.hpp
[1.710s] -- Up-to-date: /home/lfvmu/kobuki/install/include/ecl/command_line/unlabeled_multi_arg.hpp
[1.710s] -- Up-to-date: /home/lfvmu/kobuki/install/include/ecl/command_line/unlabeled_value_arg.hpp
[1.710s] -- Up-to-date: /home/lfvmu/kobuki/install/include/ecl/command_line/value_arg.hpp
[1.710s] -- Up-to-date: /home/lfvmu/kobuki/install/include/ecl/command_line/values_constraint.hpp
[1.711s] -- Up-to-date: /home/lfvmu/kobuki/install/include/ecl/command_line/version_visitor.hpp
[1.711s] -- Up-to-date: /home/lfvmu/kobuki/install/include/ecl/command_line/visitor.hpp
[1.711s] -- Up-to-date: /home/lfvmu/kobuki/install/include/ecl/command_line/xor_handler.hpp
[1.711s] -- Up-to-date: /home/lfvmu/kobuki/install/lib/ecl_command_line/demo_command_line
[1.719s] Invoked command in '/home/lfvmu/kobuki/build/ecl_command_line' returned '0': /usr/bin/cmake --install /home/lfvmu/kobuki/build/ecl_command_line
