[2.227s] Invoking command in '/home/lfvmu/kobuki/src/ament_lint/ament_mypy': PYTHONPATH=/home/lfvmu/kobuki/build/ament_mypy/prefix_override:/home/lfvmu/kobuki/install/lib/python3.8/site-packages:${PYTHONPATH} /usr/bin/python3 setup.py egg_info --egg-base ../../../build/ament_mypy build --build-base /home/lfvmu/kobuki/build/ament_mypy/build install --record /home/lfvmu/kobuki/build/ament_mypy/install.log --single-version-externally-managed
[2.620s] running egg_info
[2.621s] writing ../../../build/ament_mypy/ament_mypy.egg-info/PKG-INFO
[2.622s] writing dependency_links to ../../../build/ament_mypy/ament_mypy.egg-info/dependency_links.txt
[2.622s] writing entry points to ../../../build/ament_mypy/ament_mypy.egg-info/entry_points.txt
[2.623s] writing requirements to ../../../build/ament_mypy/ament_mypy.egg-info/requires.txt
[2.623s] writing top-level names to ../../../build/ament_mypy/ament_mypy.egg-info/top_level.txt
[2.723s] reading manifest file '../../../build/ament_mypy/ament_mypy.egg-info/SOURCES.txt'
[2.726s] writing manifest file '../../../build/ament_mypy/ament_mypy.egg-info/SOURCES.txt'
[2.726s] running build
[2.726s] running build_py
[2.727s] running install
[2.729s] running install_lib
[2.732s] running install_data
[2.733s] running install_egg_info
[2.736s] removing '/home/lfvmu/kobuki/install/lib/python3.8/site-packages/ament_mypy-0.9.7-py3.8.egg-info' (and everything under it)
[2.736s] Copying ../../../build/ament_mypy/ament_mypy.egg-info to /home/lfvmu/kobuki/install/lib/python3.8/site-packages/ament_mypy-0.9.7-py3.8.egg-info
[2.738s] running install_scripts
[2.775s] Installing ament_mypy script to /home/lfvmu/kobuki/install/bin
[2.776s] writing list of installed files to '/home/lfvmu/kobuki/build/ament_mypy/install.log'
[3.052s] Invoked command in '/home/lfvmu/kobuki/src/ament_lint/ament_mypy' returned '0': PYTHONPATH=/home/lfvmu/kobuki/build/ament_mypy/prefix_override:/home/lfvmu/kobuki/install/lib/python3.8/site-packages:${PYTHONPATH} /usr/bin/python3 setup.py egg_info --egg-base ../../../build/ament_mypy build --build-base /home/lfvmu/kobuki/build/ament_mypy/build install --record /home/lfvmu/kobuki/build/ament_mypy/install.log --single-version-externally-managed
