[0.773s] Invoking command in '/home/lfvmu/kobuki/build/ecl_manipulators': /usr/bin/cmake /home/lfvmu/kobuki/src/ecl_core/ecl_manipulators -DBUILD_TESTING=OFF --no-warn-unused-cli -DCMAKE_INSTALL_PREFIX=/home/lfvmu/kobuki/install
[0.797s] Not searching for unused variables given on the command line.
[0.818s] -- Found ament_cmake_ros: 0.9.2 (/home/lfvmu/kobuki/install/share/ament_cmake_ros/cmake)
[0.859s] -- Using PYTHON_EXECUTABLE: /usr/bin/python3
[1.248s] -- Found ecl_build: 1.0.3 (/home/lfvmu/kobuki/install/share/ecl_build/cmake)
[1.270s] -- Found ecl_exceptions: 1.2.1 (/home/lfvmu/kobuki/install/share/ecl_exceptions/cmake)
[1.312s] -- Found ecl_formatters: 1.2.1 (/home/lfvmu/kobuki/install/share/ecl_formatters/cmake)
[1.403s] -- Found ecl_geometry: 1.2.1 (/home/lfvmu/kobuki/install/share/ecl_geometry/cmake)
[1.775s] -- Configuring done
[1.806s] -- Generating done
[1.815s] -- Build files have been written to: /home/lfvmu/kobuki/build/ecl_manipulators
[1.829s] Invoked command in '/home/lfvmu/kobuki/build/ecl_manipulators' returned '0': /usr/bin/cmake /home/lfvmu/kobuki/src/ecl_core/ecl_manipulators -DBUILD_TESTING=OFF --no-warn-unused-cli -DCMAKE_INSTALL_PREFIX=/home/lfvmu/kobuki/install
[1.836s] Invoking command in '/home/lfvmu/kobuki/build/ecl_manipulators': /usr/bin/cmake --build /home/lfvmu/kobuki/build/ecl_manipulators -- -j4 -l4
[2.117s] [100%] Built target ecl_manipulators
[2.281s] Invoked command in '/home/lfvmu/kobuki/build/ecl_manipulators' returned '0': /usr/bin/cmake --build /home/lfvmu/kobuki/build/ecl_manipulators -- -j4 -l4
[2.581s] Invoking command in '/home/lfvmu/kobuki/build/ecl_manipulators': /usr/bin/cmake --install /home/lfvmu/kobuki/build/ecl_manipulators
[2.606s] -- Install configuration: "RelWithDebInfo"
[2.606s] -- Up-to-date: /home/lfvmu/kobuki/install/share/ecl_manipulators/scripts
[2.607s] -- Up-to-date: /home/lfvmu/kobuki/install/share/ecl_manipulators/scripts/linear.x11
[2.607s] -- Up-to-date: /home/lfvmu/kobuki/install/share/ecl_manipulators/scripts/tension.x11
[2.607s] -- Up-to-date: /home/lfvmu/kobuki/install/share/ecl_manipulators/scripts/Makefile
[2.608s] -- Up-to-date: /home/lfvmu/kobuki/install/share/ecl_manipulators/environment/library_path.sh
[2.608s] -- Installing: /home/lfvmu/kobuki/install/share/ecl_manipulators/environment/library_path.dsv
[2.608s] -- Up-to-date: /home/lfvmu/kobuki/install/share/ament_index/resource_index/package_run_dependencies/ecl_manipulators
[2.608s] -- Up-to-date: /home/lfvmu/kobuki/install/share/ament_index/resource_index/parent_prefix_path/ecl_manipulators
[2.609s] -- Up-to-date: /home/lfvmu/kobuki/install/share/ecl_manipulators/environment/ament_prefix_path.sh
[2.609s] -- Installing: /home/lfvmu/kobuki/install/share/ecl_manipulators/environment/ament_prefix_path.dsv
[2.609s] -- Up-to-date: /home/lfvmu/kobuki/install/share/ecl_manipulators/environment/path.sh
[2.609s] -- Installing: /home/lfvmu/kobuki/install/share/ecl_manipulators/environment/path.dsv
[2.610s] -- Up-to-date: /home/lfvmu/kobuki/install/share/ecl_manipulators/local_setup.bash
[2.610s] -- Up-to-date: /home/lfvmu/kobuki/install/share/ecl_manipulators/local_setup.sh
[2.610s] -- Up-to-date: /home/lfvmu/kobuki/install/share/ecl_manipulators/local_setup.zsh
[2.611s] -- Installing: /home/lfvmu/kobuki/install/share/ecl_manipulators/local_setup.dsv
[2.611s] -- Installing: /home/lfvmu/kobuki/install/share/ecl_manipulators/package.dsv
[2.611s] -- Up-to-date: /home/lfvmu/kobuki/install/share/ament_index/resource_index/packages/ecl_manipulators
[2.611s] -- Up-to-date: /home/lfvmu/kobuki/install/share/ecl_manipulators/cmake/ecl_manipulatorsExport.cmake
[2.612s] -- Installing: /home/lfvmu/kobuki/install/share/ecl_manipulators/cmake/ecl_manipulatorsExport-relwithdebinfo.cmake
[2.612s] -- Up-to-date: /home/lfvmu/kobuki/install/share/ecl_manipulators/cmake/ament_cmake_export_targets-extras.cmake
[2.612s] -- Up-to-date: /home/lfvmu/kobuki/install/share/ecl_manipulators/cmake/ament_cmake_export_include_directories-extras.cmake
[2.612s] -- Up-to-date: /home/lfvmu/kobuki/install/share/ecl_manipulators/cmake/ament_cmake_export_libraries-extras.cmake
[2.613s] -- Up-to-date: /home/lfvmu/kobuki/install/share/ecl_manipulators/cmake/ament_cmake_export_dependencies-extras.cmake
[2.613s] -- Up-to-date: /home/lfvmu/kobuki/install/share/ecl_manipulators/cmake/ecl_manipulatorsConfig.cmake
[2.613s] -- Up-to-date: /home/lfvmu/kobuki/install/share/ecl_manipulators/cmake/ecl_manipulatorsConfig-version.cmake
[2.613s] -- Up-to-date: /home/lfvmu/kobuki/install/share/ecl_manipulators/package.xml
[2.614s] -- Up-to-date: /home/lfvmu/kobuki/install/include/ecl/manipulators.hpp
[2.614s] -- Up-to-date: /home/lfvmu/kobuki/install/include/ecl/manipulators/trajectory.hpp
[2.614s] -- Up-to-date: /home/lfvmu/kobuki/install/include/ecl/manipulators/types.hpp
[2.614s] -- Up-to-date: /home/lfvmu/kobuki/install/include/ecl/manipulators/waypoint.hpp
[2.615s] -- Up-to-date: /home/lfvmu/kobuki/install/lib/libecl_manipulators.so.1.2.1
[2.616s] -- Up-to-date: /home/lfvmu/kobuki/install/lib/libecl_manipulators.so
[2.628s] Invoked command in '/home/lfvmu/kobuki/build/ecl_manipulators' returned '0': /usr/bin/cmake --install /home/lfvmu/kobuki/build/ecl_manipulators
