[0.275s] Invoking command in '/home/lfvmu/kobuki/build/ament_cmake_pclint': /usr/bin/cmake /home/lfvmu/kobuki/src/ament_lint/ament_cmake_pclint -DBUILD_TESTING=OFF -DCMAKE_INSTALL_PREFIX=/home/lfvmu/kobuki/install
[0.291s] Re-run cmake no build system arguments
[0.295s] -- Found ament_cmake_core: 0.9.11 (/home/lfvmu/kobuki/install/share/ament_cmake_core/cmake)
[0.352s] -- Using PYTHON_EXECUTABLE: /usr/bin/python3
[0.679s] -- Found ament_cmake_test: 0.9.11 (/home/lfvmu/kobuki/install/share/ament_cmake_test/cmake)
[0.854s] -- Configuring done
[0.856s] -- Generating done
[0.874s] -- Build files have been written to: /home/lfvmu/kobuki/build/ament_cmake_pclint
[0.925s] Invoked command in '/home/lfvmu/kobuki/build/ament_cmake_pclint' returned '0': /usr/bin/cmake /home/lfvmu/kobuki/src/ament_lint/ament_cmake_pclint -DBUILD_TESTING=OFF -DCMAKE_INSTALL_PREFIX=/home/lfvmu/kobuki/install
[0.934s] Invoking command in '/home/lfvmu/kobuki/build/ament_cmake_pclint': /usr/bin/cmake --build /home/lfvmu/kobuki/build/ament_cmake_pclint -- -j4 -l4
[0.977s] /usr/bin/cmake -S/home/lfvmu/kobuki/src/ament_lint/ament_cmake_pclint -B/home/lfvmu/kobuki/build/ament_cmake_pclint --check-build-system CMakeFiles/Makefile.cmake 0
[1.014s] /usr/bin/cmake -E cmake_progress_start /home/lfvmu/kobuki/build/ament_cmake_pclint/CMakeFiles /home/lfvmu/kobuki/build/ament_cmake_pclint/CMakeFiles/progress.marks
[1.028s] /usr/bin/make -f CMakeFiles/Makefile2 all
[1.034s] make[1]: Entering directory '/home/lfvmu/kobuki/build/ament_cmake_pclint'
[1.034s] make[1]: Nothing to be done for 'all'.
[1.034s] make[1]: Leaving directory '/home/lfvmu/kobuki/build/ament_cmake_pclint'
[1.035s] /usr/bin/cmake -E cmake_progress_start /home/lfvmu/kobuki/build/ament_cmake_pclint/CMakeFiles 0
[1.242s] Invoked command in '/home/lfvmu/kobuki/build/ament_cmake_pclint' returned '0': /usr/bin/cmake --build /home/lfvmu/kobuki/build/ament_cmake_pclint -- -j4 -l4
[1.503s] Invoking command in '/home/lfvmu/kobuki/build/ament_cmake_pclint': /usr/bin/cmake --install /home/lfvmu/kobuki/build/ament_cmake_pclint
[1.525s] -- Install configuration: "RelWithDebInfo"
[1.526s] -- Up-to-date: /home/lfvmu/kobuki/install/share/ament_index/resource_index/package_run_dependencies/ament_cmake_pclint
[1.530s] -- Up-to-date: /home/lfvmu/kobuki/install/share/ament_index/resource_index/parent_prefix_path/ament_cmake_pclint
[1.530s] -- Up-to-date: /home/lfvmu/kobuki/install/share/ament_cmake_pclint/environment/ament_prefix_path.sh
[1.531s] -- Installing: /home/lfvmu/kobuki/install/share/ament_cmake_pclint/environment/ament_prefix_path.dsv
[1.539s] -- Up-to-date: /home/lfvmu/kobuki/install/share/ament_cmake_pclint/environment/path.sh
[1.539s] -- Installing: /home/lfvmu/kobuki/install/share/ament_cmake_pclint/environment/path.dsv
[1.539s] -- Up-to-date: /home/lfvmu/kobuki/install/share/ament_cmake_pclint/local_setup.bash
[1.539s] -- Up-to-date: /home/lfvmu/kobuki/install/share/ament_cmake_pclint/local_setup.sh
[1.540s] -- Up-to-date: /home/lfvmu/kobuki/install/share/ament_cmake_pclint/local_setup.zsh
[1.540s] -- Installing: /home/lfvmu/kobuki/install/share/ament_cmake_pclint/local_setup.dsv
[1.540s] -- Installing: /home/lfvmu/kobuki/install/share/ament_cmake_pclint/package.dsv
[1.541s] -- Up-to-date: /home/lfvmu/kobuki/install/share/ament_index/resource_index/packages/ament_cmake_pclint
[1.541s] -- Up-to-date: /home/lfvmu/kobuki/install/share/ament_cmake_pclint/cmake/ament_cmake_pclint-extras.cmake
[1.541s] -- Up-to-date: /home/lfvmu/kobuki/install/share/ament_cmake_pclint/cmake/ament_cmake_pclintConfig.cmake
[1.541s] -- Up-to-date: /home/lfvmu/kobuki/install/share/ament_cmake_pclint/cmake/ament_cmake_pclintConfig-version.cmake
[1.542s] -- Up-to-date: /home/lfvmu/kobuki/install/share/ament_cmake_pclint/package.xml
[1.542s] -- Up-to-date: /home/lfvmu/kobuki/install/share/ament_cmake_pclint/cmake
[1.542s] -- Up-to-date: /home/lfvmu/kobuki/install/share/ament_cmake_pclint/cmake/ament_cmake_pclint_lint_hook.cmake
[1.543s] -- Up-to-date: /home/lfvmu/kobuki/install/share/ament_cmake_pclint/cmake/ament_pclint.cmake
[1.543s] Invoked command in '/home/lfvmu/kobuki/build/ament_cmake_pclint' returned '0': /usr/bin/cmake --install /home/lfvmu/kobuki/build/ament_cmake_pclint
