[0.228s] Invoking command in '/home/lfvmu/kobuki/build/ament_lint_common': /usr/bin/cmake /home/lfvmu/kobuki/src/ament_lint/ament_lint_common -DBUILD_TESTING=OFF -DCMAKE_INSTALL_PREFIX=/home/lfvmu/kobuki/install
[0.287s] -- Found ament_cmake_core: 0.9.11 (/home/lfvmu/kobuki/install/share/ament_cmake_core/cmake)
[0.313s] -- Using PYTHON_EXECUTABLE: /usr/bin/python3
[0.651s] -- Found ament_cmake_export_dependencies: 0.9.11 (/home/lfvmu/kobuki/install/share/ament_cmake_export_dependencies/cmake)
[0.799s] -- Configuring done
[0.814s] -- Generating done
[0.817s] -- Build files have been written to: /home/lfvmu/kobuki/build/ament_lint_common
[0.827s] Invoked command in '/home/lfvmu/kobuki/build/ament_lint_common' returned '0': /usr/bin/cmake /home/lfvmu/kobuki/src/ament_lint/ament_lint_common -DBUILD_TESTING=OFF -DCMAKE_INSTALL_PREFIX=/home/lfvmu/kobuki/install
[0.829s] Invoking command in '/home/lfvmu/kobuki/build/ament_lint_common': /usr/bin/cmake --build /home/lfvmu/kobuki/build/ament_lint_common -- -j4 -l4
[1.084s] Invoked command in '/home/lfvmu/kobuki/build/ament_lint_common' returned '0': /usr/bin/cmake --build /home/lfvmu/kobuki/build/ament_lint_common -- -j4 -l4
[1.309s] Invoking command in '/home/lfvmu/kobuki/build/ament_lint_common': /usr/bin/cmake --install /home/lfvmu/kobuki/build/ament_lint_common
[1.337s] -- Install configuration: "RelWithDebInfo"
[1.338s] -- Up-to-date: /home/lfvmu/kobuki/install/share/ament_index/resource_index/package_run_dependencies/ament_lint_common
[1.338s] -- Up-to-date: /home/lfvmu/kobuki/install/share/ament_index/resource_index/parent_prefix_path/ament_lint_common
[1.339s] -- Up-to-date: /home/lfvmu/kobuki/install/share/ament_lint_common/environment/ament_prefix_path.sh
[1.339s] -- Installing: /home/lfvmu/kobuki/install/share/ament_lint_common/environment/ament_prefix_path.dsv
[1.340s] -- Up-to-date: /home/lfvmu/kobuki/install/share/ament_lint_common/environment/path.sh
[1.340s] -- Installing: /home/lfvmu/kobuki/install/share/ament_lint_common/environment/path.dsv
[1.341s] -- Up-to-date: /home/lfvmu/kobuki/install/share/ament_lint_common/local_setup.bash
[1.342s] -- Up-to-date: /home/lfvmu/kobuki/install/share/ament_lint_common/local_setup.sh
[1.342s] -- Up-to-date: /home/lfvmu/kobuki/install/share/ament_lint_common/local_setup.zsh
[1.343s] -- Installing: /home/lfvmu/kobuki/install/share/ament_lint_common/local_setup.dsv
[1.343s] -- Installing: /home/lfvmu/kobuki/install/share/ament_lint_common/package.dsv
[1.360s] -- Up-to-date: /home/lfvmu/kobuki/install/share/ament_index/resource_index/packages/ament_lint_common
[1.360s] -- Up-to-date: /home/lfvmu/kobuki/install/share/ament_lint_common/cmake/ament_cmake_export_dependencies-extras.cmake
[1.361s] -- Up-to-date: /home/lfvmu/kobuki/install/share/ament_lint_common/cmake/ament_lint_commonConfig.cmake
[1.361s] -- Up-to-date: /home/lfvmu/kobuki/install/share/ament_lint_common/cmake/ament_lint_commonConfig-version.cmake
[1.361s] -- Up-to-date: /home/lfvmu/kobuki/install/share/ament_lint_common/package.xml
[1.582s] Invoked command in '/home/lfvmu/kobuki/build/ament_lint_common' returned '0': /usr/bin/cmake --install /home/lfvmu/kobuki/build/ament_lint_common
