[0.096s] Invoking command in '/home/lfvmu/kobuki/build/ament_cmake_pclint': /usr/bin/cmake /home/lfvmu/kobuki/src/ament_lint/ament_cmake_pclint -DBUILD_TESTING=OFF -DCMAKE_BUILD_TYPE=RelWithDebInfo -DCMAKE_INSTALL_PREFIX=/home/lfvmu/kobuki/install
[0.133s] -- Found ament_cmake_core: 0.9.11 (/home/lfvmu/kobuki/install/share/ament_cmake_core/cmake)
[0.183s] -- Using PYTHON_EXECUTABLE: /usr/bin/python3
[0.505s] -- Found ament_cmake_test: 0.9.11 (/home/lfvmu/kobuki/install/share/ament_cmake_test/cmake)
[0.646s] -- Configuring done
[0.646s] -- Generating done
[0.646s] -- Build files have been written to: /home/lfvmu/kobuki/build/ament_cmake_pclint
[0.841s] Invoked command in '/home/lfvmu/kobuki/build/ament_cmake_pclint' returned '0': /usr/bin/cmake /home/lfvmu/kobuki/src/ament_lint/ament_cmake_pclint -DBUILD_TESTING=OFF -DCMAKE_BUILD_TYPE=RelWithDebInfo -DCMAKE_INSTALL_PREFIX=/home/lfvmu/kobuki/install
[0.845s] Invoking command in '/home/lfvmu/kobuki/build/ament_cmake_pclint': /usr/bin/cmake --build /home/lfvmu/kobuki/build/ament_cmake_pclint -- -j4 -l4
[1.107s] Invoked command in '/home/lfvmu/kobuki/build/ament_cmake_pclint' returned '0': /usr/bin/cmake --build /home/lfvmu/kobuki/build/ament_cmake_pclint -- -j4 -l4
[1.159s] Invoking command in '/home/lfvmu/kobuki/build/ament_cmake_pclint': /usr/bin/cmake --install /home/lfvmu/kobuki/build/ament_cmake_pclint
[1.183s] -- Install configuration: "RelWithDebInfo"
[1.184s] -- Up-to-date: /home/lfvmu/kobuki/install/share/ament_index/resource_index/package_run_dependencies/ament_cmake_pclint
[1.184s] -- Up-to-date: /home/lfvmu/kobuki/install/share/ament_index/resource_index/parent_prefix_path/ament_cmake_pclint
[1.184s] -- Up-to-date: /home/lfvmu/kobuki/install/share/ament_cmake_pclint/environment/ament_prefix_path.sh
[1.185s] -- Installing: /home/lfvmu/kobuki/install/share/ament_cmake_pclint/environment/ament_prefix_path.dsv
[1.185s] -- Up-to-date: /home/lfvmu/kobuki/install/share/ament_cmake_pclint/environment/path.sh
[1.186s] -- Installing: /home/lfvmu/kobuki/install/share/ament_cmake_pclint/environment/path.dsv
[1.186s] -- Up-to-date: /home/lfvmu/kobuki/install/share/ament_cmake_pclint/local_setup.bash
[1.187s] -- Up-to-date: /home/lfvmu/kobuki/install/share/ament_cmake_pclint/local_setup.sh
[1.187s] -- Up-to-date: /home/lfvmu/kobuki/install/share/ament_cmake_pclint/local_setup.zsh
[1.187s] -- Installing: /home/lfvmu/kobuki/install/share/ament_cmake_pclint/local_setup.dsv
[1.188s] -- Installing: /home/lfvmu/kobuki/install/share/ament_cmake_pclint/package.dsv
[1.189s] -- Up-to-date: /home/lfvmu/kobuki/install/share/ament_index/resource_index/packages/ament_cmake_pclint
[1.189s] -- Up-to-date: /home/lfvmu/kobuki/install/share/ament_cmake_pclint/cmake/ament_cmake_pclint-extras.cmake
[1.189s] -- Up-to-date: /home/lfvmu/kobuki/install/share/ament_cmake_pclint/cmake/ament_cmake_pclintConfig.cmake
[1.189s] -- Up-to-date: /home/lfvmu/kobuki/install/share/ament_cmake_pclint/cmake/ament_cmake_pclintConfig-version.cmake
[1.190s] -- Up-to-date: /home/lfvmu/kobuki/install/share/ament_cmake_pclint/package.xml
[1.191s] -- Up-to-date: /home/lfvmu/kobuki/install/share/ament_cmake_pclint/cmake
[1.191s] -- Up-to-date: /home/lfvmu/kobuki/install/share/ament_cmake_pclint/cmake/ament_cmake_pclint_lint_hook.cmake
[1.191s] -- Up-to-date: /home/lfvmu/kobuki/install/share/ament_cmake_pclint/cmake/ament_pclint.cmake
[1.195s] Invoked command in '/home/lfvmu/kobuki/build/ament_cmake_pclint' returned '0': /usr/bin/cmake --install /home/lfvmu/kobuki/build/ament_cmake_pclint
