[0.588s] Invoking command in '/home/lfvmu/kobuki/build/ecl_filesystem': AMENT_PREFIX_PATH=/home/lfvmu/kobuki/install CMAKE_PREFIX_PATH=/home/lfvmu/kobuki/install LD_LIBRARY_PATH=/home/lfvmu/kobuki/install/lib PATH=/home/lfvmu/kobuki/install/bin:${PATH} PYTHONPATH=/home/lfvmu/kobuki/install/lib/python3.8/site-packages /usr/bin/cmake /home/lfvmu/kobuki/src/ecl_core/ecl_filesystem -DBUILD_TESTING=OFF -DCMAKE_INSTALL_PREFIX=/home/lfvmu/kobuki/install
[0.629s] Re-run cmake no build system arguments
[0.659s] -- Found ament_cmake_ros: 0.9.2 (/home/lfvmu/kobuki/install/share/ament_cmake_ros/cmake)
[0.720s] -- Using PYTHON_EXECUTABLE: /usr/bin/python3
[1.190s] -- Found ecl_build: 1.0.3 (/home/lfvmu/kobuki/install/share/ecl_build/cmake)
[1.219s] -- Found ecl_config: 1.1.0 (/home/lfvmu/kobuki/install/share/ecl_config/cmake)
[1.229s] -- Found ecl_errors: 1.1.0 (/home/lfvmu/kobuki/install/share/ecl_errors/cmake)
[1.451s] -- Configuring done
[1.493s] -- Generating done
[1.498s] -- Build files have been written to: /home/lfvmu/kobuki/build/ecl_filesystem
[1.617s] Invoked command in '/home/lfvmu/kobuki/build/ecl_filesystem' returned '0': AMENT_PREFIX_PATH=/home/lfvmu/kobuki/install CMAKE_PREFIX_PATH=/home/lfvmu/kobuki/install LD_LIBRARY_PATH=/home/lfvmu/kobuki/install/lib PATH=/home/lfvmu/kobuki/install/bin:${PATH} PYTHONPATH=/home/lfvmu/kobuki/install/lib/python3.8/site-packages /usr/bin/cmake /home/lfvmu/kobuki/src/ecl_core/ecl_filesystem -DBUILD_TESTING=OFF -DCMAKE_INSTALL_PREFIX=/home/lfvmu/kobuki/install
[1.624s] Invoking command in '/home/lfvmu/kobuki/build/ecl_filesystem': AMENT_PREFIX_PATH=/home/lfvmu/kobuki/install CMAKE_PREFIX_PATH=/home/lfvmu/kobuki/install LD_LIBRARY_PATH=/home/lfvmu/kobuki/install/lib PATH=/home/lfvmu/kobuki/install/bin:${PATH} PYTHONPATH=/home/lfvmu/kobuki/install/lib/python3.8/site-packages /usr/bin/cmake --build /home/lfvmu/kobuki/build/ecl_filesystem -- -j4 -l4
[1.666s] /usr/bin/cmake -S/home/lfvmu/kobuki/src/ecl_core/ecl_filesystem -B/home/lfvmu/kobuki/build/ecl_filesystem --check-build-system CMakeFiles/Makefile.cmake 0
[1.716s] /usr/bin/cmake -E cmake_progress_start /home/lfvmu/kobuki/build/ecl_filesystem/CMakeFiles /home/lfvmu/kobuki/build/ecl_filesystem/CMakeFiles/progress.marks
[1.770s] /usr/bin/make -f CMakeFiles/Makefile2 all
[1.772s] make[1]: Entering directory '/home/lfvmu/kobuki/build/ecl_filesystem'
[1.773s] /usr/bin/make -f src/lib/CMakeFiles/ecl_filesystem.dir/build.make src/lib/CMakeFiles/ecl_filesystem.dir/depend
[1.773s] make[2]: Entering directory '/home/lfvmu/kobuki/build/ecl_filesystem'
[1.773s] cd /home/lfvmu/kobuki/build/ecl_filesystem && /usr/bin/cmake -E cmake_depends "Unix Makefiles" /home/lfvmu/kobuki/src/ecl_core/ecl_filesystem /home/lfvmu/kobuki/src/ecl_core/ecl_filesystem/src/lib /home/lfvmu/kobuki/build/ecl_filesystem /home/lfvmu/kobuki/build/ecl_filesystem/src/lib /home/lfvmu/kobuki/build/ecl_filesystem/src/lib/CMakeFiles/ecl_filesystem.dir/DependInfo.cmake --color=
[1.774s] make[2]: Leaving directory '/home/lfvmu/kobuki/build/ecl_filesystem'
[1.774s] /usr/bin/make -f src/lib/CMakeFiles/ecl_filesystem.dir/build.make src/lib/CMakeFiles/ecl_filesystem.dir/build
[1.774s] make[2]: Entering directory '/home/lfvmu/kobuki/build/ecl_filesystem'
[1.775s] make[2]: Nothing to be done for 'src/lib/CMakeFiles/ecl_filesystem.dir/build'.
[1.775s] make[2]: Leaving directory '/home/lfvmu/kobuki/build/ecl_filesystem'
[1.795s] [100%] Built target ecl_filesystem
[1.813s] make[1]: Leaving directory '/home/lfvmu/kobuki/build/ecl_filesystem'
[1.814s] /usr/bin/cmake -E cmake_progress_start /home/lfvmu/kobuki/build/ecl_filesystem/CMakeFiles 0
[1.910s] Invoked command in '/home/lfvmu/kobuki/build/ecl_filesystem' returned '0': AMENT_PREFIX_PATH=/home/lfvmu/kobuki/install CMAKE_PREFIX_PATH=/home/lfvmu/kobuki/install LD_LIBRARY_PATH=/home/lfvmu/kobuki/install/lib PATH=/home/lfvmu/kobuki/install/bin:${PATH} PYTHONPATH=/home/lfvmu/kobuki/install/lib/python3.8/site-packages /usr/bin/cmake --build /home/lfvmu/kobuki/build/ecl_filesystem -- -j4 -l4
[2.006s] Invoking command in '/home/lfvmu/kobuki/build/ecl_filesystem': AMENT_PREFIX_PATH=/home/lfvmu/kobuki/install CMAKE_PREFIX_PATH=/home/lfvmu/kobuki/install LD_LIBRARY_PATH=/home/lfvmu/kobuki/install/lib PATH=/home/lfvmu/kobuki/install/bin:${PATH} PYTHONPATH=/home/lfvmu/kobuki/install/lib/python3.8/site-packages /usr/bin/cmake --install /home/lfvmu/kobuki/build/ecl_filesystem
[2.053s] -- Install configuration: ""
[2.054s] -- Up-to-date: /home/lfvmu/kobuki/install/share/ecl_filesystem/environment/library_path.sh
[2.054s] -- Installing: /home/lfvmu/kobuki/install/share/ecl_filesystem/environment/library_path.dsv
[2.054s] -- Up-to-date: /home/lfvmu/kobuki/install/share/ament_index/resource_index/package_run_dependencies/ecl_filesystem
[2.054s] -- Up-to-date: /home/lfvmu/kobuki/install/share/ament_index/resource_index/parent_prefix_path/ecl_filesystem
[2.055s] -- Up-to-date: /home/lfvmu/kobuki/install/share/ecl_filesystem/environment/ament_prefix_path.sh
[2.056s] -- Installing: /home/lfvmu/kobuki/install/share/ecl_filesystem/environment/ament_prefix_path.dsv
[2.056s] -- Up-to-date: /home/lfvmu/kobuki/install/share/ecl_filesystem/environment/path.sh
[2.057s] -- Installing: /home/lfvmu/kobuki/install/share/ecl_filesystem/environment/path.dsv
[2.057s] -- Up-to-date: /home/lfvmu/kobuki/install/share/ecl_filesystem/local_setup.bash
[2.057s] -- Up-to-date: /home/lfvmu/kobuki/install/share/ecl_filesystem/local_setup.sh
[2.058s] -- Up-to-date: /home/lfvmu/kobuki/install/share/ecl_filesystem/local_setup.zsh
[2.058s] -- Installing: /home/lfvmu/kobuki/install/share/ecl_filesystem/local_setup.dsv
[2.070s] -- Installing: /home/lfvmu/kobuki/install/share/ecl_filesystem/package.dsv
[2.084s] -- Up-to-date: /home/lfvmu/kobuki/install/share/ament_index/resource_index/packages/ecl_filesystem
[2.084s] -- Up-to-date: /home/lfvmu/kobuki/install/share/ecl_filesystem/cmake/ecl_filesystemExport.cmake
[2.085s] -- Installing: /home/lfvmu/kobuki/install/share/ecl_filesystem/cmake/ecl_filesystemExport-noconfig.cmake
[2.085s] -- Up-to-date: /home/lfvmu/kobuki/install/share/ecl_filesystem/cmake/ament_cmake_export_targets-extras.cmake
[2.085s] -- Up-to-date: /home/lfvmu/kobuki/install/share/ecl_filesystem/cmake/ament_cmake_export_include_directories-extras.cmake
[2.085s] -- Up-to-date: /home/lfvmu/kobuki/install/share/ecl_filesystem/cmake/ament_cmake_export_libraries-extras.cmake
[2.086s] -- Up-to-date: /home/lfvmu/kobuki/install/share/ecl_filesystem/cmake/ament_cmake_export_dependencies-extras.cmake
[2.086s] -- Up-to-date: /home/lfvmu/kobuki/install/share/ecl_filesystem/cmake/ecl_filesystemConfig.cmake
[2.086s] -- Up-to-date: /home/lfvmu/kobuki/install/share/ecl_filesystem/cmake/ecl_filesystemConfig-version.cmake
[2.087s] -- Up-to-date: /home/lfvmu/kobuki/install/share/ecl_filesystem/package.xml
[2.087s] -- Up-to-date: /home/lfvmu/kobuki/install/include/ecl/filesystem.hpp
[2.088s] -- Up-to-date: /home/lfvmu/kobuki/install/include/ecl/filesystem/errors.hpp
[2.089s] -- Up-to-date: /home/lfvmu/kobuki/install/include/ecl/filesystem/macros.hpp
[2.089s] -- Up-to-date: /home/lfvmu/kobuki/install/include/ecl/filesystem/realpath.hpp
[2.090s] -- Up-to-date: /home/lfvmu/kobuki/install/include/ecl/filesystem/config.hpp
[2.090s] -- Up-to-date: /home/lfvmu/kobuki/install/lib/libecl_filesystem.so.1.2.1
[2.090s] -- Up-to-date: /home/lfvmu/kobuki/install/lib/libecl_filesystem.so
[2.091s] Invoked command in '/home/lfvmu/kobuki/build/ecl_filesystem' returned '0': AMENT_PREFIX_PATH=/home/lfvmu/kobuki/install CMAKE_PREFIX_PATH=/home/lfvmu/kobuki/install LD_LIBRARY_PATH=/home/lfvmu/kobuki/install/lib PATH=/home/lfvmu/kobuki/install/bin:${PATH} PYTHONPATH=/home/lfvmu/kobuki/install/lib/python3.8/site-packages /usr/bin/cmake --install /home/lfvmu/kobuki/build/ecl_filesystem
