[0.356s] Invoking command in '/home/lfvmu/kobuki/build/ecl_concepts': /usr/bin/cmake /home/lfvmu/kobuki/src/ecl_core/ecl_concepts -DBUILD_TESTING=OFF -DCMAKE_INSTALL_PREFIX=/home/lfvmu/kobuki/install
[0.383s] Re-run cmake no build system arguments
[0.417s] -- Found ament_cmake_ros: 0.9.2 (/home/lfvmu/kobuki/install/share/ament_cmake_ros/cmake)
[0.474s] -- Using PYTHON_EXECUTABLE: /usr/bin/python3
[0.857s] -- Found ecl_build: 1.0.3 (/home/lfvmu/kobuki/install/share/ecl_build/cmake)
[0.891s] -- Found ecl_config: 1.1.0 (/home/lfvmu/kobuki/install/share/ecl_config/cmake)
[0.900s] -- Found ecl_type_traits: 1.2.1 (/home/lfvmu/kobuki/install/share/ecl_type_traits/cmake)
[1.089s] -- Configuring done
[1.104s] -- Generating done
[1.108s] -- Build files have been written to: /home/lfvmu/kobuki/build/ecl_concepts
[1.117s] Invoked command in '/home/lfvmu/kobuki/build/ecl_concepts' returned '0': /usr/bin/cmake /home/lfvmu/kobuki/src/ecl_core/ecl_concepts -DBUILD_TESTING=OFF -DCMAKE_INSTALL_PREFIX=/home/lfvmu/kobuki/install
[1.127s] Invoking command in '/home/lfvmu/kobuki/build/ecl_concepts': /usr/bin/cmake --build /home/lfvmu/kobuki/build/ecl_concepts -- -j4 -l4
[1.171s] /usr/bin/cmake -S/home/lfvmu/kobuki/src/ecl_core/ecl_concepts -B/home/lfvmu/kobuki/build/ecl_concepts --check-build-system CMakeFiles/Makefile.cmake 0
[1.206s] /usr/bin/cmake -E cmake_progress_start /home/lfvmu/kobuki/build/ecl_concepts/CMakeFiles /home/lfvmu/kobuki/build/ecl_concepts/CMakeFiles/progress.marks
[1.229s] /usr/bin/make -f CMakeFiles/Makefile2 all
[1.232s] make[1]: Entering directory '/home/lfvmu/kobuki/build/ecl_concepts'
[1.232s] make[1]: Nothing to be done for 'all'.
[1.232s] make[1]: Leaving directory '/home/lfvmu/kobuki/build/ecl_concepts'
[1.233s] /usr/bin/cmake -E cmake_progress_start /home/lfvmu/kobuki/build/ecl_concepts/CMakeFiles 0
[1.273s] Invoked command in '/home/lfvmu/kobuki/build/ecl_concepts' returned '0': /usr/bin/cmake --build /home/lfvmu/kobuki/build/ecl_concepts -- -j4 -l4
[1.384s] Invoking command in '/home/lfvmu/kobuki/build/ecl_concepts': /usr/bin/cmake --install /home/lfvmu/kobuki/build/ecl_concepts
[1.406s] -- Install configuration: "RelWithDebInfo"
[1.406s] -- Up-to-date: /home/lfvmu/kobuki/install/share/ament_index/resource_index/package_run_dependencies/ecl_concepts
[1.407s] -- Up-to-date: /home/lfvmu/kobuki/install/share/ament_index/resource_index/parent_prefix_path/ecl_concepts
[1.407s] -- Up-to-date: /home/lfvmu/kobuki/install/share/ecl_concepts/environment/ament_prefix_path.sh
[1.407s] -- Installing: /home/lfvmu/kobuki/install/share/ecl_concepts/environment/ament_prefix_path.dsv
[1.408s] -- Up-to-date: /home/lfvmu/kobuki/install/share/ecl_concepts/environment/path.sh
[1.408s] -- Installing: /home/lfvmu/kobuki/install/share/ecl_concepts/environment/path.dsv
[1.408s] -- Up-to-date: /home/lfvmu/kobuki/install/share/ecl_concepts/local_setup.bash
[1.408s] -- Up-to-date: /home/lfvmu/kobuki/install/share/ecl_concepts/local_setup.sh
[1.409s] -- Up-to-date: /home/lfvmu/kobuki/install/share/ecl_concepts/local_setup.zsh
[1.409s] -- Installing: /home/lfvmu/kobuki/install/share/ecl_concepts/local_setup.dsv
[1.409s] -- Installing: /home/lfvmu/kobuki/install/share/ecl_concepts/package.dsv
[1.410s] -- Up-to-date: /home/lfvmu/kobuki/install/share/ament_index/resource_index/packages/ecl_concepts
[1.411s] -- Up-to-date: /home/lfvmu/kobuki/install/share/ecl_concepts/cmake/ecl_conceptsExport.cmake
[1.411s] -- Up-to-date: /home/lfvmu/kobuki/install/share/ecl_concepts/cmake/ament_cmake_export_targets-extras.cmake
[1.411s] -- Up-to-date: /home/lfvmu/kobuki/install/share/ecl_concepts/cmake/ament_cmake_export_include_directories-extras.cmake
[1.411s] -- Up-to-date: /home/lfvmu/kobuki/install/share/ecl_concepts/cmake/ament_cmake_export_dependencies-extras.cmake
[1.412s] -- Up-to-date: /home/lfvmu/kobuki/install/share/ecl_concepts/cmake/ecl_conceptsConfig.cmake
[1.412s] -- Up-to-date: /home/lfvmu/kobuki/install/share/ecl_concepts/cmake/ecl_conceptsConfig-version.cmake
[1.413s] -- Up-to-date: /home/lfvmu/kobuki/install/share/ecl_concepts/package.xml
[1.413s] -- Up-to-date: /home/lfvmu/kobuki/install/include/ecl/concepts.hpp
[1.413s] -- Up-to-date: /home/lfvmu/kobuki/install/include/ecl/concepts/blueprints.hpp
[1.414s] -- Up-to-date: /home/lfvmu/kobuki/install/include/ecl/concepts/containers.hpp
[1.415s] -- Up-to-date: /home/lfvmu/kobuki/install/include/ecl/concepts/devices.hpp
[1.415s] -- Up-to-date: /home/lfvmu/kobuki/install/include/ecl/concepts/macros.hpp
[1.415s] -- Up-to-date: /home/lfvmu/kobuki/install/include/ecl/concepts/nullary_function.hpp
[1.419s] -- Up-to-date: /home/lfvmu/kobuki/install/include/ecl/concepts/streams.hpp
[1.435s] Invoked command in '/home/lfvmu/kobuki/build/ecl_concepts' returned '0': /usr/bin/cmake --install /home/lfvmu/kobuki/build/ecl_concepts
