[0.395s] Invoking command in '/home/lfvmu/kobuki/build/ecl_filesystem': /usr/bin/cmake /home/lfvmu/kobuki/src/ecl_core/ecl_filesystem -DBUILD_TESTING=OFF -DCMAKE_INSTALL_PREFIX=/home/lfvmu/kobuki/install
[0.432s] -- Found ament_cmake_ros: 0.9.2 (/home/lfvmu/kobuki/install/share/ament_cmake_ros/cmake)
[0.488s] -- Using PYTHON_EXECUTABLE: /usr/bin/python3
[0.855s] -- Found ecl_build: 1.0.3 (/home/lfvmu/kobuki/install/share/ecl_build/cmake)
[0.873s] -- Found ecl_config: 1.1.0 (/home/lfvmu/kobuki/install/share/ecl_config/cmake)
[0.876s] -- Found ecl_errors: 1.1.0 (/home/lfvmu/kobuki/install/share/ecl_errors/cmake)
[1.047s] -- Configuring done
[1.084s] -- Generating done
[1.084s] -- Build files have been written to: /home/lfvmu/kobuki/build/ecl_filesystem
[1.210s] Invoked command in '/home/lfvmu/kobuki/build/ecl_filesystem' returned '0': /usr/bin/cmake /home/lfvmu/kobuki/src/ecl_core/ecl_filesystem -DBUILD_TESTING=OFF -DCMAKE_INSTALL_PREFIX=/home/lfvmu/kobuki/install
[1.219s] Invoking command in '/home/lfvmu/kobuki/build/ecl_filesystem': /usr/bin/cmake --build /home/lfvmu/kobuki/build/ecl_filesystem -- -j4 -l4
[1.361s] [100%] Built target ecl_filesystem
[1.542s] Invoked command in '/home/lfvmu/kobuki/build/ecl_filesystem' returned '0': /usr/bin/cmake --build /home/lfvmu/kobuki/build/ecl_filesystem -- -j4 -l4
[1.816s] Invoking command in '/home/lfvmu/kobuki/build/ecl_filesystem': /usr/bin/cmake --install /home/lfvmu/kobuki/build/ecl_filesystem
[1.837s] -- Install configuration: "RelWithDebInfo"
[1.837s] -- Up-to-date: /home/lfvmu/kobuki/install/share/ecl_filesystem/environment/library_path.sh
[1.838s] -- Installing: /home/lfvmu/kobuki/install/share/ecl_filesystem/environment/library_path.dsv
[1.838s] -- Up-to-date: /home/lfvmu/kobuki/install/share/ament_index/resource_index/package_run_dependencies/ecl_filesystem
[1.838s] -- Up-to-date: /home/lfvmu/kobuki/install/share/ament_index/resource_index/parent_prefix_path/ecl_filesystem
[1.838s] -- Up-to-date: /home/lfvmu/kobuki/install/share/ecl_filesystem/environment/ament_prefix_path.sh
[1.838s] -- Installing: /home/lfvmu/kobuki/install/share/ecl_filesystem/environment/ament_prefix_path.dsv
[1.838s] -- Up-to-date: /home/lfvmu/kobuki/install/share/ecl_filesystem/environment/path.sh
[1.839s] -- Installing: /home/lfvmu/kobuki/install/share/ecl_filesystem/environment/path.dsv
[1.839s] -- Up-to-date: /home/lfvmu/kobuki/install/share/ecl_filesystem/local_setup.bash
[1.839s] -- Up-to-date: /home/lfvmu/kobuki/install/share/ecl_filesystem/local_setup.sh
[1.839s] -- Up-to-date: /home/lfvmu/kobuki/install/share/ecl_filesystem/local_setup.zsh
[1.839s] -- Installing: /home/lfvmu/kobuki/install/share/ecl_filesystem/local_setup.dsv
[1.840s] -- Installing: /home/lfvmu/kobuki/install/share/ecl_filesystem/package.dsv
[1.840s] -- Up-to-date: /home/lfvmu/kobuki/install/share/ament_index/resource_index/packages/ecl_filesystem
[1.841s] -- Up-to-date: /home/lfvmu/kobuki/install/share/ecl_filesystem/cmake/ecl_filesystemExport.cmake
[1.842s] -- Installing: /home/lfvmu/kobuki/install/share/ecl_filesystem/cmake/ecl_filesystemExport-relwithdebinfo.cmake
[1.842s] -- Up-to-date: /home/lfvmu/kobuki/install/share/ecl_filesystem/cmake/ament_cmake_export_targets-extras.cmake
[1.843s] -- Up-to-date: /home/lfvmu/kobuki/install/share/ecl_filesystem/cmake/ament_cmake_export_include_directories-extras.cmake
[1.843s] -- Up-to-date: /home/lfvmu/kobuki/install/share/ecl_filesystem/cmake/ament_cmake_export_libraries-extras.cmake
[1.844s] -- Up-to-date: /home/lfvmu/kobuki/install/share/ecl_filesystem/cmake/ament_cmake_export_dependencies-extras.cmake
[1.844s] -- Up-to-date: /home/lfvmu/kobuki/install/share/ecl_filesystem/cmake/ecl_filesystemConfig.cmake
[1.845s] -- Up-to-date: /home/lfvmu/kobuki/install/share/ecl_filesystem/cmake/ecl_filesystemConfig-version.cmake
[1.846s] -- Up-to-date: /home/lfvmu/kobuki/install/share/ecl_filesystem/package.xml
[1.846s] -- Up-to-date: /home/lfvmu/kobuki/install/include/ecl/filesystem.hpp
[1.847s] -- Up-to-date: /home/lfvmu/kobuki/install/include/ecl/filesystem/errors.hpp
[1.847s] -- Up-to-date: /home/lfvmu/kobuki/install/include/ecl/filesystem/macros.hpp
[1.848s] -- Up-to-date: /home/lfvmu/kobuki/install/include/ecl/filesystem/realpath.hpp
[1.848s] -- Up-to-date: /home/lfvmu/kobuki/install/include/ecl/filesystem/config.hpp
[1.851s] -- Up-to-date: /home/lfvmu/kobuki/install/lib/libecl_filesystem.so.1.2.1
[1.852s] -- Up-to-date: /home/lfvmu/kobuki/install/lib/libecl_filesystem.so
[1.871s] Invoked command in '/home/lfvmu/kobuki/build/ecl_filesystem' returned '0': /usr/bin/cmake --install /home/lfvmu/kobuki/build/ecl_filesystem
