[2.622s] Invoking command in '/home/lfvmu/kobuki/src/ament_lint/ament_lint': PYTHONPATH=/home/lfvmu/kobuki/build/ament_lint/prefix_override:/home/lfvmu/kobuki/install/lib/python3.8/site-packages: /usr/bin/python3 setup.py egg_info --egg-base ../../../build/ament_lint build --build-base /home/lfvmu/kobuki/build/ament_lint/build install --record /home/lfvmu/kobuki/build/ament_lint/install.log --single-version-externally-managed
[3.032s] running egg_info
[3.033s] writing ../../../build/ament_lint/ament_lint.egg-info/PKG-INFO
[3.033s] writing dependency_links to ../../../build/ament_lint/ament_lint.egg-info/dependency_links.txt
[3.033s] writing entry points to ../../../build/ament_lint/ament_lint.egg-info/entry_points.txt
[3.034s] writing requirements to ../../../build/ament_lint/ament_lint.egg-info/requires.txt
[3.034s] writing top-level names to ../../../build/ament_lint/ament_lint.egg-info/top_level.txt
[3.139s] reading manifest file '../../../build/ament_lint/ament_lint.egg-info/SOURCES.txt'
[3.141s] writing manifest file '../../../build/ament_lint/ament_lint.egg-info/SOURCES.txt'
[3.142s] running build
[3.142s] running build_py
[3.142s] running install
[3.144s] running install_lib
[3.148s] running install_data
[3.149s] running install_egg_info
[3.153s] removing '/home/lfvmu/kobuki/install/lib/python3.8/site-packages/ament_lint-0.9.7-py3.8.egg-info' (and everything under it)
[3.153s] Copying ../../../build/ament_lint/ament_lint.egg-info to /home/lfvmu/kobuki/install/lib/python3.8/site-packages/ament_lint-0.9.7-py3.8.egg-info
[3.156s] running install_scripts
[3.200s] writing list of installed files to '/home/lfvmu/kobuki/build/ament_lint/install.log'
[3.380s] Invoked command in '/home/lfvmu/kobuki/src/ament_lint/ament_lint' returned '0': PYTHONPATH=/home/lfvmu/kobuki/build/ament_lint/prefix_override:/home/lfvmu/kobuki/install/lib/python3.8/site-packages: /usr/bin/python3 setup.py egg_info --egg-base ../../../build/ament_lint build --build-base /home/lfvmu/kobuki/build/ament_lint/build install --record /home/lfvmu/kobuki/build/ament_lint/install.log --single-version-externally-managed
