[0.428s] Invoking command in '/home/lfvmu/kobuki/build/ecl_threads': AMENT_PREFIX_PATH=/home/lfvmu/kobuki/install CMAKE_PREFIX_PATH=/home/lfvmu/kobuki/install LD_LIBRARY_PATH=/home/lfvmu/kobuki/install/lib PATH=/home/lfvmu/kobuki/install/bin:${PATH} PYTHONPATH=/home/lfvmu/kobuki/install/lib/python3.8/site-packages /usr/bin/cmake /home/lfvmu/kobuki/src/ecl_core/ecl_threads -DBUILD_TESTING=OFF -DCMAKE_INSTALL_PREFIX=/home/lfvmu/kobuki/install
[0.599s] -- The C compiler identification is GNU 9.4.0
[0.767s] -- The CXX compiler identification is GNU 9.4.0
[0.782s] -- Check for working C compiler: /usr/bin/cc
[0.957s] -- Check for working C compiler: /usr/bin/cc -- works
[0.960s] -- Detecting C compiler ABI info
[1.141s] -- Detecting C compiler ABI info - done
[1.195s] -- Detecting C compile features
[1.196s] -- Detecting C compile features - done
[1.204s] -- Check for working CXX compiler: /usr/bin/c++
[1.418s] -- Check for working CXX compiler: /usr/bin/c++ -- works
[1.422s] -- Detecting CXX compiler ABI info
[1.641s] -- Detecting CXX compiler ABI info - done
[1.700s] -- Detecting CXX compile features
[1.702s] -- Detecting CXX compile features - done
[1.706s] -- Found ament_cmake_ros: 0.9.2 (/home/lfvmu/kobuki/install/share/ament_cmake_ros/cmake)
[1.751s] -- Found PythonInterp: /usr/bin/python3 (found suitable version "3.8.10", minimum required is "3") 
[1.751s] -- Using PYTHON_EXECUTABLE: /usr/bin/python3
[2.102s] -- Found ecl_build: 1.0.3 (/home/lfvmu/kobuki/install/share/ecl_build/cmake)
[2.127s] -- Found ecl_config: 1.1.0 (/home/lfvmu/kobuki/install/share/ecl_config/cmake)
[2.134s] -- Found ecl_errors: 1.1.0 (/home/lfvmu/kobuki/install/share/ecl_errors/cmake)
[2.145s] -- Found ecl_concepts: 1.2.1 (/home/lfvmu/kobuki/install/share/ecl_concepts/cmake)
[2.176s] -- Found ecl_exceptions: 1.2.1 (/home/lfvmu/kobuki/install/share/ecl_exceptions/cmake)
[2.187s] -- Found ecl_time: 1.2.1 (/home/lfvmu/kobuki/install/share/ecl_time/cmake)
[2.212s] -- Found ecl_utilities: 1.2.1 (/home/lfvmu/kobuki/install/share/ecl_utilities/cmake)
[2.350s] -- Looking for pthread.h
[2.536s] -- Looking for pthread.h - found
[2.537s] -- Performing Test CMAKE_HAVE_LIBC_PTHREAD
[2.737s] -- Performing Test CMAKE_HAVE_LIBC_PTHREAD - Failed
[2.737s] -- Looking for pthread_create in pthreads
[2.884s] -- Looking for pthread_create in pthreads - not found
[2.884s] -- Looking for pthread_create in pthread
[3.065s] -- Looking for pthread_create in pthread - found
[3.068s] -- Found Threads: TRUE  
[3.071s] -- Check if compiler accepts -pthread
[3.287s] -- Check if compiler accepts -pthread - yes
[3.335s] -- Configuring done
[3.377s] -- Generating done
[3.384s] -- Build files have been written to: /home/lfvmu/kobuki/build/ecl_threads
[3.395s] Invoked command in '/home/lfvmu/kobuki/build/ecl_threads' returned '0': AMENT_PREFIX_PATH=/home/lfvmu/kobuki/install CMAKE_PREFIX_PATH=/home/lfvmu/kobuki/install LD_LIBRARY_PATH=/home/lfvmu/kobuki/install/lib PATH=/home/lfvmu/kobuki/install/bin:${PATH} PYTHONPATH=/home/lfvmu/kobuki/install/lib/python3.8/site-packages /usr/bin/cmake /home/lfvmu/kobuki/src/ecl_core/ecl_threads -DBUILD_TESTING=OFF -DCMAKE_INSTALL_PREFIX=/home/lfvmu/kobuki/install
[3.401s] Invoking command in '/home/lfvmu/kobuki/build/ecl_threads': AMENT_PREFIX_PATH=/home/lfvmu/kobuki/install CMAKE_PREFIX_PATH=/home/lfvmu/kobuki/install LD_LIBRARY_PATH=/home/lfvmu/kobuki/install/lib PATH=/home/lfvmu/kobuki/install/bin:${PATH} PYTHONPATH=/home/lfvmu/kobuki/install/lib/python3.8/site-packages /usr/bin/cmake --build /home/lfvmu/kobuki/build/ecl_threads -- -j4 -l4
[3.505s] [35m[1mScanning dependencies of target ecl_threads[0m
[3.546s] [  9%] [32mBuilding CXX object src/lib/CMakeFiles/ecl_threads.dir/mutex_pos.cpp.o[0m
[3.569s] [ 18%] [32mBuilding CXX object src/lib/CMakeFiles/ecl_threads.dir/mutex_w32.cpp.o[0m
[3.571s] [ 27%] [32mBuilding CXX object src/lib/CMakeFiles/ecl_threads.dir/priority_win.cpp.o[0m
[3.578s] [ 36%] [32mBuilding CXX object src/lib/CMakeFiles/ecl_threads.dir/priority_pos.cpp.o[0m
[3.741s] [ 45%] [32mBuilding CXX object src/lib/CMakeFiles/ecl_threads.dir/thread_pos.cpp.o[0m
[3.752s] [ 54%] [32mBuilding CXX object src/lib/CMakeFiles/ecl_threads.dir/thread_win.cpp.o[0m
[5.311s] [ 63%] [32m[1mLinking CXX shared library libecl_threads.so[0m
[5.783s] [ 63%] Built target ecl_threads
[5.855s] [35m[1mScanning dependencies of target ecl_demo_mutex[0m
[5.870s] [35m[1mScanning dependencies of target ecl_demo_thread[0m
[5.912s] [ 72%] [32mBuilding CXX object src/examples/CMakeFiles/ecl_demo_thread.dir/thread.cpp.o[0m
[5.938s] [ 81%] [32mBuilding CXX object src/examples/CMakeFiles/ecl_demo_mutex.dir/mutex.cpp.o[0m
[7.540s] [ 90%] [32m[1mLinking CXX executable demo_mutex[0m
[7.767s] [ 90%] Built target ecl_demo_mutex
[7.957s] [100%] [32m[1mLinking CXX executable demo_thread[0m
[8.393s] [100%] Built target ecl_demo_thread
[8.422s] Invoked command in '/home/lfvmu/kobuki/build/ecl_threads' returned '0': AMENT_PREFIX_PATH=/home/lfvmu/kobuki/install CMAKE_PREFIX_PATH=/home/lfvmu/kobuki/install LD_LIBRARY_PATH=/home/lfvmu/kobuki/install/lib PATH=/home/lfvmu/kobuki/install/bin:${PATH} PYTHONPATH=/home/lfvmu/kobuki/install/lib/python3.8/site-packages /usr/bin/cmake --build /home/lfvmu/kobuki/build/ecl_threads -- -j4 -l4
[8.481s] Invoking command in '/home/lfvmu/kobuki/build/ecl_threads': AMENT_PREFIX_PATH=/home/lfvmu/kobuki/install CMAKE_PREFIX_PATH=/home/lfvmu/kobuki/install LD_LIBRARY_PATH=/home/lfvmu/kobuki/install/lib PATH=/home/lfvmu/kobuki/install/bin:${PATH} PYTHONPATH=/home/lfvmu/kobuki/install/lib/python3.8/site-packages /usr/bin/cmake --install /home/lfvmu/kobuki/build/ecl_threads
[8.514s] -- Install configuration: ""
[8.515s] -- Installing: /home/lfvmu/kobuki/install/share/ecl_threads/environment/library_path.sh
[8.515s] -- Installing: /home/lfvmu/kobuki/install/share/ecl_threads/environment/library_path.dsv
[8.516s] -- Installing: /home/lfvmu/kobuki/install/share/ament_index/resource_index/package_run_dependencies/ecl_threads
[8.516s] -- Installing: /home/lfvmu/kobuki/install/share/ament_index/resource_index/parent_prefix_path/ecl_threads
[8.517s] -- Installing: /home/lfvmu/kobuki/install/share/ecl_threads/environment/ament_prefix_path.sh
[8.518s] -- Installing: /home/lfvmu/kobuki/install/share/ecl_threads/environment/ament_prefix_path.dsv
[8.518s] -- Installing: /home/lfvmu/kobuki/install/share/ecl_threads/environment/path.sh
[8.519s] -- Installing: /home/lfvmu/kobuki/install/share/ecl_threads/environment/path.dsv
[8.520s] -- Installing: /home/lfvmu/kobuki/install/share/ecl_threads/local_setup.bash
[8.521s] -- Installing: /home/lfvmu/kobuki/install/share/ecl_threads/local_setup.sh
[8.522s] -- Installing: /home/lfvmu/kobuki/install/share/ecl_threads/local_setup.zsh
[8.522s] -- Installing: /home/lfvmu/kobuki/install/share/ecl_threads/local_setup.dsv
[8.523s] -- Installing: /home/lfvmu/kobuki/install/share/ecl_threads/package.dsv
[8.524s] -- Installing: /home/lfvmu/kobuki/install/share/ament_index/resource_index/packages/ecl_threads
[8.524s] -- Installing: /home/lfvmu/kobuki/install/share/ecl_threads/cmake/ecl_threadsExport.cmake
[8.525s] -- Installing: /home/lfvmu/kobuki/install/share/ecl_threads/cmake/ecl_threadsExport-noconfig.cmake
[8.526s] -- Installing: /home/lfvmu/kobuki/install/share/ecl_threads/cmake/ecl_threads-extras.cmake
[8.526s] -- Installing: /home/lfvmu/kobuki/install/share/ecl_threads/cmake/ament_cmake_export_targets-extras.cmake
[8.527s] -- Installing: /home/lfvmu/kobuki/install/share/ecl_threads/cmake/ament_cmake_export_include_directories-extras.cmake
[8.528s] -- Installing: /home/lfvmu/kobuki/install/share/ecl_threads/cmake/ament_cmake_export_libraries-extras.cmake
[8.528s] -- Installing: /home/lfvmu/kobuki/install/share/ecl_threads/cmake/ament_cmake_export_dependencies-extras.cmake
[8.529s] -- Installing: /home/lfvmu/kobuki/install/share/ecl_threads/cmake/ecl_threadsConfig.cmake
[8.529s] -- Installing: /home/lfvmu/kobuki/install/share/ecl_threads/cmake/ecl_threadsConfig-version.cmake
[8.530s] -- Installing: /home/lfvmu/kobuki/install/share/ecl_threads/package.xml
[8.531s] -- Installing: /home/lfvmu/kobuki/install/include/ecl/threads.hpp
[8.532s] -- Installing: /home/lfvmu/kobuki/install/include/ecl/threads/macros.hpp
[8.533s] -- Installing: /home/lfvmu/kobuki/install/include/ecl/threads/mutex.hpp
[8.534s] -- Installing: /home/lfvmu/kobuki/install/include/ecl/threads/mutex_pos.hpp
[8.534s] -- Installing: /home/lfvmu/kobuki/install/include/ecl/threads/mutex_w32.hpp
[8.535s] -- Installing: /home/lfvmu/kobuki/install/include/ecl/threads/priority.hpp
[8.535s] -- Installing: /home/lfvmu/kobuki/install/include/ecl/threads/priority_common.hpp
[8.536s] -- Installing: /home/lfvmu/kobuki/install/include/ecl/threads/priority_pos.hpp
[8.537s] -- Installing: /home/lfvmu/kobuki/install/include/ecl/threads/priority_win.hpp
[8.537s] -- Installing: /home/lfvmu/kobuki/install/include/ecl/threads/thread.hpp
[8.538s] -- Installing: /home/lfvmu/kobuki/install/include/ecl/threads/thread_exceptions_pos.hpp
[8.538s] -- Installing: /home/lfvmu/kobuki/install/include/ecl/threads/thread_pos.hpp
[8.539s] -- Installing: /home/lfvmu/kobuki/install/include/ecl/threads/thread_win.hpp
[8.539s] -- Installing: /home/lfvmu/kobuki/install/include/ecl/threads/threadable.hpp
[8.541s] -- Installing: /home/lfvmu/kobuki/install/lib/libecl_threads.so.1.2.1
[8.542s] -- Set runtime path of "/home/lfvmu/kobuki/install/lib/libecl_threads.so.1.2.1" to ""
[8.543s] -- Installing: /home/lfvmu/kobuki/install/lib/libecl_threads.so
[8.544s] -- Installing: /home/lfvmu/kobuki/install/lib/ecl_threads/demo_thread
[8.545s] -- Set runtime path of "/home/lfvmu/kobuki/install/lib/ecl_threads/demo_thread" to ""
[8.546s] -- Installing: /home/lfvmu/kobuki/install/lib/ecl_threads/demo_mutex
[8.547s] -- Set runtime path of "/home/lfvmu/kobuki/install/lib/ecl_threads/demo_mutex" to ""
[8.553s] Invoked command in '/home/lfvmu/kobuki/build/ecl_threads' returned '0': AMENT_PREFIX_PATH=/home/lfvmu/kobuki/install CMAKE_PREFIX_PATH=/home/lfvmu/kobuki/install LD_LIBRARY_PATH=/home/lfvmu/kobuki/install/lib PATH=/home/lfvmu/kobuki/install/bin:${PATH} PYTHONPATH=/home/lfvmu/kobuki/install/lib/python3.8/site-packages /usr/bin/cmake --install /home/lfvmu/kobuki/build/ecl_threads
