[0.452s] Invoking command in '/home/lfvmu/kobuki/build/ecl_math': /usr/bin/cmake /home/lfvmu/kobuki/src/ecl_core/ecl_math -DBUILD_TESTING=OFF -DCMAKE_INSTALL_PREFIX=/home/lfvmu/kobuki/install
[0.481s] Re-run cmake no build system arguments
[0.514s] -- Found ament_cmake_ros: 0.9.2 (/home/lfvmu/kobuki/install/share/ament_cmake_ros/cmake)
[0.558s] -- Using PYTHON_EXECUTABLE: /usr/bin/python3
[0.934s] -- Found ecl_build: 1.0.3 (/home/lfvmu/kobuki/install/share/ecl_build/cmake)
[0.973s] -- Found ecl_type_traits: 1.2.1 (/home/lfvmu/kobuki/install/share/ecl_type_traits/cmake)
[1.152s] -- Configuring done
[1.180s] -- Generating done
[1.192s] -- Build files have been written to: /home/lfvmu/kobuki/build/ecl_math
[1.421s] Invoked command in '/home/lfvmu/kobuki/build/ecl_math' returned '0': /usr/bin/cmake /home/lfvmu/kobuki/src/ecl_core/ecl_math -DBUILD_TESTING=OFF -DCMAKE_INSTALL_PREFIX=/home/lfvmu/kobuki/install
[1.427s] Invoking command in '/home/lfvmu/kobuki/build/ecl_math': /usr/bin/cmake --build /home/lfvmu/kobuki/build/ecl_math -- -j4 -l4
[1.514s] /usr/bin/cmake -S/home/lfvmu/kobuki/src/ecl_core/ecl_math -B/home/lfvmu/kobuki/build/ecl_math --check-build-system CMakeFiles/Makefile.cmake 0
[1.546s] /usr/bin/cmake -E cmake_progress_start /home/lfvmu/kobuki/build/ecl_math/CMakeFiles /home/lfvmu/kobuki/build/ecl_math/CMakeFiles/progress.marks
[1.565s] /usr/bin/make -f CMakeFiles/Makefile2 all
[1.572s] make[1]: Entering directory '/home/lfvmu/kobuki/build/ecl_math'
[1.572s] make[1]: Nothing to be done for 'all'.
[1.573s] make[1]: Leaving directory '/home/lfvmu/kobuki/build/ecl_math'
[1.574s] /usr/bin/cmake -E cmake_progress_start /home/lfvmu/kobuki/build/ecl_math/CMakeFiles 0
[1.759s] Invoked command in '/home/lfvmu/kobuki/build/ecl_math' returned '0': /usr/bin/cmake --build /home/lfvmu/kobuki/build/ecl_math -- -j4 -l4
[1.855s] Invoking command in '/home/lfvmu/kobuki/build/ecl_math': /usr/bin/cmake --install /home/lfvmu/kobuki/build/ecl_math
[1.880s] -- Install configuration: "RelWithDebInfo"
[1.887s] -- Up-to-date: /home/lfvmu/kobuki/install/share/ament_index/resource_index/package_run_dependencies/ecl_math
[1.893s] -- Up-to-date: /home/lfvmu/kobuki/install/share/ament_index/resource_index/parent_prefix_path/ecl_math
[1.904s] -- Up-to-date: /home/lfvmu/kobuki/install/share/ecl_math/environment/ament_prefix_path.sh
[1.914s] -- Installing: /home/lfvmu/kobuki/install/share/ecl_math/environment/ament_prefix_path.dsv
[1.915s] -- Up-to-date: /home/lfvmu/kobuki/install/share/ecl_math/environment/path.sh
[1.915s] -- Installing: /home/lfvmu/kobuki/install/share/ecl_math/environment/path.dsv
[1.915s] -- Up-to-date: /home/lfvmu/kobuki/install/share/ecl_math/local_setup.bash
[1.916s] -- Up-to-date: /home/lfvmu/kobuki/install/share/ecl_math/local_setup.sh
[1.916s] -- Up-to-date: /home/lfvmu/kobuki/install/share/ecl_math/local_setup.zsh
[1.916s] -- Installing: /home/lfvmu/kobuki/install/share/ecl_math/local_setup.dsv
[1.916s] -- Installing: /home/lfvmu/kobuki/install/share/ecl_math/package.dsv
[1.917s] -- Up-to-date: /home/lfvmu/kobuki/install/share/ament_index/resource_index/packages/ecl_math
[1.917s] -- Up-to-date: /home/lfvmu/kobuki/install/share/ecl_math/cmake/ecl_mathExport.cmake
[1.918s] -- Up-to-date: /home/lfvmu/kobuki/install/share/ecl_math/cmake/ament_cmake_export_targets-extras.cmake
[1.918s] -- Up-to-date: /home/lfvmu/kobuki/install/share/ecl_math/cmake/ament_cmake_export_include_directories-extras.cmake
[1.919s] -- Up-to-date: /home/lfvmu/kobuki/install/share/ecl_math/cmake/ament_cmake_export_dependencies-extras.cmake
[1.921s] -- Up-to-date: /home/lfvmu/kobuki/install/share/ecl_math/cmake/ecl_mathConfig.cmake
[1.922s] -- Up-to-date: /home/lfvmu/kobuki/install/share/ecl_math/cmake/ecl_mathConfig-version.cmake
[1.922s] -- Up-to-date: /home/lfvmu/kobuki/install/share/ecl_math/package.xml
[1.922s] -- Up-to-date: /home/lfvmu/kobuki/install/include/ecl/math.hpp
[1.923s] -- Up-to-date: /home/lfvmu/kobuki/install/include/ecl/math/constants.hpp
[1.924s] -- Up-to-date: /home/lfvmu/kobuki/install/include/ecl/math/fuzzy.hpp
[1.924s] -- Up-to-date: /home/lfvmu/kobuki/install/include/ecl/math/norms.hpp
[1.924s] -- Up-to-date: /home/lfvmu/kobuki/install/include/ecl/math/simple.hpp
[2.137s] Invoked command in '/home/lfvmu/kobuki/build/ecl_math' returned '0': /usr/bin/cmake --install /home/lfvmu/kobuki/build/ecl_math
