[0.449s] Invoking command in '/home/lfvmu/kobuki/build/ecl_license': /usr/bin/cmake /home/lfvmu/kobuki/src/ecl_tools/ecl_license -DBUILD_TESTING=OFF -DCMAKE_INSTALL_PREFIX=/home/lfvmu/kobuki/install
[0.477s] Re-run cmake no build system arguments
[0.502s] -- Found ament_cmake: 0.9.11 (/home/lfvmu/kobuki/install/share/ament_cmake/cmake)
[0.547s] -- Using PYTHON_EXECUTABLE: /usr/bin/python3
[1.030s] -- Configuring done
[1.030s] -- Generating done
[1.031s] -- Build files have been written to: /home/lfvmu/kobuki/build/ecl_license
[1.310s] Invoked command in '/home/lfvmu/kobuki/build/ecl_license' returned '0': /usr/bin/cmake /home/lfvmu/kobuki/src/ecl_tools/ecl_license -DBUILD_TESTING=OFF -DCMAKE_INSTALL_PREFIX=/home/lfvmu/kobuki/install
[1.316s] Invoking command in '/home/lfvmu/kobuki/build/ecl_license': /usr/bin/cmake --build /home/lfvmu/kobuki/build/ecl_license -- -j4 -l4
[1.362s] /usr/bin/cmake -S/home/lfvmu/kobuki/src/ecl_tools/ecl_license -B/home/lfvmu/kobuki/build/ecl_license --check-build-system CMakeFiles/Makefile.cmake 0
[1.392s] /usr/bin/cmake -E cmake_progress_start /home/lfvmu/kobuki/build/ecl_license/CMakeFiles /home/lfvmu/kobuki/build/ecl_license/CMakeFiles/progress.marks
[1.411s] /usr/bin/make -f CMakeFiles/Makefile2 all
[1.412s] make[1]: Entering directory '/home/lfvmu/kobuki/build/ecl_license'
[1.412s] make[1]: Nothing to be done for 'all'.
[1.413s] make[1]: Leaving directory '/home/lfvmu/kobuki/build/ecl_license'
[1.413s] /usr/bin/cmake -E cmake_progress_start /home/lfvmu/kobuki/build/ecl_license/CMakeFiles 0
[1.554s] Invoked command in '/home/lfvmu/kobuki/build/ecl_license' returned '0': /usr/bin/cmake --build /home/lfvmu/kobuki/build/ecl_license -- -j4 -l4
[1.817s] Invoking command in '/home/lfvmu/kobuki/build/ecl_license': /usr/bin/cmake --install /home/lfvmu/kobuki/build/ecl_license
[1.845s] -- Install configuration: "RelWithDebInfo"
[1.847s] -- Up-to-date: /home/lfvmu/kobuki/install/share/licenses
[1.848s] -- Up-to-date: /home/lfvmu/kobuki/install/share/licenses/COPYING
[1.848s] -- Up-to-date: /home/lfvmu/kobuki/install/share/licenses/AUTHORS
[1.848s] -- Up-to-date: /home/lfvmu/kobuki/install/share/licenses/COPYING-PLAIN
[1.848s] -- Up-to-date: /home/lfvmu/kobuki/install/share/ecl_license/environment/library_path.sh
[1.848s] -- Installing: /home/lfvmu/kobuki/install/share/ecl_license/environment/library_path.dsv
[1.849s] -- Up-to-date: /home/lfvmu/kobuki/install/share/ament_index/resource_index/package_run_dependencies/ecl_license
[1.849s] -- Up-to-date: /home/lfvmu/kobuki/install/share/ament_index/resource_index/parent_prefix_path/ecl_license
[1.849s] -- Up-to-date: /home/lfvmu/kobuki/install/share/ecl_license/environment/ament_prefix_path.sh
[1.850s] -- Installing: /home/lfvmu/kobuki/install/share/ecl_license/environment/ament_prefix_path.dsv
[1.850s] -- Up-to-date: /home/lfvmu/kobuki/install/share/ecl_license/environment/path.sh
[1.850s] -- Installing: /home/lfvmu/kobuki/install/share/ecl_license/environment/path.dsv
[1.850s] -- Up-to-date: /home/lfvmu/kobuki/install/share/ecl_license/local_setup.bash
[1.851s] -- Up-to-date: /home/lfvmu/kobuki/install/share/ecl_license/local_setup.sh
[1.851s] -- Up-to-date: /home/lfvmu/kobuki/install/share/ecl_license/local_setup.zsh
[1.852s] -- Installing: /home/lfvmu/kobuki/install/share/ecl_license/local_setup.dsv
[1.853s] -- Installing: /home/lfvmu/kobuki/install/share/ecl_license/package.dsv
[1.854s] -- Up-to-date: /home/lfvmu/kobuki/install/share/ament_index/resource_index/packages/ecl_license
[1.856s] -- Up-to-date: /home/lfvmu/kobuki/install/share/ecl_license/cmake/ament_cmake_export_libraries-extras.cmake
[1.858s] -- Up-to-date: /home/lfvmu/kobuki/install/share/ecl_license/cmake/ecl_licenseConfig.cmake
[1.858s] -- Up-to-date: /home/lfvmu/kobuki/install/share/ecl_license/cmake/ecl_licenseConfig-version.cmake
[1.858s] -- Up-to-date: /home/lfvmu/kobuki/install/share/ecl_license/package.xml
[2.327s] Invoked command in '/home/lfvmu/kobuki/build/ecl_license' returned '0': /usr/bin/cmake --install /home/lfvmu/kobuki/build/ecl_license
