[0.101s] Invoking command in '/home/lfvmu/kobuki/build/ament_cmake_export_targets': /usr/bin/cmake /home/lfvmu/kobuki/src/ament_cmake/ament_cmake_export_targets -DBUILD_TESTING=OFF -DCMAKE_INSTALL_PREFIX=/home/lfvmu/kobuki/install
[0.158s] -- Found ament_cmake_core: 0.9.11 (/home/lfvmu/kobuki/install/share/ament_cmake_core/cmake)
[0.188s] -- Using PYTHON_EXECUTABLE: /usr/bin/python3
[0.662s] -- Configuring done
[0.670s] -- Generating done
[0.674s] -- Build files have been written to: /home/lfvmu/kobuki/build/ament_cmake_export_targets
[0.678s] Invoked command in '/home/lfvmu/kobuki/build/ament_cmake_export_targets' returned '0': /usr/bin/cmake /home/lfvmu/kobuki/src/ament_cmake/ament_cmake_export_targets -DBUILD_TESTING=OFF -DCMAKE_INSTALL_PREFIX=/home/lfvmu/kobuki/install
[0.685s] Invoking command in '/home/lfvmu/kobuki/build/ament_cmake_export_targets': /usr/bin/cmake --build /home/lfvmu/kobuki/build/ament_cmake_export_targets -- -j4 -l4
[0.785s] Invoked command in '/home/lfvmu/kobuki/build/ament_cmake_export_targets' returned '0': /usr/bin/cmake --build /home/lfvmu/kobuki/build/ament_cmake_export_targets -- -j4 -l4
[0.836s] Invoking command in '/home/lfvmu/kobuki/build/ament_cmake_export_targets': /usr/bin/cmake --install /home/lfvmu/kobuki/build/ament_cmake_export_targets
[0.856s] -- Install configuration: "RelWithDebInfo"
[0.857s] -- Up-to-date: /home/lfvmu/kobuki/install/share/ament_index/resource_index/package_run_dependencies/ament_cmake_export_targets
[0.857s] -- Up-to-date: /home/lfvmu/kobuki/install/share/ament_index/resource_index/parent_prefix_path/ament_cmake_export_targets
[0.857s] -- Up-to-date: /home/lfvmu/kobuki/install/share/ament_cmake_export_targets/environment/ament_prefix_path.sh
[0.858s] -- Installing: /home/lfvmu/kobuki/install/share/ament_cmake_export_targets/environment/ament_prefix_path.dsv
[0.858s] -- Up-to-date: /home/lfvmu/kobuki/install/share/ament_cmake_export_targets/environment/path.sh
[0.858s] -- Installing: /home/lfvmu/kobuki/install/share/ament_cmake_export_targets/environment/path.dsv
[0.858s] -- Up-to-date: /home/lfvmu/kobuki/install/share/ament_cmake_export_targets/local_setup.bash
[0.859s] -- Up-to-date: /home/lfvmu/kobuki/install/share/ament_cmake_export_targets/local_setup.sh
[0.859s] -- Up-to-date: /home/lfvmu/kobuki/install/share/ament_cmake_export_targets/local_setup.zsh
[0.859s] -- Installing: /home/lfvmu/kobuki/install/share/ament_cmake_export_targets/local_setup.dsv
[0.861s] -- Installing: /home/lfvmu/kobuki/install/share/ament_cmake_export_targets/package.dsv
[0.861s] -- Up-to-date: /home/lfvmu/kobuki/install/share/ament_index/resource_index/packages/ament_cmake_export_targets
[0.861s] -- Up-to-date: /home/lfvmu/kobuki/install/share/ament_cmake_export_targets/cmake/ament_cmake_export_targets-extras.cmake
[0.862s] -- Up-to-date: /home/lfvmu/kobuki/install/share/ament_cmake_export_targets/cmake/ament_cmake_export_targetsConfig.cmake
[0.862s] -- Up-to-date: /home/lfvmu/kobuki/install/share/ament_cmake_export_targets/cmake/ament_cmake_export_targetsConfig-version.cmake
[0.862s] -- Up-to-date: /home/lfvmu/kobuki/install/share/ament_cmake_export_targets/package.xml
[0.862s] -- Up-to-date: /home/lfvmu/kobuki/install/share/ament_cmake_export_targets/cmake
[0.862s] -- Up-to-date: /home/lfvmu/kobuki/install/share/ament_cmake_export_targets/cmake/ament_export_targets.cmake
[0.862s] -- Up-to-date: /home/lfvmu/kobuki/install/share/ament_cmake_export_targets/cmake/ament_cmake_export_targets-extras.cmake.in
[0.863s] -- Up-to-date: /home/lfvmu/kobuki/install/share/ament_cmake_export_targets/cmake/ament_cmake_export_targets_package_hook.cmake
[0.878s] Invoked command in '/home/lfvmu/kobuki/build/ament_cmake_export_targets' returned '0': /usr/bin/cmake --install /home/lfvmu/kobuki/build/ament_cmake_export_targets
