[2.295s] Invoking command in '/home/lfvmu/kobuki/src/ament_lint/ament_pycodestyle': PYTHONPATH=/home/lfvmu/kobuki/build/ament_pycodestyle/prefix_override:/home/lfvmu/kobuki/install/lib/python3.8/site-packages:${PYTHONPATH} /usr/bin/python3 setup.py egg_info --egg-base ../../../build/ament_pycodestyle build --build-base /home/lfvmu/kobuki/build/ament_pycodestyle/build install --record /home/lfvmu/kobuki/build/ament_pycodestyle/install.log --single-version-externally-managed
[2.798s] running egg_info
[2.799s] writing ../../../build/ament_pycodestyle/ament_pycodestyle.egg-info/PKG-INFO
[2.799s] writing dependency_links to ../../../build/ament_pycodestyle/ament_pycodestyle.egg-info/dependency_links.txt
[2.800s] writing entry points to ../../../build/ament_pycodestyle/ament_pycodestyle.egg-info/entry_points.txt
[2.800s] writing requirements to ../../../build/ament_pycodestyle/ament_pycodestyle.egg-info/requires.txt
[2.801s] writing top-level names to ../../../build/ament_pycodestyle/ament_pycodestyle.egg-info/top_level.txt
[2.906s] reading manifest file '../../../build/ament_pycodestyle/ament_pycodestyle.egg-info/SOURCES.txt'
[2.909s] writing manifest file '../../../build/ament_pycodestyle/ament_pycodestyle.egg-info/SOURCES.txt'
[2.910s] running build
[2.910s] running build_py
[2.911s] running install
[2.912s] running install_lib
[2.932s] running install_data
[2.932s] running install_egg_info
[2.932s] removing '/home/lfvmu/kobuki/install/lib/python3.8/site-packages/ament_pycodestyle-0.9.7-py3.8.egg-info' (and everything under it)
[2.933s] Copying ../../../build/ament_pycodestyle/ament_pycodestyle.egg-info to /home/lfvmu/kobuki/install/lib/python3.8/site-packages/ament_pycodestyle-0.9.7-py3.8.egg-info
[2.933s] running install_scripts
[2.968s] Installing ament_pycodestyle script to /home/lfvmu/kobuki/install/bin
[2.968s] writing list of installed files to '/home/lfvmu/kobuki/build/ament_pycodestyle/install.log'
[3.214s] Invoked command in '/home/lfvmu/kobuki/src/ament_lint/ament_pycodestyle' returned '0': PYTHONPATH=/home/lfvmu/kobuki/build/ament_pycodestyle/prefix_override:/home/lfvmu/kobuki/install/lib/python3.8/site-packages:${PYTHONPATH} /usr/bin/python3 setup.py egg_info --egg-base ../../../build/ament_pycodestyle build --build-base /home/lfvmu/kobuki/build/ament_pycodestyle/build install --record /home/lfvmu/kobuki/build/ament_pycodestyle/install.log --single-version-externally-managed
