[1.710s] Invoking command in '/home/lfvmu/kobuki/src/ament_lint/ament_pep257': PYTHONPATH=/home/lfvmu/kobuki/build/ament_pep257/prefix_override:/home/lfvmu/kobuki/install/lib/python3.8/site-packages:${PYTHONPATH} /usr/bin/python3 setup.py egg_info --egg-base ../../../build/ament_pep257 build --build-base /home/lfvmu/kobuki/build/ament_pep257/build install --record /home/lfvmu/kobuki/build/ament_pep257/install.log --single-version-externally-managed
[2.161s] running egg_info
[2.162s] writing ../../../build/ament_pep257/ament_pep257.egg-info/PKG-INFO
[2.162s] writing dependency_links to ../../../build/ament_pep257/ament_pep257.egg-info/dependency_links.txt
[2.162s] writing entry points to ../../../build/ament_pep257/ament_pep257.egg-info/entry_points.txt
[2.163s] writing requirements to ../../../build/ament_pep257/ament_pep257.egg-info/requires.txt
[2.163s] writing top-level names to ../../../build/ament_pep257/ament_pep257.egg-info/top_level.txt
[2.292s] reading manifest file '../../../build/ament_pep257/ament_pep257.egg-info/SOURCES.txt'
[2.292s] writing manifest file '../../../build/ament_pep257/ament_pep257.egg-info/SOURCES.txt'
[2.293s] running build
[2.294s] running build_py
[2.294s] running install
[2.294s] running install_lib
[2.302s] running install_data
[2.303s] running install_egg_info
[2.311s] removing '/home/lfvmu/kobuki/install/lib/python3.8/site-packages/ament_pep257-0.9.7-py3.8.egg-info' (and everything under it)
[2.311s] Copying ../../../build/ament_pep257/ament_pep257.egg-info to /home/lfvmu/kobuki/install/lib/python3.8/site-packages/ament_pep257-0.9.7-py3.8.egg-info
[2.312s] running install_scripts
[2.356s] Installing ament_pep257 script to /home/lfvmu/kobuki/install/bin
[2.357s] writing list of installed files to '/home/lfvmu/kobuki/build/ament_pep257/install.log'
[2.419s] Invoked command in '/home/lfvmu/kobuki/src/ament_lint/ament_pep257' returned '0': PYTHONPATH=/home/lfvmu/kobuki/build/ament_pep257/prefix_override:/home/lfvmu/kobuki/install/lib/python3.8/site-packages:${PYTHONPATH} /usr/bin/python3 setup.py egg_info --egg-base ../../../build/ament_pep257 build --build-base /home/lfvmu/kobuki/build/ament_pep257/build install --record /home/lfvmu/kobuki/build/ament_pep257/install.log --single-version-externally-managed
