[0.090s] Invoking command in '/home/lfvmu/kobuki/build/ament_cmake_cppcheck': /usr/bin/cmake /home/lfvmu/kobuki/src/ament_lint/ament_cmake_cppcheck -DBUILD_TESTING=OFF -DCMAKE_INSTALL_PREFIX=/home/lfvmu/kobuki/install
[0.131s] -- Found ament_cmake_core: 0.9.11 (/home/lfvmu/kobuki/install/share/ament_cmake_core/cmake)
[0.176s] -- Using PYTHON_EXECUTABLE: /usr/bin/python3
[0.522s] -- Found ament_cmake_test: 0.9.11 (/home/lfvmu/kobuki/install/share/ament_cmake_test/cmake)
[0.676s] -- Configuring done
[0.676s] -- Generating done
[0.679s] -- Build files have been written to: /home/lfvmu/kobuki/build/ament_cmake_cppcheck
[0.806s] Invoked command in '/home/lfvmu/kobuki/build/ament_cmake_cppcheck' returned '0': /usr/bin/cmake /home/lfvmu/kobuki/src/ament_lint/ament_cmake_cppcheck -DBUILD_TESTING=OFF -DCMAKE_INSTALL_PREFIX=/home/lfvmu/kobuki/install
[0.813s] Invoking command in '/home/lfvmu/kobuki/build/ament_cmake_cppcheck': /usr/bin/cmake --build /home/lfvmu/kobuki/build/ament_cmake_cppcheck -- -j4 -l4
[1.241s] Invoked command in '/home/lfvmu/kobuki/build/ament_cmake_cppcheck' returned '0': /usr/bin/cmake --build /home/lfvmu/kobuki/build/ament_cmake_cppcheck -- -j4 -l4
[1.317s] Invoking command in '/home/lfvmu/kobuki/build/ament_cmake_cppcheck': /usr/bin/cmake --install /home/lfvmu/kobuki/build/ament_cmake_cppcheck
[1.347s] -- Install configuration: "RelWithDebInfo"
[1.347s] -- Up-to-date: /home/lfvmu/kobuki/install/share/ament_index/resource_index/package_run_dependencies/ament_cmake_cppcheck
[1.348s] -- Up-to-date: /home/lfvmu/kobuki/install/share/ament_index/resource_index/parent_prefix_path/ament_cmake_cppcheck
[1.348s] -- Up-to-date: /home/lfvmu/kobuki/install/share/ament_cmake_cppcheck/environment/ament_prefix_path.sh
[1.348s] -- Installing: /home/lfvmu/kobuki/install/share/ament_cmake_cppcheck/environment/ament_prefix_path.dsv
[1.348s] -- Up-to-date: /home/lfvmu/kobuki/install/share/ament_cmake_cppcheck/environment/path.sh
[1.349s] -- Installing: /home/lfvmu/kobuki/install/share/ament_cmake_cppcheck/environment/path.dsv
[1.349s] -- Up-to-date: /home/lfvmu/kobuki/install/share/ament_cmake_cppcheck/local_setup.bash
[1.349s] -- Up-to-date: /home/lfvmu/kobuki/install/share/ament_cmake_cppcheck/local_setup.sh
[1.349s] -- Up-to-date: /home/lfvmu/kobuki/install/share/ament_cmake_cppcheck/local_setup.zsh
[1.349s] -- Installing: /home/lfvmu/kobuki/install/share/ament_cmake_cppcheck/local_setup.dsv
[1.350s] -- Installing: /home/lfvmu/kobuki/install/share/ament_cmake_cppcheck/package.dsv
[1.350s] -- Up-to-date: /home/lfvmu/kobuki/install/share/ament_index/resource_index/packages/ament_cmake_cppcheck
[1.350s] -- Up-to-date: /home/lfvmu/kobuki/install/share/ament_cmake_cppcheck/cmake/ament_cmake_cppcheck-extras.cmake
[1.351s] -- Up-to-date: /home/lfvmu/kobuki/install/share/ament_cmake_cppcheck/cmake/ament_cmake_cppcheckConfig.cmake
[1.351s] -- Up-to-date: /home/lfvmu/kobuki/install/share/ament_cmake_cppcheck/cmake/ament_cmake_cppcheckConfig-version.cmake
[1.351s] -- Up-to-date: /home/lfvmu/kobuki/install/share/ament_cmake_cppcheck/package.xml
[1.351s] -- Up-to-date: /home/lfvmu/kobuki/install/share/ament_cmake_cppcheck/cmake
[1.351s] -- Up-to-date: /home/lfvmu/kobuki/install/share/ament_cmake_cppcheck/cmake/ament_cmake_cppcheck_lint_hook.cmake
[1.352s] -- Up-to-date: /home/lfvmu/kobuki/install/share/ament_cmake_cppcheck/cmake/ament_cppcheck.cmake
[1.371s] Invoked command in '/home/lfvmu/kobuki/build/ament_cmake_cppcheck' returned '0': /usr/bin/cmake --install /home/lfvmu/kobuki/build/ament_cmake_cppcheck
