[0.209s] Invoking command in '/home/lfvmu/kobuki/build/ament_cmake_export_libraries': AMENT_PREFIX_PATH=/home/lfvmu/kobuki/install CMAKE_PREFIX_PATH=/home/lfvmu/kobuki/install PATH=/home/lfvmu/kobuki/install/bin:${PATH} PYTHONPATH=/home/lfvmu/kobuki/install/lib/python3.8/site-packages /usr/bin/cmake /home/lfvmu/kobuki/src/ament_cmake/ament_cmake_export_libraries -DBUILD_TESTING=OFF -DCMAKE_INSTALL_PREFIX=/home/lfvmu/kobuki/install
[0.247s] -- Found ament_cmake_core: 0.9.11 (/home/lfvmu/kobuki/install/share/ament_cmake_core/cmake)
[0.323s] -- Found PythonInterp: /usr/bin/python3 (found suitable version "3.8.10", minimum required is "3") 
[0.324s] -- Using PYTHON_EXECUTABLE: /usr/bin/python3
[0.794s] -- Configuring done
[0.799s] -- Generating done
[0.801s] -- Build files have been written to: /home/lfvmu/kobuki/build/ament_cmake_export_libraries
[0.810s] Invoked command in '/home/lfvmu/kobuki/build/ament_cmake_export_libraries' returned '0': AMENT_PREFIX_PATH=/home/lfvmu/kobuki/install CMAKE_PREFIX_PATH=/home/lfvmu/kobuki/install PATH=/home/lfvmu/kobuki/install/bin:${PATH} PYTHONPATH=/home/lfvmu/kobuki/install/lib/python3.8/site-packages /usr/bin/cmake /home/lfvmu/kobuki/src/ament_cmake/ament_cmake_export_libraries -DBUILD_TESTING=OFF -DCMAKE_INSTALL_PREFIX=/home/lfvmu/kobuki/install
[0.811s] Invoking command in '/home/lfvmu/kobuki/build/ament_cmake_export_libraries': AMENT_PREFIX_PATH=/home/lfvmu/kobuki/install CMAKE_PREFIX_PATH=/home/lfvmu/kobuki/install PATH=/home/lfvmu/kobuki/install/bin:${PATH} PYTHONPATH=/home/lfvmu/kobuki/install/lib/python3.8/site-packages /usr/bin/cmake --build /home/lfvmu/kobuki/build/ament_cmake_export_libraries -- -j4 -l4
[0.896s] Invoked command in '/home/lfvmu/kobuki/build/ament_cmake_export_libraries' returned '0': AMENT_PREFIX_PATH=/home/lfvmu/kobuki/install CMAKE_PREFIX_PATH=/home/lfvmu/kobuki/install PATH=/home/lfvmu/kobuki/install/bin:${PATH} PYTHONPATH=/home/lfvmu/kobuki/install/lib/python3.8/site-packages /usr/bin/cmake --build /home/lfvmu/kobuki/build/ament_cmake_export_libraries -- -j4 -l4
[0.961s] Invoking command in '/home/lfvmu/kobuki/build/ament_cmake_export_libraries': AMENT_PREFIX_PATH=/home/lfvmu/kobuki/install CMAKE_PREFIX_PATH=/home/lfvmu/kobuki/install PATH=/home/lfvmu/kobuki/install/bin:${PATH} PYTHONPATH=/home/lfvmu/kobuki/install/lib/python3.8/site-packages /usr/bin/cmake --install /home/lfvmu/kobuki/build/ament_cmake_export_libraries
[0.981s] -- Install configuration: ""
[0.981s] -- Installing: /home/lfvmu/kobuki/install/share/ament_index/resource_index/package_run_dependencies/ament_cmake_export_libraries
[0.982s] -- Installing: /home/lfvmu/kobuki/install/share/ament_index/resource_index/parent_prefix_path/ament_cmake_export_libraries
[0.983s] -- Installing: /home/lfvmu/kobuki/install/share/ament_cmake_export_libraries/environment/ament_prefix_path.sh
[0.983s] -- Installing: /home/lfvmu/kobuki/install/share/ament_cmake_export_libraries/environment/ament_prefix_path.dsv
[0.984s] -- Installing: /home/lfvmu/kobuki/install/share/ament_cmake_export_libraries/environment/path.sh
[0.984s] -- Installing: /home/lfvmu/kobuki/install/share/ament_cmake_export_libraries/environment/path.dsv
[0.985s] -- Installing: /home/lfvmu/kobuki/install/share/ament_cmake_export_libraries/local_setup.bash
[0.985s] -- Installing: /home/lfvmu/kobuki/install/share/ament_cmake_export_libraries/local_setup.sh
[0.986s] -- Installing: /home/lfvmu/kobuki/install/share/ament_cmake_export_libraries/local_setup.zsh
[0.986s] -- Installing: /home/lfvmu/kobuki/install/share/ament_cmake_export_libraries/local_setup.dsv
[0.987s] -- Installing: /home/lfvmu/kobuki/install/share/ament_cmake_export_libraries/package.dsv
[0.987s] -- Installing: /home/lfvmu/kobuki/install/share/ament_index/resource_index/packages/ament_cmake_export_libraries
[0.988s] -- Installing: /home/lfvmu/kobuki/install/share/ament_cmake_export_libraries/cmake/ament_cmake_export_libraries-extras.cmake
[0.988s] -- Installing: /home/lfvmu/kobuki/install/share/ament_cmake_export_libraries/cmake/ament_cmake_export_librariesConfig.cmake
[0.988s] -- Installing: /home/lfvmu/kobuki/install/share/ament_cmake_export_libraries/cmake/ament_cmake_export_librariesConfig-version.cmake
[0.989s] -- Installing: /home/lfvmu/kobuki/install/share/ament_cmake_export_libraries/package.xml
[0.989s] -- Up-to-date: /home/lfvmu/kobuki/install/share/ament_cmake_export_libraries/cmake
[0.989s] -- Installing: /home/lfvmu/kobuki/install/share/ament_cmake_export_libraries/cmake/ament_export_libraries.cmake
[0.990s] -- Installing: /home/lfvmu/kobuki/install/share/ament_cmake_export_libraries/cmake/ament_cmake_export_libraries_package_hook.cmake
[0.990s] -- Installing: /home/lfvmu/kobuki/install/share/ament_cmake_export_libraries/cmake/ament_export_library_names.cmake
[0.990s] -- Installing: /home/lfvmu/kobuki/install/share/ament_cmake_export_libraries/cmake/ament_cmake_export_libraries-extras.cmake.in
[1.002s] Invoked command in '/home/lfvmu/kobuki/build/ament_cmake_export_libraries' returned '0': AMENT_PREFIX_PATH=/home/lfvmu/kobuki/install CMAKE_PREFIX_PATH=/home/lfvmu/kobuki/install PATH=/home/lfvmu/kobuki/install/bin:${PATH} PYTHONPATH=/home/lfvmu/kobuki/install/lib/python3.8/site-packages /usr/bin/cmake --install /home/lfvmu/kobuki/build/ament_cmake_export_libraries
