[0.324s] Invoking command in '/home/lfvmu/kobuki/build/ament_cmake_pyflakes': AMENT_PREFIX_PATH=/home/lfvmu/kobuki/install CMAKE_PREFIX_PATH=/home/lfvmu/kobuki/install LD_LIBRARY_PATH=/home/lfvmu/kobuki/install/lib PATH=/home/lfvmu/kobuki/install/bin:${PATH} PYTHONPATH=/home/lfvmu/kobuki/install/lib/python3.8/site-packages /usr/bin/cmake /home/lfvmu/kobuki/src/ament_lint/ament_cmake_pyflakes -DBUILD_TESTING=OFF -DCMAKE_INSTALL_PREFIX=/home/lfvmu/kobuki/install
[0.486s] Re-run cmake no build system arguments
[0.492s] -- Found ament_cmake_core: 0.9.11 (/home/lfvmu/kobuki/install/share/ament_cmake_core/cmake)
[0.492s] -- Using PYTHON_EXECUTABLE: /usr/bin/python3
[0.706s] -- Found ament_cmake_test: 0.9.11 (/home/lfvmu/kobuki/install/share/ament_cmake_test/cmake)
[0.848s] -- Configuring done
[0.851s] -- Generating done
[0.852s] -- Build files have been written to: /home/lfvmu/kobuki/build/ament_cmake_pyflakes
[0.919s] Invoked command in '/home/lfvmu/kobuki/build/ament_cmake_pyflakes' returned '0': AMENT_PREFIX_PATH=/home/lfvmu/kobuki/install CMAKE_PREFIX_PATH=/home/lfvmu/kobuki/install LD_LIBRARY_PATH=/home/lfvmu/kobuki/install/lib PATH=/home/lfvmu/kobuki/install/bin:${PATH} PYTHONPATH=/home/lfvmu/kobuki/install/lib/python3.8/site-packages /usr/bin/cmake /home/lfvmu/kobuki/src/ament_lint/ament_cmake_pyflakes -DBUILD_TESTING=OFF -DCMAKE_INSTALL_PREFIX=/home/lfvmu/kobuki/install
[0.927s] Invoking command in '/home/lfvmu/kobuki/build/ament_cmake_pyflakes': AMENT_PREFIX_PATH=/home/lfvmu/kobuki/install CMAKE_PREFIX_PATH=/home/lfvmu/kobuki/install LD_LIBRARY_PATH=/home/lfvmu/kobuki/install/lib PATH=/home/lfvmu/kobuki/install/bin:${PATH} PYTHONPATH=/home/lfvmu/kobuki/install/lib/python3.8/site-packages /usr/bin/cmake --build /home/lfvmu/kobuki/build/ament_cmake_pyflakes -- -j4 -l4
[1.116s] /usr/bin/cmake -S/home/lfvmu/kobuki/src/ament_lint/ament_cmake_pyflakes -B/home/lfvmu/kobuki/build/ament_cmake_pyflakes --check-build-system CMakeFiles/Makefile.cmake 0
[1.117s] /usr/bin/cmake -E cmake_progress_start /home/lfvmu/kobuki/build/ament_cmake_pyflakes/CMakeFiles /home/lfvmu/kobuki/build/ament_cmake_pyflakes/CMakeFiles/progress.marks
[1.117s] /usr/bin/make -f CMakeFiles/Makefile2 all
[1.117s] make[1]: Entering directory '/home/lfvmu/kobuki/build/ament_cmake_pyflakes'
[1.118s] make[1]: Nothing to be done for 'all'.
[1.118s] make[1]: Leaving directory '/home/lfvmu/kobuki/build/ament_cmake_pyflakes'
[1.118s] /usr/bin/cmake -E cmake_progress_start /home/lfvmu/kobuki/build/ament_cmake_pyflakes/CMakeFiles 0
[1.129s] Invoked command in '/home/lfvmu/kobuki/build/ament_cmake_pyflakes' returned '0': AMENT_PREFIX_PATH=/home/lfvmu/kobuki/install CMAKE_PREFIX_PATH=/home/lfvmu/kobuki/install LD_LIBRARY_PATH=/home/lfvmu/kobuki/install/lib PATH=/home/lfvmu/kobuki/install/bin:${PATH} PYTHONPATH=/home/lfvmu/kobuki/install/lib/python3.8/site-packages /usr/bin/cmake --build /home/lfvmu/kobuki/build/ament_cmake_pyflakes -- -j4 -l4
[1.208s] Invoking command in '/home/lfvmu/kobuki/build/ament_cmake_pyflakes': AMENT_PREFIX_PATH=/home/lfvmu/kobuki/install CMAKE_PREFIX_PATH=/home/lfvmu/kobuki/install LD_LIBRARY_PATH=/home/lfvmu/kobuki/install/lib PATH=/home/lfvmu/kobuki/install/bin:${PATH} PYTHONPATH=/home/lfvmu/kobuki/install/lib/python3.8/site-packages /usr/bin/cmake --install /home/lfvmu/kobuki/build/ament_cmake_pyflakes
[1.231s] -- Install configuration: ""
[1.232s] -- Up-to-date: /home/lfvmu/kobuki/install/share/ament_index/resource_index/package_run_dependencies/ament_cmake_pyflakes
[1.233s] -- Up-to-date: /home/lfvmu/kobuki/install/share/ament_index/resource_index/parent_prefix_path/ament_cmake_pyflakes
[1.233s] -- Up-to-date: /home/lfvmu/kobuki/install/share/ament_cmake_pyflakes/environment/ament_prefix_path.sh
[1.233s] -- Installing: /home/lfvmu/kobuki/install/share/ament_cmake_pyflakes/environment/ament_prefix_path.dsv
[1.234s] -- Up-to-date: /home/lfvmu/kobuki/install/share/ament_cmake_pyflakes/environment/path.sh
[1.235s] -- Installing: /home/lfvmu/kobuki/install/share/ament_cmake_pyflakes/environment/path.dsv
[1.235s] -- Up-to-date: /home/lfvmu/kobuki/install/share/ament_cmake_pyflakes/local_setup.bash
[1.236s] -- Up-to-date: /home/lfvmu/kobuki/install/share/ament_cmake_pyflakes/local_setup.sh
[1.236s] -- Up-to-date: /home/lfvmu/kobuki/install/share/ament_cmake_pyflakes/local_setup.zsh
[1.237s] -- Installing: /home/lfvmu/kobuki/install/share/ament_cmake_pyflakes/local_setup.dsv
[1.237s] -- Installing: /home/lfvmu/kobuki/install/share/ament_cmake_pyflakes/package.dsv
[1.238s] -- Up-to-date: /home/lfvmu/kobuki/install/share/ament_index/resource_index/packages/ament_cmake_pyflakes
[1.238s] -- Up-to-date: /home/lfvmu/kobuki/install/share/ament_cmake_pyflakes/cmake/ament_cmake_pyflakes-extras.cmake
[1.239s] -- Up-to-date: /home/lfvmu/kobuki/install/share/ament_cmake_pyflakes/cmake/ament_cmake_pyflakesConfig.cmake
[1.240s] -- Up-to-date: /home/lfvmu/kobuki/install/share/ament_cmake_pyflakes/cmake/ament_cmake_pyflakesConfig-version.cmake
[1.241s] -- Up-to-date: /home/lfvmu/kobuki/install/share/ament_cmake_pyflakes/package.xml
[1.241s] -- Up-to-date: /home/lfvmu/kobuki/install/share/ament_cmake_pyflakes/cmake
[1.241s] -- Up-to-date: /home/lfvmu/kobuki/install/share/ament_cmake_pyflakes/cmake/ament_cmake_pyflakes_lint_hook.cmake
[1.242s] -- Up-to-date: /home/lfvmu/kobuki/install/share/ament_cmake_pyflakes/cmake/ament_pyflakes.cmake
[1.257s] Invoked command in '/home/lfvmu/kobuki/build/ament_cmake_pyflakes' returned '0': AMENT_PREFIX_PATH=/home/lfvmu/kobuki/install CMAKE_PREFIX_PATH=/home/lfvmu/kobuki/install LD_LIBRARY_PATH=/home/lfvmu/kobuki/install/lib PATH=/home/lfvmu/kobuki/install/bin:${PATH} PYTHONPATH=/home/lfvmu/kobuki/install/lib/python3.8/site-packages /usr/bin/cmake --install /home/lfvmu/kobuki/build/ament_cmake_pyflakes
