[0.237s] Invoking command in '/home/lfvmu/kobuki/build/ament_cmake_pyflakes': /usr/bin/cmake /home/lfvmu/kobuki/src/ament_lint/ament_cmake_pyflakes -DBUILD_TESTING=OFF -DCMAKE_BUILD_TYPE=RelWithDebInfo -DCMAKE_INSTALL_PREFIX=/home/lfvmu/kobuki/install
[0.295s] -- Found ament_cmake_core: 0.9.11 (/home/lfvmu/kobuki/install/share/ament_cmake_core/cmake)
[0.302s] -- Using PYTHON_EXECUTABLE: /usr/bin/python3
[0.649s] -- Found ament_cmake_test: 0.9.11 (/home/lfvmu/kobuki/install/share/ament_cmake_test/cmake)
[0.797s] -- Configuring done
[0.802s] -- Generating done
[0.805s] -- Build files have been written to: /home/lfvmu/kobuki/build/ament_cmake_pyflakes
[0.810s] Invoked command in '/home/lfvmu/kobuki/build/ament_cmake_pyflakes' returned '0': /usr/bin/cmake /home/lfvmu/kobuki/src/ament_lint/ament_cmake_pyflakes -DBUILD_TESTING=OFF -DCMAKE_BUILD_TYPE=RelWithDebInfo -DCMAKE_INSTALL_PREFIX=/home/lfvmu/kobuki/install
[0.816s] Invoking command in '/home/lfvmu/kobuki/build/ament_cmake_pyflakes': /usr/bin/cmake --build /home/lfvmu/kobuki/build/ament_cmake_pyflakes -- -j4 -l4
[1.064s] Invoked command in '/home/lfvmu/kobuki/build/ament_cmake_pyflakes' returned '0': /usr/bin/cmake --build /home/lfvmu/kobuki/build/ament_cmake_pyflakes -- -j4 -l4
[1.146s] Invoking command in '/home/lfvmu/kobuki/build/ament_cmake_pyflakes': /usr/bin/cmake --install /home/lfvmu/kobuki/build/ament_cmake_pyflakes
[1.165s] -- Install configuration: "RelWithDebInfo"
[1.165s] -- Up-to-date: /home/lfvmu/kobuki/install/share/ament_index/resource_index/package_run_dependencies/ament_cmake_pyflakes
[1.165s] -- Up-to-date: /home/lfvmu/kobuki/install/share/ament_index/resource_index/parent_prefix_path/ament_cmake_pyflakes
[1.166s] -- Up-to-date: /home/lfvmu/kobuki/install/share/ament_cmake_pyflakes/environment/ament_prefix_path.sh
[1.166s] -- Installing: /home/lfvmu/kobuki/install/share/ament_cmake_pyflakes/environment/ament_prefix_path.dsv
[1.167s] -- Up-to-date: /home/lfvmu/kobuki/install/share/ament_cmake_pyflakes/environment/path.sh
[1.167s] -- Installing: /home/lfvmu/kobuki/install/share/ament_cmake_pyflakes/environment/path.dsv
[1.167s] -- Up-to-date: /home/lfvmu/kobuki/install/share/ament_cmake_pyflakes/local_setup.bash
[1.168s] -- Up-to-date: /home/lfvmu/kobuki/install/share/ament_cmake_pyflakes/local_setup.sh
[1.168s] -- Up-to-date: /home/lfvmu/kobuki/install/share/ament_cmake_pyflakes/local_setup.zsh
[1.168s] -- Installing: /home/lfvmu/kobuki/install/share/ament_cmake_pyflakes/local_setup.dsv
[1.169s] -- Installing: /home/lfvmu/kobuki/install/share/ament_cmake_pyflakes/package.dsv
[1.169s] -- Up-to-date: /home/lfvmu/kobuki/install/share/ament_index/resource_index/packages/ament_cmake_pyflakes
[1.170s] -- Up-to-date: /home/lfvmu/kobuki/install/share/ament_cmake_pyflakes/cmake/ament_cmake_pyflakes-extras.cmake
[1.170s] -- Up-to-date: /home/lfvmu/kobuki/install/share/ament_cmake_pyflakes/cmake/ament_cmake_pyflakesConfig.cmake
[1.170s] -- Up-to-date: /home/lfvmu/kobuki/install/share/ament_cmake_pyflakes/cmake/ament_cmake_pyflakesConfig-version.cmake
[1.171s] -- Up-to-date: /home/lfvmu/kobuki/install/share/ament_cmake_pyflakes/package.xml
[1.171s] -- Up-to-date: /home/lfvmu/kobuki/install/share/ament_cmake_pyflakes/cmake
[1.171s] -- Up-to-date: /home/lfvmu/kobuki/install/share/ament_cmake_pyflakes/cmake/ament_cmake_pyflakes_lint_hook.cmake
[1.172s] -- Up-to-date: /home/lfvmu/kobuki/install/share/ament_cmake_pyflakes/cmake/ament_pyflakes.cmake
[1.183s] Invoked command in '/home/lfvmu/kobuki/build/ament_cmake_pyflakes' returned '0': /usr/bin/cmake --install /home/lfvmu/kobuki/build/ament_cmake_pyflakes
