[1.577s] Invoking command in '/home/lfvmu/kobuki/src/ament_lint/ament_pyflakes': PYTHONPATH=/home/lfvmu/kobuki/build/ament_pyflakes/prefix_override:/home/lfvmu/kobuki/install/lib/python3.8/site-packages:${PYTHONPATH} /usr/bin/python3 setup.py egg_info --egg-base ../../../build/ament_pyflakes build --build-base /home/lfvmu/kobuki/build/ament_pyflakes/build install --record /home/lfvmu/kobuki/build/ament_pyflakes/install.log --single-version-externally-managed
[1.967s] running egg_info
[1.968s] writing ../../../build/ament_pyflakes/ament_pyflakes.egg-info/PKG-INFO
[1.969s] writing dependency_links to ../../../build/ament_pyflakes/ament_pyflakes.egg-info/dependency_links.txt
[1.969s] writing entry points to ../../../build/ament_pyflakes/ament_pyflakes.egg-info/entry_points.txt
[1.970s] writing requirements to ../../../build/ament_pyflakes/ament_pyflakes.egg-info/requires.txt
[1.970s] writing top-level names to ../../../build/ament_pyflakes/ament_pyflakes.egg-info/top_level.txt
[2.067s] reading manifest file '../../../build/ament_pyflakes/ament_pyflakes.egg-info/SOURCES.txt'
[2.070s] writing manifest file '../../../build/ament_pyflakes/ament_pyflakes.egg-info/SOURCES.txt'
[2.070s] running build
[2.071s] running build_py
[2.071s] running install
[2.074s] running install_lib
[2.075s] running install_data
[2.076s] running install_egg_info
[2.081s] removing '/home/lfvmu/kobuki/install/lib/python3.8/site-packages/ament_pyflakes-0.9.7-py3.8.egg-info' (and everything under it)
[2.081s] Copying ../../../build/ament_pyflakes/ament_pyflakes.egg-info to /home/lfvmu/kobuki/install/lib/python3.8/site-packages/ament_pyflakes-0.9.7-py3.8.egg-info
[2.083s] running install_scripts
[2.119s] Installing ament_pyflakes script to /home/lfvmu/kobuki/install/bin
[2.121s] writing list of installed files to '/home/lfvmu/kobuki/build/ament_pyflakes/install.log'
[2.517s] Invoked command in '/home/lfvmu/kobuki/src/ament_lint/ament_pyflakes' returned '0': PYTHONPATH=/home/lfvmu/kobuki/build/ament_pyflakes/prefix_override:/home/lfvmu/kobuki/install/lib/python3.8/site-packages:${PYTHONPATH} /usr/bin/python3 setup.py egg_info --egg-base ../../../build/ament_pyflakes build --build-base /home/lfvmu/kobuki/build/ament_pyflakes/build install --record /home/lfvmu/kobuki/build/ament_pyflakes/install.log --single-version-externally-managed
