[2.015s] Invoking command in '/home/lfvmu/kobuki/src/ament_lint/ament_flake8': PYTHONPATH=/home/lfvmu/kobuki/build/ament_flake8/prefix_override:/home/lfvmu/kobuki/install/lib/python3.8/site-packages:${PYTHONPATH} /usr/bin/python3 setup.py egg_info --egg-base ../../../build/ament_flake8 build --build-base /home/lfvmu/kobuki/build/ament_flake8/build install --record /home/lfvmu/kobuki/build/ament_flake8/install.log --single-version-externally-managed
[2.466s] running egg_info
[2.467s] writing ../../../build/ament_flake8/ament_flake8.egg-info/PKG-INFO
[2.468s] writing dependency_links to ../../../build/ament_flake8/ament_flake8.egg-info/dependency_links.txt
[2.469s] writing entry points to ../../../build/ament_flake8/ament_flake8.egg-info/entry_points.txt
[2.469s] writing requirements to ../../../build/ament_flake8/ament_flake8.egg-info/requires.txt
[2.470s] writing top-level names to ../../../build/ament_flake8/ament_flake8.egg-info/top_level.txt
[2.590s] reading manifest file '../../../build/ament_flake8/ament_flake8.egg-info/SOURCES.txt'
[2.590s] writing manifest file '../../../build/ament_flake8/ament_flake8.egg-info/SOURCES.txt'
[2.591s] running build
[2.591s] running build_py
[2.591s] running install
[2.591s] running install_lib
[2.599s] running install_data
[2.599s] running install_egg_info
[2.599s] removing '/home/lfvmu/kobuki/install/lib/python3.8/site-packages/ament_flake8-0.9.7-py3.8.egg-info' (and everything under it)
[2.600s] Copying ../../../build/ament_flake8/ament_flake8.egg-info to /home/lfvmu/kobuki/install/lib/python3.8/site-packages/ament_flake8-0.9.7-py3.8.egg-info
[2.601s] running install_scripts
[2.648s] Installing ament_flake8 script to /home/lfvmu/kobuki/install/bin
[2.658s] writing list of installed files to '/home/lfvmu/kobuki/build/ament_flake8/install.log'
[2.877s] Invoked command in '/home/lfvmu/kobuki/src/ament_lint/ament_flake8' returned '0': PYTHONPATH=/home/lfvmu/kobuki/build/ament_flake8/prefix_override:/home/lfvmu/kobuki/install/lib/python3.8/site-packages:${PYTHONPATH} /usr/bin/python3 setup.py egg_info --egg-base ../../../build/ament_flake8 build --build-base /home/lfvmu/kobuki/build/ament_flake8/build install --record /home/lfvmu/kobuki/build/ament_flake8/install.log --single-version-externally-managed
