[0.298s] Invoking command in '/home/lfvmu/kobuki/build/ament_cmake_mypy': AMENT_PREFIX_PATH=/home/lfvmu/kobuki/install CMAKE_PREFIX_PATH=/home/lfvmu/kobuki/install LD_LIBRARY_PATH=/home/lfvmu/kobuki/install/lib PATH=/home/lfvmu/kobuki/install/bin:${PATH} PYTHONPATH=/home/lfvmu/kobuki/install/lib/python3.8/site-packages /usr/bin/cmake /home/lfvmu/kobuki/src/ament_lint/ament_cmake_mypy -DBUILD_TESTING=OFF -DCMAKE_BUILD_TYPE=RelWithDebInfo -DCMAKE_INSTALL_PREFIX=/home/lfvmu/kobuki/install
[0.325s] -- Found ament_cmake_core: 0.9.11 (/home/lfvmu/kobuki/install/share/ament_cmake_core/cmake)
[0.411s] -- Using PYTHON_EXECUTABLE: /usr/bin/python3
[0.749s] -- Found ament_cmake_test: 0.9.11 (/home/lfvmu/kobuki/install/share/ament_cmake_test/cmake)
[0.879s] -- Configuring done
[0.895s] -- Generating done
[0.897s] -- Build files have been written to: /home/lfvmu/kobuki/build/ament_cmake_mypy
[1.036s] Invoked command in '/home/lfvmu/kobuki/build/ament_cmake_mypy' returned '0': AMENT_PREFIX_PATH=/home/lfvmu/kobuki/install CMAKE_PREFIX_PATH=/home/lfvmu/kobuki/install LD_LIBRARY_PATH=/home/lfvmu/kobuki/install/lib PATH=/home/lfvmu/kobuki/install/bin:${PATH} PYTHONPATH=/home/lfvmu/kobuki/install/lib/python3.8/site-packages /usr/bin/cmake /home/lfvmu/kobuki/src/ament_lint/ament_cmake_mypy -DBUILD_TESTING=OFF -DCMAKE_BUILD_TYPE=RelWithDebInfo -DCMAKE_INSTALL_PREFIX=/home/lfvmu/kobuki/install
[1.038s] Invoking command in '/home/lfvmu/kobuki/build/ament_cmake_mypy': AMENT_PREFIX_PATH=/home/lfvmu/kobuki/install CMAKE_PREFIX_PATH=/home/lfvmu/kobuki/install LD_LIBRARY_PATH=/home/lfvmu/kobuki/install/lib PATH=/home/lfvmu/kobuki/install/bin:${PATH} PYTHONPATH=/home/lfvmu/kobuki/install/lib/python3.8/site-packages /usr/bin/cmake --build /home/lfvmu/kobuki/build/ament_cmake_mypy -- -j4 -l4
[1.295s] Invoked command in '/home/lfvmu/kobuki/build/ament_cmake_mypy' returned '0': AMENT_PREFIX_PATH=/home/lfvmu/kobuki/install CMAKE_PREFIX_PATH=/home/lfvmu/kobuki/install LD_LIBRARY_PATH=/home/lfvmu/kobuki/install/lib PATH=/home/lfvmu/kobuki/install/bin:${PATH} PYTHONPATH=/home/lfvmu/kobuki/install/lib/python3.8/site-packages /usr/bin/cmake --build /home/lfvmu/kobuki/build/ament_cmake_mypy -- -j4 -l4
[1.362s] Invoking command in '/home/lfvmu/kobuki/build/ament_cmake_mypy': AMENT_PREFIX_PATH=/home/lfvmu/kobuki/install CMAKE_PREFIX_PATH=/home/lfvmu/kobuki/install LD_LIBRARY_PATH=/home/lfvmu/kobuki/install/lib PATH=/home/lfvmu/kobuki/install/bin:${PATH} PYTHONPATH=/home/lfvmu/kobuki/install/lib/python3.8/site-packages /usr/bin/cmake --install /home/lfvmu/kobuki/build/ament_cmake_mypy
[1.396s] -- Install configuration: "RelWithDebInfo"
[1.397s] -- Up-to-date: /home/lfvmu/kobuki/install/share/ament_index/resource_index/package_run_dependencies/ament_cmake_mypy
[1.397s] -- Up-to-date: /home/lfvmu/kobuki/install/share/ament_index/resource_index/parent_prefix_path/ament_cmake_mypy
[1.416s] -- Up-to-date: /home/lfvmu/kobuki/install/share/ament_cmake_mypy/environment/ament_prefix_path.sh
[1.416s] -- Installing: /home/lfvmu/kobuki/install/share/ament_cmake_mypy/environment/ament_prefix_path.dsv
[1.416s] -- Up-to-date: /home/lfvmu/kobuki/install/share/ament_cmake_mypy/environment/path.sh
[1.417s] -- Installing: /home/lfvmu/kobuki/install/share/ament_cmake_mypy/environment/path.dsv
[1.417s] -- Up-to-date: /home/lfvmu/kobuki/install/share/ament_cmake_mypy/local_setup.bash
[1.417s] -- Up-to-date: /home/lfvmu/kobuki/install/share/ament_cmake_mypy/local_setup.sh
[1.417s] -- Up-to-date: /home/lfvmu/kobuki/install/share/ament_cmake_mypy/local_setup.zsh
[1.417s] -- Installing: /home/lfvmu/kobuki/install/share/ament_cmake_mypy/local_setup.dsv
[1.418s] -- Installing: /home/lfvmu/kobuki/install/share/ament_cmake_mypy/package.dsv
[1.418s] -- Up-to-date: /home/lfvmu/kobuki/install/share/ament_index/resource_index/packages/ament_cmake_mypy
[1.418s] -- Up-to-date: /home/lfvmu/kobuki/install/share/ament_cmake_mypy/cmake/ament_cmake_mypy-extras.cmake
[1.418s] -- Up-to-date: /home/lfvmu/kobuki/install/share/ament_cmake_mypy/cmake/ament_cmake_mypyConfig.cmake
[1.418s] -- Up-to-date: /home/lfvmu/kobuki/install/share/ament_cmake_mypy/cmake/ament_cmake_mypyConfig-version.cmake
[1.418s] -- Up-to-date: /home/lfvmu/kobuki/install/share/ament_cmake_mypy/package.xml
[1.419s] -- Up-to-date: /home/lfvmu/kobuki/install/share/ament_cmake_mypy/cmake
[1.419s] -- Up-to-date: /home/lfvmu/kobuki/install/share/ament_cmake_mypy/cmake/ament_cmake_mypy_lint_hook.cmake
[1.419s] -- Up-to-date: /home/lfvmu/kobuki/install/share/ament_cmake_mypy/cmake/ament_mypy.cmake
[1.577s] Invoked command in '/home/lfvmu/kobuki/build/ament_cmake_mypy' returned '0': AMENT_PREFIX_PATH=/home/lfvmu/kobuki/install CMAKE_PREFIX_PATH=/home/lfvmu/kobuki/install LD_LIBRARY_PATH=/home/lfvmu/kobuki/install/lib PATH=/home/lfvmu/kobuki/install/bin:${PATH} PYTHONPATH=/home/lfvmu/kobuki/install/lib/python3.8/site-packages /usr/bin/cmake --install /home/lfvmu/kobuki/build/ament_cmake_mypy
