[0.603s] Invoking command in '/home/lfvmu/kobuki/build/ecl_threads': /usr/bin/cmake /home/lfvmu/kobuki/src/ecl_core/ecl_threads -DBUILD_TESTING=OFF -DCMAKE_BUILD_TYPE=RelWithDebInfo -DCMAKE_INSTALL_PREFIX=/home/lfvmu/kobuki/install
[0.639s] -- Found ament_cmake_ros: 0.9.2 (/home/lfvmu/kobuki/install/share/ament_cmake_ros/cmake)
[0.701s] -- Using PYTHON_EXECUTABLE: /usr/bin/python3
[1.090s] -- Found ecl_build: 1.0.3 (/home/lfvmu/kobuki/install/share/ecl_build/cmake)
[1.090s] -- Found ecl_config: 1.1.0 (/home/lfvmu/kobuki/install/share/ecl_config/cmake)
[1.091s] -- Found ecl_errors: 1.1.0 (/home/lfvmu/kobuki/install/share/ecl_errors/cmake)
[1.091s] -- Found ecl_concepts: 1.2.1 (/home/lfvmu/kobuki/install/share/ecl_concepts/cmake)
[1.110s] -- Found ecl_exceptions: 1.2.1 (/home/lfvmu/kobuki/install/share/ecl_exceptions/cmake)
[1.126s] -- Found ecl_time: 1.2.1 (/home/lfvmu/kobuki/install/share/ecl_time/cmake)
[1.147s] -- Found ecl_utilities: 1.2.1 (/home/lfvmu/kobuki/install/share/ecl_utilities/cmake)
[1.348s] -- Configuring done
[1.387s] -- Generating done
[1.394s] -- Build files have been written to: /home/lfvmu/kobuki/build/ecl_threads
[1.404s] Invoked command in '/home/lfvmu/kobuki/build/ecl_threads' returned '0': /usr/bin/cmake /home/lfvmu/kobuki/src/ecl_core/ecl_threads -DBUILD_TESTING=OFF -DCMAKE_BUILD_TYPE=RelWithDebInfo -DCMAKE_INSTALL_PREFIX=/home/lfvmu/kobuki/install
[1.410s] Invoking command in '/home/lfvmu/kobuki/build/ecl_threads': /usr/bin/cmake --build /home/lfvmu/kobuki/build/ecl_threads -- -j4 -l4
[1.547s] [ 63%] Built target ecl_threads
[1.638s] [100%] Built target ecl_demo_mutex
[1.639s] [100%] Built target ecl_demo_thread
[1.682s] Invoked command in '/home/lfvmu/kobuki/build/ecl_threads' returned '0': /usr/bin/cmake --build /home/lfvmu/kobuki/build/ecl_threads -- -j4 -l4
[1.761s] Invoking command in '/home/lfvmu/kobuki/build/ecl_threads': /usr/bin/cmake --install /home/lfvmu/kobuki/build/ecl_threads
[1.779s] -- Install configuration: "RelWithDebInfo"
[1.779s] -- Up-to-date: /home/lfvmu/kobuki/install/share/ecl_threads/environment/library_path.sh
[1.779s] -- Installing: /home/lfvmu/kobuki/install/share/ecl_threads/environment/library_path.dsv
[1.780s] -- Up-to-date: /home/lfvmu/kobuki/install/share/ament_index/resource_index/package_run_dependencies/ecl_threads
[1.780s] -- Up-to-date: /home/lfvmu/kobuki/install/share/ament_index/resource_index/parent_prefix_path/ecl_threads
[1.780s] -- Up-to-date: /home/lfvmu/kobuki/install/share/ecl_threads/environment/ament_prefix_path.sh
[1.780s] -- Installing: /home/lfvmu/kobuki/install/share/ecl_threads/environment/ament_prefix_path.dsv
[1.781s] -- Up-to-date: /home/lfvmu/kobuki/install/share/ecl_threads/environment/path.sh
[1.781s] -- Installing: /home/lfvmu/kobuki/install/share/ecl_threads/environment/path.dsv
[1.782s] -- Up-to-date: /home/lfvmu/kobuki/install/share/ecl_threads/local_setup.bash
[1.782s] -- Up-to-date: /home/lfvmu/kobuki/install/share/ecl_threads/local_setup.sh
[1.782s] -- Up-to-date: /home/lfvmu/kobuki/install/share/ecl_threads/local_setup.zsh
[1.783s] -- Installing: /home/lfvmu/kobuki/install/share/ecl_threads/local_setup.dsv
[1.783s] -- Installing: /home/lfvmu/kobuki/install/share/ecl_threads/package.dsv
[1.789s] -- Up-to-date: /home/lfvmu/kobuki/install/share/ament_index/resource_index/packages/ecl_threads
[1.793s] -- Up-to-date: /home/lfvmu/kobuki/install/share/ecl_threads/cmake/ecl_threadsExport.cmake
[1.793s] -- Installing: /home/lfvmu/kobuki/install/share/ecl_threads/cmake/ecl_threadsExport-relwithdebinfo.cmake
[1.793s] -- Up-to-date: /home/lfvmu/kobuki/install/share/ecl_threads/cmake/ecl_threads-extras.cmake
[1.793s] -- Up-to-date: /home/lfvmu/kobuki/install/share/ecl_threads/cmake/ament_cmake_export_targets-extras.cmake
[1.793s] -- Up-to-date: /home/lfvmu/kobuki/install/share/ecl_threads/cmake/ament_cmake_export_include_directories-extras.cmake
[1.793s] -- Up-to-date: /home/lfvmu/kobuki/install/share/ecl_threads/cmake/ament_cmake_export_libraries-extras.cmake
[1.794s] -- Up-to-date: /home/lfvmu/kobuki/install/share/ecl_threads/cmake/ament_cmake_export_dependencies-extras.cmake
[1.794s] -- Up-to-date: /home/lfvmu/kobuki/install/share/ecl_threads/cmake/ecl_threadsConfig.cmake
[1.794s] -- Up-to-date: /home/lfvmu/kobuki/install/share/ecl_threads/cmake/ecl_threadsConfig-version.cmake
[1.794s] -- Up-to-date: /home/lfvmu/kobuki/install/share/ecl_threads/package.xml
[1.794s] -- Up-to-date: /home/lfvmu/kobuki/install/include/ecl/threads.hpp
[1.795s] -- Up-to-date: /home/lfvmu/kobuki/install/include/ecl/threads/macros.hpp
[1.796s] -- Up-to-date: /home/lfvmu/kobuki/install/include/ecl/threads/mutex.hpp
[1.796s] -- Up-to-date: /home/lfvmu/kobuki/install/include/ecl/threads/mutex_pos.hpp
[1.796s] -- Up-to-date: /home/lfvmu/kobuki/install/include/ecl/threads/mutex_w32.hpp
[1.796s] -- Up-to-date: /home/lfvmu/kobuki/install/include/ecl/threads/priority.hpp
[1.796s] -- Up-to-date: /home/lfvmu/kobuki/install/include/ecl/threads/priority_common.hpp
[1.796s] -- Up-to-date: /home/lfvmu/kobuki/install/include/ecl/threads/priority_pos.hpp
[1.797s] -- Up-to-date: /home/lfvmu/kobuki/install/include/ecl/threads/priority_win.hpp
[1.797s] -- Up-to-date: /home/lfvmu/kobuki/install/include/ecl/threads/thread.hpp
[1.797s] -- Up-to-date: /home/lfvmu/kobuki/install/include/ecl/threads/thread_exceptions_pos.hpp
[1.797s] -- Up-to-date: /home/lfvmu/kobuki/install/include/ecl/threads/thread_pos.hpp
[1.798s] -- Up-to-date: /home/lfvmu/kobuki/install/include/ecl/threads/thread_win.hpp
[1.798s] -- Up-to-date: /home/lfvmu/kobuki/install/include/ecl/threads/threadable.hpp
[1.798s] -- Up-to-date: /home/lfvmu/kobuki/install/lib/libecl_threads.so.1.2.1
[1.798s] -- Up-to-date: /home/lfvmu/kobuki/install/lib/libecl_threads.so
[1.798s] -- Up-to-date: /home/lfvmu/kobuki/install/lib/ecl_threads/demo_thread
[1.799s] -- Up-to-date: /home/lfvmu/kobuki/install/lib/ecl_threads/demo_mutex
[1.817s] Invoked command in '/home/lfvmu/kobuki/build/ecl_threads' returned '0': /usr/bin/cmake --install /home/lfvmu/kobuki/build/ecl_threads
