[0.385s] Invoking command in '/home/lfvmu/kobuki/build/ecl_math': /usr/bin/cmake /home/lfvmu/kobuki/src/ecl_core/ecl_math -DBUILD_TESTING=OFF -DCMAKE_BUILD_TYPE=RelWithDebInfo -DCMAKE_INSTALL_PREFIX=/home/lfvmu/kobuki/install
[0.433s] -- Found ament_cmake_ros: 0.9.2 (/home/lfvmu/kobuki/install/share/ament_cmake_ros/cmake)
[0.474s] -- Using PYTHON_EXECUTABLE: /usr/bin/python3
[0.873s] -- Found ecl_build: 1.0.3 (/home/lfvmu/kobuki/install/share/ecl_build/cmake)
[0.893s] -- Found ecl_type_traits: 1.2.1 (/home/lfvmu/kobuki/install/share/ecl_type_traits/cmake)
[1.065s] -- Configuring done
[1.084s] -- Generating done
[1.084s] -- Build files have been written to: /home/lfvmu/kobuki/build/ecl_math
[1.206s] Invoked command in '/home/lfvmu/kobuki/build/ecl_math' returned '0': /usr/bin/cmake /home/lfvmu/kobuki/src/ecl_core/ecl_math -DBUILD_TESTING=OFF -DCMAKE_BUILD_TYPE=RelWithDebInfo -DCMAKE_INSTALL_PREFIX=/home/lfvmu/kobuki/install
[1.208s] Invoking command in '/home/lfvmu/kobuki/build/ecl_math': /usr/bin/cmake --build /home/lfvmu/kobuki/build/ecl_math -- -j4 -l4
[1.491s] Invoked command in '/home/lfvmu/kobuki/build/ecl_math' returned '0': /usr/bin/cmake --build /home/lfvmu/kobuki/build/ecl_math -- -j4 -l4
[1.791s] Invoking command in '/home/lfvmu/kobuki/build/ecl_math': /usr/bin/cmake --install /home/lfvmu/kobuki/build/ecl_math
[1.812s] -- Install configuration: "RelWithDebInfo"
[1.813s] -- Up-to-date: /home/lfvmu/kobuki/install/share/ament_index/resource_index/package_run_dependencies/ecl_math
[1.814s] -- Up-to-date: /home/lfvmu/kobuki/install/share/ament_index/resource_index/parent_prefix_path/ecl_math
[1.814s] -- Up-to-date: /home/lfvmu/kobuki/install/share/ecl_math/environment/ament_prefix_path.sh
[1.814s] -- Installing: /home/lfvmu/kobuki/install/share/ecl_math/environment/ament_prefix_path.dsv
[1.814s] -- Up-to-date: /home/lfvmu/kobuki/install/share/ecl_math/environment/path.sh
[1.815s] -- Installing: /home/lfvmu/kobuki/install/share/ecl_math/environment/path.dsv
[1.815s] -- Up-to-date: /home/lfvmu/kobuki/install/share/ecl_math/local_setup.bash
[1.816s] -- Up-to-date: /home/lfvmu/kobuki/install/share/ecl_math/local_setup.sh
[1.816s] -- Up-to-date: /home/lfvmu/kobuki/install/share/ecl_math/local_setup.zsh
[1.816s] -- Installing: /home/lfvmu/kobuki/install/share/ecl_math/local_setup.dsv
[1.817s] -- Installing: /home/lfvmu/kobuki/install/share/ecl_math/package.dsv
[1.817s] -- Up-to-date: /home/lfvmu/kobuki/install/share/ament_index/resource_index/packages/ecl_math
[1.818s] -- Up-to-date: /home/lfvmu/kobuki/install/share/ecl_math/cmake/ecl_mathExport.cmake
[1.822s] -- Up-to-date: /home/lfvmu/kobuki/install/share/ecl_math/cmake/ament_cmake_export_targets-extras.cmake
[1.822s] -- Up-to-date: /home/lfvmu/kobuki/install/share/ecl_math/cmake/ament_cmake_export_include_directories-extras.cmake
[1.822s] -- Up-to-date: /home/lfvmu/kobuki/install/share/ecl_math/cmake/ament_cmake_export_dependencies-extras.cmake
[1.823s] -- Up-to-date: /home/lfvmu/kobuki/install/share/ecl_math/cmake/ecl_mathConfig.cmake
[1.823s] -- Up-to-date: /home/lfvmu/kobuki/install/share/ecl_math/cmake/ecl_mathConfig-version.cmake
[1.823s] -- Up-to-date: /home/lfvmu/kobuki/install/share/ecl_math/package.xml
[1.826s] -- Up-to-date: /home/lfvmu/kobuki/install/include/ecl/math.hpp
[1.828s] -- Up-to-date: /home/lfvmu/kobuki/install/include/ecl/math/constants.hpp
[1.828s] -- Up-to-date: /home/lfvmu/kobuki/install/include/ecl/math/fuzzy.hpp
[1.829s] -- Up-to-date: /home/lfvmu/kobuki/install/include/ecl/math/norms.hpp
[1.829s] -- Up-to-date: /home/lfvmu/kobuki/install/include/ecl/math/simple.hpp
[1.842s] Invoked command in '/home/lfvmu/kobuki/build/ecl_math' returned '0': /usr/bin/cmake --install /home/lfvmu/kobuki/build/ecl_math
