[2.146s] Invoking command in '/home/lfvmu/kobuki/src/ament_lint/ament_xmllint': PYTHONPATH=/home/lfvmu/kobuki/build/ament_xmllint/prefix_override:/home/lfvmu/kobuki/install/lib/python3.8/site-packages:${PYTHONPATH} /usr/bin/python3 setup.py egg_info --egg-base ../../../build/ament_xmllint build --build-base /home/lfvmu/kobuki/build/ament_xmllint/build install --record /home/lfvmu/kobuki/build/ament_xmllint/install.log --single-version-externally-managed
[2.541s] running egg_info
[2.543s] writing ../../../build/ament_xmllint/ament_xmllint.egg-info/PKG-INFO
[2.543s] writing dependency_links to ../../../build/ament_xmllint/ament_xmllint.egg-info/dependency_links.txt
[2.543s] writing entry points to ../../../build/ament_xmllint/ament_xmllint.egg-info/entry_points.txt
[2.544s] writing requirements to ../../../build/ament_xmllint/ament_xmllint.egg-info/requires.txt
[2.544s] writing top-level names to ../../../build/ament_xmllint/ament_xmllint.egg-info/top_level.txt
[2.645s] reading manifest file '../../../build/ament_xmllint/ament_xmllint.egg-info/SOURCES.txt'
[2.647s] writing manifest file '../../../build/ament_xmllint/ament_xmllint.egg-info/SOURCES.txt'
[2.648s] running build
[2.648s] running build_py
[2.649s] running install
[2.650s] running install_lib
[2.653s] running install_data
[2.654s] running install_egg_info
[2.660s] removing '/home/lfvmu/kobuki/install/lib/python3.8/site-packages/ament_xmllint-0.9.7-py3.8.egg-info' (and everything under it)
[2.662s] Copying ../../../build/ament_xmllint/ament_xmllint.egg-info to /home/lfvmu/kobuki/install/lib/python3.8/site-packages/ament_xmllint-0.9.7-py3.8.egg-info
[2.662s] running install_scripts
[2.708s] Installing ament_xmllint script to /home/lfvmu/kobuki/install/bin
[2.709s] writing list of installed files to '/home/lfvmu/kobuki/build/ament_xmllint/install.log'
[2.974s] Invoked command in '/home/lfvmu/kobuki/src/ament_lint/ament_xmllint' returned '0': PYTHONPATH=/home/lfvmu/kobuki/build/ament_xmllint/prefix_override:/home/lfvmu/kobuki/install/lib/python3.8/site-packages:${PYTHONPATH} /usr/bin/python3 setup.py egg_info --egg-base ../../../build/ament_xmllint build --build-base /home/lfvmu/kobuki/build/ament_xmllint/build install --record /home/lfvmu/kobuki/build/ament_xmllint/install.log --single-version-externally-managed
