[0.159s] Invoking command in '/home/lfvmu/kobuki/build/ament_cmake': /usr/bin/cmake /home/lfvmu/kobuki/src/ament_cmake/ament_cmake -DBUILD_TESTING=OFF -DCMAKE_INSTALL_PREFIX=/home/lfvmu/kobuki/install
[0.210s] Re-run cmake no build system arguments
[0.211s] -- Found ament_cmake_core: 0.9.11 (/home/lfvmu/kobuki/install/share/ament_cmake_core/cmake)
[0.254s] -- Using PYTHON_EXECUTABLE: /usr/bin/python3
[0.567s] -- Found ament_cmake_export_dependencies: 0.9.11 (/home/lfvmu/kobuki/install/share/ament_cmake_export_dependencies/cmake)
[0.724s] -- Configuring done
[0.725s] -- Generating done
[0.727s] -- Build files have been written to: /home/lfvmu/kobuki/build/ament_cmake
[0.843s] Invoked command in '/home/lfvmu/kobuki/build/ament_cmake' returned '0': /usr/bin/cmake /home/lfvmu/kobuki/src/ament_cmake/ament_cmake -DBUILD_TESTING=OFF -DCMAKE_INSTALL_PREFIX=/home/lfvmu/kobuki/install
[0.879s] Invoking command in '/home/lfvmu/kobuki/build/ament_cmake': /usr/bin/cmake --build /home/lfvmu/kobuki/build/ament_cmake -- -j4 -l4
[1.054s] /usr/bin/cmake -S/home/lfvmu/kobuki/src/ament_cmake/ament_cmake -B/home/lfvmu/kobuki/build/ament_cmake --check-build-system CMakeFiles/Makefile.cmake 0
[1.054s] /usr/bin/cmake -E cmake_progress_start /home/lfvmu/kobuki/build/ament_cmake/CMakeFiles /home/lfvmu/kobuki/build/ament_cmake/CMakeFiles/progress.marks
[1.055s] /usr/bin/make -f CMakeFiles/Makefile2 all
[1.055s] make[1]: Entering directory '/home/lfvmu/kobuki/build/ament_cmake'
[1.055s] make[1]: Nothing to be done for 'all'.
[1.056s] make[1]: Leaving directory '/home/lfvmu/kobuki/build/ament_cmake'
[1.056s] /usr/bin/cmake -E cmake_progress_start /home/lfvmu/kobuki/build/ament_cmake/CMakeFiles 0
[1.074s] Invoked command in '/home/lfvmu/kobuki/build/ament_cmake' returned '0': /usr/bin/cmake --build /home/lfvmu/kobuki/build/ament_cmake -- -j4 -l4
[1.183s] Invoking command in '/home/lfvmu/kobuki/build/ament_cmake': /usr/bin/cmake --install /home/lfvmu/kobuki/build/ament_cmake
[1.214s] -- Install configuration: "RelWithDebInfo"
[1.215s] -- Up-to-date: /home/lfvmu/kobuki/install/share/ament_index/resource_index/package_run_dependencies/ament_cmake
[1.215s] -- Up-to-date: /home/lfvmu/kobuki/install/share/ament_index/resource_index/parent_prefix_path/ament_cmake
[1.216s] -- Up-to-date: /home/lfvmu/kobuki/install/share/ament_cmake/environment/ament_prefix_path.sh
[1.216s] -- Installing: /home/lfvmu/kobuki/install/share/ament_cmake/environment/ament_prefix_path.dsv
[1.217s] -- Up-to-date: /home/lfvmu/kobuki/install/share/ament_cmake/environment/path.sh
[1.217s] -- Installing: /home/lfvmu/kobuki/install/share/ament_cmake/environment/path.dsv
[1.217s] -- Up-to-date: /home/lfvmu/kobuki/install/share/ament_cmake/local_setup.bash
[1.217s] -- Up-to-date: /home/lfvmu/kobuki/install/share/ament_cmake/local_setup.sh
[1.218s] -- Up-to-date: /home/lfvmu/kobuki/install/share/ament_cmake/local_setup.zsh
[1.219s] -- Installing: /home/lfvmu/kobuki/install/share/ament_cmake/local_setup.dsv
[1.219s] -- Installing: /home/lfvmu/kobuki/install/share/ament_cmake/package.dsv
[1.219s] -- Up-to-date: /home/lfvmu/kobuki/install/share/ament_index/resource_index/packages/ament_cmake
[1.219s] -- Up-to-date: /home/lfvmu/kobuki/install/share/ament_cmake/cmake/ament_cmake_export_dependencies-extras.cmake
[1.220s] -- Up-to-date: /home/lfvmu/kobuki/install/share/ament_cmake/cmake/ament_cmakeConfig.cmake
[1.220s] -- Up-to-date: /home/lfvmu/kobuki/install/share/ament_cmake/cmake/ament_cmakeConfig-version.cmake
[1.220s] -- Up-to-date: /home/lfvmu/kobuki/install/share/ament_cmake/package.xml
[1.444s] Invoked command in '/home/lfvmu/kobuki/build/ament_cmake' returned '0': /usr/bin/cmake --install /home/lfvmu/kobuki/build/ament_cmake
