[0.538s] Invoking command in '/home/lfvmu/kobuki/build/kobuki_core': AMENT_PREFIX_PATH=/home/lfvmu/kobuki/install CMAKE_PREFIX_PATH=/home/lfvmu/kobuki/install LD_LIBRARY_PATH=/home/lfvmu/kobuki/install/lib PATH=/home/lfvmu/kobuki/install/bin:${PATH} PKG_CONFIG_PATH=/home/lfvmu/kobuki/install/lib/x86_64-linux-gnu/pkgconfig:/home/lfvmu/kobuki/install/lib/pkgconfig PYTHONPATH=/home/lfvmu/kobuki/install/lib/python3.8/site-packages /usr/bin/cmake /home/lfvmu/kobuki/src/kobuki_core -DBUILD_TESTING=OFF -DCMAKE_INSTALL_PREFIX=/home/lfvmu/kobuki/install
[0.706s] -- The C compiler identification is GNU 9.4.0
[0.892s] -- The CXX compiler identification is GNU 9.4.0
[0.907s] -- Check for working C compiler: /usr/bin/cc
[1.100s] -- Check for working C compiler: /usr/bin/cc -- works
[1.103s] -- Detecting C compiler ABI info
[1.282s] -- Detecting C compiler ABI info - done
[1.336s] -- Detecting C compile features
[1.337s] -- Detecting C compile features - done
[1.346s] -- Check for working CXX compiler: /usr/bin/c++
[1.561s] -- Check for working CXX compiler: /usr/bin/c++ -- works
[1.565s] -- Detecting CXX compiler ABI info
[1.803s] -- Detecting CXX compiler ABI info - done
[1.855s] -- Detecting CXX compile features
[1.857s] -- Detecting CXX compile features - done
[1.860s] -- Found ament_cmake_ros: 0.9.2 (/home/lfvmu/kobuki/install/share/ament_cmake_ros/cmake)
[1.904s] -- Found PythonInterp: /usr/bin/python3 (found suitable version "3.8.10", minimum required is "3") 
[1.904s] -- Using PYTHON_EXECUTABLE: /usr/bin/python3
[2.262s] -- Found ecl_build: 1.0.3 (/home/lfvmu/kobuki/install/share/ecl_build/cmake)
[2.286s] -- Found ecl_command_line: 1.2.1 (/home/lfvmu/kobuki/install/share/ecl_command_line/cmake)
[2.292s] -- Found ecl_config: 1.1.0 (/home/lfvmu/kobuki/install/share/ecl_config/cmake)
[2.299s] -- Found ecl_console: 1.1.0 (/home/lfvmu/kobuki/install/share/ecl_console/cmake)
[2.309s] -- Found ecl_converters: 1.2.1 (/home/lfvmu/kobuki/install/share/ecl_converters/cmake)
[2.374s] -- Found ecl_devices: 1.2.1 (/home/lfvmu/kobuki/install/share/ecl_devices/cmake)
[2.441s] -- Looking for pthread.h
[2.646s] -- Looking for pthread.h - found
[2.646s] -- Performing Test CMAKE_HAVE_LIBC_PTHREAD
[2.845s] -- Performing Test CMAKE_HAVE_LIBC_PTHREAD - Failed
[2.846s] -- Looking for pthread_create in pthreads
[2.994s] -- Looking for pthread_create in pthreads - not found
[2.994s] -- Looking for pthread_create in pthread
[3.195s] -- Looking for pthread_create in pthread - found
[3.195s] -- Found Threads: TRUE  
[3.198s] -- Check if compiler accepts -pthread
[3.448s] -- Check if compiler accepts -pthread - yes
[3.529s] -- Found ecl_geometry: 1.2.1 (/home/lfvmu/kobuki/install/share/ecl_geometry/cmake)
[3.591s] -- Found ecl_mobile_robot: 1.2.1 (/home/lfvmu/kobuki/install/share/ecl_mobile_robot/cmake)
[3.614s] -- Found ecl_sigslots: 1.2.1 (/home/lfvmu/kobuki/install/share/ecl_sigslots/cmake)
[3.902s] -- Configuring done
[3.995s] -- Generating done
[4.006s] -- Build files have been written to: /home/lfvmu/kobuki/build/kobuki_core
[4.020s] Invoked command in '/home/lfvmu/kobuki/build/kobuki_core' returned '0': AMENT_PREFIX_PATH=/home/lfvmu/kobuki/install CMAKE_PREFIX_PATH=/home/lfvmu/kobuki/install LD_LIBRARY_PATH=/home/lfvmu/kobuki/install/lib PATH=/home/lfvmu/kobuki/install/bin:${PATH} PKG_CONFIG_PATH=/home/lfvmu/kobuki/install/lib/x86_64-linux-gnu/pkgconfig:/home/lfvmu/kobuki/install/lib/pkgconfig PYTHONPATH=/home/lfvmu/kobuki/install/lib/python3.8/site-packages /usr/bin/cmake /home/lfvmu/kobuki/src/kobuki_core -DBUILD_TESTING=OFF -DCMAKE_INSTALL_PREFIX=/home/lfvmu/kobuki/install
[4.025s] Invoking command in '/home/lfvmu/kobuki/build/kobuki_core': AMENT_PREFIX_PATH=/home/lfvmu/kobuki/install CMAKE_PREFIX_PATH=/home/lfvmu/kobuki/install LD_LIBRARY_PATH=/home/lfvmu/kobuki/install/lib PATH=/home/lfvmu/kobuki/install/bin:${PATH} PKG_CONFIG_PATH=/home/lfvmu/kobuki/install/lib/x86_64-linux-gnu/pkgconfig:/home/lfvmu/kobuki/install/lib/pkgconfig PYTHONPATH=/home/lfvmu/kobuki/install/lib/python3.8/site-packages /usr/bin/cmake --build /home/lfvmu/kobuki/build/kobuki_core -- -j4 -l4
[4.123s] [35m[1mScanning dependencies of target kobuki_core[0m
[4.467s] [  3%] [32mBuilding CXX object src/driver/CMakeFiles/kobuki_core.dir/battery.cpp.o[0m
[5.751s] [  6%] [32mBuilding CXX object src/driver/CMakeFiles/kobuki_core.dir/diff_drive.cpp.o[0m
[7.816s] [  9%] [32mBuilding CXX object src/driver/CMakeFiles/kobuki_core.dir/dock_drive.cpp.o[0m
[9.871s] [ 12%] [32mBuilding CXX object src/driver/CMakeFiles/kobuki_core.dir/core_sensors.cpp.o[0m
[15.038s] [ 15%] [32mBuilding CXX object src/driver/CMakeFiles/kobuki_core.dir/dock_drive_states.cpp.o[0m
[20.336s] [ 18%] [32mBuilding CXX object src/driver/CMakeFiles/kobuki_core.dir/event_manager.cpp.o[0m
[26.084s] [ 21%] [32mBuilding CXX object src/driver/CMakeFiles/kobuki_core.dir/firmware.cpp.o[0m
[27.105s] [ 25%] [32mBuilding CXX object src/driver/CMakeFiles/kobuki_core.dir/kobuki.cpp.o[0m
[27.500s] [ 28%] [32mBuilding CXX object src/driver/CMakeFiles/kobuki_core.dir/dock_drive_debug.cpp.o[0m
[28.558s] [ 31%] [32mBuilding CXX object src/driver/CMakeFiles/kobuki_core.dir/logging.cpp.o[0m
[29.625s] [ 34%] [32mBuilding CXX object src/driver/CMakeFiles/kobuki_core.dir/command.cpp.o[0m
[30.178s] [ 37%] [32mBuilding CXX object src/driver/CMakeFiles/kobuki_core.dir/packet_finder.cpp.o[0m
[43.007s] [ 40%] [32mBuilding CXX object src/driver/CMakeFiles/kobuki_core.dir/__/__/version_info.cpp.o[0m
[43.809s] [ 43%] [32m[1mLinking CXX shared library libkobuki_core.so[0m
[44.559s] [ 43%] Built target kobuki_core
[44.581s] [35m[1mScanning dependencies of target kobuki_core_demo_custom_logging[0m
[44.797s] [ 46%] [32mBuilding CXX object src/demos/CMakeFiles/kobuki_core_demo_custom_logging.dir/custom_logging.cpp.o[0m
[46.778s] [35m[1mScanning dependencies of target kobuki_core_demo_data_stream[0m
[46.999s] [ 50%] [32mBuilding CXX object src/demos/CMakeFiles/kobuki_core_demo_data_stream.dir/data_stream.cpp.o[0m
[48.023s] [35m[1mScanning dependencies of target kobuki_core_demo_buttons[0m
[48.333s] [ 53%] [32mBuilding CXX object src/demos/CMakeFiles/kobuki_core_demo_buttons.dir/buttons.cpp.o[0m
[49.336s] [35m[1mScanning dependencies of target kobuki_core_demo_raw_data_stream[0m
[49.817s] [ 56%] [32mBuilding CXX object src/demos/CMakeFiles/kobuki_core_demo_raw_data_stream.dir/raw_data_stream.cpp.o[0m
[61.381s] [ 59%] [32m[1mLinking CXX executable demo_custom_logging[0m
[62.136s] [ 59%] Built target kobuki_core_demo_custom_logging
[64.393s] [ 62%] [32m[1mLinking CXX executable demo_data_stream[0m
[64.836s] [ 62%] Built target kobuki_core_demo_data_stream
[65.958s] [ 65%] [32m[1mLinking CXX executable demo_buttons[0m
[66.320s] [ 65%] Built target kobuki_core_demo_buttons
[67.111s] [ 68%] [32m[1mLinking CXX executable demo_raw_data_stream[0m
[67.462s] [ 68%] Built target kobuki_core_demo_raw_data_stream
[67.484s] [35m[1mScanning dependencies of target kobuki_core_demo_velocity_commands[0m
[67.508s] [ 71%] [32mBuilding CXX object src/demos/CMakeFiles/kobuki_core_demo_velocity_commands.dir/velocity_commands.cpp.o[0m
[68.374s] [ 75%] [32m[1mLinking CXX executable demo_velocity_commands[0m
[68.619s] [ 75%] Built target kobuki_core_demo_velocity_commands
[68.641s] [35m[1mScanning dependencies of target kobuki_core_tool_simple_keyop[0m
[68.854s] [ 78%] [32mBuilding CXX object src/tools/CMakeFiles/kobuki_core_tool_simple_keyop.dir/simple_keyop.cpp.o[0m
[77.912s] [ 81%] [32m[1mLinking CXX executable kobuki-simple-keyop[0m
[78.277s] [ 81%] Built target kobuki_core_tool_simple_keyop
[78.297s] [35m[1mScanning dependencies of target kobuki_core_tool_version_info[0m
[78.507s] [ 84%] [32mBuilding CXX object src/tools/CMakeFiles/kobuki_core_tool_version_info.dir/version_info.cpp.o[0m
[87.369s] [ 87%] [32m[1mLinking CXX executable kobuki-version-info[0m
[87.710s] [ 87%] Built target kobuki_core_tool_version_info
[87.732s] [35m[1mScanning dependencies of target kobuki_core_demo_simple_loop[0m
[87.733s] [35m[1mScanning dependencies of target kobuki_core_demo_chirp[0m
[87.943s] [ 90%] [32mBuilding CXX object src/demos/CMakeFiles/kobuki_core_demo_simple_loop.dir/simple_loop.cpp.o[0m
[87.955s] [ 93%] [32mBuilding CXX object src/demos/CMakeFiles/kobuki_core_demo_chirp.dir/chirp.cpp.o[0m
[95.782s] [ 96%] [32m[1mLinking CXX executable demo_chirp[0m
[96.107s] [ 96%] Built target kobuki_core_demo_chirp
[96.968s] [100%] [32m[1mLinking CXX executable demo_simple_loop[0m
[97.325s] [100%] Built target kobuki_core_demo_simple_loop
[97.355s] Invoked command in '/home/lfvmu/kobuki/build/kobuki_core' returned '0': AMENT_PREFIX_PATH=/home/lfvmu/kobuki/install CMAKE_PREFIX_PATH=/home/lfvmu/kobuki/install LD_LIBRARY_PATH=/home/lfvmu/kobuki/install/lib PATH=/home/lfvmu/kobuki/install/bin:${PATH} PKG_CONFIG_PATH=/home/lfvmu/kobuki/install/lib/x86_64-linux-gnu/pkgconfig:/home/lfvmu/kobuki/install/lib/pkgconfig PYTHONPATH=/home/lfvmu/kobuki/install/lib/python3.8/site-packages /usr/bin/cmake --build /home/lfvmu/kobuki/build/kobuki_core -- -j4 -l4
[97.409s] Invoking command in '/home/lfvmu/kobuki/build/kobuki_core': AMENT_PREFIX_PATH=/home/lfvmu/kobuki/install CMAKE_PREFIX_PATH=/home/lfvmu/kobuki/install LD_LIBRARY_PATH=/home/lfvmu/kobuki/install/lib PATH=/home/lfvmu/kobuki/install/bin:${PATH} PKG_CONFIG_PATH=/home/lfvmu/kobuki/install/lib/x86_64-linux-gnu/pkgconfig:/home/lfvmu/kobuki/install/lib/pkgconfig PYTHONPATH=/home/lfvmu/kobuki/install/lib/python3.8/site-packages /usr/bin/cmake --install /home/lfvmu/kobuki/build/kobuki_core
[97.426s] -- Install configuration: ""
[97.427s] -- Up-to-date: /home/lfvmu/kobuki/install/include
[97.427s] -- Installing: /home/lfvmu/kobuki/install/include/kobuki_core
[97.427s] -- Installing: /home/lfvmu/kobuki/install/include/kobuki_core/macros.hpp
[97.428s] -- Installing: /home/lfvmu/kobuki/install/include/kobuki_core/dock_drive.hpp
[97.428s] -- Installing: /home/lfvmu/kobuki/install/include/kobuki_core/version_info.hpp
[97.429s] -- Installing: /home/lfvmu/kobuki/install/include/kobuki_core/command.hpp
[97.429s] -- Installing: /home/lfvmu/kobuki/install/include/kobuki_core/modules.hpp
[97.430s] -- Installing: /home/lfvmu/kobuki/install/include/kobuki_core/event_manager.hpp
[97.430s] -- Installing: /home/lfvmu/kobuki/install/include/kobuki_core/packets.hpp
[97.430s] -- Installing: /home/lfvmu/kobuki/install/include/kobuki_core/packets
[97.431s] -- Installing: /home/lfvmu/kobuki/install/include/kobuki_core/packets/controller_info.hpp
[97.431s] -- Installing: /home/lfvmu/kobuki/install/include/kobuki_core/packets/gp_input.hpp
[97.431s] -- Installing: /home/lfvmu/kobuki/install/include/kobuki_core/packets/current.hpp
[97.432s] -- Installing: /home/lfvmu/kobuki/install/include/kobuki_core/packets/three_axis_gyro.hpp
[97.432s] -- Installing: /home/lfvmu/kobuki/install/include/kobuki_core/packets/cliff.hpp
[97.433s] -- Installing: /home/lfvmu/kobuki/install/include/kobuki_core/packets/firmware.hpp
[97.433s] -- Installing: /home/lfvmu/kobuki/install/include/kobuki_core/packets/eeprom.hpp
[97.434s] -- Installing: /home/lfvmu/kobuki/install/include/kobuki_core/packets/dock_ir.hpp
[97.434s] -- Installing: /home/lfvmu/kobuki/install/include/kobuki_core/packets/core_sensors.hpp
[97.435s] -- Installing: /home/lfvmu/kobuki/install/include/kobuki_core/packets/inertia.hpp
[97.435s] -- Installing: /home/lfvmu/kobuki/install/include/kobuki_core/packets/unique_device_id.hpp
[97.435s] -- Installing: /home/lfvmu/kobuki/install/include/kobuki_core/packets/hardware.hpp
[97.435s] -- Installing: /home/lfvmu/kobuki/install/include/kobuki_core/packet_handler
[97.436s] -- Installing: /home/lfvmu/kobuki/install/include/kobuki_core/packet_handler/payload_headers.hpp
[97.436s] -- Installing: /home/lfvmu/kobuki/install/include/kobuki_core/packet_handler/packet_finder.hpp
[97.436s] -- Installing: /home/lfvmu/kobuki/install/include/kobuki_core/packet_handler/payload_base.hpp
[97.437s] -- Installing: /home/lfvmu/kobuki/install/include/kobuki_core/parameters.hpp
[97.437s] -- Installing: /home/lfvmu/kobuki/install/include/kobuki_core/kobuki.hpp
[97.437s] -- Installing: /home/lfvmu/kobuki/install/include/kobuki_core/logging.hpp
[97.438s] -- Installing: /home/lfvmu/kobuki/install/include/kobuki_core/modules
[97.438s] -- Installing: /home/lfvmu/kobuki/install/include/kobuki_core/modules/acceleration_limiter.hpp
[97.438s] -- Installing: /home/lfvmu/kobuki/install/include/kobuki_core/modules/battery.hpp
[97.439s] -- Installing: /home/lfvmu/kobuki/install/include/kobuki_core/modules/digital_output.hpp
[97.439s] -- Installing: /home/lfvmu/kobuki/install/include/kobuki_core/modules/led_array.hpp
[97.439s] -- Installing: /home/lfvmu/kobuki/install/include/kobuki_core/modules/diff_drive.hpp
[97.440s] -- Installing: /home/lfvmu/kobuki/install/include/kobuki_core/modules/sound.hpp
[97.440s] -- Installing: /home/lfvmu/kobuki/install/include/CMakeLists.txt
[97.441s] -- Installing: /home/lfvmu/kobuki/install/share/kobuki_core/environment/library_path.sh
[97.441s] -- Installing: /home/lfvmu/kobuki/install/share/kobuki_core/environment/library_path.dsv
[97.441s] -- Installing: /home/lfvmu/kobuki/install/share/ament_index/resource_index/package_run_dependencies/kobuki_core
[97.442s] -- Installing: /home/lfvmu/kobuki/install/share/ament_index/resource_index/parent_prefix_path/kobuki_core
[97.442s] -- Installing: /home/lfvmu/kobuki/install/share/kobuki_core/environment/ament_prefix_path.sh
[97.443s] -- Installing: /home/lfvmu/kobuki/install/share/kobuki_core/environment/ament_prefix_path.dsv
[97.443s] -- Installing: /home/lfvmu/kobuki/install/share/kobuki_core/environment/path.sh
[97.443s] -- Installing: /home/lfvmu/kobuki/install/share/kobuki_core/environment/path.dsv
[97.444s] -- Installing: /home/lfvmu/kobuki/install/share/kobuki_core/local_setup.bash
[97.444s] -- Installing: /home/lfvmu/kobuki/install/share/kobuki_core/local_setup.sh
[97.445s] -- Installing: /home/lfvmu/kobuki/install/share/kobuki_core/local_setup.zsh
[97.445s] -- Installing: /home/lfvmu/kobuki/install/share/kobuki_core/local_setup.dsv
[97.445s] -- Installing: /home/lfvmu/kobuki/install/share/kobuki_core/package.dsv
[97.446s] -- Installing: /home/lfvmu/kobuki/install/share/ament_index/resource_index/packages/kobuki_core
[97.446s] -- Installing: /home/lfvmu/kobuki/install/share/kobuki_core/cmake/kobuki_coreExport.cmake
[97.447s] -- Installing: /home/lfvmu/kobuki/install/share/kobuki_core/cmake/kobuki_coreExport-noconfig.cmake
[97.447s] -- Installing: /home/lfvmu/kobuki/install/share/kobuki_core/cmake/ament_cmake_export_targets-extras.cmake
[97.447s] -- Installing: /home/lfvmu/kobuki/install/share/kobuki_core/cmake/ament_cmake_export_dependencies-extras.cmake
[97.448s] -- Installing: /home/lfvmu/kobuki/install/share/kobuki_core/cmake/ament_cmake_export_include_directories-extras.cmake
[97.448s] -- Installing: /home/lfvmu/kobuki/install/share/kobuki_core/cmake/ament_cmake_export_libraries-extras.cmake
[97.449s] -- Installing: /home/lfvmu/kobuki/install/share/kobuki_core/cmake/kobuki_coreConfig.cmake
[97.449s] -- Installing: /home/lfvmu/kobuki/install/share/kobuki_core/cmake/kobuki_coreConfig-version.cmake
[97.449s] -- Installing: /home/lfvmu/kobuki/install/share/kobuki_core/package.xml
[97.450s] -- Up-to-date: /home/lfvmu/kobuki/install/include/kobuki_core
[97.451s] -- Up-to-date: /home/lfvmu/kobuki/install/include/kobuki_core/macros.hpp
[97.451s] -- Up-to-date: /home/lfvmu/kobuki/install/include/kobuki_core/dock_drive.hpp
[97.452s] -- Up-to-date: /home/lfvmu/kobuki/install/include/kobuki_core/version_info.hpp
[97.452s] -- Up-to-date: /home/lfvmu/kobuki/install/include/kobuki_core/command.hpp
[97.453s] -- Up-to-date: /home/lfvmu/kobuki/install/include/kobuki_core/modules.hpp
[97.453s] -- Up-to-date: /home/lfvmu/kobuki/install/include/kobuki_core/event_manager.hpp
[97.453s] -- Up-to-date: /home/lfvmu/kobuki/install/include/kobuki_core/packets.hpp
[97.454s] -- Up-to-date: /home/lfvmu/kobuki/install/include/kobuki_core/packets
[97.454s] -- Up-to-date: /home/lfvmu/kobuki/install/include/kobuki_core/packets/controller_info.hpp
[97.454s] -- Up-to-date: /home/lfvmu/kobuki/install/include/kobuki_core/packets/gp_input.hpp
[97.454s] -- Up-to-date: /home/lfvmu/kobuki/install/include/kobuki_core/packets/current.hpp
[97.455s] -- Up-to-date: /home/lfvmu/kobuki/install/include/kobuki_core/packets/three_axis_gyro.hpp
[97.455s] -- Up-to-date: /home/lfvmu/kobuki/install/include/kobuki_core/packets/cliff.hpp
[97.455s] -- Up-to-date: /home/lfvmu/kobuki/install/include/kobuki_core/packets/firmware.hpp
[97.455s] -- Up-to-date: /home/lfvmu/kobuki/install/include/kobuki_core/packets/eeprom.hpp
[97.455s] -- Up-to-date: /home/lfvmu/kobuki/install/include/kobuki_core/packets/dock_ir.hpp
[97.456s] -- Up-to-date: /home/lfvmu/kobuki/install/include/kobuki_core/packets/core_sensors.hpp
[97.456s] -- Up-to-date: /home/lfvmu/kobuki/install/include/kobuki_core/packets/inertia.hpp
[97.456s] -- Up-to-date: /home/lfvmu/kobuki/install/include/kobuki_core/packets/unique_device_id.hpp
[97.456s] -- Up-to-date: /home/lfvmu/kobuki/install/include/kobuki_core/packets/hardware.hpp
[97.457s] -- Up-to-date: /home/lfvmu/kobuki/install/include/kobuki_core/packet_handler
[97.457s] -- Up-to-date: /home/lfvmu/kobuki/install/include/kobuki_core/packet_handler/payload_headers.hpp
[97.457s] -- Up-to-date: /home/lfvmu/kobuki/install/include/kobuki_core/packet_handler/packet_finder.hpp
[97.458s] -- Up-to-date: /home/lfvmu/kobuki/install/include/kobuki_core/packet_handler/payload_base.hpp
[97.458s] -- Up-to-date: /home/lfvmu/kobuki/install/include/kobuki_core/parameters.hpp
[97.458s] -- Up-to-date: /home/lfvmu/kobuki/install/include/kobuki_core/kobuki.hpp
[97.458s] -- Up-to-date: /home/lfvmu/kobuki/install/include/kobuki_core/logging.hpp
[97.458s] -- Up-to-date: /home/lfvmu/kobuki/install/include/kobuki_core/modules
[97.459s] -- Up-to-date: /home/lfvmu/kobuki/install/include/kobuki_core/modules/acceleration_limiter.hpp
[97.459s] -- Up-to-date: /home/lfvmu/kobuki/install/include/kobuki_core/modules/battery.hpp
[97.459s] -- Up-to-date: /home/lfvmu/kobuki/install/include/kobuki_core/modules/digital_output.hpp
[97.459s] -- Up-to-date: /home/lfvmu/kobuki/install/include/kobuki_core/modules/led_array.hpp
[97.459s] -- Up-to-date: /home/lfvmu/kobuki/install/include/kobuki_core/modules/diff_drive.hpp
[97.459s] -- Up-to-date: /home/lfvmu/kobuki/install/include/kobuki_core/modules/sound.hpp
[97.460s] -- Installing: /home/lfvmu/kobuki/install/lib/libkobuki_core.so.1.3.1
[97.465s] -- Set runtime path of "/home/lfvmu/kobuki/install/lib/libkobuki_core.so.1.3.1" to ""
[97.465s] -- Installing: /home/lfvmu/kobuki/install/lib/libkobuki_core.so
[97.466s] -- Installing: /home/lfvmu/kobuki/install/lib/kobuki_core/demo_chirp
[97.469s] -- Set runtime path of "/home/lfvmu/kobuki/install/lib/kobuki_core/demo_chirp" to ""
[97.469s] -- Installing: /home/lfvmu/kobuki/install/lib/kobuki_core/demo_custom_logging
[97.470s] -- Set runtime path of "/home/lfvmu/kobuki/install/lib/kobuki_core/demo_custom_logging" to ""
[97.470s] -- Installing: /home/lfvmu/kobuki/install/lib/kobuki_core/demo_buttons
[97.472s] -- Set runtime path of "/home/lfvmu/kobuki/install/lib/kobuki_core/demo_buttons" to ""
[97.472s] -- Installing: /home/lfvmu/kobuki/install/lib/kobuki_core/demo_raw_data_stream
[97.474s] -- Set runtime path of "/home/lfvmu/kobuki/install/lib/kobuki_core/demo_raw_data_stream" to ""
[97.475s] -- Installing: /home/lfvmu/kobuki/install/lib/kobuki_core/demo_data_stream
[97.476s] -- Set runtime path of "/home/lfvmu/kobuki/install/lib/kobuki_core/demo_data_stream" to ""
[97.477s] -- Installing: /home/lfvmu/kobuki/install/lib/kobuki_core/demo_velocity_commands
[97.477s] -- Set runtime path of "/home/lfvmu/kobuki/install/lib/kobuki_core/demo_velocity_commands" to ""
[97.478s] -- Installing: /home/lfvmu/kobuki/install/lib/kobuki_core/demo_simple_loop
[97.480s] -- Set runtime path of "/home/lfvmu/kobuki/install/lib/kobuki_core/demo_simple_loop" to ""
[97.481s] -- Installing: /home/lfvmu/kobuki/install/bin/kobuki-version-info
[97.482s] -- Set runtime path of "/home/lfvmu/kobuki/install/bin/kobuki-version-info" to ""
[97.483s] -- Installing: /home/lfvmu/kobuki/install/bin/kobuki-simple-keyop
[97.485s] -- Set runtime path of "/home/lfvmu/kobuki/install/bin/kobuki-simple-keyop" to ""
[97.494s] Invoked command in '/home/lfvmu/kobuki/build/kobuki_core' returned '0': AMENT_PREFIX_PATH=/home/lfvmu/kobuki/install CMAKE_PREFIX_PATH=/home/lfvmu/kobuki/install LD_LIBRARY_PATH=/home/lfvmu/kobuki/install/lib PATH=/home/lfvmu/kobuki/install/bin:${PATH} PKG_CONFIG_PATH=/home/lfvmu/kobuki/install/lib/x86_64-linux-gnu/pkgconfig:/home/lfvmu/kobuki/install/lib/pkgconfig PYTHONPATH=/home/lfvmu/kobuki/install/lib/python3.8/site-packages /usr/bin/cmake --install /home/lfvmu/kobuki/build/kobuki_core
