[0.357s] Invoking command in '/home/lfvmu/kobuki/build/ecl_ipc': /usr/bin/cmake /home/lfvmu/kobuki/src/ecl_core/ecl_ipc -DBUILD_TESTING=OFF -DCMAKE_BUILD_TYPE=RelWithDebInfo -DCMAKE_INSTALL_PREFIX=/home/lfvmu/kobuki/install
[0.440s] -- Found ament_cmake_ros: 0.9.2 (/home/lfvmu/kobuki/install/share/ament_cmake_ros/cmake)
[0.472s] -- Using PYTHON_EXECUTABLE: /usr/bin/python3
[0.822s] -- Found ecl_build: 1.0.3 (/home/lfvmu/kobuki/install/share/ecl_build/cmake)
[0.863s] -- Found ecl_config: 1.1.0 (/home/lfvmu/kobuki/install/share/ecl_config/cmake)
[0.864s] -- Found ecl_errors: 1.1.0 (/home/lfvmu/kobuki/install/share/ecl_errors/cmake)
[0.865s] -- Found ecl_time_lite: 1.1.0 (/home/lfvmu/kobuki/install/share/ecl_time_lite/cmake)
[0.883s] -- Found ecl_exceptions: 1.2.1 (/home/lfvmu/kobuki/install/share/ecl_exceptions/cmake)
[0.893s] -- Found ecl_threads: 1.2.1 (/home/lfvmu/kobuki/install/share/ecl_threads/cmake)
[1.135s] -- Configuring done
[1.159s] -- Generating done
[1.167s] -- Build files have been written to: /home/lfvmu/kobuki/build/ecl_ipc
[1.293s] Invoked command in '/home/lfvmu/kobuki/build/ecl_ipc' returned '0': /usr/bin/cmake /home/lfvmu/kobuki/src/ecl_core/ecl_ipc -DBUILD_TESTING=OFF -DCMAKE_BUILD_TYPE=RelWithDebInfo -DCMAKE_INSTALL_PREFIX=/home/lfvmu/kobuki/install
[1.309s] Invoking command in '/home/lfvmu/kobuki/build/ecl_ipc': /usr/bin/cmake --build /home/lfvmu/kobuki/build/ecl_ipc -- -j4 -l4
[1.456s] [100%] Built target ecl_ipc
[1.578s] Invoked command in '/home/lfvmu/kobuki/build/ecl_ipc' returned '0': /usr/bin/cmake --build /home/lfvmu/kobuki/build/ecl_ipc -- -j4 -l4
[1.886s] Invoking command in '/home/lfvmu/kobuki/build/ecl_ipc': /usr/bin/cmake --install /home/lfvmu/kobuki/build/ecl_ipc
[1.916s] -- Install configuration: "RelWithDebInfo"
[1.918s] -- Up-to-date: /home/lfvmu/kobuki/install/share/ecl_ipc/environment/library_path.sh
[1.919s] -- Installing: /home/lfvmu/kobuki/install/share/ecl_ipc/environment/library_path.dsv
[1.920s] -- Up-to-date: /home/lfvmu/kobuki/install/share/ament_index/resource_index/package_run_dependencies/ecl_ipc
[1.920s] -- Up-to-date: /home/lfvmu/kobuki/install/share/ament_index/resource_index/parent_prefix_path/ecl_ipc
[1.923s] -- Up-to-date: /home/lfvmu/kobuki/install/share/ecl_ipc/environment/ament_prefix_path.sh
[1.923s] -- Installing: /home/lfvmu/kobuki/install/share/ecl_ipc/environment/ament_prefix_path.dsv
[1.924s] -- Up-to-date: /home/lfvmu/kobuki/install/share/ecl_ipc/environment/path.sh
[1.925s] -- Installing: /home/lfvmu/kobuki/install/share/ecl_ipc/environment/path.dsv
[1.925s] -- Up-to-date: /home/lfvmu/kobuki/install/share/ecl_ipc/local_setup.bash
[1.926s] -- Up-to-date: /home/lfvmu/kobuki/install/share/ecl_ipc/local_setup.sh
[1.927s] -- Up-to-date: /home/lfvmu/kobuki/install/share/ecl_ipc/local_setup.zsh
[1.927s] -- Installing: /home/lfvmu/kobuki/install/share/ecl_ipc/local_setup.dsv
[1.928s] -- Installing: /home/lfvmu/kobuki/install/share/ecl_ipc/package.dsv
[1.929s] -- Up-to-date: /home/lfvmu/kobuki/install/share/ament_index/resource_index/packages/ecl_ipc
[1.930s] -- Up-to-date: /home/lfvmu/kobuki/install/share/ecl_ipc/cmake/ecl_ipcExport.cmake
[1.931s] -- Installing: /home/lfvmu/kobuki/install/share/ecl_ipc/cmake/ecl_ipcExport-relwithdebinfo.cmake
[1.932s] -- Up-to-date: /home/lfvmu/kobuki/install/share/ecl_ipc/cmake/ament_cmake_export_targets-extras.cmake
[1.932s] -- Up-to-date: /home/lfvmu/kobuki/install/share/ecl_ipc/cmake/ament_cmake_export_include_directories-extras.cmake
[1.933s] -- Up-to-date: /home/lfvmu/kobuki/install/share/ecl_ipc/cmake/ament_cmake_export_libraries-extras.cmake
[1.933s] -- Up-to-date: /home/lfvmu/kobuki/install/share/ecl_ipc/cmake/ament_cmake_export_dependencies-extras.cmake
[1.933s] -- Up-to-date: /home/lfvmu/kobuki/install/share/ecl_ipc/cmake/ecl_ipcConfig.cmake
[1.934s] -- Up-to-date: /home/lfvmu/kobuki/install/share/ecl_ipc/cmake/ecl_ipcConfig-version.cmake
[1.934s] -- Up-to-date: /home/lfvmu/kobuki/install/share/ecl_ipc/package.xml
[1.935s] -- Up-to-date: /home/lfvmu/kobuki/install/include/ecl/ipc.hpp
[1.936s] -- Up-to-date: /home/lfvmu/kobuki/install/include/ecl/ipc/semaphore.hpp
[1.936s] -- Up-to-date: /home/lfvmu/kobuki/install/include/ecl/ipc/semaphore_pos.hpp
[1.937s] -- Up-to-date: /home/lfvmu/kobuki/install/include/ecl/ipc/shared_memory.hpp
[1.937s] -- Up-to-date: /home/lfvmu/kobuki/install/include/ecl/ipc/shared_memory_pos.hpp
[1.939s] -- Up-to-date: /home/lfvmu/kobuki/install/lib/libecl_ipc.so.1.2.1
[1.940s] -- Up-to-date: /home/lfvmu/kobuki/install/lib/libecl_ipc.so
[1.960s] Invoked command in '/home/lfvmu/kobuki/build/ecl_ipc' returned '0': /usr/bin/cmake --install /home/lfvmu/kobuki/build/ecl_ipc
