[0.274s] Invoking command in '/home/lfvmu/kobuki/build/ament_cmake_export_libraries': /usr/bin/cmake /home/lfvmu/kobuki/src/ament_cmake/ament_cmake_export_libraries -DBUILD_TESTING=OFF -DCMAKE_INSTALL_PREFIX=/home/lfvmu/kobuki/install
[0.293s] Re-run cmake no build system arguments
[0.299s] -- Found ament_cmake_core: 0.9.11 (/home/lfvmu/kobuki/install/share/ament_cmake_core/cmake)
[0.354s] -- Using PYTHON_EXECUTABLE: /usr/bin/python3
[0.829s] -- Configuring done
[0.839s] -- Generating done
[0.852s] -- Build files have been written to: /home/lfvmu/kobuki/build/ament_cmake_export_libraries
[0.862s] Invoked command in '/home/lfvmu/kobuki/build/ament_cmake_export_libraries' returned '0': /usr/bin/cmake /home/lfvmu/kobuki/src/ament_cmake/ament_cmake_export_libraries -DBUILD_TESTING=OFF -DCMAKE_INSTALL_PREFIX=/home/lfvmu/kobuki/install
[0.869s] Invoking command in '/home/lfvmu/kobuki/build/ament_cmake_export_libraries': /usr/bin/cmake --build /home/lfvmu/kobuki/build/ament_cmake_export_libraries -- -j4 -l4
[0.934s] /usr/bin/cmake -S/home/lfvmu/kobuki/src/ament_cmake/ament_cmake_export_libraries -B/home/lfvmu/kobuki/build/ament_cmake_export_libraries --check-build-system CMakeFiles/Makefile.cmake 0
[0.967s] /usr/bin/cmake -E cmake_progress_start /home/lfvmu/kobuki/build/ament_cmake_export_libraries/CMakeFiles /home/lfvmu/kobuki/build/ament_cmake_export_libraries/CMakeFiles/progress.marks
[0.989s] /usr/bin/make -f CMakeFiles/Makefile2 all
[0.990s] make[1]: Entering directory '/home/lfvmu/kobuki/build/ament_cmake_export_libraries'
[0.990s] make[1]: Nothing to be done for 'all'.
[0.990s] make[1]: Leaving directory '/home/lfvmu/kobuki/build/ament_cmake_export_libraries'
[0.991s] /usr/bin/cmake -E cmake_progress_start /home/lfvmu/kobuki/build/ament_cmake_export_libraries/CMakeFiles 0
[1.024s] Invoked command in '/home/lfvmu/kobuki/build/ament_cmake_export_libraries' returned '0': /usr/bin/cmake --build /home/lfvmu/kobuki/build/ament_cmake_export_libraries -- -j4 -l4
[1.134s] Invoking command in '/home/lfvmu/kobuki/build/ament_cmake_export_libraries': /usr/bin/cmake --install /home/lfvmu/kobuki/build/ament_cmake_export_libraries
[1.166s] -- Install configuration: "RelWithDebInfo"
[1.167s] -- Up-to-date: /home/lfvmu/kobuki/install/share/ament_index/resource_index/package_run_dependencies/ament_cmake_export_libraries
[1.170s] -- Up-to-date: /home/lfvmu/kobuki/install/share/ament_index/resource_index/parent_prefix_path/ament_cmake_export_libraries
[1.170s] -- Up-to-date: /home/lfvmu/kobuki/install/share/ament_cmake_export_libraries/environment/ament_prefix_path.sh
[1.170s] -- Installing: /home/lfvmu/kobuki/install/share/ament_cmake_export_libraries/environment/ament_prefix_path.dsv
[1.171s] -- Up-to-date: /home/lfvmu/kobuki/install/share/ament_cmake_export_libraries/environment/path.sh
[1.171s] -- Installing: /home/lfvmu/kobuki/install/share/ament_cmake_export_libraries/environment/path.dsv
[1.171s] -- Up-to-date: /home/lfvmu/kobuki/install/share/ament_cmake_export_libraries/local_setup.bash
[1.171s] -- Up-to-date: /home/lfvmu/kobuki/install/share/ament_cmake_export_libraries/local_setup.sh
[1.172s] -- Up-to-date: /home/lfvmu/kobuki/install/share/ament_cmake_export_libraries/local_setup.zsh
[1.172s] -- Installing: /home/lfvmu/kobuki/install/share/ament_cmake_export_libraries/local_setup.dsv
[1.172s] -- Installing: /home/lfvmu/kobuki/install/share/ament_cmake_export_libraries/package.dsv
[1.172s] -- Up-to-date: /home/lfvmu/kobuki/install/share/ament_index/resource_index/packages/ament_cmake_export_libraries
[1.173s] -- Up-to-date: /home/lfvmu/kobuki/install/share/ament_cmake_export_libraries/cmake/ament_cmake_export_libraries-extras.cmake
[1.173s] -- Up-to-date: /home/lfvmu/kobuki/install/share/ament_cmake_export_libraries/cmake/ament_cmake_export_librariesConfig.cmake
[1.173s] -- Up-to-date: /home/lfvmu/kobuki/install/share/ament_cmake_export_libraries/cmake/ament_cmake_export_librariesConfig-version.cmake
[1.173s] -- Up-to-date: /home/lfvmu/kobuki/install/share/ament_cmake_export_libraries/package.xml
[1.174s] -- Up-to-date: /home/lfvmu/kobuki/install/share/ament_cmake_export_libraries/cmake
[1.191s] -- Up-to-date: /home/lfvmu/kobuki/install/share/ament_cmake_export_libraries/cmake/ament_export_libraries.cmake
[1.192s] -- Up-to-date: /home/lfvmu/kobuki/install/share/ament_cmake_export_libraries/cmake/ament_cmake_export_libraries_package_hook.cmake
[1.192s] -- Up-to-date: /home/lfvmu/kobuki/install/share/ament_cmake_export_libraries/cmake/ament_export_library_names.cmake
[1.192s] -- Up-to-date: /home/lfvmu/kobuki/install/share/ament_cmake_export_libraries/cmake/ament_cmake_export_libraries-extras.cmake.in
[1.192s] Invoked command in '/home/lfvmu/kobuki/build/ament_cmake_export_libraries' returned '0': /usr/bin/cmake --install /home/lfvmu/kobuki/build/ament_cmake_export_libraries
