[0.702s] Invoking command in '/home/lfvmu/kobuki/build/ecl_linear_algebra': /usr/bin/cmake /home/lfvmu/kobuki/src/ecl_core/ecl_linear_algebra -DBUILD_TESTING=OFF -DCMAKE_INSTALL_PREFIX=/home/lfvmu/kobuki/install
[0.793s] Re-run cmake no build system arguments
[0.794s] -- Found ament_cmake_ros: 0.9.2 (/home/lfvmu/kobuki/install/share/ament_cmake_ros/cmake)
[0.795s] -- Using PYTHON_EXECUTABLE: /usr/bin/python3
[1.223s] -- Found ecl_build: 1.0.3 (/home/lfvmu/kobuki/install/share/ecl_build/cmake)
[1.256s] -- Found ecl_eigen: 1.2.1 (/home/lfvmu/kobuki/install/share/ecl_eigen/cmake)
[1.283s] -- Found ecl_exceptions: 1.2.1 (/home/lfvmu/kobuki/install/share/ecl_exceptions/cmake)
[1.328s] -- Found ecl_formatters: 1.2.1 (/home/lfvmu/kobuki/install/share/ecl_formatters/cmake)
[1.387s] -- Found ecl_math: 1.2.1 (/home/lfvmu/kobuki/install/share/ecl_math/cmake)
[1.611s] -- Configuring done
[1.655s] -- Generating done
[1.664s] -- Build files have been written to: /home/lfvmu/kobuki/build/ecl_linear_algebra
[1.775s] Invoked command in '/home/lfvmu/kobuki/build/ecl_linear_algebra' returned '0': /usr/bin/cmake /home/lfvmu/kobuki/src/ecl_core/ecl_linear_algebra -DBUILD_TESTING=OFF -DCMAKE_INSTALL_PREFIX=/home/lfvmu/kobuki/install
[1.783s] Invoking command in '/home/lfvmu/kobuki/build/ecl_linear_algebra': /usr/bin/cmake --build /home/lfvmu/kobuki/build/ecl_linear_algebra -- -j4 -l4
[1.839s] /usr/bin/cmake -S/home/lfvmu/kobuki/src/ecl_core/ecl_linear_algebra -B/home/lfvmu/kobuki/build/ecl_linear_algebra --check-build-system CMakeFiles/Makefile.cmake 0
[1.870s] /usr/bin/cmake -E cmake_progress_start /home/lfvmu/kobuki/build/ecl_linear_algebra/CMakeFiles /home/lfvmu/kobuki/build/ecl_linear_algebra/CMakeFiles/progress.marks
[1.891s] /usr/bin/make -f CMakeFiles/Makefile2 all
[1.903s] make[1]: Entering directory '/home/lfvmu/kobuki/build/ecl_linear_algebra'
[1.904s] /usr/bin/make -f src/lib/CMakeFiles/ecl_linear_algebra.dir/build.make src/lib/CMakeFiles/ecl_linear_algebra.dir/depend
[1.930s] make[2]: Entering directory '/home/lfvmu/kobuki/build/ecl_linear_algebra'
[1.931s] cd /home/lfvmu/kobuki/build/ecl_linear_algebra && /usr/bin/cmake -E cmake_depends "Unix Makefiles" /home/lfvmu/kobuki/src/ecl_core/ecl_linear_algebra /home/lfvmu/kobuki/src/ecl_core/ecl_linear_algebra/src/lib /home/lfvmu/kobuki/build/ecl_linear_algebra /home/lfvmu/kobuki/build/ecl_linear_algebra/src/lib /home/lfvmu/kobuki/build/ecl_linear_algebra/src/lib/CMakeFiles/ecl_linear_algebra.dir/DependInfo.cmake --color=
[1.960s] make[2]: Leaving directory '/home/lfvmu/kobuki/build/ecl_linear_algebra'
[1.960s] /usr/bin/make -f src/lib/CMakeFiles/ecl_linear_algebra.dir/build.make src/lib/CMakeFiles/ecl_linear_algebra.dir/build
[1.993s] make[2]: Entering directory '/home/lfvmu/kobuki/build/ecl_linear_algebra'
[1.993s] make[2]: Nothing to be done for 'src/lib/CMakeFiles/ecl_linear_algebra.dir/build'.
[1.993s] make[2]: Leaving directory '/home/lfvmu/kobuki/build/ecl_linear_algebra'
[2.000s] [100%] Built target ecl_linear_algebra
[2.003s] make[1]: Leaving directory '/home/lfvmu/kobuki/build/ecl_linear_algebra'
[2.005s] /usr/bin/cmake -E cmake_progress_start /home/lfvmu/kobuki/build/ecl_linear_algebra/CMakeFiles 0
[2.039s] Invoked command in '/home/lfvmu/kobuki/build/ecl_linear_algebra' returned '0': /usr/bin/cmake --build /home/lfvmu/kobuki/build/ecl_linear_algebra -- -j4 -l4
[2.127s] Invoking command in '/home/lfvmu/kobuki/build/ecl_linear_algebra': /usr/bin/cmake --install /home/lfvmu/kobuki/build/ecl_linear_algebra
[2.159s] -- Install configuration: "RelWithDebInfo"
[2.160s] -- Up-to-date: /home/lfvmu/kobuki/install/share/ecl_linear_algebra/environment/library_path.sh
[2.160s] -- Installing: /home/lfvmu/kobuki/install/share/ecl_linear_algebra/environment/library_path.dsv
[2.161s] -- Up-to-date: /home/lfvmu/kobuki/install/share/ament_index/resource_index/package_run_dependencies/ecl_linear_algebra
[2.162s] -- Up-to-date: /home/lfvmu/kobuki/install/share/ament_index/resource_index/parent_prefix_path/ecl_linear_algebra
[2.162s] -- Up-to-date: /home/lfvmu/kobuki/install/share/ecl_linear_algebra/environment/ament_prefix_path.sh
[2.163s] -- Installing: /home/lfvmu/kobuki/install/share/ecl_linear_algebra/environment/ament_prefix_path.dsv
[2.163s] -- Up-to-date: /home/lfvmu/kobuki/install/share/ecl_linear_algebra/environment/path.sh
[2.164s] -- Installing: /home/lfvmu/kobuki/install/share/ecl_linear_algebra/environment/path.dsv
[2.165s] -- Up-to-date: /home/lfvmu/kobuki/install/share/ecl_linear_algebra/local_setup.bash
[2.165s] -- Up-to-date: /home/lfvmu/kobuki/install/share/ecl_linear_algebra/local_setup.sh
[2.166s] -- Up-to-date: /home/lfvmu/kobuki/install/share/ecl_linear_algebra/local_setup.zsh
[2.166s] -- Installing: /home/lfvmu/kobuki/install/share/ecl_linear_algebra/local_setup.dsv
[2.167s] -- Installing: /home/lfvmu/kobuki/install/share/ecl_linear_algebra/package.dsv
[2.168s] -- Up-to-date: /home/lfvmu/kobuki/install/share/ament_index/resource_index/packages/ecl_linear_algebra
[2.168s] -- Up-to-date: /home/lfvmu/kobuki/install/share/ecl_linear_algebra/cmake/ecl_linear_algebraExport.cmake
[2.170s] -- Installing: /home/lfvmu/kobuki/install/share/ecl_linear_algebra/cmake/ecl_linear_algebraExport-relwithdebinfo.cmake
[2.170s] -- Up-to-date: /home/lfvmu/kobuki/install/share/ecl_linear_algebra/cmake/ament_cmake_export_targets-extras.cmake
[2.171s] -- Up-to-date: /home/lfvmu/kobuki/install/share/ecl_linear_algebra/cmake/ament_cmake_export_include_directories-extras.cmake
[2.172s] -- Up-to-date: /home/lfvmu/kobuki/install/share/ecl_linear_algebra/cmake/ament_cmake_export_libraries-extras.cmake
[2.172s] -- Up-to-date: /home/lfvmu/kobuki/install/share/ecl_linear_algebra/cmake/ament_cmake_export_dependencies-extras.cmake
[2.173s] -- Up-to-date: /home/lfvmu/kobuki/install/share/ecl_linear_algebra/cmake/ecl_linear_algebraConfig.cmake
[2.173s] -- Up-to-date: /home/lfvmu/kobuki/install/share/ecl_linear_algebra/cmake/ecl_linear_algebraConfig-version.cmake
[2.174s] -- Up-to-date: /home/lfvmu/kobuki/install/share/ecl_linear_algebra/package.xml
[2.175s] -- Up-to-date: /home/lfvmu/kobuki/install/include/ecl/linear_algebra.hpp
[2.176s] -- Up-to-date: /home/lfvmu/kobuki/install/include/ecl/linear_algebra/eigen.hpp
[2.176s] -- Up-to-date: /home/lfvmu/kobuki/install/include/ecl/linear_algebra/sophus.hpp
[2.178s] -- Up-to-date: /home/lfvmu/kobuki/install/include/ecl/linear_algebra/eigen/formatters.hpp
[2.178s] -- Up-to-date: /home/lfvmu/kobuki/install/include/ecl/linear_algebra/eigen/plugin.hpp
[2.179s] -- Up-to-date: /home/lfvmu/kobuki/install/include/ecl/linear_algebra/eigen/unsupported/nonlinear_optimization.hpp
[2.179s] -- Up-to-date: /home/lfvmu/kobuki/install/include/ecl/linear_algebra/eigen/unsupported/numerical_diff.hpp
[2.180s] -- Up-to-date: /home/lfvmu/kobuki/install/include/ecl/linear_algebra/sophus/formatters.hpp
[2.181s] -- Up-to-date: /home/lfvmu/kobuki/install/include/ecl/linear_algebra/sophus/helpers.hpp
[2.183s] -- Up-to-date: /home/lfvmu/kobuki/install/include/ecl/linear_algebra/sophus/interpolators.hpp
[2.186s] -- Up-to-date: /home/lfvmu/kobuki/install/lib/libecl_linear_algebra.so.1.2.1
[2.191s] -- Up-to-date: /home/lfvmu/kobuki/install/lib/libecl_linear_algebra.so
[2.217s] Invoked command in '/home/lfvmu/kobuki/build/ecl_linear_algebra' returned '0': /usr/bin/cmake --install /home/lfvmu/kobuki/build/ecl_linear_algebra
