[0.308s] Invoking command in '/home/lfvmu/kobuki/build/ecl_formatters': AMENT_PREFIX_PATH=/home/lfvmu/kobuki/install CMAKE_PREFIX_PATH=/home/lfvmu/kobuki/install LD_LIBRARY_PATH=/home/lfvmu/kobuki/install/lib PATH=/home/lfvmu/kobuki/install/bin:${PATH} PYTHONPATH=/home/lfvmu/kobuki/install/lib/python3.8/site-packages /usr/bin/cmake /home/lfvmu/kobuki/src/ecl_core/ecl_formatters -DBUILD_TESTING=OFF -DCMAKE_INSTALL_PREFIX=/home/lfvmu/kobuki/install
[0.337s] Re-run cmake no build system arguments
[0.369s] -- Found ament_cmake_ros: 0.9.2 (/home/lfvmu/kobuki/install/share/ament_cmake_ros/cmake)
[0.455s] -- Using PYTHON_EXECUTABLE: /usr/bin/python3
[0.878s] -- Found ecl_build: 1.0.3 (/home/lfvmu/kobuki/install/share/ecl_build/cmake)
[0.884s] -- Found ecl_config: 1.1.0 (/home/lfvmu/kobuki/install/share/ecl_config/cmake)
[0.896s] -- Found ecl_converters: 1.2.1 (/home/lfvmu/kobuki/install/share/ecl_converters/cmake)
[1.172s] -- Configuring done
[1.193s] -- Generating done
[1.198s] -- Build files have been written to: /home/lfvmu/kobuki/build/ecl_formatters
[1.395s] Invoked command in '/home/lfvmu/kobuki/build/ecl_formatters' returned '0': AMENT_PREFIX_PATH=/home/lfvmu/kobuki/install CMAKE_PREFIX_PATH=/home/lfvmu/kobuki/install LD_LIBRARY_PATH=/home/lfvmu/kobuki/install/lib PATH=/home/lfvmu/kobuki/install/bin:${PATH} PYTHONPATH=/home/lfvmu/kobuki/install/lib/python3.8/site-packages /usr/bin/cmake /home/lfvmu/kobuki/src/ecl_core/ecl_formatters -DBUILD_TESTING=OFF -DCMAKE_INSTALL_PREFIX=/home/lfvmu/kobuki/install
[1.399s] Invoking command in '/home/lfvmu/kobuki/build/ecl_formatters': AMENT_PREFIX_PATH=/home/lfvmu/kobuki/install CMAKE_PREFIX_PATH=/home/lfvmu/kobuki/install LD_LIBRARY_PATH=/home/lfvmu/kobuki/install/lib PATH=/home/lfvmu/kobuki/install/bin:${PATH} PYTHONPATH=/home/lfvmu/kobuki/install/lib/python3.8/site-packages /usr/bin/cmake --build /home/lfvmu/kobuki/build/ecl_formatters -- -j4 -l4
[1.464s] /usr/bin/cmake -S/home/lfvmu/kobuki/src/ecl_core/ecl_formatters -B/home/lfvmu/kobuki/build/ecl_formatters --check-build-system CMakeFiles/Makefile.cmake 0
[1.501s] /usr/bin/cmake -E cmake_progress_start /home/lfvmu/kobuki/build/ecl_formatters/CMakeFiles /home/lfvmu/kobuki/build/ecl_formatters/CMakeFiles/progress.marks
[1.557s] /usr/bin/make -f CMakeFiles/Makefile2 all
[1.557s] make[1]: Entering directory '/home/lfvmu/kobuki/build/ecl_formatters'
[1.557s] /usr/bin/make -f src/lib/CMakeFiles/ecl_formatters.dir/build.make src/lib/CMakeFiles/ecl_formatters.dir/depend
[1.557s] make[2]: Entering directory '/home/lfvmu/kobuki/build/ecl_formatters'
[1.558s] cd /home/lfvmu/kobuki/build/ecl_formatters && /usr/bin/cmake -E cmake_depends "Unix Makefiles" /home/lfvmu/kobuki/src/ecl_core/ecl_formatters /home/lfvmu/kobuki/src/ecl_core/ecl_formatters/src/lib /home/lfvmu/kobuki/build/ecl_formatters /home/lfvmu/kobuki/build/ecl_formatters/src/lib /home/lfvmu/kobuki/build/ecl_formatters/src/lib/CMakeFiles/ecl_formatters.dir/DependInfo.cmake --color=
[1.589s] make[2]: Leaving directory '/home/lfvmu/kobuki/build/ecl_formatters'
[1.590s] /usr/bin/make -f src/lib/CMakeFiles/ecl_formatters.dir/build.make src/lib/CMakeFiles/ecl_formatters.dir/build
[1.614s] make[2]: Entering directory '/home/lfvmu/kobuki/build/ecl_formatters'
[1.615s] make[2]: Nothing to be done for 'src/lib/CMakeFiles/ecl_formatters.dir/build'.
[1.632s] make[2]: Leaving directory '/home/lfvmu/kobuki/build/ecl_formatters'
[1.634s] [ 50%] Built target ecl_formatters
[1.635s] /usr/bin/make -f src/examples/CMakeFiles/ecl_demo_formatters.dir/build.make src/examples/CMakeFiles/ecl_demo_formatters.dir/depend
[1.635s] make[2]: Entering directory '/home/lfvmu/kobuki/build/ecl_formatters'
[1.635s] cd /home/lfvmu/kobuki/build/ecl_formatters && /usr/bin/cmake -E cmake_depends "Unix Makefiles" /home/lfvmu/kobuki/src/ecl_core/ecl_formatters /home/lfvmu/kobuki/src/ecl_core/ecl_formatters/src/examples /home/lfvmu/kobuki/build/ecl_formatters /home/lfvmu/kobuki/build/ecl_formatters/src/examples /home/lfvmu/kobuki/build/ecl_formatters/src/examples/CMakeFiles/ecl_demo_formatters.dir/DependInfo.cmake --color=
[1.651s] make[2]: Leaving directory '/home/lfvmu/kobuki/build/ecl_formatters'
[1.655s] /usr/bin/make -f src/examples/CMakeFiles/ecl_demo_formatters.dir/build.make src/examples/CMakeFiles/ecl_demo_formatters.dir/build
[1.656s] make[2]: Entering directory '/home/lfvmu/kobuki/build/ecl_formatters'
[1.656s] make[2]: Nothing to be done for 'src/examples/CMakeFiles/ecl_demo_formatters.dir/build'.
[1.656s] make[2]: Leaving directory '/home/lfvmu/kobuki/build/ecl_formatters'
[1.678s] [100%] Built target ecl_demo_formatters
[1.679s] make[1]: Leaving directory '/home/lfvmu/kobuki/build/ecl_formatters'
[1.679s] /usr/bin/cmake -E cmake_progress_start /home/lfvmu/kobuki/build/ecl_formatters/CMakeFiles 0
[1.738s] Invoked command in '/home/lfvmu/kobuki/build/ecl_formatters' returned '0': AMENT_PREFIX_PATH=/home/lfvmu/kobuki/install CMAKE_PREFIX_PATH=/home/lfvmu/kobuki/install LD_LIBRARY_PATH=/home/lfvmu/kobuki/install/lib PATH=/home/lfvmu/kobuki/install/bin:${PATH} PYTHONPATH=/home/lfvmu/kobuki/install/lib/python3.8/site-packages /usr/bin/cmake --build /home/lfvmu/kobuki/build/ecl_formatters -- -j4 -l4
[2.024s] Invoking command in '/home/lfvmu/kobuki/build/ecl_formatters': AMENT_PREFIX_PATH=/home/lfvmu/kobuki/install CMAKE_PREFIX_PATH=/home/lfvmu/kobuki/install LD_LIBRARY_PATH=/home/lfvmu/kobuki/install/lib PATH=/home/lfvmu/kobuki/install/bin:${PATH} PYTHONPATH=/home/lfvmu/kobuki/install/lib/python3.8/site-packages /usr/bin/cmake --install /home/lfvmu/kobuki/build/ecl_formatters
[2.058s] -- Install configuration: ""
[2.059s] -- Up-to-date: /home/lfvmu/kobuki/install/share/ecl_formatters/environment/library_path.sh
[2.059s] -- Installing: /home/lfvmu/kobuki/install/share/ecl_formatters/environment/library_path.dsv
[2.059s] -- Up-to-date: /home/lfvmu/kobuki/install/share/ament_index/resource_index/package_run_dependencies/ecl_formatters
[2.060s] -- Up-to-date: /home/lfvmu/kobuki/install/share/ament_index/resource_index/parent_prefix_path/ecl_formatters
[2.060s] -- Up-to-date: /home/lfvmu/kobuki/install/share/ecl_formatters/environment/ament_prefix_path.sh
[2.060s] -- Installing: /home/lfvmu/kobuki/install/share/ecl_formatters/environment/ament_prefix_path.dsv
[2.060s] -- Up-to-date: /home/lfvmu/kobuki/install/share/ecl_formatters/environment/path.sh
[2.061s] -- Installing: /home/lfvmu/kobuki/install/share/ecl_formatters/environment/path.dsv
[2.061s] -- Up-to-date: /home/lfvmu/kobuki/install/share/ecl_formatters/local_setup.bash
[2.061s] -- Up-to-date: /home/lfvmu/kobuki/install/share/ecl_formatters/local_setup.sh
[2.062s] -- Up-to-date: /home/lfvmu/kobuki/install/share/ecl_formatters/local_setup.zsh
[2.062s] -- Installing: /home/lfvmu/kobuki/install/share/ecl_formatters/local_setup.dsv
[2.062s] -- Installing: /home/lfvmu/kobuki/install/share/ecl_formatters/package.dsv
[2.063s] -- Up-to-date: /home/lfvmu/kobuki/install/share/ament_index/resource_index/packages/ecl_formatters
[2.063s] -- Up-to-date: /home/lfvmu/kobuki/install/share/ecl_formatters/cmake/ecl_formattersExport.cmake
[2.063s] -- Installing: /home/lfvmu/kobuki/install/share/ecl_formatters/cmake/ecl_formattersExport-noconfig.cmake
[2.064s] -- Up-to-date: /home/lfvmu/kobuki/install/share/ecl_formatters/cmake/ament_cmake_export_targets-extras.cmake
[2.064s] -- Up-to-date: /home/lfvmu/kobuki/install/share/ecl_formatters/cmake/ament_cmake_export_include_directories-extras.cmake
[2.064s] -- Up-to-date: /home/lfvmu/kobuki/install/share/ecl_formatters/cmake/ament_cmake_export_libraries-extras.cmake
[2.065s] -- Up-to-date: /home/lfvmu/kobuki/install/share/ecl_formatters/cmake/ament_cmake_export_dependencies-extras.cmake
[2.065s] -- Up-to-date: /home/lfvmu/kobuki/install/share/ecl_formatters/cmake/ecl_formattersConfig.cmake
[2.065s] -- Up-to-date: /home/lfvmu/kobuki/install/share/ecl_formatters/cmake/ecl_formattersConfig-version.cmake
[2.065s] -- Up-to-date: /home/lfvmu/kobuki/install/share/ecl_formatters/package.xml
[2.066s] -- Up-to-date: /home/lfvmu/kobuki/install/include/ecl/formatters.hpp
[2.066s] -- Up-to-date: /home/lfvmu/kobuki/install/include/ecl/formatters/common.hpp
[2.067s] -- Up-to-date: /home/lfvmu/kobuki/install/include/ecl/formatters/floats.hpp
[2.067s] -- Up-to-date: /home/lfvmu/kobuki/install/include/ecl/formatters/macros.hpp
[2.067s] -- Up-to-date: /home/lfvmu/kobuki/install/include/ecl/formatters/number.hpp
[2.068s] -- Up-to-date: /home/lfvmu/kobuki/install/include/ecl/formatters/strings.hpp
[2.068s] -- Up-to-date: /home/lfvmu/kobuki/install/lib/libecl_formatters.so.1.2.1
[2.069s] -- Up-to-date: /home/lfvmu/kobuki/install/lib/libecl_formatters.so
[2.070s] -- Up-to-date: /home/lfvmu/kobuki/install/lib/ecl_formatters/demo_formatters
[2.087s] Invoked command in '/home/lfvmu/kobuki/build/ecl_formatters' returned '0': AMENT_PREFIX_PATH=/home/lfvmu/kobuki/install CMAKE_PREFIX_PATH=/home/lfvmu/kobuki/install LD_LIBRARY_PATH=/home/lfvmu/kobuki/install/lib PATH=/home/lfvmu/kobuki/install/bin:${PATH} PYTHONPATH=/home/lfvmu/kobuki/install/lib/python3.8/site-packages /usr/bin/cmake --install /home/lfvmu/kobuki/build/ecl_formatters
