[0.432s] Invoking command in '/home/lfvmu/kobuki/build/ecl_manipulators': AMENT_PREFIX_PATH=/home/lfvmu/kobuki/install CMAKE_PREFIX_PATH=/home/lfvmu/kobuki/install LD_LIBRARY_PATH=/home/lfvmu/kobuki/install/lib PATH=/home/lfvmu/kobuki/install/bin:${PATH} PKG_CONFIG_PATH=/home/lfvmu/kobuki/install/lib/x86_64-linux-gnu/pkgconfig:/home/lfvmu/kobuki/install/lib/pkgconfig PYTHONPATH=/home/lfvmu/kobuki/install/lib/python3.8/site-packages /usr/bin/cmake /home/lfvmu/kobuki/src/ecl_core/ecl_manipulators -DBUILD_TESTING=OFF -DCMAKE_INSTALL_PREFIX=/home/lfvmu/kobuki/install
[0.616s] -- The C compiler identification is GNU 9.4.0
[0.817s] -- The CXX compiler identification is GNU 9.4.0
[0.832s] -- Check for working C compiler: /usr/bin/cc
[1.031s] -- Check for working C compiler: /usr/bin/cc -- works
[1.034s] -- Detecting C compiler ABI info
[1.252s] -- Detecting C compiler ABI info - done
[1.317s] -- Detecting C compile features
[1.318s] -- Detecting C compile features - done
[1.326s] -- Check for working CXX compiler: /usr/bin/c++
[1.554s] -- Check for working CXX compiler: /usr/bin/c++ -- works
[1.556s] -- Detecting CXX compiler ABI info
[1.834s] -- Detecting CXX compiler ABI info - done
[1.896s] -- Detecting CXX compile features
[1.902s] -- Detecting CXX compile features - done
[1.902s] -- Found ament_cmake_ros: 0.9.2 (/home/lfvmu/kobuki/install/share/ament_cmake_ros/cmake)
[1.952s] -- Found PythonInterp: /usr/bin/python3 (found suitable version "3.8.10", minimum required is "3") 
[1.953s] -- Using PYTHON_EXECUTABLE: /usr/bin/python3
[2.304s] -- Found ecl_build: 1.0.3 (/home/lfvmu/kobuki/install/share/ecl_build/cmake)
[2.328s] -- Found ecl_exceptions: 1.2.1 (/home/lfvmu/kobuki/install/share/ecl_exceptions/cmake)
[2.362s] -- Found ecl_formatters: 1.2.1 (/home/lfvmu/kobuki/install/share/ecl_formatters/cmake)
[2.423s] -- Found ecl_geometry: 1.2.1 (/home/lfvmu/kobuki/install/share/ecl_geometry/cmake)
[2.680s] -- Configuring done
[2.703s] -- Generating done
[2.708s] -- Build files have been written to: /home/lfvmu/kobuki/build/ecl_manipulators
[2.719s] Invoked command in '/home/lfvmu/kobuki/build/ecl_manipulators' returned '0': AMENT_PREFIX_PATH=/home/lfvmu/kobuki/install CMAKE_PREFIX_PATH=/home/lfvmu/kobuki/install LD_LIBRARY_PATH=/home/lfvmu/kobuki/install/lib PATH=/home/lfvmu/kobuki/install/bin:${PATH} PKG_CONFIG_PATH=/home/lfvmu/kobuki/install/lib/x86_64-linux-gnu/pkgconfig:/home/lfvmu/kobuki/install/lib/pkgconfig PYTHONPATH=/home/lfvmu/kobuki/install/lib/python3.8/site-packages /usr/bin/cmake /home/lfvmu/kobuki/src/ecl_core/ecl_manipulators -DBUILD_TESTING=OFF -DCMAKE_INSTALL_PREFIX=/home/lfvmu/kobuki/install
[2.726s] Invoking command in '/home/lfvmu/kobuki/build/ecl_manipulators': AMENT_PREFIX_PATH=/home/lfvmu/kobuki/install CMAKE_PREFIX_PATH=/home/lfvmu/kobuki/install LD_LIBRARY_PATH=/home/lfvmu/kobuki/install/lib PATH=/home/lfvmu/kobuki/install/bin:${PATH} PKG_CONFIG_PATH=/home/lfvmu/kobuki/install/lib/x86_64-linux-gnu/pkgconfig:/home/lfvmu/kobuki/install/lib/pkgconfig PYTHONPATH=/home/lfvmu/kobuki/install/lib/python3.8/site-packages /usr/bin/cmake --build /home/lfvmu/kobuki/build/ecl_manipulators -- -j4 -l4
[2.853s] [35m[1mScanning dependencies of target ecl_manipulators[0m
[3.057s] [ 33%] [32mBuilding CXX object src/lib/CMakeFiles/ecl_manipulators.dir/trajectory.cpp.o[0m
[11.003s] [ 66%] [32mBuilding CXX object src/lib/CMakeFiles/ecl_manipulators.dir/waypoint.cpp.o[0m
[12.372s] [100%] [32m[1mLinking CXX shared library libecl_manipulators.so[0m
[12.743s] [100%] Built target ecl_manipulators
[12.768s] Invoked command in '/home/lfvmu/kobuki/build/ecl_manipulators' returned '0': AMENT_PREFIX_PATH=/home/lfvmu/kobuki/install CMAKE_PREFIX_PATH=/home/lfvmu/kobuki/install LD_LIBRARY_PATH=/home/lfvmu/kobuki/install/lib PATH=/home/lfvmu/kobuki/install/bin:${PATH} PKG_CONFIG_PATH=/home/lfvmu/kobuki/install/lib/x86_64-linux-gnu/pkgconfig:/home/lfvmu/kobuki/install/lib/pkgconfig PYTHONPATH=/home/lfvmu/kobuki/install/lib/python3.8/site-packages /usr/bin/cmake --build /home/lfvmu/kobuki/build/ecl_manipulators -- -j4 -l4
[12.820s] Invoking command in '/home/lfvmu/kobuki/build/ecl_manipulators': AMENT_PREFIX_PATH=/home/lfvmu/kobuki/install CMAKE_PREFIX_PATH=/home/lfvmu/kobuki/install LD_LIBRARY_PATH=/home/lfvmu/kobuki/install/lib PATH=/home/lfvmu/kobuki/install/bin:${PATH} PKG_CONFIG_PATH=/home/lfvmu/kobuki/install/lib/x86_64-linux-gnu/pkgconfig:/home/lfvmu/kobuki/install/lib/pkgconfig PYTHONPATH=/home/lfvmu/kobuki/install/lib/python3.8/site-packages /usr/bin/cmake --install /home/lfvmu/kobuki/build/ecl_manipulators
[12.838s] -- Install configuration: ""
[12.839s] -- Installing: /home/lfvmu/kobuki/install/share/ecl_manipulators/scripts
[12.839s] -- Installing: /home/lfvmu/kobuki/install/share/ecl_manipulators/scripts/linear.x11
[12.908s] -- Installing: /home/lfvmu/kobuki/install/share/ecl_manipulators/scripts/tension.x11
[12.916s] -- Installing: /home/lfvmu/kobuki/install/share/ecl_manipulators/scripts/Makefile
[12.925s] -- Installing: /home/lfvmu/kobuki/install/share/ecl_manipulators/environment/library_path.sh
[12.926s] -- Installing: /home/lfvmu/kobuki/install/share/ecl_manipulators/environment/library_path.dsv
[12.926s] -- Installing: /home/lfvmu/kobuki/install/share/ament_index/resource_index/package_run_dependencies/ecl_manipulators
[12.926s] -- Installing: /home/lfvmu/kobuki/install/share/ament_index/resource_index/parent_prefix_path/ecl_manipulators
[12.926s] -- Installing: /home/lfvmu/kobuki/install/share/ecl_manipulators/environment/ament_prefix_path.sh
[12.927s] -- Installing: /home/lfvmu/kobuki/install/share/ecl_manipulators/environment/ament_prefix_path.dsv
[12.927s] -- Installing: /home/lfvmu/kobuki/install/share/ecl_manipulators/environment/path.sh
[12.927s] -- Installing: /home/lfvmu/kobuki/install/share/ecl_manipulators/environment/path.dsv
[12.928s] -- Installing: /home/lfvmu/kobuki/install/share/ecl_manipulators/local_setup.bash
[12.928s] -- Installing: /home/lfvmu/kobuki/install/share/ecl_manipulators/local_setup.sh
[12.928s] -- Installing: /home/lfvmu/kobuki/install/share/ecl_manipulators/local_setup.zsh
[12.929s] -- Installing: /home/lfvmu/kobuki/install/share/ecl_manipulators/local_setup.dsv
[12.929s] -- Installing: /home/lfvmu/kobuki/install/share/ecl_manipulators/package.dsv
[12.929s] -- Installing: /home/lfvmu/kobuki/install/share/ament_index/resource_index/packages/ecl_manipulators
[12.930s] -- Installing: /home/lfvmu/kobuki/install/share/ecl_manipulators/cmake/ecl_manipulatorsExport.cmake
[12.930s] -- Installing: /home/lfvmu/kobuki/install/share/ecl_manipulators/cmake/ecl_manipulatorsExport-noconfig.cmake
[12.931s] -- Installing: /home/lfvmu/kobuki/install/share/ecl_manipulators/cmake/ament_cmake_export_targets-extras.cmake
[12.931s] -- Installing: /home/lfvmu/kobuki/install/share/ecl_manipulators/cmake/ament_cmake_export_include_directories-extras.cmake
[12.932s] -- Installing: /home/lfvmu/kobuki/install/share/ecl_manipulators/cmake/ament_cmake_export_libraries-extras.cmake
[12.933s] -- Installing: /home/lfvmu/kobuki/install/share/ecl_manipulators/cmake/ament_cmake_export_dependencies-extras.cmake
[12.933s] -- Installing: /home/lfvmu/kobuki/install/share/ecl_manipulators/cmake/ecl_manipulatorsConfig.cmake
[12.933s] -- Installing: /home/lfvmu/kobuki/install/share/ecl_manipulators/cmake/ecl_manipulatorsConfig-version.cmake
[12.934s] -- Installing: /home/lfvmu/kobuki/install/share/ecl_manipulators/package.xml
[12.935s] -- Installing: /home/lfvmu/kobuki/install/include/ecl/manipulators.hpp
[12.938s] -- Installing: /home/lfvmu/kobuki/install/include/ecl/manipulators/trajectory.hpp
[12.938s] -- Installing: /home/lfvmu/kobuki/install/include/ecl/manipulators/types.hpp
[12.939s] -- Installing: /home/lfvmu/kobuki/install/include/ecl/manipulators/waypoint.hpp
[12.941s] -- Installing: /home/lfvmu/kobuki/install/lib/libecl_manipulators.so.1.2.1
[12.943s] -- Set runtime path of "/home/lfvmu/kobuki/install/lib/libecl_manipulators.so.1.2.1" to ""
[12.944s] -- Installing: /home/lfvmu/kobuki/install/lib/libecl_manipulators.so
[12.962s] Invoked command in '/home/lfvmu/kobuki/build/ecl_manipulators' returned '0': AMENT_PREFIX_PATH=/home/lfvmu/kobuki/install CMAKE_PREFIX_PATH=/home/lfvmu/kobuki/install LD_LIBRARY_PATH=/home/lfvmu/kobuki/install/lib PATH=/home/lfvmu/kobuki/install/bin:${PATH} PKG_CONFIG_PATH=/home/lfvmu/kobuki/install/lib/x86_64-linux-gnu/pkgconfig:/home/lfvmu/kobuki/install/lib/pkgconfig PYTHONPATH=/home/lfvmu/kobuki/install/lib/python3.8/site-packages /usr/bin/cmake --install /home/lfvmu/kobuki/build/ecl_manipulators
