[0.655s] Invoking command in '/home/lfvmu/kobuki/build/ecl_devices': /usr/bin/cmake /home/lfvmu/kobuki/src/ecl_core/ecl_devices -DBUILD_TESTING=OFF --no-warn-unused-cli -DCMAKE_INSTALL_PREFIX=/home/lfvmu/kobuki/install
[0.692s] Not searching for unused variables given on the command line.
[0.713s] -- Found ament_cmake_ros: 0.9.2 (/home/lfvmu/kobuki/install/share/ament_cmake_ros/cmake)
[0.786s] -- Using PYTHON_EXECUTABLE: /usr/bin/python3
[1.189s] -- Found ecl_build: 1.0.3 (/home/lfvmu/kobuki/install/share/ecl_build/cmake)
[1.229s] -- Found ecl_config: 1.1.0 (/home/lfvmu/kobuki/install/share/ecl_config/cmake)
[1.229s] -- Found ecl_containers: 1.2.1 (/home/lfvmu/kobuki/install/share/ecl_containers/cmake)
[1.345s] -- Found ecl_threads: 1.2.1 (/home/lfvmu/kobuki/install/share/ecl_threads/cmake)
[1.581s] -- Configuring done
[1.621s] -- Generating done
[1.642s] -- Build files have been written to: /home/lfvmu/kobuki/build/ecl_devices
[1.668s] Invoked command in '/home/lfvmu/kobuki/build/ecl_devices' returned '0': /usr/bin/cmake /home/lfvmu/kobuki/src/ecl_core/ecl_devices -DBUILD_TESTING=OFF --no-warn-unused-cli -DCMAKE_INSTALL_PREFIX=/home/lfvmu/kobuki/install
[1.674s] Invoking command in '/home/lfvmu/kobuki/build/ecl_devices': /usr/bin/cmake --build /home/lfvmu/kobuki/build/ecl_devices -- -j4 -l4
[1.850s] [ 87%] Built target ecl_devices
[1.892s] [100%] Built target ecl_demo_serial_timeouts
[1.933s] Invoked command in '/home/lfvmu/kobuki/build/ecl_devices' returned '0': /usr/bin/cmake --build /home/lfvmu/kobuki/build/ecl_devices -- -j4 -l4
[2.006s] Invoking command in '/home/lfvmu/kobuki/build/ecl_devices': /usr/bin/cmake --install /home/lfvmu/kobuki/build/ecl_devices
[2.024s] -- Install configuration: "RelWithDebInfo"
[2.024s] -- Up-to-date: /home/lfvmu/kobuki/install/share/ecl_devices/environment/library_path.sh
[2.024s] -- Installing: /home/lfvmu/kobuki/install/share/ecl_devices/environment/library_path.dsv
[2.025s] -- Up-to-date: /home/lfvmu/kobuki/install/share/ament_index/resource_index/package_run_dependencies/ecl_devices
[2.025s] -- Up-to-date: /home/lfvmu/kobuki/install/share/ament_index/resource_index/parent_prefix_path/ecl_devices
[2.026s] -- Up-to-date: /home/lfvmu/kobuki/install/share/ecl_devices/environment/ament_prefix_path.sh
[2.026s] -- Installing: /home/lfvmu/kobuki/install/share/ecl_devices/environment/ament_prefix_path.dsv
[2.026s] -- Up-to-date: /home/lfvmu/kobuki/install/share/ecl_devices/environment/path.sh
[2.027s] -- Installing: /home/lfvmu/kobuki/install/share/ecl_devices/environment/path.dsv
[2.027s] -- Up-to-date: /home/lfvmu/kobuki/install/share/ecl_devices/local_setup.bash
[2.027s] -- Up-to-date: /home/lfvmu/kobuki/install/share/ecl_devices/local_setup.sh
[2.028s] -- Up-to-date: /home/lfvmu/kobuki/install/share/ecl_devices/local_setup.zsh
[2.028s] -- Installing: /home/lfvmu/kobuki/install/share/ecl_devices/local_setup.dsv
[2.028s] -- Installing: /home/lfvmu/kobuki/install/share/ecl_devices/package.dsv
[2.029s] -- Up-to-date: /home/lfvmu/kobuki/install/share/ament_index/resource_index/packages/ecl_devices
[2.029s] -- Up-to-date: /home/lfvmu/kobuki/install/share/ecl_devices/cmake/ecl_devicesExport.cmake
[2.030s] -- Installing: /home/lfvmu/kobuki/install/share/ecl_devices/cmake/ecl_devicesExport-relwithdebinfo.cmake
[2.030s] -- Up-to-date: /home/lfvmu/kobuki/install/share/ecl_devices/cmake/ament_cmake_export_targets-extras.cmake
[2.030s] -- Up-to-date: /home/lfvmu/kobuki/install/share/ecl_devices/cmake/ament_cmake_export_include_directories-extras.cmake
[2.031s] -- Up-to-date: /home/lfvmu/kobuki/install/share/ecl_devices/cmake/ament_cmake_export_libraries-extras.cmake
[2.031s] -- Up-to-date: /home/lfvmu/kobuki/install/share/ecl_devices/cmake/ament_cmake_export_dependencies-extras.cmake
[2.031s] -- Up-to-date: /home/lfvmu/kobuki/install/share/ecl_devices/cmake/ecl_devicesConfig.cmake
[2.032s] -- Up-to-date: /home/lfvmu/kobuki/install/share/ecl_devices/cmake/ecl_devicesConfig-version.cmake
[2.032s] -- Up-to-date: /home/lfvmu/kobuki/install/share/ecl_devices/package.xml
[2.033s] -- Up-to-date: /home/lfvmu/kobuki/install/include/ecl/devices.hpp
[2.034s] -- Up-to-date: /home/lfvmu/kobuki/install/include/ecl/devices/console.hpp
[2.034s] -- Up-to-date: /home/lfvmu/kobuki/install/include/ecl/devices/macros.hpp
[2.034s] -- Up-to-date: /home/lfvmu/kobuki/install/include/ecl/devices/modes.hpp
[2.035s] -- Up-to-date: /home/lfvmu/kobuki/install/include/ecl/devices/ofile.hpp
[2.035s] -- Up-to-date: /home/lfvmu/kobuki/install/include/ecl/devices/ofile_pos.hpp
[2.035s] -- Up-to-date: /home/lfvmu/kobuki/install/include/ecl/devices/ofile_w32.hpp
[2.035s] -- Up-to-date: /home/lfvmu/kobuki/install/include/ecl/devices/serial.hpp
[2.036s] -- Up-to-date: /home/lfvmu/kobuki/install/include/ecl/devices/serial_parameters.hpp
[2.036s] -- Up-to-date: /home/lfvmu/kobuki/install/include/ecl/devices/serial_pos.hpp
[2.036s] -- Up-to-date: /home/lfvmu/kobuki/install/include/ecl/devices/serial_w32.hpp
[2.036s] -- Up-to-date: /home/lfvmu/kobuki/install/include/ecl/devices/shared_file.hpp
[2.037s] -- Up-to-date: /home/lfvmu/kobuki/install/include/ecl/devices/socket.hpp
[2.037s] -- Up-to-date: /home/lfvmu/kobuki/install/include/ecl/devices/socket_client_pos.hpp
[2.037s] -- Up-to-date: /home/lfvmu/kobuki/install/include/ecl/devices/socket_connection_status.hpp
[2.037s] -- Up-to-date: /home/lfvmu/kobuki/install/include/ecl/devices/socket_server_pos.hpp
[2.037s] -- Up-to-date: /home/lfvmu/kobuki/install/include/ecl/devices/string.hpp
[2.038s] -- Up-to-date: /home/lfvmu/kobuki/install/include/ecl/devices/traits.hpp
[2.038s] -- Up-to-date: /home/lfvmu/kobuki/install/include/ecl/devices/detail/character_buffer.hpp
[2.038s] -- Up-to-date: /home/lfvmu/kobuki/install/include/ecl/devices/detail/error_handler.hpp
[2.039s] -- Up-to-date: /home/lfvmu/kobuki/install/include/ecl/devices/detail/exception_handler_pos.hpp
[2.039s] -- Up-to-date: /home/lfvmu/kobuki/install/include/ecl/devices/detail/socket_error_handler_pos.hpp
[2.039s] -- Up-to-date: /home/lfvmu/kobuki/install/include/ecl/devices/detail/socket_exception_handler_pos.hpp
[2.040s] -- Up-to-date: /home/lfvmu/kobuki/install/lib/libecl_devices.so.1.2.1
[2.041s] -- Up-to-date: /home/lfvmu/kobuki/install/lib/libecl_devices.so
[2.042s] -- Up-to-date: /home/lfvmu/kobuki/install/lib/ecl_devices/demo_serial_timeouts
[2.065s] Invoked command in '/home/lfvmu/kobuki/build/ecl_devices' returned '0': /usr/bin/cmake --install /home/lfvmu/kobuki/build/ecl_devices
