[0.485s] Invoking command in '/home/lfvmu/kobuki/build/ecl_statistics': /usr/bin/cmake /home/lfvmu/kobuki/src/ecl_core/ecl_statistics -DBUILD_TESTING=OFF -DCMAKE_INSTALL_PREFIX=/home/lfvmu/kobuki/install
[0.534s] -- Found ament_cmake_ros: 0.9.2 (/home/lfvmu/kobuki/install/share/ament_cmake_ros/cmake)
[0.590s] -- Using PYTHON_EXECUTABLE: /usr/bin/python3
[0.944s] -- Found ecl_build: 1.0.3 (/home/lfvmu/kobuki/install/share/ecl_build/cmake)
[0.972s] -- Found ecl_config: 1.1.0 (/home/lfvmu/kobuki/install/share/ecl_config/cmake)
[0.973s] -- Found ecl_linear_algebra: 1.2.1 (/home/lfvmu/kobuki/install/share/ecl_linear_algebra/cmake)
[1.300s] -- Configuring done
[1.348s] -- Generating done
[1.355s] -- Build files have been written to: /home/lfvmu/kobuki/build/ecl_statistics
[1.693s] Invoked command in '/home/lfvmu/kobuki/build/ecl_statistics' returned '0': /usr/bin/cmake /home/lfvmu/kobuki/src/ecl_core/ecl_statistics -DBUILD_TESTING=OFF -DCMAKE_INSTALL_PREFIX=/home/lfvmu/kobuki/install
[1.706s] Invoking command in '/home/lfvmu/kobuki/build/ecl_statistics': /usr/bin/cmake --build /home/lfvmu/kobuki/build/ecl_statistics -- -j4 -l4
[1.855s] [100%] Built target ecl_statistics
[1.940s] Invoked command in '/home/lfvmu/kobuki/build/ecl_statistics' returned '0': /usr/bin/cmake --build /home/lfvmu/kobuki/build/ecl_statistics -- -j4 -l4
[2.013s] Invoking command in '/home/lfvmu/kobuki/build/ecl_statistics': /usr/bin/cmake --install /home/lfvmu/kobuki/build/ecl_statistics
[2.036s] -- Install configuration: "RelWithDebInfo"
[2.037s] -- Up-to-date: /home/lfvmu/kobuki/install/share/ecl_statistics/environment/library_path.sh
[2.037s] -- Installing: /home/lfvmu/kobuki/install/share/ecl_statistics/environment/library_path.dsv
[2.037s] -- Up-to-date: /home/lfvmu/kobuki/install/share/ament_index/resource_index/package_run_dependencies/ecl_statistics
[2.038s] -- Up-to-date: /home/lfvmu/kobuki/install/share/ament_index/resource_index/parent_prefix_path/ecl_statistics
[2.038s] -- Up-to-date: /home/lfvmu/kobuki/install/share/ecl_statistics/environment/ament_prefix_path.sh
[2.038s] -- Installing: /home/lfvmu/kobuki/install/share/ecl_statistics/environment/ament_prefix_path.dsv
[2.039s] -- Up-to-date: /home/lfvmu/kobuki/install/share/ecl_statistics/environment/path.sh
[2.039s] -- Installing: /home/lfvmu/kobuki/install/share/ecl_statistics/environment/path.dsv
[2.039s] -- Up-to-date: /home/lfvmu/kobuki/install/share/ecl_statistics/local_setup.bash
[2.040s] -- Up-to-date: /home/lfvmu/kobuki/install/share/ecl_statistics/local_setup.sh
[2.040s] -- Up-to-date: /home/lfvmu/kobuki/install/share/ecl_statistics/local_setup.zsh
[2.040s] -- Installing: /home/lfvmu/kobuki/install/share/ecl_statistics/local_setup.dsv
[2.040s] -- Installing: /home/lfvmu/kobuki/install/share/ecl_statistics/package.dsv
[2.041s] -- Up-to-date: /home/lfvmu/kobuki/install/share/ament_index/resource_index/packages/ecl_statistics
[2.042s] -- Up-to-date: /home/lfvmu/kobuki/install/share/ecl_statistics/cmake/ecl_statisticsExport.cmake
[2.042s] -- Installing: /home/lfvmu/kobuki/install/share/ecl_statistics/cmake/ecl_statisticsExport-relwithdebinfo.cmake
[2.042s] -- Up-to-date: /home/lfvmu/kobuki/install/share/ecl_statistics/cmake/ament_cmake_export_targets-extras.cmake
[2.043s] -- Up-to-date: /home/lfvmu/kobuki/install/share/ecl_statistics/cmake/ament_cmake_export_include_directories-extras.cmake
[2.043s] -- Up-to-date: /home/lfvmu/kobuki/install/share/ecl_statistics/cmake/ament_cmake_export_libraries-extras.cmake
[2.043s] -- Up-to-date: /home/lfvmu/kobuki/install/share/ecl_statistics/cmake/ament_cmake_export_dependencies-extras.cmake
[2.043s] -- Up-to-date: /home/lfvmu/kobuki/install/share/ecl_statistics/cmake/ecl_statisticsConfig.cmake
[2.043s] -- Up-to-date: /home/lfvmu/kobuki/install/share/ecl_statistics/cmake/ecl_statisticsConfig-version.cmake
[2.044s] -- Up-to-date: /home/lfvmu/kobuki/install/share/ecl_statistics/package.xml
[2.044s] -- Up-to-date: /home/lfvmu/kobuki/install/include/ecl/statistics.hpp
[2.044s] -- Up-to-date: /home/lfvmu/kobuki/install/include/ecl/statistics/covariance_ellipsoid.hpp
[2.045s] -- Up-to-date: /home/lfvmu/kobuki/install/include/ecl/statistics/cumulative_statistics.hpp
[2.049s] -- Up-to-date: /home/lfvmu/kobuki/install/lib/libecl_statistics.so.1.2.1
[2.051s] -- Up-to-date: /home/lfvmu/kobuki/install/lib/libecl_statistics.so
[2.062s] Invoked command in '/home/lfvmu/kobuki/build/ecl_statistics' returned '0': /usr/bin/cmake --install /home/lfvmu/kobuki/build/ecl_statistics
