[1.851s] Invoking command in '/home/lfvmu/kobuki/src/ament_lint/ament_flake8': PYTHONPATH=/home/lfvmu/kobuki/build/ament_flake8/prefix_override:/home/lfvmu/kobuki/install/lib/python3.8/site-packages:${PYTHONPATH} /usr/bin/python3 setup.py egg_info --egg-base ../../../build/ament_flake8 build --build-base /home/lfvmu/kobuki/build/ament_flake8/build install --record /home/lfvmu/kobuki/build/ament_flake8/install.log --single-version-externally-managed
[2.274s] running egg_info
[2.275s] writing ../../../build/ament_flake8/ament_flake8.egg-info/PKG-INFO
[2.275s] writing dependency_links to ../../../build/ament_flake8/ament_flake8.egg-info/dependency_links.txt
[2.276s] writing entry points to ../../../build/ament_flake8/ament_flake8.egg-info/entry_points.txt
[2.276s] writing requirements to ../../../build/ament_flake8/ament_flake8.egg-info/requires.txt
[2.276s] writing top-level names to ../../../build/ament_flake8/ament_flake8.egg-info/top_level.txt
[2.375s] reading manifest file '../../../build/ament_flake8/ament_flake8.egg-info/SOURCES.txt'
[2.378s] writing manifest file '../../../build/ament_flake8/ament_flake8.egg-info/SOURCES.txt'
[2.378s] running build
[2.378s] running build_py
[2.379s] running install
[2.381s] running install_lib
[2.384s] running install_data
[2.384s] running install_egg_info
[2.388s] removing '/home/lfvmu/kobuki/install/lib/python3.8/site-packages/ament_flake8-0.9.7-py3.8.egg-info' (and everything under it)
[2.388s] Copying ../../../build/ament_flake8/ament_flake8.egg-info to /home/lfvmu/kobuki/install/lib/python3.8/site-packages/ament_flake8-0.9.7-py3.8.egg-info
[2.390s] running install_scripts
[2.436s] Installing ament_flake8 script to /home/lfvmu/kobuki/install/bin
[2.437s] writing list of installed files to '/home/lfvmu/kobuki/build/ament_flake8/install.log'
[2.490s] Invoked command in '/home/lfvmu/kobuki/src/ament_lint/ament_flake8' returned '0': PYTHONPATH=/home/lfvmu/kobuki/build/ament_flake8/prefix_override:/home/lfvmu/kobuki/install/lib/python3.8/site-packages:${PYTHONPATH} /usr/bin/python3 setup.py egg_info --egg-base ../../../build/ament_flake8 build --build-base /home/lfvmu/kobuki/build/ament_flake8/build install --record /home/lfvmu/kobuki/build/ament_flake8/install.log --single-version-externally-managed
