[0.579s] Invoking command in '/home/lfvmu/kobuki/build/ecl_manipulators': /usr/bin/cmake /home/lfvmu/kobuki/src/ecl_core/ecl_manipulators -DBUILD_TESTING=OFF --no-warn-unused-cli -DCMAKE_INSTALL_PREFIX=/home/lfvmu/kobuki/install
[0.595s] Not searching for unused variables given on the command line.
[0.615s] -- Found ament_cmake_ros: 0.9.2 (/home/lfvmu/kobuki/install/share/ament_cmake_ros/cmake)
[0.672s] -- Using PYTHON_EXECUTABLE: /usr/bin/python3
[1.036s] -- Found ecl_build: 1.0.3 (/home/lfvmu/kobuki/install/share/ecl_build/cmake)
[1.075s] -- Found ecl_exceptions: 1.2.1 (/home/lfvmu/kobuki/install/share/ecl_exceptions/cmake)
[1.093s] -- Found ecl_formatters: 1.2.1 (/home/lfvmu/kobuki/install/share/ecl_formatters/cmake)
[1.147s] -- Found ecl_geometry: 1.2.1 (/home/lfvmu/kobuki/install/share/ecl_geometry/cmake)
[1.417s] -- Configuring done
[1.445s] -- Generating done
[1.453s] -- Build files have been written to: /home/lfvmu/kobuki/build/ecl_manipulators
[1.462s] Invoked command in '/home/lfvmu/kobuki/build/ecl_manipulators' returned '0': /usr/bin/cmake /home/lfvmu/kobuki/src/ecl_core/ecl_manipulators -DBUILD_TESTING=OFF --no-warn-unused-cli -DCMAKE_INSTALL_PREFIX=/home/lfvmu/kobuki/install
[1.472s] Invoking command in '/home/lfvmu/kobuki/build/ecl_manipulators': /usr/bin/cmake --build /home/lfvmu/kobuki/build/ecl_manipulators -- -j4 -l4
[1.673s] [100%] Built target ecl_manipulators
[1.700s] Invoked command in '/home/lfvmu/kobuki/build/ecl_manipulators' returned '0': /usr/bin/cmake --build /home/lfvmu/kobuki/build/ecl_manipulators -- -j4 -l4
[1.954s] Invoking command in '/home/lfvmu/kobuki/build/ecl_manipulators': /usr/bin/cmake --install /home/lfvmu/kobuki/build/ecl_manipulators
[1.991s] -- Install configuration: "RelWithDebInfo"
[1.992s] -- Up-to-date: /home/lfvmu/kobuki/install/share/ecl_manipulators/scripts
[1.993s] -- Up-to-date: /home/lfvmu/kobuki/install/share/ecl_manipulators/scripts/linear.x11
[1.993s] -- Up-to-date: /home/lfvmu/kobuki/install/share/ecl_manipulators/scripts/tension.x11
[1.993s] -- Up-to-date: /home/lfvmu/kobuki/install/share/ecl_manipulators/scripts/Makefile
[1.993s] -- Up-to-date: /home/lfvmu/kobuki/install/share/ecl_manipulators/environment/library_path.sh
[1.994s] -- Installing: /home/lfvmu/kobuki/install/share/ecl_manipulators/environment/library_path.dsv
[1.995s] -- Up-to-date: /home/lfvmu/kobuki/install/share/ament_index/resource_index/package_run_dependencies/ecl_manipulators
[1.996s] -- Up-to-date: /home/lfvmu/kobuki/install/share/ament_index/resource_index/parent_prefix_path/ecl_manipulators
[1.996s] -- Up-to-date: /home/lfvmu/kobuki/install/share/ecl_manipulators/environment/ament_prefix_path.sh
[1.996s] -- Installing: /home/lfvmu/kobuki/install/share/ecl_manipulators/environment/ament_prefix_path.dsv
[1.997s] -- Up-to-date: /home/lfvmu/kobuki/install/share/ecl_manipulators/environment/path.sh
[1.997s] -- Installing: /home/lfvmu/kobuki/install/share/ecl_manipulators/environment/path.dsv
[1.998s] -- Up-to-date: /home/lfvmu/kobuki/install/share/ecl_manipulators/local_setup.bash
[1.998s] -- Up-to-date: /home/lfvmu/kobuki/install/share/ecl_manipulators/local_setup.sh
[1.998s] -- Up-to-date: /home/lfvmu/kobuki/install/share/ecl_manipulators/local_setup.zsh
[1.999s] -- Installing: /home/lfvmu/kobuki/install/share/ecl_manipulators/local_setup.dsv
[1.999s] -- Installing: /home/lfvmu/kobuki/install/share/ecl_manipulators/package.dsv
[2.000s] -- Up-to-date: /home/lfvmu/kobuki/install/share/ament_index/resource_index/packages/ecl_manipulators
[2.002s] -- Up-to-date: /home/lfvmu/kobuki/install/share/ecl_manipulators/cmake/ecl_manipulatorsExport.cmake
[2.003s] -- Installing: /home/lfvmu/kobuki/install/share/ecl_manipulators/cmake/ecl_manipulatorsExport-relwithdebinfo.cmake
[2.004s] -- Up-to-date: /home/lfvmu/kobuki/install/share/ecl_manipulators/cmake/ament_cmake_export_targets-extras.cmake
[2.004s] -- Up-to-date: /home/lfvmu/kobuki/install/share/ecl_manipulators/cmake/ament_cmake_export_include_directories-extras.cmake
[2.005s] -- Up-to-date: /home/lfvmu/kobuki/install/share/ecl_manipulators/cmake/ament_cmake_export_libraries-extras.cmake
[2.005s] -- Up-to-date: /home/lfvmu/kobuki/install/share/ecl_manipulators/cmake/ament_cmake_export_dependencies-extras.cmake
[2.005s] -- Up-to-date: /home/lfvmu/kobuki/install/share/ecl_manipulators/cmake/ecl_manipulatorsConfig.cmake
[2.006s] -- Up-to-date: /home/lfvmu/kobuki/install/share/ecl_manipulators/cmake/ecl_manipulatorsConfig-version.cmake
[2.006s] -- Up-to-date: /home/lfvmu/kobuki/install/share/ecl_manipulators/package.xml
[2.008s] -- Up-to-date: /home/lfvmu/kobuki/install/include/ecl/manipulators.hpp
[2.009s] -- Up-to-date: /home/lfvmu/kobuki/install/include/ecl/manipulators/trajectory.hpp
[2.009s] -- Up-to-date: /home/lfvmu/kobuki/install/include/ecl/manipulators/types.hpp
[2.009s] -- Up-to-date: /home/lfvmu/kobuki/install/include/ecl/manipulators/waypoint.hpp
[2.011s] -- Up-to-date: /home/lfvmu/kobuki/install/lib/libecl_manipulators.so.1.2.1
[2.015s] -- Up-to-date: /home/lfvmu/kobuki/install/lib/libecl_manipulators.so
[2.049s] Invoked command in '/home/lfvmu/kobuki/build/ecl_manipulators' returned '0': /usr/bin/cmake --install /home/lfvmu/kobuki/build/ecl_manipulators
