[0.509s] Invoking command in '/home/lfvmu/kobuki/build/ament_cmake_export_interfaces': /usr/bin/cmake /home/lfvmu/kobuki/src/ament_cmake/ament_cmake_export_interfaces -DBUILD_TESTING=OFF -DCMAKE_INSTALL_PREFIX=/home/lfvmu/kobuki/install
[0.534s] -- Found ament_cmake_core: 0.9.11 (/home/lfvmu/kobuki/install/share/ament_cmake_core/cmake)
[0.590s] -- Using PYTHON_EXECUTABLE: /usr/bin/python3
[1.105s] -- Configuring done
[1.117s] -- Generating done
[1.118s] -- Build files have been written to: /home/lfvmu/kobuki/build/ament_cmake_export_interfaces
[1.126s] Invoked command in '/home/lfvmu/kobuki/build/ament_cmake_export_interfaces' returned '0': /usr/bin/cmake /home/lfvmu/kobuki/src/ament_cmake/ament_cmake_export_interfaces -DBUILD_TESTING=OFF -DCMAKE_INSTALL_PREFIX=/home/lfvmu/kobuki/install
[1.132s] Invoking command in '/home/lfvmu/kobuki/build/ament_cmake_export_interfaces': /usr/bin/cmake --build /home/lfvmu/kobuki/build/ament_cmake_export_interfaces -- -j4 -l4
[1.236s] Invoked command in '/home/lfvmu/kobuki/build/ament_cmake_export_interfaces' returned '0': /usr/bin/cmake --build /home/lfvmu/kobuki/build/ament_cmake_export_interfaces -- -j4 -l4
[1.476s] Invoking command in '/home/lfvmu/kobuki/build/ament_cmake_export_interfaces': /usr/bin/cmake --install /home/lfvmu/kobuki/build/ament_cmake_export_interfaces
[1.498s] -- Install configuration: "RelWithDebInfo"
[1.498s] -- Up-to-date: /home/lfvmu/kobuki/install/share/ament_index/resource_index/package_run_dependencies/ament_cmake_export_interfaces
[1.499s] -- Up-to-date: /home/lfvmu/kobuki/install/share/ament_index/resource_index/parent_prefix_path/ament_cmake_export_interfaces
[1.499s] -- Up-to-date: /home/lfvmu/kobuki/install/share/ament_cmake_export_interfaces/environment/ament_prefix_path.sh
[1.500s] -- Installing: /home/lfvmu/kobuki/install/share/ament_cmake_export_interfaces/environment/ament_prefix_path.dsv
[1.501s] -- Up-to-date: /home/lfvmu/kobuki/install/share/ament_cmake_export_interfaces/environment/path.sh
[1.502s] -- Installing: /home/lfvmu/kobuki/install/share/ament_cmake_export_interfaces/environment/path.dsv
[1.502s] -- Up-to-date: /home/lfvmu/kobuki/install/share/ament_cmake_export_interfaces/local_setup.bash
[1.503s] -- Up-to-date: /home/lfvmu/kobuki/install/share/ament_cmake_export_interfaces/local_setup.sh
[1.503s] -- Up-to-date: /home/lfvmu/kobuki/install/share/ament_cmake_export_interfaces/local_setup.zsh
[1.504s] -- Installing: /home/lfvmu/kobuki/install/share/ament_cmake_export_interfaces/local_setup.dsv
[1.505s] -- Installing: /home/lfvmu/kobuki/install/share/ament_cmake_export_interfaces/package.dsv
[1.506s] -- Up-to-date: /home/lfvmu/kobuki/install/share/ament_index/resource_index/packages/ament_cmake_export_interfaces
[1.506s] -- Up-to-date: /home/lfvmu/kobuki/install/share/ament_cmake_export_interfaces/cmake/ament_cmake_export_interfaces-extras.cmake
[1.507s] -- Up-to-date: /home/lfvmu/kobuki/install/share/ament_cmake_export_interfaces/cmake/ament_cmake_export_interfacesConfig.cmake
[1.507s] -- Up-to-date: /home/lfvmu/kobuki/install/share/ament_cmake_export_interfaces/cmake/ament_cmake_export_interfacesConfig-version.cmake
[1.507s] -- Up-to-date: /home/lfvmu/kobuki/install/share/ament_cmake_export_interfaces/package.xml
[1.508s] -- Up-to-date: /home/lfvmu/kobuki/install/share/ament_cmake_export_interfaces/cmake
[1.508s] -- Up-to-date: /home/lfvmu/kobuki/install/share/ament_cmake_export_interfaces/cmake/ament_export_interfaces.cmake
[1.508s] -- Up-to-date: /home/lfvmu/kobuki/install/share/ament_cmake_export_interfaces/cmake/ament_cmake_export_interfaces_package_hook.cmake
[1.509s] -- Up-to-date: /home/lfvmu/kobuki/install/share/ament_cmake_export_interfaces/cmake/ament_cmake_export_interfaces-extras.cmake.in
[1.774s] Invoked command in '/home/lfvmu/kobuki/build/ament_cmake_export_interfaces' returned '0': /usr/bin/cmake --install /home/lfvmu/kobuki/build/ament_cmake_export_interfaces
