[0.238s] Invoking command in '/home/lfvmu/kobuki/build/ament_cmake_export_link_flags': AMENT_PREFIX_PATH=/home/lfvmu/kobuki/install CMAKE_PREFIX_PATH=/home/lfvmu/kobuki/install LD_LIBRARY_PATH=/home/lfvmu/kobuki/install/lib PATH=/home/lfvmu/kobuki/install/bin:${PATH} PYTHONPATH=/home/lfvmu/kobuki/install/lib/python3.8/site-packages /usr/bin/cmake /home/lfvmu/kobuki/src/ament_cmake/ament_cmake_export_link_flags -DBUILD_TESTING=OFF -DCMAKE_INSTALL_PREFIX=/home/lfvmu/kobuki/install
[0.240s] Re-run cmake no build system arguments
[0.240s] -- Found ament_cmake_core: 0.9.11 (/home/lfvmu/kobuki/install/share/ament_cmake_core/cmake)
[0.241s] -- Using PYTHON_EXECUTABLE: /usr/bin/python3
[0.667s] -- Configuring done
[0.667s] -- Generating done
[0.667s] -- Build files have been written to: /home/lfvmu/kobuki/build/ament_cmake_export_link_flags
[0.720s] Invoked command in '/home/lfvmu/kobuki/build/ament_cmake_export_link_flags' returned '0': AMENT_PREFIX_PATH=/home/lfvmu/kobuki/install CMAKE_PREFIX_PATH=/home/lfvmu/kobuki/install LD_LIBRARY_PATH=/home/lfvmu/kobuki/install/lib PATH=/home/lfvmu/kobuki/install/bin:${PATH} PYTHONPATH=/home/lfvmu/kobuki/install/lib/python3.8/site-packages /usr/bin/cmake /home/lfvmu/kobuki/src/ament_cmake/ament_cmake_export_link_flags -DBUILD_TESTING=OFF -DCMAKE_INSTALL_PREFIX=/home/lfvmu/kobuki/install
[0.722s] Invoking command in '/home/lfvmu/kobuki/build/ament_cmake_export_link_flags': AMENT_PREFIX_PATH=/home/lfvmu/kobuki/install CMAKE_PREFIX_PATH=/home/lfvmu/kobuki/install LD_LIBRARY_PATH=/home/lfvmu/kobuki/install/lib PATH=/home/lfvmu/kobuki/install/bin:${PATH} PYTHONPATH=/home/lfvmu/kobuki/install/lib/python3.8/site-packages /usr/bin/cmake --build /home/lfvmu/kobuki/build/ament_cmake_export_link_flags -- -j4 -l4
[0.766s] /usr/bin/cmake -S/home/lfvmu/kobuki/src/ament_cmake/ament_cmake_export_link_flags -B/home/lfvmu/kobuki/build/ament_cmake_export_link_flags --check-build-system CMakeFiles/Makefile.cmake 0
[0.800s] /usr/bin/cmake -E cmake_progress_start /home/lfvmu/kobuki/build/ament_cmake_export_link_flags/CMakeFiles /home/lfvmu/kobuki/build/ament_cmake_export_link_flags/CMakeFiles/progress.marks
[0.822s] /usr/bin/make -f CMakeFiles/Makefile2 all
[0.825s] make[1]: Entering directory '/home/lfvmu/kobuki/build/ament_cmake_export_link_flags'
[0.825s] make[1]: Nothing to be done for 'all'.
[0.825s] make[1]: Leaving directory '/home/lfvmu/kobuki/build/ament_cmake_export_link_flags'
[0.826s] /usr/bin/cmake -E cmake_progress_start /home/lfvmu/kobuki/build/ament_cmake_export_link_flags/CMakeFiles 0
[1.006s] Invoked command in '/home/lfvmu/kobuki/build/ament_cmake_export_link_flags' returned '0': AMENT_PREFIX_PATH=/home/lfvmu/kobuki/install CMAKE_PREFIX_PATH=/home/lfvmu/kobuki/install LD_LIBRARY_PATH=/home/lfvmu/kobuki/install/lib PATH=/home/lfvmu/kobuki/install/bin:${PATH} PYTHONPATH=/home/lfvmu/kobuki/install/lib/python3.8/site-packages /usr/bin/cmake --build /home/lfvmu/kobuki/build/ament_cmake_export_link_flags -- -j4 -l4
[1.092s] Invoking command in '/home/lfvmu/kobuki/build/ament_cmake_export_link_flags': AMENT_PREFIX_PATH=/home/lfvmu/kobuki/install CMAKE_PREFIX_PATH=/home/lfvmu/kobuki/install LD_LIBRARY_PATH=/home/lfvmu/kobuki/install/lib PATH=/home/lfvmu/kobuki/install/bin:${PATH} PYTHONPATH=/home/lfvmu/kobuki/install/lib/python3.8/site-packages /usr/bin/cmake --install /home/lfvmu/kobuki/build/ament_cmake_export_link_flags
[1.150s] -- Install configuration: ""
[1.150s] -- Up-to-date: /home/lfvmu/kobuki/install/share/ament_index/resource_index/package_run_dependencies/ament_cmake_export_link_flags
[1.163s] -- Up-to-date: /home/lfvmu/kobuki/install/share/ament_index/resource_index/parent_prefix_path/ament_cmake_export_link_flags
[1.163s] -- Up-to-date: /home/lfvmu/kobuki/install/share/ament_cmake_export_link_flags/environment/ament_prefix_path.sh
[1.164s] -- Installing: /home/lfvmu/kobuki/install/share/ament_cmake_export_link_flags/environment/ament_prefix_path.dsv
[1.164s] -- Up-to-date: /home/lfvmu/kobuki/install/share/ament_cmake_export_link_flags/environment/path.sh
[1.164s] -- Installing: /home/lfvmu/kobuki/install/share/ament_cmake_export_link_flags/environment/path.dsv
[1.165s] -- Up-to-date: /home/lfvmu/kobuki/install/share/ament_cmake_export_link_flags/local_setup.bash
[1.165s] -- Up-to-date: /home/lfvmu/kobuki/install/share/ament_cmake_export_link_flags/local_setup.sh
[1.166s] -- Up-to-date: /home/lfvmu/kobuki/install/share/ament_cmake_export_link_flags/local_setup.zsh
[1.166s] -- Installing: /home/lfvmu/kobuki/install/share/ament_cmake_export_link_flags/local_setup.dsv
[1.166s] -- Installing: /home/lfvmu/kobuki/install/share/ament_cmake_export_link_flags/package.dsv
[1.166s] -- Up-to-date: /home/lfvmu/kobuki/install/share/ament_index/resource_index/packages/ament_cmake_export_link_flags
[1.167s] -- Up-to-date: /home/lfvmu/kobuki/install/share/ament_cmake_export_link_flags/cmake/ament_cmake_export_link_flags-extras.cmake
[1.167s] -- Up-to-date: /home/lfvmu/kobuki/install/share/ament_cmake_export_link_flags/cmake/ament_cmake_export_link_flagsConfig.cmake
[1.173s] -- Up-to-date: /home/lfvmu/kobuki/install/share/ament_cmake_export_link_flags/cmake/ament_cmake_export_link_flagsConfig-version.cmake
[1.181s] -- Up-to-date: /home/lfvmu/kobuki/install/share/ament_cmake_export_link_flags/package.xml
[1.182s] -- Up-to-date: /home/lfvmu/kobuki/install/share/ament_cmake_export_link_flags/cmake
[1.182s] -- Up-to-date: /home/lfvmu/kobuki/install/share/ament_cmake_export_link_flags/cmake/ament_cmake_export_link_flags-extras.cmake.in
[1.182s] -- Up-to-date: /home/lfvmu/kobuki/install/share/ament_cmake_export_link_flags/cmake/ament_cmake_export_link_flags_package_hook.cmake
[1.183s] -- Up-to-date: /home/lfvmu/kobuki/install/share/ament_cmake_export_link_flags/cmake/ament_export_link_flags.cmake
[1.353s] Invoked command in '/home/lfvmu/kobuki/build/ament_cmake_export_link_flags' returned '0': AMENT_PREFIX_PATH=/home/lfvmu/kobuki/install CMAKE_PREFIX_PATH=/home/lfvmu/kobuki/install LD_LIBRARY_PATH=/home/lfvmu/kobuki/install/lib PATH=/home/lfvmu/kobuki/install/bin:${PATH} PYTHONPATH=/home/lfvmu/kobuki/install/lib/python3.8/site-packages /usr/bin/cmake --install /home/lfvmu/kobuki/build/ament_cmake_export_link_flags
