Re-run cmake no build system arguments
-- Found ament_cmake_core: 0.9.11 (/home/lfvmu/kobuki/install/share/ament_cmake_core/cmake)
-- Using PYTHON_EXECUTABLE: /usr/bin/python3
-- Found ament_cmake_test: 0.9.11 (/home/lfvmu/kobuki/install/share/ament_cmake_test/cmake)
-- Configuring done
-- Generating done
-- Build files have been written to: /home/lfvmu/kobuki/build/ament_cmake_flake8
/usr/bin/cmake -S/home/lfvmu/kobuki/src/ament_lint/ament_cmake_flake8 -B/home/lfvmu/kobuki/build/ament_cmake_flake8 --check-build-system CMakeFiles/Makefile.cmake 0
/usr/bin/cmake -E cmake_progress_start /home/lfvmu/kobuki/build/ament_cmake_flake8/CMakeFiles /home/lfvmu/kobuki/build/ament_cmake_flake8/CMakeFiles/progress.marks
/usr/bin/make -f CMakeFiles/Makefile2 all
make[1]: Entering directory '/home/lfvmu/kobuki/build/ament_cmake_flake8'
make[1]: Nothing to be done for 'all'.
make[1]: Leaving directory '/home/lfvmu/kobuki/build/ament_cmake_flake8'
/usr/bin/cmake -E cmake_progress_start /home/lfvmu/kobuki/build/ament_cmake_flake8/CMakeFiles 0
-- Install configuration: "RelWithDebInfo"
-- Up-to-date: /home/lfvmu/kobuki/install/share/ament_index/resource_index/package_run_dependencies/ament_cmake_flake8
-- Up-to-date: /home/lfvmu/kobuki/install/share/ament_index/resource_index/parent_prefix_path/ament_cmake_flake8
-- Up-to-date: /home/lfvmu/kobuki/install/share/ament_cmake_flake8/environment/ament_prefix_path.sh
-- Installing: /home/lfvmu/kobuki/install/share/ament_cmake_flake8/environment/ament_prefix_path.dsv
-- Up-to-date: /home/lfvmu/kobuki/install/share/ament_cmake_flake8/environment/path.sh
-- Installing: /home/lfvmu/kobuki/install/share/ament_cmake_flake8/environment/path.dsv
-- Up-to-date: /home/lfvmu/kobuki/install/share/ament_cmake_flake8/local_setup.bash
-- Up-to-date: /home/lfvmu/kobuki/install/share/ament_cmake_flake8/local_setup.sh
-- Up-to-date: /home/lfvmu/kobuki/install/share/ament_cmake_flake8/local_setup.zsh
-- Installing: /home/lfvmu/kobuki/install/share/ament_cmake_flake8/local_setup.dsv
-- Installing: /home/lfvmu/kobuki/install/share/ament_cmake_flake8/package.dsv
-- Up-to-date: /home/lfvmu/kobuki/install/share/ament_index/resource_index/packages/ament_cmake_flake8
-- Up-to-date: /home/lfvmu/kobuki/install/share/ament_cmake_flake8/cmake/ament_cmake_flake8-extras.cmake
-- Up-to-date: /home/lfvmu/kobuki/install/share/ament_cmake_flake8/cmake/ament_cmake_flake8Config.cmake
-- Up-to-date: /home/lfvmu/kobuki/install/share/ament_cmake_flake8/cmake/ament_cmake_flake8Config-version.cmake
-- Up-to-date: /home/lfvmu/kobuki/install/share/ament_cmake_flake8/package.xml
-- Up-to-date: /home/lfvmu/kobuki/install/share/ament_cmake_flake8/cmake
-- Up-to-date: /home/lfvmu/kobuki/install/share/ament_cmake_flake8/cmake/ament_cmake_flake8_lint_hook.cmake
-- Up-to-date: /home/lfvmu/kobuki/install/share/ament_cmake_flake8/cmake/ament_flake8.cmake
