[0.265s] Invoking command in '/home/lfvmu/kobuki/build/ament_cmake_flake8': /usr/bin/cmake /home/lfvmu/kobuki/src/ament_lint/ament_cmake_flake8 -DBUILD_TESTING=OFF -DCMAKE_INSTALL_PREFIX=/home/lfvmu/kobuki/install
[0.318s] Re-run cmake no build system arguments
[0.318s] -- Found ament_cmake_core: 0.9.11 (/home/lfvmu/kobuki/install/share/ament_cmake_core/cmake)
[0.371s] -- Using PYTHON_EXECUTABLE: /usr/bin/python3
[0.726s] -- Found ament_cmake_test: 0.9.11 (/home/lfvmu/kobuki/install/share/ament_cmake_test/cmake)
[0.868s] -- Configuring done
[0.874s] -- Generating done
[0.876s] -- Build files have been written to: /home/lfvmu/kobuki/build/ament_cmake_flake8
[0.888s] Invoked command in '/home/lfvmu/kobuki/build/ament_cmake_flake8' returned '0': /usr/bin/cmake /home/lfvmu/kobuki/src/ament_lint/ament_cmake_flake8 -DBUILD_TESTING=OFF -DCMAKE_INSTALL_PREFIX=/home/lfvmu/kobuki/install
[0.890s] Invoking command in '/home/lfvmu/kobuki/build/ament_cmake_flake8': /usr/bin/cmake --build /home/lfvmu/kobuki/build/ament_cmake_flake8 -- -j4 -l4
[0.950s] /usr/bin/cmake -S/home/lfvmu/kobuki/src/ament_lint/ament_cmake_flake8 -B/home/lfvmu/kobuki/build/ament_cmake_flake8 --check-build-system CMakeFiles/Makefile.cmake 0
[0.966s] /usr/bin/cmake -E cmake_progress_start /home/lfvmu/kobuki/build/ament_cmake_flake8/CMakeFiles /home/lfvmu/kobuki/build/ament_cmake_flake8/CMakeFiles/progress.marks
[0.984s] /usr/bin/make -f CMakeFiles/Makefile2 all
[0.986s] make[1]: Entering directory '/home/lfvmu/kobuki/build/ament_cmake_flake8'
[0.987s] make[1]: Nothing to be done for 'all'.
[0.987s] make[1]: Leaving directory '/home/lfvmu/kobuki/build/ament_cmake_flake8'
[0.987s] /usr/bin/cmake -E cmake_progress_start /home/lfvmu/kobuki/build/ament_cmake_flake8/CMakeFiles 0
[1.018s] Invoked command in '/home/lfvmu/kobuki/build/ament_cmake_flake8' returned '0': /usr/bin/cmake --build /home/lfvmu/kobuki/build/ament_cmake_flake8 -- -j4 -l4
[1.149s] Invoking command in '/home/lfvmu/kobuki/build/ament_cmake_flake8': /usr/bin/cmake --install /home/lfvmu/kobuki/build/ament_cmake_flake8
[1.181s] -- Install configuration: "RelWithDebInfo"
[1.181s] -- Up-to-date: /home/lfvmu/kobuki/install/share/ament_index/resource_index/package_run_dependencies/ament_cmake_flake8
[1.182s] -- Up-to-date: /home/lfvmu/kobuki/install/share/ament_index/resource_index/parent_prefix_path/ament_cmake_flake8
[1.182s] -- Up-to-date: /home/lfvmu/kobuki/install/share/ament_cmake_flake8/environment/ament_prefix_path.sh
[1.182s] -- Installing: /home/lfvmu/kobuki/install/share/ament_cmake_flake8/environment/ament_prefix_path.dsv
[1.183s] -- Up-to-date: /home/lfvmu/kobuki/install/share/ament_cmake_flake8/environment/path.sh
[1.183s] -- Installing: /home/lfvmu/kobuki/install/share/ament_cmake_flake8/environment/path.dsv
[1.183s] -- Up-to-date: /home/lfvmu/kobuki/install/share/ament_cmake_flake8/local_setup.bash
[1.183s] -- Up-to-date: /home/lfvmu/kobuki/install/share/ament_cmake_flake8/local_setup.sh
[1.184s] -- Up-to-date: /home/lfvmu/kobuki/install/share/ament_cmake_flake8/local_setup.zsh
[1.184s] -- Installing: /home/lfvmu/kobuki/install/share/ament_cmake_flake8/local_setup.dsv
[1.184s] -- Installing: /home/lfvmu/kobuki/install/share/ament_cmake_flake8/package.dsv
[1.185s] -- Up-to-date: /home/lfvmu/kobuki/install/share/ament_index/resource_index/packages/ament_cmake_flake8
[1.185s] -- Up-to-date: /home/lfvmu/kobuki/install/share/ament_cmake_flake8/cmake/ament_cmake_flake8-extras.cmake
[1.185s] -- Up-to-date: /home/lfvmu/kobuki/install/share/ament_cmake_flake8/cmake/ament_cmake_flake8Config.cmake
[1.186s] -- Up-to-date: /home/lfvmu/kobuki/install/share/ament_cmake_flake8/cmake/ament_cmake_flake8Config-version.cmake
[1.186s] -- Up-to-date: /home/lfvmu/kobuki/install/share/ament_cmake_flake8/package.xml
[1.186s] -- Up-to-date: /home/lfvmu/kobuki/install/share/ament_cmake_flake8/cmake
[1.187s] -- Up-to-date: /home/lfvmu/kobuki/install/share/ament_cmake_flake8/cmake/ament_cmake_flake8_lint_hook.cmake
[1.187s] -- Up-to-date: /home/lfvmu/kobuki/install/share/ament_cmake_flake8/cmake/ament_flake8.cmake
[1.357s] Invoked command in '/home/lfvmu/kobuki/build/ament_cmake_flake8' returned '0': /usr/bin/cmake --install /home/lfvmu/kobuki/build/ament_cmake_flake8
