Re-run cmake no build system arguments
-- Found ament_cmake_ros: 0.9.2 (/home/lfvmu/kobuki/install/share/ament_cmake_ros/cmake)
-- Using PYTHON_EXECUTABLE: /usr/bin/python3
-- Found ecl_build: 1.0.3 (/home/lfvmu/kobuki/install/share/ecl_build/cmake)
-- Found ecl_config: 1.1.0 (/home/lfvmu/kobuki/install/share/ecl_config/cmake)
-- Found ecl_linear_algebra: 1.2.1 (/home/lfvmu/kobuki/install/share/ecl_linear_algebra/cmake)
-- Configuring done
-- Generating done
-- Build files have been written to: /home/lfvmu/kobuki/build/ecl_statistics
/usr/bin/cmake -S/home/lfvmu/kobuki/src/ecl_core/ecl_statistics -B/home/lfvmu/kobuki/build/ecl_statistics --check-build-system CMakeFiles/Makefile.cmake 0
/usr/bin/cmake -E cmake_progress_start /home/lfvmu/kobuki/build/ecl_statistics/CMakeFiles /home/lfvmu/kobuki/build/ecl_statistics/CMakeFiles/progress.marks
/usr/bin/make -f CMakeFiles/Makefile2 all
make[1]: Entering directory '/home/lfvmu/kobuki/build/ecl_statistics'
/usr/bin/make -f src/lib/CMakeFiles/ecl_statistics.dir/build.make src/lib/CMakeFiles/ecl_statistics.dir/depend
make[2]: Entering directory '/home/lfvmu/kobuki/build/ecl_statistics'
cd /home/lfvmu/kobuki/build/ecl_statistics && /usr/bin/cmake -E cmake_depends "Unix Makefiles" /home/lfvmu/kobuki/src/ecl_core/ecl_statistics /home/lfvmu/kobuki/src/ecl_core/ecl_statistics/src/lib /home/lfvmu/kobuki/build/ecl_statistics /home/lfvmu/kobuki/build/ecl_statistics/src/lib /home/lfvmu/kobuki/build/ecl_statistics/src/lib/CMakeFiles/ecl_statistics.dir/DependInfo.cmake --color=
make[2]: Leaving directory '/home/lfvmu/kobuki/build/ecl_statistics'
/usr/bin/make -f src/lib/CMakeFiles/ecl_statistics.dir/build.make src/lib/CMakeFiles/ecl_statistics.dir/build
make[2]: Entering directory '/home/lfvmu/kobuki/build/ecl_statistics'
make[2]: Nothing to be done for 'src/lib/CMakeFiles/ecl_statistics.dir/build'.
make[2]: Leaving directory '/home/lfvmu/kobuki/build/ecl_statistics'
[100%] Built target ecl_statistics
make[1]: Leaving directory '/home/lfvmu/kobuki/build/ecl_statistics'
/usr/bin/cmake -E cmake_progress_start /home/lfvmu/kobuki/build/ecl_statistics/CMakeFiles 0
-- Install configuration: ""
-- Up-to-date: /home/lfvmu/kobuki/install/share/ecl_statistics/environment/library_path.sh
-- Installing: /home/lfvmu/kobuki/install/share/ecl_statistics/environment/library_path.dsv
-- Up-to-date: /home/lfvmu/kobuki/install/share/ament_index/resource_index/package_run_dependencies/ecl_statistics
-- Up-to-date: /home/lfvmu/kobuki/install/share/ament_index/resource_index/parent_prefix_path/ecl_statistics
-- Up-to-date: /home/lfvmu/kobuki/install/share/ecl_statistics/environment/ament_prefix_path.sh
-- Installing: /home/lfvmu/kobuki/install/share/ecl_statistics/environment/ament_prefix_path.dsv
-- Up-to-date: /home/lfvmu/kobuki/install/share/ecl_statistics/environment/path.sh
-- Installing: /home/lfvmu/kobuki/install/share/ecl_statistics/environment/path.dsv
-- Up-to-date: /home/lfvmu/kobuki/install/share/ecl_statistics/local_setup.bash
-- Up-to-date: /home/lfvmu/kobuki/install/share/ecl_statistics/local_setup.sh
-- Up-to-date: /home/lfvmu/kobuki/install/share/ecl_statistics/local_setup.zsh
-- Installing: /home/lfvmu/kobuki/install/share/ecl_statistics/local_setup.dsv
-- Installing: /home/lfvmu/kobuki/install/share/ecl_statistics/package.dsv
-- Up-to-date: /home/lfvmu/kobuki/install/share/ament_index/resource_index/packages/ecl_statistics
-- Up-to-date: /home/lfvmu/kobuki/install/share/ecl_statistics/cmake/ecl_statisticsExport.cmake
-- Installing: /home/lfvmu/kobuki/install/share/ecl_statistics/cmake/ecl_statisticsExport-noconfig.cmake
-- Up-to-date: /home/lfvmu/kobuki/install/share/ecl_statistics/cmake/ament_cmake_export_targets-extras.cmake
-- Up-to-date: /home/lfvmu/kobuki/install/share/ecl_statistics/cmake/ament_cmake_export_include_directories-extras.cmake
-- Up-to-date: /home/lfvmu/kobuki/install/share/ecl_statistics/cmake/ament_cmake_export_libraries-extras.cmake
-- Up-to-date: /home/lfvmu/kobuki/install/share/ecl_statistics/cmake/ament_cmake_export_dependencies-extras.cmake
-- Up-to-date: /home/lfvmu/kobuki/install/share/ecl_statistics/cmake/ecl_statisticsConfig.cmake
-- Up-to-date: /home/lfvmu/kobuki/install/share/ecl_statistics/cmake/ecl_statisticsConfig-version.cmake
-- Up-to-date: /home/lfvmu/kobuki/install/share/ecl_statistics/package.xml
-- Up-to-date: /home/lfvmu/kobuki/install/include/ecl/statistics.hpp
-- Up-to-date: /home/lfvmu/kobuki/install/include/ecl/statistics/covariance_ellipsoid.hpp
-- Up-to-date: /home/lfvmu/kobuki/install/include/ecl/statistics/cumulative_statistics.hpp
-- Up-to-date: /home/lfvmu/kobuki/install/lib/libecl_statistics.so.1.2.1
-- Up-to-date: /home/lfvmu/kobuki/install/lib/libecl_statistics.so
