[0.349s] Invoking command in '/home/lfvmu/kobuki/build/ecl_statistics': AMENT_PREFIX_PATH=/home/lfvmu/kobuki/install CMAKE_PREFIX_PATH=/home/lfvmu/kobuki/install LD_LIBRARY_PATH=/home/lfvmu/kobuki/install/lib PATH=/home/lfvmu/kobuki/install/bin:${PATH} PKG_CONFIG_PATH=/home/lfvmu/kobuki/install/lib/x86_64-linux-gnu/pkgconfig:/home/lfvmu/kobuki/install/lib/pkgconfig PYTHONPATH=/home/lfvmu/kobuki/install/lib/python3.8/site-packages /usr/bin/cmake /home/lfvmu/kobuki/src/ecl_core/ecl_statistics -DBUILD_TESTING=OFF -DCMAKE_INSTALL_PREFIX=/home/lfvmu/kobuki/install
[0.369s] Re-run cmake no build system arguments
[0.393s] -- Found ament_cmake_ros: 0.9.2 (/home/lfvmu/kobuki/install/share/ament_cmake_ros/cmake)
[0.458s] -- Using PYTHON_EXECUTABLE: /usr/bin/python3
[0.864s] -- Found ecl_build: 1.0.3 (/home/lfvmu/kobuki/install/share/ecl_build/cmake)
[0.886s] -- Found ecl_config: 1.1.0 (/home/lfvmu/kobuki/install/share/ecl_config/cmake)
[0.902s] -- Found ecl_linear_algebra: 1.2.1 (/home/lfvmu/kobuki/install/share/ecl_linear_algebra/cmake)
[1.200s] -- Configuring done
[1.231s] -- Generating done
[1.263s] -- Build files have been written to: /home/lfvmu/kobuki/build/ecl_statistics
[1.280s] Invoked command in '/home/lfvmu/kobuki/build/ecl_statistics' returned '0': AMENT_PREFIX_PATH=/home/lfvmu/kobuki/install CMAKE_PREFIX_PATH=/home/lfvmu/kobuki/install LD_LIBRARY_PATH=/home/lfvmu/kobuki/install/lib PATH=/home/lfvmu/kobuki/install/bin:${PATH} PKG_CONFIG_PATH=/home/lfvmu/kobuki/install/lib/x86_64-linux-gnu/pkgconfig:/home/lfvmu/kobuki/install/lib/pkgconfig PYTHONPATH=/home/lfvmu/kobuki/install/lib/python3.8/site-packages /usr/bin/cmake /home/lfvmu/kobuki/src/ecl_core/ecl_statistics -DBUILD_TESTING=OFF -DCMAKE_INSTALL_PREFIX=/home/lfvmu/kobuki/install
[1.288s] Invoking command in '/home/lfvmu/kobuki/build/ecl_statistics': AMENT_PREFIX_PATH=/home/lfvmu/kobuki/install CMAKE_PREFIX_PATH=/home/lfvmu/kobuki/install LD_LIBRARY_PATH=/home/lfvmu/kobuki/install/lib PATH=/home/lfvmu/kobuki/install/bin:${PATH} PKG_CONFIG_PATH=/home/lfvmu/kobuki/install/lib/x86_64-linux-gnu/pkgconfig:/home/lfvmu/kobuki/install/lib/pkgconfig PYTHONPATH=/home/lfvmu/kobuki/install/lib/python3.8/site-packages /usr/bin/cmake --build /home/lfvmu/kobuki/build/ecl_statistics -- -j4 -l4
[1.351s] /usr/bin/cmake -S/home/lfvmu/kobuki/src/ecl_core/ecl_statistics -B/home/lfvmu/kobuki/build/ecl_statistics --check-build-system CMakeFiles/Makefile.cmake 0
[1.414s] /usr/bin/cmake -E cmake_progress_start /home/lfvmu/kobuki/build/ecl_statistics/CMakeFiles /home/lfvmu/kobuki/build/ecl_statistics/CMakeFiles/progress.marks
[1.418s] /usr/bin/make -f CMakeFiles/Makefile2 all
[1.420s] make[1]: Entering directory '/home/lfvmu/kobuki/build/ecl_statistics'
[1.421s] /usr/bin/make -f src/lib/CMakeFiles/ecl_statistics.dir/build.make src/lib/CMakeFiles/ecl_statistics.dir/depend
[1.421s] make[2]: Entering directory '/home/lfvmu/kobuki/build/ecl_statistics'
[1.421s] cd /home/lfvmu/kobuki/build/ecl_statistics && /usr/bin/cmake -E cmake_depends "Unix Makefiles" /home/lfvmu/kobuki/src/ecl_core/ecl_statistics /home/lfvmu/kobuki/src/ecl_core/ecl_statistics/src/lib /home/lfvmu/kobuki/build/ecl_statistics /home/lfvmu/kobuki/build/ecl_statistics/src/lib /home/lfvmu/kobuki/build/ecl_statistics/src/lib/CMakeFiles/ecl_statistics.dir/DependInfo.cmake --color=
[1.457s] make[2]: Leaving directory '/home/lfvmu/kobuki/build/ecl_statistics'
[1.457s] /usr/bin/make -f src/lib/CMakeFiles/ecl_statistics.dir/build.make src/lib/CMakeFiles/ecl_statistics.dir/build
[1.485s] make[2]: Entering directory '/home/lfvmu/kobuki/build/ecl_statistics'
[1.486s] make[2]: Nothing to be done for 'src/lib/CMakeFiles/ecl_statistics.dir/build'.
[1.487s] make[2]: Leaving directory '/home/lfvmu/kobuki/build/ecl_statistics'
[1.513s] [100%] Built target ecl_statistics
[1.526s] make[1]: Leaving directory '/home/lfvmu/kobuki/build/ecl_statistics'
[1.539s] /usr/bin/cmake -E cmake_progress_start /home/lfvmu/kobuki/build/ecl_statistics/CMakeFiles 0
[1.605s] Invoked command in '/home/lfvmu/kobuki/build/ecl_statistics' returned '0': AMENT_PREFIX_PATH=/home/lfvmu/kobuki/install CMAKE_PREFIX_PATH=/home/lfvmu/kobuki/install LD_LIBRARY_PATH=/home/lfvmu/kobuki/install/lib PATH=/home/lfvmu/kobuki/install/bin:${PATH} PKG_CONFIG_PATH=/home/lfvmu/kobuki/install/lib/x86_64-linux-gnu/pkgconfig:/home/lfvmu/kobuki/install/lib/pkgconfig PYTHONPATH=/home/lfvmu/kobuki/install/lib/python3.8/site-packages /usr/bin/cmake --build /home/lfvmu/kobuki/build/ecl_statistics -- -j4 -l4
[1.688s] Invoking command in '/home/lfvmu/kobuki/build/ecl_statistics': AMENT_PREFIX_PATH=/home/lfvmu/kobuki/install CMAKE_PREFIX_PATH=/home/lfvmu/kobuki/install LD_LIBRARY_PATH=/home/lfvmu/kobuki/install/lib PATH=/home/lfvmu/kobuki/install/bin:${PATH} PKG_CONFIG_PATH=/home/lfvmu/kobuki/install/lib/x86_64-linux-gnu/pkgconfig:/home/lfvmu/kobuki/install/lib/pkgconfig PYTHONPATH=/home/lfvmu/kobuki/install/lib/python3.8/site-packages /usr/bin/cmake --install /home/lfvmu/kobuki/build/ecl_statistics
[1.714s] -- Install configuration: ""
[1.715s] -- Up-to-date: /home/lfvmu/kobuki/install/share/ecl_statistics/environment/library_path.sh
[1.715s] -- Installing: /home/lfvmu/kobuki/install/share/ecl_statistics/environment/library_path.dsv
[1.717s] -- Up-to-date: /home/lfvmu/kobuki/install/share/ament_index/resource_index/package_run_dependencies/ecl_statistics
[1.717s] -- Up-to-date: /home/lfvmu/kobuki/install/share/ament_index/resource_index/parent_prefix_path/ecl_statistics
[1.718s] -- Up-to-date: /home/lfvmu/kobuki/install/share/ecl_statistics/environment/ament_prefix_path.sh
[1.719s] -- Installing: /home/lfvmu/kobuki/install/share/ecl_statistics/environment/ament_prefix_path.dsv
[1.720s] -- Up-to-date: /home/lfvmu/kobuki/install/share/ecl_statistics/environment/path.sh
[1.721s] -- Installing: /home/lfvmu/kobuki/install/share/ecl_statistics/environment/path.dsv
[1.721s] -- Up-to-date: /home/lfvmu/kobuki/install/share/ecl_statistics/local_setup.bash
[1.722s] -- Up-to-date: /home/lfvmu/kobuki/install/share/ecl_statistics/local_setup.sh
[1.722s] -- Up-to-date: /home/lfvmu/kobuki/install/share/ecl_statistics/local_setup.zsh
[1.723s] -- Installing: /home/lfvmu/kobuki/install/share/ecl_statistics/local_setup.dsv
[1.724s] -- Installing: /home/lfvmu/kobuki/install/share/ecl_statistics/package.dsv
[1.724s] -- Up-to-date: /home/lfvmu/kobuki/install/share/ament_index/resource_index/packages/ecl_statistics
[1.727s] -- Up-to-date: /home/lfvmu/kobuki/install/share/ecl_statistics/cmake/ecl_statisticsExport.cmake
[1.729s] -- Installing: /home/lfvmu/kobuki/install/share/ecl_statistics/cmake/ecl_statisticsExport-noconfig.cmake
[1.729s] -- Up-to-date: /home/lfvmu/kobuki/install/share/ecl_statistics/cmake/ament_cmake_export_targets-extras.cmake
[1.730s] -- Up-to-date: /home/lfvmu/kobuki/install/share/ecl_statistics/cmake/ament_cmake_export_include_directories-extras.cmake
[1.730s] -- Up-to-date: /home/lfvmu/kobuki/install/share/ecl_statistics/cmake/ament_cmake_export_libraries-extras.cmake
[1.730s] -- Up-to-date: /home/lfvmu/kobuki/install/share/ecl_statistics/cmake/ament_cmake_export_dependencies-extras.cmake
[1.731s] -- Up-to-date: /home/lfvmu/kobuki/install/share/ecl_statistics/cmake/ecl_statisticsConfig.cmake
[1.731s] -- Up-to-date: /home/lfvmu/kobuki/install/share/ecl_statistics/cmake/ecl_statisticsConfig-version.cmake
[1.731s] -- Up-to-date: /home/lfvmu/kobuki/install/share/ecl_statistics/package.xml
[1.731s] -- Up-to-date: /home/lfvmu/kobuki/install/include/ecl/statistics.hpp
[1.732s] -- Up-to-date: /home/lfvmu/kobuki/install/include/ecl/statistics/covariance_ellipsoid.hpp
[1.732s] -- Up-to-date: /home/lfvmu/kobuki/install/include/ecl/statistics/cumulative_statistics.hpp
[1.733s] -- Up-to-date: /home/lfvmu/kobuki/install/lib/libecl_statistics.so.1.2.1
[1.734s] -- Up-to-date: /home/lfvmu/kobuki/install/lib/libecl_statistics.so
[1.756s] Invoked command in '/home/lfvmu/kobuki/build/ecl_statistics' returned '0': AMENT_PREFIX_PATH=/home/lfvmu/kobuki/install CMAKE_PREFIX_PATH=/home/lfvmu/kobuki/install LD_LIBRARY_PATH=/home/lfvmu/kobuki/install/lib PATH=/home/lfvmu/kobuki/install/bin:${PATH} PKG_CONFIG_PATH=/home/lfvmu/kobuki/install/lib/x86_64-linux-gnu/pkgconfig:/home/lfvmu/kobuki/install/lib/pkgconfig PYTHONPATH=/home/lfvmu/kobuki/install/lib/python3.8/site-packages /usr/bin/cmake --install /home/lfvmu/kobuki/build/ecl_statistics
