[0.474s] Invoking command in '/home/lfvmu/kobuki/build/ament_cmake_xmllint': AMENT_PREFIX_PATH=/home/lfvmu/kobuki/install CMAKE_PREFIX_PATH=/home/lfvmu/kobuki/install LD_LIBRARY_PATH=/home/lfvmu/kobuki/install/lib PATH=/home/lfvmu/kobuki/install/bin:${PATH} PYTHONPATH=/home/lfvmu/kobuki/install/lib/python3.8/site-packages /usr/bin/cmake /home/lfvmu/kobuki/src/ament_lint/ament_cmake_xmllint -DBUILD_TESTING=OFF -DCMAKE_INSTALL_PREFIX=/home/lfvmu/kobuki/install
[0.516s] Re-run cmake no build system arguments
[0.520s] -- Found ament_cmake_core: 0.9.11 (/home/lfvmu/kobuki/install/share/ament_cmake_core/cmake)
[0.581s] -- Using PYTHON_EXECUTABLE: /usr/bin/python3
[0.912s] -- Found ament_cmake_test: 0.9.11 (/home/lfvmu/kobuki/install/share/ament_cmake_test/cmake)
[1.059s] -- Configuring done
[1.066s] -- Generating done
[1.069s] -- Build files have been written to: /home/lfvmu/kobuki/build/ament_cmake_xmllint
[1.079s] Invoked command in '/home/lfvmu/kobuki/build/ament_cmake_xmllint' returned '0': AMENT_PREFIX_PATH=/home/lfvmu/kobuki/install CMAKE_PREFIX_PATH=/home/lfvmu/kobuki/install LD_LIBRARY_PATH=/home/lfvmu/kobuki/install/lib PATH=/home/lfvmu/kobuki/install/bin:${PATH} PYTHONPATH=/home/lfvmu/kobuki/install/lib/python3.8/site-packages /usr/bin/cmake /home/lfvmu/kobuki/src/ament_lint/ament_cmake_xmllint -DBUILD_TESTING=OFF -DCMAKE_INSTALL_PREFIX=/home/lfvmu/kobuki/install
[1.089s] Invoking command in '/home/lfvmu/kobuki/build/ament_cmake_xmllint': AMENT_PREFIX_PATH=/home/lfvmu/kobuki/install CMAKE_PREFIX_PATH=/home/lfvmu/kobuki/install LD_LIBRARY_PATH=/home/lfvmu/kobuki/install/lib PATH=/home/lfvmu/kobuki/install/bin:${PATH} PYTHONPATH=/home/lfvmu/kobuki/install/lib/python3.8/site-packages /usr/bin/cmake --build /home/lfvmu/kobuki/build/ament_cmake_xmllint -- -j4 -l4
[1.133s] /usr/bin/cmake -S/home/lfvmu/kobuki/src/ament_lint/ament_cmake_xmllint -B/home/lfvmu/kobuki/build/ament_cmake_xmllint --check-build-system CMakeFiles/Makefile.cmake 0
[1.157s] /usr/bin/cmake -E cmake_progress_start /home/lfvmu/kobuki/build/ament_cmake_xmllint/CMakeFiles /home/lfvmu/kobuki/build/ament_cmake_xmllint/CMakeFiles/progress.marks
[1.177s] /usr/bin/make -f CMakeFiles/Makefile2 all
[1.180s] make[1]: Entering directory '/home/lfvmu/kobuki/build/ament_cmake_xmllint'
[1.180s] make[1]: Nothing to be done for 'all'.
[1.180s] make[1]: Leaving directory '/home/lfvmu/kobuki/build/ament_cmake_xmllint'
[1.181s] /usr/bin/cmake -E cmake_progress_start /home/lfvmu/kobuki/build/ament_cmake_xmllint/CMakeFiles 0
[1.225s] Invoked command in '/home/lfvmu/kobuki/build/ament_cmake_xmllint' returned '0': AMENT_PREFIX_PATH=/home/lfvmu/kobuki/install CMAKE_PREFIX_PATH=/home/lfvmu/kobuki/install LD_LIBRARY_PATH=/home/lfvmu/kobuki/install/lib PATH=/home/lfvmu/kobuki/install/bin:${PATH} PYTHONPATH=/home/lfvmu/kobuki/install/lib/python3.8/site-packages /usr/bin/cmake --build /home/lfvmu/kobuki/build/ament_cmake_xmllint -- -j4 -l4
[1.330s] Invoking command in '/home/lfvmu/kobuki/build/ament_cmake_xmllint': AMENT_PREFIX_PATH=/home/lfvmu/kobuki/install CMAKE_PREFIX_PATH=/home/lfvmu/kobuki/install LD_LIBRARY_PATH=/home/lfvmu/kobuki/install/lib PATH=/home/lfvmu/kobuki/install/bin:${PATH} PYTHONPATH=/home/lfvmu/kobuki/install/lib/python3.8/site-packages /usr/bin/cmake --install /home/lfvmu/kobuki/build/ament_cmake_xmllint
[1.371s] -- Install configuration: ""
[1.371s] -- Up-to-date: /home/lfvmu/kobuki/install/share/ament_index/resource_index/package_run_dependencies/ament_cmake_xmllint
[1.373s] -- Up-to-date: /home/lfvmu/kobuki/install/share/ament_index/resource_index/parent_prefix_path/ament_cmake_xmllint
[1.373s] -- Up-to-date: /home/lfvmu/kobuki/install/share/ament_cmake_xmllint/environment/ament_prefix_path.sh
[1.374s] -- Installing: /home/lfvmu/kobuki/install/share/ament_cmake_xmllint/environment/ament_prefix_path.dsv
[1.379s] -- Up-to-date: /home/lfvmu/kobuki/install/share/ament_cmake_xmllint/environment/path.sh
[1.380s] -- Installing: /home/lfvmu/kobuki/install/share/ament_cmake_xmllint/environment/path.dsv
[1.381s] -- Up-to-date: /home/lfvmu/kobuki/install/share/ament_cmake_xmllint/local_setup.bash
[1.382s] -- Up-to-date: /home/lfvmu/kobuki/install/share/ament_cmake_xmllint/local_setup.sh
[1.382s] -- Up-to-date: /home/lfvmu/kobuki/install/share/ament_cmake_xmllint/local_setup.zsh
[1.382s] -- Installing: /home/lfvmu/kobuki/install/share/ament_cmake_xmllint/local_setup.dsv
[1.383s] -- Installing: /home/lfvmu/kobuki/install/share/ament_cmake_xmllint/package.dsv
[1.383s] -- Up-to-date: /home/lfvmu/kobuki/install/share/ament_index/resource_index/packages/ament_cmake_xmllint
[1.383s] -- Up-to-date: /home/lfvmu/kobuki/install/share/ament_cmake_xmllint/cmake/ament_cmake_xmllint-extras.cmake
[1.384s] -- Up-to-date: /home/lfvmu/kobuki/install/share/ament_cmake_xmllint/cmake/ament_cmake_xmllintConfig.cmake
[1.384s] -- Up-to-date: /home/lfvmu/kobuki/install/share/ament_cmake_xmllint/cmake/ament_cmake_xmllintConfig-version.cmake
[1.384s] -- Up-to-date: /home/lfvmu/kobuki/install/share/ament_cmake_xmllint/package.xml
[1.384s] -- Up-to-date: /home/lfvmu/kobuki/install/share/ament_cmake_xmllint/cmake
[1.384s] -- Up-to-date: /home/lfvmu/kobuki/install/share/ament_cmake_xmllint/cmake/ament_xmllint.cmake
[1.385s] -- Up-to-date: /home/lfvmu/kobuki/install/share/ament_cmake_xmllint/cmake/ament_cmake_xmllint_lint_hook.cmake
[1.394s] Invoked command in '/home/lfvmu/kobuki/build/ament_cmake_xmllint' returned '0': AMENT_PREFIX_PATH=/home/lfvmu/kobuki/install CMAKE_PREFIX_PATH=/home/lfvmu/kobuki/install LD_LIBRARY_PATH=/home/lfvmu/kobuki/install/lib PATH=/home/lfvmu/kobuki/install/bin:${PATH} PYTHONPATH=/home/lfvmu/kobuki/install/lib/python3.8/site-packages /usr/bin/cmake --install /home/lfvmu/kobuki/build/ament_cmake_xmllint
