[0.072s] Invoking command in '/home/lfvmu/kobuki/build/ament_cmake_cpplint': AMENT_PREFIX_PATH=/home/lfvmu/kobuki/install CMAKE_PREFIX_PATH=/home/lfvmu/kobuki/install LD_LIBRARY_PATH=/home/lfvmu/kobuki/install/lib PATH=/home/lfvmu/kobuki/install/bin:${PATH} PYTHONPATH=/home/lfvmu/kobuki/install/lib/python3.8/site-packages /usr/bin/cmake /home/lfvmu/kobuki/src/ament_lint/ament_cmake_cpplint -DBUILD_TESTING=OFF -DCMAKE_BUILD_TYPE=RelWithDebInfo -DCMAKE_INSTALL_PREFIX=/home/lfvmu/kobuki/install
[0.103s] -- Found ament_cmake_core: 0.9.11 (/home/lfvmu/kobuki/install/share/ament_cmake_core/cmake)
[0.153s] -- Using PYTHON_EXECUTABLE: /usr/bin/python3
[0.506s] -- Found ament_cmake_test: 0.9.11 (/home/lfvmu/kobuki/install/share/ament_cmake_test/cmake)
[0.637s] -- Configuring done
[0.640s] -- Generating done
[0.648s] -- Build files have been written to: /home/lfvmu/kobuki/build/ament_cmake_cpplint
[0.758s] Invoked command in '/home/lfvmu/kobuki/build/ament_cmake_cpplint' returned '0': AMENT_PREFIX_PATH=/home/lfvmu/kobuki/install CMAKE_PREFIX_PATH=/home/lfvmu/kobuki/install LD_LIBRARY_PATH=/home/lfvmu/kobuki/install/lib PATH=/home/lfvmu/kobuki/install/bin:${PATH} PYTHONPATH=/home/lfvmu/kobuki/install/lib/python3.8/site-packages /usr/bin/cmake /home/lfvmu/kobuki/src/ament_lint/ament_cmake_cpplint -DBUILD_TESTING=OFF -DCMAKE_BUILD_TYPE=RelWithDebInfo -DCMAKE_INSTALL_PREFIX=/home/lfvmu/kobuki/install
[0.763s] Invoking command in '/home/lfvmu/kobuki/build/ament_cmake_cpplint': AMENT_PREFIX_PATH=/home/lfvmu/kobuki/install CMAKE_PREFIX_PATH=/home/lfvmu/kobuki/install LD_LIBRARY_PATH=/home/lfvmu/kobuki/install/lib PATH=/home/lfvmu/kobuki/install/bin:${PATH} PYTHONPATH=/home/lfvmu/kobuki/install/lib/python3.8/site-packages /usr/bin/cmake --build /home/lfvmu/kobuki/build/ament_cmake_cpplint -- -j4 -l4
[0.863s] Invoked command in '/home/lfvmu/kobuki/build/ament_cmake_cpplint' returned '0': AMENT_PREFIX_PATH=/home/lfvmu/kobuki/install CMAKE_PREFIX_PATH=/home/lfvmu/kobuki/install LD_LIBRARY_PATH=/home/lfvmu/kobuki/install/lib PATH=/home/lfvmu/kobuki/install/bin:${PATH} PYTHONPATH=/home/lfvmu/kobuki/install/lib/python3.8/site-packages /usr/bin/cmake --build /home/lfvmu/kobuki/build/ament_cmake_cpplint -- -j4 -l4
[0.918s] Invoking command in '/home/lfvmu/kobuki/build/ament_cmake_cpplint': AMENT_PREFIX_PATH=/home/lfvmu/kobuki/install CMAKE_PREFIX_PATH=/home/lfvmu/kobuki/install LD_LIBRARY_PATH=/home/lfvmu/kobuki/install/lib PATH=/home/lfvmu/kobuki/install/bin:${PATH} PYTHONPATH=/home/lfvmu/kobuki/install/lib/python3.8/site-packages /usr/bin/cmake --install /home/lfvmu/kobuki/build/ament_cmake_cpplint
[0.937s] -- Install configuration: "RelWithDebInfo"
[0.937s] -- Up-to-date: /home/lfvmu/kobuki/install/share/ament_index/resource_index/package_run_dependencies/ament_cmake_cpplint
[0.938s] -- Up-to-date: /home/lfvmu/kobuki/install/share/ament_index/resource_index/parent_prefix_path/ament_cmake_cpplint
[0.938s] -- Up-to-date: /home/lfvmu/kobuki/install/share/ament_cmake_cpplint/environment/ament_prefix_path.sh
[0.938s] -- Installing: /home/lfvmu/kobuki/install/share/ament_cmake_cpplint/environment/ament_prefix_path.dsv
[0.939s] -- Up-to-date: /home/lfvmu/kobuki/install/share/ament_cmake_cpplint/environment/path.sh
[0.939s] -- Installing: /home/lfvmu/kobuki/install/share/ament_cmake_cpplint/environment/path.dsv
[0.940s] -- Up-to-date: /home/lfvmu/kobuki/install/share/ament_cmake_cpplint/local_setup.bash
[0.940s] -- Up-to-date: /home/lfvmu/kobuki/install/share/ament_cmake_cpplint/local_setup.sh
[0.940s] -- Up-to-date: /home/lfvmu/kobuki/install/share/ament_cmake_cpplint/local_setup.zsh
[0.941s] -- Installing: /home/lfvmu/kobuki/install/share/ament_cmake_cpplint/local_setup.dsv
[0.941s] -- Installing: /home/lfvmu/kobuki/install/share/ament_cmake_cpplint/package.dsv
[0.942s] -- Up-to-date: /home/lfvmu/kobuki/install/share/ament_index/resource_index/packages/ament_cmake_cpplint
[0.942s] -- Up-to-date: /home/lfvmu/kobuki/install/share/ament_cmake_cpplint/cmake/ament_cmake_cpplint-extras.cmake
[0.942s] -- Up-to-date: /home/lfvmu/kobuki/install/share/ament_cmake_cpplint/cmake/ament_cmake_cpplintConfig.cmake
[0.943s] -- Up-to-date: /home/lfvmu/kobuki/install/share/ament_cmake_cpplint/cmake/ament_cmake_cpplintConfig-version.cmake
[0.943s] -- Up-to-date: /home/lfvmu/kobuki/install/share/ament_cmake_cpplint/package.xml
[0.943s] -- Up-to-date: /home/lfvmu/kobuki/install/share/ament_cmake_cpplint/cmake
[0.943s] -- Up-to-date: /home/lfvmu/kobuki/install/share/ament_cmake_cpplint/cmake/ament_cpplint.cmake
[0.944s] -- Up-to-date: /home/lfvmu/kobuki/install/share/ament_cmake_cpplint/cmake/ament_cmake_cpplint_lint_hook.cmake
[0.952s] Invoked command in '/home/lfvmu/kobuki/build/ament_cmake_cpplint' returned '0': AMENT_PREFIX_PATH=/home/lfvmu/kobuki/install CMAKE_PREFIX_PATH=/home/lfvmu/kobuki/install LD_LIBRARY_PATH=/home/lfvmu/kobuki/install/lib PATH=/home/lfvmu/kobuki/install/bin:${PATH} PYTHONPATH=/home/lfvmu/kobuki/install/lib/python3.8/site-packages /usr/bin/cmake --install /home/lfvmu/kobuki/build/ament_cmake_cpplint
