[0.425s] Invoking command in '/home/lfvmu/kobuki/build/ecl_core': /usr/bin/cmake /home/lfvmu/kobuki/src/ecl_core/ecl_core -DBUILD_TESTING=OFF -DCMAKE_INSTALL_PREFIX=/home/lfvmu/kobuki/install
[0.446s] Re-run cmake no build system arguments
[0.468s] -- Found ament_cmake_ros: 0.9.2 (/home/lfvmu/kobuki/install/share/ament_cmake_ros/cmake)
[0.521s] -- Using PYTHON_EXECUTABLE: /usr/bin/python3
[1.029s] -- Configuring done
[1.037s] -- Generating done
[1.040s] -- Build files have been written to: /home/lfvmu/kobuki/build/ecl_core
[1.046s] Invoked command in '/home/lfvmu/kobuki/build/ecl_core' returned '0': /usr/bin/cmake /home/lfvmu/kobuki/src/ecl_core/ecl_core -DBUILD_TESTING=OFF -DCMAKE_INSTALL_PREFIX=/home/lfvmu/kobuki/install
[1.053s] Invoking command in '/home/lfvmu/kobuki/build/ecl_core': /usr/bin/cmake --build /home/lfvmu/kobuki/build/ecl_core -- -j4 -l4
[1.096s] /usr/bin/cmake -S/home/lfvmu/kobuki/src/ecl_core/ecl_core -B/home/lfvmu/kobuki/build/ecl_core --check-build-system CMakeFiles/Makefile.cmake 0
[1.122s] /usr/bin/cmake -E cmake_progress_start /home/lfvmu/kobuki/build/ecl_core/CMakeFiles /home/lfvmu/kobuki/build/ecl_core/CMakeFiles/progress.marks
[1.141s] /usr/bin/make -f CMakeFiles/Makefile2 all
[1.144s] make[1]: Entering directory '/home/lfvmu/kobuki/build/ecl_core'
[1.144s] make[1]: Nothing to be done for 'all'.
[1.144s] make[1]: Leaving directory '/home/lfvmu/kobuki/build/ecl_core'
[1.145s] /usr/bin/cmake -E cmake_progress_start /home/lfvmu/kobuki/build/ecl_core/CMakeFiles 0
[1.172s] Invoked command in '/home/lfvmu/kobuki/build/ecl_core' returned '0': /usr/bin/cmake --build /home/lfvmu/kobuki/build/ecl_core -- -j4 -l4
[1.247s] Invoking command in '/home/lfvmu/kobuki/build/ecl_core': /usr/bin/cmake --install /home/lfvmu/kobuki/build/ecl_core
[1.264s] -- Install configuration: "RelWithDebInfo"
[1.264s] -- Up-to-date: /home/lfvmu/kobuki/install/share/ament_index/resource_index/package_run_dependencies/ecl_core
[1.265s] -- Up-to-date: /home/lfvmu/kobuki/install/share/ament_index/resource_index/parent_prefix_path/ecl_core
[1.265s] -- Up-to-date: /home/lfvmu/kobuki/install/share/ecl_core/environment/ament_prefix_path.sh
[1.266s] -- Installing: /home/lfvmu/kobuki/install/share/ecl_core/environment/ament_prefix_path.dsv
[1.266s] -- Up-to-date: /home/lfvmu/kobuki/install/share/ecl_core/environment/path.sh
[1.266s] -- Installing: /home/lfvmu/kobuki/install/share/ecl_core/environment/path.dsv
[1.267s] -- Up-to-date: /home/lfvmu/kobuki/install/share/ecl_core/local_setup.bash
[1.268s] -- Up-to-date: /home/lfvmu/kobuki/install/share/ecl_core/local_setup.sh
[1.269s] -- Up-to-date: /home/lfvmu/kobuki/install/share/ecl_core/local_setup.zsh
[1.270s] -- Installing: /home/lfvmu/kobuki/install/share/ecl_core/local_setup.dsv
[1.270s] -- Installing: /home/lfvmu/kobuki/install/share/ecl_core/package.dsv
[1.271s] -- Up-to-date: /home/lfvmu/kobuki/install/share/ament_index/resource_index/packages/ecl_core
[1.271s] -- Up-to-date: /home/lfvmu/kobuki/install/share/ecl_core/cmake/ecl_coreConfig.cmake
[1.271s] -- Up-to-date: /home/lfvmu/kobuki/install/share/ecl_core/cmake/ecl_coreConfig-version.cmake
[1.272s] -- Up-to-date: /home/lfvmu/kobuki/install/share/ecl_core/package.xml
[1.279s] Invoked command in '/home/lfvmu/kobuki/build/ecl_core' returned '0': /usr/bin/cmake --install /home/lfvmu/kobuki/build/ecl_core
